    * * * * * * * * * * * * * * * * * * * * *
    *       __    ____    ______            *
    *      /  \  |  _ \  |  ___/  luster !  *
     *    / _  \ | |_| | | |               *
     *   / /_\ | |  _ <  | |     < @  @ >  * 
     *  / ___  | | |_| | | |___ _ _  o     * 
    *  /_/   |_| |____/  |_____ _ __ __  _  *
    *                                       *
    * * * * * * * * * * * * * * * * * * * * *

ABCluster 1.5.1
Specific flag:  official version
Platform:       LINUX/UNIX
Compiled by:    junzhang@gellmann.scs.illinois.edu
Compiling date: Dec 18 2017 20:33:35
C++ compiler:   g++
C++ options:    -O3 -Os -fno-exceptions --std=c++0x -fopenmp 

Contributors:
Jun Zhang(University of Cologne): Design and coding.

For any suggestions, comments, and questions on the theory and
implementation of ABCluster, please feel free to contact:

Dr. Jun Zhang, ZhangJunQcc@gmail.com

If you used this program in your work, please cite this reference:

[1] Zhang, J.; Dolg, M.; ABCluster: The Artificial Bee Colony Algorithm for
    Cluster Global Optimization. Phys. Chem. Chem. Phys. 2015, 17, 24173-24181.
[2] Zhang, J.; Dolg, M.; Global Optimization of Clusters of Rigid Molecules by the
    Artificial Bee Colony Algorithm. Phys. Chem. Chem. Phys. 2016, 18, 3003-3010.

Program starts at Fri Sep 14 15:11:00 2018.
Command line: " /ihome/jkeith/yab16/ABC/ABCluster-Linux/lib/rigidmol-optimizer k_2_waters.inp "
Process ID:   233511
Run by:       yab16@smp-n42.crc.pitt.edu
Available CPU cores:    24
Read "OMP_NUM_THREADS": Unset

Random number testing (integers): 1784550586...1285226862
Random number testing (fractals): 0.17492377...0.70150383

 -- Input/Output Parameters --
Input file name:      k_2_waters.inp
Cluster file name:    input.cluster
Result file name:     k_2_waters.(cluster/xyz/gjf)
Temporary file name:  abclusteryab16smp-n42.crc.pitt.edu233511-OPT
# of saved LMs:       100
LMs are stored in:    k_2_waters-LM

 -- ABC Control Parameters --
Population size:                  500
Maximal generation:              1000
Scout limit:                       15
Amplitude:                 5.00000000

 -- Cluster Components: from [ input.cluster ] --
 -----------------------------------------------------------
   Source                                       #   Charge
 -----------------------------------------------------------
   /ihome/jkeith/yab16/ABC/ABCluster-Linux-0/rigidmolecularcluster/charmm36/tip4p.xyz     2    0.000
   /ihome/jkeith/yab16/ABC/ABCluster-Linux-0/rigidmolecularcluster/charmm36/k.xyz     1    1.000
 -----------------------------------------------------------
   Dimension: 0, an isolate cluster.
 -----------------------------------------------------------

Artificial Bee Colony Optimization Starts!
----------------------------------------------------------------------------------
 * Population: 500; Maximal cycles: 1000
 * EM = Employed Bee; Trigonometric mutation
 * OL = Onlooker Bee; ABC/best/2(0.5)+ABC/current/2(0.5);
        Tournament selection from 5 nectars.
 * SC = Scout Bee; Random nectar; Limit = 15
----------------------------------------------------------------------------------
    #       Diversity            maxE            minE    byEM    byOL    bySC
----------------------------------------------------------------------------------
    1      3.59024809   -122.29837470   -139.49144393     128       0       0
    2      0.76812815   -122.29837470   -139.49144393      23       0       0
    3      0.00000000   -139.49144393   -139.49144393       1       0       0
    4      0.00000000   -139.49144393   -139.49144393       0       0       0
    5      0.00000000   -139.49144393   -139.49144393       0       0       0
    6      0.00000000   -139.49144393   -139.49144393       0       0       0
    7      0.00000000   -139.49144393   -139.49144393       0       0       0
    8      0.00000000   -139.49144393   -139.49144393       0       0       0
    9      0.00000000   -139.49144393   -139.49144393       0       0       0
   10      0.00000000   -139.49144393   -139.49144393       0       0       0
   11      0.00000000   -139.49144393   -139.49144393       0       0       0
   12      0.00000000   -139.49144393   -139.49144393       0       0       0
   13      0.00000000   -139.49144393   -139.49144393       0       0       0
   14      0.00000000   -139.49144393   -139.49144393       0       0       0
   15      0.00000000   -139.49144393   -139.49144393       0       0       0
   16      0.00000000   -139.49144393   -139.49144393       0       0       0
   17     11.41328863    -53.38246152   -139.49144393       0       0     354
   18      6.90519699    -57.75605619   -139.49144393     102       0     140
   19      2.06612683   -113.38489070   -139.49144393      52       0       6
   20      0.00000001   -139.49144393   -139.49144393       6       0       0
   21      0.00000001   -139.49144393   -139.49144393       0       0       0
   22      0.00000001   -139.49144393   -139.49144393       0       0       0
   23      0.00000001   -139.49144393   -139.49144393       0       0       0
   24      0.00000001   -139.49144393   -139.49144393       0       0       0
   25      0.00000001   -139.49144393   -139.49144393       0       0       0
   26      0.00000001   -139.49144393   -139.49144393       0       0       0
   27      0.00000001   -139.49144393   -139.49144393       0       0       0
   28      0.00000001   -139.49144393   -139.49144393       0       0       0
   29      0.00000001   -139.49144393   -139.49144393       0       0       0
   30      0.00000001   -139.49144393   -139.49144393       0       0       0
   31      0.00000001   -139.49144393   -139.49144393       0       0       0
   32      0.00000001   -139.49144393   -139.49144393       0       0       0
   33      9.87624657    -41.16043812   -139.49144393       0       0     246
   34      7.57395549    -49.76657656   -139.49144393      84       0     197
   35      3.16705420   -116.27618586   -139.49144393      57       0      56
   36      0.56378678   -126.87216262   -139.49144393      17       0       1
   37      0.00000000   -139.49144393   -139.49144393       1       0       0
   38      0.00000000   -139.49144393   -139.49144393       0       0       0
   39      0.00000000   -139.49144393   -139.49144393       0       0       0
   40      0.00000000   -139.49144393   -139.49144393       0       0       0
   41      0.00000000   -139.49144393   -139.49144393       0       0       0
   42      0.00000000   -139.49144393   -139.49144393       0       0       0
   43      0.00000000   -139.49144393   -139.49144393       0       0       0
   44      0.00000000   -139.49144393   -139.49144393       0       0       0
   45      0.00000000   -139.49144393   -139.49144393       0       0       0
   46      0.00000000   -139.49144393   -139.49144393       0       0       0
   47      0.00000000   -139.49144393   -139.49144393       0       0       0
   48      0.00000000   -139.49144393   -139.49144393       0       0       0
   49      7.07116542    -62.34195317   -139.49144393       0       0     158
   50      6.78618139    -75.87520058   -139.49144393      58       0     225
   51      4.86495201    -98.61058022   -139.49144393      62       0     105
   52      1.81468414   -122.29837470   -139.49144392      38       0      12
   53      0.00000000   -139.49144393   -139.49144392       6       0       0
   54      0.00000000   -139.49144393   -139.49144392       0       0       0
   55      0.00000000   -139.49144393   -139.49144392       0       0       0
   56      0.00000000   -139.49144393   -139.49144392       0       0       0
   57      0.00000000   -139.49144393   -139.49144392       0       0       0
   58      0.00000000   -139.49144393   -139.49144392       0       0       0
   59      0.00000000   -139.49144393   -139.49144392       0       0       0
   60      0.00000000   -139.49144393   -139.49144392       0       0       0
   61      0.00000000   -139.49144393   -139.49144392       0       0       0
   62      0.00000000   -139.49144393   -139.49144392       0       0       0
   63      0.00000000   -139.49144393   -139.49144392       0       0       0
   64      0.00000000   -139.49144393   -139.49144392       0       0       0
   65      4.40451852    -99.30173961   -139.49144393       0       0      99
   66      7.35621331    -63.35335888   -139.49144393      27       0     217
   67      7.16856689    -68.28908693   -139.49144393      66       0     139
   68      2.93291790   -122.29837470   -139.49144393      50       0      40
   69      1.08520822   -122.29837470   -139.49144393      15       0       5
   70      0.00000001   -139.49144393   -139.49144393       2       0       0
   71      0.00000001   -139.49144393   -139.49144393       0       0       0
   72      0.00000001   -139.49144393   -139.49144393       0       0       0
   73      0.00000001   -139.49144393   -139.49144393       0       0       0
   74      0.00000001   -139.49144393   -139.49144393       0       0       0
   75      0.00000001   -139.49144393   -139.49144393       0       0       0
   76      0.00000001   -139.49144393   -139.49144393       0       0       0
   77      0.00000001   -139.49144393   -139.49144393       0       0       0
   78      0.00000001   -139.49144393   -139.49144393       0       0       0
   79      0.00000001   -139.49144393   -139.49144393       0       0       0
   80      0.00000001   -139.49144393   -139.49144393       0       0       0
   81      6.01323756    -52.78550082   -139.49144393       0       0      71
   82     12.08687527      7.11047086   -139.49144392      22       0     179
   83      7.44418566    -35.55346911   -139.49144393      51       0     154
   84      3.67529755   -122.29837470   -139.49144393      52       0      78
   85      2.70033046    -92.02534836   -139.49144392      24       0      16
   86      0.76812815   -122.29837470   -139.49144393       6       0       2
   87      0.00000003   -139.49144392   -139.49144393       1       0       0
   88      0.00000003   -139.49144392   -139.49144393       0       0       0
   89      0.00000003   -139.49144392   -139.49144393       0       0       0
   90      0.00000003   -139.49144392   -139.49144393       0       0       0
   91      0.00000003   -139.49144392   -139.49144393       0       0       0
   92      0.00000003   -139.49144392   -139.49144393       0       0       0
   93      0.00000003   -139.49144392   -139.49144393       0       0       0
   94      0.00000003   -139.49144392   -139.49144393       0       0       0
   95      0.00000003   -139.49144392   -139.49144393       0       0       0
   96      0.00000003   -139.49144392   -139.49144393       0       0       0
   97      6.04571301    -41.06996395   -139.49144392       0       0      46
   98      5.97517203    -73.26159753   -139.49144393      13       0     152
   99      5.20339279   -100.94106799   -139.49144393      44       0     155
  100      6.72077934    -61.42535441   -139.49144393      36       0     108
  101      2.78893892   -107.61435075   -139.49144393      40       0      31
  102      1.08520822   -122.29837470   -139.49144393      11       0       7
  103      0.00000000   -139.49144392   -139.49144393       2       0       1
  104      0.00000000   -139.49144392   -139.49144393       0       0       0
  105      0.00000000   -139.49144392   -139.49144393       0       0       0
  106      0.00000000   -139.49144392   -139.49144393       0       0       0
  107      0.00000000   -139.49144392   -139.49144393       0       0       0
  108      0.00000000   -139.49144392   -139.49144393       0       0       0
  109      0.00000000   -139.49144392   -139.49144393       0       0       0
  110      0.00000000   -139.49144392   -139.49144393       0       0       0
  111      0.00000000   -139.49144392   -139.49144393       0       0       0
  112      0.00000000   -139.49144392   -139.49144393       0       0       0
  113      2.52193669   -122.29837470   -139.49144393       0       0      32
  114      7.12545433    -32.63817289   -139.49144393      10       0     122
  115      6.91229677    -51.96535871   -139.49144393      40       0     162
  116      5.57171035    -70.15682045   -139.49144393      46       0     103
  117      3.02598018   -122.29837470   -139.49144393      28       0      66
  118      2.16788053   -109.51260195   -139.49144393      15       0      12
  119      0.76812815   -122.29837470   -139.49144393       6       0       3
  120      0.00000001   -139.49144393   -139.49144393       1       0       0
  121      0.00000001   -139.49144393   -139.49144393       0       0       0
  122      0.00000001   -139.49144393   -139.49144393       0       0       0
  123      0.00000001   -139.49144393   -139.49144393       0       0       0
  124      0.00000001   -139.49144393   -139.49144393       0       0       0
  125      0.00000001   -139.49144393   -139.49144393       0       0       0
  126      0.00000001   -139.49144393   -139.49144393       0       0       0
  127      0.00000001   -139.49144393   -139.49144393       0       0       0
  128      0.00000001   -139.49144393   -139.49144393       0       0       0
  129      5.09162085    -33.30130649   -139.49144393       0       0      21
  130      6.86025012    -18.53069571   -139.49144393       7       0      92
  131      7.45474625    -52.75992106   -139.49144393      27       0     156
  132      5.16138313    -99.21840620   -139.49144393      45       0     124
  133      6.37201244    -47.56220322   -139.49144393      40       0      77
  134      2.42119351   -104.34078085   -139.49144393      24       0      22
  135      4.18053110    -47.64165682   -139.49144393       7       0       7
  136      0.00000001   -139.49144393   -139.49144393       3       0       1
  137      0.00000001   -139.49144393   -139.49144393       0       0       0
  138      0.00000001   -139.49144393   -139.49144393       0       0       0
  139      0.00000001   -139.49144393   -139.49144393       0       0       0
  140      0.00000001   -139.49144393   -139.49144393       0       0       0
  141      0.00000001   -139.49144393   -139.49144393       0       0       0
  142      0.00000001   -139.49144393   -139.49144393       0       0       0
  143      0.00000001   -139.49144393   -139.49144393       0       0       0
  144      0.00000001   -139.49144393   -139.49144393       0       0       0
  145      1.08520822   -122.29837470   -139.49144393       0       0      14
  146      4.59874338    -98.31411987   -139.49144393       2       0      70
  147      5.77559609    -94.69090374   -139.49144393      24       0     141
  148      6.57327393    -79.61204378   -139.49144393      52       0     129
  149      5.79922395    -59.34474663   -139.49144393      39       0      91
  150      7.61252507    -37.78213258   -139.49144393      27       0      41
  151      3.89582639    -55.67335003   -139.49144393      19       0      10
  152      1.08520822   -122.29837470   -139.49144393       3       0       4
  153      0.00000000   -139.49144393   -139.49144393       2       0       0
  154      0.00000000   -139.49144393   -139.49144393       0       0       0
  155      0.00000000   -139.49144393   -139.49144393       0       0       0
  156      0.00000000   -139.49144393   -139.49144393       0       0       0
  157      0.00000000   -139.49144393   -139.49144393       0       0       0
  158      0.00000000   -139.49144393   -139.49144393       0       0       0
  159      0.00000000   -139.49144393   -139.49144393       0       0       0
  160      0.00000000   -139.49144393   -139.49144393       0       0       0
  161      1.53163133   -122.29837470   -139.49144393       0       0      12
  162      3.56250042   -100.30985157   -139.49144393       4       0      43
  163      7.16623356    -41.81229652   -139.49144393      17       0     120
  164      7.71844996    -40.64314547   -139.49144393      35       0     140
  165      6.72406579    -55.49411986   -139.49144393      41       0     105
  166      3.22323798   -110.59399131   -139.49144393      40       0      47
  167      2.15730203   -122.29837470   -139.49144393      16       0      27
  168      1.32776810   -122.29837470   -139.49144393       8       0       4
  169      0.76812815   -122.29837470   -139.49144393       3       0       2
  170      0.00000002   -139.49144393   -139.49144393       1       0       0
  171      0.00000002   -139.49144393   -139.49144393       0       0       0
  172      0.00000002   -139.49144393   -139.49144393       0       0       0
  173      0.00000002   -139.49144393   -139.49144393       0       0       0
  174      0.00000002   -139.49144393   -139.49144393       0       0       0
  175      0.00000002   -139.49144393   -139.49144393       0       0       0
  176      0.00000002   -139.49144393   -139.49144393       0       0       0
  177      3.36089348    -80.63371188   -139.49144392       0       0       8
  178      2.18148186   -120.81314877   -139.49144393       2       0      29
  179      7.60529776    -44.71109763   -139.49144393       7       0     103
  180      5.24089755    -96.16367247   -139.49144391      30       0     132
  181      6.43995991    -57.16601428   -139.49144393      43       0     110
  182      6.89776873    -43.93352535   -139.49144393      32       0      69
  183      3.48646761    -88.96316818   -139.49144393      24       0      36
  184      1.32776810   -122.29837470   -139.49144393      12       0       8
  185      2.49289850    -86.37311176   -139.49144393       3       0       4
  186      0.00000000   -139.49144393   -139.49144393       2       0       1
  187      0.00000000   -139.49144393   -139.49144393       0       0       0
  188      0.00000000   -139.49144393   -139.49144393       0       0       0
  189      0.00000000   -139.49144393   -139.49144393       0       0       0
  190      0.00000000   -139.49144393   -139.49144393       0       0       0
  191      0.00000000   -139.49144393   -139.49144393       0       0       0
  192      0.00000000   -139.49144393   -139.49144393       0       0       0
  193      0.76812815   -122.29837470   -139.49144393       0       0       6
  194      3.91439724    -55.24063335   -139.49144393       1       0      23
  195      5.26614691    -38.90575453   -139.49144393       3       0      80
  196      4.34869321    -96.27346405   -139.49144393      15       0     119
  197      7.18166689    -48.98898241   -139.49144392      26       0     123
  198      4.02038013   -100.11265697   -139.49144392      42       0      77
  199      3.04760955   -104.66265040   -139.49144393      24       0      48
  200      2.15730203   -122.29837470   -139.49144392      12       0      16
  201      1.08520822   -122.29837470   -139.49144393       7       0       5
  202      1.08520822   -122.29837470   -139.49144393       2       0       3
  203      0.00000000   -139.49144393   -139.49144393       2       0       0
  204      0.00000000   -139.49144393   -139.49144393       0       0       0
  205      0.00000000   -139.49144393   -139.49144393       0       0       0
  206      0.00000000   -139.49144393   -139.49144393       0       0       0
  207      0.00000000   -139.49144393   -139.49144393       0       0       0
  208      0.00000000   -139.49144393   -139.49144393       0       0       0
  209      0.76812815   -122.29837470   -139.49144393       0       0       5
  210      2.02002101   -122.29837470   -139.49144393       1       0      21
  211      3.60155405   -105.56838795   -139.49144393       7       0      68
  212      8.21431082    -53.47671783   -139.49144393      17       0     105
  213      6.82337819    -64.34935677   -139.49144393      36       0     112
  214      4.38016045   -103.49279213   -139.49144392      31       0      93
  215      5.42718391    -53.54440081   -139.49144393      29       0      60
  216      2.01951691   -122.29837470   -139.49144393      22       0      21
  217      1.71068879   -122.29837470   -139.49144393       7       0      11
  218      0.00000000   -139.49144391   -139.49144393       5       0       2
  219      0.00000000   -139.49144391   -139.49144393       0       0       2
  220      0.00000000   -139.49144391   -139.49144393       0       0       0
  221      0.00000000   -139.49144391   -139.49144393       0       0       0
  222      0.00000000   -139.49144391   -139.49144393       0       0       0
  223      0.00000000   -139.49144391   -139.49144393       0       0       0
  224      0.00000000   -139.49144391   -139.49144393       0       0       0
  225      1.08520822   -122.29837470   -139.49144393       0       0       4
  226      1.08520822   -122.29837470   -139.49144393       2       0      15
  227      3.68794669    -94.74295746   -139.49144393       2       0      57
  228      4.79619789    -79.70229581   -139.49144393      17       0      82
  229      6.63836408    -72.17625795   -139.49144393      15       0     124
  230      4.92651812    -90.93853281   -139.49144393      40       0      93
  231      6.62967765    -47.55216707   -139.49144393      32       0      70
  232      2.67915501   -111.97163218   -139.49144393      21       0      34
  233      1.08520822   -122.29837470   -139.49144392      11       0      12
  234      1.71068879   -122.29837470   -139.49144393       1       0       7
  235      0.00000001   -139.49144393   -139.49144392       5       0       2
  236      0.00000001   -139.49144393   -139.49144392       0       0       0
  237      0.00000001   -139.49144393   -139.49144392       0       0       0
  238      0.00000001   -139.49144393   -139.49144392       0       0       0
  239      0.00000001   -139.49144393   -139.49144392       0       0       0
  240      0.00000001   -139.49144393   -139.49144392       0       0       0
  241      0.00000001   -139.49144393   -139.49144392       0       0       2
  242      2.74755449    -85.54708938   -139.49144393       0       0      15
  243      5.08165536    -51.19273800   -139.49144393       3       0      41
  244      5.97162106    -50.98271299   -139.49144393      16       0      84
  245      5.56513289    -97.01250337   -139.49144392      22       0      98
  246      6.30697833    -58.40422925   -139.49144392      28       0     105
  247      5.29063577    -62.74664261   -139.49144393      27       0      79
  248      3.28725009   -122.29837470   -139.49144393      24       0      46
  249      3.16617242    -84.67832711   -139.49144393      18       0      19
  250      1.16566533   -122.29837470   -139.49144391       8       0       5
  251      0.76812815   -122.29837470   -139.49144391       3       0       6
  252      0.00000001   -139.49144393   -139.49144392       1       0       0
  253      0.00000001   -139.49144393   -139.49144392       0       0       0
  254      0.00000001   -139.49144393   -139.49144392       0       0       0
  255      0.00000001   -139.49144393   -139.49144392       0       0       0
  256      0.00000001   -139.49144393   -139.49144392       0       0       0
  257      0.76812815   -122.29837470   -139.49144391       0       0       2
  258      1.71068879   -122.29837470   -139.49144392       1       0      11
  259      3.52274623    -82.68093322   -139.49144393       5       0      28
  260      5.12999942    -88.17784688   -139.49144393       8       0      80
  261      4.54763175    -80.94702215   -139.49144393      27       0      92
  262      6.41746808    -53.32066600   -139.49144393      23       0     104
  263      6.41244582    -21.10279021   -139.49144393      28       0      82
  264      4.27790570    -96.60716545   -139.49144393      17       0      54
  265      2.73602187   -122.29837470   -139.49144393      18       0      29
  266      1.08520822   -122.29837470   -139.49144392      12       0       9
  267      0.74694939   -122.77242052   -139.49144393       2       0       8
  268      0.00000005   -139.49144392   -139.49144392       1       0       1
  269      0.00000005   -139.49144392   -139.49144392       0       0       0
  270      0.00000005   -139.49144392   -139.49144392       0       0       0
  271      0.00000005   -139.49144392   -139.49144392       0       0       0
  272      0.00000005   -139.49144392   -139.49144392       0       0       0
  273      0.00000005   -139.49144392   -139.49144392       0       0       1
  274      4.58095378    -39.80535551   -139.49144393       0       0       7
  275      2.17902157   -120.95949031   -139.49144392       3       0      25
  276      3.26197151   -122.29837470   -139.49144393       8       0      61
  277      4.57755696    -87.49322166   -139.49144393      19       0      93
  278      7.94390328    -57.87313483   -139.49144393      24       0     103
  279      4.59124759    -90.12367309   -139.49144393      31       0      92
  280      5.62839037    -61.36558604   -139.49144393      31       0      53
  281      5.41948002    -58.62820012   -139.49144393      26       0      36
  282      2.02002101   -122.29837470   -139.49144393      17       0      19
  283      0.76812815   -122.29837470   -139.49144393       6       0       8
  284      0.76812815   -122.29837470   -139.49144393       1       0       2
  285      0.00000002   -139.49144393   -139.49144393       1       0       0
  286      0.00000002   -139.49144393   -139.49144393       0       0       0
  287      0.00000002   -139.49144393   -139.49144393       0       0       0
  288      0.00000002   -139.49144393   -139.49144393       0       0       0
  289      0.00000002   -139.49144393   -139.49144393       0       0       1
  290      0.76812815   -122.29837470   -139.49144393       0       0       4
  291      2.86807331    -87.03336386   -139.49144393       1       0      20
  292      4.27178119    -76.91765888   -139.49144393       6       0      50
  293      4.95639214    -84.20773053   -139.49144392      17       0      86
  294      4.87171661   -101.85799820   -139.49144393      22       0      98
  295      6.18849414    -71.57653903   -139.49144393      31       0      93
  296      3.36088355   -122.29837470   -139.49144393      41       0      57
  297      2.40702969   -122.29837470   -139.49144393      20       0      44
  298      3.84040978    -72.82852269   -139.49144393       9       0      32
  299      4.17544906    -56.49445611   -139.49144393      11       0      13
  300      0.00000013   -139.49144392   -139.49144393       7       0       1
  301      0.00000013   -139.49144392   -139.49144393       0       0       1
  302      0.00000013   -139.49144392   -139.49144393       0       0       0
  303      0.00000013   -139.49144392   -139.49144393       0       0       0
  304      0.00000013   -139.49144392   -139.49144393       0       0       0
  305      0.00000013   -139.49144392   -139.49144393       0       0       1
  306      0.76812815   -122.29837470   -139.49144393       0       0       3
  307      1.32776810   -122.29837470   -139.49144393       1       0      15
  308      4.06273373    -79.85585898   -139.49144393       3       0      39
  309      3.11588509   -122.29837470   -139.49144393      14       0      79
  310      7.29867769    -50.07768006   -139.49144393      16       0      87
  311      7.12446808    -40.32370380   -139.49144393      36       0      88
  312      5.01338712    -72.06197840   -139.49144393      28       0      81
  313      2.93291790   -122.29837470   -139.49144393      24       0      50
  314      1.98432850   -122.29837470   -139.49144393      15       0      32
  315      1.53163133   -122.29837470   -139.49144393       7       0      17
  316      1.53163133   -122.29837470   -139.49144393       4       0       7
  317      0.00000006   -139.49144393   -139.49144393       4       0       1
  318      0.00000006   -139.49144393   -139.49144393       0       0       0
  319      0.00000006   -139.49144393   -139.49144393       0       0       0
  320      0.00000006   -139.49144393   -139.49144393       0       0       0
  321      3.89657535    -52.27410935   -139.49144393       0       0       1
  322      0.76812815   -122.29837470   -139.49144393       1       0       2
  323      1.32776810   -122.29837470   -139.49144393       1       0      13
  324      4.14457337    -86.03148090   -139.49144393       2       0      28
  325      6.91527109    -50.94250990   -139.49144392      13       0      76
  326      3.02513504   -120.40146201   -139.49144393      22       0      69
  327      4.26311701   -120.40146201   -139.49144392      14       0      94
  328      5.27859061    -90.48198152   -139.49144393      31       0      84
  329      4.01798754    -99.53005744   -139.49144391      29       0      64
  330      2.61786091   -106.02090213   -139.49144393      23       0      37
  331      1.71068879   -122.29837470   -139.49144393       9       0      20
  332      1.08520822   -122.29837470   -139.49144393       5       0       7
  333      0.00000003   -139.49144393   -139.49144393       2       0       5
  334      0.00000003   -139.49144393   -139.49144393       0       0       0
  335      0.00000003   -139.49144393   -139.49144393       0       0       0
  336      0.00000003   -139.49144393   -139.49144393       0       0       0
  337      0.00000003   -139.49144393   -139.49144393       0       0       0
  338      0.00000003   -139.49144393   -139.49144393       0       0       2
  339      1.71068879   -122.29837470   -139.49144393       0       0      11
  340      1.76755341   -119.60586022   -139.49144393       5       0      18
  341      4.89540299    -84.55229980   -139.49144393       5       0      65
  342      5.00855068    -75.34982620   -139.49144393      26       0      80
  343      4.15744993   -101.77047726   -139.49144393      24       0      76
  344      6.78722370    -65.78710063   -139.49144393      23       0      86
  345      4.49908382    -86.25337690   -139.49144393      31       0      72
  346      4.38484061    -98.16755879   -139.49144393      21       0      49
  347      2.02002101   -122.29837470   -139.49144393      19       0      24
  348      1.23585017   -122.29837470   -139.49144391       7       0      10
  349      0.00000001   -139.49144393   -139.49144393       3       0       7
  350      0.00000001   -139.49144393   -139.49144393       0       0       0
  351      0.00000001   -139.49144393   -139.49144393       0       0       0
  352      0.00000001   -139.49144393   -139.49144393       0       0       0
  353      0.00000001   -139.49144393   -139.49144393       0       0       0
  354      1.08520822   -122.29837470   -139.49144393       0       0       2
  355      1.40362273   -108.07405253   -139.49144393       2       0       6
  356      5.85947226    -17.27505367   -139.49144393       1       0      18
  357      3.55586030   -100.29199835   -139.49144393       9       0      43
  358      5.88192332    -52.98677066   -139.49144393      16       0      84
  359      3.75695093   -109.02202411   -139.49144393      23       0      75
  360      4.32714631    -87.86239053   -139.49144393      20       0      80
  361      5.81231848    -48.28643704   -139.49144393      20       0      80
  362      4.14646235    -83.31850520   -139.49144393      25       0      52
  363      2.15730203   -122.29837470   -139.49144393      18       0      37
  364      1.20678540   -122.29837470   -139.49144393       7       0      13
  365      3.73372206    -57.67246480   -139.49144393       4       0      10
  366      0.00000001   -139.49144393   -139.49144391       2       0       0
  367      0.00000001   -139.49144393   -139.49144391       0       0       0
  368      0.00000001   -139.49144393   -139.49144391       0       0       0
  369      0.00000001   -139.49144393   -139.49144391       0       0       0
  370      0.00000001   -139.49144393   -139.49144391       0       0       0
  371      1.08520822   -122.29837470   -139.49144391       0       0       7
  372      1.32776810   -122.29837470   -139.49144393       2       0      10
  373      2.35140943   -118.27445584   -139.49144393       3       0      36
  374      5.22224289    -80.45004553   -139.49144393       9       0      76
  375      5.80476264    -62.93558784   -139.49144393      25       0      80
  376      4.38944683   -103.02071947   -139.49144393      26       0      77
  377      4.17095512   -107.75590074   -139.49144393      23       0      78
  378      4.60737918    -79.46779609   -139.49144393      23       0      59
  379      2.83638748   -122.29837470   -139.49144393      23       0      46
  380      1.87207182   -122.29837470   -139.49144392      14       0      18
  381      0.76812815   -122.29837470   -139.49144393       6       0      11
  382      0.76812815   -122.29837470   -139.49144393       1       0       2
  383      0.76812815   -122.29837470   -139.49144393       0       0       0
  384      0.00000001   -139.49144393   -139.49144393       1       0       0
  385      0.00000001   -139.49144393   -139.49144393       0       0       0
  386      0.00000001   -139.49144393   -139.49144393       0       0       0
  387      1.32776810   -122.29837470   -139.49144392       0       0       5
  388      2.21093308    -93.05213881   -139.49144393       3       0       9
  389      2.47399844   -112.10669552   -139.49144393       2       0      30
  390      2.59441201   -117.47551517   -139.49144393       9       0      60
  391      5.97582089    -62.24566948   -139.49144391      10       0      74
  392      7.70620654    -33.12443944   -139.49144393      23       0      86
  393      4.27614862    -85.67568857   -139.49144393      22       0      76
  394      3.33279210   -122.29837470   -139.49144393      14       0      65
  395      6.28359845    -55.58915043   -139.49144392      16       0      50
  396      3.34102483    -93.28750406   -139.49144393      19       0      26
  397      2.73517852    -91.54923837   -139.49144392       7       0      16
  398      0.00000001   -139.49144393   -139.49144393       6       0       2
  399      0.00000001   -139.49144393   -139.49144393       0       0       1
  400      0.00000001   -139.49144393   -139.49144393       0       0       0
  401      0.00000001   -139.49144393   -139.49144393       0       0       0
  402      0.00000001   -139.49144393   -139.49144393       0       0       0
  403      0.76812815   -122.29837470   -139.49144393       0       0       2
  404      1.74217336   -120.77012576   -139.49144393       1       0      10
  405      1.87207182   -122.29837470   -139.49144393       3       0      23
  406      5.70841636    -58.19832727   -139.49144393       6       0      58
  407      6.82814019    -56.34342009   -139.49144393      21       0      61
  408      5.72154374    -69.31358082   -139.49144392      20       0      90
  409     22.00827392    337.66369663   -139.49144392      30       0      81
  410      5.09342588    -55.90634592   -139.49144393      27       0      61
  411      6.00743674    -40.02975093   -139.49144393      21       0      53
  412      2.61721707   -119.47669779   -139.49144392      26       0      35
  413      2.29126023    -99.33126953   -139.49144393      12       0      18
  414      0.00000001   -139.49144393   -139.49144393       4       0       7
  415      0.00000001   -139.49144393   -139.49144393       0       0       1
  416      0.00000001   -139.49144393   -139.49144393       0       0       0
  417      0.00000001   -139.49144393   -139.49144393       0       0       0
  418      0.00000001   -139.49144393   -139.49144393       0       0       0
  419      0.00000001   -139.49144393   -139.49144393       0       0       1
  420      1.08520822   -122.29837470   -139.49144393       0       0       6
  421      2.73602187   -122.29837470   -139.49144393       1       0      23
  422      5.21539205    -53.94430635   -139.49144393      13       0      42
  423      3.20289852   -122.29837470   -139.49144393      12       0      62
  424      4.81956970    -73.53376491   -139.49144392      18       0      79
  425      3.67529755   -122.29837470   -139.49144393      26       0      85
  426      5.38306185    -55.96268520   -139.49144393      24       0      67
  427      5.92902623    -50.14394098   -139.49144393      20       0      49
  428      6.10522022    -46.10692739   -139.49144393      11       0      49
  429      2.40702969   -122.29837470   -139.49144393      11       0      25
  430      1.42578959   -122.29837470   -139.49144392       9       0      11
  431      0.76812815   -122.29837470   -139.49144393       3       0       1
  432      0.00000001   -139.49144393   -139.49144393       1       0       0
  433      0.00000001   -139.49144393   -139.49144393       0       0       0
  434      0.00000001   -139.49144393   -139.49144393       0       0       0
  435      0.76812815   -122.29837470   -139.49144393       0       0       1
  436      1.08520822   -122.29837470   -139.49144393       0       0       4
  437      0.00000001   -139.49144393   -139.49144393       2       0      13
  438      2.93291790   -122.29837470   -139.49144392       0       0      41
  439      7.07579166    -21.74498859   -139.49144393      14       0      58
  440      3.20562084   -122.03727502   -139.49144393      20       0      68
  441      5.64556360    -67.74701165   -139.49144393      18       0      91
  442      6.61158513    -55.75936941   -139.49144393      22       0      69
  443      4.93441735    -61.36989256   -139.49144393      30       0      58
  444      2.52193669   -122.29837470   -139.49144393      19       0      47
  445      3.60998461    -84.13867009   -139.49144393      11       0      30
  446      2.15730203   -122.29837470   -139.49144393       9       0      16
  447      0.54567891   -127.27747239   -139.49144393       8       0       4
  448      0.00000009   -139.49144393   -139.49144393       1       0       0
  449      0.00000009   -139.49144393   -139.49144393       0       0       0
  450      0.00000009   -139.49144393   -139.49144393       0       0       0
  451      0.00000009   -139.49144393   -139.49144393       0       0       0
  452      3.71713962    -58.05178103   -139.49144393       0       0       4
  453      2.94671951    -75.78063500   -139.49144393       2       0      14
  454      2.02002101   -122.29837470   -139.49144393       2       0      26
  455      4.50488633    -76.64226013   -139.49144393       7       0      54
  456      5.01066537    -54.76655687   -139.49144393      19       0      69
  457      5.45025888    -66.83995868   -139.49144393      19       0      85
  458      3.36313642   -122.29837470   -139.49144393      25       0      65
  459      5.12450477    -68.14426505   -139.49144393      20       0      65
  460      5.60516763    -36.33911353   -139.49144393      20       0      59
  461      2.96007866    -77.78002640   -139.49144393      20       0      28
  462      1.93617973   -119.02085401   -139.49144393       3       0      21
  463      2.88339542    -84.67239905   -139.49144393       5       0       9
  464      0.76812815   -122.29837470   -139.49144393       5       0       1
  465      0.00000002   -139.49144393   -139.49144393       1       0       0
  466      0.00000002   -139.49144393   -139.49144393       0       0       0
  467      0.00000002   -139.49144393   -139.49144393       0       0       0
  468      0.00000002   -139.49144393   -139.49144393       0       0       2
  469      2.02002101   -122.29837470   -139.49144393       0       0      14
  470      2.28583779   -122.29837470   -139.49144393       7       0      21
  471      2.28583779   -122.29837470   -139.49144393       9       0      42
  472      4.02960138    -86.41465652   -139.49144393       9       0      68
  473      5.58352183    -74.84917947   -139.49144393      20       0      78
  474      5.20569390    -51.50358201   -139.49144393      24       0      74
  475      5.26283742    -42.14124388   -139.49144393      23       0      62
  476      5.60151937    -55.77148271   -139.49144393      17       0      62
  477      3.45074083    -91.19602584   -139.49144393      23       0      43
  478      1.44446797   -122.29837470   -139.49144392      13       0      18
  479      3.54350389    -65.85202228   -139.49144393       4       0      11
  480      0.76812815   -122.29837470   -139.49144393       4       0       4
  481      0.00000001   -139.49144393   -139.49144392       1       0       1
  482      0.00000001   -139.49144393   -139.49144392       0       0       0
  483      0.00000001   -139.49144393   -139.49144392       0       0       0
  484      1.08520822   -122.29837470   -139.49144393       0       0       2
  485      1.32776810   -122.29837470   -139.49144392       2       0       7
  486      4.07503836    -55.79179374   -139.49144393       3       0      19
  487      5.21731136    -35.53771837   -139.49144393       6       0      42
  488      4.62593051    -62.37268535   -139.49144393      11       0      57
  489      3.72308262   -122.29837470   -139.49144393      16       0      74
  490      4.89981772    -61.35145220   -139.49144393      24       0      75
  491      5.06916670    -60.80924748   -139.49144393      21       0      68
  492      6.24544794    -30.95650988   -139.49144392      24       0      55
  493      3.68072802   -100.75156493   -139.49144393      20       0      55
  494      4.09192877    -61.80779462   -139.49144393      19       0      26
  495      1.32776810   -122.29837470   -139.49144393       8       0      11
  496      1.98976505   -102.09244097   -139.49144392       3       0       7
  497      0.00000001   -139.49144392   -139.49144393       3       0       2
  498      0.00000001   -139.49144392   -139.49144393       0       0       0
  499      0.00000001   -139.49144392   -139.49144393       0       0       0
  500      0.00000001   -139.49144392   -139.49144393       0       0       0
  501      3.53247013    -62.28137404   -139.49144393       0       0       6
  502      2.30391985   -100.83008347   -139.49144392       1       0      16
  503      2.15730203   -122.29837470   -139.49144393       5       0      37
  504      2.80382734   -122.29837470   -139.49144392       6       0      50
  505      4.47941909    -83.10003598   -139.49144393      14       0      69
  506      4.79101398    -80.01157122   -139.49144393      18       0      76
  507      5.82175538    -52.01820620   -139.49144393      22       0      66
  508      2.97000366   -112.14900051   -139.49144393      23       0      60
  509      3.02297679   -101.80239345   -139.49144393      14       0      55
  510      3.11171170   -112.57752458   -139.49144393      12       0      37
  511      1.94342681   -112.57752458   -139.49144393      14       0      17
  512      0.76812815   -122.29837470   -139.49144393       5       0       6
  513      4.08303792    -48.10050391   -139.49144393       1       0       5
  514      0.00000011   -139.49144392   -139.49144393       1       0       0
  515      0.00000011   -139.49144392   -139.49144393       0       0       0
  516      0.00000011   -139.49144392   -139.49144393       0       0       0
  517      0.00000011   -139.49144392   -139.49144393       0       0       4
  518      1.71068879   -122.29837470   -139.49144393       0       0      14
  519      2.28583779   -122.29837470   -139.49144393       5       0      33
  520      2.83638748   -122.29837470   -139.49144393       8       0      46
  521      4.25151928    -85.83462956   -139.49144393      14       0      62
  522      3.81023715   -116.79736434   -139.49144393      17       0      73
  523      3.60075751   -122.29837470   -139.49144393      24       0      65
  524      3.75049859   -105.76930394   -139.49144393      21       0      70
  525      3.34500599   -119.33955893   -139.49144393      22       0      56
  526      3.76704855    -80.65770721   -139.49144393      19       0      34
  527      1.87207182   -122.29837470   -139.49144393      13       0      28
  528      3.38200477    -74.01749722   -139.49144393       5       0       9
  529      1.53163133   -122.29837470   -139.49144393       6       0       5
  530      0.00000000   -139.49144393   -139.49144393       4       0       1
  531      0.00000000   -139.49144393   -139.49144393       0       0       0
  532      0.00000000   -139.49144393   -139.49144393       0       0       0
  533      0.76812815   -122.29837470   -139.49144393       0       0       4
  534      1.71068879   -122.29837470   -139.49144393       1       0       9
  535      2.02002101   -122.29837470   -139.49144393       5       0      29
  536      3.06192983   -101.68530127   -139.49144393       7       0      42
  537      4.10879613    -73.90777949   -139.49144392      12       0      56
  538      3.77409442    -92.45414774   -139.49144392      15       0      69
  539      3.40690997   -122.29837470   -139.49144393      17       0      66
  540      5.13824915    -46.18774000   -139.49144392      21       0      71
  541      5.02139963    -72.27823959   -139.49144393      16       0      59
  542      2.63138225   -122.29837470   -139.49144392      16       0      38
  543      4.09527177    -75.47319661   -139.49144393      11       0      37
  544      1.53163133   -122.29837470   -139.49144393      14       0       9
  545      1.32776810   -122.29837470   -139.49144393       4       0       6
  546      1.08520822   -122.29837470   -139.49144393       2       0       5
  547      0.76812815   -122.29837470   -139.49144393       1       0       0
  548      0.00000001   -139.49144393   -139.49144393       1       0       0
  549      0.00000001   -139.49144393   -139.49144393       0       0       3
  550      0.76812815   -122.29837470   -139.49144393       0       0       5
  551      4.46778574    -58.09102373   -139.49144393       1       0      27
  552      4.03846219    -77.91555691   -139.49144393       8       0      37
  553      4.68054345    -64.62494065   -139.49144393      11       0      52
  554      5.51669583    -58.67112657   -139.49144392      16       0      67
  555      3.56692341   -103.72803460   -139.49144393      24       0      64
  556      4.58890931    -75.99273329   -139.49144393      17       0      74
  557      5.87925008    -58.37571662   -139.49144393      19       0      61
  558      4.29218425    -84.19512489   -139.49144393      15       0      42
  559      3.91201876    -72.17240285   -139.49144393      10       0      34
  560      1.91661756   -104.06184247   -139.49144393      12       0      20
  561      1.32776810   -122.29837470   -139.49144393       3       0       6
  562      1.32776810   -122.29837470   -139.49144393       3       0       7
  563      0.00000006   -139.49144393   -139.49144393       3       0       1
  564      0.00000006   -139.49144393   -139.49144393       0       0       0
  565      0.76812815   -122.29837470   -139.49144393       0       0       3
  566      0.76812815   -122.29837470   -139.49144393       1       0       4
  567      3.99382245    -56.79447762   -139.49144393       1       0      20
  568      3.32040973    -85.27456738   -139.49144393       5       0      33
  569      3.86640490   -107.16764033   -139.49144393       9       0      47
  570      4.68788664    -70.99531841   -139.49144392      16       0      62
  571      5.70813766    -55.46525367   -139.49144393      17       0      67
  572      6.44182740    -25.14998764   -139.49144392      24       0      76
  573      4.87727419    -69.84888145   -139.49144392      24       0      63
  574      4.86368505    -58.27226925   -139.49144392      15       0      47
  575      2.49136375   -122.29837470   -139.49144393      19       0      32
  576      3.63742470    -85.77841803   -139.49144393      12       0      29
  577      1.32776810   -122.29837470   -139.49144393       8       0       6
  578      1.32776810   -122.29837470   -139.49144393       3       0       7
  579      0.76812815   -122.29837470   -139.49144393       3       0       4
  580      0.00000003   -139.49144393   -139.49144393       1       0       0
  581      0.76812815   -122.29837470   -139.49144393       0       0       2
  582      1.21172659   -112.36927792   -139.49144393       1       0       4
  583      2.15730203   -122.29837470   -139.49144393       1       0      16
  584      2.63138225   -122.29837470   -139.49144393       8       0      28
  585      2.59172319   -122.29837470   -139.49144393      11       0      41
  586      4.94281765    -66.81554937   -139.49144393      12       0      60
  587      5.84894317    -62.33482379   -139.49144393      18       0      62
  588      3.91836224   -104.14894827   -139.49144393      14       0      74
  589      4.43606906    -73.57233144   -139.49144393      23       0      72
  590      4.66709458    -75.72578463   -139.49144393      18       0      45
  591      3.44738264    -74.49014279   -139.49144393      16       0      40
  592      2.91113685   -102.36684242   -139.49144393       7       0      31
  593      1.58891856   -122.29837470   -139.49144393      11       0      11
  594      0.76812815   -122.29837470   -139.49144393       5       0       7
  595      1.08520822   -122.29837470   -139.49144393       1       0       6
  596      0.76812815   -122.29837470   -139.49144393       2       0       1
  597      0.00000001   -139.49144393   -139.49144393       1       0       1
  598      0.00000001   -139.49144393   -139.49144393       0       0       4
  599      1.32776810   -122.29837470   -139.49144393       0       0       9
  600      1.87207182   -122.29837470   -139.49144393       3       0      24
  601      2.91962672   -110.76194548   -139.49144393       5       0      42
  602      4.09175431    -87.04686277   -139.49144393      13       0      52
  603      4.96471193    -76.51928290   -139.49144393      17       0      67
  604      3.92388527    -80.06861156   -139.49144393      15       0      65
  605      3.88815345   -106.19427025   -139.49144393      16       0      75
  606      5.93185821    -54.74338624   -139.49144393      23       0      52
  607      2.83638748   -122.29837470   -139.49144392      20       0      46
  608      3.50582061    -84.60195427   -139.49144393      12       0      27
  609      1.84715406   -122.29837470   -139.49144393      11       0      17
  610      2.95412125    -98.70206292   -139.49144392       6       0      11
  611      1.53163133   -122.29837470   -139.49144393       5       0       5
  612      0.76812815   -122.29837470   -139.49144393       4       0       2
  613      0.00000002   -139.49144393   -139.49144393       1       0       2
  614      1.35859122   -121.12715759   -139.49144393       0       0       4
  615      3.44444616    -66.25164523   -139.49144393       3       0       6
  616      2.94635070    -97.56977505   -139.49144393       2       0      21
  617      3.39805119   -101.63041149   -139.49144393      10       0      36
  618      3.84052055    -96.08630976   -139.49144393      13       0      46
  619      5.01963771    -58.76687352   -139.49144393      14       0      69
  620      6.80178825    -24.65280697   -139.49144393      22       0      67
  621      4.92200602    -73.75051516   -139.49144393      19       0      66
  622      4.64799629    -76.00725575   -139.49144393      25       0      55
  623      3.42484530   -122.29837470   -139.49144393      16       0      52
  624      3.35622877    -84.17447564   -139.49144393      21       0      31
  625      1.53163133   -122.29837470   -139.49144393      10       0      22
  626      1.53163133   -122.29837470   -139.49144393       4       0      10
  627      1.71068879   -122.29837470   -139.49144393       3       0       8
  628      0.00000000   -139.49144393   -139.49144393       5       0       4
  629      0.00000000   -139.49144393   -139.49144393       0       0       3
  630      0.00000000   -139.49144393   -139.49144393       0       0       1
  631      0.76812815   -122.29837470   -139.49144393       0       0       6
  632      2.46385987   -104.99536787   -139.49144393       1       0      15
  633      2.65175789   -106.07486447   -139.49144393       5       0      31
  634      4.75286808    -64.89150073   -139.49144393       8       0      46
  635      4.12011287    -87.14070866   -139.49144392      20       0      61
  636      4.66487759    -88.98819425   -139.49144393      20       0      71
  637      3.13198231   -100.69480519   -139.49144392      28       0      57
  638      3.58193194    -96.35909455   -139.49144393      13       0      65
  639      2.65973393   -120.19501091   -139.49144393      17       0      50
  640      4.53403289    -65.12247564   -139.49144393      11       0      41
  641      2.35278054   -107.38582002   -139.49144393      18       0      27
  642      2.35921339   -100.13263950   -139.49144393       7       0      10
  643      1.08520822   -122.29837470   -139.49144393       2       0       8
  644      1.69760728   -115.71144468   -139.49144393       2       0       8
  645      0.76812815   -122.29837470   -139.49144393       4       0       3
  646      0.00000001   -139.49144393   -139.49144393       1       0       1
  647      1.53343540   -109.75063002   -139.49144393       0       0       5
  648      1.71068879   -122.29837470   -139.49144393       2       0      11
  649      2.74892026    -97.51801605   -139.49144393       5       0      27
  650      2.60798801   -102.32678340   -139.49144393       8       0      35
  651      6.72640543    -23.84694829   -139.49144393       8       0      59
  652      3.86494065   -107.50633785   -139.49144392      19       0      67
  653      5.44079859    -63.78754711   -139.49144393      26       0      71
  654      6.48986380    -39.05405497   -139.49144393      23       0      59
  655      4.50864429    -71.73629333   -139.49144393      21       0      57
  656      4.18682425    -82.84556264   -139.49144392      21       0      35
  657      3.68660815    -96.43193848   -139.49144392      12       0      37
  658      4.99217319    -47.37885849   -139.49144393      13       0      15
  659      1.32776810   -122.29837470   -139.49144393       6       0       8
  660      1.09067451   -122.12560242   -139.49144393       3       0       6
  661      1.71068879   -122.29837470   -139.49144393       2       0       6
  662      0.76812815   -122.29837470   -139.49144393       5       0       2
  663      0.76812815   -122.29837470   -139.49144393       1       0       3
  664      2.62047948    -88.82033053   -139.49144393       1       0       8
  665      3.73282225    -59.47924688   -139.49144393       4       0      24
  666      3.94457579    -71.89554282   -139.49144393       3       0      35
  667      3.57830987    -82.29105936   -139.49144392      10       0      47
  668      5.60463629    -47.88843055   -139.49144393      12       0      62
  669      4.46958593    -70.59998320   -139.49144393      21       0      73
  670      5.91091216    -42.55955836   -139.49144393      19       0      61
  671      5.08413558    -42.55566939   -139.49144393      26       0      57
  672      3.55693875   -104.23875581   -139.49144393      14       0      43
  673      4.39207648    -62.13911435   -139.49144393      17       0      37
  674      2.67018152   -103.94712684   -139.49144393      13       0      22
  675      2.49865809   -102.28723999   -139.49144392       9       0      12
  676      1.51993280   -117.11655086   -139.49144392       5       0       6
  677      0.76812815   -122.29837470   -139.49144392       3       0       3
  678      1.32776810   -122.29837470   -139.49144393       1       0       6
  679      0.76812815   -122.29837470   -139.49144392       3       0       3
  680      1.32776810   -122.29837470   -139.49144392       1       0       5
  681      1.71068879   -122.29837470   -139.49144392       2       0      25
  682      2.52193669   -122.29837470   -139.49144393       5       0      28
  683      3.59773194    -89.46685213   -139.49144392      11       0      45
  684      3.12045683   -105.45522450   -139.49144393      15       0      52
  685      6.34655623    -66.11403986   -139.49144393      13       0      76
  686      5.34380626    -71.05453765   -139.49144393      33       0      54
  687      5.86329235    -43.73601347   -139.49144393      23       0      70
  688      2.82949034   -104.90869708   -139.49144393      24       0      37
  689      3.14104517   -105.44715558   -139.49144393      12       0      44
  690      3.36417676    -70.72000366   -139.49144393      13       0      26
  691      1.32776810   -122.29837470   -139.49144393       4       0      14
  692      1.17062034   -122.29837470   -139.49144393       3       0       9
  693      1.53163133   -122.29837470   -139.49144393       2       0       6
  694      0.00000001   -139.49144393   -139.49144393       4       0       3
  695      1.32776810   -122.29837470   -139.49144393       0       0       5
  696      1.08520822   -122.29837470   -139.49144393       3       0       3
  697      3.73509435    -66.94075474   -139.49144393       2       0      24
  698      3.63764039    -78.09863296   -139.49144393       6       0      21
  699      7.99430223     22.21285262   -139.49144393      11       0      41
  700      3.11588509   -122.29837470   -139.49144393      12       0      53
  701      3.72085032   -112.13910983   -139.49144393      16       0      57
  702      7.39717695    -16.29745854   -139.49144393      23       0      65
  703      2.15730203   -122.29837470   -139.49144393      19       0      67
  704      3.72965559   -117.00468150   -139.49144393       6       0      51
  705      2.84320717   -115.59990513   -139.49144392      22       0      42
  706      4.25111394    -55.52559000   -139.49144392      13       0      35
  707      4.49098254    -44.85816052   -139.49144393       8       0      15
  708      1.08520822   -122.29837470   -139.49144393       5       0       9
  709      0.00000000   -139.49144393   -139.49144392       2       0       6
  710      0.76812815   -122.29837470   -139.49144392       0       0       6
  711      0.00000000   -139.49144393   -139.49144392       1       0       2
  712      1.08520822   -122.29837470   -139.49144392       0       0       4
  713      2.53732746   -121.17793136   -139.49144392       2       0      19
  714      1.71068879   -122.29837470   -139.49144393      11       0      18
  715      3.36939769    -81.28280204   -139.49144392       5       0      39
  716      2.83638748   -122.29837470   -139.49144392       8       0      48
  717      3.03278413   -101.40574940   -139.49144392      14       0      52
  718      5.68612102    -61.03759090   -139.49144393      12       0      68
  719      5.15339341    -68.72060294   -139.49144392      19       0      78
  720      5.63122141    -63.81920280   -139.49144393      31       0      37
  721      3.20289852   -122.29837470   -139.49144393      14       0      53
  722      3.05299258   -117.46738847   -139.49144393      17       0      38
  723      1.87207182   -122.29837470   -139.49144393      15       0      18
  724      3.51408818    -78.12426900   -139.49144393       6       0      12
  725      1.32776810   -122.29837470   -139.49144393       3       0       8
  726      1.97576066   -106.63923664   -139.49144393       2       0       5
  727      0.76812815   -122.29837470   -139.49144393       4       0       3
  728      0.00000001   -139.49144393   -139.49144393       1       0       2
  729      1.32776810   -122.29837470   -139.49144393       0       0      10
  730      2.85264076    -91.10652239   -139.49144393       2       0      24
  731      2.21670265   -122.29837470   -139.49144393       7       0      35
  732      5.83062701    -57.58727834   -139.49144393       8       0      44
  733      7.47926544    -35.74164445   -139.49144393      10       0      53
  734      6.78100951    -32.11681630   -139.49144393      12       0      61
  735      7.19974050    -32.70479177   -139.49144393      17       0      64
  736      5.98281524    -67.30520139   -139.49144393      26       0      58
  737      4.67975016    -82.70750931   -139.49144393      21       0      47
  738      3.00432394   -106.39504714   -139.49144393      22       0      42
  739      3.53338465    -86.26875408   -139.49144393      13       0      26
  740      3.29318768    -78.04439071   -139.49144393       9       0      15
  741      1.95739456   -107.19652824   -139.49144393       4       0       8
  742      1.08520822   -122.29837470   -139.49144393       4       0       5
  743      1.08520822   -122.29837470   -139.49144393       2       0       5
  744      0.00000001   -139.49144393   -139.49144393       2       0       3
  745      1.32776810   -122.29837470   -139.49144393       0       0       7
  746      1.53163133   -122.29837470   -139.49144393       3       0      21
  747      2.15730203   -122.29837470   -139.49144393       4       0      32
  748      2.83638748   -122.29837470   -139.49144393       7       0      43
  749      2.73602187   -122.29837470   -139.49144393      14       0      50
  750      4.93499660    -75.16453120   -139.49144393      13       0      57
  751      4.19390393    -80.53899812   -139.49144393      17       0      54
  752      4.44403251    -71.89581047   -139.49144393      20       0      67
  753      3.18396873   -122.29837470   -139.49144393      19       0      43
  754      2.28583779   -122.29837470   -139.49144393      18       0      50
  755      3.11302121   -107.79058631   -139.49144393       9       0      32
  756      2.31423144   -113.97325226   -139.49144393      11       0      19
  757      1.45520654   -122.29837470   -139.49144392       8       0       8
  758      1.32776810   -122.29837470   -139.49144393       4       0       7
  759      0.00000003   -139.49144393   -139.49144393       3       0       5
  760      1.22995282   -122.29837470   -139.49144393       0       0       5
  761      1.59568331   -103.77514619   -139.49144393       3       0       4
  762      2.54105996   -105.80396764   -139.49144393       1       0      20
  763      4.39385827    -60.31576816   -139.49144393       8       0      28
  764      3.03340888   -122.29837470   -139.49144393      13       0      38
  765      5.48505198    -72.86711959   -139.49144393      16       0      50
  766      7.81794631    -32.16756074   -139.49144393      19       0      52
  767      3.73481274    -84.18661205   -139.49144393      15       0      53
  768      3.78587842    -94.48787438   -139.49144393      12       0      66
  769      6.46372384    -26.41707741   -139.49144393      18       0      46
  770      3.26080018   -122.29837470   -139.49144393      17       0      58
  771      2.40702969   -122.29837470   -139.49144393      17       0      29
  772      3.51679555    -77.04865153   -139.49144393      10       0      24
  773      2.40702969   -122.29837470   -139.49144393       7       0      11
  774      1.08520822   -122.29837470   -139.49144393       9       0       8
  775      1.08520822   -122.29837470   -139.49144393       1       0       8
  776      0.76812815   -122.29837470   -139.49144393       2       0       2
  777      1.08520822   -122.29837470   -139.49144393       1       0       6
  778      1.53163133   -122.29837470   -139.49144393       2       0      13
  779      1.81318699   -122.29837470   -139.49144393       4       0      23
  780      2.93291790   -122.29837470   -139.49144393       6       0      34
  781      2.83638748   -122.29837470   -139.49144393      14       0      49
  782      5.18564712    -67.39053137   -139.49144393      14       0      55
  783      3.65876810    -94.77267508   -139.49144393      17       0      55
  784      2.93291790   -122.29837470   -139.49144393      15       0      62
  785      2.83638748   -122.29837470   -139.49144393      14       0      46
  786      3.73737198   -108.26474250   -139.49144393      13       0      56
  787      3.15804408   -103.73904676   -139.49144393      18       0      40
  788      3.13185294    -77.28806322   -139.49144393      14       0      23
  789      1.32776810   -122.29837470   -139.49144393       4       0      12
  790      2.77523125   -101.09148154   -139.49144393       3       0      15
  791      1.32776810   -122.29837470   -139.49144393       9       0       8
  792      0.76812815   -122.29837470   -139.49144393       2       0       2
  793      0.00000000   -139.49144393   -139.49144393       1       0       5
  794      1.87207182   -122.29837470   -139.49144393       0       0      11
  795      4.10127821    -57.60668548   -139.49144393       6       0      21
  796      2.35316701   -112.23224542   -139.49144393       7       0      25
  797      3.98428768    -88.17470705   -139.49144393       8       0      51
  798      4.27466244    -75.75707153   -139.49144393      14       0      51
  799      2.94518181   -120.05058873   -139.49144393      18       0      55
  800      3.92169189   -108.51265127   -139.49144392      14       0      66
  801      2.97863654   -111.42349608   -139.49144393      22       0      46
  802      4.68687739    -59.34358660   -139.49144393      14       0      51
  803      3.23957167    -82.56114834   -139.49144393      12       0      45
  804      2.40702969   -122.29837470   -139.49144393       8       0      32
  805      1.24473248   -117.53367944   -139.49144393      10       0      13
  806      0.00000001   -139.49144393   -139.49144393       2       0       8
  807      1.53163133   -122.29837470   -139.49144393       0       0      16
  808      0.00000001   -139.49144393   -139.49144393       4       0       4
  809      0.00000001   -139.49144393   -139.49144393       0       0       5
  810      1.04142661   -122.29837470   -139.49144393       0       0       5
  811      1.71068879   -122.29837470   -139.49144393       2       0      20
  812      2.40113766   -101.60475059   -139.49144393       5       0      24
  813      2.52193669   -122.29837470   -139.49144393       5       0      43
  814      2.99495268   -109.18099279   -139.49144393      11       0      51
  815      6.69517055    -47.66576619   -139.49144393      13       0      56
  816      3.16847783   -116.51731058   -139.49144390      18       0      57
  817      5.42289425    -63.65650475   -139.49144393      17       0      59
  818      4.27266980    -85.20674077   -139.49144390      17       0      50
  819      3.96687315    -87.78953464   -139.49144393      17       0      49
  820      3.82071084    -75.27632645   -139.49144392      18       0      30
  821      2.06359075   -122.29837470   -139.49144392      11       0      21
  822      1.71068879   -122.29837470   -139.49144392       8       0      10
  823      1.53163133   -122.29837470   -139.49144392       5       0      12
  824      1.08520822   -122.29837470   -139.49144393       4       0       8
  825      0.76812815   -122.29837470   -139.49144393       2       0       5
  826      0.76812815   -122.29837470   -139.49144393       1       0       3
  827      4.07003017    -65.34811092   -139.49144393       1       0      17
  828      2.67615285   -108.02999816   -139.49144393       9       0      23
  829      3.37339828    -94.87224145   -139.49144393       9       0      39
  830      3.49011311    -96.23578861   -139.49144393      13       0      48
  831      2.94247508   -121.47682268   -139.49144393      15       0      48
  832      5.90772147    -46.43335717   -139.49144393      15       0      64
  833      4.23048780    -94.36582996   -139.49144393      17       0      55
  834      3.53629620    -96.10282572   -139.49144393      21       0      52
  835      2.73602187   -122.29837470   -139.49144393      16       0      47
  836      3.91755988    -87.68178920   -139.49144393      13       0      35
  837      1.71068879   -122.29837470   -139.49144393      15       0      28
  838      1.99739206   -110.65682548   -139.49144392       5       0      11
  839      1.71068879   -122.29837470   -139.49144392       5       0      13
  840      2.08058514    -99.68915949   -139.49144392       5       0      10
  841      1.08520822   -122.29837470   -139.49144393       3       0       6
  842      0.00000001   -139.49144393   -139.49144392       2       0       3
  843      1.08520822   -122.29837470   -139.49144393       0       0       8
  844      1.87207182   -122.29837470   -139.49144393       2       0      24
  845      2.02002101   -122.29837470   -139.49144392       6       0      35
  846      6.38150283    -52.34543422   -139.49144392       6       0      46
  847      3.90454508    -77.03016470   -139.49144393      13       0      49
  848      3.85490796   -113.39595464   -139.49144393      10       0      60
  849      6.17946464    -41.25742863   -139.49144393      24       0      53
  850      3.95220064    -92.88466242   -139.49144393      17       0      55
  851      3.20202744    -97.22984919   -139.49144393      20       0      52
  852      3.98575819    -66.09656416   -139.49144393      12       0      32
  853      3.66162981    -94.79567069   -139.49144393       9       0      38
  854      1.71068879   -122.29837470   -139.49144393      13       0      11
  855      1.71068879   -122.29837470   -139.49144393       5       0      13
  856      1.32776810   -122.29837470   -139.49144393       5       0      12
  857      0.76812815   -122.29837470   -139.49144393       3       0       7
  858      0.76812815   -122.29837470   -139.49144393       1       0       5
  859      0.76812815   -122.29837470   -139.49144393       1       0       6
  860      2.21700488   -103.47603454   -139.49144393       1       0      20
  861      5.54063388    -30.80254030   -139.49144393       5       0      34
  862      5.39890886    -47.31013749   -139.49144393      11       0      41
  863      4.32949783    -65.79239261   -139.49144393      18       0      48
  864      2.93291790   -122.29837470   -139.49144393      15       0      52
  865      5.04812968    -87.03691935   -139.49144393      13       0      55
  866      4.26238177    -88.75600376   -139.49144393      24       0      55
  867      6.32701129    -46.76104474   -139.49144393      16       0      59
  868      4.21323344    -85.04487423   -139.49144393      19       0      35
  869      2.83638748   -122.29837470   -139.49144393      14       0      35
  870      3.71214499    -67.53499267   -139.49144393      13       0      18
  871      1.32776810   -122.29837470   -139.49144393       7       0      13
  872      0.76812815   -122.29837470   -139.49144393       3       0      14
  873      2.05552207    -93.48254122   -139.49144393       1       0       9
  874      0.00000003   -139.49144393   -139.49144393       1       0       5
  875      1.83370142    -98.44756925   -139.49144393       0       0       6
  876      1.53163133   -122.29837470   -139.49144393       1       0      16
  877      5.39153090    -55.21474913   -139.49144393       3       0      25
  878      2.77255221   -121.97326059   -139.49144393       9       0      40
  879      2.94859137   -106.26017149   -139.49144393      12       0      48
  880      3.33909469    -96.19798549   -139.49144393      12       0      52
  881      2.91045653   -103.48748379   -139.49144393      13       0      47
  882      5.16833967    -71.40456727   -139.49144392      11       0      61
  883      4.56214970    -55.65972109   -139.49144393      21       0      58
  884      2.63138225   -122.29837470   -139.49144393      12       0      40
  885      3.44027379    -93.46408112   -139.49144393      11       0      34
  886      4.18735541    -73.27578063   -139.49144393      11       0      26
  887      1.96486068   -122.29837470   -139.49144393      10       0      16
  888      1.87207182   -122.29837470   -139.49144393       7       0      16
  889      1.32776810   -122.29837470   -139.49144392       6       0       9
  890      2.82735089    -78.55242409   -139.49144393       3       0       6
  891      0.00000001   -139.49144393   -139.49144393       2       0       5
  892      1.88855681   -104.82653008   -139.49144393       0       0      13
  893      2.45678516   -107.39155102   -139.49144393       3       0      20
  894      5.17692124    -55.96169353   -139.49144392       7       0      36
  895      5.09704297    -54.56960883   -139.49144393      13       0      50
  896      4.86610692    -48.88943486   -139.49144392      20       0      50
  897      4.81956293    -60.44153357   -139.49144393      13       0      49
  898      3.61607418   -102.58818048   -139.49144393      16       0      52
  899      5.24580188    -57.55926347   -139.49144393      16       0      65
  900      3.60826215    -94.94386248   -139.49144393      21       0      42
  901      3.04536178   -120.61566516   -139.49144393      16       0      34
  902      6.49826356     -0.00000050   -139.49144392      16       0      27
  903      2.28977790   -109.77201109   -139.49144392       7       0      19
  904      1.84519662   -122.29837470   -139.49144393       7       0      18
  905      1.53163133   -122.29837470   -139.49144392       6       0      11
  906      1.08520822   -122.29837470   -139.49144392       4       0       7
  907      0.76812815   -122.29837470   -139.49144393       2       0       7
  908      1.08520822   -122.29837470   -139.49144392       1       0      10
  909      1.32776810   -122.29837470   -139.49144393       2       0      16
  910      4.35716189    -71.78743313   -139.49144393       3       0      29
  911      3.36124167    -97.06837757   -139.49144393       9       0      45
  912      2.73416880   -106.19943045   -139.49144393      15       0      55
  913      3.84028017    -86.01092593   -139.49144392       9       0      47
  914      4.02492507    -77.87438114   -139.49144392      17       0      52
  915      3.00620926   -101.12797623   -139.49144393      14       0      59
  916      3.29986413   -122.29837470   -139.49144392      11       0      49
  917      2.40702969   -122.29837470   -139.49144392      20       0      34
  918      4.38008595    -72.52402326   -139.49144393       9       0      35
  919      2.02002101   -122.29837470   -139.49144393      13       0      19
  920      2.29482677   -114.87570635   -139.49144392       7       0      19
  921      1.53163133   -122.29837470   -139.49144392       8       0      13
  922      1.53163133   -122.29837470   -139.49144392       4       0       9
  923      3.73699255    -57.59766254   -139.49144393       4       0       8
  924      1.08520822   -122.29837470   -139.49144393       2       0       9
  925      1.32776810   -122.29837470   -139.49144392       2       0      15
  926      4.78070915    -56.56269200   -139.49144392       3       0      23
  927      2.83638748   -122.29837470   -139.49144393       9       0      39
  928      4.27948388    -85.42005707   -139.49144393      14       0      60
  929      2.82365440   -102.07562751   -139.49144392      21       0      41
  930      6.90338596    -37.03768357   -139.49144393       9       0      54
  931      5.60921413    -38.67013990   -139.49144392      22       0      61
  932      5.73637881    -65.65633635   -139.49144393      20       0      42
  933      2.93291790   -122.29837470   -139.49144393      16       0      43
  934      4.77101494    -61.66513624   -139.49144393      15       0      31
  935      2.89281514    -96.07636042   -139.49144393      14       0      28
  936      2.64384942    -91.11779732   -139.49144392       9       0      16
  937      1.71068879   -122.29837470   -139.49144393       5       0      17
  938      2.83300105    -86.00842162   -139.49144392       5       0       9
  939      0.76812815   -122.29837470   -139.49144392       5       0      10
  940      0.00000009   -139.49144393   -139.49144393       1       0       9
  941      3.79379248    -80.90755661   -139.49144392       0       0      14
  942      1.53163133   -122.29837470   -139.49144392       6       0      16
  943      5.30794324    -51.60903214   -139.49144393       3       0      36
  944      5.80741175    -34.01497710   -139.49144393      12       0      51
  945      6.89023463     -4.27061126   -139.49144393      17       0      54
  946      3.72709495   -105.54159177   -139.49144393      19       0      42
  947      8.35556908    -24.96743052   -139.49144392      18       0      60
  948      4.70723171    -71.03774939   -139.49144392      20       0      50
  949      2.93291790   -122.29837470   -139.49144393      15       0      42
  950      3.58886608    -79.56247446   -139.49144393      14       0      31
  951      3.37995322    -97.49263451   -139.49144393      11       0      35
  952      2.58884965   -122.29837470   -139.49144393      12       0      19
  953      0.76812815   -122.29837470   -139.49144393      12       0      17
  954      1.53163133   -122.29837470   -139.49144393       1       0       9
  955      1.50461358   -122.29837470   -139.49144392       4       0      14
  956      1.08520822   -122.29837470   -139.49144393       4       0      10
  957      0.76812815   -122.29837470   -139.49144393       2       0       8
  958      1.71068879   -122.29837470   -139.49144392       1       0      18
  959      4.80594172    -62.15204165   -139.49144393       5       0      28
  960      2.73602187   -122.29837470   -139.49144392      11       0      47
  961      2.63138225   -122.29837470   -139.49144393      13       0      49
  962      3.44903470    -92.03680718   -139.49144392      12       0      46
  963      3.80216889    -81.48987292   -139.49144393      14       0      57
  964      3.37355285   -105.35425534   -139.49144393      14       0      56
  965      2.44481984   -122.29837470   -139.49144393      16       0      41
  966      2.63635036    -95.43359576   -139.49144393      11       0      36
  967      2.50372474   -102.07175114   -139.49144392       7       0      32
  968      2.02002101   -122.29837470   -139.49144392       7       0      21
  969      1.87207182   -122.29837470   -139.49144393       6       0      27
  970      0.50828183   -128.11453419   -139.49144393       6       0       6
  971      1.87207182   -122.29837470   -139.49144393       1       0      14
  972      1.32776810   -122.29837470   -139.49144393       5       0      12
  973      1.79830664   -118.26061759   -139.49144393       3       0       9
  974      1.53163133   -122.29837470   -139.49144393       5       0      14
  975      1.71068879   -122.29837470   -139.49144393       4       0      22
  976      4.11824545    -69.77281306   -139.49144393       5       0      45
  977      5.65888899    -27.53561082   -139.49144393      10       0      50
  978      2.38590788   -122.29837470   -139.49144393      13       0      44
  979      2.73602187   -122.29837470   -139.49144392      10       0      56
  980      6.01677740    -27.30609853   -139.49144393      13       0      55
  981      5.74497791    -60.19910617   -139.49144393      16       0      47
  982      4.54776431    -57.10400650   -139.49144393      20       0      39
  983      4.82087079    -48.66320807   -139.49144392      12       0      32
  984      1.87207182   -122.29837470   -139.49144393      13       0      21
  985      4.09953848    -66.76856395   -139.49144392       5       0      29
  986      2.02002101   -122.29837470   -139.49144391      11       0      10
  987      0.83721760   -122.29837470   -139.49144393       7       0       9
  988      2.28580185   -105.38467725   -139.49144393       2       0      16
  989      0.76812815   -122.29837470   -139.49144393       6       0       6
  990      1.71068879   -122.29837470   -139.49144393       1       0      15
  991      2.02002101   -122.29837470   -139.49144393       4       0      21
  992      3.09930925   -102.42241741   -139.49144393       6       0      40
  993      4.93831990    -73.24075158   -139.49144393      13       0      47
  994      2.93291790   -122.29837470   -139.49144393      19       0      47
  995      2.42606083   -115.34159715   -139.49144393      15       0      53
  996      2.88273317   -122.29837470   -139.49144393      10       0      52
  997      3.07051924   -103.65711669   -139.49144393      15       0      41
  998      3.95019499    -76.93236522   -139.49144393      13       0      49
  999      2.15730203   -122.29837470   -139.49144393      10       0      33
 1000      2.52193669   -122.29837470   -139.49144393       7       0      26
----------------------------------------------------------------------------------
Artificial Bee Colony Optimization Finished!

 -- Results Report --
 * 100 LMs will be saved in [ k_2_waters-LM ].
      #          Energy
      0   -139.49144392
      1   -139.43122950
      2   -139.43119820
      3   -137.50033358
      4   -135.26790339
      5   -134.99574731
      6   -134.93505641
      7   -134.43019584
      8   -133.76618865
      9   -133.55425162
     10   -133.54129542
     11   -133.32696948
     12   -133.28285600
     13   -133.24617059
     14   -133.04587389
     15   -132.92743584
     16   -132.79850468
     17   -132.68910779
     18   -132.64827177
     19   -132.58365370
     20   -132.40042710
     21   -132.35489415
     22   -132.35167085
     23   -132.28648605
     24   -132.12500458
     25   -132.09297711
     26   -132.00255713
     27   -131.81805078
     28   -131.55739594
     29   -131.45510854
     30   -131.32240133
     31   -131.23728467
     32   -131.14698794
     33   -131.02537827
     34   -131.01976369
     35   -130.87350674
     36   -130.83600988
     37   -130.83000360
     38   -130.71628249
     39   -130.63824421
     40   -130.58428027
     41   -130.54998204
     42   -130.52591352
     43   -130.50234634
     44   -130.44998089
     45   -130.37820413
     46   -130.27205449
     47   -130.08438546
     48   -130.07122969
     49   -129.96705622
     50   -129.90527452
     51   -129.89701028
     52   -129.88884988
     53   -129.87771027
     54   -129.87113134
     55   -129.81779540
     56   -129.78379337
     57   -129.75184587
     58   -129.73721708
     59   -129.70881202
     60   -129.59729291
     61   -129.55635219
     62   -129.53675923
     63   -129.42103138
     64   -129.40061005
     65   -129.34141122
     66   -129.31854381
     67   -129.23945956
     68   -129.19148736
     69   -129.11427804
     70   -129.04347877
     71   -129.02129716
     72   -129.01059505
     73   -128.88679950
     74   -128.87548487
     75   -128.80537825
     76   -128.72501587
     77   -128.69059226
     78   -128.50375983
     79   -128.31471859
     80   -128.29447779
     81   -128.27022541
     82   -128.22049689
     83   -128.14225985
     84   -128.11453419
     85   -128.10890696
     86   -128.08174029
     87   -128.07187664
     88   -128.06932389
     89   -128.04474975
     90   -128.01744761
     91   -128.01366217
     92   -127.98937538
     93   -127.96448686
     94   -127.91428726
     95   -127.80328381
     96   -127.80177470
     97   -127.75901819
     98   -127.75608980
     99   -127.66999619

 * Final Global Minimal Energy:   -139.49144393
 * The Global Minimum is saved as: [ k_2_waters-OPT.(cluster/xyz/gjf) ]

===== (^ _ ^) =====
Normal termination at Fri Sep 14 15:21:25 2018.
Total run time: 625 seconds = 0 days 0 hours 10 minutes 25 seconds.
