    * * * * * * * * * * * * * * * * * * * * *
    *       __    ____    ______            *
    *      /  \  |  _ \  |  ___/  luster !  *
     *    / _  \ | |_| | | |               *
     *   / /_\ | |  _ <  | |     < @  @ >  * 
     *  / ___  | | |_| | | |___ _ _  o     * 
    *  /_/   |_| |____/  |_____ _ __ __  _  *
    *                                       *
    * * * * * * * * * * * * * * * * * * * * *

ABCluster 1.5.1
Specific flag:  official version
Platform:       LINUX/UNIX
Compiled by:    junzhang@gellmann.scs.illinois.edu
Compiling date: Dec 18 2017 20:33:35
C++ compiler:   g++
C++ options:    -O3 -Os -fno-exceptions --std=c++0x -fopenmp 

Contributors:
Jun Zhang(University of Cologne): Design and coding.

For any suggestions, comments, and questions on the theory and
implementation of ABCluster, please feel free to contact:

Dr. Jun Zhang, ZhangJunQcc@gmail.com

If you used this program in your work, please cite this reference:

[1] Zhang, J.; Dolg, M.; ABCluster: The Artificial Bee Colony Algorithm for
    Cluster Global Optimization. Phys. Chem. Chem. Phys. 2015, 17, 24173-24181.
[2] Zhang, J.; Dolg, M.; Global Optimization of Clusters of Rigid Molecules by the
    Artificial Bee Colony Algorithm. Phys. Chem. Chem. Phys. 2016, 18, 3003-3010.

Program starts at Tue Aug 28 12:16:07 2018.
Command line: " /ihome/jkeith/yab16/ABC/ABCluster-Linux/lib/rigidmol-optimizer li_5_waters.inp "
Process ID:   158972
Run by:       yab16@smp-n28.crc.pitt.edu
Available CPU cores:    24
Read "OMP_NUM_THREADS": Unset

Random number testing (integers): 1739875670...3387324
Random number testing (fractals): 0.94389636...0.98678788

 -- Input/Output Parameters --
Input file name:      li_5_waters.inp
Cluster file name:    input.cluster
Result file name:     li_5_waters.(cluster/xyz/gjf)
Temporary file name:  abclusteryab16smp-n28.crc.pitt.edu158972-OPT
# of saved LMs:       100
LMs are stored in:    li_5_waters-LM

 -- ABC Control Parameters --
Population size:                  500
Maximal generation:              1000
Scout limit:                       15
Amplitude:                10.00000000

 -- Cluster Components: from [ input.cluster ] --
 -----------------------------------------------------------
   Source                                       #   Charge
 -----------------------------------------------------------
   /ihome/jkeith/yab16/ABC/ABCluster-Linux-0/rigidmolecularcluster/charmm36/tip4p.xyz     5    0.000
   /ihome/jkeith/yab16/ABC/ABCluster-Linux-0/rigidmolecularcluster/charmm36/li.xyz     1    1.000
 -----------------------------------------------------------
   Dimension: 0, an isolate cluster.
 -----------------------------------------------------------

Artificial Bee Colony Optimization Starts!
----------------------------------------------------------------------------------
 * Population: 500; Maximal cycles: 1000
 * EM = Employed Bee; Trigonometric mutation
 * OL = Onlooker Bee; ABC/best/2(0.5)+ABC/current/2(0.5);
        Tournament selection from 5 nectars.
 * SC = Scout Bee; Random nectar; Limit = 15
----------------------------------------------------------------------------------
    #       Diversity            maxE            minE    byEM    byOL    bySC
----------------------------------------------------------------------------------
    1     15.60365427   -403.97153749   -492.22470113     312       0       0
    2      5.65738410   -460.08427090   -492.22470113     147       0       0
    3      2.59079179   -461.56196567   -492.22470113      27       0       0
    4      1.57109195   -461.56196567   -492.22470113       4       0       0
    5      0.00000001   -492.22470113   -492.22470113       2       0       0
    6      0.00000001   -492.22470113   -492.22470113       0       0       0
    7      0.00000001   -492.22470113   -492.22470113       0       0       0
    8      0.00000001   -492.22470113   -492.22470113       0       0       0
    9      0.00000001   -492.22470113   -492.22470113       0       0       0
   10      0.00000001   -492.22470113   -492.22470113       0       0       0
   11      0.00000001   -492.22470113   -492.22470113       0       0       0
   12      0.00000001   -492.22470113   -492.22470113       0       0       0
   13      0.00000001   -492.22470113   -492.22470113       0       0       0
   14      0.00000001   -492.22470113   -492.22470113       0       0       0
   15      0.00000001   -492.22470113   -492.22470113       0       0       0
   16      0.00000001   -492.22470113   -492.22470113       0       0       0
   17     48.25277505    -47.75179161   -492.22470113       0       0     121
   18     68.27905085    -55.54884016   -492.22470113      87       0     273
   19     40.21754512   -106.13239371   -492.22470113     207       0      99
   20     20.04119248   -111.61152508   -492.22470113     133       0       7
   21      3.83415970   -458.21299732   -492.22470113      44       0       0
   22      1.33439211   -474.94585852   -492.22470113      12       0       0
   23      0.77196021   -474.94585852   -492.22470113       2       0       0
   24      0.77196021   -474.94585852   -492.22470113       0       0       0
   25      0.00000001   -492.22470113   -492.22470112       1       0       0
   26      0.00000001   -492.22470113   -492.22470112       0       0       0
   27      0.00000001   -492.22470113   -492.22470112       0       0       0
   28      0.00000001   -492.22470113   -492.22470112       0       0       0
   29      0.00000001   -492.22470113   -492.22470112       0       0       0
   30      0.00000001   -492.22470113   -492.22470112       0       0       0
   31      0.00000001   -492.22470113   -492.22470112       0       0       0
   32      0.00000001   -492.22470113   -492.22470112       0       0       0
   33     18.71733088   -152.18600446   -492.22470113       0       0      24
   34     47.20999891    -95.33659532   -492.22470113      20       0     141
   35     56.80727641    -66.96220464   -492.22470113      87       0     203
   36     42.71250707   -105.27807995   -492.22470113     171       0     102
   37     14.09388578   -327.19563942   -492.22470113     138       0      25
   38     18.98153762   -220.03697249   -492.22470113      44       0       5
   39      2.43537469   -458.21299732   -492.22470113      13       0       0
   40      1.56159485   -461.80627103   -492.22470111       4       0       0
   41      0.00000001   -492.22470112   -492.22470112       2       0       0
   42      0.00000001   -492.22470112   -492.22470112       0       0       0
   43      0.00000001   -492.22470112   -492.22470112       0       0       0
   44      0.00000001   -492.22470112   -492.22470112       0       0       0
   45      0.00000001   -492.22470112   -492.22470112       0       0       0
   46      0.00000001   -492.22470112   -492.22470112       0       0       0
   47      0.00000001   -492.22470112   -492.22470112       0       0       0
   48      0.00000001   -492.22470112   -492.22470112       0       0       0
   49      5.61214540   -373.49076659   -492.22470111       0       0       4
   50     30.39078541    -77.14040006   -492.22470112       3       0      57
   51     46.29291041    -33.14745179   -492.22470113      36       0     120
   52     45.01992824   -115.67625221   -492.22470112      91       0     168
   53     42.00412859     -6.15934010   -492.22470113     144       0     108
   54     10.42599475   -417.97902080   -492.22470113     120       0      35
   55     13.98461361   -211.57903096   -492.22470113      63       0       7
   56      2.05646571   -461.56196566   -492.22470112      22       0       1
   57      0.00000001   -492.22470113   -492.22470113       5       0       0
   58      0.00000001   -492.22470113   -492.22470113       0       0       0
   59      0.00000001   -492.22470113   -492.22470113       0       0       0
   60      0.00000001   -492.22470113   -492.22470113       0       0       0
   61      0.00000001   -492.22470113   -492.22470113       0       0       0
   62      0.00000001   -492.22470113   -492.22470113       0       0       0
   63      0.00000001   -492.22470113   -492.22470113       0       0       0
   64      0.00000001   -492.22470113   -492.22470113       0       0       0
   65      1.36990725   -461.56196569   -492.22470113       0       0       1
   66     15.78883714   -161.96912495   -492.22470113       1       0      23
   67     29.25641033   -192.70336682   -492.22470113      16       0      59
   68     50.63894104    -40.69722224   -492.22470113      41       0     109
   69     63.85353931    -82.04962460   -492.22470113      82       0     150
   70     47.31338450    -55.86953232   -492.22470113     121       0      94
   71     36.96587881    -89.71844784   -492.22470112     109       0      48
   72     10.03408996   -342.92222188   -492.22470113      67       0      13
   73      3.92747508   -460.08427088   -492.22470113      23       0       3
   74      1.33439211   -474.94585852   -492.22470113      12       0       0
   75      1.09062215   -474.94585853   -492.22470113       1       0       0
   76      0.00000001   -492.22470113   -492.22470113       2       0       0
   77      0.00000001   -492.22470113   -492.22470113       0       0       0
   78      0.00000001   -492.22470113   -492.22470113       0       0       0
   79      0.00000001   -492.22470113   -492.22470113       0       0       0
   80      0.00000001   -492.22470113   -492.22470113       0       0       0
   81      0.00000001   -492.22470113   -492.22470113       0       0       0
   82     26.53505252    -58.27067025   -492.22470113       0       0       7
   83     30.70885151    -75.08595081   -492.22470113       6       0      31
   84     34.34538504   -122.31822016   -492.22470112      27       0      68
   85     29.36402660   -106.23363231   -492.22470112      52       0     102
   86     51.54443336    -49.96785846   -492.22470113      86       0     119
   87     28.56250113   -253.91397228   -492.22470112     100       0      99
   88     41.45239152    -63.34431609   -492.22470113      95       0      53
   89     19.68612754   -104.69170495   -492.22470113      54       0      15
   90      5.34808115   -398.56208431   -492.22470112      25       0       5
   91      1.89162910   -457.56064448   -492.22470113       7       0       1
   92      0.77196021   -474.94585853   -492.22470113       2       0       0
   93      0.00000001   -492.22470113   -492.22470113       1       0       0
   94      0.00000001   -492.22470113   -492.22470113       0       0       0
   95      0.00000001   -492.22470113   -492.22470113       0       0       0
   96      0.00000001   -492.22470113   -492.22470113       0       0       0
   97      0.00000001   -492.22470113   -492.22470113       0       0       0
   98      1.35899251   -461.80627103   -492.22470113       0       0       1
   99      4.13299371   -457.56064448   -492.22470113       1       0      10
  100     38.59826763   -102.39663071   -492.22470112       8       0      35
  101     35.01337961   -119.07773277   -492.22470113      25       0      77
  102     50.24938205    -14.77782814   -492.22470113      61       0      97
  103     59.05744752     21.32001672   -492.22470113      84       0     115
  104     37.55173941   -125.83403791   -492.22470113      95       0      89
  105     26.93585722   -117.51989376   -492.22470113      85       0      54
  106     25.35454621    -53.73141403   -492.22470113      60       0      16
  107      5.52098553   -407.58175114   -492.22470113      23       0       3
  108      2.87196915   -453.74589231   -492.22470113      11       0       3
  109      0.00000001   -492.22470113   -492.22470113       7       0       0
  110      0.00000001   -492.22470113   -492.22470113       0       0       0
  111      0.00000001   -492.22470113   -492.22470113       0       0       0
  112      0.00000001   -492.22470113   -492.22470113       0       0       0
  113      0.00000001   -492.22470113   -492.22470113       0       0       0
  114      0.00000001   -492.22470113   -492.22470113       0       0       0
  115     18.74417921    -73.98506455   -492.22470113       0       0       3
  116      6.40662958   -407.58175114   -492.22470113       2       0      12
  117     28.78396300   -138.03327574   -492.22470113       9       0      41
  118     45.92499754    -47.01466119   -492.22470112      30       0      78
  119     39.55423867    -99.50835041   -492.22470113      63       0     104
  120     37.97019597    -79.23993435   -492.22470113      84       0     100
  121     40.25481929    -87.50655811   -492.22470113      97       0      89
  122     37.15177765    -45.69326730   -492.22470113      84       0      43
  123     35.57492457   -116.69816703   -492.22470113      48       0      21
  124     13.16659395   -223.25222640   -492.22470113      33       0       6
  125      9.72324820   -284.57698414   -492.22470113      13       0       3
  126      1.09062215   -474.94585853   -492.22470113       6       0       0
  127      0.00000001   -492.22470113   -492.22470113       2       0       0
  128      0.00000001   -492.22470113   -492.22470113       0       0       0
  129      0.00000001   -492.22470113   -492.22470113       0       0       0
  130      0.00000001   -492.22470113   -492.22470113       0       0       0
  131      1.36990725   -461.56196568   -492.22470113       0       0       1
  132     15.92952760   -208.22741674   -492.22470113       1       0       4
  133     21.11939015   -132.53025650   -492.22470113       3       0      18
  134     32.15700943    -36.60712676   -492.22470113      14       0      44
  135     31.60290771    -85.69191894   -492.22470113      32       0      83
  136     41.69262990    -76.01719681   -492.22470112      63       0      85
  137     30.68402022   -107.06933491   -492.22470113      74       0     115
  138     26.98837162   -166.55965446   -492.22470113      93       0      71
  139     34.57630973    -53.49806903   -492.22470113      65       0      43
  140      9.12569106   -374.28802817   -492.22470113      45       0      23
  141      8.96005377   -357.65066165   -492.22470113      22       0       9
  142      2.28936359   -458.21299732   -492.22470113      11       0       3
  143      1.90906589   -461.56196569   -492.22470113       3       0       1
  144      0.77196021   -474.94585852   -492.22470113       3       0       0
  145      0.00000001   -492.22470113   -492.22470112       1       0       0
  146      0.00000001   -492.22470113   -492.22470112       0       0       0
  147      0.00000001   -492.22470113   -492.22470112       0       0       0
  148      4.35930054   -400.70162997   -492.22470113       0       0       2
  149      9.62811316   -286.99333703   -492.22470113       2       0       6
  150     27.22426933   -104.64453223   -492.22470113       4       0      27
  151     25.28909975    -71.30769311   -492.22470113      24       0      47
  152     42.96013330    -82.04157671   -492.22470112      39       0      74
  153     47.48768355    -36.46161726   -492.22470113      60       0      97
  154     39.62462231   -113.47754184   -492.22470113      95       0     106
  155     33.61717878   -121.40013213   -492.22470113      91       0      66
  156     34.47398467   -117.70413111   -492.22470112      84       0      42
  157     17.64411676   -179.80837267   -492.22470112      59       0      19
  158      6.77606403   -403.97153749   -492.22470112      29       0      10
  159     13.32542049   -209.66939421   -492.22470113      13       0       3
  160      4.24224129   -400.39258505   -492.22470113       4       0       1
  161      0.00000001   -492.22470113   -492.22470113       3       0       0
  162      0.00000001   -492.22470113   -492.22470113       0       0       0
  163      0.00000001   -492.22470113   -492.22470113       0       0       0
  164      0.00000001   -492.22470113   -492.22470113       0       0       0
  165      1.36990725   -461.56196568   -492.22470113       0       0       2
  166      8.95312925   -377.60002260   -492.22470112       0       0      10
  167     22.87007281   -209.79963763   -492.22470112      10       0      30
  168     28.85631470   -132.79846509   -492.22470112      25       0      44
  169     31.54832170   -152.70076886   -492.22470112      33       0      70
  170     45.39124039    -69.12561737   -492.22470112      63       0      99
  171     33.72837204   -155.43111900   -492.22470113      87       0      91
  172     27.10228448    -98.57866106   -492.22470113      85       0      74
  173     22.45180256   -243.35280873   -492.22470113      79       0      44
  174     17.17061838   -179.38669584   -492.22470113      59       0      22
  175     17.21656942   -116.09687371   -492.22470113      32       0       8
  176      9.30271555   -300.72803574   -492.22470113      12       0       4
  177      4.63066116   -407.58174804   -492.22470113       7       0       2
  178      1.09062215   -474.94585853   -492.22470113       5       0       0
  179      0.77196021   -474.94585853   -492.22470113       1       0       0
  180      0.00000001   -492.22470113   -492.22470113       1       0       0
  181      0.00000001   -492.22470113   -492.22470113       0       0       1
  182      2.06555803   -457.56064448   -492.22470113       0       0       2
  183     16.53642721   -134.07719457   -492.22470113       2       0      12
  184     25.77188381    -89.39548046   -492.22470113       8       0      36
  185     28.89761378   -150.38800746   -492.22470113      31       0      38
  186     28.52709684    -54.22575337   -492.22470113      39       0      77
  187     36.92495602    -73.31645020   -492.22470113      57       0      93
  188     41.20507768    -86.64750572   -492.22470113      81       0      78
  189     41.45379092    -93.57320578   -492.22470113      73       0      74
  190     33.78433926    -86.17637151   -492.22470113      70       0      48
  191     28.73292899   -132.81427122   -492.22470113      47       0      26
  192     23.70148010   -108.41672081   -492.22470113      30       0       7
  193      9.26180202   -290.66509603   -492.22470113      12       0       3
  194     19.98317881    -47.61136249   -492.22470113       4       0       4
  195      1.43592565   -460.08427090   -492.22470113       2       0       1
  196      0.00000001   -492.22470113   -492.22470113       1       0       0
  197      1.35899251   -461.80627103   -492.22470113       0       0       1
  198      0.00000001   -492.22470113   -492.22470113       1       0       0
  199      5.38573240   -407.58175101   -492.22470113       0       0       5
  200     21.67581438    -67.83758190   -492.22470113       4       0      10
  201     31.58720377    -93.41268687   -492.22470112       5       0      36
  202     28.51178578   -127.71903565   -492.22470113      28       0      52
  203     39.75178114   -103.69166755   -492.22470113      47       0      69
  204     46.09339735    -28.52621690   -492.22470113      59       0      92
  205     34.31295893    -98.58068845   -492.22470112      76       0      79
  206     45.54687432    -94.74081842   -492.22470112      71       0      73
  207     30.35619978   -112.42223277   -492.22470113      64       0      39
  208     26.99004871   -119.52477082   -492.22470113      43       0      26
  209     17.11258657   -195.89071877   -492.22470113      31       0      10
  210      7.13757428   -339.20341095   -492.22470113      11       0       4
  211      2.68974302   -453.74589234   -492.22470113       4       0       4
  212      1.33439211   -474.94585852   -492.22470113       3       0       0
  213      0.77196021   -474.94585853   -492.22470113       2       0       0
  214      1.35899251   -461.80627103   -492.22470113       1       0       1
  215      2.05835189   -457.56064448   -492.22470112       0       0       1
  216      2.64352015   -457.56064448   -492.22470113       2       0       6
  217     23.45702276   -174.45593368   -492.22470112       3       0      14
  218     23.37338257   -152.61379932   -492.22470113      11       0      31
  219     31.35252933   -103.05103706   -492.22470112      26       0      61
  220     42.80949310   -110.34946539   -492.22470113      53       0      72
  221     45.87369298    -56.64805465   -492.22470113      58       0      91
  222     35.86817457   -104.27744513   -492.22470113      74       0      73
  223     30.34660979   -134.40506588   -492.22470113      72       0      68
  224     14.93208900   -328.90293307   -492.22470113      60       0      38
  225     12.81212228   -314.57695737   -492.22470113      48       0      26
  226     19.41890764   -204.83107652   -492.22470113      31       0      10
  227     11.10582528   -249.54859930   -492.22470113      15       0       4
  228      2.17590559   -458.21299732   -492.22470113       4       0       2
  229      1.92770455   -461.56196568   -492.22470112       3       0       2
  230      0.00000001   -492.22470113   -492.22470113       2       0       0
  231      1.36990725   -461.56196569   -492.22470113       0       0       1
  232      3.18474085   -450.20957063   -492.22470113       0       0       4
  233      4.55644247   -407.58175117   -492.22470112       4       0       4
  234     24.25349540   -112.58353309   -492.22470113       3       0      16
  235     31.73438074   -140.60105217   -492.22470113      13       0      38
  236     49.11566902    -25.38379078   -492.22470113      32       0      61
  237     38.57651104   -117.30339007   -492.22470113      50       0      75
  238     43.60801697   -126.81250923   -492.22470113      63       0      78
  239     47.14765053     10.21317620   -492.22470113      73       0      83
  240     18.91451807   -272.52948805   -492.22470113      73       0      50
  241     30.16040227    -77.21241039   -492.22470111      61       0      42
  242     29.28746675   -154.05140925   -492.22470111      40       0      30
  243     22.41377330   -118.09591268   -492.22470113      36       0      10
  244      3.59097747   -438.83134617   -492.22470113      13       0       4
  245      2.62011312   -438.83134617   -492.22470113       4       0       2
  246     16.02766640   -133.85798138   -492.22470113       2       0       2
  247      0.77196021   -474.94585852   -492.22470113       1       0       0
  248      2.29877134   -457.56064446   -492.22470113       0       0       2
  249      4.35737239   -403.97153749   -492.22470113       2       0       3
  250      4.77834172   -404.53909109   -492.22470113       4       0       8
  251     13.80142558   -204.26017867   -492.22470113       4       0      17
  252     42.14137763    -28.54165830   -492.22470113      10       0      41
  253     27.06182691   -117.81180428   -492.22470113      35       0      61
  254     40.93351179    -59.61173370   -492.22470113      55       0      65
  255     42.23524041   -105.05337735   -492.22470113      60       0      91
  256     42.62512094    -66.73072131   -492.22470113      74       0      67
  257     29.68202191   -176.46070340   -492.22470112      72       0      57
  258     37.67612041    -19.10047372   -492.22470113      62       0      41
  259     17.11796775   -265.84743962   -492.22470113      51       0      25
  260     18.70818959   -135.78462318   -492.22470113      30       0      14
  261      3.06391807   -457.56064448   -492.22470113      15       0       5
  262      2.19602412   -453.74589233   -492.22470113       5       0       2
  263      1.54867274   -457.56064448   -492.22470113       2       0       1
  264      0.00000001   -492.22470113   -492.22470113       1       0       0
  265      1.51952782   -458.21299732   -492.22470113       0       0       2
  266     10.67028816   -270.38483779   -492.22470113       1       0       6
  267     28.27566350    -71.58326516   -492.22470113       7       0      11
  268     11.99294380   -289.14260501   -492.22470113       9       0      17
  269     26.86060233    -61.31302346   -492.22470112      19       0      41
  270     39.68653401   -115.41271970   -492.22470112      31       0      55
  271     37.45144970   -144.21021356   -492.22470113      39       0      75
  272     36.46843914   -108.64075579   -492.22470113      61       0      80
  273     31.78214164   -169.02258109   -492.22470113      86       0      61
  274     36.32120883     -2.85210649   -492.22470113      63       0      59
  275     38.23409467    -80.85210515   -492.22470113      56       0      48
  276     29.18498218   -105.36212283   -492.22470113      41       0      21
  277     15.19349539   -283.09052863   -492.22470112      27       0      17
  278      6.41276469   -364.17832680   -492.22470113      16       0       4
  279      5.57806659   -400.27168727   -492.22470113       7       0       2
  280      1.54867274   -457.56064447   -492.22470113       2       0       1
  281      1.51952782   -458.21299732   -492.22470113       1       0       1
  282      1.51952782   -458.21299732   -492.22470113       0       0       0
  283     23.82869034   -156.75351482   -492.22470113       1       0       8
  284     16.22127186   -223.67966364   -492.22470113       6       0       9
  285      9.71230474   -337.40353070   -492.22470113       6       0      26
  286     29.32868983   -137.58145454   -492.22470112      20       0      45
  287     30.28713762   -145.38356587   -492.22470113      37       0      50
  288     36.06246719   -132.84354290   -492.22470111      40       0      60
  289     43.86246973   -120.53575601   -492.22470113      49       0      93
  290     32.33381275   -120.47162612   -492.22470113      79       0      63
  291     40.04342175   -122.63256457   -492.22470113      56       0      58
  292     30.58825608   -137.17441091   -492.22470113      56       0      41
  293     29.12184089    -92.04830521   -492.22470113      47       0      22
  294     17.68223127   -122.12020635   -492.22470112      26       0      15
  295      3.24583965   -457.56064448   -492.22470113      15       0       6
  296      1.89162910   -457.56064448   -492.22470113       6       0       2
  297      1.56159485   -461.80627103   -492.22470113       3       0       1
  298      1.51952782   -458.21299732   -492.22470113       2       0       1
  299      2.03655317   -458.21299732   -492.22470113       1       0       2
  300     16.99925644   -238.51895596   -492.22470113       2       0       9
  301     15.17000548   -164.04322452   -492.22470113       6       0      10
  302     25.53400750    -33.68933186   -492.22470113      10       0      30
  303     26.47373510   -182.70313227   -492.22470113      24       0      44
  304     27.62516692   -168.08537876   -492.22470113      41       0      53
  305     31.51442599    -79.36093756   -492.22470113      47       0      64
  306     45.16120576    -79.57688546   -492.22470113      52       0      82
  307     31.41495257    -69.79054370   -492.22470113      77       0      62
  308     28.86400775   -141.21573727   -492.22470113      64       0      54
  309     38.41189646    -49.64784060   -492.22470113      66       0      43
  310     15.18294350   -234.50115141   -492.22470113      45       0      23
  311     20.83592059   -153.78297220   -492.22470113      24       0      14
  312     15.66002530   -159.85866523   -492.22470113      18       0       6
  313      2.35229043   -458.21299732   -492.22470113       9       0       1
  314      4.01946303   -407.58175104   -492.22470113       4       0       2
  315      1.92770455   -461.56196567   -492.22470113       2       0       1
  316     17.76728436    -98.88757543   -492.22470113       1       0       5
  317      2.55500857   -457.56064448   -492.22470113       5       0       6
  318     14.80962665   -197.78715509   -492.22470113       2       0      13
  319     18.15670448   -237.87900804   -492.22470113      10       0      27
  320     29.26603941   -132.56382348   -492.22470112      20       0      50
  321     25.85386732   -231.31412003   -492.22470113      44       0      60
  322     33.61063536    -69.74990776   -492.22470113      46       0      57
  323     32.91628564   -131.91618153   -492.22470113      49       0      65
  324     46.83968408    -72.37032062   -492.22470113      63       0      65
  325     35.45639811   -102.51983847   -492.22470110      64       0      64
  326     36.76447762    -81.41856602   -492.22470113      51       0      42
  327     20.10645803   -200.50368411   -492.22470113      49       0      20
  328     10.10692895   -330.44500980   -492.22470113      34       0      13
  329      5.32100328   -407.58175082   -492.22470112      16       0       7
  330     12.31061958   -233.73359526   -492.22470113       7       0       3
  331      1.36990725   -461.56196569   -492.22470113       4       0       1
  332      7.50676120   -330.41827447   -492.22470113       1       0       3
  333      6.79343998   -341.11691490   -492.22470113       3       0       7
  334     15.77108368   -152.53755001   -492.22470113       2       0       7
  335     20.50916252   -183.83729027   -492.22470113       6       0      14
  336     25.65684819   -157.43353411   -492.22470113      13       0      28
  337     36.23408583    -92.00865085   -492.22470113      20       0      56
  338     28.35946448   -190.26309312   -492.22470113      41       0      52
  339     40.00563632    -99.45646176   -492.22470113      48       0      55
  340     21.28675141   -247.23393320   -492.22470113      46       0      64
  341     42.32688100    -78.45325474   -492.22470113      57       0      74
  342     29.03325671    -73.70005147   -492.22470113      64       0      47
  343     41.31034545    -47.83262095   -492.22470112      50       0      43
  344     27.66242721   -111.14475313   -492.22470113      45       0      26
  345      7.09129215   -403.97153749   -492.22470113      27       0      13
  346     12.92080200   -240.14110053   -492.22470113      22       0       6
  347      1.72902232   -457.56064448   -492.22470112       9       0       4
  348      1.89162910   -457.56064448   -492.22470113       1       0       1
  349     17.25712203   -152.73820695   -492.22470113       3       0       8
  350      2.68866176   -457.56064448   -492.22470113       5       0       2
  351     10.50615978   -288.53458366   -492.22470113       4       0       7
  352     27.15049153    -91.02106515   -492.22470113       6       0      22
  353     30.02678773   -139.93422855   -492.22470113      16       0      35
  354     23.39891319   -169.55041512   -492.22470113      28       0      41
  355     33.23020346   -137.50962013   -492.22470113      38       0      60
  356     33.34106046    -33.43276371   -492.22470113      55       0      53
  357     36.94815861   -130.31497780   -492.22470113      48       0      70
  358     36.15544970    -87.23142768   -492.22470113      62       0      57
  359     44.76447876    -82.01901958   -492.22470113      52       0      52
  360     30.57580200   -131.77032799   -492.22470113      51       0      44
  361     18.70240202    -96.35192214   -492.22470113      37       0      19
  362     19.12284831   -173.65343947   -492.22470113      24       0      16
  363     24.51936525    -32.62924106   -492.22470113      13       0      12
  364      1.35899252   -461.80627103   -492.22470113       7       0       0
  365      2.83651577   -458.21299732   -492.22470113       0       0       4
  366      7.45413512   -334.56020902   -492.22470113       4       0       5
  367      2.47530828   -457.56064448   -492.22470111       4       0       3
  368     29.17243879    -56.59108811   -492.22470111       3       0      11
  369     24.42431223   -161.55160820   -492.22470113       8       0      21
  370     13.61797010   -319.09604612   -492.22470113      19       0      36
  371     26.00882541   -114.95983798   -492.22470113      26       0      42
  372     43.20918415    -64.16901365   -492.22470111      31       0      56
  373     35.06254008    -51.40441765   -492.22470113      54       0      64
  374     41.05706854    -47.03294352   -492.22470113      61       0      66
  375     30.14737712   -107.87605401   -492.22470113      56       0      47
  376     21.73173369   -209.64688681   -492.22470113      41       0      61
  377     27.61012796    -55.33943965   -492.22470112      53       0      37
  378     16.53442335   -257.45521037   -492.22470113      42       0      23
  379     18.01494454   -212.67714265   -492.22470113      36       0      16
  380     19.67990338    -82.04971595   -492.22470113      17       0       8
  381      2.07449370   -461.56196567   -492.22470113      14       0       1
  382      2.98806948   -457.56064448   -492.22470113       3       0       4
  383      1.91997892   -461.80627101   -492.22470113       4       0       4
  384      4.98311445   -396.49769305   -492.22470113       2       0       4
  385     16.88619548   -130.13869440   -492.22470113       3       0      13
  386     22.46191060   -170.80896342   -492.22470113      10       0      26
  387     39.28110549     -9.33193056   -492.22470113      23       0      38
  388     13.76460905   -337.16300754   -492.22470113      32       0      35
  389     25.68625216   -140.21609745   -492.22470113      34       0      54
  390     36.45857339   -121.26721478   -492.22470113      42       0      69
  391     38.60455190   -137.03006355   -492.22470113      52       0      66
  392     33.10255621    -63.64074724   -492.22470112      63       0      49
  393     27.35274410   -183.96504071   -492.22470113      54       0      48
  394     31.23489070    -66.08036461   -492.22470113      49       0      33
  395     17.79558877   -307.21111700   -492.22470113      32       0      31
  396     21.44205504   -242.31865413   -492.22470113      30       0      16
  397      6.35673961   -389.53664849   -492.22470112      23       0       7
  398      5.30989095   -389.18747700   -492.22470113      14       0       3
  399      5.18350154   -409.22144676   -492.22470113       6       0       6
  400      2.08163773   -461.56196558   -492.22470113       8       0       2
  401     10.15899036   -277.79268988   -492.22470110       2       0       8
  402     10.85997947   -270.97543629   -492.22470113       6       0      12
  403     24.99613800   -127.98373052   -492.22470113      10       0      29
  404     25.34775999   -124.59099582   -492.22470113      24       0      31
  405     35.43963778    -50.05678676   -492.22470113      31       0      47
  406     42.87370228    -44.45333127   -492.22470113      36       0      54
  407     34.58341384    -99.00786693   -492.22470113      47       0      64
  408     42.54297555    -54.13250805   -492.22470113      54       0      57
  409     19.03054232   -164.25382432   -492.22470113      57       0      53
  410     33.58619606   -129.01019969   -492.22470110      44       0      45
  411     21.96089733   -102.88519253   -492.22470113      45       0      34
  412     28.63670318    -73.81453400   -492.22470113      30       0      29
  413      5.99047199   -453.74589232   -492.22470113      30       0      15
  414      7.55604440   -350.42457108   -492.22470113      19       0       7
  415      3.41206662   -457.56064448   -492.22470113      10       0       6
  416      2.66799327   -457.56064448   -492.22470113       6       0       6
  417      2.67206114   -457.56064447   -492.22470113       5       0       5
  418      7.07417342   -350.66103257   -492.22470113       4       0       6
  419     21.09421310   -128.14461549   -492.22470113       6       0      16
  420     31.23367058   -133.58644533   -492.22470113      11       0      28
  421     24.36841937   -200.29484017   -492.22470113      25       0      38
  422     24.26965241   -158.05602072   -492.22470113      30       0      45
  423     24.85443692   -207.91240014   -492.22470113      41       0      50
  424     35.83417583    -38.15765258   -492.22470113      40       0      64
  425     36.95119972    -58.59427126   -492.22470113      56       0      59
  426     32.30436727   -118.65136143   -492.22470113      51       0      49
  427     30.89200641    -96.26167346   -492.22470113      41       0      42
  428     32.83827082    -78.02283485   -492.22470113      48       0      37
  429     16.04275125   -245.47347516   -492.22470112      44       0      25
  430     12.21619009   -263.48592155   -492.22470113      25       0      16
  431     10.07152711   -356.31604698   -492.22470113      19       0       9
  432     10.78344237   -263.13571305   -492.22470113      11       0       6
  433     16.59102368   -130.86984957   -492.22470113       6       0       7
  434     14.60083873   -237.47993761   -492.22470113       8       0       3
  435     13.11425139   -308.47709391   -492.22470113       4       0      10
  436      7.47545931   -371.70802843   -492.22470113       8       0      15
  437     23.54109160   -125.04857279   -492.22470113      13       0      31
  438     24.64251007   -105.46814260   -492.22470113      29       0      36
  439     20.50967105   -243.58698399   -492.22470113      36       0      53
  440     29.40653380   -214.29221217   -492.22470113      48       0      44
  441     41.36482524    -43.14256143   -492.22470113      37       0      59
  442     34.82135059    -88.01795555   -492.22470113      49       0      61
  443     42.16850229      7.44083941   -492.22470113      58       0      44
  444     40.09659760    -34.71193526   -492.22470113      49       0      45
  445     22.52361860   -177.89059263   -492.22470113      39       0      34
  446     39.92318976    -89.21151240   -492.22470113      33       0      26
  447     19.33009836   -204.80098775   -492.22470113      29       0      17
  448      3.30552055   -457.56064447   -492.22470112      18       0       8
  449     12.08842181   -231.99971533   -492.22470113       5       0       7
  450      2.92343244   -453.74589233   -492.22470113       7       0       7
  451     13.25369147   -275.01705805   -492.22470113       5       0       5
  452      2.55500857   -457.56064448   -492.22470112       3       0       9
  453      8.37445014   -373.95247237   -492.22470112       2       0      14
  454     25.28219629   -100.28038330   -492.22470113      10       0      27
  455     21.82964158   -137.24447359   -492.22470113      23       0      51
  456     24.44913152   -125.48557209   -492.22470113      47       0      45
  457     38.49710416    -48.69176497   -492.22470113      47       0      48
  458     36.44083672    -95.02837141   -492.22470113      41       0      54
  459     31.47972915   -165.42287474   -492.22470113      42       0      56
  460     34.08554969   -119.37514826   -492.22470113      53       0      55
  461     32.60030957    -68.17214008   -492.22470113      54       0      39
  462     25.05476040   -189.33787747   -492.22470113      40       0      31
  463     24.58341162   -187.82053138   -492.22470113      33       0      26
  464     23.50338646   -163.17125945   -492.22470113      34       0      23
  465     13.41993521   -198.98492085   -492.22470113      24       0       3
  466     13.05358717   -233.42134640   -492.22470113       5       0       9
  467      3.55503067   -457.56064448   -492.22470113       9       0       7
  468      5.04907602   -407.58175117   -492.22470113       6       0       9
  469      3.76347444   -453.74589234   -492.22470112       7       0       7
  470      9.47503204   -366.32891813   -492.22470112       5       0      11
  471     22.32984717   -167.98389269   -492.22470113      10       0      25
  472     34.92468750    -27.53429817   -492.22470113      20       0      54
  473     34.89162762   -171.71182686   -492.22470113      46       0      48
  474     31.43581100    -73.92657873   -492.22470113      39       0      50
  475     17.82041734   -263.39603828   -492.22470113      47       0      54
  476     25.88991261   -203.14535966   -492.22470113      40       0      52
  477     23.07471330   -124.64576230   -492.22470113      48       0      48
  478     28.02952954   -163.63738530   -492.22470113      41       0      40
  479     27.19150896   -213.84740029   -492.22470113      35       0      32
  480     14.68311128   -221.31580665   -492.22470113      31       0      29
  481     15.14219662   -248.09074611   -492.22470113      27       0      21
  482     12.32183300   -228.69915809   -492.22470113      23       0       5
  483     17.85446202   -204.97486312   -492.22470113       8       0       9
  484     17.26581638   -169.63031083   -492.22470113      12       0       8
  485     10.85208510   -317.90083824   -492.22470113       9       0       8
  486     24.31645838    -84.07624114   -492.22470113       9       0       8
  487      8.79815409   -340.32619117   -492.22470113       9       0      13
  488     23.44415077   -160.07848608   -492.22470113       7       0      29
  489     23.98992963   -179.04626842   -492.22470112      23       0      53
  490     38.45889285   -117.93256554   -492.22470112      44       0      42
  491     42.26529784    -40.46676852   -492.22470113      35       0      60
  492     27.67810686   -133.67202785   -492.22470113      51       0      51
  493     29.80256753   -122.03156395   -492.22470113      52       0      49
  494     43.17402621    -88.31889421   -492.22470113      38       0      46
  495     30.51630947   -108.09496630   -492.22470112      43       0      39
  496     25.64469933   -171.37819786   -492.22470113      37       0      33
  497     21.19204367    -92.21885156   -492.22470112      36       0      28
  498      7.05535485   -386.94846843   -492.22470113      33       0      15
  499      3.87643201   -458.21299732   -492.22470113      14       0       9
  500      4.48754348   -421.01274031   -492.22470113       9       0       8
  501     13.68735871   -265.41864200   -492.22470113       4       0       8
  502     12.47033191   -226.06051629   -492.22470113       9       0       8
  503     33.58603272      2.61803285   -492.22470113       8       0      14
  504     17.11724762   -124.61479222   -492.22470111      13       0      14
  505     24.23187572    -78.29583029   -492.22470113      13       0      29
  506     27.65577377   -149.48723270   -492.22470113      24       0      51
  507     35.80111678    -80.64641359   -492.22470113      47       0      49
  508     23.30467534   -153.97673702   -492.22470112      44       0      52
  509     30.59341474   -197.04596189   -492.22470112      47       0      55
  510     26.07886701   -193.59465403   -492.22470113      59       0      43
  511     31.57602061   -112.82390045   -492.22470112      45       0      48
  512     15.76067621   -228.09875136   -492.22470113      42       0      32
  513     27.91566097    -67.06018173   -492.22470113      33       0      36
  514     16.30207569   -208.11536687   -492.22470113      30       0      31
  515     18.60157450   -256.13703908   -492.22470113      24       0      15
  516      9.50253727   -342.44447501   -492.22470113      23       0       9
  517     11.67754959   -243.18143177   -492.22470113      12       0       7
  518      3.08771607   -457.56064448   -492.22470113       8       0       7
  519     18.84990606    -78.75147414   -492.22470113       4       0       9
  520      4.64549091   -453.74589233   -492.22470113       9       0      13
  521     25.00088056   -116.72072512   -492.22470111       9       0      19
  522     26.31987908   -107.86067717   -492.22470111      16       0      24
  523     40.42337165    -60.66110632   -492.22470113      24       0      53
  524     33.10909626    -33.64345073   -492.22470112      46       0      49
  525     30.54883270   -112.28145780   -492.22470113      40       0      50
  526     27.87554900   -139.96641312   -492.22470112      44       0      53
  527     28.15835125   -203.71259309   -492.22470111      53       0      51
  528     34.62712941   -125.08357667   -492.22470113      44       0      44
  529     32.95977843    -33.78867011   -492.22470113      44       0      38
  530      9.08296822   -407.58175115   -492.22470113      40       0      33
  531     14.59385902   -241.27372353   -492.22470113      31       0      20
  532     24.42805169    -91.80617693   -492.22470113      18       0      19
  533     14.76012848   -218.38569320   -492.22470113      18       0      10
  534      4.74288522   -407.58175115   -492.22470113      10       0      10
  535      3.85801733   -457.56064448   -492.22470112       5       0       7
  536     13.95057450   -251.32237627   -492.22470113       8       0       9
  537     14.45690903   -220.54412938   -492.22470113       5       0      14
  538     11.43712138   -261.28835057   -492.22470113      15       0      15
  539     27.55685348   -112.70505488   -492.22470113      12       0      31
  540     37.47766421    -91.97082933   -492.22470113      22       0      55
  541     28.84827215    -87.23076388   -492.22470113      50       0      47
  542     26.87855977   -204.25006797   -492.22470113      53       0      44
  543     42.50374777    -84.40707994   -492.22470113      52       0      59
  544     32.69954085   -146.44046636   -492.22470113      51       0      45
  545     31.96085339   -119.21200351   -492.22470112      43       0      43
  546     26.95770497   -141.67256696   -492.22470112      37       0      43
  547     18.01129383   -144.44746777   -492.22470113      37       0      32
  548     12.95600836   -260.45602308   -492.22470113      34       0      20
  549     23.51037296      5.94999124   -492.22470111      22       0      14
  550     14.36226622   -259.54930548   -492.22470113      14       0      17
  551      3.93001239   -453.74589232   -492.22470113      13       0       6
  552      7.58749584   -336.69598098   -492.22470113       7       0       8
  553     11.28891617   -246.37138241   -492.22470113       4       0       5
  554     24.12966964    -54.09908949   -492.22470113       3       0      18
  555     15.67051202   -176.96748585   -492.22470113      13       0      19
  556     14.33289763   -247.05421638   -492.22470113      15       0      27
  557     33.19614862   -117.17577758   -492.22470111      19       0      49
  558     22.39529503   -186.32116067   -492.22470111      43       0      48
  559     33.08759624    -52.61515619   -492.22470113      37       0      54
  560     28.82169627   -131.85492891   -492.22470113      48       0      52
  561     38.71663666    -69.19246774   -492.22470111      43       0      54
  562     24.76592704   -227.37200049   -492.22470111      47       0      37
  563     28.90691822   -107.20435818   -492.22470113      41       0      40
  564     26.30637852    -70.00348846   -492.22470113      37       0      32
  565      5.60488751   -457.56064448   -492.22470111      39       0      20
  566     14.09057043   -245.00757976   -492.22470113      17       0      19
  567     26.95239663    -88.12472151   -492.22470113      20       0      12
  568      8.87747240   -314.33165254   -492.22470113      15       0       8
  569      7.28083028   -391.84965520   -492.22470111       9       0       8
  570      3.20693862   -457.56064447   -492.22470113       8       0       8
  571     38.40347228    -41.59772294   -492.22470111       4       0      17
  572     14.56518303   -245.85900435   -492.22470113      15       0      23
  573     19.33693712   -200.50222953   -492.22470113      14       0      25
  574     31.78919213    -63.40830645   -492.22470113      18       0      50
  575     16.16881279   -266.51714461   -492.22470111      40       0      47
  576     37.80036818    -97.49614691   -492.22470113      42       0      53
  577     41.29199156    -90.94048228   -492.22470113      40       0      52
  578     40.34106103    -45.55888461   -492.22470113      49       0      47
  579     44.54151206    -16.10092141   -492.22470113      42       0      44
  580     35.20346632   -121.57130452   -492.22470113      47       0      31
  581     27.22275805    -26.92856196   -492.22470113      36       0      39
  582      5.34028824   -457.56064448   -492.22470112      40       0      18
  583     22.54523347   -209.51887744   -492.22470113      13       0      17
  584      6.89923766   -396.35554881   -492.22470113      20       0      12
  585     20.07588213    -88.63305292   -492.22470112      12       0      10
  586     16.60918726   -133.59308680   -492.22470112      16       0      10
  587      7.49649168   -341.51601022   -492.22470113      12       0       8
  588     28.25092783    -43.75063566   -492.22470113       8       0      20
  589      9.15931633   -384.38204077   -492.22470112      14       0      24
  590      9.95279206   -397.35245153   -492.22470113      19       0      26
  591     30.78078058    -71.36249918   -492.22470113      25       0      49
  592     40.32038368    -87.81216585   -492.22470113      38       0      51
  593     24.95581134    -84.70775412   -492.22470113      41       0      44
  594     13.87063473   -282.92559132   -492.22470113      43       0      52
  595     20.59586268   -200.92073100   -492.22470113      45       0      40
  596     34.76407609    -57.83287721   -492.22470113      41       0      43
  597     23.28788680   -220.91603736   -492.22470113      46       0      42
  598     32.41855114    -62.09796121   -492.22470113      38       0      39
  599     17.88146583   -108.85796968   -492.22470110      41       0      12
  600     17.53196953   -213.27549198   -492.22470113      16       0      17
  601      4.62668902   -456.19756221   -492.22470113      15       0      10
  602      6.11036475   -400.27168727   -492.22470113      12       0      11
  603     13.31774650   -232.94689258   -492.22470110       7       0      13
  604     13.81584573   -265.61198405   -492.22470113      14       0      11
  605     21.62284583    -74.17522510   -492.22470113      14       0      19
  606     18.24566377   -136.24772585   -492.22470110      13       0      24
  607     29.12940142   -109.12432845   -492.22470113      21       0      32
  608     29.37893537   -122.61055792   -492.22470112      26       0      50
  609     30.48920349    -85.86507323   -492.22470113      49       0      40
  610     35.49368717    -99.64728493   -492.22470112      39       0      51
  611     28.96573455   -144.38530022   -492.22470110      43       0      46
  612     31.77226124    -27.44202182   -492.22470112      43       0      39
  613     26.47408605   -121.77602853   -492.22470113      35       0      50
  614     22.05899672   -176.96445887   -492.22470113      39       0      32
  615     11.48548351   -330.41827447   -492.22470112      35       0      39
  616     22.91846727   -121.44094042   -492.22470112      32       0      20
  617     20.79654232   -121.97416309   -492.22470111      24       0      13
  618     22.63162674    -53.05108412   -492.22470112      15       0      11
  619      6.62349725   -405.84156120   -492.22470113      11       0      12
  620     17.94968530   -130.79765023   -492.22470113       8       0       8
  621     15.82253450   -156.93642495   -492.22470113       9       0      18
  622     28.68167799   -157.89629119   -492.22470113      14       0      18
  623     32.76022338    -74.85141876   -492.22470112      14       0      28
  624     23.29110538   -194.69418245   -492.22470113      23       0      26
  625     28.84048628   -129.81792756   -492.22470113      20       0      49
  626     29.74572400    -74.37813481   -492.22470113      41       0      47
  627     35.11428600   -128.84014744   -492.22470113      35       0      45
  628     25.34040286   -129.25185907   -492.22470112      46       0      51
  629     18.38089209   -269.86393829   -492.22470112      43       0      41
  630     20.76937397   -224.56718956   -492.22470113      44       0      40
  631     23.15759488   -166.04214758   -492.22470113      38       0      43
  632     26.80565721   -102.70724520   -492.22470113      35       0      28
  633      9.68454437   -345.24979473   -492.22470113      32       0      19
  634      8.07363501   -396.03668333   -492.22470112      23       0      19
  635      6.18845410   -403.86897385   -492.22470113      15       0      10
  636      5.87572028   -387.92853240   -492.22470113      12       0      10
  637      9.15709517   -330.27618862   -492.22470113       7       0      11
  638      7.96922955   -396.35554881   -492.22470113       7       0      19
  639     17.52583877   -126.48631428   -492.22470113      13       0      19
  640     24.67709916   -140.22746337   -492.22470112      21       0      28
  641     26.99571596   -138.10295871   -492.22470113      27       0      28
  642     25.49390008   -180.48043091   -492.22470113      21       0      48
  643     28.73365482   -137.43179813   -492.22470113      41       0      44
  644     23.47408359   -108.05650463   -492.22470110      36       0      46
  645     36.34197101    -63.15686393   -492.22470113      39       0      51
  646     33.83258809    -36.00956809   -492.22470113      44       0      40
  647     23.68506436   -154.73406288   -492.22470113      34       0      43
  648     27.89430585   -142.63673125   -492.22470112      36       0      30
  649     37.33345613    -66.09625520   -492.22470113      32       0      37
  650     14.98918740   -269.68570505   -492.22470113      34       0      18
  651     14.96828010   -198.88274406   -492.22470113      26       0      20
  652     15.62702485   -192.19352243   -492.22470113      21       0      11
  653      3.92307785   -453.74589232   -492.22470112      15       0      11
  654      4.33175466   -457.56064448   -492.22470112       7       0       9
  655     11.75687299   -252.35157019   -492.22470113      10       0      19
  656     14.84022897   -227.22251004   -492.22470112      13       0      18
  657     15.76136737   -210.20504886   -492.22470112      15       0      29
  658     23.55626276   -163.97559221   -492.22470113      27       0      34
  659     37.41033011    -94.49162272   -492.22470113      29       0      49
  660     20.53778913   -103.96471131   -492.22470112      42       0      43
  661     15.94208367   -221.01447451   -492.22470113      33       0      44
  662     23.77063362    -91.82350747   -492.22470113      44       0      54
  663     39.01500018   -100.89991792   -492.22470113      42       0      34
  664     23.96984124   -132.03326630   -492.22470113      38       0      35
  665     24.57094513   -170.28257006   -492.22470113      32       0      40
  666     32.78262458    -68.25854974   -492.22470113      34       0      25
  667     15.16138886   -213.50151111   -492.22470113      26       0      25
  668     15.52211887   -198.93606966   -492.22470113      25       0      17
  669     18.14048071   -134.37766974   -492.22470113      15       0      17
  670     19.71247866   -142.12537413   -492.22470113      19       0       8
  671     12.26268257   -312.28826874   -492.22470113       8       0      16
  672     13.86270400   -214.71262274   -492.22470113      14       0      14
  673     16.73504276   -227.44190240   -492.22470113      16       0      18
  674     21.50248201   -127.99795028   -492.22470113      15       0      27
  675     39.07732049   -116.10657585   -492.22470113      26       0      44
  676     43.85471924     -5.78848630   -492.22470113      38       0      44
  677     40.14945910    -60.73765750   -492.22470113      38       0      46
  678     40.07687359    -33.35457656   -492.22470113      44       0      44
  679     30.42769096   -121.25677521   -492.22470113      43       0      44
  680     17.86684480   -151.86378459   -492.22470113      39       0      38
  681     27.49765331    -29.91842315   -492.22470113      34       0      37
  682     14.81527568   -320.33412599   -492.22470113      39       0      37
  683     23.24238664   -195.47305057   -492.22470113      37       0      24
  684     20.66333397   -147.25931655   -492.22470113      24       0      27
  685     21.25968543   -207.71640701   -492.22470113      24       0      17
  686     28.92058206   -115.75050618   -492.22470113      23       0      14
  687     18.66647687   -196.24360386   -492.22470113      17       0       9
  688     19.89799538   -154.12753613   -492.22470113      14       0      15
  689     20.89332743   -130.78263880   -492.22470113      12       0      16
  690     25.51813935    -71.30424656   -492.22470113      15       0      17
  691     26.87796874   -160.92700074   -492.22470113      13       0      32
  692     22.60804874   -223.04121694   -492.22470113      25       0      42
  693     30.88049367    -55.78907348   -492.22470113      36       0      46
  694     38.10641302   -126.59343412   -492.22470111      41       0      43
  695     37.80785417    -90.20456800   -492.22470113      38       0      45
  696     24.87467383   -177.55120019   -492.22470113      40       0      45
  697     21.93738931   -165.10940086   -492.22470113      49       0      33
  698     10.48427780   -403.97153749   -492.22470113      25       0      39
  699     22.78321304   -136.07644841   -492.22470112      37       0      37
  700     20.50944262   -160.72190539   -492.22470113      31       0      26
  701     16.20052666   -228.92811477   -492.22470113      30       0      18
  702     17.47147244   -130.09334818   -492.22470113      15       0      21
  703     14.76210688   -176.92571612   -492.22470113      19       0      13
  704     22.53802243    -89.39352917   -492.22470113       9       0      15
  705     21.85232299    -31.32206653   -492.22470113      13       0      14
  706     19.88062668   -218.25309062   -492.22470113      13       0      15
  707     16.60169210   -233.54381470   -492.22470113      12       0      23
  708     33.49610334    -44.73081694   -492.22470113      20       0      28
  709     26.42419866   -139.53683320   -492.22470113      24       0      50
  710     21.13038192   -187.76441437   -492.22470113      38       0      34
  711     23.64279988   -243.57833063   -492.22470113      38       0      49
  712     30.01130793    -93.30213026   -492.22470112      47       0      36
  713     34.63868729   -156.22390632   -492.22470113      39       0      56
  714     22.10873907   -138.47351098   -492.22470113      60       0      29
  715     38.31580969    -61.40272893   -492.22470113      43       0      42
  716     12.41560101   -295.91535352   -492.22470113      38       0      31
  717     17.54038057   -295.91535352   -492.22470113      27       0      28
  718     13.89812097   -232.10706901   -492.22470113      30       0      21
  719     20.22932916   -198.32047122   -492.22470113      16       0      19
  720      7.61323012   -351.96109592   -492.22470113      25       0      13
  721     11.01146659   -353.84590080   -492.22470113      13       0      12
  722     13.75387047   -229.93413208   -492.22470113      15       0      16
  723     12.59037617   -236.81162825   -492.22470113      12       0      17
  724     28.04515332    -50.63416916   -492.22470113      11       0      23
  725     20.43128965   -261.54149769   -492.22470111      17       0      33
  726     20.94230862    -80.18679152   -492.22470113      29       0      35
  727     37.87212998   -119.71220037   -492.22470113      27       0      42
  728     30.33543087   -139.89229675   -492.22470113      29       0      40
  729     37.47367528   -102.53217127   -492.22470113      38       0      40
  730     42.08233779   -103.71447030   -492.22470113      44       0      51
  731     26.39646154   -133.20770143   -492.22470112      43       0      42
  732     25.99568395   -215.53721258   -492.22470111      38       0      39
  733     11.58768790   -292.52882517   -492.22470113      37       0      27
  734     23.13024243   -165.24444550   -492.22470113      28       0      31
  735     29.45678827   -147.95187656   -492.22470112      30       0      20
  736     31.82671756    -86.16824386   -492.22470112      26       0      21
  737     17.90900737   -163.68125876   -492.22470113      24       0       8
  738     30.61706885      4.79648145   -492.22470113      14       0      19
  739     23.99866241   -108.55010850   -492.22470113      14       0      17
  740     13.74607866   -224.51348366   -492.22470113      14       0      15
  741     16.61480844   -224.00879722   -492.22470113      21       0      25
  742     30.79543119    -54.18059230   -492.22470113      19       0      34
  743     25.08705351   -105.39235302   -492.22470113      27       0      41
  744     26.39949211    -97.54462344   -492.22470113      38       0      31
  745     32.34479241   -110.51008847   -492.22470113      30       0      39
  746     29.66033110   -136.44161148   -492.22470113      37       0      40
  747     19.73448784   -145.04983549   -492.22470113      33       0      57
  748     27.82245455   -115.11356568   -492.22470112      49       0      43
  749     27.06287018    -88.54224040   -492.22470113      40       0      30
  750     28.99075358   -106.16401979   -492.22470113      25       0      31
  751     24.44930573   -117.51647348   -492.22470113      33       0      23
  752     28.59512629    -68.68350518   -492.22470113      24       0      24
  753     11.89925943   -264.69815701   -492.22470113      19       0      18
  754     16.97865710   -157.19194139   -492.22470113      17       0      19
  755     20.70317798    -99.05428248   -492.22470113      12       0      14
  756     13.91195075   -239.24842342   -492.22470108       9       0      11
  757     22.60885967   -179.30379935   -492.22470113       8       0      27
  758     26.56452238   -135.84127106   -492.22470113      15       0      22
  759     31.37420146    -88.59724681   -492.22470113      23       0      36
  760     31.88409460    -96.35607583   -492.22470113      30       0      35
  761     14.47239779   -262.94979883   -492.22470113      31       0      33
  762     39.30814517    -23.12085104   -492.22470113      27       0      40
  763     38.22625173    -99.58260633   -492.22470112      37       0      47
  764     31.29027587    -97.98801356   -492.22470113      45       0      52
  765     14.75337794   -280.48846918   -492.22470113      40       0      41
  766     18.69430251   -110.72451383   -492.22470113      34       0      28
  767     26.15553515    -92.88539724   -492.22470113      29       0      29
  768     25.02034240   -165.09745031   -492.22470113      26       0      29
  769     28.73196144     -1.30554713   -492.22470112      24       0      21
  770     34.26831042    -94.00121236   -492.22470113      23       0      23
  771     19.92997172   -110.18313295   -492.22470113      24       0      15
  772     22.80657987   -164.90583819   -492.22470113      18       0      16
  773     16.68106938   -168.77225142   -492.22470113      15       0      13
  774      9.46412453   -352.63095136   -492.22470113      13       0      21
  775     22.83639514   -130.52027028   -492.22470113      21       0      26
  776     34.53034844   -135.68693970   -492.22470113      20       0      36
  777     12.58308058   -355.17175027   -492.22470113      37       0      35
  778     22.09666616    -92.16793484   -492.22470112      32       0      32
  779     35.10560625    -72.46280342   -492.22470113      33       0      40
  780     34.31161099    -56.30174441   -492.22470113      38       0      52
  781     13.73241221   -299.70598123   -492.22470112      44       0      48
  782     26.88855800   -143.80248169   -492.22470113      41       0      36
  783     25.30756896   -120.46911972   -492.22470113      28       0      31
  784     19.92515549   -121.42352480   -492.22470113      31       0      30
  785     28.78002649    -89.19246853   -492.22470113      26       0      27
  786      7.33116084   -404.22896002   -492.22470113      25       0      18
  787     11.60115264   -287.78545888   -492.22470112      19       0      21
  788     19.71268554   -146.09023111   -492.22470112      20       0      17
  789     33.01679436   -118.71315412   -492.22470113      17       0      19
  790     21.72452809   -121.28868931   -492.22470113      18       0      11
  791      7.10394709   -407.58175097   -492.22470113      15       0      23
  792     10.91259756   -298.38801985   -492.22470113      20       0      22
  793     29.36436075    -69.07579832   -492.22470113      17       0      41
  794     29.46317584    -49.42294602   -492.22470113      36       0      33
  795     32.59747401    -59.84436450   -492.22470113      26       0      33
  796     34.84877467   -110.86899791   -492.22470113      30       0      46
  797     29.08341466   -151.27873047   -492.22470113      33       0      52
  798     24.95955300   -163.56380001   -492.22470113      47       0      49
  799     29.76843349    -50.20479772   -492.22470113      47       0      24
  800     20.78861710   -205.95760913   -492.22470113      30       0      40
  801     15.81969962   -189.15022476   -492.22470113      35       0      23
  802     23.54117033    -35.42745967   -492.22470113      29       0      29
  803     18.41800283   -225.37268375   -492.22470113      26       0      21
  804     25.87901778    -71.52109978   -492.22470113      20       0      16
  805     19.19574087   -198.77665657   -492.22470113      14       0      18
  806     16.82135283   -221.41583833   -492.22470113      13       0      18
  807     14.17163493   -284.03732605   -492.22470113      16       0      15
  808     19.56834484   -218.82058866   -492.22470113      18       0      22
  809     26.70752647    -73.13780251   -492.22470113      19       0      26
  810     19.60945050   -224.40624789   -492.22470113      19       0      41
  811     20.69533024   -215.28855833   -492.22470113      33       0      29
  812     22.67254551    -47.92873829   -492.22470113      26       0      42
  813     34.65935709    -75.44603606   -492.22470113      37       0      40
  814     34.88398979    -85.23982422   -492.22470113      42       0      50
  815     23.44403917   -246.73553232   -492.22470111      47       0      40
  816     19.68503265   -201.32952244   -492.22470112      43       0      36
  817     25.30578912   -110.21766836   -492.22470113      30       0      30
  818     30.41490046   -106.99826939   -492.22470112      29       0      32
  819     25.23544796   -157.39596308   -492.22470113      28       0      25
  820      9.31357091   -335.74867800   -492.22470113      33       0      20
  821     31.02989009   -121.66979764   -492.22470113      20       0      22
  822      6.57126076   -396.05214688   -492.22470113      20       0      13
  823      5.13739405   -453.74589232   -492.22470113      13       0      14
  824     19.65259473   -179.28476232   -492.22470113      11       0      22
  825     18.16174941   -182.34604540   -492.22470113      19       0      24
  826     14.54049548   -247.47403440   -492.22470113      23       0      27
  827     27.07469050   -140.06094023   -492.22470112      26       0      36
  828     38.16742239    -32.32869775   -492.22470113      30       0      35
  829     30.15277709   -125.17919378   -492.22470113      39       0      31
  830     48.78842442    -28.96313945   -492.22470113      28       0      43
  831     25.48508570   -248.39084636   -492.22470111      32       0      49
  832     36.59292173    -52.22127710   -492.22470113      43       0      44
  833     29.49891504   -174.93303656   -492.22470113      41       0      36
  834     30.26749476    -85.90812045   -492.22470113      35       0      29
  835     20.11749386   -107.14609820   -492.22470113      33       0      26
  836     23.72729173   -137.18281776   -492.22470113      25       0      28
  837     17.76751658   -245.64691048   -492.22470112      22       0      23
  838     18.98597561   -146.96918526   -492.22470113      23       0      22
  839     17.22913614   -148.42438527   -492.22470113      20       0      14
  840     13.85224823   -241.68523794   -492.22470113      16       0      12
  841     13.10504779   -250.54694393   -492.22470112      11       0      24
  842     12.28837565   -283.14271979   -492.22470112      19       0      22
  843     27.03591803   -112.73319307   -492.22470113      26       0      30
  844     19.33418285   -248.02632802   -492.22470113      28       0      29
  845     14.96226557   -322.24771289   -492.22470112      26       0      42
  846     29.52829318   -126.08836142   -492.22470112      37       0      36
  847     30.10895794    -87.98179014   -492.22470113      31       0      38
  848     31.98723340   -151.01624685   -492.22470113      28       0      49
  849     25.53752268   -168.12006534   -492.22470113      45       0      43
  850     23.73217247   -128.54368390   -492.22470113      43       0      31
  851     24.66964198   -111.53077568   -492.22470113      30       0      31
  852     18.71339796   -115.22423674   -492.22470113      37       0      28
  853     26.44238109   -120.34131011   -492.22470112      30       0      29
  854     26.41047505    -99.05904916   -492.22470113      26       0      23
  855      6.83801110   -396.35554881   -492.22470113      20       0      19
  856     12.31920225   -223.31922069   -492.22470113      16       0      11
  857     12.51146106   -276.78579808   -492.22470113       6       0      17
  858     19.33869870   -111.29603428   -492.22470112      12       0      21
  859     23.29851701   -152.56750886   -492.22470113      17       0      28
  860     19.57675670   -201.26838396   -492.22470113      21       0      28
  861     30.32274688   -106.11995444   -492.22470112      27       0      31
  862     22.75041858   -154.28500337   -492.22470112      27       0      41
  863     30.95246809   -123.59490809   -492.22470112      36       0      40
  864      9.44624432   -405.84156120   -492.22470112      41       0      35
  865     30.62678612    -51.34374411   -492.22470113      39       0      45
  866     29.83504515   -153.37212999   -492.22470113      41       0      39
  867     25.87017339    -74.34482027   -492.22470113      30       0      29
  868     33.43521482    -36.16417380   -492.22470113      26       0      38
  869     38.86215474    -55.84666356   -492.22470112      36       0      28
  870     28.50685957    -37.43592828   -492.22470113      28       0      31
  871     30.34094489    -77.72651935   -492.22470113      32       0      22
  872     32.96165857    -36.96361448   -492.22470113      25       0      22
  873     19.61307322   -133.23085170   -492.22470112      23       0       8
  874      7.46593689   -387.75844718   -492.22470113      14       0      18
  875     19.99245248   -141.67109581   -492.22470113      12       0      22
  876     19.23964043   -129.63716502   -492.22470113      21       0      27
  877     23.82286351   -122.03277690   -492.22470112      25       0      26
  878     18.55184230   -258.79735741   -492.22470112      30       0      30
  879     20.55271128   -234.86828700   -492.22470112      34       0      40
  880     21.79737376   -143.98362125   -492.22470113      34       0      40
  881     33.41151390    -29.87983107   -492.22470113      36       0      39
  882     23.64503161   -112.05340155   -492.22470113      29       0      49
  883     25.96237709   -220.20281260   -492.22470112      44       0      33
  884     25.54373711   -208.51720118   -492.22470113      35       0      28
  885     35.47597581    -59.95832006   -492.22470112      30       0      39
  886     20.04841981   -136.47683026   -492.22470112      34       0      25
  887     25.82655435    -80.01514700   -492.22470113      28       0      30
  888      8.08087265   -407.58175106   -492.22470113      24       0      22
  889     18.98303882   -227.01251899   -492.22470113      19       0      20
  890     17.87930017   -226.43265584   -492.22470113      16       0      17
  891     18.17338688   -164.30792482   -492.22470113      19       0      13
  892     25.78955880   -139.02175129   -492.22470113      12       0      22
  893     30.07408276   -122.17682469   -492.22470113      14       0      25
  894     32.09076069    -91.40425427   -492.22470113      25       0      27
  895     16.51100255   -281.85016635   -492.22470113      24       0      36
  896     21.69559732   -105.45873166   -492.22470112      31       0      38
  897     29.25162412    -83.81887349   -492.22470113      35       0      43
  898     26.01511353   -132.04368866   -492.22470112      37       0      39
  899     25.27148953   -111.16331150   -492.22470112      35       0      42
  900     30.86571252   -113.32516822   -492.22470113      42       0      32
  901     31.60800372    -61.37688343   -492.22470112      35       0      36
  902     12.79399970   -372.00027369   -492.22470113      40       0      30
  903     13.65351039   -322.90049209   -492.22470113      30       0      35
  904     19.76699147   -149.63512372   -492.22470113      35       0      27
  905     12.89477294   -294.13496705   -492.22470113      35       0      21
  906     12.46318024   -264.55328690   -492.22470112      23       0      17
  907     10.19010597   -313.67620917   -492.22470113      15       0      16
  908     14.06136645   -230.95213780   -492.22470113      18       0      21
  909     26.49084804   -141.78918388   -492.22470112      15       0      17
  910     21.56589455   -171.74776186   -492.22470113      16       0      24
  911     33.83001276    -46.48234596   -492.22470111      19       0      31
  912     35.56490686    -94.14832769   -492.22470113      23       0      33
  913     29.57275587   -141.49488193   -492.22470113      38       0      41
  914     27.40177855   -201.67940167   -492.22470113      34       0      41
  915     30.27075097    -74.25768995   -492.22470113      33       0      38
  916     28.36373020   -211.46065128   -492.22470113      37       0      41
  917     16.30428821   -236.96623033   -492.22470111      43       0      25
  918     30.61277805    -73.97495850   -492.22470112      28       0      40
  919     28.99082752   -107.40485866   -492.22470112      30       0      27
  920     25.14590809   -162.37732752   -492.22470113      34       0      37
  921     18.11501704   -259.13335209   -492.22470113      30       0      29
  922     23.10379022    -71.95838577   -492.22470113      32       0      24
  923     16.22530880   -273.78137066   -492.22470113      24       0      13
  924     27.49323721    -97.48400834   -492.22470113      13       0      24
  925     24.74720334   -121.14705299   -492.22470113      17       0      19
  926      9.56322994   -349.87644178   -492.22470113      20       0      16
  927     17.84582791   -278.86512374   -492.22470112      13       0      26
  928     21.05170358    -37.70017824   -492.22470113      22       0      24
  929     32.68125712   -109.84345544   -492.22470113      17       0      41
  930     40.96524386    -28.79949200   -492.22470113      34       0      37
  931     28.00632164   -151.57786156   -492.22470113      40       0      42
  932     30.21237650    -69.77809725   -492.22470113      40       0      36
  933     22.19593391   -219.52672011   -492.22470113      34       0      38
  934     24.07664115   -201.67371485   -492.22470113      31       0      37
  935     20.47920585   -173.22480855   -492.22470113      34       0      25
  936     12.33988590   -278.31513828   -492.22470113      27       0      33
  937     36.07940754   -109.26411472   -492.22470113      25       0      37
  938     21.91269914    -98.48535552   -492.22470113      34       0      29
  939     17.31386882   -248.51824180   -492.22470113      22       0      25
  940     30.89148699    -74.94423897   -492.22470112      24       0      18
  941     15.63740487   -236.35831378   -492.22470113      15       0      15
  942     18.84111793   -153.40119690   -492.22470113      17       0      22
  943     21.32264435   -102.01080400   -492.22470112      23       0      20
  944     16.83468571   -166.00755905   -492.22470113      21       0      28
  945     20.38856655   -165.44034371   -492.22470113      22       0      21
  946     36.10331372    -92.85196325   -492.22470112      21       0      36
  947     34.92535871    -94.53208562   -492.22470113      26       0      41
  948     25.62797659   -139.51861752   -492.22470113      40       0      40
  949     37.06445868   -107.99082032   -492.22470113      41       0      38
  950     38.16400000    -56.75226000   -492.22470113      40       0      42
  951     28.12466117    -88.52399370   -492.22470113      34       0      29
  952     31.00607641   -111.15800811   -492.22470113      29       0      34
  953     10.30196412   -361.82413038   -492.22470112      27       0      28
  954     21.12272547   -130.92520387   -492.22470113      31       0      38
  955     22.75737913   -147.80084626   -492.22470113      29       0      28
  956     25.25044740   -116.30055654   -492.22470113      31       0      26
  957     10.61665286   -322.57253718   -492.22470113      29       0      13
  958      6.36528442   -407.58175105   -492.22470113      23       0      15
  959     24.66983949     43.04311940   -492.22470113      16       0      21
  960     12.13953024   -384.38204077   -492.22470113      20       0      28
  961     18.59324395   -171.59126665   -492.22470113      24       0      23
  962     26.39956988   -122.24374273   -492.22470113      23       0      24
  963     19.72010259   -214.61724068   -492.22470113      24       0      35
  964     26.26544694   -125.23255063   -492.22470113      27       0      41
  965     16.31517411   -231.36626009   -492.22470112      33       0      34
  966     41.00408920    -73.97156971   -492.22470113      31       0      41
  967     32.17388496   -125.45394109   -492.22470113      34       0      50
  968     17.26455163   -147.93937666   -492.22470113      43       0      27
  969     23.54817667   -183.90015573   -492.22470113      28       0      26
  970     25.53744601   -159.07642594   -492.22470113      31       0      38
  971     21.83302354    -83.92594722   -492.22470113      30       0      26
  972     17.62410126   -229.86484327   -492.22470113      21       0      29
  973     30.52320679    -75.39517060   -492.22470113      25       0      22
  974     22.86766848   -188.00821375   -492.22470112      23       0      20
  975      8.08067554   -375.17985846   -492.22470113      15       0      15
  976     19.81847628   -131.69409547   -492.22470113      17       0      23
  977     26.20624990    -69.20764819   -492.22470113      18       0      25
  978     25.99144307   -220.33168970   -492.22470113      23       0      25
  979     18.13240580   -162.18773801   -492.22470113      21       0      32
  980     30.63545475    -92.31164337   -492.22470113      25       0      35
  981     27.08820269    -83.23006043   -492.22470113      32       0      35
  982     11.77542539   -340.91562390   -492.22470113      35       0      37
  983     28.31751518    -71.50911051   -492.22470113      36       0      40
  984     31.38984303   -116.00006628   -492.22470113      41       0      45
  985     19.67975446   -199.91857629   -492.22470113      35       0      23
  986     30.13874498   -106.08459647   -492.22470113      31       0      36
  987     32.10506465    -75.05622213   -492.22470113      29       0      37
  988     17.80705890   -211.13951948   -492.22470113      32       0      24
  989     24.59229603    -77.28193962   -492.22470113      32       0      27
  990     18.64904831   -130.08380120   -492.22470112      18       0      26
  991      8.15734638   -397.35245153   -492.22470113      20       0      14
  992     23.01579151   -224.37427263   -492.22470113      19       0      20
  993     18.88516351   -229.67098307   -492.22470113      20       0      22
  994     18.88477251   -211.13268584   -492.22470113      20       0      28
  995     22.65131107   -173.79723317   -492.22470113      24       0      22
  996     36.36814146    -68.04882951   -492.22470112      25       0      30
  997     17.08887561   -261.78995516   -492.22470113      33       0      36
  998     30.70817113   -120.84326708   -492.22470113      31       0      34
  999     26.49374961   -130.06860920   -492.22470113      28       0      32
 1000     43.92407451    -48.72623410   -492.22470113      31       0      52
----------------------------------------------------------------------------------
Artificial Bee Colony Optimization Finished!

 -- Results Report --
 * 100 LMs will be saved in [ li_5_waters-LM ].
      #          Energy
      0   -492.22470113
      1   -492.14680466
      2   -492.14389941
      3   -492.14370612
      4   -488.18853444
      5   -486.80841707
      6   -486.76646333
      7   -486.30854589
      8   -486.18705270
      9   -486.08810902
     10   -486.08604833
     11   -486.07390549
     12   -485.94799683
     13   -485.91466919
     14   -485.91425755
     15   -485.87226409
     16   -485.78452326
     17   -485.66861795
     18   -485.55131786
     19   -485.54475014
     20   -485.53748995
     21   -485.49202812
     22   -485.47826588
     23   -485.44865737
     24   -485.44433518
     25   -485.39115801
     26   -485.15659562
     27   -485.15559250
     28   -485.15517380
     29   -485.08332273
     30   -485.05394691
     31   -485.00270956
     32   -484.98688164
     33   -484.98125219
     34   -484.97482594
     35   -484.91960275
     36   -484.90389627
     37   -484.89185982
     38   -484.88431694
     39   -484.86944247
     40   -484.68555294
     41   -484.66920523
     42   -484.60385456
     43   -484.58494512
     44   -484.58032455
     45   -484.41705511
     46   -484.36366000
     47   -484.21232911
     48   -484.20961993
     49   -484.12301090
     50   -484.06481603
     51   -483.99270188
     52   -483.93618932
     53   -483.79239475
     54   -483.53713625
     55   -483.50696692
     56   -483.24548634
     57   -474.94585852
     58   -469.62617198
     59   -469.40089192
     60   -466.63558426
     61   -465.94158426
     62   -465.01268702
     63   -464.23393758
     64   -464.09804665
     65   -464.06869456
     66   -464.05990072
     67   -463.67051261
     68   -463.33777629
     69   -463.30497836
     70   -463.24016819
     71   -463.04228035
     72   -463.00051466
     73   -462.99002958
     74   -462.96718968
     75   -462.36186598
     76   -462.34976585
     77   -462.11083641
     78   -461.97180058
     79   -461.82402962
     80   -461.80627103
     81   -461.56769319
     82   -461.56196569
     83   -461.55271963
     84   -461.47337946
     85   -461.26663174
     86   -461.25435951
     87   -461.16074571
     88   -460.93040839
     89   -460.91043272
     90   -460.90557357
     91   -460.84767198
     92   -460.73245002
     93   -460.70247519
     94   -460.59855128
     95   -460.45970254
     96   -460.44400336
     97   -460.33105068
     98   -460.29780791
     99   -460.17608846

 * Final Global Minimal Energy:   -492.22470113
 * The Global Minimum is saved as: [ li_5_waters-OPT.(cluster/xyz/gjf) ]

===== (^ _ ^) =====
Normal termination at Tue Aug 28 14:19:02 2018.
Total run time: 7375 seconds = 0 days 2 hours 2 minutes 55 seconds.
