    * * * * * * * * * * * * * * * * * * * * *
    *       __    ____    ______            *
    *      /  \  |  _ \  |  ___/  luster !  *
     *    / _  \ | |_| | | |               *
     *   / /_\ | |  _ <  | |     < @  @ >  * 
     *  / ___  | | |_| | | |___ _ _  o     * 
    *  /_/   |_| |____/  |_____ _ __ __  _  *
    *                                       *
    * * * * * * * * * * * * * * * * * * * * *

ABCluster 1.5.1
Specific flag:  official version
Platform:       LINUX/UNIX
Compiled by:    junzhang@gellmann.scs.illinois.edu
Compiling date: Dec 18 2017 20:33:35
C++ compiler:   g++
C++ options:    -O3 -Os -fno-exceptions --std=c++0x -fopenmp 

Contributors:
Jun Zhang(University of Cologne): Design and coding.

For any suggestions, comments, and questions on the theory and
implementation of ABCluster, please feel free to contact:

Dr. Jun Zhang, ZhangJunQcc@gmail.com

If you used this program in your work, please cite this reference:

[1] Zhang, J.; Dolg, M.; ABCluster: The Artificial Bee Colony Algorithm for
    Cluster Global Optimization. Phys. Chem. Chem. Phys. 2015, 17, 24173-24181.
[2] Zhang, J.; Dolg, M.; Global Optimization of Clusters of Rigid Molecules by the
    Artificial Bee Colony Algorithm. Phys. Chem. Chem. Phys. 2016, 18, 3003-3010.

Program starts at Wed Nov 13 11:47:12 2019.
Command line: " /ihome/jkeith/amm503/codes/ABCluster/rigidmol-optimizer 1wat-4acn.inp "
Process ID:   79359
Run by:       amm503@smp-n61.crc.pitt.edu
Available CPU cores:    24
Read "OMP_NUM_THREADS": Unset

Random number testing (integers): 730701173...1099179176
Random number testing (fractals): 0.14183585...0.40240030

 -- Input/Output Parameters --
Input file name:      1wat-4acn.inp
Cluster file name:    1wat-4acn.cluster
Result file name:     lm-1wat-4acn.(cluster/xyz/gjf)
Temporary file name:  abclusteramm503smp-n61.crc.pitt.edu79359-OPT
# of saved LMs:       100
LMs are stored in:    lm-1wat-4acn-LM

 -- ABC Control Parameters --
Population size:                  500
Maximal generation:              1000
Scout limit:                       15
Amplitude:                22.00000000

 -- Cluster Components: from [ 1wat-4acn.cluster ] --
 -----------------------------------------------------------
   Source                                       #   Charge
 -----------------------------------------------------------
   charmm36/tip4p.xyz                           1    0.000
   charmm36/ch3cn.xyz                           4   -0.000
 -----------------------------------------------------------
   Dimension: 0, an isolate cluster.
 -----------------------------------------------------------

Artificial Bee Colony Optimization Starts!
----------------------------------------------------------------------------------
 * Population: 500; Maximal cycles: 1000
 * EM = Employed Bee; Trigonometric mutation
 * OL = Onlooker Bee; ABC/best/2(0.5)+ABC/current/2(0.5);
        Tournament selection from 5 nectars.
 * SC = Scout Bee; Random nectar; Limit = 15
----------------------------------------------------------------------------------
    #       Diversity            maxE            minE    byEM    byOL    bySC
----------------------------------------------------------------------------------
    1     15.92714363    -22.18983025   -115.12923173     289      14       0
    2      5.41993547    -78.09282577   -115.12923157     208      25       0
    3      4.53315758    -94.18755169   -115.12923177     131       6       0
    4      3.99521312   -100.89672022   -115.12923092      98       3       0
    5      3.54616646   -103.17194779   -115.12923157      66       3       0
    6      3.27195538   -104.24615693   -115.12923224      53       2       0
    7      2.96632170   -104.24615693   -115.12923091      37       0       0
    8      2.66823875   -104.46146003   -115.12923058      37       2       0
    9      2.44355971   -104.46145819   -115.12923283      32       0       0
   10      2.28830371   -104.46145819   -115.12923156      25       0       0
   11      2.21051535   -104.63923534   -115.12922994      12       0       0
   12      2.05166739   -104.63923534   -115.12923156      17       0       0
   13      1.89759491   -104.63923534   -115.12923098      14       0       0
   14      1.73425359   -106.93015614   -115.12923096      14       0       0
   15      1.50500493   -106.93015419   -115.12923353      19       0       0
   16      1.43839356   -106.93015419   -115.12923100       5       0       0
   17     13.32169353     -5.41261122   -115.12923096      11       0      42
   18     22.55864192     -5.50268892   -115.12922994      31       0      96
   19     23.83297606     -4.56833261   -115.12923285      89       0     158
   20     22.36081269     -3.11842173   -115.12923221     150       0     125
   21     17.81150718     -5.03969745   -115.12923247     180       7      57
   22     10.70900332     -8.07575793   -115.12923154     134       9      18
   23      7.40585261    -13.99085036   -115.12923177      99       7       2
   24      4.04929961    -93.01468573   -115.12923177      86       5       2
   25      3.49678732   -102.75296108   -115.12923222      67       1       0
   26      2.96942889   -104.24615681   -115.12923138      60       0       0
   27      2.70247827   -104.46145899   -115.12923110      34       0       0
   28      2.35584392   -104.63923597   -115.12923110      29       0       0
   29      2.08851260   -106.93015640   -115.12923134      25       0       0
   30      1.87971291   -106.93015387   -115.12923226      23       0       0
   31      1.76192360   -106.93015387   -115.12923156      13       0       0
   32      1.62417196   -110.20125006   -115.12923156      11       0       0
   33      2.60610577    -68.29179062   -115.12923134       9       0       2
   34      9.38786109    -14.58235597   -115.12923226       9       0      21
   35     14.91954566     -8.89158069   -115.12923168      27       0      36
   36     19.06701541     -7.93527682   -115.12923286      48       0      85
   37     21.41399789     -1.63841991   -115.12923135      75       0     119
   38     21.26208680     -4.72936923   -115.12923142     120       1     111
   39     19.45153763     -7.48489758   -115.12923059     144       3      69
   40     13.81775600     -3.55544858   -115.12923118     131       7      37
   41      9.05673748     -3.55544858   -115.12923284     114       1      11
   42      7.70649150     -3.55544858   -115.12923223      84       2       7
   43      3.41552779   -100.49664832   -115.12923306      83       2       0
   44      2.97529866   -100.89672008   -115.12923264      48       2       2
   45      2.63013067   -100.89672008   -115.12923300      35       0       0
   46      2.23819898   -104.24615683   -115.12923188      37       0       0
   47      2.08184233   -106.93015676   -115.12923096      19       1       0
   48      1.95112849   -106.93015676   -115.12923411      16       0       0
   49      1.72214586   -106.93015676   -115.12923227      22       0       0
   50      4.31483480    -24.59466626   -115.12923227      16       0       3
   51      2.73854468    -76.93804880   -115.12923412      15       0       7
   52     12.46069068     -6.70880805   -115.12923133      11       0      25
   53     17.54554138     -6.10355391   -115.12923314      27       0      49
   54     20.60151273     -3.08486890   -115.12923388      55       0      78
   55     19.47163393     -4.55566001   -115.12923228      99       0      86
   56     18.61480634     -4.85643178   -115.12923156     107       1      82
   57     22.83501906     -2.44463262   -115.12923238     113       0      86
   58     15.76343105     -6.09382860   -115.12923118     134       0      37
   59     13.85212792     -5.14744101   -115.12923246     100       1      33
   60      4.86396729    -68.55568293   -115.12923053      78       2       8
   61      5.77893065    -29.84199818   -115.12923061      66       2       5
   62      3.22837333    -97.00164728   -115.12923173      48       1       1
   63      2.72883878   -102.75295827   -115.12923226      46       0       0
   64      2.42221868   -102.75295827   -115.12923285      37       0       0
   65      2.02107129   -104.46145761   -115.12923247      33       0       0
   66      1.83123179   -104.63923395   -115.12923305      21       0       0
   67      2.22047799    -92.97009026   -115.12923305      10       0       4
   68      3.11481744    -56.25594552   -115.12923090      23       0       1
   69      9.36071883    -15.63735351   -115.12923305      11       0      15
   70     12.98170325     -4.17478195   -115.12923157      16       0      27
   71     18.08761486     -1.80804433   -115.12923127      30       0      50
   72     16.83133679     -3.99436009   -115.12923261      58       0      70
   73     19.57327616     -3.30089887   -115.12923175      68       0      80
   74     19.70910467     -4.57551145   -115.12923184      99       0      82
   75     19.06337568     -6.41699102   -115.12923051     118       3      59
   76     13.28300680    -26.68073701   -115.12923263     114       1      53
   77     10.85486479     -8.17570703   -115.12922990     120       0      36
   78      5.69075681    -49.79849357   -115.12923099      76       2      14
   79      4.64266021    -56.52211939   -115.12923183      82       0       4
   80      6.36219044    -13.55078899   -115.12923241      70       0       4
   81      2.18809545    -99.48161072   -115.12923220      49       0       1
   82      1.67091105   -104.24615569   -115.12923119      28       0       0
   83      1.28929337   -106.93015475   -115.12923286      20       0       0
   84      3.07376433    -50.25816109   -115.12923286      11       0       1
   85      4.35579076    -34.27657518   -115.12923059      13       0       3
   86      7.26322106    -18.07944827   -115.12923188      11       0       8
   87      8.14429235    -18.07944827   -115.12923059      12       0      15
   88     12.15646495    -10.89869186   -115.12923240      12       0      34
   89     16.46078736     -6.45436707   -115.12923244      29       0      47
   90     17.92433403    -10.20205136   -115.12923244      50       0      63
   91 36900381.09561394 825943856.07764411   -115.12923225      76       0      80
   92     17.84892155     -3.00708489   -115.12923286      90       0      68
   93     17.74289493     -3.58838044   -115.12923302     105       0      72
   94     15.33050419     -6.46993934   -115.12923142     122       0      49
   95     12.60186338     -5.61145968   -115.12923096      92       0      30
   96      8.90335268    -11.03974007   -115.12923097      86       0      15
   97      6.79983343    -26.76609326   -115.12923097      72       0       7
   98      4.42597902    -25.50787687   -115.12923158      46       0       6
   99      1.86050366    -84.90870007   -115.12923266      25       0       2
  100      0.57899080   -110.20124714   -115.12923240      10       0       0
  101      0.49032807   -110.20124948   -115.12923240       2       0       0
  102      0.00000093   -115.12923227   -115.12923091       5       0       0
  103      5.03208710    -32.73192743   -115.12923240       0       0       8
  104      9.99368849     -5.97090974   -115.12923265       5       0      14
  105     12.28806617     -4.55352817   -115.12923246      13       0      20
  106     12.77613495     -8.90340766   -115.12923266      20       0      37
  107     17.74568482     -7.30096494   -115.12923119      32       0      49
  108     19.64978718     -3.46057788   -115.12923375      52       0      65
  109     18.53661703     -5.67511722   -115.12923236      71       0      77
  110     18.25563855     -4.11297272   -115.12923218      91       0      73
  111     17.38124671     -5.07923924   -115.12923236      95       0      59
  112      9.98701900     -8.00962623   -115.12923255      99       0      42
  113     11.94341572     -8.86680883   -115.12923028      70       0      33
  114     11.92151156     -9.68699282   -115.12923279      69       0      16
  115      4.98230560    -16.14355995   -115.12923224      39       0       3
  116      6.22400705    -17.23596816   -115.12923224      14       0       4
  117      0.80282806   -100.51805259   -115.12923241       6       0       0
  118      0.65277806   -100.51805259   -115.12923241       1       0       0
  119      4.95216402     -6.23881479   -115.12923411       1       0       3
  120      4.77973535    -12.04760785   -115.12923241       2       0       5
  121      9.77732738     -7.99957045   -115.12923224       2       0      11
  122      9.12723727    -15.05572157   -115.12923430      12       0      20
  123     14.56635336     -7.13433164   -115.12923376      21       0      32
  124     12.13485494    -21.69182889   -115.12923225      32       0      41
  125     16.53116239     -5.63204240   -115.12923231      40       0      59
  126     18.84043177     -4.65587558   -115.12923226      61       0      67
  127     20.64381990     -6.34849495   -115.12923118      78       0      72
  128     19.52799104     -3.73976793   -115.12923285      87       0      64
  129     14.57984544    -10.27285793   -115.12923285      84       0      49
  130     14.90472518    -11.06444810   -115.12923226      69       0      45
  131      8.51040117     -9.17669421   -115.12923285      72       0      21
  132     10.66504369    -12.29849550   -115.12923222      48       0       7
  133      5.40974837    -27.81014683   -115.12923245      20       0       2
  134      3.40145116    -44.57112387   -115.12923245       9       0       2
  135      0.46865747   -104.63923742   -115.12923245       4       0       1
  136      0.96588587    -98.05955853   -115.12923224       1       0       3
  137      3.96789056    -46.72074342   -115.12923245       2       0       4
  138      7.29847746    -14.00273201   -115.12923224       5       0       9
  139      9.68364131     -7.11277265   -115.12923226       7       0      22
  140     12.49361474     -5.53544131   -115.12923222      23       0      27
  141     15.72442740     -5.17229372   -115.12923412      29       0      40
  142     12.51750341    -10.19952443   -115.12923115      44       0      43
  143     19.20672927     -5.23608178   -115.12923213      48       0      69
  144     21.11447579     -5.18204565   -115.12923105      73       0      78
  145     17.28424019     -6.52706424   -115.12923267      97       0      50
  146     17.92117347     -4.70442249   -115.12923234      77       0      53
  147     16.92289351     -3.05015094   -115.12923243      74       0      53
  148     13.75784783     -9.11195578   -115.12923235      71       0      35
  149      7.92338458     -9.11195578   -115.12923216      51       0       6
  150      3.66171386    -56.42066365   -115.12923234      24       0       4
  151      5.80397391     -6.23793917   -115.12923227      13       0       3
  152      3.71539716    -32.10348474   -115.12923098       5       0       1
  153      4.87289204    -11.12834373   -115.12923225       2       0       3
  154      2.88420240    -53.24130753   -115.12923098       3       0       4
  155      4.84852659    -24.02807982   -115.12923098       3       0       6
  156     13.29791587     -6.45911209   -115.12923228       8       0      22
  157      8.17919450    -15.53866023   -115.12923228      20       0      24
  158     14.36349362     -8.86821892   -115.12923287      25       0      42
  159     12.71206576     -4.00385784   -115.12923275      38       0      36
  160     16.51479771     -6.10046312   -115.12923241      38       0      55
  161     17.53575004     -8.99743889   -115.12923226      52       0      74
  162     19.62302020     -4.97577235   -115.12923206      76       0      60
  163     13.53625615    -14.90358339   -115.12923163      82       0      51
  164     19.64357162     -3.08070950   -115.12923208      60       0      63
  165     14.76592803     -4.63308438   -115.12923216      75       0      36
  166      9.01363151    -15.71527732   -115.12923286      56       0      14
  167      8.52433169    -10.31592774   -115.12923155      31       0       5
  168      4.69771162    -15.40017439   -115.12923097      12       0       4
  169      4.04970075    -26.80572005   -115.12923287       4       0       1
  170      2.37724658    -74.72716223   -115.12923278       2       0       3
  171      4.31887861    -27.64501582   -115.12923287       3       0       3
  172      3.36395990    -47.25764199   -115.12923278       4       0       8
  173     11.46564102     -5.54333319   -115.12923222       5       0      19
  174     10.21783115    -10.16932780   -115.12923097      15       0      27
  175     13.30962043     -6.16960453   -115.12923239      28       0      35
  176     13.62905370    -10.49605342   -115.12923118      32       0      41
  177     16.80909702     -4.11479595   -115.12923221      50       0      47
  178     16.33680865     -4.36077274   -115.12923233      58       0      67
  179     16.98768198     -3.63766934   -115.12923277      71       0      56
  180     17.82546544     -7.36183468   -115.12923216      71       0      64
  181     15.02386233     -4.57302419   -115.12923233      80       0      53
  182     18.03222546     -3.98920716   -115.12923233      82       0      47
  183     11.66508073     -8.40059170   -115.12923383      72       0      18
  184      6.63912184    -13.19707312   -115.12923226      48       0       8
  185      3.19784810    -51.43925270   -115.12923058      18       0       2
  186      6.78239125     -8.86260642   -115.12923224       7       0       2
  187      4.80391436    -15.46768012   -115.12923237       4       0       2
  188      4.78926142    -35.63419887   -115.12923237       2       0       6
  189      9.64808791     -6.35344730   -115.12923237       6       0      10
  190      8.97793572    -12.99861374   -115.12923058       9       0      12
  191     11.24844854    -13.33880950   -115.12923224      11       0      26
  192     12.91329433     -9.74883565   -115.12923217      25       0      31
  193     10.30353407    -19.80177603   -115.12923224      31       0      37
  194     16.01630064     -9.65634604   -115.12923245      41       0      50
  195     15.92405717     -4.72715314   -115.12923404      50       0      55
  196 9186330.18883711 205618198.45249534   -115.12923242      60       0      56
  197     18.00813432     -5.97349363   -115.12923190      66       0      59
  198     16.75302285      1.52631123   -115.12923058      71       0      47
  199     16.69638692     -7.22469192   -115.12923116      68       0      65
  200     12.52160207     -6.89533167   -115.12923215      67       0      29
  201      5.20797856    -36.72879272   -115.12923223      56       0      11
  202      1.34396708   -102.75296056   -115.12923107      19       0       2
  203      1.88685424    -74.52949103   -115.12923107      10       0       2
  204      0.66775170   -104.46145740   -115.12923078       3       0       2
  205      6.18674338    -15.09436148   -115.12923107       2       0       7
  206      7.57155043     -9.65881204   -115.12923107       6       0       8
  207      7.99714806    -14.46387204   -115.12923204       9       0      14
  208     10.68447292    -13.62958814   -115.12923240      12       0      22
  209      9.84424785     -7.23605349   -115.12923240      24       0      28
  210     13.91894169    -12.86274545   -115.12923229      27       0      40
  211     16.06572150     -3.65490926   -115.12923229      40       0      45
  212     17.07264541     -2.02802111   -115.12923229      52       0      46
  213     19.08619888     -4.96969047   -115.12923229      51       0      61
  214     15.00813356     -4.30934196   -115.12923213      67       0      53
  215     15.35558424     -7.65147932   -115.12923226      66       0      54
  216     17.31129118     -5.57515076   -115.12923219      62       0      64
  217     14.37418196     -9.13669298   -115.12923264      72       0      37
  218      8.54814697     -6.71589517   -115.12923236      56       0      13
  219      3.69046423    -45.37858015   -115.12923093      34       0       4
  220      3.45624042    -45.51581914   -115.12923191      14       0       2
  221      5.87621309    -22.62007138   -115.12923176       6       0       3
  222      1.56288455    -92.29764256   -115.12923176       3       0       4
  223      8.82111219     -3.05423931   -115.12923220       4       0       9
  224      8.14744921    -12.41808402   -115.12923245      11       0      12
  225     12.16847306     -7.70564653   -115.12923239      14       0      27
  226     13.13943102     -9.38404349   -115.12923220      26       0      24
  227     11.76955975    -10.54904838   -115.12923093      27       0      32
  228     14.78032628     -4.12805829   -115.12923229      36       0      44
  229     15.45610734    -15.53317764   -115.12923229      46       0      49
  230     18.96476526     -4.07273278   -115.12923228      52       0      48
  231     17.02666421     -6.32989228   -115.12923243      53       0      71
  232     17.44551521     -5.78110564   -115.12923246      66       0      52
  233     18.23905772     -5.82024857   -115.12923233      69       0      49
  234     15.20212123     -3.49288846   -115.12923240      70       0      49
  235      9.97912537     -6.53894691   -115.12923177      65       0      14
  236      7.39546358    -25.49034975   -115.12923244      36       0       9
  237      3.25269334    -46.36338830   -115.12923223      14       0       4
  238      4.11755058    -27.04629275   -115.12923243       5       0       1
  239      4.60726997    -42.18544588   -115.12923277       4       0       6
  240      4.64190215    -59.41322808   -115.12923243       6       0       7
  241      7.62601317    -20.95581442   -115.12923285       4       0      14
  242     10.68991499    -15.20837813   -115.12923228      12       0      24
  243     10.65801205    -14.96880511   -115.12923245      24       0      21
  244 17553488.05029990 392900910.69204718   -115.12923244      24       0      34
  245     15.77598438     -7.12265034   -115.12923246      33       0      46
  246     13.29470342     -3.77377153   -115.12923244      49       0      40
  247     17.88039378     -6.29622045   -115.12923177      40       0      60
  248     13.36654380    -12.09653301   -115.12923240      66       0      45
  249     16.79221129     -9.72647891   -115.12923284      57       0      57
  250     17.54883530     -4.63519879   -115.12923216      64       0      58
  251     17.75273439     -5.33193717   -115.12923246      69       0      50
  252     12.11585710     -1.56571858   -115.12923244      71       0      22
  253      6.29466823     -7.72428966   -115.12923231      44       0      10
  254      6.35013199     -7.40638243   -115.12923119      20       0       3
  255      4.14011405    -31.61901734   -115.12923277      12       0       3
  256      5.25207842    -31.62134987   -115.12923280       5       0       7
  257      6.87238055    -14.92253575   -115.12923277       7       0       8
  258      4.74967402    -64.74682338   -115.12923235       8       0      14
  259      8.21110783    -35.55261511   -115.12923235      15       0      17
  260     12.15078433     -7.72254396   -115.12923163      21       0      26
  261     12.36966775    -23.73006045   -115.12923163      25       0      28
  262     14.95567210     -6.93995105   -115.12923237      31       0      45
  263     13.42891425     -3.94288407   -115.12923283      42       0      37
  264     19.55463870     -6.61926392   -115.12923237      42       0      59
  265     16.20216329     -9.15813635   -115.12923287      53       0      47
  266     13.28147944    -20.00922779   -115.12923243      56       0      49
  267     18.32029247     -2.92278671   -115.12923244      62       0      59
  268     12.94041131     -5.37602068   -115.12923240      64       0      51
  269     14.36977558     -6.15559171   -115.12923246      62       0      29
  270      9.55750153    -15.09416490   -115.12923222      50       0      16
  271      2.87718534    -67.57777947   -115.12923116      29       0       5
  272      4.58198116    -25.42901279   -115.12923241      12       0       4
  273      6.11517791    -23.16551089   -115.12923292       7       0       6
  274      6.32132470    -26.71971765   -115.12923356       7       0       6
  275      8.79555060    -10.63558091   -115.12923247       6       0      12
  276      8.01856258     -4.09551731   -115.12923356      12       0      21
  277     10.26231863     -3.95646203   -115.12923116      18       0      24
  278     14.03188673     -4.72974213   -115.12923105      28       0      30
  279     11.58804339     -5.30795195   -115.12923105      34       0      41
  280     13.98418624     -9.13782055   -115.12923300      33       0      39
  281     16.46809287     -8.00291365   -115.12923244      46       0      48
  282     15.32885638     -6.40150920   -115.12923300      49       0      52
  283     16.56400606     -9.57314561   -115.12923179      64       0      49
  284     14.01243602     -4.51929476   -115.12923299      58       0      51
  285     16.30508095     -3.03543700   -115.12923118      62       0      55
  286     11.30808581     -5.51054187   -115.12923412      65       0      31
  287      9.19854975     -4.23826195   -115.12923183      49       0      22
  288      6.66961834    -21.52410232   -115.12923234      32       0       8
  289      8.79828433     -7.40824630   -115.12923220      15       0       5
  290      4.14652753    -54.12229852   -115.12923239       5       0       6
  291      4.08703844    -28.80134898   -115.12923139       5       0       6
  292      8.89354567    -16.66685927   -115.12923242       7       0      11
  293      9.54205587    -14.91102765   -115.12923220      11       0      20
  294     11.83226698     -6.42757286   -115.12923241      19       0      23
  295     14.07372624     -6.20162975   -115.12923130      26       0      33
  296     13.49226200     -7.99538795   -115.12923130      37       0      36
  297     14.16373975     -4.96477947   -115.12923236      36       0      40
  298     14.93982447     -5.70277519   -115.12923236      52       0      41
  299     15.94363104     -1.67193310   -115.12923109      46       0      53
  300     16.30480079     -4.94493625   -115.12923183      51       0      48
  301     16.66977846     -3.08967774   -115.12923186      56       0      50
  302     16.85691832     -8.41147693   -115.12923236      54       0      52
  303     12.15677072     -6.99742132   -115.12923080      67       0      41
  304     14.00199346     -5.34520779   -115.12923139      47       0      24
  305      3.76123770    -71.96743847   -115.12923169      39       0      10
  306      8.02320989    -17.85757566   -115.12923084      24       0       6
  307      6.72901980    -13.37114795   -115.12923226      10       0       7
  308      1.81529914    -84.90869635   -115.12923227       8       0       5
  309      6.17005120    -27.02127633   -115.12923159       4       0      10
  310      7.73952008     -7.32457702   -115.12923227      11       0      17
  311     11.77782998    -10.47406420   -115.12923169      18       0      23
  312     14.22227693     -7.41476927   -115.12923241      20       0      34
  313     12.12163414     -4.76911053   -115.12923119      37       0      31
  314     14.09355782     -7.01550882   -115.12923242      36       0      39
  315     14.59816039     -7.15543887   -115.12923139      47       0      47
  316     18.01052180    -11.81337219   -115.12923282      51       0      50
  317     14.54444177     -3.87317309   -115.12923241      54       0      45
  318     15.70137858     -3.12403503   -115.12923246      57       0      45
  319     16.34506704     -6.77005402   -115.12923098      57       0      58
  320     13.59367504    -17.20643396   -115.12923228      61       0      40
  321     11.68079277     -8.54871045   -115.12923186      60       0      26
  322      8.79057075     -6.82590927   -115.12923282      36       0      15
  323      8.11829696    -18.56645372   -115.12923227      25       0       7
  324      6.32359468    -20.01256026   -115.12923241      15       0       8
  325      3.32882218    -61.67638754   -115.12923237       9       0       5
  326      7.78608231     -7.65036390   -115.12923245       4       0       9
  327      7.61127938    -16.66884182   -115.12923245       8       0      16
  328     11.33539737     -9.76718371   -115.12923227      15       0      21
  329     14.56943693     -2.34936488   -115.12923227      20       0      32
  330     11.45991466     -6.41696925   -115.12923117      29       0      33
  331     14.21998453     -5.73188442   -115.12923241      33       0      35
  332     12.43896095    -18.32511189   -115.12923228      35       0      45
  333     17.75018278     -8.77999852   -115.12923244      45       0      49
  334     16.90411584     -3.47661059   -115.12923186      60       0      48
  335     17.88670901     -3.59472391   -115.12923282      51       0      42
  336     15.04164943     -9.12482401   -115.12923221      45       0      56
  337     16.88697883     -6.18504490   -115.12923407      63       0      45
  338     14.38445948     -5.73041288   -115.12923282      48       0      27
  339      9.11503061     -5.72062029   -115.12923231      37       0      17
  340      7.71624176     -9.63740625   -115.12923233      20       0      12
  341      4.14779209    -42.18621408   -115.12923076      11       0       9
  342      4.77008299     -9.67718708   -115.12923225      11       0       5
  343      7.67388706    -10.58973608   -115.12923225       6       0       9
  344     10.54777560     -5.18606372   -115.12923225       9       0      16
  345     10.39231612    -10.88486662   -115.12923233      17       0      19
  346     12.31441372    -15.67559782   -115.12923231      19       0      34
  347     12.39436491    -13.37108555   -115.12923222      31       0      31
  348     12.98926982     -5.32427894   -115.12923218      36       0      35
  349     13.22352511    -10.16883271   -115.12923244      38       0      37
  350     17.53713532     -3.32636585   -115.12923218      47       0      52
  351     15.92085472     -9.70171622   -115.12923246      47       0      49
  352     15.33754787    -11.49573437   -115.12923227      56       0      42
  353     16.22315705     -7.64001735   -115.12923226      54       0      58
  354     17.15454336     -9.48235742   -115.12923227      70       0      44
  355     12.11989736    -10.73106560   -115.12923093      71       0      26
  356      9.84884276     -9.72724812   -115.12923242      39       0      22
  357      7.47099433    -12.15440383   -115.12923273      35       0      12
  358      5.20449567    -26.04976905   -115.12923151      17       0       9
  359      7.07972675     -7.06283281   -115.12923263       9       0       5
  360      5.73587017    -20.09296712   -115.12923263       9       0       8
  361      9.19408696    -18.25928967   -115.12923222      10       0      17
  362      9.02951244     -7.23297233   -115.12923263      14       0      18
  363     10.29010928     -7.10366542   -115.12923218      16       0      30
  364     14.42501394     -6.45782457   -115.12923229      28       0      32
  365     13.67901066     -5.59584124   -115.12923269      32       0      29
  366     15.05094895     -3.98338569   -115.12923093      36       0      43
  367     16.10703862     -5.56174915   -115.12923227      38       0      47
  368     17.55441642     -8.07564899   -115.12923211      52       0      50
  369     14.68201829     -7.58161492   -115.12923212      56       0      36
  370     16.61537681     -7.94790744   -115.12923246      50       0      52
  371     15.52867935     -1.79381974   -115.12923317      54       0      52
  372     12.66344712     -4.58399678   -115.12923119      58       0      29
  373     10.68243925     -7.88192511   -115.12923219      45       0      28
  374     10.99551841     -9.51900952   -115.12923232      34       0      14
  375      5.28513365    -35.54888928   -115.12923349      19       0       7
  376      5.64233799    -26.45669918   -115.12923349      14       0       6
  377      6.62040262     -7.70503719   -115.12923247       6       0      11
  378      7.32886737    -14.02978463   -115.12923205      11       0      17
  379      8.35166231     -6.65315626   -115.12923247      18       0      19
  380      9.46552098     -9.90188073   -115.12923219      20       0      26
  381     12.53314417     -4.70429134   -115.12923219      26       0      28
  382     11.34143769     -4.69819489   -115.12923247      28       0      35
  383     14.78886166     -9.55521702   -115.12923298      36       0      39
  384     15.83620675     -5.47209962   -115.12923246      49       0      43
  385     15.64056444     -3.31292494   -115.12923282      54       0      44
  386     14.99833654     -9.99639937   -115.12923245      54       0      45
  387     14.85152731     -2.91681754   -115.12923299      51       0      47
  388     17.93508223     -8.41473317   -115.12923234      48       0      56
  389     13.33586692      2.18124670   -115.12923186      65       0      31
  390     12.70245204     -8.61251307   -115.12923202      47       0      27
  391      9.51200797     -6.32198901   -115.12923220      32       0      17
  392      4.71637164    -45.32227460   -115.12923282      23       0       8
  393      8.26841648     -4.17305529   -115.12923281      13       0       7
  394      9.83906982    -18.02269901   -115.12923119       8       0      10
  395     10.81835036     -7.44511400   -115.12923282       9       0      17
  396     14.05503877     -9.28870327   -115.12923119      15       0      20
  397     11.81445509     -8.99919460   -115.12923220      25       0      22
  398     13.83435832     -8.27968153   -115.12923227      26       0      29
  399     11.76879177    -15.16396846   -115.12923219      27       0      31
  400     13.26932017     -7.56949115   -115.12923201      32       0      32
  401     17.18722381     -7.60474368   -115.12923279      39       0      43
  402     18.02411390    -10.58119550   -115.12923246      47       0      52
  403     14.73075223     -4.82697378   -115.12923243      61       0      45
  404 1910034.28312985 42752327.41484468   -115.12923222      53       0      43
  405     17.64885922     -3.09268566   -115.12923222      55       0      56
  406     15.09445835     -5.12479104   -115.12923247      71       0      41
  407      9.27103646     -2.36874122   -115.12923222      56       0      23
  408     10.22788934    -18.24963434   -115.12923215      40       0      19
  409      8.40028023    -27.72424212   -115.12923244      28       0      10
  410      7.99174238    -10.02719730   -115.12923233      16       0       8
  411      7.70317621    -13.03150896   -115.12923233      11       0      10
  412      7.20920701     -4.17394964   -115.12923109      13       0      10
  413     13.06434645     -8.53640560   -115.12923244       9       0      22
  414     13.74723300     -9.43777434   -115.12923246      18       0      25
  415     14.57839767     -3.55111395   -115.12923215      28       0      31
  416     10.32730387    -19.76720210   -115.12923215      33       0      22
  417     11.23270410     -9.85207419   -115.12923233      38       0      36
  418     15.48829327     -5.49042569   -115.12923246      36       0      38
  419     14.03507587     -8.52781384   -115.12923230      47       0      49
  420     13.70817301     -3.13842320   -115.12923230      48       0      42
  421     15.98805725     -6.25965269   -115.12923292      53       0      47
  422     14.19225884    -16.51242642   -115.12923292      55       0      47
  423     16.59149025     -0.02473511   -115.12923228      47       0      48
  424     12.81956501     -8.20951883   -115.12923226      59       0      30
  425      9.04561167    -27.05174496   -115.12923292      44       0      22
  426      6.00618194    -20.46565333   -115.12923187      34       0      11
  427      6.78971503    -29.42901594   -115.12923226      14       0       8
  428      8.99734697    -12.89097746   -115.12923226      11       0      12
  429      7.63897390    -18.06946060   -115.12923224      10       0      10
  430     14.64591813     -2.70699009   -115.12923226      15       0      21
  431      8.35347464    -16.93312283   -115.12923224      20       0      17
  432     13.39372578    -12.67764980   -115.12923101      17       0      30
  433     12.61955523    -11.19997948   -115.12923239      33       0      30
  434     14.68065599     -3.76588361   -115.12923236      38       0      32
  435     13.06376663    -16.77955298   -115.12923218      35       0      40
  436     14.67283616     -7.09690516   -115.12923218      40       0      45
  437     15.06305666     -4.35129217   -115.12923197      49       0      43
  438     18.29901394     -7.09806032   -115.12923285      54       0      45
  439     15.55227988     -5.98888072   -115.12923355      45       0      47
  440     17.42479300     -6.93370283   -115.12923355      57       0      40
  441     17.42655915     -4.32078303   -115.12923241      51       0      46
  442     12.09389966     -4.57656672   -115.12923190      59       0      22
  443      9.92483130     -9.45866232   -115.12923174      37       0      10
  444      8.33161702     -8.84548640   -115.12923144      22       0       9
  445      8.96665261     -8.23825385   -115.12923144       9       0      10
  446      7.02441769    -28.29505307   -115.12923247      11       0      13
  447      8.47906693    -20.95113548   -115.12923247      14       0      20
  448      8.71857923    -12.32934737   -115.12923247      19       0      16
  449     12.46519807    -10.37644576   -115.12923247      17       0      24
  450     14.43518635    -10.59702873   -115.12923190      25       0      34
  451     11.96978091    -16.11699469   -115.12923118      31       0      33
  452     16.84227553     -7.82279476   -115.12923239      37       0      40
  453     14.83270916     -3.08348893   -115.12923239      52       0      36
  454     17.91691997     -5.35797480   -115.12923229      41       0      48
  455     13.96108891    -11.39191772   -115.12923239      53       0      43
  456     14.89580862     -2.60064497   -115.12923188      52       0      45
  457     14.25144720     -6.67116828   -115.12923225      48       0      38
  458     16.72540147     -8.64424664   -115.12923286      40       0      51
  459      9.83548454     -9.30908010   -115.12923246      55       0      22
  460     10.64464466    -13.70784382   -115.12923225      37       0      18
  461      7.90615541     -6.07726821   -115.12923223      28       0       8
  462      4.90510876    -46.54426905   -115.12923228      14       0      10
  463     11.24937388     -3.81646491   -115.12923239      12       0      16
  464      9.63174554     -7.18236782   -115.12923228      16       0      17
  465      7.93712130    -14.70203314   -115.12923228      16       0      15
  466      9.64993516    -24.68013379   -115.12923228      17       0      26
  467     11.68271000    -13.06300766   -115.12923223      27       0      25
  468     13.48020136    -11.52741528   -115.12923223      25       0      36
  469     14.40945802     -8.45172112   -115.12923234      36       0      42
  470     12.41349015    -10.21657698   -115.12923214      47       0      34
  471     17.04290273     -6.20120429   -115.12923233      44       0      44
  472     16.47327911     -7.21091491   -115.12923229      48       0      47
  473     15.14263130     -4.34659169   -115.12923229      51       0      45
  474     16.41170768     -5.12057386   -115.12923233      46       0      39
  475     15.87384078     -4.08494949   -115.12923244      53       0      43
  476     12.79473060     -8.02392236   -115.12923177      40       0      31
  477     10.14565672     -8.83935041   -115.12923233      43       0      20
  478      3.67377322    -43.76786693   -115.12923197      23       0       8
  479      7.28114434    -13.21980582   -115.12923197      10       0      12
  480      9.15320671     -3.69891434   -115.12923226      14       0      16
  481      9.45012292    -10.93999325   -115.12923197      19       0      16
  482      9.70780185     -3.43250345   -115.12923197      19       0      15
  483     12.86568679     -5.84620031   -115.12923077      14       0      25
  484     14.80256662     -7.59466167   -115.12923077      26       0      27
  485     15.26302272     -6.07840689   -115.12923233      30       0      29
  486     14.09816584     -7.57767530   -115.12923240      35       0      37
  487     18.01967278     -4.31824287   -115.12923233      37       0      41
  488     15.06831947     -6.91612469   -115.12923238      48       0      46
  489     18.42518279     -5.79122516   -115.12923216      55       0      44
  490     15.03730283     -1.63694665   -115.12923244      54       0      42
  491     17.38759309    -10.38706895   -115.12923279      56       0      49
  492     13.71532877     -5.01937513   -115.12923240      55       0      33
  493     14.58441912     -4.11307649   -115.12923246      43       0      38
  494     11.26930887    -13.30889040   -115.12923217      47       0      19
  495      8.75846447     -6.05293857   -115.12923176      28       0      11
  496      7.17223378     -8.92279352   -115.12923235      12       0      11
  497      6.98778693     -7.89423448   -115.12923241      11       0      14
  498      9.84704238     -9.39389059   -115.12923176      17       0      20
  499      9.06417062     -4.21538894   -115.12923235      21       0      12
  500     11.70711056     -7.15673075   -115.12923217      16       0      21
  501     14.04612163     -5.90873251   -115.12923176      21       0      27
  502     14.69100422     -8.03878528   -115.12923177      26       0      31
  503     12.40538268     -8.51080970   -115.12923201      39       0      34
  504     11.72742942     -6.03591202   -115.12923177      40       0      35
  505     17.24405160     -3.27480264   -115.12923177      37       0      48
  506     14.39289594    -10.46481565   -115.12923246      48       0      46
  507     16.21367456     -4.40585452   -115.12923115      53       0      44
  508     16.19641342     -5.38843607   -115.12923138      50       0      46
  509     13.99137681     -6.38558856   -115.12923201      46       0      38
  510     14.75380679     -9.67234475   -115.12923115      49       0      40
  511      9.43046271    -15.19871854   -115.12923351      50       0      20
  512      9.10447377     -4.86941468   -115.12923201      28       0      11
  513      6.03491065    -13.38844358   -115.12923206      15       0      11
  514      8.99009067     -8.67794794   -115.12923206      10       0      15
  515      8.43091202     -4.41783430   -115.12923246      15       0      18
  516      7.52360947    -12.73199608   -115.12923246      16       0      13
  517      9.57872114    -10.36360212   -115.12923351      17       0      20
  518      9.01141462    -33.83852035   -115.12923206      23       0      22
  519     13.66393328     -3.69838148   -115.12923138      23       0      36
  520     10.90734482    -17.49926153   -115.12923351      29       0      36
  521     15.64057201     -3.78671238   -115.12923215      39       0      36
  522     15.13589828     -4.37605940   -115.12923244      40       0      39
  523     15.48989549     -8.82867879   -115.12923138      38       0      46
  524     17.95285675     -5.23290741   -115.12923245      51       0      49
  525     15.41796004    -10.99477331   -115.12923242      61       0      39
  526     14.25546526     -2.49874567   -115.12923103      54       0      44
  527     13.05952436    -13.39203603   -115.12923103      47       0      42
  528     12.11408287     -6.16184489   -115.12923243      49       0      21
  529      9.00644598     -9.87394089   -115.12923187      37       0      14
  530      3.71338977    -43.55610064   -115.12923262      22       0       9
  531     10.34647166     -3.06274715   -115.12923262      10       0      15
  532      8.43489939    -12.69448784   -115.12923237      15       0      19
  533      7.96855630    -10.99408897   -115.12923262      20       0      10
  534     11.56518458     -3.73914186   -115.12923243      13       0      22
  535     11.02706400     -2.08826773   -115.12923262      20       0      22
  536     13.89317069     -9.59360025   -115.12923118      25       0      36
  537     13.97596052     -9.45872279   -115.12923237      35       0      32
  538     12.84099656     -9.65437502   -115.12923118      30       0      37
  539     14.60542873     -7.90898945   -115.12923237      38       0      38
  540     16.90074365     -8.67735714   -115.12923210      44       0      39
  541     16.73834643    -19.06613008   -115.12923244      43       0      52
  542     12.59491424    -16.27021511   -115.12923202      54       0      42
  543     11.91265775     -9.63912754   -115.12923241      47       0      42
  544     15.74410378     -6.32756466   -115.12923227      54       0      39
  545     15.06623994     -7.21748539   -115.12923118      51       0      28
  546     11.77615367     -3.07846664   -115.12923245      39       0      18
  547      6.02797502    -10.09148581   -115.12923232      32       0       9
  548      4.65867783    -31.16430017   -115.12923242      14       0      13
  549      9.57391095     -3.62658455   -115.12923220      14       0      18
  550      8.36587178    -16.67387070   -115.12923114      16       0      12
  551     13.74007485     -1.61552690   -115.12923118      12       0      21
  552      8.06438898    -24.42665150   -115.12923114      23       0      24
  553     15.01999302    -12.79820324   -115.12923245      20       0      37
  554     13.09511298     -9.92438082   -115.12923221      40       0      33
  555     10.32316645     -4.87736136   -115.12923232      45       0      24
  556     15.69035611     -6.52843444   -115.12923232      31       0      46
  557     15.09790385    -15.79828894   -115.12923221      45       0      35
  558     16.37091766     -5.69922350   -115.12923245      46       0      52
  559     14.27615974    -10.13950245   -115.12923245      49       0      36
  560     12.80979488    -14.11746699   -115.12923246      50       0      42
  561     13.48258813     -6.29903792   -115.12923235      51       0      44
  562     11.49737703     -7.69711207   -115.12923245      47       0      30
  563      9.39350529    -12.35341801   -115.12923245      40       0      21
  564      8.95094365     -6.46061895   -115.12923242      31       0      12
  565      8.51575943     -5.94846730   -115.12923242      19       0      15
  566     10.35797777     -9.66637708   -115.12923225      12       0      15
  567      8.58717657    -20.64263032   -115.12923225      17       0      12
  568      7.13719851     -8.92543685   -115.12923221      15       0      24
  569      9.58047080     -8.40888938   -115.12923225      23       0      16
  570     11.39713820    -10.01603998   -115.12923244      19       0      34
  571     12.95672522     -3.45802032   -115.12923246      30       0      36
  572      9.47584492    -15.34735434   -115.12923236      35       0      26
  573     17.05415872     -3.87174774   -115.12923229      35       0      41
  574     15.40616252     -5.54430027   -115.12923240      47       0      37
  575     16.64410145     -6.79197627   -115.12923246      40       0      50
  576     14.84427409     -7.19117298   -115.12923188      53       0      38
  577     15.45805322     -6.62401387   -115.12923170      50       0      44
  578     12.76945083     -9.93988693   -115.12923082      48       0      38
  579     13.04288564    -10.56742498   -115.12923226      50       0      37
  580      8.37501372    -21.43790433   -115.12923244      40       0      23
  581      8.61197394     -6.05596939   -115.12923206      34       0      15
  582      7.06870632     -7.83479536   -115.12923206      22       0      13
  583      9.72857160    -11.33727045   -115.12923362      16       0      13
  584      6.77389356    -15.01505058   -115.12923230      18       0      14
  585     10.53566235    -10.48769484   -115.12923236      12       0      24
  586     11.33529135     -8.27826181   -115.12923206      24       0      19
  587     12.36871839     -7.19916503   -115.12923082      24       0      27
  588     11.15922725    -12.31738087   -115.12923226      30       0      34
  589     12.66276391     -6.82289388   -115.12923224      34       0      28
  590     12.25730460     -7.95236789   -115.12923233      32       0      41
  591     14.12289887     -5.76475279   -115.12923099      45       0      38
  592     17.09367815     -3.79402516   -115.12923226      41       0      41
  593     16.92014421     -3.18175504   -115.12923228      49       0      46
  594     16.22505118     -3.45869062   -115.12923243      56       0      43
  595     13.87775714     -9.65122118   -115.12923210      53       0      34
  596     13.91146070     -9.26274891   -115.12923262      45       0      43
  597     10.36951793     -8.06223585   -115.12923243      49       0      21
  598      8.62459055    -12.61763836   -115.12923233      39       0      19
  599      6.74346035    -32.45055535   -115.12923233      20       0      12
  600      9.96345381     -3.55714019   -115.12923215      19       0      17
  601      4.05335679    -51.63098057   -115.12923227      13       0      12
  602      9.89521214     -7.35109664   -115.12923233      12       0      20
  603      9.62896464    -15.72193598   -115.12923061      20       0      22
  604     11.93151482     -4.76202208   -115.12923210      21       0      26
  605     13.02882195     -3.27859899   -115.12923231      29       0      31
  606     13.19487030     -9.54150286   -115.12923262      37       0      31
  607     12.55935989    -11.89172574   -115.12923211      37       0      36
  608     12.74973237    -10.47706082   -115.12923241      37       0      38
  609     15.95932749     -9.32045776   -115.12923274      40       0      41
  610     15.88041555    -10.82933850   -115.12923245      41       0      47
  611     19.36177720     -5.26356748   -115.12923244      50       0      40
  612     14.52312748    -15.21018675   -115.12923243      56       0      35
  613     14.41875632     -4.84920524   -115.12923179      46       0      39
  614     12.41868565    -16.01498988   -115.12923246      43       0      31
  615     10.43398329    -11.99570809   -115.12923179      42       0      19
  616      9.45319284    -15.92787710   -115.12923179      23       0      18
  617      9.82589475    -10.26908822   -115.12923172      23       0      15
  618      9.63151818     -7.62923183   -115.12923172      19       0      11
  619     10.78499735     -7.92172993   -115.12923243      16       0      17
  620     11.95362910     -8.76360314   -115.12923211      18       0      22
  621     11.56390097     -7.02903621   -115.12923179      20       0      24
  622     12.68923362    -11.48009059   -115.12923246      20       0      32
  623     15.63889291     -9.30840391   -115.12923241      33       0      34
  624     14.32882984     -8.86091956   -115.12923179      42       0      34
  625     12.36023149     -2.76787947   -115.12923202      34       0      31
  626     14.68993466     -3.57376951   -115.12923179      35       0      46
  627     17.85483061     -5.57877826   -115.12923188      47       0      41
  628     13.51447196    -12.52017539   -115.12923222      51       0      41
  629     15.39876356     -9.13220951   -115.12923188      47       0      39
  630     16.10121006     -5.91651556   -115.12923197      41       0      38
  631     10.57258484    -11.85283334   -115.12923244      44       0      32
  632     10.93932382     -4.70773506   -115.12923228      39       0      23
  633     12.98284389     -6.27579195   -115.12923244      32       0      20
  634      5.85459552    -44.33315137   -115.12923283      28       0      12
  635      7.05798812    -22.38602027   -115.12923283      15       0      13
  636      6.39965443    -23.54558172   -115.12923171      19       0      18
  637      6.06389299    -23.20988525   -115.12923171      18       0      21
  638      9.68774961     -7.07508045   -115.12923176      21       0      23
  639     14.03668656     -6.75727939   -115.12923228      21       0      29
  640     16.18051656     -6.29420697   -115.12923228      32       0      39
  641     14.67284104     -5.37544956   -115.12923233      42       0      31
  642     11.21679954    -16.85118050   -115.12923228      37       0      30
  643     15.58891247     -4.72782141   -115.12923434      37       0      43
  644     12.62084950     -7.03993572   -115.12923244      47       0      40
  645     16.80933505     -6.89134778   -115.12923434      46       0      44
  646     10.62181351    -17.51430916   -115.12923143      52       0      39
  647     14.47642727    -11.11945294   -115.12923283      50       0      36
  648     13.27924231     -7.47430763   -115.12923283      42       0      33
  649     11.35019885     -7.24780094   -115.12923217      50       0      21
  650     11.13297883     -6.02134453   -115.12923104      32       0      25
  651      8.58612928    -13.34203666   -115.12923227      34       0      13
  652     10.25628938     -9.46922819   -115.12923213      18       0      15
  653      9.86212926    -17.19418042   -115.12923104      16       0      17
  654     12.53415174     -8.36373509   -115.12923210      16       0      21
  655     11.89571813     -6.97304645   -115.12923104      27       0      23
  656     11.86000945     -7.53824877   -115.12923118      23       0      25
  657     13.93042866     -1.66422729   -115.12923210      29       0      35
  658     15.94208301     -8.46317155   -115.12923283      33       0      36
  659     16.31971486     -6.15009971   -115.12923118      40       0      26
  660     15.20535103     -6.97162855   -115.12923227      31       0      43
  661     13.75939894     -9.62732697   -115.12923104      46       0      41
  662     14.97219945     -2.52366878   -115.12923220      48       0      43
  663     13.46398041     -6.77961970   -115.12923211      47       0      38
  664     14.94997569     -5.88104612   -115.12923211      46       0      31
  665     15.38353653     -4.55727168   -115.12923205      45       0      37
  666      9.76644529     -6.87251842   -115.12923210      46       0      20
  667     15.15836903     -5.20529579   -115.12923210      27       0      36
  668      4.59884622    -48.31475220   -115.12923235      37       0      11
  669      8.67576046     -9.66437267   -115.12923235      14       0      14
  670     10.73850631    -13.28916783   -115.12923281      15       0      19
  671      9.66063536    -10.07385608   -115.12923235      20       0      21
  672      8.18003214    -20.02685395   -115.12923239      21       0      20
  673      9.90524869    -21.64163171   -115.12923227      20       0      31
  674     14.05224479     -3.47912569   -115.12923239      29       0      27
  675     16.80720372     -8.29015720   -115.12923222      28       0      39
  676      8.78352026    -10.48577585   -115.12923222      39       0      23
  677     12.24737404    -11.98845343   -115.12923220      27       0      45
  678     15.49719246     -6.11077091   -115.12923227      43       0      36
  679     15.67426990     -8.16827390   -115.12923227      44       0      39
  680     13.92036582     -7.10995387   -115.12923221      46       0      43
  681     14.12102723     -4.53600580   -115.12923222      52       0      34
  682     13.01812029    -11.75193267   -115.12923265      46       0      35
  683     13.01201975     -6.95037179   -115.12923227      39       0      30
  684     12.37814752     -9.04271014   -115.12923211      38       0      28
  685      8.51577034    -16.85436863   -115.12923211      34       0      16
  686      8.45613170    -16.96897868   -115.12923240      27       0      14
  687     10.88004125    -13.28605360   -115.12923244      17       0      19
  688     10.78020335    -14.87048402   -115.12923244      20       0      20
  689      7.71904703    -18.26529549   -115.12923211      19       0      21
  690     12.92747872     -9.88354250   -115.12923211      20       0      30
  691     11.79774885     -6.16510625   -115.12923096      27       0      27
  692     12.85971685    -13.12351076   -115.12923211      26       0      33
  693     10.92255900     -8.33450744   -115.12923203      33       0      32
  694     13.37511945     -6.70458156   -115.12923100      34       0      36
  695     14.35115449     -5.36286735   -115.12923233      40       0      32
  696     12.92923841     -6.87163575   -115.12923144      41       0      42
  697     16.81665156     -7.69769569   -115.12923233      44       0      41
  698     16.32257819     -2.56334051   -115.12923144      45       0      40
  699     10.86128449    -18.08191066   -115.12923115      49       0      30
  700     14.58436237     -6.62429354   -115.12923335      44       0      35
  701     12.51316960     -7.35466868   -115.12923233      39       0      25
  702     12.93837814     -5.99800221   -115.12923286      38       0      22
  703      8.93282011     -6.82494030   -115.12923096      28       0      14
  704      8.40707812    -33.00201181   -115.12923286      20       0      21
  705      7.60727283    -27.35916457   -115.12923286      23       0      18
  706      8.68184790     -9.21512611   -115.12923220      18       0      25
  707     13.58945570     -7.74628759   -115.12923188      31       0      26
  708     10.53863636    -10.79566461   -115.12923286      23       0      29
  709     14.32931788     -9.74111497   -115.12923286      34       0      29
  710     13.81476636    -11.65808846   -115.12923286      35       0      31
  711      9.85822618    -24.20370351   -115.12923233      33       0      33
  712     13.31918835     -4.86732817   -115.12923253      32       0      34
  713     14.46236516     -7.47897513   -115.12923233      37       0      37
  714     13.73892576     -4.45056691   -115.12923179      43       0      44
  715     16.16916110    -12.42386097   -115.12923179      55       0      38
  716     11.75904532     -7.36644870   -115.12923233      43       0      30
  717     14.30361374     -4.03684453   -115.12923241      35       0      34
  718     13.63412879    -10.06084952   -115.12923241      34       0      31
  719     13.76346517     -4.17124233   -115.12923244      38       0      22
  720      7.51372708    -16.19303553   -115.12923242      29       0      15
  721      6.50272260    -12.19322714   -115.12923242      22       0      22
  722      9.96216146    -12.69156654   -115.12923244      24       0      17
  723     10.56058299     -7.67539355   -115.12923239      17       0      28
  724     10.92440398     -6.38982625   -115.12923239      25       0      21
  725     12.49495051    -16.53422144   -115.12923244      25       0      31
  726     13.36371428    -14.17818880   -115.12923239      31       0      31
  727      9.09888475    -15.60434437   -115.12923233      32       0      29
  728     11.69555971     -8.50842500   -115.12923220      30       0      30
  729     11.19930240     -7.64240180   -115.12923244      37       0      30
  730     13.44597219     -5.63648553   -115.12923239      32       0      40
  731     15.86420753     -3.78768194   -115.12923216      39       0      45
  732     15.29181243     -4.75191313   -115.12923239      51       0      41
  733     13.38699712     -2.21379466   -115.12923239      44       0      34
  734     12.38752974     -5.89622682   -115.12923246      43       0      25
  735     11.66229074     -5.42106702   -115.12923216      36       0      35
  736      9.97527652     -7.40847894   -115.12923229      40       0      21
  737      8.85748191     -7.65009458   -115.12923233      29       0      19
  738     14.66495078     -2.72563068   -115.12923246      21       0      23
  739      7.19886524    -38.28907028   -115.12923229      22       0      17
  740     12.59475563    -10.96147555   -115.12923117      17       0      26
  741     12.15327055     -5.14671956   -115.12923242      28       0      21
  742     10.35435022     -9.78785065   -115.12923229      18       0      32
  743     12.19941639    -15.77461028   -115.12923212      31       0      29
  744     13.44926322     -8.31942886   -115.12923212      35       0      28
  745     14.66088727     -3.07675061   -115.12923350      32       0      30
  746     11.79881323     -5.93904663   -115.12923117      36       0      32
  747     13.87717339     -9.51978130   -115.12923373      37       0      40
  748     14.41879623    -10.37142131   -115.12923229      41       0      39
  749     13.46933372     -2.71116612   -115.12923238      43       0      36
  750     12.29412761     -7.61146888   -115.12923235      45       0      41
  751     13.78653718     -6.29723146   -115.12923235      47       0      28
  752     14.35249882     -2.28017689   -115.12923235      35       0      33
  753     10.88034489     -8.90713829   -115.12923117      36       0      25
  754     11.24538146     -3.08441319   -115.12923242      26       0      19
  755      9.25561711    -16.20971743   -115.12923373      29       0      24
  756     11.76105576     -3.27431856   -115.12923222      26       0      17
  757     10.52085981     -8.38751851   -115.12923373      20       0      26
  758     11.82896531     -7.98373522   -115.12923117      27       0      20
  759     11.96323511    -15.12219957   -115.12923222      25       0      28
  760     12.43808966    -14.39753613   -115.12923373      26       0      29
  761     10.70478044     -5.35900551   -115.12923117      33       0      29
  762     10.67662421     -3.26759656   -115.12923373      32       0      27
  763     13.84608723    -10.52894001   -115.12923232      29       0      37
  764     15.88902304     -5.29301460   -115.12923232      38       0      36
  765     14.75625039    -11.00336673   -115.12923244      40       0      40
  766     14.09098982     -8.53077722   -115.12923236      47       0      34
  767     16.51521691    -10.48869470   -115.12923200      47       0      44
  768     12.01858522    -11.25932986   -115.12923240      50       0      29
  769     14.80074009     -6.85989111   -115.12923232      34       0      32
  770     11.07099109    -10.40570460   -115.12923232      37       0      24
  771      6.18846912     -2.57301583   -115.12923104      29       0      20
  772      9.09096060    -17.22462732   -115.12923246      23       0      26
  773      6.92761203    -14.82137943   -115.12923246      23       0      17
  774     13.56202902     -7.89631805   -115.12923244      13       0      25
  775     10.58345530     -6.32914945   -115.12923240      34       0      20
  776     13.00842967    -16.65396139   -115.12923114      24       0      29
  777     14.12271038    -10.74008245   -115.12923158      33       0      30
  778     12.96995875     -4.56838400   -115.12923223      35       0      28
  779     11.40457128     -4.81270993   -115.12923244      32       0      25
  780     16.63351457     -6.78782707   -115.12923221      30       0      35
  781     12.12415046    -11.64993940   -115.12923238      38       0      31
  782     15.14608106    -12.89368320   -115.12923244      38       0      44
  783     13.65513257    -10.91314903   -115.12923244      45       0      38
  784     14.56986699     -8.09637270   -115.12923247      45       0      40
  785     13.63248484     -8.29013706   -115.12923247      43       0      33
  786     15.99407931     -4.62977831   -115.12923223      48       0      27
  787     13.87755582     -5.66633136   -115.12923244      37       0      33
  788     10.43100712    -10.33488185   -115.12923118      34       0      21
  789      7.42219849    -14.09952930   -115.12923226      26       0      21
  790      7.75156362    -20.40845113   -115.12923241      27       0      16
  791      8.90717375    -13.15798836   -115.12923238      17       0      22
  792     12.92491855     -3.49885806   -115.12923244      22       0      27
  793      9.45497780    -25.72115041   -115.12923226      25       0      28
  794     10.74987434     -4.17494072   -115.12923243      24       0      23
  795     13.63137380    -11.17866646   -115.12923238      30       0      31
  796     12.65013813     -6.79197375   -115.12923244      28       0      27
  797     14.74117301     -8.49922517   -115.12923226      35       0      31
  798     16.53338213     -6.44841982   -115.12923243      35       0      35
  799     13.52971724     -2.35127417   -115.12923175      38       0      38
  800     14.38108629     -4.81158185   -115.12923243      37       0      38
  801     13.18411518     -8.35636240   -115.12923088      45       0      40
  802     15.53390443     -6.23754466   -115.12923243      40       0      37
  803     13.10070343     -2.64998771   -115.12923088      39       0      30
  804     13.42894216     -5.18317840   -115.12923088      37       0      31
  805     12.55430939     -3.70810693   -115.12923088      37       0      22
  806      8.28988653     -6.19592109   -115.12923243      30       0      22
  807     10.00718275    -17.37325607   -115.12923201      26       0      18
  808     13.83377108     -4.92358734   -115.12923271      23       0      23
  809     11.64650371     -6.11817656   -115.12923243      24       0      30
  810      8.13414259     -7.49353473   -115.12923183      37       0      18
  811     12.30291413     -3.56894891   -115.12923265      20       0      28
  812     11.01814806     -2.89935595   -115.12923079      31       0      29
  813      9.37936868    -12.26816538   -115.12923175      32       0      23
  814     11.74025611     -6.67928424   -115.12923242      22       0      33
  815     15.81523519     -4.42418775   -115.12923227      40       0      40
  816     14.27792295     -9.49401339   -115.12923242      38       0      32
  817     15.66358217     -3.43218532   -115.12923227      40       0      42
  818     11.18051610     -8.64558458   -115.12923223      48       0      35
  819     13.19493142     -9.46395529   -115.12923242      44       0      40
  820     12.34056095     -7.74155473   -115.12923239      43       0      27
  821     11.95716921     -4.44364414   -115.12923239      40       0      32
  822     10.50041798     -7.35964849   -115.12923223      38       0      28
  823     10.07277908    -14.01100009   -115.12923227      32       0      18
  824     11.53831778     -7.74853227   -115.12923242      22       0      20
  825     10.08664927     -2.08109245   -115.12923242      22       0      19
  826     15.91320561     -8.51951239   -115.12923239      17       0      34
  827     11.20366207     -8.46007165   -115.12923242      31       0      18
  828     10.82904188    -17.56197767   -115.12923101      24       0      27
  829     10.99100913     -9.61027463   -115.12923093      28       0      29
  830      8.42935206    -13.90535395   -115.12923209      31       0      21
  831     13.40300177     -9.52313478   -115.12923223      22       0      31
  832     14.49337352     -3.38149777   -115.12923220      30       0      41
  833     12.54471679     -5.70713556   -115.12923220      35       0      33
  834     15.41933545     -8.02897708   -115.12923225      45       0      40
  835     15.01713494     -4.39255802   -115.12923234      42       0      30
  836     16.30280224     -5.34600473   -115.12923188      37       0      48
  837     13.83075590    -11.40166379   -115.12923220      56       0      28
  838     12.60020917     -4.78960265   -115.12923188      46       0      31
  839     12.57480551    -10.39469754   -115.12923234      38       0      27
  840      9.36796865    -14.88444062   -115.12923221      39       0      25
  841      8.79080503    -18.37331902   -115.12923244      24       0      19
  842     10.64638697    -11.61637439   -115.12923101      24       0      19
  843     10.09895070     -5.80239678   -115.12923220      22       0      29
  844      9.06328686    -10.93649149   -115.12923227      25       0      21
  845      8.59474875    -19.04030778   -115.12923221      24       0      25
  846     12.65851689    -10.74936580   -115.12923226      26       0      31
  847      9.06226627    -12.24438706   -115.12923220      32       0      26
  848     10.42632079    -13.29198486   -115.12923227      37       0      25
  849     13.78877631    -10.94490476   -115.12923246      28       0      36
  850     15.56074702     -5.03426116   -115.12923224      40       0      33
  851     17.19715621     -6.37790990   -115.12923239      45       0      40
  852     12.78575834     -8.20964324   -115.12923255      49       0      30
  853     14.13591672     -8.50659093   -115.12923217      39       0      37
  854     15.69157333     -5.04261284   -115.12923243      41       0      38
  855     12.97672623    -10.84733238   -115.12923217      42       0      33
  856     13.01136920     -8.93711603   -115.12923221      44       0      32
  857      9.85370683    -15.90726397   -115.12923109      33       0      22
  858     11.53332569     -5.58435269   -115.12923367      31       0      23
  859     10.11478344     -7.87192459   -115.12923224      31       0      18
  860     10.43387848     -3.94308761   -115.12923367      20       0      28
  861     10.62650208     -2.12842759   -115.12923224      25       0      21
  862     10.44587946    -13.94848485   -115.12923367      25       0      21
  863     13.33822295     -7.29415439   -115.12923217      25       0      32
  864     10.87767926    -20.64934574   -115.12923240      30       0      28
  865      9.76734229     -5.48900877   -115.12923216      36       0      21
  866     12.68951246     -9.00662460   -115.12923225      25       0      33
  867     13.70766860     -9.23477337   -115.12923234      29       0      35
  868     15.67640966     -7.13879573   -115.12923245      41       0      40
  869     13.84316341    -15.90169011   -115.12923245      39       0      34
  870     16.22590487     -6.07492277   -115.12923211      47       0      38
  871     11.09210824    -14.53606492   -115.12923225      46       0      29
  872     14.12741669     -8.20607899   -115.12923222      39       0      39
  873     10.63566246    -16.34483528   -115.12923096      43       0      32
  874     12.82053577     -5.30380609   -115.12923225      45       0      22
  875     10.00792174    -18.18873733   -115.12923216      30       0      29
  876      7.27987574    -12.80385187   -115.12923181      33       0      20
  877     10.63746396     -7.29828166   -115.12923245      25       0      24
  878      9.70900466    -22.98263047   -115.12923285      22       0      20
  879     10.51495184    -10.70465355   -115.12923226      25       0      25
  880     11.78725307     -4.62455498   -115.12923244      28       0      24
  881     14.29445749     -4.77819589   -115.12923239      23       0      31
  882     11.10133994     -7.94770339   -115.12923226      36       0      23
  883     14.64573862     -5.35053019   -115.12923226      30       0      31
  884     15.25458904     -9.72829780   -115.12923226      30       0      39
  885     15.60597414     -4.34278504   -115.12923163      39       0      28
  886     16.22827095     -4.34278504   -115.12923099      30       0      40
  887     12.75276665    -12.13985200   -115.12923128      43       0      31
  888     13.39871018     -9.44164141   -115.12923128      36       0      33
  889     14.50098037     -5.59904780   -115.12923247      40       0      40
  890     13.78336263     -7.32097351   -115.12923163      44       0      34
  891     10.47149084    -16.99785229   -115.12923128      41       0      25
  892     13.64216362     -4.90918990   -115.12923128      33       0      29
  893      9.23894553     -5.90583904   -115.12923285      29       0      22
  894     12.15610851    -10.97595941   -115.12923099      30       0      19
  895      9.49163124    -22.54275379   -115.12923227      24       0      24
  896     12.13074253    -11.25231735   -115.12923099      21       0      27
  897     10.68524974     -3.64161473   -115.12923184      27       0      22
  898      9.88235179     -2.08326368   -115.12923109      27       0      25
  899     13.73271250      0.56807359   -115.12923243      27       0      31
  900  10131.22542417 226655.62177696   -115.12923243      30       0      31
  901     14.52054632     -9.33275581   -115.12923209      34       0      32
  902     12.05003521     -9.41364407   -115.12923227      33       0      35
  903     11.57989493     -1.32367349   -115.12923209      35       0      34
  904      9.11730677     -8.77734291   -115.12923227      34       0      31
  905     11.92685693     -5.10602047   -115.12923227      42       0      34
  906     12.72087181    -18.10532979   -115.12923229      34       0      34
  907     15.61023705     -3.73621225   -115.12923339      42       0      42
  908     13.66391535    -11.03083266   -115.12923339      44       0      25
  909     10.78695468    -13.67439924   -115.12923339      32       0      30
  910     12.31603569     -7.96761437   -115.12923339      35       0      21
  911     10.26739444     -9.28939101   -115.12923209      32       0      20
  912     12.35799573     -5.71682797   -115.12923210      25       0      24
  913     15.47377309    -10.65224084   -115.12923209      31       0      27
  914     11.21490532    -10.58757526   -115.12923244      25       0      21
  915     11.44033391    -15.78234528   -115.12923210      23       0      29
  916     12.66701877    -12.97779054   -115.12923286      27       0      27
  917     12.82190138     -6.21254427   -115.12923242      33       0      31
  918     14.13890267    -10.16549703   -115.12923229      40       0      35
  919     12.10176566    -11.52119624   -115.12923229      38       0      31
  920     13.20346080     -7.17821116   -115.12923244      40       0      33
  921     10.84199225     -7.38626935   -115.12923226      34       0      34
  922     10.55594577     -4.87797963   -115.12923246      40       0      30
  923     11.47579479     -8.41074851   -115.12923234      36       0      34
  924     11.25321732    -19.72509001   -115.12923226      40       0      40
  925     10.23704909    -11.60427649   -115.12923229      43       0      29
  926     11.59198199    -14.86953865   -115.12923285      38       0      26
  927     10.44087051     -6.71993356   -115.12923229      24       0      25
  928     10.05188686     -7.76727191   -115.12923226      28       0      21
  929     14.17860638     -5.46806157   -115.12923340      24       0      28
  930     11.18504856    -12.51319661   -115.12923266      30       0      24
  931     10.86324681     -9.03657243   -115.12923212      24       0      24
  932     12.45962762     -5.34938130   -115.12923223      24       0      22
  933     11.78019385    -10.72724316   -115.12923246      24       0      25
  934     13.73929745     -6.88145285   -115.12923266      29       0      33
  935     12.91782253     -9.90146785   -115.12923340      34       0      34
  936     12.08100833     -6.40837513   -115.12923200      40       0      36
  937     13.66502282     -5.88167653   -115.12923246      35       0      26
  938     12.91248714    -14.24081825   -115.12923116      35       0      34
  939     16.85409497     -3.50349098   -115.12923116      29       0      36
  940     13.03590539     -7.51990479   -115.12923243      34       0      35
  941     13.97401643     -1.00574816   -115.12923200      39       0      36
  942     14.36598389     -3.27344685   -115.12923243      46       0      35
  943     11.95689623    -11.14828534   -115.12923047      37       0      25
  944     10.97482541     -1.72060223   -115.12923213      40       0      23
  945     11.45707911     -8.59365772   -115.12923200      31       0      23
  946     13.17746767     -5.37244523   -115.12923221      22       0      28
  947     13.39590284    -12.35675945   -115.12923246      31       0      24
  948     10.22920571     -5.78523742   -115.12923141      26       0      24
  949      9.24418640    -26.71622530   -115.12923234      24       0      20
  950     11.40244086     -8.69573784   -115.12923213      24       0      25
  951     14.43462835     -7.92033177   -115.12923137      29       0      32
  952      8.94832725    -17.66572763   -115.12923245      36       0      37
  953     11.29770077     -8.43660921   -115.12923245      38       0      30
  954     17.20918499     -0.51060707   -115.12923216      38       0      35
  955     13.66639993     -9.58080348   -115.12923281      41       0      31
  956     14.83051007     -6.76115659   -115.12923220      36       0      31
  957     14.80098002     -4.41408437   -115.12923216      39       0      34
  958     13.23296153     -5.97967467   -115.12923104      34       0      33
  959 130342290.09262095 2917461019.68973207   -115.12923189      36       0      38
  960     11.04577737     -4.36805477   -115.12923241      46       0      27
  961     10.68260656    -12.46670423   -115.12923053      44       0      31
  962      9.30308067    -15.78836741   -115.12923217      36       0      17
  963     13.37575768     -4.69478508   -115.12923216      23       0      29
  964     10.86897071     -9.53337089   -115.12923216      32       0      22
  965     10.11661467    -15.80717383   -115.12923243      25       0      26
  966     10.72011395    -11.28653418   -115.12923053      29       0      19
  967     11.19747937     -5.05742468   -115.12923216      24       0      23
  968     10.54198291    -21.58997986   -115.12923217      26       0      30
  969     12.71042403     -0.44744479   -115.12923104      30       0      35
  970     13.14986137     -8.69031335   -115.12923104      43       0      39
  971     10.84264819    -10.09945150   -115.12923247      41       0      31
  972     11.45457916     -8.06439396   -115.12923243      34       0      30
  973     12.53698549     -7.92404713   -115.12923241      37       0      32
  974 60101993.76812680 1345267264.39485002   -115.12923246      37       0      28
  975     13.61530000     -6.98546575   -115.12923241      34       0      31
  976     14.78754578     -1.06634264   -115.12923241      33       0      40
  977     13.89749615     -5.18647957   -115.12923214      41       0      36
  978     11.08997219    -17.12264067   -115.12923272      47       0      28
  979      8.84408017    -11.23907078   -115.12923243      39       0      20
  980      9.30161373     -8.68797239   -115.12923247      27       0      25
  981      9.25224457     -8.48633122   -115.12923247      26       0      23
  982     10.95083425     -4.73279286   -115.12923241      27       0      26
  983     12.65999890     -3.81982730   -115.12923218      29       0      21
  984     11.00469925     -7.60324187   -115.12923109      25       0      22
  985     11.24370161    -12.87248651   -115.12923196      25       0      27
  986     16.06493619     -4.13792659   -115.12923244      28       0      37
  987     14.98505531     -8.18925025   -115.12923237      37       0      38
  988     11.29478214     -8.58291939   -115.12923220      40       0      31
  989     10.95240130     -6.32936468   -115.12923215      37       0      31
  990     11.72946610     -8.79754836   -115.12923220      30       0      30
  991     14.07488894     -7.01798901   -115.12923284      40       0      30
  992     10.89760180     -6.73690663   -115.12923244      35       0      32
  993     12.01538062    -10.14971296   -115.12923220      36       0      33
  994     15.06040084     -4.94211161   -115.12923215      38       0      38
  995     13.10401864     -3.74543903   -115.12923237      45       0      30
  996     10.91964586    -11.55849519   -115.12923140      40       0      24
  997     11.53185638     -7.14095138   -115.12923244      32       0      25
  998     10.36794985    -11.31986335   -115.12923244      32       0      21
  999     12.18122082     -9.74896268   -115.12923196      25       0      28
 1000      5.40659912    -26.86589533   -115.12923178      26       0      19
----------------------------------------------------------------------------------
Artificial Bee Colony Optimization Finished!

 -- Results Report --
 * 100 LMs will be saved in [ lm-1wat-4acn-LM ].
      #          Energy
      0   -115.12923234
      1   -115.12911187
      2   -110.63623256
      3   -110.28568724
      4   -110.25575587
      5   -110.20124802
      6   -110.00861105
      7   -109.80589277
      8   -108.82696891
      9   -108.63310006
     10   -108.58488966
     11   -108.41185044
     12   -108.37272236
     13   -108.10565585
     14   -108.08560238
     15   -108.07735528
     16   -107.90158571
     17   -107.43138793
     18   -107.19992562
     19   -107.19296581
     20   -107.15059029
     21   -107.09763761
     22   -107.08991919
     23   -107.02613030
     24   -106.98542243
     25   -106.97336373
     26   -106.93015483
     27   -106.92674997
     28   -106.84822500
     29   -106.84266367
     30   -106.81551440
     31   -106.79914490
     32   -106.73717397
     33   -106.72040118
     34   -106.67647343
     35   -106.66822012
     36   -106.65613397
     37   -106.63754538
     38   -106.62605940
     39   -106.61919190
     40   -106.59640980
     41   -106.59206013
     42   -106.57363180
     43   -106.55924842
     44   -106.53014770
     45   -106.51689850
     46   -106.47331213
     47   -106.44570984
     48   -106.40930838
     49   -106.37742310
     50   -106.36935166
     51   -106.36241772
     52   -106.35696303
     53   -106.34738492
     54   -106.34265680
     55   -106.32782900
     56   -106.28494807
     57   -106.26677216
     58   -106.26060620
     59   -106.23981402
     60   -106.21606311
     61   -106.19467600
     62   -106.17804283
     63   -106.07649749
     64   -106.04192712
     65   -106.02176775
     66   -106.00399431
     67   -105.97216329
     68   -105.95829821
     69   -105.94248414
     70   -105.90988131
     71   -105.81934724
     72   -105.78928699
     73   -105.78775532
     74   -105.70602601
     75   -105.64848561
     76   -105.56713274
     77   -105.55106459
     78   -105.50538753
     79   -105.47726451
     80   -105.32572173
     81   -105.16559097
     82   -105.10007433
     83   -105.09502147
     84   -105.04978327
     85   -105.02011655
     86   -104.95541420
     87   -104.85001702
     88   -104.75848835
     89   -104.71191189
     90   -104.65744257
     91   -104.63923403
     92   -104.46146175
     93   -104.24615695
     94   -104.15882252
     95   -104.07653596
     96   -104.03465335
     97   -104.03418292
     98   -104.02784031
     99   -103.95422908

 * Final Global Minimal Energy:   -115.12923173
 * The Global Minimum is saved as: [ lm-1wat-4acn-OPT.(cluster/xyz/gjf) ]

===== (^ _ ^) =====
Normal termination at Wed Nov 13 13:49:54 2019.
Total run time: 7362 seconds = 0 days 2 hours 2 minutes 42 seconds.
