    * * * * * * * * * * * * * * * * * * * * *
    *       __    ____    ______            *
    *      /  \  |  _ \  |  ___/  luster !  *
     *    / _  \ | |_| | | |               *
     *   / /_\ | |  _ <  | |     < @  @ >  * 
     *  / ___  | | |_| | | |___ _ _  o     * 
    *  /_/   |_| |____/  |_____ _ __ __  _  *
    *                                       *
    * * * * * * * * * * * * * * * * * * * * *

ABCluster 1.5.1
Specific flag:  official version
Platform:       LINUX/UNIX
Compiled by:    junzhang@gellmann.scs.illinois.edu
Compiling date: Dec 18 2017 20:33:35
C++ compiler:   g++
C++ options:    -O3 -Os -fno-exceptions --std=c++0x -fopenmp 

Contributors:
Jun Zhang(University of Cologne): Design and coding.

For any suggestions, comments, and questions on the theory and
implementation of ABCluster, please feel free to contact:

Dr. Jun Zhang, ZhangJunQcc@gmail.com

If you used this program in your work, please cite this reference:

[1] Zhang, J.; Dolg, M.; ABCluster: The Artificial Bee Colony Algorithm for
    Cluster Global Optimization. Phys. Chem. Chem. Phys. 2015, 17, 24173-24181.
[2] Zhang, J.; Dolg, M.; Global Optimization of Clusters of Rigid Molecules by the
    Artificial Bee Colony Algorithm. Phys. Chem. Chem. Phys. 2016, 18, 3003-3010.

Program starts at Fri Sep 14 16:22:10 2018.
Command line: " /ihome/jkeith/yab16/ABC/ABCluster-Linux/lib/rigidmol-optimizer h_8_waters.inp "
Process ID:   234264
Run by:       yab16@smp-n42.crc.pitt.edu
Available CPU cores:    24
Read "OMP_NUM_THREADS": Unset

Random number testing (integers): 367358058...829198622
Random number testing (fractals): 0.70358543...0.59794750

 -- Input/Output Parameters --
Input file name:      h_8_waters.inp
Cluster file name:    input.cluster
Result file name:     h_8_waters.(cluster/xyz/gjf)
Temporary file name:  abclusteryab16smp-n42.crc.pitt.edu234264-OPT
# of saved LMs:       100
LMs are stored in:    h_8_waters-LM

 -- ABC Control Parameters --
Population size:                  500
Maximal generation:              1000
Scout limit:                       15
Amplitude:                10.00000000

 -- Cluster Components: from [ input.cluster ] --
 -----------------------------------------------------------
   Source                                       #   Charge
 -----------------------------------------------------------
   /ihome/jkeith/yab16/ABC/ABCluster-Linux-0/rigidmolecularcluster/charmm36/tip4p.xyz     8    0.000
   /ihome/jkeith/yab16/ABC/ABCluster-Linux-0/rigidmolecularcluster/charmm36/h.xyz     1    1.000
 -----------------------------------------------------------
   Dimension: 0, an isolate cluster.
 -----------------------------------------------------------

Artificial Bee Colony Optimization Starts!
----------------------------------------------------------------------------------
 * Population: 500; Maximal cycles: 1000
 * EM = Employed Bee; Trigonometric mutation
 * OL = Onlooker Bee; ABC/best/2(0.5)+ABC/current/2(0.5);
        Tournament selection from 5 nectars.
 * SC = Scout Bee; Random nectar; Limit = 15
----------------------------------------------------------------------------------
    #       Diversity            maxE            minE    byEM    byOL    bySC
----------------------------------------------------------------------------------
    1      6.41065901   -750.81298880   -816.35557472     357      49       0
    2      4.74667930   -792.97773640   -816.35557473     218      57       0
    3      4.27443404   -795.78647124   -816.35557473     146      31       0
    4      4.03557945   -797.94845751   -816.35557473     119      35       0
    5      3.92242408   -798.36791705   -816.35557472      90      20       0
    6      3.76654733   -799.16951865   -816.35557473      73       8       0
    7      3.63715717   -803.98214660   -816.35557473      72       9       0
    8      3.45698710   -803.98214660   -816.35557473      82       8       0
    9      3.29252942   -804.80838559   -816.35557473      75       5       0
   10      3.02606446   -804.80838559   -816.35557473      76       1       0
   11      2.63765854   -805.90903471   -816.35557473      74       2       0
   12      2.12783397   -805.90903471   -816.35557473      81       0       0
   13      1.38985196   -805.90903471   -816.35557473      96       0       0
   14      0.62440175   -808.45999823   -816.35557472      66       0       0
   15      0.14194493   -814.76219579   -816.35557473      26       0       0
   16      0.07118678   -814.76219579   -816.35557472       3       0       0
   17      1.03964959   -793.08502090   -816.35557473       1       0       1
   18     14.59233496   -492.93323603   -816.35557473       1       0      10
   19     55.02741076    -43.03855544   -816.35557472      10       0      83
   20     57.06833263   -234.26871383   -816.35557473      68       0     123
   21     71.07319356    -34.49788411   -816.35557472     128       0     141
   22     66.57463987   -192.31131824   -816.35557472     167       2      94
   23      7.15321405   -764.05467721   -816.35557473     154       5      37
   24     19.91428497   -384.30184216   -816.35557473     171       3      10
   25      3.48085962   -799.30487889   -816.35557473     140       1       0
   26      1.89551030   -802.26801085   -816.35557473     129       0       1
   27      0.40796553   -807.61988524   -816.35557473      52       0       0
   28      0.00000000   -816.35557473   -816.35557472       4       0       0
   29      0.00000000   -816.35557473   -816.35557472       0       0       0
   30      0.00000000   -816.35557473   -816.35557472       0       0       0
   31      0.00000000   -816.35557473   -816.35557472       0       0       0
   32      0.00000000   -816.35557473   -816.35557472       0       0       0
   33      0.00000000   -816.35557473   -816.35557472       0       0       0
   34      0.43454295   -806.62916779   -816.35557472       0       0       1
   35     16.67563527   -447.19352646   -816.35557472       1       0      10
   36     42.90920817   -207.76352382   -816.35557473      10       0      56
   37     32.75199855   -293.75281461   -816.35557473      46       0      63
   38     36.10689326   -382.97774014   -816.35557473      72       0      70
   39     65.60061304   -204.73071641   -816.35557473      83       0     107
   40     54.67552489   -288.26516682   -816.35557473     119       0      98
   41     43.40557681   -119.53009484   -816.35557473     134       0      64
   42     25.74515792   -433.21104017   -816.35557473     124       0      26
   43      3.65355726   -787.94945532   -816.35557473     109       0       5
   44      1.20850316   -806.81172364   -816.35557472      78       0       0
   45      0.13405131   -813.35509437   -816.35557473      17       0       0
   46      0.00000000   -816.35557472   -816.35557473       1       0       0
   47      0.00000000   -816.35557472   -816.35557473       0       0       0
   48      0.00000000   -816.35557472   -816.35557473       0       0       0
   49      0.00000000   -816.35557472   -816.35557473       0       0       0
   50      0.00000000   -816.35557472   -816.35557473       0       0       0
   51     32.94586363    -78.92586932   -816.35557473       0       0       1
   52     28.31853716   -325.93430026   -816.35557473       1       0       8
   53     28.46195271   -195.10065430   -816.35557472       8       0      46
   54     34.01319946   -227.81262129   -816.35557473      46       0      50
   55     41.82033880   -135.41750930   -816.35557473      54       0      59
   56     45.86854384   -204.61097006   -816.35557472      67       0      78
   57     51.95296978   -240.57958338   -816.35557473      95       0      88
   58     56.07239968   -280.07475684   -816.35557473     110       0      82
   59     44.70834862   -229.60524029   -816.35557473     121       0      61
   60     30.25022244   -343.17341312   -816.35557472     112       0      27
   61      2.67742330   -795.86215945   -816.35557473      85       0       0
   62      0.84582144   -805.12470799   -816.35557472      35       0       0
   63      0.00000000   -816.35557473   -816.35557473       7       0       0
   64      0.00000000   -816.35557473   -816.35557473       0       0       0
   65      0.00000000   -816.35557473   -816.35557473       0       0       0
   66      0.00000000   -816.35557473   -816.35557473       0       0       0
   67      0.00000000   -816.35557473   -816.35557473       0       0       0
   68      0.76176739   -799.30487889   -816.35557473       0       0       1
   69     33.14301470   -206.60428559   -816.35557472       1       0       7
   70     47.38783108   -194.07048310   -816.35557473       6       0      38
   71     29.47778295   -354.51131478   -816.35557472      37       0      41
   72     30.28572667   -351.16145635   -816.35557473      46       0      52
   73     58.14098827    -49.42268300   -816.35557473      54       0      67
   74     67.49537782   -151.26071138   -816.35557473      72       0      80
   75     63.45022587    -50.65885873   -816.35557472      96       0      77
   76     47.99078077   -225.31635975   -816.35557472     108       0      70
   77     22.39220585   -426.86802394   -816.35557472     120       0      51
   78     27.53511330   -205.10321692   -816.35557473     100       0      13
   79      2.17718524   -788.72246105   -816.35557472      66       0       3
   80      0.33620082   -808.83036697   -816.35557472      23       0       0
   81      0.00000000   -816.35557472   -816.35557473       1       0       0
   82      0.00000000   -816.35557472   -816.35557473       0       0       0
   83      0.00000000   -816.35557472   -816.35557473       0       0       0
   84      0.00000000   -816.35557472   -816.35557473       0       0       0
   85      1.33244754   -786.53130268   -816.35557473       0       0       1
   86      2.38220984   -785.26908786   -816.35557472       1       0       7
   87     23.38798766   -301.85678407   -816.35557472       7       0      30
   88     40.03563691   -241.20408235   -816.35557473      30       0      45
   89     23.72865865   -396.90962922   -816.35557473      45       0      41
   90     44.55676264   -157.47395670   -816.35557473      48       0      53
   91     58.75358905   -211.72045193   -816.35557473      65       0      64
   92     53.86759958   -225.51598920   -816.35557473      74       0      65
   93     54.81594280    -58.30670884   -816.35557472      79       0      88
   94     33.17594281   -203.01760987   -816.35557473      97       0      63
   95     44.80905833    -98.41952182   -816.35557472      98       0      34
   96     15.86345248   -473.97352438   -816.35557472      85       0       9
   97      0.59496911   -803.37474104   -816.35557472      36       0       0
   98      0.00000000   -816.35557473   -816.35557473       2       0       0
   99      0.00000000   -816.35557473   -816.35557473       0       0       0
  100      0.00000000   -816.35557473   -816.35557473       0       0       0
  101      0.00000000   -816.35557473   -816.35557473       0       0       0
  102      0.88792919   -796.48099002   -816.35557473       0       0       1
  103      1.84708135   -793.32304245   -816.35557472       1       0       7
  104     30.61101372   -241.79274934   -816.35557472       7       0      25
  105     27.07398501   -443.41062200   -816.35557473      23       0      38
  106     22.36566121   -376.37376102   -816.35557473      39       0      45
  107     35.06606778   -453.61176482   -816.35557473      47       0      49
  108     32.15147944   -194.18787876   -816.35557472      59       0      57
  109     51.55451625   -199.54634958   -816.35557473      62       0      62
  110     54.11114011   -189.86712570   -816.35557473      81       0      70
  111     57.21331747   -194.91153180   -816.35557473      88       0      63
  112     68.73998103    -91.84125142   -816.35557473     101       0      66
  113     22.55678092   -318.17912919   -816.35557473     113       0      16
  114      2.00356922   -799.55001060   -816.35557473      64       0       1
  115      0.00000000   -816.35557473   -816.35557472      17       0       0
  116      0.00000000   -816.35557473   -816.35557472       0       0       0
  117      0.00000000   -816.35557473   -816.35557472       0       0       0
  118      0.00000000   -816.35557473   -816.35557472       0       0       0
  119      0.29200937   -809.81950748   -816.35557472       0       0       1
  120     13.75282267   -512.21619111   -816.35557473       1       0       7
  121     14.79914030   -499.34381536   -816.35557473       7       0      24
  122     40.48722698   -290.43429125   -816.35557472      22       0      33
  123     54.84053502   -198.78194415   -816.35557472      37       0      38
  124     44.19378313   -149.28587496   -816.35557473      42       0      52
  125     44.64613636   -277.44712545   -816.35557473      55       0      46
  126     37.11586718   -247.10576710   -816.35557473      58       0      48
  127     57.77580777   -209.29837327   -816.35557473      60       0      60
  128     49.82912449   -247.45623940   -816.35557472      69       0      69
  129     69.99993133    -79.45680511   -816.35557473      79       0      80
  130     21.93513234   -436.51035276   -816.35557473      92       0      34
  131      3.09498269   -790.88551658   -816.35557473      77       0       8
  132      0.85897142   -806.09510682   -816.35557473      44       0       0
  133      0.23455873   -811.10542931   -816.35557472       7       0       0
  134      0.00000000   -816.35557472   -816.35557472       1       0       0
  135      0.00000000   -816.35557472   -816.35557472       0       0       0
  136      0.49556998   -805.26319526   -816.35557472       0       0       1
  137     24.82668625   -372.89036595   -816.35557473       1       0       7
  138      8.65170826   -645.42681394   -816.35557473       7       0      21
  139     35.53793777   -305.38502189   -816.35557472      19       0      33
  140     30.58881195   -326.77629222   -816.35557473      33       0      35
  141     50.00362341   -225.44498841   -816.35557473      40       0      44
  142     49.54333293   -153.27856154   -816.35557473      44       0      45
  143     39.32464723   -402.79327217   -816.35557473      54       0      52
  144     46.66523216    -99.51637361   -816.35557473      60       0      55
  145     58.96788002   -239.57529019   -816.35557472      63       0      64
  146     44.84568189   -103.71552188   -816.35557472      75       0      61
  147     47.30621656   -277.38694029   -816.35557473      91       0      55
  148     28.13881700   -307.75127762   -816.35557473      76       0      24
  149      2.48794068   -787.94945531   -816.35557473      57       0       3
  150      0.13405131   -813.35509436   -816.35557472      19       0       0
  151      0.00000000   -816.35557473   -816.35557473       1       0       0
  152      0.00000000   -816.35557473   -816.35557473       0       0       0
  153      0.50626576   -805.02379075   -816.35557473       0       0       1
  154     18.67458059   -446.28000464   -816.35557472       1       0       7
  155     10.11719892   -608.67302948   -816.35557473       7       0      21
  156     26.23458602   -338.85284404   -816.35557473      21       0      29
  157     46.28281948   -217.29064475   -816.35557473      29       0      36
  158     33.21823195    -82.21750131   -816.35557473      46       0      39
  159     42.49177067   -171.39990408   -816.35557473      50       0      41
  160     37.41556162   -292.62745456   -816.35557473      42       0      51
  161     42.30898452   -223.96789230   -816.35557473      53       0      48
  162     37.58675967   -275.21119744   -816.35557473      61       0      60
  163     38.65794992   -215.58833910   -816.35557473      60       0      61
  164     31.14642905   -335.99795350   -816.35557473      82       0      53
  165     38.03679547   -213.17289614   -816.35557473      75       0      44
  166      3.73875726   -787.85981832   -816.35557473      58       0       9
  167      1.49672524   -795.15267460   -816.35557473      28       0       0
  168      0.07118678   -814.76219579   -816.35557473       6       0       0
  169      0.00000000   -816.35557472   -816.35557473       1       0       0
  170      0.49657462   -805.24070824   -816.35557473       0       0       1
  171      2.59625050   -779.65840044   -816.35557472       1       0       6
  172     14.57045515   -497.01395938   -816.35557472       6       0      18
  173     36.90877370   -175.24631164   -816.35557473      17       0      27
  174     35.38574515   -188.96812726   -816.35557472      29       0      30
  175     44.87927065   -237.86403509   -816.35557473      32       0      47
  176     38.65638842   -317.12514015   -816.35557473      45       0      39
  177     24.95418170   -486.40811761   -816.35557472      51       0      46
  178     33.06536237   -423.29689062   -816.35557473      60       0      43
  179     16.55740921   -531.45989827   -816.35557473      53       0      60
  180     44.85473463   -205.70306931   -816.35557472      71       0      57
  181     52.65848746   -222.19105206   -816.35557473      68       0      63
  182     56.20982209    -36.92897368   -816.35557473      79       0      44
  183      4.91726882   -760.49261671   -816.35557473      66       0      15
  184     21.61893662   -450.62678988   -816.35557473      45       0       4
  185      0.61545125   -806.47267808   -816.35557472      17       0       0
  186      0.00000000   -816.35557473   -816.35557472       3       0       0
  187      0.41064295   -807.16412323   -816.35557472       0       0       1
  188      2.35437945   -784.40088199   -816.35557473       1       0       6
  189     41.41039102   -144.86367090   -816.35557473       6       0      16
  190     32.40472155   -295.40757169   -816.35557472      16       0      28
  191     32.84860557   -203.87166622   -816.35557473      28       0      25
  192     37.29015888   -141.42041837   -816.35557472      27       0      39
  193     20.54268430   -371.24135759   -816.35557472      41       0      43
  194     34.87366304   -412.61299703   -816.35557473      45       0      46
  195     28.16866823   -431.74294390   -816.35557473      56       0      42
  196     47.58199344   -272.24765258   -816.35557472      47       0      50
  197     29.87642956   -214.36716501   -816.35557473      60       0      60
  198     55.28111864    -94.99688336   -816.35557473      64       0      54
  199     37.70563803   -208.57117931   -816.35557472      68       0      54
  200     24.69886271   -414.43641992   -816.35557473      79       0      26
  201     14.53058109   -494.95700236   -816.35557473      60       0      10
  202      0.45414555   -806.31286445   -816.35557473      21       0       0
  203      0.00000000   -816.35557473   -816.35557472       2       0       0
  204      0.42638697   -806.81172363   -816.35557472       0       0       1
  205      3.34775937   -761.68506367   -816.35557473       1       0       6
  206     29.60775972   -159.87505841   -816.35557473       6       0      14
  207     54.81108449   -119.58591740   -816.35557473      14       0      27
  208     33.91838636   -300.98206330   -816.35557473      27       0      27
  209     36.54626205   -263.10192944   -816.35557473      30       0      34
  210     55.68233379    -76.75166138   -816.35557472      37       0      39
  211     41.15168277   -242.90448987   -816.35557473      48       0      49
  212     40.39760650   -292.20675455   -816.35557472      54       0      44
  213     31.55381587   -337.19417154   -816.35557473      53       0      40
  214     51.90955085   -108.75462089   -816.35557473      57       0      53
  215     41.73583969   -235.69129234   -816.35557472      60       0      54
  216     42.38153575   -256.70495334   -816.35557472      73       0      58
  217     22.20825072   -357.13772208   -816.35557472      70       0      35
  218      8.45295340   -661.72780282   -816.35557472      63       0      18
  219      0.76930698   -804.19476099   -816.35557473      32       0       1
  220      0.00000000   -816.35557473   -816.35557473       3       0       0
  221      0.57313791   -803.52698652   -816.35557473       0       0       1
  222      2.19180225   -779.58612372   -816.35557473       1       0       6
  223      5.88031409   -703.55188882   -816.35557473       6       0      14
  224     41.90780414   -288.61994260   -816.35557473      14       0      23
  225     32.14754392   -298.12479936   -816.35557473      24       0      26
  226     32.94049189   -210.27298830   -816.35557473      30       0      31
  227     43.37301548   -138.35949956   -816.35557473      35       0      42
  228      5.90229511   -763.56710632   -816.35557472      43       0      39
  229     34.49508790   -300.78377012   -816.35557472      51       0      43
  230     53.38580005    -45.95170008   -816.35557473      50       0      47
  231     37.10768236   -280.36413896   -816.35557473      49       0      45
  232     41.32325846   -223.11184616   -816.35557473      59       0      51
  233     49.93584158   -157.39635745   -816.35557472      74       0      57
  234     41.84186900   -252.40563123   -816.35557473      78       0      48
  235     24.13292314   -435.84100488   -816.35557472      67       0      26
  236      2.91023798   -764.93902743   -816.35557473      46       0       1
  237      0.00000000   -816.35557473   -816.35557473      13       0       0
  238      1.01035330   -793.74076202   -816.35557473       0       0       1
  239     23.53601149   -291.58888935   -816.35557473       1       0       6
  240     30.94119328   -284.15567392   -816.35557472       6       0      13
  241     33.61684582   -171.62739029   -816.35557473      14       0      17
  242     20.03125573   -439.15448569   -816.35557473      17       0      31
  243      4.52515011   -783.28676800   -816.35557473      32       0      25
  244     42.83441961   -199.65078558   -816.35557473      29       0      42
  245     35.22770188   -197.53217576   -816.35557473      50       0      37
  246     24.68680506   -476.42189489   -816.35557473      47       0      45
  247     32.48016468   -206.66590322   -816.35557473      51       0      43
  248     27.85436625   -350.21989415   -816.35557472      51       0      39
  249     24.86821916   -459.78977443   -816.35557472      53       0      44
  250     60.37253334   -163.05171376   -816.35557473      59       0      63
  251     48.11561581   -208.80535150   -816.35557472      70       0      51
  252     43.34249885   -232.37230247   -816.35557472      66       0      36
  253     12.01600736   -552.56408680   -816.35557473      60       0       7
  254      0.58256311   -806.67545349   -816.35557472      21       0       0
  255      0.44564462   -806.38067810   -816.35557472       2       0       1
  256      1.95038013   -784.63926366   -816.35557472       1       0       5
  257     23.64005003   -443.94644202   -816.35557472       5       0      14
  258     21.18781528   -467.70988353   -816.35557472      13       0      16
  259     32.06080441   -357.80570359   -816.35557473      18       0      25
  260     50.63408659    -45.62554805   -816.35557473      26       0      24
  261     30.32133918   -204.15784968   -816.35557473      25       0      39
  262     30.50375131   -206.52069724   -816.35557472      42       0      35
  263     57.01529802   -168.43971453   -816.35557472      40       0      50
  264     41.29637771   -257.12154979   -816.35557472      51       0      40
  265     49.48868125   -185.74912241   -816.35557472      54       0      38
  266     30.70867872   -290.17004926   -816.35557472      51       0      41
  267     45.44458830   -139.13704761   -816.35557473      45       0      62
  268     28.51521026   -434.78530533   -816.35557473      74       0      49
  269     46.88143911   -247.25639976   -816.35557473      64       0      46
  270     25.90909383   -239.91054619   -816.35557473      69       0      15
  271      0.45213484   -806.62916779   -816.35557473      34       0       0
  272      1.20886356   -789.29749212   -816.35557473       3       0       1
  273      1.38616466   -797.12956742   -816.35557473       1       0       5
  274     17.02592327   -443.04890925   -816.35557473       5       0      13
  275      3.71074331   -767.72897330   -816.35557473      13       0      15
  276     29.74455257   -295.79241104   -816.35557473      14       0      26
  277     35.54634540   -166.45842602   -816.35557473      27       0      21
  278     32.55511659   -384.52744177   -816.35557473      24       0      37
  279     34.15342391   -334.07435703   -816.35557473      37       0      31
  280     31.46281387   -283.23259922   -816.35557472      39       0      49
  281     49.53802864   -278.54872790   -816.35557472      52       0      40
  282     32.68194532   -451.51271409   -816.35557473      55       0      39
  283     28.63977574   -288.17404516   -816.35557473      42       0      45
  284     40.28107860   -220.06781825   -816.35557473      53       0      45
  285     39.92235266   -296.94139663   -816.35557473      63       0      53
  286     39.44389841   -355.21413189   -816.35557472      63       0      54
  287     36.45360114   -243.13457617   -816.35557473      64       0      26
  288      1.69569210   -799.57599730   -816.35557473      44       0       0
  289     14.29542786   -496.39600921   -816.35557473      13       0       1
  290      1.83645623   -788.86741166   -816.35557473       3       0       5
  291     13.81052794   -513.89306219   -816.35557473       5       0      13
  292     22.75696769   -311.50081960   -816.35557472      12       0      14
  293     29.34500028   -167.00420979   -816.35557473      15       0      23
  294      4.52975686   -776.03851063   -816.35557473      23       0      23
  295     31.38018221   -284.81904002   -816.35557472      25       0      33
  296     50.54045176   -170.97157236   -816.35557473      31       0      29
  297     47.74320426   -197.47118340   -816.35557472      35       0      45
  298     31.91815997   -391.58171294   -816.35557473      44       0      44
  299     36.90926056   -194.66685960   -816.35557473      57       0      40
  300     28.59761900   -403.72157318   -816.35557473      52       0      40
  301     28.00719420   -366.06864643   -816.35557473      57       0      42
  302     39.24177324    -91.56926435   -816.35557472      52       0      54
  303     19.48218523   -484.41176964   -816.35557473      64       0      54
  304     35.48725419   -410.24436556   -816.35557473      66       0      33
  305     26.83331087   -264.41854113   -816.35557473      52       0       6
  306     13.74712441   -509.73944314   -816.35557473      14       0       2
  307      1.68218997   -798.59582819   -816.35557472       5       0       6
  308     28.49364760   -297.10754357   -816.35557473       6       0      11
  309      3.30661750   -779.37443848   -816.35557473      11       0      15
  310      4.31374495   -777.36416861   -816.35557472      15       0      21
  311     39.68517259    -55.16176963   -816.35557473      22       0      23
  312     30.03064877   -187.18518567   -816.35557472      27       0      31
  313      5.25008318   -778.10722839   -816.35557473      33       0      31
  314     43.72846134   -270.57250408   -816.35557472      35       0      35
  315     49.31023720   -104.64815024   -816.35557473      36       0      41
  316     54.38248009   -100.77757538   -816.35557472      48       0      38
  317     50.55118195   -143.76170832   -816.35557472      52       0      45
  318     62.00836035   -114.76090273   -816.35557473      50       0      47
  319     25.70172923   -253.77030429   -816.35557473      59       0      48
  320     15.26418813   -578.65149256   -816.35557473      58       0      48
  321     30.05654512   -419.23622531   -816.35557473      59       0      50
  322     14.82487446   -498.59060546   -816.35557473      60       0       6
  323     26.79983376   -217.07223890   -816.35557473      27       0       4
  324     19.74586302   -383.78047461   -816.35557472       8       0       6
  325     29.19234006   -167.62885539   -816.35557473       7       0      11
  326     20.76050595   -356.53618248   -816.35557473      10       0      14
  327     35.61624433   -107.80792844   -816.35557473      16       0      18
  328     26.79433698   -381.24912279   -816.35557473      19       0      25
  329     22.50269935   -442.65125485   -816.35557472      24       0      28
  330     39.24144702   -177.32630290   -816.35557473      31       0      31
  331     21.43720917   -405.04594762   -816.35557473      36       0      33
  332     36.69415703   -342.50853435   -816.35557473      35       0      36
  333     30.96478813   -354.80940629   -816.35557472      38       0      41
  334     38.18237014   -133.02693674   -816.35557472      46       0      41
  335     49.01199206   -118.15283700   -816.35557472      51       0      50
  336     35.46606744   -310.76478173   -816.35557472      58       0      46
  337     47.80284390    -64.02713397   -816.35557472      58       0      47
  338     35.74275759   -272.45856593   -816.35557472      65       0      51
  339     13.33581802   -532.33468628   -816.35557472      65       0      17
  340     25.58426294   -244.45829431   -816.35557473      47       0       4
  341     16.53327756   -449.02639374   -816.35557473      10       0       7
  342     15.75768229   -467.42225946   -816.35557473       8       0      10
  343      3.61686596   -779.58612373   -816.35557473      10       0      14
  344      3.71140224   -785.39737944   -816.35557473      14       0      19
  345      4.07093776   -764.05467719   -816.35557473      20       0      20
  346     20.04524330   -486.36313141   -816.35557472      21       0      29
  347     28.79916168   -417.91432021   -816.35557472      31       0      32
  348     27.07350847   -224.05084103   -816.35557473      31       0      31
  349     20.62639040   -378.25032953   -816.35557473      35       0      33
  350     33.86580682   -332.31851484   -816.35557473      36       0      41
  351     33.88769089   -342.43045940   -816.35557473      50       0      42
  352     28.10189651   -290.11723225   -816.35557473      53       0      41
  353     39.43550367   -329.52269242   -816.35557472      50       0      44
  354     62.41226545   -152.63337775   -816.35557473      51       0      47
  355     37.94669366   -219.05029759   -816.35557472      61       0      49
  356     18.80671567   -426.14337313   -816.35557472      58       0      34
  357     17.38912977   -434.86158377   -816.35557472      49       0       7
  358      2.14268752   -781.60873832   -816.35557473      20       0       7
  359     17.93213959   -417.72201477   -816.35557473      10       0      10
  360      3.15755419   -779.65743490   -816.35557473      10       0      12
  361     32.68483577   -274.98632466   -816.35557472      13       0      21
  362     31.93565434   -353.34539379   -816.35557473      22       0      18
  363     36.49033280   -208.21850397   -816.35557472      20       0      31
  364     16.55924504   -470.93944803   -816.35557473      32       0      29
  365      5.05476012   -756.45754538   -816.35557472      34       0      26
  366     26.65603343   -403.38994889   -816.35557473      32       0      31
  367     25.41934478   -420.25557340   -816.35557473      38       0      39
  368     60.32124871   -158.18380483   -816.35557472      42       0      44
  369     32.99465388   -375.93430626   -816.35557473      50       0      43
  370     36.24272671   -227.05293799   -816.35557473      55       0      42
  371     36.76271662   -395.45062982   -816.35557473      56       0      46
  372     28.44072556   -425.81896915   -816.35557473      53       0      45
  373     43.40001334   -293.09529766   -816.35557473      60       0      42
  374      3.78028628   -777.55668644   -816.35557473      50       0      12
  375      2.36926099   -796.27920409   -816.35557473      25       0       8
  376      3.22730827   -767.45667130   -816.35557472      14       0      10
  377     24.34797322   -491.35975874   -816.35557473      10       0      12
  378     25.46608654   -252.84787821   -816.35557473      13       0      21
  379     15.58324881   -477.00411841   -816.35557472      20       0      17
  380     33.97404303   -288.74281643   -816.35557473      19       0      27
  381     28.99350360   -334.16124193   -816.35557473      30       0      28
  382     23.10136648   -443.76295538   -816.35557473      27       0      26
  383     38.86583276   -279.17433809   -816.35557473      27       0      31
  384     31.19394802   -230.95638495   -816.35557472      35       0      42
  385     13.30479778   -556.41760044   -816.35557473      45       0      35
  386     56.42825399   -122.02468526   -816.35557473      44       0      44
  387     54.12418054   -258.60225288   -816.35557472      41       0      45
  388     47.80216600     21.89425743   -816.35557472      52       0      42
  389     52.12473077    -60.77529594   -816.35557472      60       0      46
  390     55.95647757   -167.34889621   -816.35557472      55       0      47
  391     30.80371246   -221.10787790   -816.35557472      61       0      15
  392     16.02902467   -463.30325442   -816.35557473      35       0      12
  393      2.45462548   -792.65572803   -816.35557473      16       0       9
  394     15.73470858   -470.43349834   -816.35557473      11       0      13
  395     38.55927119   -169.09164691   -816.35557472      14       0      18
  396     13.21355470   -527.22101168   -816.35557473      17       0      18
  397     24.73395399   -409.60837636   -816.35557473      18       0      28
  398     21.62696130   -512.15864108   -816.35557472      30       0      26
  399     26.08495926   -356.37009783   -816.35557473      31       0      28
  400      4.88627972   -779.37443848   -816.35557472      30       0      28
  401     16.30650192   -465.57767579   -816.35557472      31       0      37
  402     30.87393805   -288.83340372   -816.35557472      40       0      41
  403     55.58916226    -97.16814696   -816.35557472      44       0      38
  404     41.35709901    -80.07165072   -816.35557473      48       0      36
  405     32.78342605   -322.76042385   -816.35557472      45       0      50
  406     43.51715379    -98.54310024   -816.35557473      55       0      42
  407     36.93323592    -42.74760356   -816.35557473      53       0      49
  408     17.18894254   -537.79541097   -816.35557473      61       0      26
  409     21.80254835   -428.94212794   -816.35557472      51       0      12
  410      2.64061540   -788.90049718   -816.35557473      18       0       9
  411     15.67590543   -473.05710396   -816.35557473      11       0      14
  412     30.92004702   -297.51247288   -816.35557472      15       0      18
  413      4.07180237   -778.10722838   -816.35557473      18       0      17
  414     25.78738373   -329.44236215   -816.35557473      15       0      23
  415     23.56860388   -296.85682824   -816.35557472      24       0      30
  416     17.94156384   -482.97993641   -816.35557472      35       0      28
  417      5.86424881   -760.49261670   -816.35557473      31       0      26
  418     51.39668734   -171.48486953   -816.35557472      29       0      38
  419     26.95560832   -222.55673040   -816.35557473      38       0      33
  420     58.60561365    102.86503989   -816.35557473      39       0      40
  421      5.16649665   -763.64637851   -816.35557472      46       0      35
  422     47.61883721   -259.10471389   -816.35557472      37       0      48
  423     11.44762518   -595.17681537   -816.35557472      54       0      38
  424     39.72214738   -178.31891236   -816.35557472      46       0      50
  425     28.58807680   -428.28035439   -816.35557472      49       0      35
  426     25.59830721   -251.57038093   -816.35557473      52       0      17
  427     15.02896151   -557.08408779   -816.35557473      33       0      10
  428     23.13907304   -332.74887396   -816.35557473      13       0      14
  429     44.43593509    -86.16557387   -816.35557473      14       0      18
  430     37.29389303   -274.44859271   -816.35557473      18       0      16
  431     26.05984339   -376.40760839   -816.35557473      16       0      20
  432     24.52149517   -432.37807407   -816.35557472      21       0      30
  433     14.17338316   -536.74687462   -816.35557472      28       0      31
  434     34.78573322   -314.25531974   -816.35557472      35       0      23
  435     29.26638676   -327.91256186   -816.35557473      29       0      35
  436     38.58519210   -183.43639262   -816.35557472      33       0      35
  437     33.68098884   -372.45475655   -816.35557472      41       0      41
  438     38.66335412   -285.74735836   -816.35557473      45       0      37
  439     48.01111939   -226.39113631   -816.35557472      47       0      40
  440     27.62917196   -413.11253061   -816.35557473      49       0      42
  441     30.19644345   -222.84166333   -816.35557472      52       0      44
  442     47.32292727   -297.56408925   -816.35557472      46       0      35
  443     33.32287172   -141.80330078   -816.35557473      46       0      28
  444      2.71230919   -784.40088199   -816.35557472      36       0      11
  445     27.24949339   -373.01781766   -816.35557473      19       0      14
  446      3.46296541   -784.40088195   -816.35557473      15       0      18
  447     18.29070455   -410.65314661   -816.35557472      19       0      15
  448      9.43793735   -637.54704723   -816.35557473      15       0      19
  449     29.86145639   -391.22284748   -816.35557472      19       0      31
  450     26.55308776   -422.91191649   -816.35557473      32       0      26
  451     20.36390527   -498.79485061   -816.35557473      30       0      27
  452     17.82936020   -430.57880785   -816.35557472      30       0      31
  453     27.27567820   -311.46133292   -816.35557473      35       0      35
  454     28.90429408   -213.39833553   -816.35557473      40       0      38
  455     32.16839218   -426.51996540   -816.35557473      41       0      37
  456     35.67712517   -350.79340205   -816.35557473      37       0      40
  457     42.21850797   -344.77197966   -816.35557473      47       0      45
  458     54.38577487   -209.13008604   -816.35557473      53       0      39
  459     31.91086390   -214.34542624   -816.35557473      49       0      41
  460     31.56354283   -189.33209277   -816.35557473      50       0      29
  461     21.11155838   -397.20539485   -816.35557472      40       0      15
  462     18.13220339   -416.37771897   -816.35557472      24       0      14
  463     23.01607814   -433.14682206   -816.35557473      19       0      18
  464      4.08112126   -760.49261671   -816.35557473      20       0      15
  465     16.16841245   -466.18446985   -816.35557472      18       0      17
  466     35.03679414   -165.08074567   -816.35557473      18       0      29
  467     40.47250677   -174.58744459   -816.35557473      28       0      26
  468     11.49072452   -571.04445600   -816.35557473      33       0      26
  469     35.86276991   -125.63368469   -816.35557473      30       0      34
  470     46.22937097   -282.61466931   -816.35557473      40       0      32
  471     30.77449410   -274.67237852   -816.35557473      37       0      39
  472     29.77599614   -284.90218094   -816.35557473      45       0      37
  473     49.36344381   -142.82955888   -816.35557473      46       0      37
  474     50.03106665   -183.65897592   -816.35557473      39       0      41
  475     33.32107640   -205.91857204   -816.35557473      53       0      40
  476     29.01027229   -278.15325466   -816.35557473      53       0      39
  477     39.03619387   -242.47795879   -816.35557473      53       0      34
  478     37.87131789   -282.99821940   -816.35557473      43       0      18
  479     23.85791695   -288.35529960   -816.35557472      30       0      16
  480     36.91529939     -4.77400665   -816.35557473      21       0      18
  481      3.46885621   -784.63926366   -816.35557472      19       0      17
  482     26.78967041   -219.79294236   -816.35557472      15       0      15
  483     31.63125096   -244.60125210   -816.35557473      17       0      25
  484     29.51744428   -344.75797641   -816.35557473      28       0      27
  485      4.17787583   -787.94945531   -816.35557473      27       0      25
  486     34.16349776   -298.69653199   -816.35557473      30       0      34
  487     23.57142004   -434.98641102   -816.35557471      36       0      33
  488     41.75275303    -97.51142684   -816.35557472      35       0      36
  489     32.98704786   -209.73455497   -816.35557473      40       0      38
  490     21.71950586   -468.96575199   -816.35557473      48       0      34
  491     44.78642505   -313.43328930   -816.35557473      42       0      36
  492     23.43120916   -440.40396730   -816.35557473      45       0      42
  493     52.09888061   -145.07212206   -816.35557473      49       0      43
  494     55.48411764    -59.37497654   -816.35557473      59       0      35
  495     13.42173959   -531.90653161   -816.35557473      44       0      23
  496     26.94405535   -351.88772472   -816.35557473      35       0      18
  497     39.18827873   -167.53928188   -816.35557473      23       0      19
  498      3.48678359   -786.42711781   -816.35557473      21       0      16
  499      3.75030047   -784.40088198   -816.35557473      19       0      14
  500     18.91989852   -510.83574347   -816.35557471      14       0      25
  501      6.69622902   -707.88973112   -816.35557473      24       0      25
  502     17.06709322   -532.46013254   -816.35557471      25       0      25
  503     10.89114334   -611.13100629   -816.35557472      28       0      35
  504     49.91294677   -289.20011501   -816.35557473      38       0      29
  505     51.27960160   -100.33638870   -816.35557472      32       0      35
  506     30.83942713   -342.50368780   -816.35557473      38       0      37
  507     49.25394875    -77.91149727   -816.35557473      45       0      37
  508     33.63764890   -116.72921158   -816.35557472      44       0      34
  509     50.30946711   -194.77065881   -816.35557472      39       0      34
  510     69.25885905    -34.16133457   -816.35557473      36       0      50
  511     49.40356036   -135.98466516   -816.35557472      56       0      34
  512     23.35085458   -408.12458282   -816.35557472      47       0      28
  513     17.40734657   -437.03008901   -816.35557473      43       0      21
  514     43.99145495    -93.07784509   -816.35557472      24       0      19
  515     18.56348796   -409.29275244   -816.35557472      25       0      18
  516     29.79702940   -152.80314235   -816.35557473      19       0      14
  517     12.81119499   -539.47621577   -816.35557473      17       0      24
  518      3.56611436   -789.05119274   -816.35557473      24       0      23
  519     40.16809253   -139.06647525   -816.35557473      23       0      27
  520     20.32268924   -449.08777211   -816.35557472      31       0      30
  521     18.83529055   -501.66953346   -816.35557472      32       0      30
  522     45.89315955   -200.55640641   -816.35557473      34       0      37
  523      9.89201395   -627.69705987   -816.35557472      38       0      32
  524     46.07851371   -186.99728953   -816.35557473      40       0      41
  525      5.51243115   -763.99868585   -816.35557472      45       0      33
  526     44.45717333   -125.28695172   -816.35557472      40       0      31
  527     49.99557698   -193.94260026   -816.35557473      38       0      46
  528      5.54354501   -774.53065188   -816.35557473      51       0      34
  529     61.87564682    -39.74041506   -816.35557472      48       0      37
  530     31.38930643   -187.65623983   -816.35557473      49       0      20
  531     35.63777241   -201.27487005   -816.35557473      30       0      21
  532     34.21521841   -139.16041381   -816.35557473      24       0      18
  533     33.38425953   -113.53021510   -816.35557473      23       0      16
  534     27.57948599   -375.12311822   -816.35557473      20       0      22
  535     36.01519454   -134.82648681   -816.35557473      22       0      23
  536     22.14329367   -327.66206671   -816.35557473      23       0      25
  537      9.41007275   -624.12721840   -816.35557472      28       0      31
  538     17.69610922   -431.71539091   -816.35557473      30       0      31
  539     21.85045738   -455.78623558   -816.35557472      35       0      29
  540     56.21417181    243.57049846   -816.35557472      39       0      37
  541     45.74046733   -197.66980840   -816.35557472      38       0      41
  542     45.49868711   -309.19875135   -816.35557472      43       0      31
  543     18.98222361   -484.14339444   -816.35557472      40       0      30
  544     21.97230791   -473.28138468   -816.35557472      35       0      41
  545     51.58726827   -137.51025762   -816.35557472      47       0      38
  546     29.78237999   -399.25818287   -816.35557472      46       0      38
  547     44.34225044   -131.66789116   -816.35557473      47       0      24
  548     27.67696296   -382.13846062   -816.35557472      33       0      20
  549     29.71785148   -415.18088443   -816.35557473      27       0      20
  550     24.45788013   -406.04195159   -816.35557473      22       0      19
  551      3.66186702   -787.85981831   -816.35557472      24       0      20
  552     20.23915378   -372.21064199   -816.35557473      24       0      23
  553     38.31267500   -257.44771250   -816.35557472      22       0      26
  554     23.29872620   -422.40886727   -816.35557472      27       0      28
  555     35.16786948   -167.55421621   -816.35557472      28       0      28
  556     42.99975111   -104.21014562   -816.35557473      33       0      33
  557     37.93823827   -261.56431880   -816.35557473      35       0      35
  558     13.79594101   -542.11666655   -816.35557473      44       0      36
  559     40.64518790    -86.78070142   -816.35557473      40       0      37
  560      4.10581248   -784.40088199   -816.35557473      50       0      24
  561      6.91090099   -739.03733943   -816.35557473      32       0      45
  562     45.50889045   -164.76934906   -816.35557472      49       0      35
  563      5.41577155   -779.99324644   -816.35557473      47       0      41
  564     19.04549984   -410.80869605   -816.35557473      50       0      25
  565     35.50643307   -188.07744094   -816.35557473      31       0      22
  566     40.71772662   -223.56191681   -816.35557473      27       0      19
  567     13.90897845   -524.62958772   -816.35557472      23       0      21
  568     35.33948113   -244.77762199   -816.35557472      22       0      22
  569     33.13106089   -160.53225946   -816.35557472      26       0      21
  570     15.14822967   -497.62143585   -816.35557473      24       0      27
  571     26.76006121   -244.23342496   -816.35557473      29       0      25
  572     33.32765266   -298.10622460   -816.35557471      27       0      28
  573     44.83414911   -234.44548596   -816.35557473      29       0      29
  574     44.02012146   -226.86557386   -816.35557473      33       0      37
  575     39.35632614   -320.95204538   -816.35557471      44       0      31
  576     40.51043778   -374.37530651   -816.35557473      33       0      35
  577     47.43487153     -4.31984611   -816.35557473      37       0      34
  578     40.84196929   -332.01568248   -816.35557473      35       0      39
  579     41.71766797   -146.01263277   -816.35557473      47       0      36
  580     37.99507265   -155.07555188   -816.35557472      43       0      44
  581     17.58167860   -436.81160330   -816.35557471      60       0      27
  582     30.20029503   -389.97407540   -816.35557473      36       0      21
  583     24.53150187   -385.12563046   -816.35557473      28       0      21
  584     23.24969640   -414.80641887   -816.35557473      24       0      19
  585     43.15653758   -230.36493373   -816.35557473      22       0      24
  586     31.07507264   -303.11209270   -816.35557472      22       0      21
  587     35.51078805   -141.88061076   -816.35557473      25       0      25
  588     32.81734205   -376.37864356   -816.35557473      27       0      27
  589     40.13221809   -229.48399239   -816.35557473      29       0      25
  590     43.32497521   -211.40824929   -816.35557472      25       0      29
  591     25.66304694   -328.60789743   -816.35557472      35       0      38
  592     32.77118793   -198.10743602   -816.35557472      36       0      33
  593     47.28211846   -191.98323969   -816.35557473      43       0      34
  594     34.62468397   -292.28650712   -816.35557473      40       0      30
  595     31.06973151   -337.17642516   -816.35557472      31       0      36
  596     48.90481399   -200.83310453   -816.35557472      39       0      36
  597     45.41460811    -92.57849304   -816.35557473      38       0      44
  598     24.74626972   -332.22051844   -816.35557473      48       0      32
  599     16.22362751   -468.60652164   -816.35557473      42       0      24
  600     36.06267540   -236.85320776   -816.35557473      29       0      20
  601     32.81834074   -250.52416216   -816.35557472      24       0      21
  602     29.62396110   -255.52581313   -816.35557473      21       0      23
  603     32.06613488   -342.31057990   -816.35557472      26       0      22
  604     34.55757102   -223.71963687   -816.35557473      24       0      24
  605     12.62860366   -549.68698405   -816.35557473      24       0      27
  606     19.47569296   -388.13744989   -816.35557473      36       0      21
  607     22.01619594   -400.00446823   -816.35557472      25       0      33
  608     33.59932885   -217.09124249   -816.35557473      35       0      34
  609     16.51887800   -463.45188205   -816.35557472      36       0      34
  610     29.32982563   -169.87590246   -816.35557473      37       0      36
  611     28.38253905   -388.74114779   -816.35557473      43       0      30
  612     43.54752521   -294.36973366   -816.35557472      42       0      39
  613     53.95926799   -101.77737592   -816.35557472      41       0      28
  614     60.33440907    -68.60420018   -816.35557472      41       0      44
  615     26.44569215   -300.36745418   -816.35557473      48       0      37
  616     48.41056189   -105.50657629   -816.35557472      50       0      24
  617     43.76344982   -118.68442149   -816.35557472      36       0      21
  618     24.01135520   -416.84553302   -816.35557472      25       0      22
  619     28.30454115   -391.14662220   -816.35557472      23       0      20
  620     40.65653787    -64.89326400   -816.35557472      21       0      25
  621     18.85014659   -400.73991426   -816.35557472      26       0      19
  622     35.97165549   -397.73298936   -816.35557473      22       0      27
  623     33.91113605   -233.13428044   -816.35557472      31       0      26
  624     41.78295006   -268.23218889   -816.35557472      30       0      32
  625     48.73708872   -200.10322992   -816.35557472      35       0      32
  626     36.97370498   -108.54625549   -816.35557472      35       0      29
  627     30.88282393   -175.64111278   -816.35557473      39       0      34
  628     44.74084873   -164.30067109   -816.35557473      38       0      36
  629     31.82384136   -311.07747868   -816.35557473      40       0      34
  630     16.31649099   -465.01418183   -816.35557472      41       0      32
  631     24.78656461   -408.13779667   -816.35557473      44       0      38
  632     27.60408741   -498.04884862   -816.35557473      40       0      38
  633     42.79965886   -112.38138036   -816.35557473      45       0      33
  634     44.33190926   -233.64773935   -816.35557472      41       0      22
  635     44.68290117   -215.23613327   -816.35557472      25       0      22
  636     25.98685711   -242.50218233   -816.35557472      24       0      19
  637     35.45109799   -196.03642570   -816.35557473      22       0      25
  638     21.69141720   -337.81436030   -816.35557473      28       0      18
  639     29.29159867   -276.24237088   -816.35557473      19       0      25
  640     21.12404786   -462.31147343   -816.35557473      28       0      24
  641     33.05876990   -189.96666173   -816.35557473      26       0      34
  642     24.01720048   -409.90432708   -816.35557473      32       0      32
  643     33.35165946   -229.36831778   -816.35557473      37       0      30
  644     34.45650369   -294.29995556   -816.35557473      34       0      30
  645     27.40785941   -375.81907828   -816.35557473      31       0      37
  646     25.67060888   -316.91575651   -816.35557473      44       0      32
  647     47.25028662   -201.91956342   -816.35557472      36       0      35
  648     31.44402190   -209.14443218   -816.35557473      37       0      39
  649     42.10746179   -173.93141187   -816.35557473      41       0      40
  650     15.85450111   -525.40853942   -816.35557473      45       0      31
  651     46.56807222   -240.59976444   -816.35557472      46       0      27
  652     30.70224208   -167.09247691   -816.35557473      35       0      18
  653     16.48716045   -455.33688731   -816.35557473      23       0      20
  654     27.56894997   -221.36524922   -816.35557473      22       0      27
  655     18.07481417   -417.23961052   -816.35557473      31       0      16
  656     44.55319523   -133.09792077   -816.35557473      21       0      27
  657     17.46760193   -436.89141764   -816.35557473      28       0      24
  658     44.84118018   -166.76727945   -816.35557472      26       0      30
  659     48.33024640   -179.12923601   -816.35557473      31       0      35
  660     41.80911825   -129.12772614   -816.35557472      37       0      30
  661     32.10077073   -465.51644821   -816.35557472      40       0      27
  662     18.88865252   -413.97318537   -816.35557472      30       0      37
  663     18.91840957   -491.61810477   -816.35557473      35       0      33
  664     40.57573828   -150.80806120   -816.35557473      44       0      36
  665     28.02329684   -249.47717443   -816.35557473      43       0      38
  666     47.10828865    -33.77133171   -816.35557473      44       0      30
  667     35.75910486   -181.44607591   -816.35557472      37       0      38
  668     33.57981407   -319.38056179   -816.35557472      41       0      29
  669     34.51443390   -149.63388909   -816.35557473      40       0      21
  670      8.42537060   -648.88561195   -816.35557473      24       0      19
  671     52.59643797   -139.36993428   -816.35557473      23       0      24
  672     42.93467522   -192.34825341   -816.35557473      26       0      21
  673     36.03675163   -215.04217292   -816.35557473      25       0      25
  674     33.72967884   -459.39795404   -816.35557473      26       0      25
  675     31.95376097   -250.68040500   -816.35557473      30       0      30
  676     57.85951772   -112.68362725   -816.35557473      33       0      28
  677     30.04718752   -352.84400677   -816.35557473      33       0      37
  678     15.10290350   -495.72637613   -816.35557472      35       0      25
  679     15.95706560   -501.90593892   -816.35557473      30       0      33
  680     35.57069557   -152.19489947   -816.35557473      36       0      37
  681     46.00894477   -103.15650809   -816.35557473      45       0      32
  682     53.63523729   -104.01820403   -816.35557472      33       0      40
  683     29.94739020   -421.56754194   -816.35557472      50       0      33
  684     38.91304853   -131.11935998   -816.35557472      42       0      31
  685     24.54915988   -368.38322210   -816.35557472      36       0      36
  686     14.10270367   -522.22567752   -816.35557473      45       0      19
  687     40.86516251   -230.92221278   -816.35557473      29       0      23
  688      3.74552220   -788.48613305   -816.35557472      25       0      21
  689     28.98554447   -241.16903428   -816.35557472      23       0      24
  690     45.45095515   -126.69934456   -816.35557472      29       0      22
  691     45.30674177   -281.32731859   -816.35557472      22       0      24
  692     48.75715114   -178.88840321   -816.35557472      30       0      32
  693     22.54312979   -407.30823410   -816.35557473      35       0      29
  694     32.82328464   -288.07047507   -816.35557472      31       0      35
  695     14.57160300   -502.98094751   -816.35557472      37       0      25
  696     18.18322897   -524.73438196   -816.35557473      29       0      33
  697     44.59870610   -146.65382212   -816.35557472      34       0      35
  698     15.47210385   -495.30609319   -816.35557473      42       0      31
  699     36.53625453   -178.43385636   -816.35557471      36       0      39
  700     50.43819766   -125.16439109   -816.35557473      51       0      34
  701     29.59741736   -335.35777603   -816.35557472      39       0      30
  702     56.88945519   -133.48194858   -816.35557473      35       0      35
  703     20.20046002   -370.83477429   -816.35557471      39       0      25
  704     27.02093088   -415.41410501   -816.35557473      34       0      25
  705     39.58717328   -141.53129844   -816.35557473      30       0      18
  706     36.61111050   -153.46059188   -816.35557472      22       0      25
  707     29.04949392   -232.78686139   -816.35557472      26       0      20
  708     22.57955339   -419.81022024   -816.35557472      25       0      27
  709     20.74829678   -367.16525447   -816.35557473      27       0      32
  710     29.54293037   -191.22819045   -816.35557473      38       0      30
  711     43.06632394   -157.88127775   -816.35557472      36       0      31
  712     34.61402070   -167.97617650   -816.35557472      34       0      25
  713     29.74938990   -212.41434645   -816.35557472      31       0      31
  714     36.95961076   -164.92127844   -816.35557472      33       0      37
  715     16.28699697   -483.85094225   -816.35557472      44       0      28
  716     44.09814048   -162.77760073   -816.35557472      34       0      39
  717     44.24090146   -137.04615444   -816.35557473      44       0      36
  718     26.90156164   -340.68520989   -816.35557472      39       0      32
  719     21.34097416   -455.50510220   -816.35557472      39       0      32
  720     58.00697751      4.22221845   -816.35557472      39       0      29
  721     14.18334393   -528.07355615   -816.35557473      33       0      24
  722     17.46391336   -433.37275707   -816.35557473      29       0      21
  723     35.88663021   -219.30934663   -816.35557473      26       0      21
  724     16.80564635   -452.14464655   -816.35557473      25       0      24
  725     35.74269346   -272.00156196   -816.35557473      25       0      19
  726     17.92510978   -427.78185902   -816.35557472      23       0      37
  727     19.84127592   -389.03439719   -816.35557472      39       0      30
  728     26.82262921   -331.22307256   -816.35557472      36       0      30
  729      5.39999357   -752.59378247   -816.35557472      33       0      27
  730     30.79522789   -264.53563353   -816.35557472      29       0      30
  731     49.62735759    -93.83238203   -816.35557473      36       0      34
  732     25.89412182   -412.60431128   -816.35557473      38       0      31
  733     49.56446004   -122.28358929   -816.35557472      36       0      37
  734     26.36086123   -429.44970351   -816.35557473      39       0      33
  735     49.44554935   -169.08527597   -816.35557472      39       0      37
  736     45.51544267   -110.54125638   -816.35557472      42       0      32
  737     23.66595901   -410.69422630   -816.35557472      37       0      30
  738     26.74828438   -424.06616105   -816.35557472      31       0      23
  739     35.83375217   -101.79094609   -816.35557473      30       0      21
  740     32.90231878   -273.10294192   -816.35557472      26       0      23
  741     36.64701712   -201.68543926   -816.35557472      27       0      21
  742     28.44439875   -185.36853521   -816.35557473      22       0      21
  743     37.75435457   -236.80739650   -816.35557473      26       0      35
  744     36.03909999   -268.18656764   -816.35557472      41       0      30
  745     39.98429688   -174.32805984   -816.35557472      33       0      34
  746     16.29744358   -497.53249682   -816.35557472      40       0      23
  747     13.45356666   -556.17128599   -816.35557473      30       0      32
  748     42.20569550    -78.04572693   -816.35557473      35       0      31
  749     47.97141831   -115.96836843   -816.35557473      38       0      34
  750     32.35028558   -255.65860209   -816.35557473      36       0      35
  751     25.56030265   -388.34768104   -816.35557472      38       0      34
  752     41.05953729   -180.63390598   -816.35557472      42       0      35
  753     30.35639109   -209.72409315   -816.35557473      43       0      34
  754     37.45681854   -139.54677245   -816.35557473      44       0      31
  755     15.25053382   -492.71589594   -816.35557473      37       0      21
  756     20.94649168   -372.76302898   -816.35557472      31       0      23
  757      4.49939893   -763.97285052   -816.35557473      30       0      23
  758     14.67382272   -571.23621400   -816.35557473      26       0      20
  759     25.34425777   -252.73141075   -816.35557473      22       0      20
  760     13.02756585   -551.41716831   -816.35557473      19       0      32
  761     29.82016739   -312.95366067   -816.35557473      34       0      35
  762     40.84476609   -295.35618363   -816.35557473      39       0      29
  763     28.60962151   -318.87397680   -816.35557473      38       0      30
  764     23.56503046   -337.64469204   -816.35557473      31       0      27
  765     28.57683699   -426.17432273   -816.35557473      31       0      34
  766     44.23602522   -196.40263771   -816.35557473      37       0      33
  767     28.83572320   -265.22762751   -816.35557473      39       0      31
  768     15.21260085   -499.91295483   -816.35557472      40       0      33
  769     41.96209544   -136.02252332   -816.35557473      38       0      35
  770     36.20793483   -275.41579497   -816.35557473      40       0      35
  771     29.43703532   -164.87469442   -816.35557473      37       0      30
  772      5.16057935   -763.50787515   -816.35557472      39       0      25
  773     37.23238446   -180.53130786   -816.35557472      31       0      25
  774     30.89637520   -226.82563373   -816.35557473      28       0      25
  775     16.52769991   -464.27327309   -816.35557473      31       0      19
  776     16.04561631   -467.41605224   -816.35557472      22       0      20
  777      4.42921325   -788.48613307   -816.35557473      25       0      31
  778     41.32252208   -265.78694189   -816.35557473      31       0      29
  779     28.68750751   -335.72986362   -816.35557472      33       0      37
  780     11.97773693   -567.65741943   -816.35557472      35       0      27
  781     14.55365615   -505.62543430   -816.35557473      35       0      27
  782     23.59459335   -389.98423581   -816.35557472      32       0      29
  783     33.82078804   -394.69084780   -816.35557472      33       0      34
  784     23.83075831   -295.94510711   -816.35557472      41       0      33
  785     43.27213790   -175.70859029   -816.35557473      37       0      37
  786     25.66701692   -380.47456289   -816.35557473      44       0      35
  787     33.50999072   -287.15946373   -816.35557472      46       0      29
  788     24.23609983   -392.29967300   -816.35557473      34       0      32
  789     36.72649726   -222.98667987   -816.35557473      36       0      28
  790     25.67202146   -247.00508078   -816.35557472      36       0      23
  791     24.48993813   -406.36588197   -816.35557472      28       0      27
  792      5.11365939   -730.61773597   -816.35557473      31       0      18
  793      7.89322004   -678.00488197   -816.35557472      23       0      23
  794      5.02650846   -751.39771678   -816.35557473      28       0      28
  795     18.86358424   -517.66909544   -816.35557473      24       0      31
  796     55.75714164    -78.65749010   -816.35557473      35       0      34
  797     31.36259515   -252.05430283   -816.35557473      39       0      27
  798     37.76972810   -219.00570682   -816.35557473      35       0      27
  799     28.75931399   -370.99356657   -816.35557473      34       0      29
  800      8.57772312   -663.76559843   -816.35557473      34       0      31
  801     38.32352069   -145.96754051   -816.35557473      37       0      33
  802     39.76264233   -286.32296841   -816.35557473      37       0      37
  803     34.84228827   -189.03503873   -816.35557473      42       0      37
  804      4.37004326   -787.85981831   -816.35557473      44       0      29
  805     35.17251742   -211.67066094   -816.35557473      35       0      32
  806     37.55631244   -258.50531402   -816.35557472      39       0      30
  807     38.05489134   -251.80955826   -816.35557472      38       0      26
  808     50.92259359    -77.92716481   -816.35557473      30       0      23
  809     26.56474946   -228.20906367   -816.35557473      30       0      18
  810     39.16752961   -289.01390487   -816.35557473      22       0      28
  811     15.65775934   -492.74555508   -816.35557472      27       0      24
  812     15.80936072   -575.15819685   -816.35557472      28       0      32
  813     30.61539937   -301.02133322   -816.35557473      35       0      27
  814     40.56945103   -191.98037580   -816.35557473      32       0      30
  815     33.83710089   -364.73061332   -816.35557472      31       0      31
  816     14.83666434   -495.94066184   -816.35557473      30       0      27
  817     36.55297582   -155.77607832   -816.35557473      32       0      32
  818     33.95888133   -284.11032747   -816.35557473      38       0      31
  819     27.95966129   -377.64685359   -816.35557472      36       0      36
  820     40.23302723   -223.43140488   -816.35557473      43       0      36
  821     21.53243353   -344.81643166   -816.35557472      43       0      31
  822     35.22997967   -216.81595027   -816.35557472      37       0      30
  823     31.01200578   -216.56205832   -816.35557473      37       0      34
  824     26.14342388   -240.84613282   -816.35557472      40       0      25
  825     38.31742165   -199.52975432   -816.35557473      33       0      25
  826      3.62310574   -786.91134210   -816.35557473      30       0      21
  827     18.52134556   -529.71565183   -816.35557472      22       0      24
  828     43.75694721   -164.33823202   -816.35557473      29       0      26
  829     40.61166030   -131.72307747   -816.35557473      28       0      29
  830     26.64496532   -417.55301776   -816.35557472      32       0      30
  831     15.71033063   -504.17051288   -816.35557472      33       0      30
  832     43.43655061   -136.08245466   -816.35557473      34       0      26
  833     32.37501449   -242.02614551   -816.35557473      32       0      31
  834     34.96165330   -277.17676294   -816.35557472      35       0      31
  835     44.98915678   -227.46070389   -816.35557473      36       0      26
  836     45.07819348   -115.16231640   -816.35557473      32       0      36
  837     33.06673809   -282.88890643   -816.35557473      40       0      38
  838     41.16721934   -117.06997273   -816.35557473      45       0      36
  839      4.94184496   -757.10672712   -816.35557472      42       0      24
  840     29.34329906   -452.97567629   -816.35557472      28       0      37
  841     33.18178782   -130.46773766   -816.35557472      41       0      24
  842     39.20970088   -156.85976436   -816.35557472      32       0      31
  843     45.99401658    -86.31010344   -816.35557472      37       0      16
  844     31.69678848   -273.53541741   -816.35557473      26       0      27
  845     15.76214787   -480.03522962   -816.35557473      26       0      25
  846     24.43057700   -424.39950497   -816.35557473      30       0      30
  847      4.78277629   -772.63936007   -816.35557473      33       0      27
  848     33.35356676   -142.37059047   -816.35557473      32       0      30
  849     42.95676601   -174.52836977   -816.35557472      33       0      27
  850     36.06918891   -105.84791930   -816.35557472      30       0      29
  851      4.70168651   -787.85981832   -816.35557473      32       0      32
  852     33.51646856   -155.46285118   -816.35557473      36       0      25
  853     56.51919853   -118.83167130   -816.35557472      27       0      34
  854     54.40895264   -158.31044003   -816.35557473      37       0      42
  855     19.20785986   -562.32447317   -816.35557472      48       0      36
  856     26.47318343   -231.06803595   -816.35557473      46       0      24
  857     56.38852341      6.81309727   -816.35557473      28       0      28
  858     30.68417778   -344.34221956   -816.35557472      33       0      32
  859     28.63610052   -183.87947417   -816.35557472      41       0      31
  860     35.02237102   -355.50548199   -816.35557472      34       0      21
  861     17.48578326   -526.54186449   -816.35557473      24       0      22
  862     36.88539672   -209.94269794   -816.35557472      24       0      28
  863     36.04449022   -148.71996540   -816.35557473      30       0      24
  864     26.86704918   -255.20707209   -816.35557473      25       0      31
  865     41.64403346   -206.06570558   -816.35557473      34       0      32
  866     40.94389315   -138.34323519   -816.35557473      38       0      26
  867     48.86288543   -163.82805978   -816.35557473      33       0      28
  868     27.48238243   -237.77227888   -816.35557473      30       0      35
  869     26.37813402   -338.76163298   -816.35557473      36       0      22
  870     14.88596616   -501.69607282   -816.35557472      27       0      35
  871     40.84219475   -332.57205904   -816.35557473      35       0      33
  872     51.65611391    -99.07961805   -816.35557472      41       0      43
  873      6.20831583   -750.62618657   -816.35557472      51       0      24
  874      7.08006986   -706.15394640   -816.35557473      29       0      27
  875     37.63932569   -263.69157281   -816.35557473      34       0      33
  876     39.50538103   -228.42852152   -816.35557472      38       0      34
  877     19.28688398   -410.59620482   -816.35557473      41       0      21
  878     19.40174035   -470.77003561   -816.35557473      31       0      23
  879     28.40714422   -185.65195648   -816.35557473      24       0      26
  880     51.21119977    -56.08920197   -816.35557473      25       0      24
  881     30.03983812   -406.30026230   -816.35557472      29       0      29
  882     47.03418459   -128.91210547   -816.35557473      37       0      31
  883     15.00070744   -494.26879660   -816.35557473      37       0      30
  884     12.69332868   -555.01977093   -816.35557473      35       0      26
  885     26.77775933   -307.70540834   -816.35557473      31       0      35
  886     20.24686679   -476.08623949   -816.35557472      35       0      23
  887     16.93647228   -455.00570763   -816.35557472      26       0      32
  888     38.67800251   -199.60892058   -816.35557473      38       0      31
  889     62.50815019   -110.02937367   -816.35557473      37       0      44
  890     30.76812620   -219.25380809   -816.35557473      53       0      26
  891      6.45501733   -705.54339629   -816.35557473      35       0      28
  892     27.08577478   -371.60926796   -816.35557473      38       0      29
  893     49.00388368   -186.88223545   -816.35557473      34       0      35
  894     39.26410946   -207.75100418   -816.35557473      41       0      26
  895     42.71851615   -201.39721727   -816.35557473      29       0      24
  896     26.99903789   -393.33356450   -816.35557473      28       0      23
  897     27.83438815   -223.17010772   -816.35557473      27       0      20
  898     40.69376395   -129.87793646   -816.35557472      24       0      31
  899     34.94475087   -244.37799999   -816.35557471      34       0      32
  900     21.89094689   -460.12730081   -816.35557473      34       0      30
  901     18.22034559   -531.98363688   -816.35557473      34       0      30
  902     60.08225790   -121.60051993   -816.35557471      39       0      29
  903     49.20114735   -144.92110311   -816.35557473      35       0      25
  904     35.58797476   -264.37911298   -816.35557473      31       0      31
  905     26.33525820   -470.39321333   -816.35557472      33       0      31
  906     32.42271800   -171.60838939   -816.35557473      38       0      38
  907     39.22491938   -256.14545631   -816.35557473      41       0      29
  908      5.54879783   -767.67520909   -816.35557473      38       0      34
  909     57.73033778   -104.04840185   -816.35557473      39       0      26
  910     40.86158972   -214.81445530   -816.35557473      32       0      39
  911     27.13671179   -300.74993829   -816.35557473      44       0      23
  912     29.16225666   -398.63446797   -816.35557473      31       0      26
  913     20.26876046   -454.73778803   -816.35557473      30       0      22
  914     40.72768293    -57.73409316   -816.35557472      29       0      23
  915     29.65115624   -390.63451105   -816.35557473      27       0      27
  916     43.98613574    -31.66537234   -816.35557473      27       0      31
  917     20.32639317   -482.61706744   -816.35557472      35       0      28
  918     26.68694045   -227.94180010   -816.35557473      33       0      36
  919     39.37365687   -181.85113071   -816.35557473      33       0      22
  920     14.40159892   -508.00764067   -816.35557473      32       0      31
  921     17.97083958   -424.98065372   -816.35557473      33       0      28
  922     31.20395930   -210.08723422   -816.35557473      32       0      32
  923     32.68916194   -382.82421289   -816.35557473      36       0      36
  924     14.60022458   -547.32823322   -816.35557473      44       0      31
  925     20.58937340   -477.46469438   -816.35557472      39       0      35
  926     18.19119980   -447.22244420   -816.35557473      41       0      25
  927      4.93005710   -781.91966281   -816.35557472      31       0      34
  928     34.13449686   -201.39318624   -816.35557472      38       0      28
  929     54.05582889   -139.82313662   -816.35557473      32       0      27
  930     27.67085740   -328.32256693   -816.35557472      30       0      23
  931     36.31165987   -116.48405055   -816.35557472      30       0      24
  932      4.27205070   -779.14747319   -816.35557472      28       0      25
  933     38.38139185   -208.00531841   -816.35557473      25       0      29
  934     23.66592350   -441.04639364   -816.35557472      32       0      31
  935     23.38006127   -443.58013086   -816.35557473      34       0      36
  936     28.26338904   -230.93657970   -816.35557472      41       0      22
  937     35.12579457   -243.16867345   -816.35557473      28       0      31
  938     31.17838107   -318.45425351   -816.35557473      34       0      24
  939     42.46599076   -275.42607026   -816.35557472      32       0      33
  940     67.55247610    -94.77786786   -816.35557472      37       0      35
  941      4.33840964   -781.82278905   -816.35557472      40       0      32
  942     74.69076696   -158.72468793   -816.35557473      33       0      37
  943      4.32774850   -784.44967171   -816.35557472      39       0      24
  944     33.92150016   -242.41199001   -816.35557473      30       0      35
  945     25.90089981   -369.36276193   -816.35557473      37       0      28
  946     43.10199577   -183.88291138   -816.35557472      32       0      26
  947     35.05266548   -105.42632459   -816.35557473      32       0      24
  948     43.29534235   -274.99860200   -816.35557473      29       0      25
  949     34.98781181    -87.82251783   -816.35557472      28       0      27
  950     48.13409728   -137.41783787   -816.35557473      28       0      28
  951      5.76097099   -750.70389441   -816.35557473      31       0      26
  952     11.94831128   -576.10389162   -816.35557473      30       0      36
  953     28.81723379   -191.53432263   -816.35557472      37       0      24
  954      4.71517570   -763.81765419   -816.35557473      29       0      29
  955     34.72536552   -226.61798765   -816.35557472      30       0      28
  956     45.60838287   -155.28510416   -816.35557473      31       0      32
  957     13.83345320   -526.05030022   -816.35557473      39       0      37
  958     28.91987175   -272.44065815   -816.35557473      40       0      29
  959     24.30169442   -357.26226801   -816.35557472      36       0      39
  960     40.51843516   -229.50343662   -816.35557473      42       0      25
  961     33.12210113   -130.57752764   -816.35557473      34       0      31
  962     40.34615220    -85.97466371   -816.35557473      37       0      32
  963      4.49070931   -774.50823148   -816.35557473      37       0      24
  964     31.75499055   -270.01781373   -816.35557472      32       0      25
  965     39.75649381   -233.22873520   -816.35557473      28       0      27
  966     25.82896072   -397.54379987   -816.35557473      30       0      25
  967     28.18033884   -299.09697908   -816.35557473      31       0      26
  968      5.06739051   -762.71885693   -816.35557473      29       0      27
  969     68.03371422   -150.82673521   -816.35557473      31       0      37
  970     33.26945756   -377.60422135   -816.35557473      38       0      25
  971     46.93851852   -249.89716793   -816.35557472      33       0      27
  972      4.48850800   -779.54191455   -816.35557472      30       0      26
  973     10.37571447   -610.57448508   -816.35557473      31       0      32
  974     26.90479588   -233.45266211   -816.35557473      39       0      36
  975     46.19504708   -226.46494354   -816.35557472      37       0      32
  976     38.16011343   -195.29924102   -816.35557473      41       0      38
  977     18.63771811   -408.08676419   -816.35557473      40       0      24
  978     37.02600115   -205.08828735   -816.35557473      30       0      32
  979     39.28116336   -204.74258852   -816.35557473      37       0      31
  980     29.94842922   -341.68140134   -816.35557472      41       0      26
  981     46.22969582    -94.46138894   -816.35557473      31       0      28
  982     24.19398705   -414.61370478   -816.35557471      35       0      20
  983     56.83150892   -100.38008935   -816.35557472      23       0      32
  984     51.09656062     -6.17835245   -816.35557472      33       0      22
  985     17.63368299   -493.25324048   -816.35557472      22       0      29
  986     19.39040413   -482.61180702   -816.35557472      34       0      34
  987      4.27985005   -779.54191456   -816.35557472      31       0      27
  988     30.73513004   -213.55202866   -816.35557472      34       0      26
  989     30.52332249   -398.28002575   -816.35557472      30       0      25
  990     15.17665333   -497.72449566   -816.35557473      34       0      35
  991     41.16413821   -191.19889070   -816.35557471      36       0      33
  992     21.03470765   -429.53772517   -816.35557473      38       0      33
  993     33.66369872   -142.82964083   -816.35557472      35       0      37
  994     43.34668821   -100.52700168   -816.35557473      40       0      24
  995     52.25639056   -138.05886279   -816.35557473      36       0      29
  996     38.09576765   -262.19949145   -816.35557473      33       0      34
  997     15.64796840   -479.00398832   -816.35557473      40       0      28
  998     26.36550352   -366.93519067   -816.35557473      36       0      30
  999     24.06716579   -286.56425471   -816.35557473      37       0      21
 1000     13.62648103   -531.73862521   -816.35557473      30       0      30
----------------------------------------------------------------------------------
Artificial Bee Colony Optimization Finished!

 -- Results Report --
 * 100 LMs will be saved in [ h_8_waters-LM ].
      #          Energy
      0   -816.35557473
      1   -814.87667424
      2   -814.76219579
      3   -814.39432046
      4   -814.15738832
      5   -813.94862542
      6   -813.35509431
      7   -811.98426813
      8   -811.88624361
      9   -811.69263698
     10   -811.36827527
     11   -811.13386578
     12   -811.10542931
     13   -811.06688400
     14   -811.04231947
     15   -810.87937761
     16   -810.86296005
     17   -810.77380015
     18   -810.71651889
     19   -810.69639888
     20   -810.63533319
     21   -810.49686495
     22   -810.48721887
     23   -810.47293468
     24   -810.33586816
     25   -810.23688375
     26   -810.21585663
     27   -810.20786128
     28   -810.15757635
     29   -810.13999973
     30   -810.12797543
     31   -810.03949046
     32   -809.92935599
     33   -809.91719209
     34   -809.90614610
     35   -809.90280668
     36   -809.87429420
     37   -809.81950748
     38   -809.76709740
     39   -809.69281989
     40   -809.29652278
     41   -809.29022062
     42   -809.18443131
     43   -809.16936865
     44   -809.16083178
     45   -809.15024147
     46   -809.12022065
     47   -809.11814852
     48   -809.08165584
     49   -809.03606213
     50   -808.94424304
     51   -808.94036158
     52   -808.93073534
     53   -808.92775361
     54   -808.91758131
     55   -808.89819849
     56   -808.83036697
     57   -808.79382130
     58   -808.73313965
     59   -808.71481767
     60   -808.64168330
     61   -808.61243967
     62   -808.57769964
     63   -808.50006524
     64   -808.49737178
     65   -808.48507870
     66   -808.45999823
     67   -808.45458395
     68   -808.45407966
     69   -808.42277233
     70   -808.34890420
     71   -808.28459400
     72   -808.27895267
     73   -808.27591388
     74   -808.24846756
     75   -808.23738533
     76   -808.18109602
     77   -808.16837125
     78   -808.15861449
     79   -808.12295514
     80   -808.03913586
     81   -807.97393032
     82   -807.89524319
     83   -807.86617257
     84   -807.69197819
     85   -807.67086718
     86   -807.63343770
     87   -807.62696859
     88   -807.61988524
     89   -807.59972455
     90   -807.59963000
     91   -807.59822131
     92   -807.58074116
     93   -807.55324051
     94   -807.53594451
     95   -807.51756741
     96   -807.48527885
     97   -807.48225235
     98   -807.48138635
     99   -807.47288476

 * Final Global Minimal Energy:   -816.35557472
 * The Global Minimum is saved as: [ h_8_waters-OPT.(cluster/xyz/gjf) ]

===== (^ _ ^) =====
Normal termination at Fri Sep 14 18:11:13 2018.
Total run time: 6543 seconds = 0 days 1 hours 49 minutes 3 seconds.
