    * * * * * * * * * * * * * * * * * * * * *
    *       __    ____    ______            *
    *      /  \  |  _ \  |  ___/  luster !  *
     *    / _  \ | |_| | | |               *
     *   / /_\ | |  _ <  | |     < @  @ >  * 
     *  / ___  | | |_| | | |___ _ _  o     * 
    *  /_/   |_| |____/  |_____ _ __ __  _  *
    *                                       *
    * * * * * * * * * * * * * * * * * * * * *

ABCluster 1.5.1
Specific flag:  official version
Platform:       LINUX/UNIX
Compiled by:    junzhang@gellmann.scs.illinois.edu
Compiling date: Dec 18 2017 20:33:35
C++ compiler:   g++
C++ options:    -O3 -Os -fno-exceptions --std=c++0x -fopenmp 

Contributors:
Jun Zhang(University of Cologne): Design and coding.

For any suggestions, comments, and questions on the theory and
implementation of ABCluster, please feel free to contact:

Dr. Jun Zhang, ZhangJunQcc@gmail.com

If you used this program in your work, please cite this reference:

[1] Zhang, J.; Dolg, M.; ABCluster: The Artificial Bee Colony Algorithm for
    Cluster Global Optimization. Phys. Chem. Chem. Phys. 2015, 17, 24173-24181.
[2] Zhang, J.; Dolg, M.; Global Optimization of Clusters of Rigid Molecules by the
    Artificial Bee Colony Algorithm. Phys. Chem. Chem. Phys. 2016, 18, 3003-3010.

Program starts at Fri Sep 14 16:24:47 2018.
Command line: " /ihome/jkeith/yab16/ABC/ABCluster-Linux/lib/rigidmol-optimizer h_20_waters.inp "
Process ID:   234335
Run by:       yab16@smp-n42.crc.pitt.edu
Available CPU cores:    24
Read "OMP_NUM_THREADS": Unset

Random number testing (integers): 49998114...1396265456
Random number testing (fractals): 0.87033013...0.28219613

 -- Input/Output Parameters --
Input file name:      h_20_waters.inp
Cluster file name:    input.cluster
Result file name:     h_20_waters.(cluster/xyz/gjf)
Temporary file name:  abclusteryab16smp-n42.crc.pitt.edu234335-OPT
# of saved LMs:       100
LMs are stored in:    h_20_waters-LM

 -- ABC Control Parameters --
Population size:                  500
Maximal generation:              1000
Scout limit:                       15
Amplitude:                20.00000000

 -- Cluster Components: from [ input.cluster ] --
 -----------------------------------------------------------
   Source                                       #   Charge
 -----------------------------------------------------------
   /ihome/jkeith/yab16/ABC/ABCluster-Linux-0/rigidmolecularcluster/charmm36/tip4p.xyz    20    0.000
   /ihome/jkeith/yab16/ABC/ABCluster-Linux-0/rigidmolecularcluster/charmm36/h.xyz     1    1.000
 -----------------------------------------------------------
   Dimension: 0, an isolate cluster.
 -----------------------------------------------------------

Artificial Bee Colony Optimization Starts!
----------------------------------------------------------------------------------
 * Population: 500; Maximal cycles: 1000
 * EM = Employed Bee; Trigonometric mutation
 * OL = Onlooker Bee; ABC/best/2(0.5)+ABC/current/2(0.5);
        Tournament selection from 5 nectars.
 * SC = Scout Bee; Random nectar; Limit = 15
----------------------------------------------------------------------------------
    #       Diversity            maxE            minE    byEM    byOL    bySC
----------------------------------------------------------------------------------
    1     96.02312958   -490.39864045  -1412.00636917     373      30       0
    2     35.87611918   -671.01743726  -1413.64275983     308      52       0
    3     14.67851784  -1352.36579116  -1419.72291179     211      42       0
    4     14.55775926  -1358.74695454  -1420.26713856     147      43       0
    5     14.48313506  -1358.74695454  -1425.75610078     110      27       0
    6     15.19094655  -1362.89408046  -1429.75147373     101      47       0
    7     16.00138970  -1362.89408046  -1429.75147369      88      41       0
    8     16.61852048  -1363.24846639  -1435.75021382      71      34       0
    9     17.69713877  -1371.83866693  -1435.75021382      60      39       0
   10     18.51039983  -1371.83866693  -1435.75021380      77      33       0
   11     18.90070474  -1371.83866693  -1435.75021383      69      23       0
   12     19.02175297  -1371.83866693  -1435.75021381      71      20       0
   13     18.52679930  -1375.91244474  -1435.75021380      91      21       0
   14     17.42923810  -1378.66539520  -1435.75021381     103      13       0
   15     14.52708030  -1378.66539520  -1435.75021377     147       4       0
   16      8.80169001  -1389.11961998  -1435.75021383     162       1       0
   17      3.76850429  -1389.55585933  -1435.75021383     117       0       0
   18      0.59686710  -1429.75147367  -1435.75021380      59       0       0
   19     26.06772373   -904.29324015  -1435.75021380       5       0       6
   20     95.68234508   -204.48351301  -1435.75021381       6       0      23
   21    187.72546220   -168.38445838  -1435.75021381      22       0      74
   22    195.68435268   -119.02783555  -1435.75021382      70       0     141
   23    201.68459681   -166.44661482  -1435.75021377     140       0     118
   24    154.32478885    -89.95665950  -1435.75021381     188       1      82
   25    112.66940502   -214.20561867  -1435.75021382     189       2      39
   26     57.11786191   -521.68926618  -1435.75021380     166       1       9
   27     35.80806874   -780.87410564  -1435.75021383     153       0       5
   28     20.16805785  -1072.31383700  -1435.75021382     136       0       3
   29      1.98038011  -1392.17688427  -1435.75021379      46       0       0
   30      0.00000003  -1435.75021382  -1435.75021379       2       0       0
   31      0.00000003  -1435.75021382  -1435.75021379       0       0       0
   32      0.00000003  -1435.75021382  -1435.75021379       0       0       0
   33      0.00000003  -1435.75021382  -1435.75021379       0       0       0
   34      0.00000003  -1435.75021382  -1435.75021379       0       0       0
   35      0.00000003  -1435.75021382  -1435.75021379       0       0       0
   36     43.16047040   -536.77114050  -1435.75021376       0       0       6
   37    104.68926596   -435.80101591  -1435.75021380       6       0      20
   38    132.80567911   -175.27226124  -1435.75021381      19       0      48
   39    145.89908433   -176.24964449  -1435.75021380      46       0      51
   40    156.38478026   -176.54829480  -1435.75021381      63       0      66
   41    166.58163892   -133.14348809  -1435.75021368      80       0      93
   42    171.26838676   -154.38020712  -1435.75021379     113       0     103
   43    148.42335377   -305.60021557  -1435.75021378     141       0      69
   44    130.28955137   -129.66334871  -1435.75021378     142       3      34
   45     30.41298283   -987.50072551  -1435.75021379     119       0       9
   46     11.48109883  -1308.10054605  -1435.75021380      92       0       1
   47      2.10371943  -1400.00015580  -1435.75021380      45       0       0
   48      0.00000003  -1435.75021383  -1435.75021380       5       0       0
   49      0.00000003  -1435.75021383  -1435.75021380       0       0       0
   50      0.00000003  -1435.75021383  -1435.75021380       0       0       0
   51      0.00000003  -1435.75021383  -1435.75021380       0       0       0
   52      0.00000003  -1435.75021383  -1435.75021380       0       0       0
   53     72.53713375   -202.20724687  -1435.75021382       0       0       6
   54     66.16771882   -454.27907144  -1435.75021383       5       0      18
   55     57.13493986   -432.83575448  -1435.75021382      17       0      36
   56    155.50730485   -195.95021457  -1435.75021379      42       0      45
   57    134.88254396   -186.46509426  -1435.75021383      46       0      57
   58    132.30062541   -126.08288845  -1435.75021382      68       0      56
   59    146.37521021    -93.90178641  -1435.75021378      69       0      67
   60    149.78995256   -101.72645890  -1435.75021377      92       0      89
   61    123.33418885   -324.61339725  -1435.75021379     117       0      69
   62    100.35032047    -73.81795947  -1435.75021380     121       0      44
   63     25.08759136  -1209.29991397  -1435.75021380     104       0      13
   64      8.36548889  -1365.40462315  -1435.75021383      72       0       0
   65      0.00000004  -1435.75021378  -1435.75021380      21       0       0
   66      0.00000004  -1435.75021378  -1435.75021380       0       0       0
   67      0.00000004  -1435.75021378  -1435.75021380       0       0       0
   68      0.00000004  -1435.75021378  -1435.75021380       0       0       0
   69      0.00000004  -1435.75021378  -1435.75021380       0       0       0
   70     57.18708595   -423.65076130  -1435.75021376       0       0       6
   71     61.09861122   -209.81952897  -1435.75021381       6       0      12
   72    140.16227921    -84.81268460  -1435.75021378      12       0      39
   73    134.12666608   -135.00510515  -1435.75021381      38       0      35
   74     97.28373590    -52.36680249  -1435.75021381      40       0      50
   75     88.14802052   -308.34358697  -1435.75021377      50       0      48
   76    162.38479736    -83.97194323  -1435.75021381      64       0      58
   77    146.04381744   -172.19289809  -1435.75021381      78       0      62
   78    155.90003989   -139.77153138  -1435.75021381      96       0      70
   79    166.15231904   -213.96176342  -1435.75021383      87       0      74
   80    100.41932627   -497.43260714  -1435.75021382     105       0      39
   81     23.26829139  -1136.69470991  -1435.75021382      91       0       7
   82      2.39515138  -1391.43551373  -1435.75021383      47       0       0
   83      0.00000002  -1435.75021383  -1435.75021383       3       0       0
   84      0.00000002  -1435.75021383  -1435.75021383       0       0       0
   85      0.00000002  -1435.75021383  -1435.75021383       0       0       0
   86      0.00000002  -1435.75021383  -1435.75021383       0       0       0
   87     47.74012540   -390.81716384  -1435.75021375       0       0       6
   88     58.82137056   -200.98509689  -1435.75021381       6       0      11
   89    105.58800393   -246.06827258  -1435.75021377      11       0      36
   90     92.29780888   -349.93268348  -1435.75021381      35       0      34
   91    120.53738549   -217.69999464  -1435.75021382      37       0      35
   92    142.19171051    -86.42737242  -1435.75021382      41       0      42
   93    123.00446570   -239.90564093  -1435.75021382      49       0      57
   94    142.91460500   -231.21510321  -1435.75021382      67       0      54
   95    140.87334040    -40.02427873  -1435.75021381      68       0      69
   96    123.46904837   -234.00571566  -1435.75021379      93       0      71
   97    147.95394805   -122.00266579  -1435.75021379      94       0      56
   98     87.64675558   -465.44246046  -1435.75021381      96       0      27
   99     12.54878986  -1345.53444160  -1435.75021380      71       0       2
  100      2.84893073  -1374.62601161  -1435.75021382      27       0       0
  101      0.00000002  -1435.75021377  -1435.75021382       2       0       0
  102      0.00000002  -1435.75021377  -1435.75021382       0       0       0
  103      0.00000002  -1435.75021377  -1435.75021382       0       0       0
  104     10.05685065  -1317.74876681  -1435.75021382       0       0       6
  105     80.04192927   -316.75344244  -1435.75021379       6       0      10
  106     58.59004077   -532.32313993  -1435.75021378      10       0      35
  107    113.87569639   -176.80572191  -1435.75021379      35       0      30
  108    118.10451905   -132.51101415  -1435.75021383      33       0      33
  109     91.39269325   -398.44127678  -1435.75021381      42       0      35
  110    135.63822580   -286.94111027  -1435.75021382      40       0      57
  111    144.45011128   -146.51769336  -1435.75021377      65       0      45
  112    122.59980389   -344.70294354  -1435.75021383      63       0      60
  113    174.97243835   -109.26527127  -1435.75021375      78       0      60
  114    155.77016767   -102.23507146  -1435.75021381      88       0      63
  115    167.80349118    -96.64818592  -1435.75021377      96       0      52
  116     66.67998456   -418.73296722  -1435.75021383      91       0      14
  117      6.74444228  -1368.96376069  -1435.75021383      51       0       0
  118      0.65478232  -1421.09417269  -1435.75021383      10       0       0
  119      0.00000002  -1435.75021382  -1435.75021383       1       0       0
  120      0.00000002  -1435.75021382  -1435.75021383       0       0       0
  121     30.68598766   -900.86268549  -1435.75021378       0       0       6
  122     79.82857944   -225.41408298  -1435.75021381       6       0      10
  123     94.38466253   -241.79298303  -1435.75021381      10       0      29
  124     96.49389076   -381.17152008  -1435.75021382      28       0      29
  125     99.42347771   -251.76893187  -1435.75021376      30       0      30
  126     83.75208067   -505.08027125  -1435.75021383      38       0      39
  127    120.89710244    471.45340649  -1435.75021379      49       0      38
  128    152.54483104    -69.80055904  -1435.75021381      46       0      46
  129    122.39845143   -326.53032098  -1435.75021381      58       0      49
  130    159.76496761   -132.63765032  -1435.75021379      61       0      63
  131    157.37869918    -67.53872877  -1435.75021378      79       0      62
  132    142.33059339   -243.41626626  -1435.75021382      87       0      59
  133    106.51222159   -209.38597051  -1435.75021381      83       0      36
  134     21.84167804  -1110.41697531  -1435.75021382      80       0       3
  135      5.75054063  -1370.13423514  -1435.75021380      33       0       1
  136      0.00000003  -1435.75021380  -1435.75021384       9       0       0
  137      0.00000003  -1435.75021380  -1435.75021384       0       0       0
  138     73.94565473   -227.86921159  -1435.75021381       0       0       6
  139     42.46904665   -588.85564671  -1435.75021380       6       0      10
  140     91.40999273   -186.41566006  -1435.75021380      10       0      26
  141     80.83012035   -456.27124374  -1435.75021383      25       0      26
  142    103.00159853   -252.51763809  -1435.75021379      27       0      25
  143     75.92107861   -317.32997671  -1435.75021383      30       0      39
  144    136.56693175   -268.49670670  -1435.75021380      40       0      36
  145    117.78762487   -160.50832947  -1435.75021380      41       0      42
  146    104.63298621   -217.67059442  -1435.75021381      51       0      53
  147    139.30294470   -189.96655514  -1435.75021384      55       0      47
  148    125.80749908   -159.10012513  -1435.75021380      65       0      58
  149    136.91999657    -76.78995917  -1435.75021384      74       0      54
  150    114.55729816   -283.99899777  -1435.75021371      82       0      54
  151     77.46236008   -150.04912939  -1435.75021377      79       0      20
  152     24.96986295   -942.83784443  -1435.75021383      49       0       4
  153      2.48072950  -1380.22386171  -1435.75021381      18       0       0
  154      0.00000003  -1435.75021377  -1435.75021381       1       0       0
  155     36.60973149   -654.27403108  -1435.75021374       0       0       6
  156     56.73077765   -215.34104214  -1435.75021382       6       0      10
  157    106.61599948   -113.01856764  -1435.75021379      10       0      24
  158    105.44282118   -137.12861571  -1435.75021381      25       0      25
  159     54.94316122   -461.96803076  -1435.75021381      28       0      26
  160     70.76097208   -410.05994554  -1435.75021380      29       0      33
  161    124.42311394   -110.85435046  -1435.75021381      40       0      36
  162    145.90040120    -36.33813250  -1435.75021380      42       0      42
  163    121.65064302   -315.41402529  -1435.75021381      48       0      39
  164    134.61697313   -125.71030751  -1435.75021378      49       0      50
  165    153.15670317   -167.03994032  -1435.75021384      62       0      53
  166    167.79042937    -96.95903259  -1435.75021383      67       0      51
  167    120.68095031   -174.01163360  -1435.75021377      66       0      60
  168     97.42244595    -48.88169465  -1435.75021377      81       0      32
  169     54.10610887   -331.94220639  -1435.75021381      57       0      13
  170      7.90497176  -1344.58669143  -1435.75021383      30       0       0
  171      0.00000003  -1435.75021383  -1435.75021383       7       0       0
  172     46.14337497   -428.47372396  -1435.75021384       0       0       6
  173     68.55507512   -401.94689177  -1435.75021379       6       0       9
  174     82.44966109   -360.77400103  -1435.75021376       9       0      22
  175     70.70241776   -574.81652146  -1435.75021381      23       0      24
  176    106.02435483   -137.35662498  -1435.75021380      27       0      24
  177     98.37821669   -153.88115059  -1435.75021377      28       0      31
  178    102.46662148   -320.71449013  -1435.75021377      33       0      37
  179    108.19602674   -153.16589695  -1435.75021380      41       0      38
  180    141.18905888   -172.35427090  -1435.75021384      44       0      35
  181     95.54920748   -308.29911676  -1435.75021380      44       0      49
  182    136.80337401    -52.93684133  -1435.75021380      58       0      51
  183    105.04795555   -163.88269037  -1435.75021380      67       0      48
  184    159.60638829   -159.49812143  -1435.75021382      66       0      59
  185    126.74449986   -164.07808002  -1435.75021371      77       0      41
  186     86.86654175   -407.64482543  -1435.75021379      66       0      24
  187      9.49105866  -1325.29954502  -1435.75021376      45       0       2
  188      2.21382444  -1386.19801749  -1435.75021382      12       0       0
  189     19.32342454  -1129.87330886  -1435.75021378       1       0       6
  190     17.34246946  -1129.12684483  -1435.75021376       6       0       8
  191     84.92966162   -438.75916933  -1435.75021378       8       0      19
  192     43.08167299   -596.14002696  -1435.75021377      19       0      24
  193     99.46455278   -323.81568259  -1435.75021384      23       0      27
  194    106.03288394   -135.46483996  -1435.75021379      31       0      27
  195    139.76370985    -95.22370236  -1435.75021382      36       0      36
  196     90.44635358   -452.55572434  -1435.75021379      39       0      31
  197    125.70123740   -193.43701151  -1435.75021379      40       0      40
  198    123.54014284   -124.16537265  -1435.75021380      50       0      40
  199    140.91393170   -131.64280654  -1435.75021375      50       0      52
  200    116.27984312   -262.39664564  -1435.75021380      65       0      39
  201    150.33412601    -82.81836758  -1435.75021379      54       0      56
  202    113.45403021   -253.81337489  -1435.75021379      65       0      55
  203     84.17091378   -380.33387807  -1435.75021378      80       0      33
  204     70.60684891   -305.81005206  -1435.75021382      69       0       7
  205      5.45851722  -1359.61496267  -1435.75021377      27       0       0
  206     10.90144697  -1300.76146986  -1435.75021377       7       0       6
  207     66.20192693   -128.13148463  -1435.75021383       6       0       8
  208     47.55904999   -449.32310925  -1435.75021381       8       0      16
  209    107.41010614    -54.78097871  -1435.75021384      16       0      23
  210     67.98554319   -494.39392984  -1435.75021379      24       0      26
  211     99.47564956   -258.18307246  -1435.75021384      26       0      26
  212    120.51149710   -114.74870093  -1435.75021379      30       0      34
  213     82.58067157   -389.44398371  -1435.75021379      39       0      28
  214    117.55539623   -176.80434074  -1435.75021382      37       0      38
  215    121.48816529   -121.55238598  -1435.75021384      46       0      43
  216     97.80975775   -115.48730872  -1435.75021382      53       0      44
  217    134.34590031   -174.63285225  -1435.75021383      50       0      42
  218     76.91276169   -557.63728294  -1435.75021384      55       0      46
  219    157.04216772   -193.28848659  -1435.75021381      64       0      48
  220     85.72378123   -429.62831618  -1435.75021384      63       0      49
  221     66.91640422   -228.36882289  -1435.75021376      59       0      20
  222     23.46568445  -1040.08017496  -1435.75021381      43       0       3
  223     36.64526733   -656.49831078  -1435.75021381      14       0       6
  224     25.41477143   -971.78044336  -1435.75021381       6       0       8
  225    101.39412779   -233.31819919  -1435.75021384       9       0      15
  226     63.10429885   -146.48263281  -1435.75021379      15       0      23
  227     80.75236396   -236.00396426  -1435.75021378      26       0      22
  228     97.71277977    -63.12668209  -1435.75021384      22       0      25
  229    114.70293690    -60.85000306  -1435.75021383      28       0      32
  230     59.12876725   -693.68633788  -1435.75021383      33       0      28
  231    100.19206542   -499.56371810  -1435.75021383      33       0      34
  232    131.36088122   -189.39839131  -1435.75021383      35       0      47
  233     90.58270094   -188.22694511  -1435.75021383      52       0      39
  234     63.88440353   -588.40711146  -1435.75021376      53       0      34
  235    130.37634586   -267.05358612  -1435.75021383      51       0      55
  236    129.79465293   -172.61346856  -1435.75021382      60       0      49
  237    138.44678528   -124.75754137  -1435.75021380      60       0      39
  238    106.36711384   -190.41056814  -1435.75021378      61       0      35
  239     22.09108492  -1182.18063562  -1435.75021383      56       0       9
  240     52.84680856   -270.81350719  -1435.75021383      28       0       5
  241     12.33190285  -1313.89700614  -1435.75021383       6       0       8
  242     54.91811388   -266.16378858  -1435.75021382       8       0      14
  243     62.66191893   -576.74985760  -1435.75021379      14       0      25
  244     92.13056458   -306.96808166  -1435.75021383      24       0      19
  245     64.77273891   -466.85740079  -1435.75021379      22       0      25
  246    103.92822036   -245.44906605  -1435.75021379      27       0      31
  247     87.01219567   -161.62354000  -1435.75021381      39       0      30
  248     94.69259912   -184.62280673  -1435.75021381      31       0      28
  249     82.99855892   -392.64311277  -1435.75021383      33       0      42
  250     82.14418868   -216.13138878  -1435.75021381      49       0      38
  251    135.03402766   -152.74481300  -1435.75021382      50       0      41
  252    110.73743920   -279.59499140  -1435.75021382      48       0      43
  253    141.05809497   -202.32136407  -1435.75021381      49       0      46
  254    151.60788623   -211.48457851  -1435.75021382      59       0      42
  255    154.04041324   -119.14894548  -1435.75021382      59       0      43
  256     71.20570793   -463.53257036  -1435.75021383      54       0      20
  257     53.80190801   -260.43450547  -1435.75021383      35       0       5
  258     11.28380599  -1304.52082462  -1435.75021383      12       0       8
  259     71.64231989   -363.67955745  -1435.75021383       8       0      14
  260    119.15061793   -217.86050563  -1435.75021383      14       0      23
  261     56.35368161   -606.84393100  -1435.75021381      24       0      19
  262     97.57017187    -46.67522397  -1435.75021381      22       0      19
  263    164.27944690    -42.40079000  -1435.75021382      25       0      36
  264     93.20780148   -169.18655997  -1435.75021383      39       0      28
  265     99.95218300   -318.65631260  -1435.75021381      33       0      25
  266    145.10421961   -149.84263221  -1435.75021382      30       0      39
  267    125.91276973   -177.43667037  -1435.75021381      41       0      42
  268    119.57378529   -208.16690688  -1435.75021383      50       0      38
  269    163.82023032   -196.72688052  -1435.75021383      49       0      40
  270    135.04448974    -66.56662831  -1435.75021381      49       0      44
  271    130.12552006   -150.85799675  -1435.75021383      49       0      42
  272    135.86502016    -66.58914590  -1435.75021379      58       0      49
  273    110.84998030   -347.87381321  -1435.75021382      66       0      24
  274     38.85085392   -641.37858545  -1435.75021382      40       0      10
  275     57.29945101   -293.63033041  -1435.75021380      21       0       8
  276     66.66762446   -238.41416914  -1435.75021382      10       0      13
  277     97.27194660    -98.23204715  -1435.75021376      13       0      19
  278     84.01640718   -175.42902457  -1435.75021376      20       0      20
  279    122.81650324    -36.33376815  -1435.75021380      21       0      20
  280     97.75606982   -271.90297529  -1435.75021380      22       0      34
  281     98.32732670   -232.43469130  -1435.75021376      36       0      28
  282    126.85159925   -112.32878976  -1435.75021383      33       0      26
  283     79.96116677   -404.57557397  -1435.75021380      30       0      34
  284    106.85481750   -180.05864935  -1435.75021382      40       0      41
  285    108.06309810   -253.41458750  -1435.75021381      45       0      39
  286     89.07305880   -269.12476700  -1435.75021381      49       0      37
  287     95.40807349   -207.04136050  -1435.75021382      49       0      42
  288    116.88458739   -143.28402779  -1435.75021383      49       0      40
  289    151.38376825    -90.17576869  -1435.75021380      49       0      53
  290     94.47126228   -191.46976990  -1435.75021380      66       0      27
  291     89.64441822   -192.15544376  -1435.75021382      44       0      17
  292     15.05366338  -1317.97170901  -1435.75021382      25       0      10
  293     55.85858474   -381.41378733  -1435.75021377      16       0      12
  294    110.12393094   -168.31153954  -1435.75021382      12       0      19
  295     91.14129083   -323.06590370  -1435.75021382      20       0      19
  296    110.33985390   -177.84815574  -1435.75021380      20       0      18
  297    127.20940236   -185.07746900  -1435.75021381      20       0      34
  298    112.46561317   -183.60336391  -1435.75021382      36       0      27
  299    142.83454573    -79.51573448  -1435.75021380      30       0      26
  300    114.06134646   -251.89914922  -1435.75021381      36       0      33
  301     99.34235747   -308.73609892  -1435.75021382      40       0      37
  302     69.79296979   -491.93865036  -1435.75021380      37       0      36
  303    110.51881224   -136.08908241  -1435.75021380      44       0      43
  304    102.51452116   -100.69472558  -1435.75021377      48       0      36
  305    152.78594086    -26.63827935  -1435.75021382      45       0      42
  306    138.21378816   -253.28577528  -1435.75021377      46       0      48
  307    122.35121159   -293.96609534  -1435.75021380      59       0      38
  308     66.51904935   -131.18130577  -1435.75021382      55       0      18
  309     64.63789949   -715.79755213  -1435.75021382      29       0      14
  310     93.34688612   -341.96223727  -1435.75021383      17       0      11
  311     91.99599283   -256.47309447  -1435.75021382      11       0      18
  312     77.42926534   -271.42399442  -1435.75021382      19       0      20
  313     91.53414712   -120.52465211  -1435.75021381      21       0      16
  314    148.13224264   -172.46685879  -1435.75021382      23       0      31
  315     98.81395470    -82.02031988  -1435.75021382      34       0      24
  316     77.39032019   -375.97830247  -1435.75021377      27       0      31
  317    130.54617413   -209.66702712  -1435.75021382      31       0      36
  318    136.26215336   -188.65255530  -1435.75021382      38       0      30
  319    136.29194305   -236.55740932  -1435.75021381      43       0      39
  320    113.59536406   -273.56568148  -1435.75021381      46       0      40
  321    141.80624840   -122.01031203  -1435.75021382      55       0      35
  322    125.95866354    -87.02890476  -1435.75021381      49       0      40
  323    146.30748561   -154.56893968  -1435.75021382      48       0      44
  324    140.25159485   -214.23525323  -1435.75021383      46       0      44
  325    110.89935128   -219.11139805  -1435.75021381      58       0      25
  326     66.85367015   -445.11772511  -1435.75021382      42       0      16
  327     83.36017740   -292.69051294  -1435.75021383      25       0      10
  328    105.38032511   -104.40928233  -1435.75021381      13       0      17
  329     38.78058284   -736.28333197  -1435.75021383      17       0      15
  330     74.19633415   -290.39394654  -1435.75021382      17       0      20
  331     96.32491412   -221.88396235  -1435.75021382      21       0      31
  332     83.74208241   -218.37799336  -1435.75021383      30       0      27
  333    123.00884279   -164.08454432  -1435.75021377      33       0      29
  334    111.01854648   -232.58324952  -1435.75021383      28       0      23
  335    128.71384731    -31.37562171  -1435.75021382      26       0      36
  336    121.91995857    -49.24695555  -1435.75021379      41       0      36
  337    131.04883619   -245.67698848  -1435.75021382      46       0      40
  338    100.59324024    -98.34146864  -1435.75021379      42       0      38
  339    125.84772817   -158.55979305  -1435.75021383      48       0      42
  340    110.57572351    -91.52054427  -1435.75021382      54       0      34
  341     98.69176851   -160.66517914  -1435.75021383      55       0      48
  342    121.55081923   -131.97290965  -1435.75021383      61       0      33
  343     61.29424339   -198.35044668  -1435.75021377      51       0      19
  344     39.28268190   -636.45643571  -1435.75021383      35       0      12
  345     64.71908329   -455.60628865  -1435.75021383      16       0      15
  346     46.14440964   -637.88205371  -1435.75021383      16       0      16
  347     42.08384558   -887.06719501  -1435.75021382      16       0      20
  348    108.10402916   -205.27313741  -1435.75021383      20       0      28
  349    103.88294511   -219.01398426  -1435.75021380      29       0      31
  350    100.79856601   -140.46629494  -1435.75021383      32       0      26
  351    107.99248977   -292.69276808  -1435.75021382      33       0      21
  352    115.96804302   -181.76857122  -1435.75021382      30       0      31
  353     98.02056536   -117.13963648  -1435.75021382      33       0      41
  354     89.12597154   -203.87934288  -1435.75021381      43       0      37
  355    112.69628059   -127.81972371  -1435.75021382      41       0      31
  356    114.47012463   -163.06220594  -1435.75021383      39       0      38
  357    109.89805524   -186.90796329  -1435.75021383      47       0      41
  358    114.41409524   -130.05654482  -1435.75021383      52       0      42
  359     83.22035555   -500.94269988  -1435.75021381      56       0      35
  360    109.92191205   -223.16657956  -1435.75021380      55       0      33
  361     67.94880425   -262.03703293  -1435.75021383      43       0      13
  362     69.09604006   -415.60584202  -1435.75021383      22       0      15
  363     88.85447363   -175.50528738  -1435.75021380      18       0      17
  364     90.73214965   -164.71661876  -1435.75021382      19       0      20
  365     95.55640076   -226.48747739  -1435.75021383      24       0      25
  366    111.43790613   -235.88147005  -1435.75021383      27       0      27
  367     88.87761356   -301.14214753  -1435.75021383      29       0      26
  368    105.43959576   -269.75095597  -1435.75021382      27       0      25
  369     79.06572659   -256.84577774  -1435.75021384      30       0      33
  370     91.36736855   -334.12859611  -1435.75021384      37       0      36
  371    108.20972874   -254.77513119  -1435.75021383      41       0      34
  372    106.13699069   -318.87995327  -1435.75021382      38       0      29
  373    111.83285232   -279.70198608  -1435.75021383      33       0      37
  374    126.38454824    -95.80106836  -1435.75021383      42       0      39
  375    123.48032566   -133.68505810  -1435.75021384      45       0      36
  376    100.75460501   -481.53212048  -1435.75021378      42       0      48
  377    114.75385378   -177.26559764  -1435.75021382      55       0      31
  378    116.83436201   -194.71621153  -1435.75021382      42       0      20
  379    116.16761052   -189.23144517  -1435.75021381      29       0      15
  380     99.33295886   -199.00715283  -1435.75021381      16       0      17
  381    122.82477180    -67.99449946  -1435.75021384      18       0      20
  382     84.57582781   -319.70457837  -1435.75021378      22       0      24
  383     64.69913663   -457.70677034  -1435.75021381      27       0      30
  384     84.37392651   -106.08065576  -1435.75021384      31       0      20
  385     75.56024750   -432.52142451  -1435.75021379      27       0      28
  386     83.16149073   -238.89355272  -1435.75021379      31       0      31
  387    107.41505526   -108.03428776  -1435.75021383      36       0      36
  388     66.52207289   -379.66020282  -1435.75021383      46       0      34
  389     74.95146802   -502.68576530  -1435.75021381      42       0      30
  390    123.31702164   -198.57785067  -1435.75021383      33       0      34
  391     98.44506795   -371.06127197  -1435.75021379      37       0      37
  392    115.25428885   -148.56870653  -1435.75021383      46       0      39
  393    119.00355140   -222.50319591  -1435.75021383      46       0      45
  394    116.44781462   -214.91710880  -1435.75021383      49       0      33
  395     59.81166130   -307.06780757  -1435.75021384      44       0      26
  396     66.67993809   -328.87106209  -1435.75021384      35       0      15
  397     48.88735819   -490.50519708  -1435.75021383      23       0      16
  398     77.75074497   -387.67678063  -1435.75021383      18       0      18
  399     98.84626640   -209.61423677  -1435.75021384      18       0      25
  400    117.32562252    -66.89515398  -1435.75021383      25       0      28
  401    108.94371089   -256.02548665  -1435.75021382      31       0      22
  402     98.97178725   -288.50416256  -1435.75021384      29       0      25
  403     92.01139660   -255.55699847  -1435.75021383      25       0      28
  404     88.40440392   -263.65289004  -1435.75021383      36       0      37
  405    129.56890025    -55.07439717  -1435.75021382      45       0      40
  406    125.56996579   -188.44274894  -1435.75021380      46       0      26
  407    111.81219915   -196.85832471  -1435.75021382      33       0      33
  408     89.78108040   -186.56796523  -1435.75021383      37       0      35
  409    138.14631039    -62.38733972  -1435.75021383      47       0      41
  410    129.58675858   -180.45302749  -1435.75021379      49       0      43
  411     88.75204221    -83.89647763  -1435.75021384      53       0      36
  412     83.97919598   -252.69084315  -1435.75021383      50       0      25
  413     73.33730722   -338.30022327  -1435.75021383      39       0      20
  414     66.93634951   -516.91588284  -1435.75021384      26       0      18
  415     56.43562784   -236.32995701  -1435.75021383      22       0      16
  416    111.44782580    -71.95059278  -1435.75021381      20       0      25
  417    113.29531808     -4.96604511  -1435.75021383      24       0      24
  418     52.18550609   -659.10995455  -1435.75021377      25       0      25
  419    510.30945298   9637.41851664  -1435.75021380      30       0      21
  420    129.36817431   -239.43270538  -1435.75021379      26       0      28
  421    102.37477247   -343.76322713  -1435.75021380      33       0      38
  422    113.56852637    -55.96178574  -1435.75021383      42       0      34
  423    116.54482001   -246.97447034  -1435.75021382      42       0      32
  424     87.19678130   -220.28749592  -1435.75021378      41       0      30
  425     91.71186715   -236.79593137  -1435.75021379      40       0      36
  426    144.52614677   -171.71573178  -1435.75021382      41       0      37
  427    114.16238180   -305.54391273  -1435.75021380      49       0      42
  428     93.03661968   -110.36094646  -1435.75021380      50       0      38
  429     59.26060276   -441.55857027  -1435.75021380      45       0      30
  430     52.05633740   -445.94857592  -1435.75021377      45       0      23
  431     73.11519429   -309.67906021  -1435.75021380      32       0      19
  432     68.33503711   -292.64664014  -1435.75021381      22       0      18
  433     27.84413552  -1160.30616376  -1435.75021377      18       0      23
  434     69.06850071   -104.05349234  -1435.75021380      27       0      20
  435    103.67144912   -134.62517757  -1435.75021369      21       0      27
  436     83.96553072   -126.90353388  -1435.75021380      27       0      21
  437     60.26639238   -536.18007974  -1435.75021381      29       0      27
  438    108.45970181   -299.68050779  -1435.75021369      33       0      33
  439    146.44279606   -129.11984251  -1435.75021380      39       0      34
  440    118.28837162   -153.76275211  -1435.75021382      38       0      35
  441    135.79113954   -198.86573704  -1435.75021380      41       0      29
  442     87.89310827   -173.02824255  -1435.75021377      37       0      34
  443    119.80029811   -242.80609826  -1435.75021380      43       0      38
  444    121.82313764   -298.40106338  -1435.75021380      43       0      40
  445    144.68618916   -109.20040225  -1435.75021384      45       0      40
  446    115.02609698   -320.80839257  -1435.75021382      53       0      32
  447    104.52722089   -106.65287805  -1435.75021382      46       0      27
  448     67.26319706   -342.89726116  -1435.75021381      34       0      19
  449     87.62548349   -322.94196228  -1435.75021380      32       0      20
  450    115.97134478   -177.02448514  -1435.75021381      27       0      23
  451     76.07447659   -330.77803726  -1435.75021380      23       0      20
  452     96.88249548   -269.34355212  -1435.75021380      22       0      20
  453     97.40451773   -139.20217402  -1435.75021373      21       0      23
  454     94.41443872   -313.11936377  -1435.75021373      27       0      27
  455    126.09118234   -143.07192294  -1435.75021380      29       0      34
  456     64.71410011   -244.46886654  -1435.75021378      42       0      30
  457    130.21132004   -230.63619857  -1435.75021380      35       0      36
  458    116.82720597   -107.76593858  -1435.75021379      44       0      31
  459    109.43839868   -101.42918408  -1435.75021378      37       0      34
  460    119.80335825   -167.92038827  -1435.75021379      40       0      36
  461    126.10481075   -116.38809476  -1435.75021378      42       0      37
  462     91.58152184   -150.77732565  -1435.75021379      47       0      39
  463    121.40373573   -195.03202310  -1435.75021378      46       0      33
  464     89.34437685    -90.03313030  -1435.75021380      48       0      29
  465     82.37228928   -253.21174767  -1435.75021378      45       0      22
  466    112.49110229   -270.09170806  -1435.75021378      28       0      26
  467     71.36277997   -272.32331408  -1435.75021379      31       0      22
  468    106.86709772    -47.41681481  -1435.75021379      26       0      20
  469     98.89803582   -131.34359828  -1435.75021379      23       0      17
  470    127.27180362    -45.00037277  -1435.75021378      20       0      24
  471     48.84340382   -554.12853970  -1435.75021381      25       0      23
  472     79.02941281   -484.80787304  -1435.75021378      25       0      36
  473     91.55361355   -169.20455052  -1435.75021379      32       0      24
  474    151.31816688   -235.63797745  -1435.75021380      36       0      40
  475    109.90418465   -158.16080426  -1435.75021379      44       0      32
  476    103.83479818    -86.80788812  -1435.75021373      40       0      36
  477     71.25310946   -476.40703158  -1435.75021373      43       0      31
  478    104.76915509   -247.41567594  -1435.75021380      43       0      37
  479     78.29010232   -184.41952576  -1435.75021373      41       0      33
  480    134.75946596    -41.87873492  -1435.75021373      38       0      35
  481    107.32847279    -44.18940772  -1435.75021379      43       0      34
  482     53.92398945   -366.20354781  -1435.75021380      49       0      25
  483     85.89838190   -121.11736304  -1435.75021380      38       0      27
  484     62.35284562   -210.11977527  -1435.75021380      30       0      23
  485     60.85340265   -488.42081601  -1435.75021379      29       0      22
  486    109.76607877    -98.77701020  -1435.75021379      25       0      17
  487     98.64604784   -281.85505677  -1435.75021380      21       0      23
  488     86.15245034    -82.46044826  -1435.75021379      24       0      23
  489    105.35674155   -186.82530037  -1435.75021380      23       0      31
  490    104.93883729   -203.44998008  -1435.75021378      34       0      27
  491    117.30077032   -160.91055346  -1435.75021380      34       0      35
  492     97.58320183   -193.72406980  -1435.75021377      39       0      31
  493     81.54724250   -346.62348405  -1435.75021381      38       0      39
  494    124.47786304   -279.55235927  -1435.75021381      42       0      33
  495    121.07775765    -45.14845449  -1435.75021378      43       0      34
  496    104.61435504   -310.36209651  -1435.75021375      44       0      31
  497     87.13318185   -307.64863221  -1435.75021378      45       0      33
  498    104.66297013   -158.19872940  -1435.75021383      45       0      36
  499     86.51548893   -269.61326952  -1435.75021378      48       0      30
  500    116.18821888   -119.38289474  -1435.75021378      41       0      28
  501     82.11482324   -473.54576759  -1435.75021379      39       0      24
  502     95.23508619   -249.26316424  -1435.75021383      31       0      21
  503     34.90808018   -791.08220031  -1435.75021383      32       0      20
  504     59.61847886   -583.43303076  -1435.75021371      21       0      23
  505     70.86473278   -248.79154377  -1435.75021378      24       0      21
  506     55.83186351   -595.27156415  -1435.75021379      24       0      26
  507     96.73097294   -228.81076973  -1435.75021371      29       0      28
  508     94.73206318   -338.98302667  -1435.75021379      29       0      37
  509     97.72848817   -278.88742294  -1435.75021379      43       0      31
  510     95.13123608   -128.92201779  -1435.75021378      44       0      36
  511     98.82553291   -119.20743503  -1435.75021378      45       0      27
  512    107.59123978   -197.78460043  -1435.75021378      37       0      35
  513    127.02527222   -248.60665369  -1435.75021378      36       0      33
  514     76.87847885   -449.51719152  -1435.75021376      41       0      32
  515    117.51915451   -178.90675795  -1435.75021378      39       0      39
  516    104.31182422   -263.60143668  -1435.75021376      45       0      29
  517     90.54225136    -89.05597209  -1435.75021378      42       0      29
  518    118.58161515   -105.59215126  -1435.75021372      33       0      25
  519     97.42007504   -122.88872299  -1435.75021372      31       0      28
  520     39.44658358   -774.46765800  -1435.75021379      31       0      19
  521     48.23643080   -534.77181244  -1435.75021379      22       0      23
  522     87.19728628   -249.49889613  -1435.75021372      23       0      20
  523     97.46270692   -230.16477824  -1435.75021372      24       0      26
  524     83.80320675   -299.64346321  -1435.75021379      28       0      25
  525     74.87338404   -449.27303635  -1435.75021376      30       0      32
  526    100.40900268   -270.00883817  -1435.75021374      34       0      32
  527    130.78113195   -203.40978526  -1435.75021379      38       0      38
  528     67.19625377   -550.31882528  -1435.75021376      44       0      32
  529    148.71837913   -218.00988024  -1435.75021376      41       0      32
  530     67.14519998   -430.28321791  -1435.75021380      36       0      29
  531    129.29725157    -38.19842515  -1435.75021374      42       0      34
  532     89.05475973   -467.41365901  -1435.75021378      40       0      38
  533    150.69780841   -218.31256576  -1435.75021379      42       0      31
  534     64.81313134   -427.47623634  -1435.75021377      37       0      33
  535     78.83918484   -284.75208422  -1435.75021377      38       0      26
  536    105.47661367   -319.39139043  -1435.75021378      31       0      27
  537     90.10303950   -211.62149903  -1435.75021380      34       0      21
  538     93.40661298   -314.17715448  -1435.75021378      26       0      21
  539     77.62385648   -128.66115359  -1435.75021380      26       0      20
  540     88.01216188    -66.19818846  -1435.75021377      22       0      25
  541    102.15139655   -139.09699140  -1435.75021380      28       0      27
  542    100.36042458   -138.02677870  -1435.75021380      25       0      28
  543     58.02076734   -406.74554280  -1435.75021380      33       0      30
  544     79.26294200   -420.07547990  -1435.75021378      35       0      37
  545    113.92682671   -407.98438114  -1435.75021383      39       0      33
  546     80.04803929   -553.32717802  -1435.75021379      42       0      30
  547     80.23108115   -423.90298523  -1435.75021376      37       0      35
  548    140.26106963    -46.25218071  -1435.75021381      45       0      34
  549     91.38171312   -118.58098131  -1435.75021380      43       0      34
  550    124.02037313   -234.99700494  -1435.75021378      45       0      35
  551     82.39327270   -507.04667749  -1435.75021383      43       0      32
  552     70.31262025   -560.88327353  -1435.75021381      42       0      24
  553    111.78644155   -382.62725529  -1435.75021377      28       0      30
  554    123.18117543   -247.21879785  -1435.75021378      35       0      21
  555     59.92247827   -553.39290567  -1435.75021378      24       0      23
  556     49.23539205   -579.94004124  -1435.75021381      28       0      19
  557     81.63912059   -433.92732630  -1435.75021381      21       0      27
  558     68.94524629   -223.55239266  -1435.75021378      31       0      24
  559    104.37461050   -267.19720917  -1435.75021381      28       0      28
  560    134.77359117   -136.76869411  -1435.75021371      31       0      33
  561     50.09380584   -573.30778495  -1435.75021379      37       0      29
  562     92.23231680   -279.13624466  -1435.75021379      36       0      35
  563     75.52587628   -533.35862136  -1435.75021378      36       0      26
  564    104.32356838   -212.39146698  -1435.75021379      35       0      34
  565     36.47403828  -1080.36659585  -1435.75021378      42       0      35
  566     92.90410841   -271.73947964  -1435.75021379      41       0      35
  567     97.30975099   -221.42715553  -1435.75021379      45       0      40
  568     85.10096537   -207.04983379  -1435.75021382      49       0      32
  569     94.72347745    -98.51928859  -1435.75021378      44       0      26
  570     70.03832584   -444.12332617  -1435.75021379      32       0      29
  571     82.52306624   -268.57048070  -1435.75021377      36       0      20
  572     85.73034601   -280.00344642  -1435.75021379      27       0      25
  573    102.75635381   -262.67756338  -1435.75021376      27       0      19
  574     75.78170481   -213.23425363  -1435.75021376      21       0      26
  575     99.19411204    -52.24375906  -1435.75021378      28       0      25
  576     65.67869988   -210.81796679  -1435.75021376      31       0      26
  577    128.62754183    -41.06713388  -1435.75021376      32       0      32
  578    111.46154970   -247.96497639  -1435.75021383      32       0      32
  579     95.65930596   -346.47834554  -1435.75021382      36       0      29
  580    103.43070695   -329.14150929  -1435.75021382      34       0      30
  581    126.19745889   -228.34124039  -1435.75021383      33       0      31
  582    114.76866676   -310.87430942  -1435.75021378      36       0      33
  583    137.55620165   -195.03990682  -1435.75021382      38       0      35
  584    126.77247879   -233.33016992  -1435.75021379      43       0      40
  585     66.84281922   -569.19132006  -1435.75021382      49       0      35
  586     83.87190615   -113.75795155  -1435.75021382      46       0      25
  587     91.34347659   -509.39585863  -1435.75021382      30       0      33
  588     72.11467499   -273.70524020  -1435.75021384      37       0      22
  589     68.15382635   -151.21660924  -1435.75021382      29       0      24
  590     80.12349560    -59.59776166  -1435.75021377      29       0      18
  591     57.19090667   -649.09397403  -1435.75021382      19       0      24
  592     60.45121635   -330.42058315  -1435.75021384      25       0      28
  593     95.67748185   -232.85161730  -1435.75021382      31       0      28
  594     92.91206372   -131.41632945  -1435.75021382      32       0      29
  595    115.74859457    -56.47695112  -1435.75021382      34       0      32
  596     91.22481326   -135.73047079  -1435.75021378      38       0      29
  597     76.37268554   -311.92462717  -1435.75021382      34       0      28
  598    131.35429782   -192.98434844  -1435.75021382      30       0      33
  599     98.73467473   -488.31531835  -1435.75021382      36       0      29
  600    113.57853081   -229.59860313  -1435.75021378      30       0      33
  601     95.95932902   -279.92251291  -1435.75021378      38       0      38
  602    115.74225483   -148.24966061  -1435.75021382      41       0      42
  603     68.50321264   -386.25423230  -1435.75021382      50       0      26
  604    133.11902684   -274.52519676  -1435.75021381      38       0      33
  605    106.27569756    -58.44270523  -1435.75021376      43       0      21
  606     93.27407661    -99.32519806  -1435.75021382      28       0      28
  607     78.68171712    -60.50991718  -1435.75021382      31       0      17
  608    104.46871701   -202.86567056  -1435.75021376      19       0      23
  609     69.52504355   -467.89445713  -1435.75021378      27       0      28
  610    123.54917606    -36.44863640  -1435.75021377      30       0      24
  611     63.67183622   -426.02005256  -1435.75021376      25       0      30
  612    102.42720263   -282.46078727  -1435.75021382      34       0      34
  613     93.12000497   -258.57407211  -1435.75021382      40       0      32
  614    135.71380324   -201.06922857  -1435.75021382      40       0      26
  615     92.21306986   -345.05191957  -1435.75021381      36       0      32
  616     80.62868447   -261.08100696  -1435.75021382      42       0      31
  617     75.33338383   -445.27241922  -1435.75021377      39       0      31
  618    129.61424471    -99.56737365  -1435.75021382      36       0      32
  619    126.54649797   -104.04128266  -1435.75021381      36       0      43
  620    119.03928624   -191.20788192  -1435.75021382      52       0      25
  621    139.98043372   -117.28323127  -1435.75021382      40       0      36
  622    105.37372262   -145.15242279  -1435.75021382      38       0      25
  623    114.59270583    -93.66861477  -1435.75021380      31       0      27
  624     74.56476298   -267.13774215  -1435.75021380      32       0      19
  625     77.49309358   -371.55313731  -1435.75021382      19       0      22
  626    109.54125014   -125.69109882  -1435.75021381      25       0      28
  627    126.41418188   -185.88951421  -1435.75021381      30       0      26
  628     50.46434299   -695.11665388  -1435.75021381      31       0      24
  629     72.36682545   -449.77419031  -1435.75021381      29       0      33
  630     88.71157404   -225.22024121  -1435.75021378      38       0      30
  631     78.76154881   -291.45647370  -1435.75021380      37       0      26
  632     89.74882464   -263.10626404  -1435.75021381      27       0      33
  633     90.27208922   -277.53666354  -1435.75021381      35       0      34
  634     82.31122741   -539.65407120  -1435.75021381      40       0      30
  635    120.54904823    -63.56110814  -1435.75021381      38       0      34
  636     84.19549203   -236.98178481  -1435.75021380      38       0      34
  637    127.52016388   -237.23276265  -1435.75021380      43       0      36
  638    125.87503083   -178.15505166  -1435.75021380      47       0      34
  639     73.96671161   -594.46782897  -1435.75021378      44       0      26
  640    132.40721023   -110.81845421  -1435.75021380      34       0      30
  641     67.73374548   -354.53258750  -1435.75021380      33       0      17
  642     54.41514529   -360.27715549  -1435.75021381      24       0      23
  643    102.56704128   -116.24512414  -1435.75021380      24       0      24
  644     82.04347173   -257.17507057  -1435.75021378      26       0      26
  645     80.84807532   -239.29213821  -1435.75021378      27       0      26
  646    102.97325456   -210.08220308  -1435.75021380      34       0      32
  647    105.25733858   -297.72954771  -1435.75021378      39       0      32
  648     83.14552696   -434.30701807  -1435.75021379      36       0      27
  649    104.65967831   -182.78671156  -1435.75021380      37       0      29
  650    119.68164688   -181.97970738  -1435.75021380      37       0      31
  651    143.12101807   -214.24633831  -1435.75021380      36       0      35
  652    118.63104756   -269.56127815  -1435.75021379      39       0      30
  653     83.80731164   -299.77774881  -1435.75021380      37       0      30
  654    122.86297208   -167.14314419  -1435.75021381      35       0      39
  655    126.40204281   -281.46873265  -1435.75021380      45       0      37
  656    112.09517082   -237.04070707  -1435.75021378      45       0      27
  657    116.31382018   -243.79267236  -1435.75021380      39       0      30
  658     93.15490526   -359.35067675  -1435.75021380      36       0      21
  659     60.14533181   -239.04879390  -1435.75021378      28       0      21
  660     84.88373901   -366.55651257  -1435.75021380      25       0      25
  661     83.75324816   -196.70686601  -1435.75021381      28       0      22
  662     92.39689059   -473.87831760  -1435.75021378      24       0      24
  663    104.41987731   -150.66204877  -1435.75021379      26       0      35
  664     90.82141464   -237.76488734  -1435.75021379      36       0      27
  665    101.31026793   -252.46269132  -1435.75021379      34       0      30
  666    100.73146059    -57.26730299  -1435.75021380      35       0      31
  667    123.54280867   -344.16039388  -1435.75021380      34       0      31
  668    110.49270709   -194.82486772  -1435.75021379      37       0      34
  669     98.01157189   -241.27566568  -1435.75021379      37       0      30
  670     93.11748997   -188.88088789  -1435.75021380      34       0      31
  671    133.35176662   -125.93342490  -1435.75021380      36       0      35
  672     76.85544372   -458.52130870  -1435.75021380      42       0      35
  673    115.56495281   -247.62507056  -1435.75021382      45       0      32
  674     76.66525044   -198.82806828  -1435.75021379      37       0      30
  675    100.54233996   -280.10229109  -1435.75021379      35       0      22
  676     76.18880324   -229.35987143  -1435.75021380      32       0      23
  677    107.85556843    -90.61207473  -1435.75021377      27       0      26
  678     69.18271500   -463.62421336  -1435.75021380      30       0      22
  679    103.72616100   -275.86165759  -1435.75021379      26       0      25
  680    102.74084036   -348.09081925  -1435.75021380      29       0      29
  681     91.82630481   -268.60598101  -1435.75021380      33       0      29
  682     76.82319997   -283.48862765  -1435.75021380      34       0      29
  683    118.05748930   -216.28268930  -1435.75021380      35       0      34
  684     57.59361898   -394.77289270  -1435.75021377      45       0      31
  685    113.15767789    -98.44366534  -1435.75021377      40       0      33
  686     47.40516335   -908.81434979  -1435.75021378      41       0      28
  687    129.21291752    -29.17798166  -1435.75021378      34       0      28
  688    122.46268108   -212.49363929  -1435.75021379      35       0      37
  689     87.12802425   -261.12273988  -1435.75021377      41       0      35
  690    122.46279164   -171.78353593  -1435.75021379      42       0      33
  691    110.63552849    -77.55607084  -1435.75021379      40       0      27
  692     91.29776055   -316.08260138  -1435.75021382      41       0      26
  693    113.96267854   -170.46368494  -1435.75021382      36       0      26
  694     97.90232337   -260.59490977  -1435.75021381      33       0      24
  695     95.09021163   -206.63870688  -1435.75021381      31       0      22
  696     90.66472431   -380.70563356  -1435.75021378      25       0      27
  697     94.56356581   -321.39233439  -1435.75021382      32       0      25
  698    104.12336999   -148.99503327  -1435.75021382      29       0      27
  699     76.96951786   -150.26550009  -1435.75021383      34       0      28
  700    100.49520388   -287.19696503  -1435.75021382      33       0      35
  701     95.07896841   -225.25308311  -1435.75021382      37       0      31
  702     82.00854376   -353.13710707  -1435.75021382      36       0      35
  703    134.27082675   -151.04871321  -1435.75021382      43       0      26
  704    154.52165722   -207.02246259  -1435.75021382      33       0      31
  705    113.98846697   -217.35526411  -1435.75021382      38       0      33
  706     80.98173790   -475.13873092  -1435.75021382      39       0      33
  707    113.81323430   -268.16554461  -1435.75021373      41       0      36
  708    103.41651052   -405.15206839  -1435.75021383      47       0      26
  709     84.17978581   -605.85525134  -1435.75021380      39       0      27
  710     50.31467105   -502.72040319  -1435.75021382      31       0      27
  711    119.47120891   -140.31811603  -1435.75021380      37       0      28
  712     88.15956389   -324.47188244  -1435.75021378      29       0      19
  713    107.31086080   -200.51619773  -1435.75021378      24       0      29
  714    106.45837583   -107.88561177  -1435.75021379      32       0      24
  715    115.32745844   -125.21794360  -1435.75021382      26       0      26
  716    108.42698237   -205.51105825  -1435.75021382      28       0      31
  717     95.11032360   -268.79150355  -1435.75021379      34       0      33
  718     99.97997925   -150.94194048  -1435.75021382      33       0      30
  719     81.39873445   -269.77523500  -1435.75021382      33       0      33
  720     67.58072351   -611.27834264  -1435.75021382      40       0      27
  721     93.48949285   -279.02410249  -1435.75021382      37       0      31
  722     91.17304131   -360.81994447  -1435.75021380      38       0      34
  723    107.47859223   -166.21211338  -1435.75021379      45       0      28
  724    136.39267338   -104.40314737  -1435.75021382      40       0      34
  725    115.12583926   -221.62728023  -1435.75021382      42       0      34
  726     73.67176119   -358.59926571  -1435.75021383      43       0      24
  727    104.05335505   -216.10400318  -1435.75021383      35       0      32
  728     85.57597732   -253.74111058  -1435.75021380      37       0      27
  729     76.09863329   -379.48859489  -1435.75021383      36       0      21
  730    129.97708814    -90.31498474  -1435.75021382      27       0      27
  731     93.28444526   -290.34397034  -1435.75021383      29       0      27
  732     96.65501396   -172.61349815  -1435.75021381      32       0      25
  733    103.56523299   -289.41473367  -1435.75021382      28       0      31
  734    113.81672971   -210.81155213  -1435.75021381      36       0      31
  735     84.46163480   -415.17450812  -1435.75021381      34       0      27
  736     92.96995158   -260.12104352  -1435.75021381      29       0      29
  737     79.45224238   -383.09685761  -1435.75021382      35       0      33
  738    112.00027548   -121.20011936  -1435.75021382      37       0      26
  739     85.20391927   -437.50619495  -1435.75021381      29       0      31
  740    123.02366769   -112.45884683  -1435.75021383      33       0      31
  741     88.21134035   -519.44463392  -1435.75021383      35       0      38
  742    105.15881101   -105.39866540  -1435.75021381      43       0      29
  743     81.22436534   -536.43061597  -1435.75021382      39       0      29
  744    111.76786316   -107.69364070  -1435.75021381      36       0      30
  745     96.00357058   -258.63842853  -1435.75021382      33       0      30
  746     91.74569930   -189.09367513  -1435.75021384      35       0      22
  747    115.06082419    -57.58010163  -1435.75021382      29       0      27
  748    103.96301272   -318.84561083  -1437.33387341      36       1      28
  749     98.48031940   -156.07880990  -1437.33387341      33     249      17
  750     90.79051075   -295.65322533  -1437.33387342     106       4      18
  751     93.69523583   -331.39106408  -1437.33387342     128       0      21
  752     91.74730201   -228.30599918  -1437.33387342      96       0      27
  753     29.45491833  -1171.59141460  -1437.33387343      45       0      27
  754     70.91756873   -479.54612653  -1437.33387340      36       0      29
  755    137.51027228   -111.08376478  -1437.33387342      29       0      37
  756     83.45852731   -114.15727079  -1437.33387341      42       0      22
  757     90.58311105   -188.74677529  -1437.33387340      31       0      29
  758    102.67961134   -189.37880945  -1442.11273234      36       1      31
  759     66.47608896   -504.95389616  -1442.11273216      36     246      19
  760     81.12290928   -355.46488061  -1442.11273228      95       4      26
  761    135.02024094   -144.00327504  -1442.11273235     126       0      27
  762     78.54458728   -374.10589752  -1442.11273230     113       0      23
  763    120.92965444    -74.17041033  -1442.11273232      52       0      29
  764     45.49775235   -780.55143007  -1442.11273237      37       0      26
  765     85.55991890   -342.01656713  -1442.11273230      39       0      24
  766    125.16320731    -50.71859867  -1442.11273218      30       0      27
  767    107.68979880   -173.48683436  -1442.11273235      34       0      36
  768     72.11980217   -519.25610848  -1442.11273237      42       0      24
  769     97.46309349   -143.68356085  -1442.11273236      28       0      27
  770    114.97938785   -158.21459544  -1442.11273235      33       0      30
  771     95.50647467   -207.22601191  -1442.11273235      36       0      32
  772    110.04107049   -283.77610980  -1442.11273237      38       0      25
  773    110.81659540   -251.64036009  -1442.11273236      30       0      31
  774     74.50776846   -220.40696641  -1442.11273237      32       0      27
  775    128.88761697   -216.55637317  -1442.11273237      32       0      29
  776    111.63444491   -184.55284165  -1442.11273236      32       0      33
  777    119.49303085   -325.12887770  -1442.11273237      38       0      37
  778    118.97368322    -90.06585507  -1442.11273235      45       0      33
  779     54.25806499   -579.80958648  -1442.11273235      37       0      26
  780    113.84904906   -249.20923101  -1442.11273237      30       0      24
  781    143.27563021   -177.18397345  -1442.11273235      25       0      28
  782     75.26751334   -461.07073229  -1442.11273215      33       0      24
  783     83.10966641   -120.82474687  -1442.11273223      31       0      28
  784     97.45934457   -211.17945830  -1442.11273231      29       0      35
  785    111.72048275   -209.42114657  -1442.11273228      38       0      27
  786    111.99819495   -221.23822380  -1442.11273219      32       0      27
  787    124.69429636   -125.61128767  -1442.11273211      33       0      27
  788     92.80302435    -13.16058091  -1442.11273231      27       0      34
  789    125.60731386   -173.57691784  -1442.11273237      38       0      28
  790    130.43403396   -215.46825459  -1442.11273237      39       0      28
  791     79.82619196   -517.02042502  -1442.11273211      35       0      28
  792    112.72039935   -210.39375197  -1442.11273235      37       0      27
  793     87.63331285   -160.41345250  -1442.11273237      28       0      33
  794     82.24497979   -302.51940021  -1442.11273221      39       0      40
  795    117.32109796    -58.30475853  -1442.11273219      45       0      32
  796     88.59693664   -282.26989262  -1442.11273231      41       0      26
  797    102.48819978   -101.87598850  -1442.11273237      34       0      24
  798     75.04630025   -638.31074710  -1442.11273211      26       0      28
  799     80.49614284   -538.36199097  -1442.11273234      31       0      25
  800    118.41756670   -180.97876303  -1442.11273234      29       0      30
  801    102.08610681   -281.99912346  -1442.11273237      36       0      31
  802     98.16718103   -294.17251859  -1442.11273237      37       0      26
  803     88.19795985   -219.25432299  -1442.11273217      31       0      30
  804    118.38048418    -86.89031041  -1442.11273217      36       0      27
  805    104.18583993    -98.24384324  -1442.11273224      35       0      27
  806     39.38175541  -1052.97863632  -1442.11273218      30       0      32
  807     92.82459322   -132.51718129  -1442.11273218      35       0      25
  808    109.60360190   -287.02435532  -1442.11273232      35       0      33
  809     62.34692856   -489.18874502  -1442.11273224      43       0      24
  810    135.74115560    -48.25627073  -1442.11273234      34       0      35
  811    109.03934012    -95.85020517  -1442.11273217      40       0      38
  812    105.73375246   -165.31484222  -1442.11273232      48       0      33
  813    135.97172055   -113.48543507  -1442.11273217      41       0      27
  814    103.74024643   -374.81036130  -1442.11273219      36       0      28
  815    113.73962487   -203.63870532  -1442.11273224      35       0      24
  816     64.67743666   -397.38166104  -1442.11273212      28       0      25
  817    135.28815465   -101.25583020  -1442.11273227      28       0      29
  818     90.60277240   -238.62893050  -1442.11273219      31       0      32
  819     69.71158528   -658.56712553  -1442.11273218      39       0      24
  820     75.73830829   -434.82724896  -1442.11273219      29       0      31
  821    119.55617449   -111.50596346  -1442.11273220      35       0      27
  822    126.63538934    -35.69540249  -1442.11273212      36       0      28
  823    135.69853246   -182.16759001  -1442.11273220      34       0      29
  824     82.47571721   -106.85098072  -1442.11273226      31       0      22
  825    110.10894710   -236.00164359  -1442.11273220      29       0      34
  826     69.97557357   -247.05673838  -1442.11273226      37       0      31
  827    110.45799858   -161.63904489  -1442.11273218      33       0      29
  828    131.41162267   -242.25167917  -1442.11273218      37       0      38
  829    103.37242950   -184.57648367  -1442.11273223      44       0      35
  830     89.11167711   -206.77223328  -1442.11273221      41       0      26
  831     92.85277722   -344.70524429  -1442.11273230      36       0      32
  832     93.42772364   -206.99808992  -1442.11273230      36       0      25
  833    125.66123275   -207.26101455  -1442.11273226      36       0      25
  834    106.92774843   -215.39157057  -1442.11273224      28       0      26
  835     90.38515339   -148.78009040  -1442.11273229      28       0      34
  836    119.34142790   -298.99923822  -1442.11273220      36       0      23
  837    105.50095880   -267.61155342  -1442.11273231      30       0      27
  838    103.05220467   -313.25344661  -1442.11273235      31       0      30
  839     98.21194808   -219.61596888  -1442.11273231      34       0      31
  840     85.21288180   -256.02067203  -1442.11273229      36       0      26
  841    106.10324400    -50.46022623  -1442.11273220      34       0      26
  842    106.29256499   -284.12411132  -1442.11273226      32       0      32
  843     69.32496235   -417.82878912  -1442.11273222      36       0      27
  844     84.28468431   -395.42893073  -1442.11273218      37       0      28
  845     88.07391712   -445.34686274  -1442.11273229      33       0      41
  846    127.76359570   -179.20327628  -1442.11273228      45       0      34
  847    110.59576562   -179.76519993  -1442.11273236      43       0      28
  848     67.58892917   -614.21981828  -1442.11273229      38       0      27
  849     93.82413866   -179.67071754  -1442.11273226      35       0      31
  850     75.97272705   -340.31741660  -1442.11273222      40       0      28
  851     85.57127599   -353.89159559  -1442.11273219      29       0      27
  852     95.91935817   -256.68373852  -1442.11273226      33       0      26
  853     91.12393107   -388.57296259  -1442.11273218      26       0      27
  854    126.31575625    -60.42356714  -1442.11273226      32       0      27
  855     89.71679279   -162.36249150  -1442.11273224      30       0      30
  856    107.74432119   -235.56385193  -1442.11273228      38       0      25
  857     87.95379455   -230.42154725  -1442.11273227      32       0      29
  858     68.63240107   -553.15299827  -1442.11273227      34       0      28
  859     99.97160795   -344.97405215  -1442.11273224      33       0      30
  860     83.19654875   -350.28468465  -1442.11273226      34       0      29
  861     87.08865917   -556.18128931  -1442.11273225      31       0      26
  862    124.51270999   -198.48945759  -1442.11273227      35       0      39
  863    118.97646687   -119.06509063  -1442.11273227      46       0      34
  864    107.62814213    -86.52373621  -1442.11273222      42       0      30
  865     93.40642176   -359.10653698  -1442.11273227      37       0      27
  866    105.34187230   -339.52883032  -1442.11273224      33       0      34
  867    149.82912640   -117.86387336  -1442.11273221      36       0      29
  868    101.40407144   -291.82048287  -1442.11273223      37       0      28
  869    135.81681527    -63.88807376  -1442.11273225      32       0      24
  870     95.32010885   -271.75094051  -1442.11273228      27       0      27
  871     89.15024954   -442.55771299  -1442.11273225      30       0      22
  872    134.90658492   -117.10836690  -1442.11273225      27       0      32
  873     81.07003795   -366.12262252  -1442.11273232      38       0      28
  874     90.11462611   -211.82786444  -1442.11273221      35       0      28
  875    132.98878081    -83.81634455  -1442.11273221      30       0      30
  876     94.12200624   -142.74118051  -1442.11273222      35       0      29
  877    109.67560350   -148.07820841  -1442.11273225      33       0      26
  878    107.81052659    -58.41531183  -1442.11273228      29       0      25
  879    150.66608344   -117.14006240  -1442.11273219      31       0      39
  880     97.64017177   -202.15757514  -1442.11273225      44       0      35
  881     84.00966192   -362.65581078  -1442.11273216      47       0      32
  882     68.25744005   -205.38501226  -1442.11273219      40       0      28
  883     60.21619570   -354.58222522  -1442.11273216      33       0      30
  884    103.28576188   -225.87015247  -1442.11273219      39       0      36
  885     61.27404577   -221.48193160  -1442.11273225      43       0      25
  886     90.48340822   -235.90660450  -1442.11273219      32       0      25
  887    102.92356974   -262.74213030  -1442.11273227      31       0      24
  888     59.16784227   -427.85865226  -1442.11273227      30       0      22
  889     87.65798973   -231.70455717  -1442.11273225      23       0      31
  890     67.25576787   -520.66903511  -1442.11273223      36       0      32
  891    114.87706217   -173.98522738  -1442.11273225      34       0      27
  892    110.01198405   -258.27477869  -1442.11273217      33       0      30
  893    139.86711423    -84.63507672  -1442.11273223      40       0      30
  894     62.12847058   -498.24814362  -1442.11273227      37       0      24
  895     95.75093102   -264.32648012  -1442.11273227      30       0      25
  896     95.93988298   -463.48750547  -1442.11273235      30       0      30
  897    111.12638693   -121.92421574  -1442.11273229      32       0      43
  898     91.78022168   -451.56750836  -1442.11273234      47       0      33
  899     59.80291249   -318.96706532  -1442.11273217      47       0      24
  900     95.36867774   -313.64471116  -1442.11273223      34       0      31
  901     88.44573078   -133.49112194  -1442.11273217      35       0      37
  902     96.62727459   -262.52673752  -1442.11273233      46       0      25
  903    103.47664989   -272.87914106  -1442.11273233      34       0      28
  904     85.35644142   -436.65327783  -1442.11273230      34       0      27
  905     64.05525096   -185.13972692  -1442.11273227      34       0      19
  906     89.20498819   -273.27103173  -1442.11273227      29       0      31
  907    127.61358547   -240.30240376  -1442.11273230      34       0      29
  908     84.28206471   -275.13504945  -1442.11273233      35       0      24
  909    114.16222345   -111.11918233  -1442.11273233      32       0      36
  910     65.99386109   -441.34020631  -1442.11273234      36       0      27
  911     87.49202184   -502.46189437  -1442.11273233      38       0      27
  912     98.65070479   -295.46207842  -1442.11273234      34       0      26
  913     63.80298865   -161.62713014  -1442.11273235      32       0      26
  914    104.63343779    -62.63408237  -1442.11273230      28       0      37
  915     74.74632692   -519.96463092  -1442.11273230      40       0      38
  916     69.90964723   -252.34796483  -1442.11273232      47       0      28
  917     96.28806555   -222.75025568  -1442.11273234      38       0      23
  918    132.71941840    -98.05212680  -1442.11273232      36       0      41
  919    124.99078686   -215.21693982  -1442.11273231      43       0      28
  920     85.82223447   -163.87549582  -1442.11273235      38       0      27
  921     94.85369802   -362.16814393  -1442.11273234      35       0      24
  922     90.59783046   -357.37485628  -1442.11273235      28       0      23
  923    147.92889536   -179.62193474  -1442.11273235      29       0      30
  924    101.98299314   -141.62907740  -1442.11273231      31       0      28
  925    125.12404335   -130.18888805  -1442.11273231      35       0      29
  926     73.68080093   -352.62374876  -1442.11273232      30       0      29
  927     69.12821627   -460.33065976  -1442.11273235      35       0      28
  928     99.15460749   -489.08308012  -1442.11273232      33       0      31
  929     43.54959421   -800.81993378  -1442.11273231      37       0      27
  930    128.85449536   -142.98109915  -1442.11273229      33       0      25
  931    101.08542047   -240.83085126  -1442.11273231      33       0      34
  932     75.36381192   -496.06628362  -1442.11273233      38       0      33
  933     88.04067071   -274.56597965  -1442.11273233      37       0      28
  934     50.05694738   -505.66654738  -1442.11273233      32       0      32
  935     98.57479318   -171.01750557  -1442.11273234      38       0      33
  936    118.19541674   -311.63259077  -1442.11273231      41       0      34
  937     78.55642482   -284.12838186  -1442.11273234      41       0      27
  938     66.70761483   -479.37662639  -1442.11273236      31       0      23
  939    103.93374436   -272.36941996  -1442.11273226      30       0      28
  940     73.28519978   -313.87141869  -1442.11273232      37       0      24
  941    163.55721339   -118.15919818  -1442.11273233      31       0      32
  942    104.89878594   -205.50161461  -1442.11273236      35       0      26
  943     98.94653345   -308.31587201  -1442.11273236      32       0      30
  944     92.54673000   -247.20212300  -1442.11273226      31       0      28
  945     82.69296645   -291.38459425  -1442.11273226      38       0      31
  946    115.10528339   -287.59975508  -1442.11273236      35       0      24
  947     88.33866272   -186.79910784  -1442.11273226      34       0      30
  948    100.91536787   -124.33548410  -1442.11273236      33       0      33
  949    101.57560024   -221.63630586  -1442.11273233      41       0      30
  950    123.37641405    -24.23879221  -1442.11273233      42       0      31
  951     89.68156634   -225.54487528  -1442.11273233      37       0      28
  952    103.40715469   -268.70182189  -1442.11273233      39       0      33
  953     82.22452579   -329.44008816  -1442.11273233      38       0      37
  954     82.14321163   -378.11145350  -1442.11273233      41       0      25
  955     99.61447211   -155.95461569  -1442.11273233      35       0      22
  956     90.27937112   -385.37431883  -1442.11273232      31       0      31
  957     65.15579889   -572.16829763  -1442.11273233      36       0      25
  958    112.48630395   -188.70877273  -1442.11273232      34       0      31
  959    118.04859530   -201.13353231  -1442.11273232      31       0      29
  960     77.52759943   -252.97523987  -1442.11273232      35       0      22
  961    121.82613077   -212.29575841  -1442.11273234      25       0      32
  962    121.40580483   -195.97662185  -1442.11273234      37       0      30
  963    112.47969273   -337.18637119  -1442.11273232      37       0      27
  964    123.52037394    -91.92997060  -1442.11273234      36       0      25
  965    100.18043980   -208.81572369  -1442.11273234      29       0      31
  966     96.43779237   -531.42596519  -1442.11273234      37       0      33
  967     41.83121668   -805.76207458  -1442.11273234      36       0      29
  968    108.20857397   -137.25254530  -1442.11273232      37       0      33
  969    114.90782980   -304.30402178  -1442.11273234      40       0      34
  970     93.83843440   -295.25645624  -1442.11273234      40       0      30
  971     83.15633739   -339.23519642  -1442.11273233      39       0      29
  972     69.39390941   -302.27517481  -1442.11273233      36       0      25
  973    103.17272052   -176.39888625  -1442.11273233      33       0      25
  974     94.59840662   -207.23795567  -1442.11273234      32       0      33
  975    106.23115599   -243.02213586  -1442.11273237      35       0      29
  976    150.59483687    -43.87582446  -1442.11273233      37       0      27
  977     68.19034963   -432.74567165  -1442.11273232      35       0      24
  978    108.14033140   -257.31759160  -1442.11273223      29       0      29
  979    115.47711875    -86.68979586  -1442.11273223      31       0      31
  980     90.28057990   -369.13947905  -1442.11273233      40       0      27
  981    106.01832555   -125.43926162  -1442.11273223      32       0      25
  982    131.02859373   -128.82420335  -1442.11273232      27       0      29
  983     78.45040139   -269.86483547  -1442.11273223      31       0      37
  984     63.51776036   -450.20973032  -1442.11273237      44       0      26
  985    104.43590810   -220.73570593  -1442.11273234      36       0      34
  986    108.37109056   -180.97300557  -1442.11273223      43       0      30
  987    130.61787003   -184.19893706  -1442.11273232      32       0      35
  988     58.80879167   -448.49668945  -1442.11273233      38       0      27
  989     93.87097911   -188.69076937  -1442.11273234      34       0      23
  990    110.24752941   -155.89245496  -1442.11273230      26       0      32
  991     90.91744372   -164.72761282  -1442.11273232      35       0      29
  992    115.10033379    -65.04671708  -1442.11273230      31       0      28
  993    124.22912877    -56.06261608  -1442.11273233      34       0      28
  994     88.32542183   -510.83155472  -1442.11273233      31       0      26
  995     98.03601348   -417.80529871  -1442.11273233      28       0      26
  996     67.37718972   -551.85983631  -1442.11273233      32       0      33
  997     94.84747204   -317.12557008  -1442.11273233      39       0      31
  998     86.06296973   -256.05208401  -1442.11273233      36       0      23
  999     48.78074124   -563.54773076  -1442.11273233      35       0      23
 1000    129.24346049   -194.48541361  -1442.11273233      28       0      37
----------------------------------------------------------------------------------
Artificial Bee Colony Optimization Finished!

 -- Results Report --
 * 100 LMs will be saved in [ h_20_waters-LM ].
      #          Energy
      0  -1442.11273237
      1  -1438.86847957
      2  -1438.01501485
      3  -1437.33387337
      4  -1435.75021382
      5  -1435.52189171
      6  -1435.38921738
      7  -1433.62577014
      8  -1432.94041675
      9  -1432.93422606
     10  -1432.23027051
     11  -1432.11844158
     12  -1431.82105858
     13  -1431.48553717
     14  -1431.36452689
     15  -1431.31144833
     16  -1431.08040485
     17  -1431.04793458
     18  -1430.78254028
     19  -1430.44029988
     20  -1429.96792217
     21  -1429.88444147
     22  -1429.87223419
     23  -1429.75147364
     24  -1429.72575817
     25  -1429.65395085
     26  -1429.55657691
     27  -1429.54331334
     28  -1429.50414178
     29  -1429.40744238
     30  -1429.40291779
     31  -1429.26415240
     32  -1429.22819697
     33  -1429.17102200
     34  -1429.12382771
     35  -1429.00697308
     36  -1428.94378235
     37  -1428.76403294
     38  -1428.65736648
     39  -1428.34207656
     40  -1428.06219926
     41  -1427.83018422
     42  -1427.73592584
     43  -1427.70001715
     44  -1427.56267213
     45  -1427.52317301
     46  -1427.40270043
     47  -1427.39996688
     48  -1427.39522841
     49  -1427.35804956
     50  -1427.27655680
     51  -1427.11456376
     52  -1427.05219826
     53  -1427.04682458
     54  -1426.99593220
     55  -1426.81777472
     56  -1426.35903697
     57  -1426.22980432
     58  -1426.14579769
     59  -1425.81320032
     60  -1425.75610078
     61  -1425.70950287
     62  -1425.49471418
     63  -1425.45282784
     64  -1425.38609454
     65  -1425.35226446
     66  -1425.35129653
     67  -1425.11356028
     68  -1425.02211001
     69  -1424.91599199
     70  -1424.75418870
     71  -1424.72779068
     72  -1424.66709489
     73  -1424.65136349
     74  -1424.63772546
     75  -1424.57415397
     76  -1424.56514155
     77  -1424.52273673
     78  -1424.47161297
     79  -1424.30789801
     80  -1424.19895612
     81  -1424.18368731
     82  -1424.10310273
     83  -1424.07522153
     84  -1423.99341330
     85  -1423.90619597
     86  -1423.83906540
     87  -1423.73344031
     88  -1423.31917599
     89  -1423.25558198
     90  -1423.21276679
     91  -1423.07519174
     92  -1423.06417341
     93  -1423.04400789
     94  -1422.97471408
     95  -1422.69302397
     96  -1422.54100295
     97  -1422.49395640
     98  -1422.38025085
     99  -1422.35546053

 * Final Global Minimal Energy:  -1442.11273234
 * The Global Minimum is saved as: [ h_20_waters-OPT.(cluster/xyz/gjf) ]

===== (^ _ ^) =====
Normal termination at Sat Sep 15 05:10:38 2018.
Total run time: 45951 seconds = 0 days 12 hours 45 minutes 51 seconds.
