    * * * * * * * * * * * * * * * * * * * * *
    *       __    ____    ______            *
    *      /  \  |  _ \  |  ___/  luster !  *
     *    / _  \ | |_| | | |               *
     *   / /_\ | |  _ <  | |     < @  @ >  * 
     *  / ___  | | |_| | | |___ _ _  o     * 
    *  /_/   |_| |____/  |_____ _ __ __  _  *
    *                                       *
    * * * * * * * * * * * * * * * * * * * * *

ABCluster 1.5.1
Specific flag:  official version
Platform:       LINUX/UNIX
Compiled by:    junzhang@gellmann.scs.illinois.edu
Compiling date: Dec 18 2017 20:33:35
C++ compiler:   g++
C++ options:    -O3 -Os -fno-exceptions --std=c++0x -fopenmp 

Contributors:
Jun Zhang(University of Cologne): Design and coding.

For any suggestions, comments, and questions on the theory and
implementation of ABCluster, please feel free to contact:

Dr. Jun Zhang, ZhangJunQcc@gmail.com

If you used this program in your work, please cite this reference:

[1] Zhang, J.; Dolg, M.; ABCluster: The Artificial Bee Colony Algorithm for
    Cluster Global Optimization. Phys. Chem. Chem. Phys. 2015, 17, 24173-24181.
[2] Zhang, J.; Dolg, M.; Global Optimization of Clusters of Rigid Molecules by the
    Artificial Bee Colony Algorithm. Phys. Chem. Chem. Phys. 2016, 18, 3003-3010.

Program starts at Fri Apr 26 13:08:06 2019.
Command line: " /ihome/jkeith/yab16/ABC/ABCluster-Linux/lib/rigidmol-optimizer mixture.inp "
Process ID:   156228
Run by:       yab16@smp-n33.crc.pitt.edu
Available CPU cores:    24
Read "OMP_NUM_THREADS": Unset

Random number testing (integers): 237880346...1058185999
Random number testing (fractals): 0.10932049...0.24710593

 -- Input/Output Parameters --
Input file name:      mixture.inp
Cluster file name:    input.cluster
Result file name:     mixture.(cluster/xyz/gjf)
Temporary file name:  abclusteryab16smp-n33.crc.pitt.edu156228-OPT
# of saved LMs:       100
LMs are stored in:    mixture-LM

 -- ABC Control Parameters --
Population size:                  500
Maximal generation:              1000
Scout limit:                       15
Amplitude:                10.00000000

 -- Cluster Components: from [ input.cluster ] --
 -----------------------------------------------------------
   Source                                       #   Charge
 -----------------------------------------------------------
   charmm36/tip4p.xyz     5    0.000
   charmm36/ch3oh.xyz     5   -0.000
 -----------------------------------------------------------
   Dimension: 0, an isolate cluster.
 -----------------------------------------------------------

Artificial Bee Colony Optimization Starts!
----------------------------------------------------------------------------------
 * Population: 500; Maximal cycles: 1000
 * EM = Employed Bee; Trigonometric mutation
 * OL = Onlooker Bee; ABC/best/2(0.5)+ABC/current/2(0.5);
        Tournament selection from 5 nectars.
 * SC = Scout Bee; Random nectar; Limit = 15
----------------------------------------------------------------------------------
    #       Diversity            maxE            minE    byEM    byOL    bySC
----------------------------------------------------------------------------------
    1     12.33058956   -299.27656525   -371.46828431     274      46       0
    2     12.49583718   -312.75410060   -371.46828431     190      66       0
    3     12.28125140   -317.14620061   -374.12091293     107      47       0
    4     12.07739275   -324.23475556   -374.68480637     120      35       0
    5     11.94296044   -326.62489582   -374.68480637     113      34       0
    6     11.73975928   -326.62489582   -375.78444386      76      37       0
    7     11.56592910   -331.85987394   -376.21815669      74      43       0
    8     11.40231294   -334.64629475   -376.21815671      85      50       0
    9     11.23587134   -334.64629475   -383.03454409      78      27       0
   10     11.66118206   -334.64629475   -383.03454409      58      42       0
   11     12.14073693   -334.64629475   -383.03454406      55      34       0
   12     12.14001416   -336.32815807   -383.03454409      79      30       0
   13     12.12101101   -336.32815807   -383.03454409      83      29       0
   14     11.71070887   -346.67885333   -383.03454407     109       6       0
   15     10.57616220   -346.67885333   -383.03454409     119       5       0
   16      8.03381678   -349.37944412   -383.03454409     147       1       0
   17      4.68323057   -353.15736005   -383.03454409     121       0       0
   18      1.66174872   -352.19937810   -383.03454408      55       0       1
   19     12.90509205   -235.53268871   -383.03454406       8       0      17
   20     19.59033958   -221.82380707   -383.03454408      16       0      54
   21     38.45182980    -50.62073171   -383.03454409      51       0     141
   22 6817513.01005000 152596539.59364477   -383.03454409     121       0     123
   23     33.52094936    -76.22590686   -383.03454408     148       0      85
   24     22.57907410   -287.64102413   -383.03454409     153       1      50
   25 24170531.79819163 541010438.12247241   -383.03454407     145       1      18
   26     16.04114007   -312.89449322   -383.03454409     139       0       8
   27     11.66265686   -288.73723230   -383.03454409     138       0       3
   28      4.17353115   -345.20052289   -383.03454409      85       0       0
   29      0.00000001   -383.03454409   -383.03454408      26       0       0
   30      0.00000001   -383.03454409   -383.03454408       0       0       0
   31      0.00000001   -383.03454409   -383.03454408       0       0       0
   32      0.00000001   -383.03454409   -383.03454408       0       0       0
   33      0.00000001   -383.03454409   -383.03454408       0       0       0
   34      0.00000001   -383.03454409   -383.03454408       0       0       0
   35      1.43846619   -350.83724876   -383.03454408       0       0       1
   36 294439.35880370 6590077.21266623   -383.03454408       1       0      16
   37     16.36027812   -278.55588394   -383.03454408      14       0      38
   38     25.30197511   -172.65799671   -383.03454408      33       0      71
   39 133447.47505065 2986593.32584756   -383.03454408      73       0      68
   40     25.29669737   -216.98577616   -383.03454409      76       0      90
   41 27569850.13494824 617097633.03517854   -383.03454409      92       0      92
   42 937784.33329354 20990133.90766442   -383.03454408     119       0      79
   43 13723258.72106932 307168349.82735485   -383.03454408     135       0      31
   44 18426462.35310069 412440499.06370044   -383.03454407     130       0      13
   45     10.52069765   -335.38821582   -383.03454409     119       0       1
   46      4.44447595   -342.28763524   -383.03454409      73       0       0
   47      0.00000001   -383.03454409   -383.03454409      19       0       0
   48      0.00000001   -383.03454409   -383.03454409       0       0       0
   49      0.00000001   -383.03454409   -383.03454409       0       0       0
   50      0.00000001   -383.03454409   -383.03454409       0       0       0
   51      0.00000001   -383.03454409   -383.03454409       0       0       0
   52      2.29531912   -331.65824619   -383.03454409       0       0       1
   53 16848390.59581371 377118392.88869399   -383.03454408       1       0      14
   54     17.13581326   -170.52015891   -383.03454409      14       0      35
   55     21.15853259   -140.52303285   -383.03454405      34       0      55
   56 849949.00821911 19024095.85607562   -383.03454409      53       0      50
   57     26.16598934    -94.95313553   -383.03454409      57       0      55
   58     26.80730689   -157.70064284   -383.03454409      67       0      71
   59 51338400.65389971 1149110855.79465580   -383.03454409      74       0      88
   60 42874716.38252309 841785616.22920907   -383.03454408     101       0      71
   61     21.91081837   -239.83785118   -383.03454409     106       0      45
   62 780024.71997817 17458974.24797156   -383.03454409      97       0      13
   63      7.38694262   -315.94042470   -383.03454408      71       0       2
   64      2.43409235   -347.22795374   -383.03454409      27       0       0
   65      0.46557559   -375.65838050   -383.03454409       4       0       0
   66      0.00000001   -383.03454409   -383.03454409       2       0       0
   67      0.00000001   -383.03454409   -383.03454409       0       0       0
   68      0.00000001   -383.03454409   -383.03454409       0       0       0
   69      1.25168695   -355.01794242   -383.03454409       0       0       1
   70      9.49629801   -294.81295850   -383.03454409       1       0      14
   71     13.61971157   -308.74416052   -383.03454409      14       0      31
   72     21.19941897   -126.57318119   -383.03454409      29       0      46
   73     21.51007739   -122.63853328   -383.03454409      41       0      50
   74     25.54284233   -110.73028769   -383.03454408      57       0      52
   75 44654684.62468151 999508740.28083766   -383.03454409      66       0      63
   76 7995330.16845117 178959697.42429611   -383.03454409      77       0      63
   77     25.71687883   -144.48672083   -383.03454409      93       0      71
   78 2275992.97869682 50943350.43297928   -383.03454409      88       0      63
   79     20.22297579   -297.50545583   -383.03454409     104       0      35
   80     12.89754744   -310.93459965   -383.03454407      96       0      11
   81      3.70740551   -332.77512433   -383.03454409      61       0       0
   82      0.65247084   -368.43024093   -383.03454408       7       0       0
   83      0.00000001   -383.03454408   -383.03454408       1       0       0
   84      0.00000001   -383.03454408   -383.03454408       0       0       0
   85      0.00000001   -383.03454408   -383.03454408       0       0       0
   86      2.94159987   -317.19249638   -383.03454408       0       0       1
   87     17.20021044   -114.01339687   -383.03454409       1       0      12
   88     17.89293327   -185.04994620   -383.03454409      12       0      30
   89     15.33009557   -286.42229746   -383.03454409      30       0      36
   90     18.10136446   -235.22789288   -383.03454409      41       0      45
   91     23.17074153    -90.10736529   -383.03454409      48       0      49
   92     27.34037179   -130.66650475   -383.03454409      54       0      49
   93 45300743.80481111 1013969529.03158462   -383.03454409      57       0      62
   94     25.73465402   -126.35008265   -383.03454407      70       0      62
   95 14786238.91518019 330961109.46835935   -383.03454408      77       0      66
   96     24.07656361   -172.02309598   -383.03454409      91       0      58
   97     30.69636904    170.53558591   -383.03454409      91       0      29
   98     14.88771579   -117.18322060   -383.03454407      75       0       1
   99      1.55484403   -348.23235503   -383.03454406      33       0       0
  100      0.00000001   -383.03454409   -383.03454406       1       0       0
  101      0.00000001   -383.03454409   -383.03454406       0       0       0
  102      0.00000001   -383.03454409   -383.03454406       0       0       0
  103      3.73951222   -299.33276514   -383.03454406       0       0       1
  104      9.54668381   -291.45723733   -383.03454409       1       0      11
  105     11.61276942   -311.17019012   -383.03454409      11       0      24
  106     17.38908442   -195.76703765   -383.03454409      25       0      38
  107     21.60900781   -170.22357423   -383.03454408      30       0      44
  108 65958695.73692945 1476357994.00701880   -383.03454408      53       0      44
  109     18.32233927   -239.05967268   -383.03454409      54       0      43
  110 8179409.53594064 183079954.48953047   -383.03454409      51       0      62
  111     20.86269342   -146.42193118   -383.03454409      60       0      42
  112     27.34190603   -112.94774583   -383.03454405      58       0      61
  113 2734607.59288285 61208566.00525475   -383.03454409      70       0      74
  114     21.11711957   -200.00488831   -383.03454409      83       0      43
  115     14.59187874   -250.01281379   -383.03454409      76       0      13
  116      5.18561425   -322.27222482   -383.03454409      51       0       0
  117      0.96844132   -361.35785024   -383.03454409      11       0       0
  118      0.00000001   -383.03454409   -383.03454409       1       0       0
  119      0.00000001   -383.03454409   -383.03454409       0       0       0
  120      3.52195290   -304.20241146   -383.03454409       0       0       1
  121      7.70412501   -312.55490056   -383.03454409       1       0      10
  122     12.86525050   -303.54508298   -383.03454409      10       0      25
  123 12126793.09098918 271434529.13903522   -383.03454409      24       0      34
  124     20.14306423   -113.01838351   -383.03454409      32       0      37
  125 1080235.91320117 24178624.07235613   -383.03454409      39       0      46
  126  88648.10082444 1983840.04927018   -383.03454409      51       0      44
  127     26.63462236   -130.74505202   -383.03454409      51       0      59
  128 10590440.30807769 237046232.97123691   -383.03454409      71       0      44
  129     17.52869074   -294.47302368   -383.03454409      61       0      47
  130 1333759.17909918 29853256.42311008   -383.03454408      54       0      65
  131     21.27466047   -278.78640464   -383.03454409      69       0      54
  132     16.61544232   -287.27854040   -383.03454409      72       0      28
  133      8.76583141   -321.09919523   -383.03454408      55       0       6
  134      1.68444475   -357.26340576   -383.03454409      27       0       0
  135      0.00000001   -383.03454409   -383.03454409       4       0       0
  136      0.00000001   -383.03454409   -383.03454409       0       0       0
  137      3.13399673   -312.88606331   -383.03454409       0       0       1
  138      7.81754943   -308.48700322   -383.03454408       1       0      10
  139     13.63553856   -265.58586228   -383.03454409      10       0      24
  140     15.06748848   -291.53784045   -383.03454409      24       0      31
  141     16.92905858   -221.07526790   -383.03454409      35       0      37
  142 4025591.67008020 90104739.18399502   -383.03454409      35       0      40
  143     18.39968967   -210.04136733   -383.03454408      38       0      42
  144     19.51320078   -296.11237657   -383.03454409      46       0      58
  145 43709814.14311519 978359630.39088392   -383.03454408      64       0      42
  146  77855.66552825 1742272.92607918   -383.03454409      59       0      49
  147     20.54430650   -282.30897076   -383.03454409      59       0      59
  148     20.35770514   -282.30897076   -383.03454408      69       0      53
  149     20.85985007   -223.38620367   -383.03454409      71       0      39
  150     12.11043292   -300.62060240   -383.03454408      61       0      14
  151      4.19904713   -316.11085232   -383.03454409      32       0       1
  152      0.00000000   -383.03454409   -383.03454409       4       0       0
  153      0.00000000   -383.03454409   -383.03454409       0       0       0
  154      3.27957062   -309.62767193   -383.03454409       0       0       1
  155      6.46641280   -316.08342935   -383.03454409       1       0      10
  156     12.55968042   -251.95029168   -383.03454408       9       0      20
  157     15.94435517   -274.42627028   -383.03454409      21       0      35
  158     17.55266577   -252.78429292   -383.03454409      36       0      37
  159     15.79225744   -289.84470662   -383.03454409      45       0      34
  160     20.72457547   -127.63707559   -383.03454409      41       0      40
  161 49507713.08707511 1108134431.11863375   -383.03454409      47       0      50
  162     20.15126841   -211.74079866   -383.03454409      48       0      45
  163 182797770.69916651 4091575662.20871258   -383.03454409      54       0      44
  164 2141438.09229345 47931593.57250241   -383.03454409      62       0      61
  165 5536346.29133317 123920074.40595774   -383.03454409      70       0      54
  166     20.78455657   -203.05008092   -383.03454409      67       0      43
  167     20.14218508   -132.89289647   -383.03454409      64       0      24
  168      6.66235978   -309.85821396   -383.03454409      45       0       2
  169      0.00000001   -383.03454409   -383.03454408      10       0       0
  170      0.00000001   -383.03454409   -383.03454408       0       0       0
  171      2.45203740   -328.15040935   -383.03454408       0       0       1
  172      7.82252603   -309.11349569   -383.03454408       1       0      10
  173     14.40360324   -162.97456662   -383.03454409      10       0      16
  174 13231635.70118069 296164302.43621606   -383.03454408      15       0      32
  175     17.87065449   -219.74384487   -383.03454409      31       0      37
  176     15.74314173   -273.09509981   -383.03454408      40       0      36
  177     17.04788321   -261.94391812   -383.03454409      34       0      38
  178     20.01726791   -226.24245307   -383.03454408      45       0      46
  179   2855.11891402  63527.88109452   -383.03454409      52       0      41
  180     22.07290189   -130.92154763   -383.03454409      50       0      45
  181     24.73987647   -100.42950801   -383.03454409      49       0      54
  182     22.74633767   -143.74377014   -383.03454409      63       0      59
  183 198766.05862124 4448625.95509120   -383.03454409      64       0      49
  184     22.50572317   -154.11958509   -383.03454409      72       0      31
  185     11.86544083   -293.31525952   -383.03454409      59       0       5
  186      3.01661688   -328.68890612   -383.03454409      35       0       0
  187      0.00000000   -383.03454409   -383.03454409       4       0       0
  188      1.85305542   -341.55746745   -383.03454409       0       0       1
  189      8.75869924   -303.81255821   -383.03454409       1       0      10
  190 344257435.25474501 7705552566.86051369   -383.03454409      10       0      16
  191     21.02573487    -96.41583125   -383.03454409      16       0      29
  192     18.04531921   -227.87556327   -383.03454409      28       0      38
  193     21.20167994    -67.32078622   -383.03454409      43       0      31
  194     17.02375881   -244.02024301   -383.03454409      41       0      35
  195 576295.20075853 12898881.60828647   -383.03454409      43       0      47
  196     22.49670014   -116.01633077   -383.03454409      52       0      45
  197     20.70334732   -138.86714034   -383.03454409      52       0      41
  198     18.42609266   -250.69752954   -383.03454409      57       0      46
  199     19.82134729   -223.29689647   -383.03454409      53       0      52
  200     20.49115008   -218.57225020   -383.03454409      64       0      55
  201     19.87652135   -170.77439095   -383.03454409      60       0      31
  202     12.28400848   -303.40305494   -383.03454408      50       0      21
  203     15.15141307    -66.00447330   -383.03454408      28       0       2
  204      2.70067751   -322.58507943   -383.03454409       8       0       0
  205      1.17168758   -356.80857428   -383.03454409       1       0       1
  206      8.24381952   -296.38836391   -383.03454409       1       0      10
  207     15.45293206   -101.09524826   -383.03454408      10       0      14
  208     13.49636076   -284.72234553   -383.03454409      14       0      26
  209     18.05756947   -200.49370629   -383.03454409      24       0      34
  210     21.72232746   -105.36785859   -383.03454409      36       0      31
  211 22959355.98704215 513900586.83031088   -383.03454409      34       0      35
  212     19.69404757   -150.17748023   -383.03454409      38       0      47
  213     18.75272389   -247.65503708   -383.03454409      49       0      43
  214     27.44783744    -60.35433471   -383.03454409      43       0      38
  215     21.98759187   -171.44018974   -383.03454409      57       0      51
  216     20.93097723   -258.11006796   -383.03454409      65       0      53
  217 22459685.10213634 502716539.82728499   -383.03454409      74       0      50
  218     17.63697484   -299.37564832   -383.03454409      70       0      37
  219     16.32047840   -301.44679492   -383.03454409      59       0      27
  220      7.52403941   -304.12189818   -383.03454409      51       0       2
  221      1.85400212   -351.76160589   -383.03454409      12       0       1
  222      2.32493828   -330.99527837   -383.03454408       3       0       1
  223      7.92548009   -302.24005856   -383.03454409       1       0      10
  224     10.61050314   -250.04280871   -383.03454409      10       0      13
  225     12.55177575   -301.32547394   -383.03454409      14       0      24
  226     15.41013495   -295.93370201   -383.03454409      23       0      36
  227     15.44953829   -210.44728182   -383.03454409      39       0      29
  228     19.73685290   -155.15881055   -383.03454409      36       0      34
  229 1075985.89492158 24083494.99923275   -383.03454409      36       0      43
  230 29570533.85806117 661879070.64934778   -383.03454409      51       0      34
  231 40812954.65093034 913519008.01592183   -383.03454409      38       0      35
  232     20.90805531   -180.59640089   -383.03454409      40       0      54
  233 314301177.23403203 7035026148.61839390   -383.03454409      58       0      40
  234  71754.36567009 1605708.86092134   -383.03454408      55       0      62
  235 66732394.83577849 1493675760.63084602   -383.03454409      75       0      43
  236 13602817.59724079 304472496.95127201   -383.03454408      66       0      33
  237     12.15140911   -305.18702816   -383.03454409      57       0       8
  238      4.01904091   -328.16664562   -383.03454409      32       0       1
  239      2.41116865   -329.06517769   -383.03454409       5       0       1
  240     15.78569417    -79.06392639   -383.03454409       1       0       9
  241      8.49281720   -309.84444095   -383.03454409       9       0      13
  242     11.40244562   -301.40303085   -383.03454409      13       0      22
  243 35962952.34955803 804961046.85923398   -383.03454408      18       0      31
  244  40437.55970228 904738.06780262   -383.03454409      37       0      31
  245     16.16637180   -266.73269885   -383.03454409      35       0      36
  246     20.98451656   -105.58702639   -383.03454408      40       0      43
  247     20.70615285    -56.23008358   -383.03454409      49       0      33
  248     15.99033170   -286.48098524   -383.03454409      43       0      32
  249 38905956.97333670 870834538.85478127   -383.03454408      44       0      43
  250     23.36189996    -96.19888643   -383.03454408      47       0      47
  251     20.48228029   -147.69705841   -383.03454408      49       0      45
  252 8284631.63169393 185435148.62130639   -383.03454409      59       0      51
  253     17.50113829   -248.34906721   -383.03454409      70       0      40
  254     12.91829179   -305.85008859   -383.03454409      55       0      21
  255      7.99381620   -273.14794010   -383.03454409      37       0       2
  256      2.52544604   -334.39010257   -383.03454407      10       0       1
  257      7.48640523   -310.30933214   -383.03454407       2       0       8
  258     12.40447803   -199.56715851   -383.03454408       8       0      14
  259     17.38565402   -143.09765886   -383.03454408      14       0      19
  260     19.48287728   -106.57326959   -383.03454409      21       0      28
  261     18.71504640   -185.42159638   -383.03454409      28       0      34
  262     18.78463369   -182.90318933   -383.03454408      38       0      30
  263     20.55445611   -153.05843821   -383.03454408      35       0      42
  264 186516.28108634 4174430.08119209   -383.03454409      51       0      35
  265     15.83363943   -291.54948489   -383.03454409      46       0      36
  266 103111.25786832 2307569.58677674   -383.03454409      35       0      39
  267     17.82210461   -303.68044896   -383.03454409      47       0      42
  268   1780.55661749  39475.15053000   -383.03454409      51       0      40
  269 5062774.48637209 113320080.83344442   -383.03454408      47       0      52
  270     20.05995586   -245.70172991   -383.03454409      55       0      46
  271     17.21332670   -172.49436394   -383.03454408      66       0      26
  272      9.43636970   -288.55124365   -383.03454409      55       0       8
  273      4.60166755   -309.12002340   -383.03454409      18       0       1
  274     14.43546369   -116.68517398   -383.03454409       6       0       8
  275     14.46337238   -112.00014252   -383.03454409       8       0      10
  276     11.35364915   -293.42512702   -383.03454409      11       0      22
  277     13.48769735   -291.59104354   -383.03454409      23       0      25
  278     13.52116666   -302.41200423   -383.03454408      27       0      32
  279     23.02951359    -49.70133510   -383.03454409      32       0      26
  280     16.95305392   -271.29066148   -383.03454409      29       0      40
  281 1375622.94787059 30790292.62559249   -383.03454408      44       0      44
  282     18.43570270   -222.90710163   -383.03454409      42       0      33
  283 2039798.52796179 45656584.50381088   -383.03454409      38       0      37
  284     19.27063407   -151.54373062   -383.03454409      45       0      38
  285 1302934.67409238 29163306.49752550   -383.03454407      42       0      45
  286     19.04673156   -191.26334207   -383.03454409      52       0      37
  287     19.59836119   -264.30960912   -383.03454409      52       0      52
  288     16.15320564   -285.59030650   -383.03454409      65       0      35
  289     11.95333788   -303.40062200   -383.03454409      39       0      12
  290      6.11809545   -313.23639438   -383.03454409      27       0       4
  291      8.54653858   -273.88863942   -383.03454409       5       0       7
  292     10.15875035   -236.97572435   -383.03454409       7       0      10
  293     10.93897915   -274.19111030   -383.03454409      10       0      20
  294     13.24088070   -295.43689444   -383.03454409      19       0      25
  295 56364147.30215144 1261602504.09197044   -383.03454409      27       0      32
  296     13.42279803   -284.22594630   -383.03454409      32       0      25
  297     17.20532932   -270.70417722   -383.03454409      28       0      42
  298     18.00404775   -259.70328211   -383.03454409      42       0      41
  299     15.11212160   -302.64427725   -383.03454409      49       0      34
  300     15.68671970   -269.29049796   -383.03454409      42       0      31
  301     25.72635346    -59.22059785   -383.03454409      36       0      40
  302     22.25374864   -126.88019108   -383.03454409      53       0      43
  303     18.34750945   -253.68264010   -383.03454409      54       0      35
  304     25.40526420   -102.83501084   -383.03454409      44       0      57
  305     20.62210854   -189.58098660   -383.03454409      68       0      35
  306     13.28117999   -284.35572875   -383.03454409      57       0      18
  307      7.05047356   -283.68555954   -383.03454409      34       0       5
  308      6.83026812   -315.59111341   -383.03454409       9       0       7
  309     16.03094655    -76.57307737   -383.03454409       8       0      10
  310     10.96218796   -304.02812182   -383.03454409      10       0      19
  311     12.68083948   -290.83586229   -383.03454409      19       0      25
  312     15.05952592   -249.19558354   -383.03454409      26       0      29
  313     19.96717777    -99.06153813   -383.03454409      28       0      27
  314 2632112.42417233 58914388.91290700   -383.03454409      34       0      36
  315     16.33353014   -303.63242950   -383.03454409      41       0      42
  316     22.51231466    -64.04791599   -383.03454409      43       0      33
  317     12.64600552   -298.51525820   -383.03454409      41       0      25
  318     16.45585626   -294.75665086   -383.03454409      28       0      42
  319     19.23139058   -211.51412772   -383.03454409      45       0      44
  320 24618708.91834564 551042007.40476811   -383.03454409      43       0      36
  321 704894.18612310 15267963.80726228   -383.03454409      45       0      46
  322     18.97813433   -286.34059263   -383.03454409      56       0      46
  323     19.58769264   -137.70478836   -383.03454408      53       0      26
  324      9.81806267   -307.80527361   -383.03454409      47       0       6
  325      6.59513238   -318.15702835   -383.03454408      24       0       8
  326      7.41366195   -302.14253657   -383.03454409       9       0       9
  327     15.38246820   -127.65493402   -383.03454409      11       0      18
  328     13.77706218   -273.96298844   -383.03454409      17       0      24
  329     23.03837947    -63.02303912   -383.03454409      25       0      29
  330     16.96110856   -144.64277607   -383.03454409      31       0      25
  331     20.29036297   -104.39943187   -383.03454409      33       0      38
  332     22.63077006   -101.97079314   -383.03454409      42       0      40
  333     17.78040954   -225.32022766   -383.03454409      44       0      35
  334     12.92307818   -302.23908781   -383.03454408      43       0      25
  335     19.67723119   -124.33016985   -383.03454409      31       0      38
  336     16.20858481   -303.12395516   -383.03454409      41       0      43
  337     15.77142815   -285.44130023   -383.03454409      46       0      35
  338     16.66478100   -293.12126280   -383.03454409      43       0      39
  339     21.26399411   -150.46902401   -383.03454409      44       0      47
  340     19.84937684   -119.06032491   -383.03454409      51       0      33
  341     11.68426402   -270.61687948   -383.03454408      46       0      12
  342      9.02873200   -303.36356114   -383.03454408      21       0       9
  343      6.57402012   -303.19176813   -383.03454408      11       0       9
  344     14.08081001   -237.54646592   -383.03454409      10       0      18
  345     13.75192263   -251.23441202   -383.03454409      18       0      22
  346     15.41966638   -234.24824690   -383.03454408      21       0      24
  347     14.09353547   -277.01906101   -383.03454408      25       0      30
  348     16.69244536   -260.27518982   -383.03454408      35       0      34
  349     20.29053815   -136.00219232   -383.03454408      34       0      40
  350     16.87147974   -286.69842443   -383.03454409      44       0      38
  351     19.45471464    -83.43062153   -383.03454409      43       0      25
  352     16.89790680   -274.85415400   -383.03454409      31       0      37
  353 5783383.84489759 129449531.33443716   -383.03454408      41       0      40
  354 8939792.61659962 200099663.25624865   -383.03454408      46       0      38
  355     18.05462307   -258.93936538   -383.03454409      50       0      39
  356     17.28478375   -294.12661865   -383.03454409      38       0      38
  357 18054042.09581562 403124611.61957932   -383.03454409      49       0      43
  358     11.99311208   -312.60220078   -383.03454408      48       0      15
  359     11.49866452   -184.92753644   -383.03454409      29       0      10
  360     10.72729900   -209.08643888   -383.03454409      13       0       9
  361      9.80514904   -301.80825102   -383.03454408       9       0      17
  362     17.28219805    -83.12026454   -383.03454408      18       0      19
  363     24.15164063    -46.80087483   -383.03454409      19       0      28
  364     16.57574448   -248.57355232   -383.03454409      28       0      25
  365     18.56062772   -163.51684829   -383.03454408      27       0      35
  366     16.02800370   -287.29291779   -383.03454409      41       0      39
  367     17.49279149   -197.97469128   -383.03454409      43       0      37
  368     18.89775720   -110.37435482   -383.03454408      44       0      28
  369     15.37948597   -274.16517964   -383.03454409      34       0      31
  370     22.80462421    -54.48221114   -383.03454409      35       0      40
  371     18.71663120   -226.18198251   -383.03454409      42       0      42
  372     21.71227020    -71.60267766   -383.03454409      48       0      38
  373 81912751.42406109 1833461286.10362077   -383.03454409      46       0      35
  374     23.89055542    -92.24364520   -383.03454409      48       0      46
  375     13.45803124   -290.03377221   -383.03454409      52       0      19
  376      9.63488650   -309.35239192   -383.03454409      26       0      12
  377      8.40184497   -299.73297193   -383.03454409      15       0       8
  378     10.51199738   -299.20334262   -383.03454409      11       0      18
  379     13.83544953   -169.09671966   -383.03454409      17       0      16
  380     13.95613911   -289.66095535   -383.03454409      18       0      28
  381     14.01065081   -288.70388751   -383.03454409      29       0      23
  382     15.52922260   -290.65615711   -383.03454409      31       0      32
  383     15.86551724   -306.99455658   -383.03454409      35       0      43
  384     21.56958205    -59.14090517   -383.03454409      43       0      36
  385 5466762.23870126 122362564.87449107   -383.03454409      47       0      28
  386     24.56550892     53.45691219   -383.03454409      35       0      35
  387     16.08833558   -242.54535576   -383.03454409      37       0      34
  388     18.27801181   -218.51810698   -383.03454409      38       0      38
  389     16.68466393   -303.64116241   -383.03454409      50       0      41
  390     24.18472710    -95.24836177   -383.03454409      45       0      35
  391     20.44765968   -254.58976131   -383.03454409      47       0      49
  392     14.93310457   -305.86039074   -383.03454409      51       0      22
  393 109825203.73037699 2458225287.26556921   -383.03454409      42       0      12
  394      9.23615531   -303.99048536   -383.03454409      21       0      10
  395     10.79608007   -289.83033514   -383.03454409      13       0      16
  396     18.89154816    -19.84442399   -383.03454409      18       0      15
  397     14.12557504   -270.42608832   -383.03454409      15       0      25
  398     13.25731429   -293.73635245   -383.03454409      25       0      26
  399     15.67669828   -205.88171305   -383.03454409      25       0      32
  400     17.62544121   -243.52135542   -383.03454409      31       0      36
  401 5947592.52155495 133125026.44782773   -383.03454409      42       0      41
  402     20.71024537   -133.31326021   -383.03454407      44       0      28
  403     16.00650939   -293.65175585   -383.03454409      43       0      35
  404     16.88669988   -214.83630843   -383.03454409      48       0      30
  405     17.52423412   -291.13282333   -383.03454407      39       0      37
  406     24.50402545   -113.79461686   -383.03454409      41       0      42
  407 10973842.18989424 245627944.49770740   -383.03454407      53       0      34
  408     23.28534476   -104.43977101   -383.03454409      45       0      47
  409     18.69219185   -198.89859059   -383.03454409      53       0      28
  410     11.06578394   -308.09872216   -383.03454409      46       0      17
  411     16.78804377   -130.89254214   -383.03454409      25       0       9
  412     14.27647125   -153.10259586   -383.03454409      13       0      18
  413     10.43188414   -302.91063492   -383.03454409      16       0      15
  414     13.20712336   -257.91662613   -383.03454409      17       0      23
  415     14.04568680   -298.07475073   -383.03454409      25       0      27
  416     19.25799050    -82.18093123   -383.03454407      33       0      27
  417     20.81697717   -136.76108502   -383.03454407      32       0      35
  418 154432.69334444 3452093.18341490   -383.03454409      36       0      31
  419     22.83228762    -57.26097308   -383.03454409      33       0      36
  420     18.44441574   -223.58634981   -383.03454409      40       0      36
  421     17.83769798   -218.99456258   -383.03454409      45       0      36
  422     18.48714938   -134.23520081   -383.03454407      40       0      28
  423     16.85963771   -260.70669351   -383.03454408      36       0      41
  424     16.41984139   -290.87374828   -383.03454407      45       0      40
  425     21.05151800    -84.06731322   -383.03454407      40       0      38
  426     15.90688627   -287.45075225   -383.03454409      46       0      35
  427     15.63300523   -207.59804448   -383.03454407      46       0      23
  428      9.82240212   -317.74856774   -383.03454409      28       0      11
  429 2230333.48580935 49921338.64407250   -383.03454409      20       0      18
  430     12.17882891   -189.44150951   -383.03454409      19       0      12
  431     11.65112523   -300.92001309   -383.03454409      14       0      20
  432     22.43613617   -100.55746487   -383.03454409      19       0      28
  433     16.35434380   -212.20951831   -383.03454409      29       0      30
  434 17548226.18365764 392782866.95172608   -383.03454409      33       0      32
  435     14.84780146   -256.81851507   -383.03454409      35       0      33
  436 380664339.99133456 8520292197.64315796   -383.03454409      33       0      33
  437     17.28329592   -239.48813548   -383.03454409      38       0      36
  438     18.15301089   -177.14838965   -383.03454409      43       0      32
  439 202341440.15395060 4529023061.01630020   -383.03454409      39       0      36
  440     15.75114898   -268.73230422   -383.03454408      41       0      35
  441     17.56377348   -288.21139988   -383.03454409      41       0      43
  442 3048689.58439873 68238667.41357380   -383.03454409      49       0      37
  443     19.43168005   -185.88926219   -383.03454408      47       0      33
  444     17.53459362   -197.15752375   -383.03454409      36       0      27
  445     12.96515626   -281.62309172   -383.03454409      34       0      14
  446     10.71674292   -301.44989559   -383.03454409      21       0      18
  447      9.30259548   -289.14540321   -383.03454409      19       0      13
  448     12.33870033   -292.30010724   -383.03454409      13       0      19
  449   2730.10246251  60727.39410610   -383.03454409      20       0      25
  450 6312647.22791900 141296071.62823918   -383.03454408      26       0      33
  451     13.83302271   -290.87973310   -383.03454408      35       0      29
  452     17.15584641   -233.37270501   -383.03454409      34       0      32
  453     14.70666534   -300.67639557   -383.03454409      37       0      32
  454     17.35096169   -206.45321211   -383.03454409      37       0      32
  455     16.75507440   -266.88679954   -383.03454409      38       0      39
  456     22.07342131   -114.88762537   -383.03454409      46       0      33
  457 5532196.19712772 112055766.34032342   -383.03454409      41       0      35
  458     18.44077363   -222.80443676   -383.03454409      48       0      38
  459     25.55200882    -80.57552811   -383.03454409      44       0      45
  460 5008375.13695106 112102671.83872548   -383.03454409      49       0      30
  461 29158618.81421826 652659146.04564250   -383.03454409      48       0      29
  462     13.31490324   -293.38393517   -383.03454409      41       0      18
  463     13.31286814   -190.84717150   -383.03454409      32       0      18
  464      7.83483773   -321.84639550   -383.03454409      24       0      12
  465     22.16984858    -42.66187198   -383.03454409      13       0      18
  466     13.00119780   -275.94028290   -383.03454409      17       0      24
  467     19.55876625   -114.03511326   -383.03454409      25       0      30
  468     20.25810038    -96.40830130   -383.03454409      29       0      29
  469     18.18781807   -168.45125913   -383.03454408      36       0      33
  470 11428698.91456957 231348394.03261465   -383.03454409      38       0      29
  471     16.05697679   -284.13423348   -383.03454409      32       0      36
  472     14.39887924   -292.26850396   -383.03454409      40       0      32
  473     23.79299707    -47.12367729   -383.03454409      39       0      34
  474     20.56159124    -94.38746480   -383.03454409      38       0      33
  475     16.59861337   -286.15199546   -383.03454409      34       0      44
  476     18.39006613   -201.53856360   -383.03454409      46       0      38
  477     16.43339786   -238.65222942   -383.03454409      42       0      32
  478     17.70284494   -189.53439904   -383.03454409      40       0      29
  479 7276960.19044001 162880359.67982763   -383.03454409      37       0      25
  480     12.75677630   -303.91769232   -383.03454409      32       0      21
  481     15.32316199   -121.54403613   -383.03454409      30       0      13
  482     10.74074230   -306.14925280   -383.03454409      18       0      18
  483     19.01125076    -92.68496174   -383.03454409      18       0      23
  484     14.80437419   -283.65454297   -383.03454409      24       0      26
  485     19.81814736    -86.90904780   -383.03454409      30       0      28
  486     16.96396073   -249.52517266   -383.03454409      28       0      35
  487     21.90884567    -56.77133321   -383.03454409      34       0      30
  488     20.93066803    -59.78478254   -383.03454409      35       0      31
  489     16.02168415   -288.25279014   -383.03454409      36       0      35
  490     22.32693778   -107.28539778   -383.03454408      38       0      38
  491     15.46087107   -241.06386135   -383.03454408      43       0      32
  492 48670899.92513485 1089403979.65157366   -383.03454409      33       0      38
  493     19.96535684   -123.35717087   -383.03454409      45       0      38
  494     24.02878190    -92.38935719   -383.03454408      39       0      35
  495     14.24008534   -304.59934563   -383.03454409      41       0      27
  496     13.14493275   -281.40565013   -383.03454409      34       0      25
  497     13.06331515   -291.33047475   -383.03454409      35       0      25
  498     14.59179959   -232.12977100   -383.03454409      24       0      15
  499     16.32115035   -119.22261413   -383.03454409      20       0      18
  500     12.90526799   -273.78342614   -383.03454409      23       0      21
  501     12.85821517   -301.38056992   -383.03454408      24       0      28
  502     13.18426575   -292.23029997   -383.03454408      27       0      27
  503     15.87841466   -273.46327361   -383.03454409      31       0      32
  504     16.85836927   -158.79276128   -383.03454408      34       0      32
  505 78319830.27746689 1753038182.30064082   -383.03454409      35       0      29
  506     15.16122316   -300.23313199   -383.03454409      31       0      36
  507     17.04373039   -301.11601438   -383.03454409      39       0      38
  508     14.40005997   -304.42147783   -383.03454409      43       0      31
  509     16.08723011   -291.29227679   -383.03454409      39       0      41
  510     16.72831846   -299.20720989   -383.03454409      37       0      35
  511     18.23016391   -188.20697431   -383.03454409      46       0      33
  512  64292.63825886 1438687.81673007   -383.03454409      45       0      27
  513 23384332.37822098 523412865.00769639   -383.03454409      32       0      32
  514     15.62447487   -154.54623445   -383.03454409      39       0      22
  515 2285240.49938959 51150326.13106859   -383.03454409      25       0      13
  516     12.83094521   -247.28022610   -383.03454409      18       0      20
  517     11.66137699   -291.76024005   -383.03454409      22       0      23
  518 329045665.96686214 7365053127.83600140   -383.03454409      21       0      25
  519     18.46642645   -154.65427566   -383.03454408      26       0      29
  520     22.98998077   -114.01111019   -383.03454409      33       0      31
  521     22.16452302    -55.05989457   -383.03454409      33       0      31
  522     19.31707682   -121.65989939   -383.03454409      32       0      31
  523     22.97170758   -140.30470450   -383.03454409      35       0      28
  524     25.11957559    -68.81529134   -383.03454408      32       0      45
  525 19873459.79120190 444828744.51481682   -383.03454409      43       0      32
  526     18.80782117   -247.02080214   -383.03454409      42       0      38
  527     16.33828733   -280.43431554   -383.03454409      48       0      29
  528 194849573.40282041 4361334505.99993801   -383.03454409      38       0      34
  529     17.11542973   -171.57199579   -383.03454409      42       0      35
  530     15.58327860   -269.92624013   -383.03454409      42       0      30
  531     17.19885873   -173.91506421   -383.03454409      35       0      24
  532     14.45887391   -196.31179840   -383.03454409      28       0      13
  533     12.10690120   -249.86091876   -383.03454409      19       0      22
  534     13.30292138   -291.85320548   -383.03454409      23       0      21
  535     14.29819650   -251.87331116   -383.03454409      22       0      25
  536     17.70888949   -170.57731156   -383.03454409      25       0      29
  537     19.51540009    -82.04825784   -383.03454409      30       0      31
  538  44551.49387169 996820.13330502   -383.03454409      34       0      27
  539     20.66982426    -65.49816513   -383.03454409      32       0      36
  540     14.03916705   -301.52919613   -383.03454409      38       0      25
  541     16.23729447   -297.44017982   -383.03454409      37       0      39
  542     21.00626689   -107.80197869   -383.03454409      46       0      35
  543     15.26605795   -278.28377932   -383.03454409      43       0      36
  544     15.18605360   -296.65039531   -383.03454409      41       0      31
  545     21.48626948    -98.80847761   -383.03454409      37       0      34
  546     20.01075086   -169.57370926   -383.03454409      39       0      38
  547     19.16664808   -166.44865544   -383.03454409      45       0      30
  548     19.33949868    -62.25831533   -383.03454409      36       0      23
  549     10.95042082   -301.35542337   -383.03454409      29       0      17
  550     17.21459237   -133.85442282   -383.03454409      20       0      22
  551     11.59864661   -301.32425318   -383.03454409      22       0      20
  552     12.58860776   -302.63192249   -383.03454409      23       0      24
  553     14.06519986   -301.87076355   -383.03454409      26       0      28
  554     14.83716105   -286.97484611   -383.03454409      29       0      30
  555     11.88525075   -308.64499957   -383.03454409      32       0      27
  556     14.90328388   -292.07913600   -383.03454409      28       0      34
  557     15.56319629   -207.54674830   -383.03454409      37       0      27
  558     16.48084751   -296.12095551   -383.03454409      35       0      35
  559 257532219.62055466 5764362364.49737072   -383.03454409      40       0      34
  560     18.96016375   -156.68176683   -383.03454409      43       0      41
  561     18.56535919   -232.41252670   -383.03454409      44       0      33
  562     18.12862281   -221.55765535   -383.03454409      44       0      32
  563     19.67547454   -150.63270044   -383.03454409      46       0      39
  564     18.48907865   -147.05757496   -383.03454409      49       0      28
  565     20.73801065   -124.34373564   -383.03454409      40       0      26
  566  31416.93633549 702826.94395691   -383.03454408      35       0      19
  567     12.65854077   -296.57898259   -383.03454409      25       0      20
  568     13.33083164   -298.87148372   -383.03454409      21       0      22
  569     18.69192361    -81.81002415   -383.03454409      27       0      24
  570     16.38041301   -161.22247573   -383.03454409      26       0      26
  571     14.31240506   -303.08030260   -383.03454409      26       0      31
  572     14.83114803   -256.61348407   -383.03454409      34       0      25
  573     17.82887305   -133.98700459   -383.03454408      30       0      29
  574     15.72494213   -260.43212558   -383.03454409      35       0      29
  575     14.87386252   -300.94780847   -383.03454409      32       0      35
  576 6776044.75857682 151668332.46150431   -383.03454409      38       0      34
  577 4093717.52069942 87363542.69344179   -383.03454409      35       0      37
  578     18.42778101   -172.52932237   -383.03454409      44       0      31
  579     18.64121753   -130.01191134   -383.03454409      41       0      37
  580     17.30624973   -283.74910890   -383.03454409      36       0      36
  581 13018013.49189128 291382781.63420719   -383.03454409      48       0      32
  582     17.77084126   -121.61197871   -383.03454409      41       0      28
  583     13.99649140   -303.65475419   -383.03454409      31       0      24
  584     10.78849179   -297.45171066   -383.03454409      29       0      16
  585     19.87101740    -99.48761557   -383.03454409      21       0      23
  586     16.09708648   -197.25947804   -383.03454409      23       0      27
  587     12.36779083   -303.07067847   -383.03454409      27       0      21
  588     18.16482918   -217.69199720   -383.03454409      25       0      31
  589 14783949.40023790 330909853.92576939   -383.03454409      34       0      26
  590     18.56074266    -89.56756052   -383.03454409      31       0      29
  591     15.14762331   -285.51618229   -383.03454409      26       0      30
  592     14.10661993   -303.93477386   -383.03454409      38       0      34
  593     20.08855956   -101.16892530   -383.03454409      36       0      32
  594     19.28666314   -235.97461627   -383.03454409      43       0      34
  595     21.45568798   -147.53244852   -383.03454409      44       0      37
  596     15.10119987   -295.30478138   -383.03454409      45       0      33
  597     16.80377235   -242.78313566   -383.03454409      41       0      35
  598     18.39676107   -219.03368872   -383.03454409      41       0      35
  599     15.26683346   -272.52576454   -383.03454409      44       0      30
  600     20.07097675    -81.59112410   -383.03454409      33       0      22
  601     12.11874550   -303.22140208   -383.03454409      31       0      21
  602 53464349.80736735 1196696120.41559911   -383.03454409      24       0      22
  603     13.64925913   -284.47979506   -383.03454409      24       0      26
  604     12.74891532   -268.36754101   -383.03454409      27       0      18
  605     16.03723369   -276.09355953   -383.03454409      23       0      32
  606     14.26298841   -293.75774808   -383.03454409      35       0      28
  607     13.99399695   -289.17152900   -383.03454409      34       0      28
  608     13.51629215   -276.33555976   -383.03454409      32       0      27
  609     19.08792682    -83.25787189   -383.03454409      30       0      29
  610     19.87987267    -90.85266247   -383.03454409      33       0      35
  611     19.54195683   -119.84409219   -383.03454409      37       0      34
  612     20.81133717   -143.51485268   -383.03454409      33       0      34
  613     22.89997673   -120.46453202   -383.03454408      44       0      38
  614     14.91909493   -304.45480561   -383.03454408      47       0      34
  615     19.31578164   -143.87479691   -383.03454409      44       0      37
  616     16.35974098   -282.53708019   -383.03454409      45       0      31
  617     14.25957717   -269.01170368   -383.03454409      37       0      24
  618     14.24881563   -266.07364277   -383.03454409      29       0      21
  619     12.62746092   -287.98056263   -383.03454409      20       0      22
  620     19.76300229   -109.20785502   -383.03454409      25       0      23
  621 331017872.96730900 7409197195.68112659   -383.03454409      26       0      19
  622 4546966.12242864 101774700.64668624   -383.03454409      23       0      30
  623     17.98218875   -169.90206306   -383.03454409      33       0      31
  624     19.82474153    -75.61359821   -383.03454408      35       0      28
  625   1758.79026793  38986.50792333   -383.03454408      30       0      27
  626 4317993.92399238 96649599.54196648   -383.03454408      32       0      30
  627     18.17981546   -201.69961022   -383.03454409      33       0      31
  628     15.85445055   -297.18835477   -383.03454408      36       0      33
  629   7722.35213682 172471.14893221   -383.03454409      36       0      32
  630     20.95784105   -115.94213444   -383.03454409      40       0      37
  631     15.12862333   -302.22944097   -383.03454409      43       0      37
  632     17.26615808   -283.76680338   -383.03454409      37       0      39
  633     18.80328874   -183.14310456   -383.03454409      48       0      31
  634     13.66964088   -293.24927789   -383.03454409      39       0      27
  635     17.98791222    -97.55101517   -383.03454409      32       0      22
  636     13.26256319   -295.36044339   -383.03454409      24       0      20
  637     13.22469203   -244.32130100   -383.03454409      23       0      23
  638     14.61167015   -234.55536401   -383.03454409      24       0      21
  639     20.96464418    -51.77101106   -383.03454409      25       0      26
  640     19.59548155   -117.12582439   -383.03454409      32       0      33
  641 8645333.82030995 182094400.93429732   -383.03454409      37       0      25
  642     13.83960365   -291.90195011   -383.03454409      29       0      27
  643     21.38875674   -132.88114605   -383.03454409      30       0      34
  644 17377464.76973021 388960701.38270265   -383.03454409      38       0      29
  645 15675772.67477449 350871602.12916839   -383.03454409      34       0      31
  646     18.77745164   -189.62573991   -383.03454408      33       0      34
  647     16.99748579   -215.95046251   -383.03454409      39       0      35
  648     23.18688022    -57.49060418   -383.03454408      37       0      37
  649     19.70356150   -212.49910342   -383.03454409      45       0      39
  650     14.75969311   -311.23379437   -383.03454409      51       0      33
  651 231930523.14398366 5191317695.81920528   -383.03454409      41       0      28
  652     12.87134854   -292.00141157   -383.03454409      37       0      22
  653     21.09104642    -26.59146494   -383.03454409      27       0      21
  654     13.17091040   -231.96218190   -383.03454409      24       0      21
  655     16.67918925   -177.16785398   -383.03454409      20       0      21
  656     14.22079806   -254.48962499   -383.03454408      30       0      24
  657     15.49284864   -265.32006994   -383.03454409      28       0      33
  658     15.01529189   -284.14535108   -383.03454409      34       0      28
  659     12.03846494   -294.61541718   -383.03454409      36       0      26
  660     16.08938751   -215.21887899   -383.03454408      29       0      35
  661     15.56514516   -254.40636070   -383.03454409      36       0      27
  662  66377.84101104 1485362.34905190   -383.03454409      30       0      33
  663 1751138.39490663 39195481.61392120   -383.03454409      36       0      33
  664     14.88325276   -255.86464389   -383.03454409      36       0      27
  665     17.91068772   -220.90669804   -383.03454409      32       0      40
  666     16.96068552   -279.18392093   -383.03454409      43       0      39
  667     16.26425644   -293.51147869   -383.03454409      53       0      37
  668     17.59242790   -222.46144102   -383.03454409      42       0      27
  669 19184326.46243409 429403820.93288696   -383.03454409      41       0      27
  670     13.63809685   -220.04620019   -383.03454409      29       0      19
  671     20.75043279   -108.70469715   -383.03454409      25       0      20
  672 147671.01041377 3304950.82746746   -383.03454409      22       0      21
  673     11.77595760   -303.54385644   -383.03454409      21       0      24
  674     14.79456523   -298.96586212   -383.03454409      25       0      32
  675  89556.42836757 2004169.37707996   -383.03454409      35       0      29
  676     14.80438830   -285.02422594   -383.03454409      35       0      28
  677     15.25480526   -278.74369016   -383.03454409      31       0      33
  678     20.63462006    -72.78314283   -383.03454409      32       0      28
  679     16.44409791   -197.66704832   -383.03454409      38       0      32
  680 5944984.70642780 133066654.51934806   -383.03454409      36       0      33
  681     14.03349457   -300.29974432   -383.03454409      40       0      27
  682 341589.75108859 7645450.02924851   -383.03454409      38       0      32
  683     19.10480205   -202.41017480   -383.03454409      36       0      45
  684     22.37594059    -72.23632547   -383.03454409      39       0      32
  685     16.99122627   -223.35195750   -383.03454409      43       0      34
  686     17.63195513   -217.85251448   -383.03454409      48       0      28
  687     11.94294268   -309.48736353   -383.03454409      37       0      19
  688     14.61035203   -214.88422318   -383.03454409      26       0      22
  689     18.49580035    -81.02956195   -383.03454409      24       0      20
  690     12.48607658   -299.89914049   -383.03454409      23       0      25
  691     21.10898227    -23.60646272   -383.03454409      24       0      25
  692 3709282.31953431 83024761.72241059   -383.03454409      28       0      34
  693     18.97956029    -99.54499063   -383.03454409      37       0      28
  694 2472523.17560791 55342290.34182791   -383.03454409      28       0      31
  695     15.04414972   -299.43910084   -383.03454408      35       0      30
  696     13.33231073   -277.24773570   -383.03454409      34       0      27
  697     22.63897421    -87.60828776   -383.03454409      29       0      29
  698     18.34329715   -135.90749913   -383.03454409      33       0      35
  699  36110.42250419 807883.45826594   -383.03454409      37       0      29
  700     16.81618395   -294.27507389   -383.03454409      36       0      43
  701     17.24441878   -287.46381369   -383.03454409      41       0      38
  702 15703425.59402943 351490559.28445339   -383.03454409      42       0      27
  703     14.85467183   -295.67237611   -383.03454409      37       0      33
  704     13.31019344   -291.49148477   -383.03454408      38       0      22
  705 102187084.05524291 2287260694.74781656   -383.03454409      32       0      23
  706     12.90130854   -223.89798373   -383.03454409      30       0      18
  707     13.98581854   -281.97709372   -383.03454409      22       0      28
  708     17.30783688   -101.02305216   -383.03454409      28       0      22
  709     22.86832762   -101.02305216   -383.03454409      22       0      34
  710     14.57119067   -285.02163622   -383.03454409      36       0      28
  711     14.70660225   -225.58863962   -383.03454409      35       0      31
  712     18.39697650   -119.96992933   -383.03454409      30       0      30
  713     21.68226874   -104.61179299   -383.03454409      34       0      27
  714     13.75852109   -292.97154828   -383.03454409      34       0      28
  715     18.53915873   -238.04390607   -383.03454409      31       0      34
  716     15.33258778   -295.88996266   -383.03454409      39       0      31
  717     22.64333864    -87.75505498   -383.03454409      43       0      41
  718     17.96130169   -240.03016704   -383.03454409      41       0      35
  719     26.00402099    -39.22538692   -383.03454409      44       0      27
  720     16.29291847   -287.36131989   -383.03454409      37       0      37
  721     12.61425958   -308.94717019   -383.03454409      36       0      19
  722     20.96052966    -71.08394144   -383.03454409      30       0      27
  723     14.79082221   -206.38015781   -383.03454409      31       0      21
  724     14.87789666   -289.49937036   -383.03454409      26       0      27
  725 868997.80703334 19450462.31783361   -383.03454409      29       0      22
  726     17.43733238   -117.35660523   -383.03454409      25       0      29
  727     17.91862943   -205.41664121   -383.03454409      30       0      31
  728     25.03159457    -63.37302628   -383.03454409      31       0      33
  729     15.78572215   -206.21412104   -383.03454409      42       0      24
  730     17.83843112   -207.16202288   -383.03454409      34       0      31
  731     15.62874562   -179.91942749   -383.03454408      37       0      25
  732     18.98285425   -121.64188167   -383.03454409      31       0      31
  733     17.30409562   -162.49386468   -383.03454409      32       0      35
  734     15.92466044   -235.18811151   -383.03454409      37       0      36
  735     16.46573863   -288.79496134   -383.03454409      43       0      37
  736     16.69697804   -272.81249390   -383.03454409      45       0      31
  737     18.19431167   -152.93499830   -383.03454409      39       0      35
  738     18.58817083   -156.78659234   -383.03454409      42       0      20
  739     13.40002105   -296.03185502   -383.03454409      26       0      31
  740     12.83661529   -296.32851727   -383.03454409      32       0      20
  741     13.27331648   -304.28042958   -383.03454409      24       0      26
  742 279050.15509561 6245619.98641447   -383.03454409      27       0      23
  743     19.05625455    -91.53828792   -383.03454409      26       0      28
  744     16.72802364   -191.51381138   -383.03454409      31       0      26
  745     20.79220790    -93.97182716   -383.03454409      37       0      32
  746     19.67131459    -89.79148040   -383.03454409      34       0      29
  747     17.92125430   -175.41591574   -383.03454409      36       0      30
  748     17.81986317   -158.21352999   -383.03454409      36       0      26
  749     20.87651359   -109.07380208   -383.03454409      34       0      30
  750     18.61576722   -114.52639676   -383.03454409      35       0      33
  751     16.44210521   -282.00385743   -383.03454409      33       0      37
  752     15.94060352   -283.66325454   -383.03454409      42       0      36
  753     15.23817904   -300.91225501   -383.03454409      42       0      32
  754     18.16920707   -245.19766670   -383.03454409      38       0      35
  755     15.81955196   -277.11089556   -383.03454409      44       0      26
  756     14.19612146   -271.04731644   -383.03454409      30       0      26
  757 169693735.69689718 3798267072.22570372   -383.03454409      31       0      23
  758     13.95755955   -257.30052046   -383.03454409      27       0      24
  759 42687125.65799676 955468714.99176431   -383.03454409      27       0      23
  760     20.49422914    -41.88424582   -383.03454409      27       0      24
  761     17.32018666   -204.38726738   -383.03454409      29       0      33
  762    111.66993939   2063.78174578   -383.03454408      35       0      24
  763     17.10391028   -239.59407783   -383.03454409      30       0      30
  764 100357001.83738056 2246297824.74113131   -383.03454409      32       0      32
  765     13.46631887   -295.53863951   -383.03454409      36       0      27
  766     15.76343867   -258.43965976   -383.03454409      31       0      32
  767     14.03388046   -311.50967862   -383.03454409      39       0      33
  768     21.69130381    -89.16650636   -383.03454409      35       0      32
  769     16.81423363   -266.62228184   -383.03454409      40       0      39
  770     15.22627477   -302.15300832   -383.03454409      43       0      32
  771     15.60821908   -300.48882146   -383.03454409      37       0      34
  772     22.26761330   -152.97289600   -383.03454409      42       0      27
  773     17.11847892   -158.32319051   -383.03454408      44       0      28
  774     15.72547534   -183.58214097   -383.03454409      30       0      23
  775     19.56362029    -50.69969355   -383.03454409      30       0      23
  776     10.51562284   -310.08091789   -383.03454408      25       0      21
  777     12.96305068   -303.84436330   -383.03454409      21       0      29
  778     14.61338564   -243.74722028   -383.03454409      30       0      28
  779     15.30915874   -227.25684990   -383.03454409      29       0      26
  780     15.95391344   -180.25586069   -383.03454409      29       0      32
  781     15.64839883   -211.12309170   -383.03454409      34       0      28
  782     19.42351448    -69.73973239   -383.03454409      29       0      29
  783     16.79158276   -182.75415085   -383.03454409      35       0      32
  784     19.02811493    -94.76498214   -383.03454409      31       0      31
  785     18.28440034   -209.14750718   -383.03454409      32       0      33
  786     16.58125337   -300.20587303   -383.03454409      35       0      34
  787     21.26225406    -86.10179615   -383.03454409      42       0      30
  788     16.78295521   -266.62418876   -383.03454409      38       0      37
  789     16.36940297   -291.79522815   -383.03454409      40       0      32
  790 90127192.62887755 2017327282.66164780   -383.03454409      41       0      28
  791     13.50709899   -286.59193084   -383.03454409      33       0      25
  792     19.09045176   -143.79351996   -383.03454409      31       0      25
  793     14.84395427   -207.75727621   -383.03454409      31       0      19
  794     15.25370412   -244.51582465   -383.03454409      27       0      30
  795     15.83568293   -225.02250202   -383.03454409      29       0      27
  796     13.86209084   -294.06435514   -383.03454409      30       0      26
  797     16.94948765   -208.27008031   -383.03454409      28       0      32
  798     16.16390834   -189.91938114   -383.03454409      34       0      27
  799     17.83900377   -123.77770392   -383.03454409      34       0      31
  800 203120303.78388283 4546456422.28681564   -383.03454409      31       0      31
  801     13.77654663   -296.41994213   -383.03454409      36       0      28
  802     16.04730048   -272.37300734   -383.03454409      29       0      31
  803     16.61178262   -233.62436401   -383.03454409      36       0      36
  804     18.17096045   -134.47517042   -383.03454409      37       0      28
  805     20.10169336   -130.62146320   -383.03454409      38       0      37
  806     22.43026179   -124.38631246   -383.03454409      42       0      32
  807 1830888.69830799 40980539.03369305   -383.03454409      42       0      31
  808     13.63839681   -296.24158449   -383.03454409      37       0      26
  809     12.41631036   -301.59526602   -383.03454409      35       0      21
  810     12.34098149   -309.39752797   -383.03454409      28       0      26
  811     12.89827194   -302.11126925   -383.03454409      28       0      26
  812     17.05880625   -224.98760463   -383.03454409      27       0      28
  813     14.68082885   -254.58422403   -383.03454409      31       0      25
  814     15.14905232   -284.63603755   -383.03454409      27       0      33
  815     14.39446513   -302.74396637   -383.03454409      38       0      27
  816 6760056.35288327 151310462.90226993   -383.03454409      35       0      32
  817 585917.73254603 13114261.22748343   -383.03454409      32       0      31
  818 129180007.95587748 2891445306.03850555   -383.03454409      39       0      26
  819 13795292.21901181 308780668.24177277   -383.03454409      34       0      30
  820     17.39459970   -182.17758128   -383.03454409      31       0      32
  821     20.07689220    -96.93849825   -383.03454408      35       0      29
  822     16.85805438   -240.49578856   -383.03454409      37       0      38
  823     16.34649003   -289.44061295   -383.03454408      49       0      31
  824 221316851.68701708 4953756048.44781399   -383.03454408      41       0      32
  825     14.25209020   -288.96781003   -383.03454408      37       0      28
  826     14.23210483   -223.86621777   -383.03454409      31       0      25
  827 6574481.47484007 147156726.11954829   -383.03454409      33       0      25
  828 10239118.51525306 229182567.91508749   -383.03454409      27       0      24
  829     18.08262127   -206.00001413   -383.03454409      27       0      30
  830 817917.12986570 16328969.79845455   -383.03454409      28       0      22
  831     20.74287346    -62.74440335   -383.03454409      29       0      32
  832     15.92006712   -231.19894580   -383.03454409      33       0      27
  833     13.29760636   -304.90531470   -383.03454409      37       0      33
  834     23.44334930    -35.70845015   -383.03454409      33       0      29
  835     18.48863493   -152.98938398   -383.03454409      29       0      27
  836     23.62469675    -85.74016125   -383.03454409      31       0      35
  837     15.82089047   -273.95262098   -383.03454408      39       0      27
  838     13.14592463   -295.24869936   -383.03454409      39       0      26
  839     20.10853831   -114.93297794   -383.03454408      28       0      36
  840     17.89815958   -272.35488128   -383.03454409      43       0      38
  841 42110258.19059209 942556649.60764420   -383.03454409      40       0      31
  842 498683.66843494 11161694.02990664   -383.03454409      47       0      27
  843     19.19713863   -115.06035297   -383.03454409      34       0      30
  844     13.37520645   -283.46889448   -383.03454409      32       0      23
  845     12.77703268   -298.02113221   -383.03454409      31       0      24
  846     14.78225085   -275.77772441   -383.03454408      26       0      29
  847     14.64738506   -229.12412941   -383.03454409      36       0      24
  848     14.25651792   -290.91105069   -383.03454409      26       0      28
  849     14.39436898   -297.32431346   -383.03454409      30       0      29
  850     18.06793204   -184.81864986   -383.03454409      33       0      35
  851     14.74872594   -302.67644615   -383.03454409      36       0      29
  852     13.43172996   -298.17025479   -383.03454409      37       0      23
  853     16.06212112   -280.54505188   -383.03454409      29       0      33
  854     13.02535561   -301.06101324   -383.03454409      36       0      30
  855     14.15569665   -286.33977748   -383.03454409      35       0      25
  856     18.42566300   -176.27885155   -383.03454409      27       0      35
  857     16.97010694   -279.21035941   -383.03454409      39       0      35
  858     15.05291388   -296.69838534   -383.03454409      41       0      35
  859     16.70749164   -233.42754864   -383.03454408      41       0      28
  860     15.54340342   -259.73763866   -383.03454409      33       0      31
  861     13.13174612   -296.02875247   -383.03454409      35       0      23
  862     12.53922082   -304.65194804   -383.03454409      29       0      23
  863     20.22815908    -93.32439658   -383.03454409      28       0      29
  864     20.37487854    -93.54703363   -383.03454409      33       0      27
  865     17.32448019   -126.82912697   -383.03454409      30       0      26
  866     15.95312453   -223.01722025   -383.03454409      29       0      29
  867     16.73987343   -284.78460087   -383.03454409      33       0      33
  868     15.81330082   -301.49923369   -383.03454409      36       0      32
  869     18.93639479    -66.29326631   -383.03454409      37       0      22
  870     18.96142544   -134.03122339   -383.03454409      30       0      34
  871     17.56128276   -225.21907030   -383.03454409      36       0      30
  872     12.18573190   -299.47833087   -383.03454409      36       0      23
  873 10862676.48730948 243139713.70838866   -383.03454409      29       0      35
  874 105240.15003966 2355219.47669292   -383.03454408      39       0      33
  875     20.02196669   -105.78446926   -383.03454408      38       0      36
  876     15.24569045   -284.35904209   -383.03454408      44       0      31
  877     13.75195552   -295.71396740   -383.03454408      41       0      29
  878     16.08302844   -160.43474855   -383.03454409      35       0      20
  879     14.36254513   -294.26421457   -383.03454408      26       0      28
  880     13.80957724   -273.90510054   -383.03454408      29       0      28
  881     14.10836060   -279.77467736   -383.03454408      29       0      27
  882     19.65432865    -77.72957783   -383.03454409      28       0      29
  883     14.53612276   -254.24757878   -383.03454408      31       0      26
  884     14.85964240   -269.18903189   -383.03454409      30       0      29
  885 14993389.92010909 335597778.86034065   -383.03454408      34       0      34
  886     19.72975987    -75.96296966   -383.03454408      38       0      28
  887     13.16119390   -300.67577992   -383.03454408      39       0      27
  888     26.97284292     62.63643077   -383.03454409      31       0      32
  889     16.49091668   -166.46731177   -383.03454409      34       0      24
  890     15.89228702   -233.86440962   -383.03454409      30       0      34
  891     19.04892207   -136.04035826   -383.03454408      35       0      31
  892     21.01264453    -67.51276068   -383.03454408      39       0      35
  893     15.39518000   -302.74890246   -383.03454408      36       0      33
  894     14.94848836   -292.91771342   -383.03454408      39       0      28
  895     20.75503155   -135.72291863   -383.03454409      37       0      26
  896     14.93100358   -282.16892754   -383.03454408      36       0      28
  897 567423.25783441 12700297.37926667   -383.03454409      33       0      27
  898     19.96074230   -146.99905260   -383.03454409      34       0      28
  899     21.59367883   -110.67856986   -383.03454408      32       0      27
  900     19.42347057    -52.18893817   -383.03454408      28       0      21
  901 8365993.38710917 187256271.06806681   -383.03454408      25       0      33
  902     21.10384179    -73.46645575   -383.03454408      35       0      28
  903     15.36477858   -284.73537013   -383.03454409      32       0      35
  904     17.46596466   -183.30293422   -383.03454408      35       0      27
  905 245497963.89380869 5494999632.23180294   -383.03454408      32       0      30
  906     14.33600631   -291.07759848   -383.03454408      31       0      26
  907     14.79942728   -278.85695978   -383.03454408      30       0      30
  908     15.00398090   -296.57487914   -383.03454408      30       0      34
  909     15.40471952   -290.97763690   -383.03454407      36       0      33
  910     15.80757547   -285.15856641   -383.03454408      40       0      32
  911     14.82909227   -285.15856641   -383.03454409      37       0      27
  912  35197.84368389 787456.46562528   -383.03454408      38       0      28
  913     16.57117569   -218.32610584   -383.03454409      34       0      29
  914     15.47443847   -261.82682752   -383.03454408      37       0      28
  915 638050.66928317 14281157.03580233   -383.03454408      31       0      30
  916     13.96427509   -259.76922005   -383.03454409      33       0      25
  917 190477.23731828 4263085.76988068   -383.03454408      31       0      22
  918     14.21314514   -300.97659569   -383.03454408      26       0      33
  919 28216675.99058976 631575568.89250231   -383.03454408      34       0      28
  920 107318275.53442568 2369014083.04696369   -383.03454408      29       0      37
  921     16.92402784   -201.82999336   -383.03454408      41       0      26
  922     21.16408375    -71.45135770   -383.03454407      29       0      28
  923     14.48051938   -276.52559673   -383.03454408      33       0      28
  924     13.29825041   -307.54142003   -383.03454408      32       0      30
  925 13294588.06671220 297573369.85728359   -383.03454408      32       0      30
  926     16.70410052   -263.17827724   -383.03454408      30       0      33
  927     14.82236189   -297.63677981   -383.03454408      34       0      27
  928     20.15063629    -94.18844426   -383.03454408      37       0      33
  929     16.35988092   -162.17888656   -383.03454408      40       0      26
  930 52369978.22333694 1172200721.70696521   -383.03454408      29       0      32
  931     17.42943859   -203.09824788   -383.03454409      34       0      30
  932     13.33205712   -298.84715978   -383.03454408      40       0      27
  933     13.49792546   -250.40987023   -383.03454408      28       0      25
  934     14.23674032   -228.06609133   -383.03454408      28       0      24
  935 36603902.62057328 819307483.86492395   -383.03454408      28       0      32
  936     15.87232225   -196.45501630   -383.03454408      35       0      31
  937     20.81445755   -151.55312001   -383.03454408      31       0      36
  938     15.24158022   -203.05367484   -383.03454409      43       0      25
  939     13.58263410   -275.96717989   -383.03454409      27       0      27
  940     14.20493296   -263.84061258   -383.03454409      31       0      29
  941  51643.00358773 1155550.54119522   -383.03454408      28       0      31
  942     16.04153853   -220.64588875   -383.03454409      34       0      28
  943     15.21946073   -252.86701581   -383.03454409      32       0      30
  944     13.41510740   -302.89247145   -383.03454409      33       0      26
  945     17.84947484   -207.99469581   -383.03454409      31       0      38
  946     18.67159939    -75.84912859   -383.03454409      41       0      27
  947  74254.30309604 1642616.24321664   -383.03454409      31       0      28
  948 137968.56861313 3087782.24188667   -383.03454409      27       0      34
  949 14179701.26123451 317384924.61347896   -383.03454409      35       0      25
  950     13.28194085   -278.17954733   -383.03454409      29       0      26
  951     11.92298098   -301.24582661   -383.03454408      27       0      23
  952     14.84131860   -302.35868884   -383.03454409      23       0      35
  953     17.20983408   -170.53560993   -383.03454409      38       0      28
  954 8514485.10269565 190579972.20217746   -383.03454409      29       0      36
  955     13.62486100   -243.43564925   -383.03454409      38       0      26
  956     47.87905352    645.42763421   -383.03454408      26       0      27
  957     15.40034909   -280.01980699   -383.03454409      33       0      31
  958     12.83484982   -297.39581797   -383.03454409      38       0      27
  959     14.82126935   -298.07575112   -383.03454408      30       0      32
  960     22.16963391    -68.53448709   -383.03454409      34       0      27
  961     12.82584537   -307.52704085   -383.03454408      33       0      26
  962 6120264.71925612 136989960.86550981   -383.03454407      30       0      38
  963     23.54960014    -75.64323775   -383.03454408      45       0      30
  964 263179940.05966297 5890775708.17872524   -383.03454409      38       0      29
  965     19.97332405    -76.90795497   -383.03454407      33       0      32
  966   1463.68218892  32380.35788309   -383.03454408      38       0      26
  967     20.46075310    -76.50118306   -383.03454409      27       0      25
  968     13.79357802   -243.44713510   -383.03454409      29       0      24
  969     21.81611223    -89.63063630   -383.03454409      25       0      34
  970     14.41846285   -236.71213219   -383.03454408      41       0      25
  971     19.00356611   -187.84454109   -383.03454408      30       0      39
  972     14.14562600   -302.41317075   -383.03454409      48       0      25
  973 18148137.63938169 406210728.58908403   -383.03454408      30       0      24
  974     22.99215536    -95.48401372   -383.03454408      26       0      36
  975     17.93538183   -113.95342638   -383.03454409      38       0      22
  976     14.90005639   -302.97415959   -383.03454409      28       0      34
  977     17.00617198   -220.86940464   -383.03454409      34       0      25
  978     18.76719053   -115.45429139   -383.03454409      29       0      26
  979     16.00932866   -261.40664712   -383.03454408      32       0      36
  980     18.17517062   -212.06684998   -383.03454409      38       0      34
  981     15.27924185   -252.29916187   -383.03454409      41       0      29
  982     17.34856237   -217.55042407   -383.03454409      38       0      32
  983     14.63650466   -301.53007241   -383.03454409      37       0      28
  984     13.51800814   -252.87890801   -383.03454409      32       0      24
  985     16.80320500   -117.05850685   -383.03454408      27       0      22
  986     15.48622886   -273.37847286   -383.03454409      24       0      33
  987     14.64553176   -289.37412922   -383.03454408      35       0      25
  988     18.31912705   -225.82160571   -383.03454409      30       0      40
  989     21.14840593   -127.00375451   -383.03454408      43       0      29
  990     14.31805377   -237.44946393   -383.03454409      37       0      22
  991     18.13054107   -116.58540853   -383.03454409      29       0      32
  992 2140009.86977507 47758894.36818969   -383.03454409      32       0      27
  993 5044383.14376574 112128231.41370079   -383.03454408      34       0      32
  994     14.02261543   -289.56773027   -383.03454409      37       0      25
  995     16.68026949   -149.78999528   -383.03454409      31       0      22
  996     16.49889149   -285.95815878   -383.03454409      24       0      39
  997     15.62409775   -286.06016471   -383.03454408      42       0      35
  998     15.14813433   -287.31484272   -383.03454409      41       0      29
  999     18.71193882   -140.01442096   -383.03454408      35       0      31
 1000     13.28099632   -275.13096775   -383.03454409      38       0      28
----------------------------------------------------------------------------------
Artificial Bee Colony Optimization Finished!

 -- Results Report --
 * 100 LMs will be saved in [ mixture-LM ].
      #          Energy
      0   -383.03454409
      1   -380.60780813
      2   -380.25491791
      3   -379.88368269
      4   -379.83807908
      5   -378.87349515
      6   -378.62100940
      7   -378.06543410
      8   -377.24033882
      9   -376.96945163
     10   -376.89629496
     11   -376.84870467
     12   -376.71075796
     13   -376.37111460
     14   -376.21815669
     15   -376.13212102
     16   -375.78444386
     17   -375.65838048
     18   -375.42315413
     19   -375.35890473
     20   -375.12042459
     21   -374.80382109
     22   -374.70599177
     23   -374.68480637
     24   -374.59605761
     25   -374.51975509
     26   -374.12091293
     27   -373.95081579
     28   -373.93848422
     29   -373.85229915
     30   -373.74536561
     31   -373.69987851
     32   -373.64538037
     33   -373.63868010
     34   -373.40269520
     35   -373.32060830
     36   -373.31735826
     37   -373.24066667
     38   -373.09652518
     39   -373.04593426
     40   -373.03227247
     41   -373.01178719
     42   -372.95376096
     43   -372.94788604
     44   -372.92706545
     45   -372.84567323
     46   -372.76406827
     47   -372.74655332
     48   -372.67568420
     49   -372.61129142
     50   -372.56157606
     51   -372.50182891
     52   -372.45192319
     53   -372.31357515
     54   -372.30808511
     55   -372.29476842
     56   -372.22038201
     57   -372.18188598
     58   -372.17866108
     59   -372.12568168
     60   -372.12312795
     61   -372.10565440
     62   -372.07087346
     63   -372.02773608
     64   -372.00153886
     65   -371.95390718
     66   -371.95343218
     67   -371.80990408
     68   -371.79530648
     69   -371.72611428
     70   -371.65268419
     71   -371.64816283
     72   -371.64600695
     73   -371.64217407
     74   -371.61803942
     75   -371.57336845
     76   -371.55736030
     77   -371.54360616
     78   -371.52978820
     79   -371.49681044
     80   -371.49635311
     81   -371.46860029
     82   -371.46828431
     83   -371.41378227
     84   -371.21244941
     85   -371.17427644
     86   -371.09525304
     87   -371.08866181
     88   -370.96528437
     89   -370.94666981
     90   -370.93120613
     91   -370.88429885
     92   -370.86072582
     93   -370.83711934
     94   -370.81876735
     95   -370.79115931
     96   -370.75497438
     97   -370.69812663
     98   -370.63171553
     99   -370.60523077

 * Final Global Minimal Energy:   -383.03454409
 * The Global Minimum is saved as: [ mixture-OPT.(cluster/xyz/gjf) ]

===== (^ _ ^) =====
Normal termination at Fri Apr 26 16:30:14 2019.
Total run time: 12128 seconds = 0 days 3 hours 22 minutes 8 seconds.
