    * * * * * * * * * * * * * * * * * * * * *
    *       __    ____    ______            *
    *      /  \  |  _ \  |  ___/  luster !  *
     *    / _  \ | |_| | | |               *
     *   / /_\ | |  _ <  | |     < @  @ >  * 
     *  / ___  | | |_| | | |___ _ _  o     * 
    *  /_/   |_| |____/  |_____ _ __ __  _  *
    *                                       *
    * * * * * * * * * * * * * * * * * * * * *

ABCluster 1.5.1
Specific flag:  official version
Platform:       LINUX/UNIX
Compiled by:    junzhang@gellmann.scs.illinois.edu
Compiling date: Dec 18 2017 20:33:35
C++ compiler:   g++
C++ options:    -O3 -Os -fno-exceptions --std=c++0x -fopenmp 

Contributors:
Jun Zhang(University of Cologne): Design and coding.

For any suggestions, comments, and questions on the theory and
implementation of ABCluster, please feel free to contact:

Dr. Jun Zhang, ZhangJunQcc@gmail.com

If you used this program in your work, please cite this reference:

[1] Zhang, J.; Dolg, M.; ABCluster: The Artificial Bee Colony Algorithm for
    Cluster Global Optimization. Phys. Chem. Chem. Phys. 2015, 17, 24173-24181.
[2] Zhang, J.; Dolg, M.; Global Optimization of Clusters of Rigid Molecules by the
    Artificial Bee Colony Algorithm. Phys. Chem. Chem. Phys. 2016, 18, 3003-3010.

Program starts at Tue Nov 27 16:07:13 2018.
Command line: " /ihome/jkeith/yab16/ABC/ABCluster-Linux/lib/rigidmol-optimizer co3_20_waters.inp "
Process ID:   11070
Run by:       yab16@smp-n26.crc.pitt.edu
Available CPU cores:    24
Read "OMP_NUM_THREADS": Unset

Random number testing (integers): 1393698372...230423577
Random number testing (fractals): 0.47200137...0.78630761

 -- Input/Output Parameters --
Input file name:      co3_20_waters.inp
Cluster file name:    input.cluster
Result file name:     co3_20_waters.(cluster/xyz/gjf)
Temporary file name:  abclusteryab16smp-n26.crc.pitt.edu11070-OPT
# of saved LMs:       100
LMs are stored in:    co3_20_waters-LM

 -- ABC Control Parameters --
Population size:                  500
Maximal generation:              1000
Scout limit:                       15
Amplitude:                20.00000000

 -- Cluster Components: from [ input.cluster ] --
 -----------------------------------------------------------
   Source                                       #   Charge
 -----------------------------------------------------------
   /ihome/jkeith/yab16/ABC/ABCluster-Linux-0/rigidmolecularcluster/charmm36/tip4p.xyz    20    0.000
   /ihome/jkeith/yab16/ABC/ABCluster-Linux-0/rigidmolecularcluster/charmm36/co3.xyz     1   -2.000
 -----------------------------------------------------------
   Dimension: 0, an isolate cluster.
 -----------------------------------------------------------

Artificial Bee Colony Optimization Starts!
----------------------------------------------------------------------------------
 * Population: 500; Maximal cycles: 1000
 * EM = Employed Bee; Trigonometric mutation
 * OL = Onlooker Bee; ABC/best/2(0.5)+ABC/current/2(0.5);
        Tournament selection from 5 nectars.
 * SC = Scout Bee; Random nectar; Limit = 15
----------------------------------------------------------------------------------
    #       Diversity            maxE            minE    byEM    byOL    bySC
----------------------------------------------------------------------------------
    1     94.60420165   -476.99486680  -1773.89406049     312      37       0
    2     20.83878384  -1630.44338221  -1775.97787178     238      74       0
    3     19.40598467  -1686.03075328  -1776.28441119     161      40       0
    4     18.54942586  -1699.32406449  -1776.28441119     115      50       0
    5     17.79112178  -1699.32406449  -1779.38105421      90      30       0
    6     17.89920182  -1699.32406449  -1779.38105421      74      42       0
    7     17.74881971  -1711.38633071  -1794.20206719      54      29       0
    8     19.40389802  -1711.91153088  -1794.20206719      58      41       0
    9     20.33762345  -1711.91153088  -1794.20206719      52      30       0
   10     20.73949809  -1715.36033699  -1794.20206719      56      16       0
   11     21.25056143  -1724.23097470  -1794.20206719      44      20       0
   12     21.19843908  -1724.44443415  -1794.20206719      57      17       0
   13     21.30999060  -1724.44443415  -1794.20206719      70      15       0
   14     21.13940604  -1729.28615363  -1794.20206719      71      12       0
   15     20.59678485  -1732.29439350  -1794.20206719      85       7       0
   16     19.21442887  -1736.58778943  -1794.20206719      98       5       0
   17     16.47180027  -1736.90869040  -1794.20206719     124       0       0
   18     11.19116416  -1717.36140863  -1794.20206719     112       0       1
   19    100.67417679   -174.52736202  -1794.20206719      69       0      20
   20    172.83265334   -163.81305359  -1794.20206717      25       0      64
   21    278.72341630    154.60849010  -1794.20206719      62       0     129
   22    294.66258741   -124.48398230  -1795.05103172     126       3     134
   23    202.25607513   -201.04113336  -1795.05103171     144      90      65
   24    190.05524284   -201.24525288  -1795.05103172     165      30      56
   25    123.06015217   -266.56863907  -1798.28586272     167      17      18
   26     26.88262438  -1581.41573739  -1798.92850395     162     106       7
   27     16.53311391  -1692.30525384  -1798.92850395     180     130       4
   28      5.02818329  -1751.32441138  -1798.92850396     199      37       0
   29      1.89913165  -1782.24027401  -1798.92850395     192      17       0
   30     77.69201462   -157.81500704  -1798.92850396     183       0       2
   31      0.19381779  -1798.26481962  -1798.92850395     147       0       0
   32      0.00000000  -1798.92850395  -1798.92850395      50       0       0
   33      0.00000000  -1798.92850395  -1798.92850395       0       0       0
   34      0.00000000  -1798.92850395  -1798.92850395       0       0       0
   35      0.00000000  -1798.92850395  -1798.92850395       0       0       0
   36      0.00000000  -1798.92850395  -1798.92850395       0       0       0
   37     77.74373548   -485.39424896  -1798.92850396       0       0       2
   38     78.14025122   -368.36391180  -1798.92850396       2       0       5
   39    109.28648229   -284.68653202  -1798.92850395       5       0      34
   40    173.24738210   -220.56616810  -1798.92850396      32       0      49
   41    240.32768091   -100.00462720  -1798.92850396      52       0      85
   42    257.67156579    -85.53915845  -1798.92850395      88       0     102
   43    239.00785458   -187.94113727  -1798.92850396     110       0      90
   44    192.03286609   -112.04811410  -1798.92850395     136       0      68
   45    150.92501064    -95.21695904  -1798.92850396     129       0      43
   46     98.52054082   -260.89177301  -1798.92850396     128       0      15
   47     17.69027384  -1670.63576657  -1798.92850396      93       0       5
   48      7.72800640  -1675.39756713  -1798.92850396      48       0       2
   49      0.00000000  -1798.92850396  -1798.92850396       9       0       0
   50      0.00000000  -1798.92850396  -1798.92850396       0       0       0
   51      0.00000000  -1798.92850396  -1798.92850396       0       0       0
   52      0.00000000  -1798.92850396  -1798.92850396       0       0       0
   53      0.00000000  -1798.92850396  -1798.92850396       0       0       0
   54      5.33457379  -1709.46319534  -1798.92850396       0       0       2
   55     54.93549974   -583.73979618  -1798.92850396       2       0       5
   56    105.25329122   -400.67774825  -1798.92850395       5       0      24
   57    181.76479976   -228.46463059  -1798.92850395      24       0      46
   58    245.73615341   -165.06023219  -1798.92850395      48       0      67
   59    199.54435424   -139.29922607  -1798.92850396      69       0      64
   60    178.61670379   -271.85421573  -1798.92850395      75       0      80
   61    204.36751584    -46.92380845  -1798.92850395     100       0      72
   62    215.78181342   -223.32159666  -1798.92850396     105       0      72
   63    169.77229754   -202.09269323  -1798.92850396     115       0      55
   64     98.20399750   -447.12627715  -1798.92850396     101       0       8
   65     15.11002285  -1683.80937566  -1798.92850396      76       0       5
   66      1.39451622  -1769.93499613  -1798.92850396      35       0       0
   67      0.00000000  -1798.92850395  -1798.92850396       2       0       0
   68      0.00000000  -1798.92850395  -1798.92850396       0       0       0
   69      0.00000000  -1798.92850395  -1798.92850396       0       0       0
   70      0.00000000  -1798.92850395  -1798.92850396       0       0       0
   71      6.31400913  -1697.25280304  -1798.92850396       0       0       2
   72      9.69338655  -1673.06882983  -1798.92850396       2       0       5
   73    106.18847286   -381.35481273  -1798.92850395       5       0      19
   74    182.78256932   -247.61456761  -1798.92850395      19       0      43
   75    147.05347779   -154.09088224  -1798.92850396      42       0      50
   76   5096.89712680 112273.60869139  -1798.92850395      56       0      61
   77    183.89842585   -159.93083063  -1798.92850395      72       0      59
   78    220.34186018   -136.52288121  -1802.16776713      72       1      74
   79    156.03328788   -192.91511115  -1802.16776714      91     194      45
   80    194.44739592   -203.52806981  -1802.16776714     141       7      51
   81    141.95639159   -117.26497880  -1802.16776714     149       2      38
   82    152.51103652   -195.26494412  -1802.16776714     133       0      35
   83     92.09437766   -216.62467585  -1802.16776714      96       0      16
   84      9.39184796  -1676.66247819  -1802.16776714      52       0       2
   85      0.00000000  -1802.16776714  -1802.16776713      10       0       0
   86      0.00000000  -1802.16776714  -1802.16776713       0       0       0
   87      0.00000000  -1802.16776714  -1802.16776713       0       0       0
   88      0.00000000  -1802.16776714  -1802.16776713       0       0       0
   89      5.86536718  -1708.41859004  -1802.16776713       0       0       2
   90     46.84727865   -771.32799243  -1802.16776713       2       0       5
   91     52.75454541   -706.06945769  -1802.16776714       5       0      18
   92    106.26937121    -77.36820685  -1802.16776713      17       0      34
   93    179.64086957    -21.40294282  -1802.16776714      32       0      48
   94    143.94257478   -184.99860944  -1802.16776714      54       0      49
   95    159.10432068   -263.62617228  -1802.16776714      54       0      60
   96    258.43567022   -110.77064718  -1802.16776714      67       0      84
   97    182.25818108   -143.83669631  -1802.16776714      95       0      64
   98    192.35879587   -148.39407917  -1802.16776714      99       0      60
   99    198.62600606   -134.24674385  -1802.16776714      99       0      49
  100    145.08366860   -183.36237254  -1802.16776714      99       0      24
  101     59.82227543   -508.09483766  -1802.16776713      53       0       3
  102      4.86710009  -1717.20482250  -1802.16776714      23       0       0
  103      0.00000000  -1802.16776713  -1802.16776714       2       0       0
  104      0.00000000  -1802.16776713  -1802.16776714       0       0       0
  105      0.00000000  -1802.16776713  -1802.16776714       0       0       0
  106      5.07723287  -1710.27433292  -1802.16776714       0       0       2
  107     47.49851862   -757.71470151  -1802.16776714       2       0       5
  108     99.77581568   -384.47273144  -1802.16776714       5       0      17
  109    172.69232566   -280.78757412  -1802.16776714      18       0      31
  110    140.74400749   -259.06400635  -1802.16776714      30       0      43
  111    134.33108615   -165.69771816  -1802.16776714      47       0      47
  112    152.23772344   -213.77582967  -1802.16776714      56       0      54
  113    129.87469916   -263.47090011  -1802.16776714      66       0      52
  114    176.56297541   -155.34312204  -1802.16776714      68       0      69
  115    186.96838461   -179.12309091  -1802.16776714      76       0      68
  116    227.97215769   -243.93050377  -1802.16776714      86       0      64
  117    128.97225177   -336.17952179  -1802.16776713      97       0      36
  118     93.68610767   -323.28099975  -1802.16776713      75       0      12
  119      9.02440269  -1694.55220465  -1802.16776714      40       0       0
  120      1.26197913  -1773.92079479  -1802.16776714      10       0       0
  121      0.00000000  -1802.16776714  -1802.16776714       1       0       0
  122      0.00000000  -1802.16776714  -1802.16776714       0       0       0
  123     61.60983965   -425.29776634  -1802.16776714       0       0       2
  124     11.32220454  -1621.61720251  -1802.16776714       2       0       4
  125    175.55428169   -151.72802086  -1802.16776713       4       0      18
  126    126.28418120   -172.08542750  -1802.16776713      18       0      25
  127    136.28362404   -127.47002913  -1802.16776713      25       0      39
  128    127.79504792   -239.36705845  -1802.16776713      41       0      43
  129    197.20443145   -203.00957427  -1802.16776713      47       0      54
  130    177.94144571   -174.33884158  -1802.16776713      64       0      49
  131    171.16552208    -88.65894608  -1802.16776714      71       0      58
  132    236.11274002    -69.43515535  -1802.16776714      74       0      61
  133    198.69049891   -168.80789418  -1802.16776714      89       0      66
  134    197.82009747    -99.31398668  -1802.16776713      92       0      54
  135     93.06564090   -358.65193093  -1802.16776714      77       0      23
  136     95.32014643   -225.10735522  -1802.16776714      53       0       4
  137      0.00000000  -1802.16776713  -1802.16776714      16       0       0
  138      0.00000000  -1802.16776713  -1802.16776714       0       0       0
  139      0.00000000  -1802.16776713  -1802.16776714       0       0       0
  140      6.16719636  -1682.33117803  -1802.16776713       0       0       2
  141     68.64789312   -280.02146771  -1802.16776713       2       0       4
  142     93.41398633   -155.38413666  -1802.16776714       4       0      18
  143    131.58795986   -193.46419053  -1802.16776714      18       0      22
  144    156.58772584   -145.60262208  -1802.16776714      26       0      36
  145    107.81419675   -604.00699161  -1802.16776714      36       0      30
  146    178.95212454   -170.11883185  -1802.16776714      35       0      51
  147    138.95412353   -145.72721745  -1802.16776714      55       0      46
  148    165.29475839   -141.59908794  -1802.16776714      54       0      60
  149    185.23505150    -46.66877204  -1802.16776714      60       0      58
  150    209.36217371   -291.23136572  -1802.16776713      78       0      68
  151    167.15195634   -215.30885541  -1802.16776712      95       0      60
  152    172.59777803   -193.69397181  -1802.16776714      97       0      34
  153     81.33313474   -524.10845248  -1802.16776714      69       0      11
  154      6.27554244  -1717.30193808  -1802.16776714      40       0       0
  155      0.00000000  -1802.16776714  -1802.16776714       8       0       0
  156      0.00000000  -1802.16776714  -1802.16776714       0       0       0
  157     63.26384320   -388.44437570  -1802.16776714       0       0       2
  158      7.30970980  -1685.25311941  -1802.16776714       2       0       3
  159    116.70150505   -188.68259470  -1802.16776713       3       0      15
  160     98.86773239   -281.99657536  -1802.16776714      15       0      25
  161    157.31066155   -181.24617557  -1802.16776714      26       0      30
  162    169.65277515    -72.75785317  -1802.16776713      29       0      32
  163    145.28340466   -179.72541768  -1802.16776714      31       0      48
  164    219.68304546   -154.31992063  -1802.16776714      55       0      42
  165    129.59643304   -214.69655843  -1802.16776714      51       0      51
  166    171.88858149   -130.57029369  -1802.16776714      60       0      52
  167    201.05808950   -211.68918803  -1802.16776714      66       0      58
  168    187.47683208    -74.10893086  -1802.16776714      70       0      62
  169    201.29526651   -239.57307570  -1802.16776714      89       0      54
  170    107.03850064   -354.20253561  -1802.16776714      95       0      22
  171     14.14575008  -1708.42517825  -1802.16776714      59       0       4
  172      4.15317729  -1732.54251099  -1802.16776714      26       0       0
  173      0.00000000  -1802.16776714  -1802.16776714       2       0       0
  174     13.20849096  -1536.52586639  -1802.16776714       0       0       2
  175     70.43164086   -236.08511465  -1802.16776714       2       0       3
  176     92.38435719   -176.32466563  -1802.16776713       3       0      14
  177    135.36255188   -220.12242116  -1802.16776713      13       0      25
  178    158.90597762   -167.46752021  -1802.16776713      25       0      30
  179    108.82440419   -141.00236894  -1802.16776714      33       0      27
  180    173.22081150   -251.28765832  -1802.16776713      31       0      43
  181    150.98983611   -231.64423739  -1802.16776714      41       0      42
  182    152.55923721    -71.69321848  -1802.16776713      50       0      39
  183    143.29497501   -206.89391760  -1802.16776713      53       0      57
  184    191.48575021    -94.34632492  -1802.16776714      63       0      43
  185    169.10410433   -122.76053893  -1802.16776713      60       0      56
  186    184.91029680   -233.49494604  -1802.16776713      72       0      68
  187     90.54346149   -197.58478727  -1802.16776714      84       0      38
  188     52.94007499   -709.27646440  -1802.16776714      73       0      12
  189     70.37112802   -238.40020365  -1802.16776713      42       0       1
  190      4.37563133  -1707.51472522  -1802.16776714      10       0       0
  191      5.28386946  -1713.28199716  -1802.16776714       2       0       2
  192      8.78694691  -1661.28945584  -1802.16776714       2       0       3
  193     69.44172114   -298.84208383  -1802.16776713       3       0      14
  194     80.89450528   -469.87521737  -1802.16776713      13       0      23
  195     88.63820491   -285.70999412  -1802.16776714      25       0      27
  196     88.98388085   -237.39980591  -1802.16776713      29       0      30
  197    121.66729682   -315.19173342  -1802.16776713      30       0      37
  198    167.46402436   -241.92398554  -1802.16776713      38       0      36
  199    140.47932270   -231.65317526  -1802.16776714      42       0      44
  200    140.32194279   -174.81769031  -1802.16776714      52       0      48
  201    131.01660748   -187.58596054  -1802.16776713      52       0      43
  202    161.54089284   -239.08696478  -1802.16776713      52       0      50
  203    195.73328883   -226.48203656  -1802.16776713      68       0      54
  204    157.44993362   -156.73027934  -1802.16776714      66       0      61
  205    106.35113019   -283.90093040  -1802.16776714      71       0      24
  206     12.72802661  -1677.75765605  -1802.16776713      58       0       3
  207      4.90480139  -1718.89435823  -1802.16776713      12       0       1
  208      5.93695282  -1691.38957045  -1802.16776714       3       0       2
  209      7.17794321  -1692.22287498  -1802.16776714       2       0       3
  210     95.97797675   -274.55544333  -1802.16776714       3       0      12
  211    552.88508656  10442.85291263  -1802.16776714      12       0      24
  212    165.88385072   -104.75586900  -1802.16776714      22       0      27
  213    103.98831053   -232.49356064  -1802.16776714      28       0      26
  214     78.72010272   -266.37121608  -1802.16776713      31       0      37
  215    156.86655504   -185.29521230  -1802.16776713      38       0      35
  216    195.13695591   -165.81506718  -1802.16776713      47       0      40
  217    123.11137652   -221.41083278  -1802.16776714      46       0      46
  218    140.35936705   -245.52909106  -1802.16776713      55       0      42
  219    184.27991341   -287.43009068  -1802.16776713      49       0      47
  220    196.02413484   -179.52629137  -1802.16776713      57       0      53
  221    147.85268584   -235.98354904  -1802.16776713      63       0      56
  222    162.14439553   -198.45655744  -1802.16776713      66       0      40
  223    101.99476597   -184.22703178  -1802.16776714      65       0       9
  224      9.18758511  -1690.65447525  -1802.16776714      35       0       1
  225     61.17621703   -438.77967645  -1802.16776714       8       0       2
  226     53.45707442   -609.89700779  -1802.16776714       2       0       3
  227    114.13165262   -209.38165564  -1802.16776714       3       0      12
  228    151.04007484   -123.03466663  -1802.16776713      12       0      22
  229    106.28226229   -414.45634071  -1802.16776714      22       0      24
  230     95.22316765   -146.25416582  -1802.16776714      26       0      29
  231    104.04377380   -446.40471968  -1802.16776714      32       0      29
  232    134.22931683   -221.65660302  -1802.16776714      31       0      40
  233    170.42720071   -178.19923934  -1802.16776714      45       0      36
  234    187.15537044   -137.20234259  -1802.16776714      44       0      42
  235    140.98668708   -135.46949877  -1802.16776714      50       0      47
  236    172.27832201   -147.53982062  -1802.16776714      57       0      43
  237    199.11384815   -148.23256223  -1802.16776714      58       0      47
  238  71107.99073430 1589849.98705157  -1802.16776714      59       0      54
  239     87.64456492   -214.66609213  -1802.16776714      73       0      41
  240    117.19691368   -311.49204659  -1802.16776714      65       0      24
  241     15.23625386  -1687.58334662  -1802.16776714      47       0       5
  242      7.39107255  -1665.60042535  -1802.16776713      18       0       2
  243      9.62787499  -1636.62912134  -1802.16776713       2       0       3
  244     98.70888746   -133.86821621  -1802.16776714       3       0      12
  245     75.04248685   -478.31365712  -1802.16776714      11       0      19
  246    136.46669340   -132.72019200  -1802.16776714      18       0      24
  247    125.10018655   -217.81523181  -1802.16776713      30       0      30
  248    136.62230938   -280.40261371  -1802.16776714      32       0      25
  249 1100643.97208289 24634009.78602710  -1802.16776714      28       0      35
  250    145.91564739   -192.45506943  -1802.16776714      33       0      39
  251    196.56522327   -205.93250325  -1802.16776713      40       0      40
  252    143.06048397   -197.28213524  -1802.16776714      46       0      42
  253    131.77566280   -201.28549172  -1802.16776714      55       0      39
  254    187.89670344   -242.77993623  -1802.16776713      61       0      45
  255    157.87173490   -169.66262056  -1802.16776714      53       0      49
  256    175.01034783   -178.08447752  -1802.16776714      54       0      49
  257    163.79571798   -188.18061850  -1802.16776714      60       0      40
  258     57.40064948   -581.86661978  -1802.16776714      63       0       7
  259      7.74742624  -1700.65019679  -1802.16776714      25       0       2
  260      6.92217417  -1698.47312644  -1802.16776714       5       0       3
  261     74.61946071   -527.55919631  -1802.16776713       3       0      11
  262     57.84202637   -594.38776147  -1802.16776713      11       0      15
  263    147.61585394   -200.52697542  -1802.16776714      16       0      28
  264    150.48709065   -276.09225325  -1802.16776713      28       0      29
  265    107.01529967   -204.02838096  -1802.16776713      32       0      27
  266    130.62971655   -107.06820794  -1802.16776714      34       0      29
  267    192.55571606    -91.51943491  -1802.16776713      31       0      37
  268     80.47673302   -645.88141374  -1802.16776714      41       0      35
  269    143.74219168    -45.35910148  -1802.16776714      37       0      39
  270    162.77540709   -144.93058304  -1802.16776714      47       0      46
  271    107.12994390   -307.95761116  -1802.16776714      56       0      42
  272    153.44317381   -177.70513825  -1802.16776714      57       0      47
  273    158.24768175   -206.88420153  -1802.16776713      58       0      47
  274    120.40735592   -176.82741641  -1802.16776713      65       0      44
  275     65.87147320   -409.94447049  -1802.16776714      55       0      17
  276     66.94121671   -322.47345653  -1802.16776714      32       0       4
  277      8.11737559  -1691.96474513  -1802.16776714      11       0       3
  278     82.13926750   -329.09047382  -1802.16776713       4       0      10
  279    101.17558124   -217.10432203  -1802.16776713      10       0      15
  280    140.64503280   -135.40525924  -1802.16776713      15       0      27
  281    130.06475021   -179.86046188  -1802.16776714      28       0      24
  282 1134211.58598381 25385362.56790252  -1802.16776714      27       0      32
  283    145.99865920   -157.93641854  -1802.16776714      33       0      26
  284     68.62214026   -406.61325733  -1802.16776714      29       0      34
  285    159.50039419   -256.22248784  -1802.16776714      39       0      36
  286     33.34783403  -1479.05500634  -1802.16776713      46       0      32
  287    213.78016205    -61.59992173  -1802.16776714      37       0      47
  288    165.22470078   -101.27694496  -1802.16776714      51       0      43
  289    132.20139468   -205.21026829  -1802.16776714      55       0      45
  290    150.77502005   -227.01780874  -1802.16776713      55       0      47
  291    118.33960413   -270.75312284  -1802.16776713      60       0      45
  292    133.25725965   -361.18123234  -1802.16776714      64       0      28
  293     44.44099761   -860.21103853  -1802.16776714      53       0       6
  294     51.76283446   -650.76266632  -1802.16776714      18       0       3
  295    100.89352168   -284.18289152  -1802.16776714       3       0      10
  296    100.03390174   -404.52644001  -1802.16776713      10       0      14
  297     87.89831918   -404.05239194  -1802.16776714      14       0      23
  298    121.80041624   -195.54047891  -1802.16776713      23       0      27
  299     98.45823445   -176.16304251  -1802.16776713      29       0      31
  300    124.03516158   -229.86729247  -1802.16776714      36       0      23
  301    168.58376010   -178.30495259  -1802.16776714      30       0      32
  302    130.98498625   -237.38250485  -1802.16776713      35       0      37
  303    123.84542106   -306.08663142  -1802.16776714      39       0      30
  304    182.36828666   -115.19012514  -1802.16776713      38       0      48
  305    183.18812038   -136.30676116  -1802.16776713      47       0      37
  306    179.36007314    -95.32266089  -1802.16776713      44       0      46
  307    186.65030201    -12.04441391  -1802.16776713      53       0      40
  308    125.83910545   -141.89711775  -1802.16776714      49       0      46
  309    174.19693041   -211.90943282  -1802.16776714      54       0      39
  310     87.35102788   -296.97406925  -1802.16776713      45       0      14
  311      9.50313183  -1686.33831159  -1802.16776714      26       0       3
  312     91.35461095   -311.81140974  -1802.16776714       7       0      10
  313     47.87667840   -790.27128145  -1802.16776714      11       0      13
  314     86.96677531   -147.07708578  -1802.16776713      13       0      20
  315     99.58640276   -248.47671627  -1802.16776713      20       0      26
  316    132.58214632   -315.00778110  -1802.16776713      27       0      29
  317    119.86580450   -278.91435860  -1802.16776714      37       0      28
  318    122.47413703   -356.49940596  -1802.16776713      31       0      31
  319    137.23455604   -284.65775004  -1802.16776714      35       0      35
  320    152.34350181   -147.14888182  -1802.16776714      38       0      30
  321    156.39114162   -248.47986752  -1802.16776714      34       0      46
  322    155.60576047   -468.16304077  -1802.16776714      50       0      38
  323    162.49217202   -202.53473393  -1802.16776714      49       0      41
  324    211.92296324    -95.27812263  -1802.16776713      54       0      43
  325    134.32985928   -223.00708636  -1802.16776714      50       0      46
  326    162.02543365   -198.04319291  -1802.16776714      57       0      42
  327    134.17267426   -349.98035890  -1802.16776713      58       0      16
  328     82.88933274   -250.51075090  -1802.16776713      32       0       6
  329     80.28690250   -528.51608949  -1802.16776714      12       0      10
  330     15.30207866  -1654.13756329  -1802.16776713      10       0      13
  331 5706209.51117828 127720717.68937306  -1802.16776714      13       0      16
  332    127.35314552   -134.90714998  -1802.16776714      17       0      24
  333    188.36071509   -229.93649353  -1802.16776713      25       0      32
  334    187.10223681   -112.29809141  -1802.16776713      28       0      28
  335    134.78614549   -134.47493333  -1802.16776714      31       0      31
  336    139.82775797   -214.24569065  -1802.16776714      37       0      31
  337    122.62064406   -133.30194327  -1802.16776714      35       0      32
  338    130.40454974   -289.58861127  -1802.16776714      44       0      36
  339    120.30064275   -290.07492506  -1802.16776714      43       0      43
  340    153.06356750   -204.91743398  -1802.16776714      48       0      44
  341    153.20004558    -56.29270685  -1802.16776714      49       0      38
  342    205.05457046   -223.03650167  -1802.16776714      48       0      40
  343    140.23695840   -275.33758652  -1802.16776714      49       0      47
  344    116.62152561   -283.47684786  -1802.16776714      57       0      28
  345     56.26850824   -601.29253142  -1802.16776714      42       0       7
  346    128.01622859   -216.98006349  -1802.16776714      19       0      10
  347     17.47124314  -1597.42697153  -1802.16776713      14       0      12
  348     98.30102055   -234.41215067  -1802.16776714      15       0      16
  349    181.87693893   -177.59296972  -1802.16776713      17       0      24
  350    104.57088905   -333.81309841  -1802.16776714      24       0      32
  351    143.48526856   -210.44628091  -1802.16776713      33       0      25
  352    111.17545975   -209.91203350  -1802.16776713      27       0      27
  353    117.43472966   -251.08519980  -1802.16776713      32       0      28
  354     99.43115242   -228.48908360  -1802.16776713      28       0      36
  355    126.54782837   -225.89943193  -1802.16776714      30       0      37
  356    116.15361473   -302.71964467  -1802.16776714      41       0      44
  357    112.53839695   -237.66881149  -1802.16776714      51       0      37
  358    195.57730003    -68.92986894  -1802.16776713      48       0      44
  359    106.25426993   -580.07178645  -1802.16776714      52       0      36
  360    172.29610997   -232.13285375  -1802.16776713      48       0      41
  361 303910.53764801 6800672.19699208  -1802.16776714      53       0      35
  362     80.47311957    -57.32390992  -1802.16776714      45       0      14
  363     58.84319532   -510.11011287  -1802.16776714      26       0       9
  364    104.65980083   -370.29017751  -1802.16776714      12       0      15
  365    115.38898925   -246.29549988  -1802.16776714      17       0      15
  366    102.37860210   -158.79092374  -1802.16776714      13       0      24
  367     83.54040519   -426.31998338  -1802.16776714      26       0      29
  368    185.02282607   -212.64067918  -1802.16776714      29       0      27
  369    131.10368662   -217.55762346  -1802.16776714      34       0      29
  370    161.16884438   -173.73359176  -1802.16776713      32       0      28
  371     95.96183323   -240.81068188  -1802.16776714      32       0      32
  372     82.29350057   -556.96256556  -1802.16776713      37       0      36
  373    150.68879716   -157.57613648  -1802.16776714      38       0      37
  374    161.67235836   -290.11862722  -1802.16776714      46       0      42
  375    130.21625614   -304.37773185  -1802.16776713      46       0      36
  376    163.31637514   -123.31311933  -1802.16776714      48       0      41
  377    153.12314059   -168.45969722  -1802.16776713      57       0      39
  378    207.53660227    -11.54279078  -1802.16776714      52       0      39
  379    113.50633873   -449.91377039  -1802.16776713      57       0      20
  380     49.09530795   -770.61337828  -1802.16776714      33       0      11
  381    106.51831933    -81.47480019  -1802.16776714      16       0      15
  382     53.99487948   -995.55235006  -1802.16776714      17       0      15
  383    170.50170938   -175.10095203  -1802.16776714      16       0      21
  384    121.09521897   -276.72223560  -1802.16776714      19       0      26
  385    157.60213921   -129.94921300  -1802.16776714      29       0      31
  386    164.29869309   -257.08057757  -1802.16776714      35       0      23
  387    106.03751480   -156.02273894  -1802.16776714      32       0      34
  388     88.49111028   -397.08183874  -1802.16776714      34       0      26
  389    132.30402473   -398.18609861  -1802.16776714      33       0      34
  390    145.19946004   -190.78533349  -1802.16776713      37       0      37
  391    161.76509956   -390.04379918  -1802.16776714      38       0      43
  392    144.27654504   -174.25897681  -1802.16776714      53       0      33
  393    129.70632961   -197.75877392  -1802.16776714      43       0      40
  394    162.84480016   -234.48759426  -1802.16776714      47       0      37
  395    170.45469815   -175.46309194  -1802.16776714      50       0      43
  396    129.37326709   -222.47801102  -1802.16776714      48       0      28
  397     57.73658032   -587.53341994  -1802.16776714      39       0      12
  398     92.88020481   -212.21857046  -1802.16776714      26       0      17
  399    118.76599853   -241.24684491  -1802.16776714      20       0      15
  400    115.39580082   -250.55825515  -1802.16776713      16       0      17
  401    154.74611757   -129.77949258  -1802.16776713      17       0      28
  402    139.13946786   -196.15182709  -1802.16776714      28       0      24
  403    104.43520318   -256.02365266  -1802.16776713      28       0      29
  404    139.15264261   -141.19694507  -1802.16776714      30       0      33
  405    123.20604704   -175.87248581  -1802.16776714      40       0      27
  406    121.14540950   -204.37160034  -1802.16776713      31       0      32
  407    190.46486682    -80.59437428  -1802.16776714      34       0      34
  408    179.31940711   -142.98781401  -1802.16776714      37       0      38
  409    185.80182187    -57.06735504  -1802.16776714      39       0      40
  410    144.35531055   -374.60480211  -1802.16776714      47       0      35
  411    165.17928902   -243.13333029  -1802.16776713      42       0      42
  412    120.33660755   -261.21303583  -1802.16776713      45       0      39
  413    152.94038000   -164.30607164  -1802.16776713      49       0      27
  414     31.62335775  -1280.92758391  -1802.16776714      34       0      20
  415    100.96152403   -235.91531171  -1802.16776714      23       0      18
  416    118.44578847   -313.29683174  -1802.16776714      22       0      17
  417     93.25789334   -130.16223954  -1802.16776714      20       0      16
  418    108.67415515    -55.00765870  -1802.16776714      17       0      27
  419     98.78132104   -238.16665729  -1802.16776714      29       0      25
  420    165.72779033   -149.00160364  -1802.16776714      26       0      22
  421    129.66700260   -298.89729060  -1802.16776714      27       0      36
  422    102.98392428   -286.39741903  -1802.16776714      36       0      31
  423    140.58265910   -151.56401854  -1802.16776714      37       0      29
  424    177.75926550   -205.41349575  -1802.16776714      34       0      36
  425    134.13281461   -195.78240805  -1802.16776714      40       0      35
  426    139.31083729   -222.23579569  -1802.16776714      42       0      38
  427    193.66823564   -172.74939841  -1802.16776714      40       0      37
  428    171.29070842   -236.71200677  -1802.16776713      49       0      39
  429    140.15229031   -276.15262526  -1802.16776714      49       0      41
  430    159.49264501    -75.94053401  -1802.16776714      50       0      28
  431    142.76867207   -111.82522141  -1802.16776714      42       0      22
  432     45.91793222   -931.01018371  -1802.16776714      33       0      19
  433     74.50034854   -220.20470295  -1802.16776714      22       0      17
  434     90.74843806   -297.28204442  -1802.16776714      21       0      17
  435    124.36081306   -204.12177442  -1802.16776714      19       0      24
  436     73.96819402   -510.20455625  -1802.16776714      26       0      27
  437    119.99479489   -227.99606668  -1802.16776714      30       0      21
  438    133.54445875   -252.82302265  -1802.16776714      24       0      34
  439     94.74151091   -557.06633413  -1802.16776714      34       0      30
  440     86.83853513   -233.78216434  -1802.16776714      38       0      29
  441    160.33823595   -195.16465900  -1802.16776714      33       0      35
  442     98.92658097   -467.59557918  -1802.16776714      42       0      38
  443    147.54355619   -161.40512680  -1802.16776714      46       0      32
  444    116.13645008   -491.66977591  -1802.16776714      39       0      36
  445    189.10731117   -198.20653222  -1802.16776714      45       0      40
  446    128.80263409   -247.11267463  -1802.16776714      45       0      41
  447    162.85827667   -195.64455113  -1802.16776713      49       0      28
  448    138.99759304   -220.35720977  -1802.16776714      36       0      30
  449     79.13789228   -332.15515776  -1802.16776713      36       0      18
  450    128.70789441   -243.46812078  -1802.16776714      25       0      17
  451     36.54394538  -1125.95491380  -1802.16776714      19       0      18
  452     83.28900612   -444.09083709  -1802.16776714      20       0      23
  453    172.41038397   -194.31008985  -1802.16776714      24       0      27
  454    128.97233996   -232.40082943  -1802.16776714      26       0      21
  455    105.01119612   -290.04598459  -1802.16776714      24       0      30
  456    126.95324445   -178.92565748  -1802.16776714      30       0      31
  457    123.79212417    -10.10340705  -1802.16776714      35       0      32
  458    109.63627778   -217.35706699  -1802.16776714      36       0      29
  459    146.27819787   -202.24862957  -1802.16776714      36       0      37
  460    147.45260839   -136.70610326  -1802.16776714      45       0      32
  461    110.53534184   -306.51468306  -1802.16776714      38       0      41
  462    195.24468794   -132.59335791  -1802.16776714      47       0      39
  463    139.05531008   -237.53273244  -1802.16776713      48       0      40
  464    124.32963167   -263.45350945  -1802.16776714      46       0      31
  465    107.21990048   -410.91733055  -1802.16776714      36       0      27
  466     88.11904221   -246.74524782  -1802.16776714      41       0      23
  467     83.18411994   -264.73405443  -1802.16776714      30       0      17
  468    129.47377661   -189.94159947  -1802.16776714      23       0      20
  469    122.78995013    -40.81519337  -1802.16776713      22       0      22
  470    143.05553102   -174.85306627  -1802.16776714      22       0      25
  471     88.02076025   -310.43898487  -1802.16776713      26       0      22
  472    154.35336086   -213.28418311  -1802.16776714      23       0      29
  473    153.95742708   -141.32426636  -1802.16776714      27       0      29
  474     26.70231283  -1642.83155644  -1802.16776714      33       0      30
  475    161.19594392   -240.03601931  -1802.16776714      33       0      31
  476    116.00084384   -368.41903278  -1802.16776714      32       0      37
  477    143.53443755   -343.96749008  -1802.16776714      42       0      29
  478    106.11395813   -100.28885256  -1802.16776714      40       0      38
  479    220.42872770    -99.54176497  -1802.16776714      43       0      41
  480    135.96086892   -374.39592748  -1802.16776714      48       0      39
  481    120.15600801   -176.64894762  -1802.16776714      49       0      32
  482    119.07906211   -246.75062760  -1802.16776714      44       0      35
  483    104.50877327   -336.40108040  -1802.16776714      39       0      19
  484    119.08172459   -442.54872329  -1802.16776713      27       0      20
  485     64.41471011   -446.56019985  -1802.16776714      23       0      22
  486    133.77659136   -180.67240184  -1802.16776714      24       0      21
  487    119.64172833   -157.16136413  -1802.16776713      24       0      24
  488    111.27183494   -371.11135904  -1802.16776714      26       0      24
  489    135.77409079   -335.21420568  -1802.16776714      25       0      27
  490    190.31807820   -168.03332925  -1802.16776714      30       0      27
  491    128.76161733   -263.00047125  -1802.16776714      33       0      33
  492    153.48998031   -158.98111949  -1802.16776714      36       0      28
  493    111.48276304   -303.23051407  -1802.16776713      29       0      28
  494    119.31263440   -244.06372983  -1802.16776713      30       0      34
  495    132.80759068   -268.45518382  -1802.16776713      35       0      41
  496     85.05966599   -127.93356898  -1802.16776714      50       0      36
  497    134.63692822   -308.33321003  -1802.16776714      46       0      39
  498    121.57314110   -545.99169766  -1802.16776714      43       0      37
  499    176.69820259   -168.73388439  -1802.16776714      43       0      33
  500     80.48964764   -204.85559034  -1802.16776714      47       0      23
  501    128.45165687    -19.41703104  -1802.16776713      32       0      23
  502    129.87500895   -210.57738811  -1802.16776714      28       0      18
  503    134.16523908   -288.62964018  -1802.16776714      21       0      22
  504    170.20665418   -297.28275803  -1802.16776714      23       0      27
  505    128.42185844   -147.43154250  -1802.16776714      28       0      19
  506    152.13363565   -216.46519445  -1802.16776714      19       0      28
  507    143.74697489   -289.28923896  -1802.16776714      28       0      28
  508    124.85212702   -213.92635708  -1802.16776713      33       0      35
  509    106.65632371   -260.90655297  -1802.16776714      41       0      26
  510    141.27975390   -251.23895378  -1802.16776714      34       0      28
  511    180.76485591   -196.03271144  -1802.16776714      34       0      30
  512    113.69149210   -156.73720682  -1802.16776714      37       0      36
  513    172.29152912   -246.69452333  -1802.16776714      43       0      42
  514    158.25819539   -166.92591076  -1802.16776714      43       0      38
  515    143.27376234   -272.15194568  -1802.16776713      43       0      33
  516    143.85806923   -128.82335849  -1802.16776714      49       0      36
  517    122.54710495   -294.30513525  -1802.16776714      43       0      28
  518    129.17039521   -196.72811965  -1802.16776713      34       0      24
  519     98.24538744   -139.94141368  -1802.16776714      30       0      18
  520    163.60007059   -241.15746306  -1802.16776714      20       0      24
  521    123.11982630   -140.79856648  -1802.16776714      28       0      26
  522    113.59706878   -231.54894120  -1802.16776714      27       0      19
  523    152.44909598   -193.05678574  -1802.16776714      24       0      24
  524    101.20939755   -167.00747742  -1802.16776714      24       0      27
  525    123.16756705   -321.97142353  -1802.16776713      32       0      33
  526    137.37487343   -219.94266769  -1802.16776714      35       0      28
  527    142.23219520   -253.74899283  -1802.16776714      35       0      27
  528    116.17330079   -274.36832754  -1802.16776714      31       0      29
  529    138.78518489   -208.03997475  -1802.16776714      33       0      42
  530    116.33007078   -219.04520454  -1802.16776714      43       0      36
  531    109.13368558   -243.62104169  -1802.16776714      43       0      35
  532    199.33139030   -181.66406218  -1802.16776714      40       0      37
  533    175.93128942   -136.07238392  -1802.16776713      44       0      37
  534    114.65864399   -394.16428837  -1802.16776714      49       0      28
  535    112.56579352   -243.22608689  -1802.16776714      36       0      29
  536    108.43771264   -219.84770279  -1802.16776714      38       0      15
  537    136.67782176   -101.51667858  -1802.16776714      19       0      23
  538    173.47004692   -232.69445414  -1802.16776713      20       0      29
  539 4412975.81206388 98774178.99261756  -1802.16776714      36       0      21
  540    108.08832282   -113.32754031  -1802.16776714      23       0      21
  541    135.30168149    -90.10315576  -1802.16776713      23       0      25
  542    176.83660212   -237.42851413  -1802.16776714      27       0      32
  543    132.14733000   -299.57669723  -1802.16776714      36       0      30
  544    148.94328421   -291.43953596  -1802.16776714      35       0      28
  545    151.25185978   -142.42972270  -1802.16776714      29       0      28
  546    140.69352267   -178.20404118  -1802.16776713      36       0      38
  547     96.94558021   -336.70243293  -1802.16776714      40       0      39
  548    133.52839744   -180.48025970  -1802.16776714      44       0      34
  549    184.07602318    -56.91154807  -1802.16776714      43       0      32
  550    203.75273682   -118.58675770  -1802.16776713      38       0      38
  551    124.84417739   -219.58651949  -1802.16776714      47       0      33
  552    114.03782366   -358.96406353  -1802.16776714      44       0      31
  553     63.98099082   -658.67429547  -1802.16776714      39       0      18
  554     57.41899739   -600.36586555  -1802.16776714      25       0      17
  555     90.10970176   -173.93102690  -1802.16776714      20       0      33
  556     39.21379838  -1111.83828383  -1802.16776714      36       0      21
  557    110.42256827   -173.27157475  -1802.16776714      29       0      21
  558     95.49368376   -450.02371261  -1802.16776714      24       0      24
  559    176.42974659    -55.08982291  -1802.16776714      25       0      30
  560     95.41606059   -300.21333725  -1802.16776713      31       0      30
  561    148.56315780   -220.68348700  -1802.16776714      32       0      28
  562    106.16317924   -149.47505071  -1802.16776713      32       0      29
  563    192.32901122    -99.36274071  -1802.16776714      28       0      35
  564    177.33666635   -148.37345960  -1802.16776714      36       0      38
  565    192.00865324   -231.29969451  -1802.16776714      40       0      36
  566    116.76763601   -165.60047992  -1802.16776714      44       0      32
  567     62.49184265   -590.63803142  -1802.16776714      46       0      32
  568    103.01190376   -439.63791152  -1802.16776714      38       0      37
  569    145.27592469   -147.78651249  -1802.16776714      43       0      33
  570    138.87638319   -184.96328927  -1802.16776714      34       0      21
  571     79.99227058   -317.18151601  -1802.16776713      30       0      19
  572    122.62801339   -173.88778774  -1802.16776714      21       0      26
  573    121.64137640    -39.29855322  -1802.16776714      26       0      26
  574    173.46591787   -225.61974027  -1802.16776714      31       0      23
  575     89.91906248   -182.79133788  -1802.16776714      25       0      24
  576    116.70267400   -203.07919879  -1802.16776714      25       0      29
  577    130.18084998   -152.32139438  -1802.16776714      32       0      28
  578    117.65658126   -304.36426348  -1802.16776714      32       0      32
  579     86.88048532   -295.15757794  -1802.16776714      32       0      27
  580    124.81984456   -248.37063804  -1802.16776714      36       0      35
  581    100.28103730   -122.09683873  -1802.16776714      41       0      30
  582    164.34170403   -275.80260026  -1802.16776714      39       0      32
  583    122.02269563   -256.36691010  -1802.16776714      35       0      39
  584    172.70871615   -107.17078568  -1802.16776713      42       0      37
  585    157.79747505   -164.22218434  -1802.16776714      48       0      34
  586    147.85136921   -110.07327612  -1802.16776714      47       0      33
  587    138.08287811   -377.19475036  -1802.16776714      38       0      24
  588    127.92041264    -91.75780467  -1802.16776714      29       0      20
  589    166.23415658   -161.09614064  -1802.16776714      21       0      23
  590    153.53475732   -310.44853482  -1802.16776714      27       0      27
  591     99.67481692   -214.83101528  -1802.16776714      31       0      24
  592     87.43637417   -367.52326480  -1802.16776713      30       0      24
  593    164.04319188   -140.72211454  -1802.16776714      28       0      28
  594     74.61143182   -524.69508903  -1802.16776714      34       0      27
  595    135.15189169   -139.68811884  -1802.16776714      32       0      29
  596     49.32746943   -861.82985737  -1802.16776714      33       0      27
  597    173.56971435   -135.44136377  -1802.16776714      34       0      36
  598    140.44034477    -26.66960534  -1802.16776714      42       0      33
  599    144.67810879   -326.51606180  -1802.16776713      39       0      29
  600    126.26636788   -207.92545635  -1802.16776714      33       0      34
  601    163.52333656   -249.14207024  -1802.16776714      37       0      36
  602    134.05841332   -107.14426973  -1802.16776714      41       0      41
  603    127.46043702   -117.68420306  -1802.16776714      52       0      35
  604    101.35948401   -355.21106362  -1802.16776714      49       0      23
  605     68.73092376   -376.92714318  -1802.16776714      30       0      24
  606     79.55051055    -70.51052998  -1802.16776714      28       0      18
  607    119.82138341   -155.79208785  -1802.16776714      23       0      26
  608    123.66856324   -220.30842778  -1802.16776714      29       0      26
  609    117.43096874   -182.13034528  -1802.16776714      25       0      22
  610     82.65850043   -432.17064758  -1802.16776714      28       0      27
  611    176.23726203   -167.50294603  -1802.16776713      31       0      30
  612    117.45611954    -70.76881352  -1802.16776714      36       0      27
  613    128.28924058   -205.43329031  -1802.16776713      29       0      26
  614    216.59638922    -67.67211806  -1802.16776713      29       0      38
  615    157.41095205   -217.84970507  -1802.16776714      43       0      32
  616    158.61153644    -90.47066872  -1802.16776714      39       0      31
  617    118.46861107   -249.63282342  -1802.16776714      39       0      35
  618    151.66846044   -219.67160089  -1802.16776714      45       0      28
  619    133.65650847   -146.26329446  -1802.16776713      35       0      38
  620    168.24953003   -207.22713355  -1802.16776714      37       0      43
  621    143.07890636   -266.27407675  -1802.16776713      46       0      25
  622    132.50007403   -297.17517492  -1802.16776713      33       0      24
  623    113.45604437   -381.72723725  -1802.16776714      31       0      20
  624     66.13085532   -445.97450173  -1802.16776714      20       0      26
  625    123.79759915   -134.97604646  -1802.16776714      32       0      25
  626     78.66657656   -430.27020878  -1802.16776714      31       0      21
  627    152.02339075   -239.43254799  -1802.16776714      31       0      24
  628     96.70331473   -364.22173011  -1802.16776714      23       0      35
  629    128.65956197   -150.10639858  -1802.16776714      38       0      24
  630    129.83841551   -149.25411139  -1802.16776713      29       0      28
  631    134.50741318   -392.78542676  -1802.16776713      30       0      33
  632    146.75019414   -299.69087781  -1802.16776714      36       0      30
  633    105.87394829   -309.85448397  -1802.16776714      34       0      32
  634    193.85132791    -61.46696861  -1802.16776713      37       0      40
  635    145.98301225   -116.79949230  -1802.16776714      44       0      29
  636    129.65956975   -157.83992704  -1802.16776714      38       0      37
  637     87.15429153   -711.38478492  -1802.16776714      44       0      41
  638    139.76566963   -242.37443720  -1802.16776713      52       0      27
  639    126.86720119    -68.47411534  -1802.16776713      37       0      25
  640    135.06214650    -30.37578640  -1802.16776714      30       0      18
  641    153.59624970   -163.69711672  -1802.16776714      20       0      24
  642    109.21745684   -210.40970939  -1802.16776713      27       0      25
  643    119.17636118   -335.92218690  -1802.16776714      28       0      27
  644    116.92612425   -203.99860222  -1802.16776713      33       0      20
  645    198.84446155    -77.55908014  -1802.16776714      25       0      38
  646    103.01468116   -407.02202154  -1802.16776713      42       0      24
  647    212.83223053   2235.99404180  -1802.16776713      29       0      27
  648    153.97017605   -187.44315322  -1802.16776714      30       0      30
  649     32.76478095  -1411.48361146  -1802.16776713      36       0      33
  650    112.13814003   -160.28855203  -1802.16776713      36       0      27
  651    148.48051176   -250.26130192  -1802.16776714      35       0      41
  652    138.81672735   -267.09975100  -1802.16776713      45       0      28
  653    116.37937177   -222.25956718  -1802.16776714      37       0      33
  654    116.23437620   -295.80902669  -1802.16776714      39       0      44
  655    165.37525229   -129.04036806  -1802.16776714      49       0      34
  656     94.21182514    -99.27219341  -1802.16776714      51       0      25
  657    106.17759789   -170.30858872  -1802.16776714      44       0      17
  658     83.24531277   -241.40020409  -1802.16776713      22       0      20
  659    131.18438933   -236.34146665  -1802.16776713      20       0      25
  660     90.65529558   -295.28085177  -1802.16776714      26       0      29
  661    138.23410004   -178.00865478  -1802.16776714      31       0      24
  662    144.53119522   -265.44084956  -1802.16776714      28       0      34
  663    108.84144060   -216.64561789  -1802.16776714      36       0      25
  664    125.13034825   -152.58992522  -1802.16776714      30       0      28
  665     99.68308443   -353.46420751  -1802.16776713      28       0      29
  666    152.82051026    -71.04914913  -1802.16776713      34       0      29
  667    107.38018204   -337.71158436  -1802.16776713      36       0      28
  668    126.74009194   -347.28951043  -1802.16776713      32       0      40
  669     61.73559044   -540.31893073  -1802.16776713      46       0      26
  670    131.08991076   -260.48083511  -1802.16776714      36       0      33
  671    152.05439980   -325.05518896  -1802.16776714      40       0      42
  672    133.91565597   -231.44773830  -1802.16776713      41       0      34
  673    115.52301539   -303.90660032  -1802.16776714      46       0      31
  674    107.65163687   -180.51726685  -1802.16776713      46       0      22
  675    120.26187261   -272.26657337  -1802.16776714      30       0      21
  676    163.04371514     12.28435295  -1802.16776714      23       0      22
  677    185.07114497   -217.18776828  -1802.16776714      25       0      30
  678    103.90420043   -131.85155157  -1802.16776714      31       0      23
  679    125.45993750   -120.09267818  -1802.16776714      28       0      33
  680    136.57829372   -249.81610337  -1802.16776714      35       0      27
  681     80.38942761   -112.10077243  -1802.16776714      27       0      26
  682    196.19213134   -237.31527309  -1802.16776714      35       0      28
  683    169.62070154   -123.69467257  -1802.16776713      32       0      27
  684    110.66602580   -411.24601030  -1802.16776714      35       0      29
  685    190.63998621    -65.69904004  -1802.16776714      33       0      36
  686    108.59661817   -102.80478492  -1802.16776713      40       0      29
  687    121.81975761   -356.13251048  -1802.16776713      32       0      34
  688    126.62958308   -270.93166348  -1802.16776714      37       0      39
  689     88.52385888   -350.98589202  -1802.16776714      49       0      31
  690    166.05633588   -115.47714909  -1802.16776714      39       0      38
  691    155.33489400    -50.24620865  -1802.16776714      42       0      24
  692     84.09454140   -503.77165240  -1802.16776714      36       0      23
  693    134.64383501    -27.34092752  -1802.16776714      24       0      21
  694    138.54576106   -154.93366318  -1802.16776714      25       0      28
  695    105.42751243   -273.45653834  -1802.16776714      32       0      25
  696 227257.44534122 5084930.18104661  -1802.16776714      26       0      31
  697     47.66629802   -869.44354752  -1802.16776714      31       0      23
  698    165.19787880   -187.83740612  -1802.16776714      30       0      31
  699     83.34466181   -281.52857967  -1802.16776714      33       0      25
  700    124.46863434   -166.05170241  -1802.16776714      33       0      29
  701    132.88857237   -203.89938675  -1802.16776714      29       0      28
  702    128.80419279   -155.50406400  -1802.16776714      35       0      38
  703    116.40380508    -80.68598868  -1802.16776714      40       0      26
  704    107.86619647   -430.86878664  -1802.16776714      29       0      33
  705    117.77554477   -345.30814277  -1802.16776714      36       0      37
  706     94.83665135   -184.94780655  -1802.16776714      40       0      33
  707    166.77696296    -96.32928379  -1802.16776714      43       0      37
  708    184.31448799    -94.55194874  -1802.16776714      42       0      30
  709    157.34937561   -273.42312215  -1802.16776714      41       0      21
  710     97.52981870   -353.70871317  -1802.16776714      31       0      22
  711 8310803.65631867 186019547.65354010  -1802.16776713      24       0      27
  712     69.56810720   -368.88521371  -1802.16776714      35       0      27
  713    102.71252092   -307.62883504  -1802.16776714      32       0      30
  714    113.00628829   -211.36099050  -1802.16776714      36       0      23
  715    140.08342604   -206.34239172  -1802.16776714      27       0      27
  716    122.07598217   -159.80470940  -1802.16776714      31       0      31
  717    108.24628738   -171.16761977  -1802.16776714      39       0      25
  718    136.05213928   -214.57117941  -1802.16776714      28       0      29
  719    165.69645896   -118.00294845  -1802.16776714      37       0      38
  720     98.93463543   -145.88475745  -1802.16776714      38       0      28
  721    118.64530099   -251.27820371  -1802.16776714      36       0      28
  722    106.19978810   -264.88651440  -1802.16776714      29       0      35
  723    135.12534473   -270.15337105  -1802.16776714      39       0      34
  724    157.77588066   -164.85115507  -1802.16776714      42       0      36
  725    108.01251803   -221.99001351  -1802.16776714      41       0      34
  726    116.05354542   -258.64498945  -1802.16776713      45       0      22
  727    112.79595792   -182.62100805  -1802.16776714      29       0      19
  728     82.44940338   -566.20156360  -1802.16776714      22       0      30
  729    159.29999091   -180.56038060  -1802.16776714      31       0      24
  730    133.20432218   -172.01690739  -1802.16776713      27       0      31
  731    117.06247969   -308.92979415  -1802.16776714      32       0      25
  732    114.58805600   -267.34627229  -1802.16776713      30       0      27
  733    143.56194953   -310.15688267  -1802.16776714      30       0      31
  734    159.41010835   -284.94991550  -1802.16776713      36       0      23
  735    141.93819979   -248.46367693  -1802.16776714      29       0      30
  736    134.60210975   -186.49386892  -1802.16776714      37       0      40
  737    182.94819260     44.81233933  -1802.16776714      45       0      27
  738    133.99289703   -227.41349584  -1802.16776714      33       0      29
  739    143.54153442   -239.02511969  -1802.16776714      34       0      31
  740    115.01338298   -260.36270708  -1802.16776714      38       0      32
  741    182.32723167   -192.89686435  -1802.16776714      35       0      37
  742    197.40235348    -19.55982321  -1802.16776714      45       0      37
  743     85.26928935   -343.74673117  -1802.16776714      49       0      24
  744    115.94457500   -250.21536660  -1802.16776714      34       0      21
  745    142.30065925   -317.50676503  -1802.16776714      30       0      27
  746    154.11421892   -208.46878709  -1802.16776714      27       0      26
  747    159.27311306   -189.26121306  -1802.16776714      31       0      28
  748    132.97540334   -168.69695047  -1802.16776714      30       0      28
  749    101.97092451   -152.97108416  -1802.16776714      32       0      22
  750    103.47867894   -227.68472585  -1802.16776714      28       0      32
  751    102.37111193   -469.40842862  -1802.16776714      36       0      24
  752    113.02083354   -149.09112869  -1802.16776714      27       0      28
  753    143.29236838   -128.10065666  -1802.16776714      33       0      41
  754     85.55756458   -391.51715042  -1802.16776714      46       0      28
  755    126.60580636   -362.72550007  -1802.16776714      32       0      29
  756     98.77796495   -205.16419511  -1802.16776714      31       0      28
  757    112.04637554   -365.94537658  -1802.16776714      32       0      33
  758    148.13628869   -219.06809076  -1802.16776714      34       0      33
  759    150.34408319   -199.30796382  -1802.16776714      41       0      38
  760 2290431.41593587 51265107.25676242  -1802.16776714      42       0      27
  761    132.54766035   -291.48318330  -1802.16776714      32       0      27
  762    152.55662739   -225.90693999  -1802.16776714      34       0      25
  763    140.48288197   -161.24454229  -1802.16776713      29       0      26
  764    104.83447298   -112.31554370  -1802.16776714      25       0      27
  765    158.77838750   -112.31554370  -1802.16776714      29       0      27
  766     96.32908528   -217.63585082  -1802.16776714      32       0      24
  767    147.20875503   -148.03619447  -1802.16776714      32       0      32
  768    154.75759004   -256.51032200  -1802.16776714      37       0      22
  769    103.23971289   -259.93208529  -1802.16776713      29       0      28
  770    131.64730772   -217.98287108  -1802.16776714      31       0      40
  771    138.92318773   -256.15597844  -1802.16776714      43       0      29
  772    155.64617974   -195.02529467  -1802.16776714      34       0      33
  773    122.72913183   -114.31336362  -1802.16776714      39       0      26
  774    135.75128483   -271.33342393  -1802.16776714      31       0      32
  775    123.49960572   -254.22841707  -1802.16776714      38       0      32
  776    138.12743298   -349.68323378  -1802.16776714      42       0      37
  777     75.65162707   -555.81033933  -1802.16776714      33       0      26
  778    195.30223441   -125.50777403  -1802.16776714      36       0      32
  779    170.48248382   -161.36251326  -1802.16776714      37       0      25
  780    133.36419190   -230.84426313  -1802.16776714      27       0      27
  781    123.30273716   -333.33339594  -1802.16776714      29       0      22
  782    158.96593090   -144.38418840  -1802.16776714      27       0      25
  783    111.64663757   -310.96417582  -1802.16776714      29       0      28
  784    173.97329319   -350.11214702  -1802.16776714      34       0      29
  785    104.46027971   -475.59008714  -1802.16776714      35       0      26
  786 579754.79327626 12974911.84627462  -1802.16776714      33       0      28
  787    122.49705985   -124.62096910  -1802.16776714      33       0      36
  788     89.26875630   -338.07614402  -1802.16776714      37       0      31
  789    123.10544205   -246.82936303  -1802.16776714      37       0      33
  790    118.65361538   -186.72654296  -1802.16776714      41       0      26
  791    136.19827164   -128.31429478  -1802.16776714      35       0      29
  792    121.97107243   -242.64649891  -1802.16776714      35       0      38
  793    132.40788103   -239.37905188  -1802.16776714      44       0      34
  794    133.93516346   -308.62426056  -1802.16776714      42       0      26
  795    112.18814425   -378.08539119  -1802.16776714      34       0      33
  796    146.63476837    -89.09190335  -1802.16776714      34       0      27
  797    133.49470882   -149.48056478  -1802.16776714      35       0      25
  798    113.99754567   -150.46865261  -1802.16776714      29       0      21
  799    162.80152528   -175.74491476  -1802.16776714      25       0      25
  800    146.75247247   -121.81439327  -1802.16776714      27       0      25
  801    116.50346262   -370.89215542  -1802.16776714      29       0      30
  802    130.64254887   -313.52004913  -1802.16776713      33       0      29
  803    122.02631440   -177.57259358  -1802.16776714      32       0      27
  804    127.95861311   -169.42870144  -1802.16776714      30       0      36
  805    151.71299643   -200.13217642  -1802.16776714      38       0      30
  806     84.77491280   -259.09649082  -1802.16776714      36       0      29
  807    117.14424760   -286.05152461  -1802.16776714      34       0      30
  808    137.66012148   -258.01423257  -1802.16776714      34       0      31
  809     96.75987683   -306.89369009  -1802.16776714      35       0      32
  810    159.25794840   -169.41099617  -1802.16776714      34       0      41
  811    155.81399045   -196.96176296  -1802.16776714      45       0      25
  812    109.47111676   -131.49751283  -1802.16776714      33       0      29
  813    159.22501907   -177.46559362  -1802.16776714      32       0      31
  814     88.91175300   -356.80230164  -1802.16776714      36       0      25
  815    150.14209266   -268.54652500  -1802.16776714      27       0      23
  816    131.67633099   -241.40840303  -1802.16776714      27       0      24
  817    138.37378644   -382.04628413  -1802.16776714      25       0      26
  818    127.76613220   -224.46822170  -1802.16776714      29       0      30
  819    132.29295009   -289.17871766  -1802.16776714      32       0      26
  820    117.50916019   -186.53524014  -1802.16776714      30       0      29
  821    151.20120051   -244.04524586  -1802.16776714      32       0      34
  822    132.13153132   -151.87886330  -1802.16776714      39       0      31
  823    123.35213544   -185.02155441  -1802.56105657      37       1      27
  824    109.08723227   -270.88844121  -1802.56105658      38     241      20
  825     88.86295335   -170.05288487  -1802.56105656     114       5      23
  826    100.79361590   -154.62871170  -1802.56105656     134       0      19
  827    167.27130839   -221.04448010  -1802.56105659      84       0      32
  828    170.68397549   -234.27973661  -1802.56105659      49       0      38
  829    148.97920440   -107.98139322  -1802.56105659      43       0      27
  830    172.01322478   -240.68598150  -1802.56105658      35       0      32
  831     92.67203936    -31.07517987  -1802.56105659      36       0      30
  832    142.68895952   -116.20579341  -1802.56105658      36       0      25
  833    123.20378297   -117.15292908  -1802.56105659      27       0      24
  834     22.03459748  -1596.89295358  -1802.56105657      30       0      19
  835     86.19612924   -290.97771770  -1802.56105659      19       0      25
  836     64.33732109   -483.01023117  -1802.56105658      27       0      31
  837    103.27709786   -270.24401237  -1802.56105659      32       0      26
  838    167.93460670   -175.81948282  -1802.56105657      31       0      30
  839    170.08828463   -123.20088243  -1802.56105658      34       0      31
  840    181.30514602   -185.86451197  -1802.56105658      35       0      34
  841    173.90191050   -195.87791342  -1802.56105658      34       0      33
  842    171.75044054   -112.18505209  -1802.56105658      43       0      33
  843    130.62490076   -214.01838270  -1802.56105658      41       0      26
  844     82.31177307   -514.53733539  -1802.56105658      32       0      35
  845     85.83501166   -448.36500339  -1802.56105651      38       0      32
  846    128.98202136   -203.48588614  -1802.56105651      41       0      30
  847    109.89954043   -115.84476770  -1802.56105658      35       0      30
  848    103.76769720   -197.62065285  -1802.56105658      36       0      33
  849    103.75752190   -217.59854204  -1802.56105651      39       0      24
  850     94.47695320   -266.23220469  -1802.56105658      29       0      27
  851     82.38252692   -366.63984120  -1802.56105658      33       0      19
  852 157685.50737313 3527697.31924187  -1802.56105658      23       0      23
  853    150.50148644    -20.49311376  -1802.56105658      26       0      30
  854    144.70674069   -240.83265661  -1802.56105659      30       0      25
  855    159.77382332   -120.49417127  -1802.56105645      29       0      31
  856    168.42434259   -162.85654609  -1802.56105658      34       0      33
  857    114.93173032   -305.76140291  -1802.56105658      33       0      28
  858    166.54256251     34.83904868  -1802.56105659      35       0      33
  859    120.22853763   -139.48627528  -1802.56105656      38       0      36
  860    114.49267161   -194.72972216  -1802.56105658      42       0      28
  861    145.99000556   -261.57136501  -1802.56105658      35       0      28
  862    113.48546227    -73.92049820  -1802.56105651      33       0      36
  863    156.46328459   -189.96953079  -1802.56105659      37       0      32
  864    177.25722006   -163.34830855  -1802.56105658      38       0      27
  865    105.24541333   -219.66105638  -1802.56105659      33       0      37
  866     84.05710902   -353.47456248  -1802.56105655      38       0      21
  867    144.56729536   -134.98286642  -1802.56105659      28       0      28
  868    134.84800181   -226.46913762  -1802.56105659      29       0      22
  869    161.15675007   -155.86821046  -1802.56105658      25       0      24
  870    145.47311404   -177.43110821  -1802.56105659      25       0      26
  871    136.66810352    -71.44238148  -1802.56105658      30       0      26
  872     44.15240137  -1003.59529958  -1802.56105657      27       0      33
  873    160.84405533   -187.82858938  -1802.56105657      35       0      30
  874    107.46086870   -209.31116492  -1802.56105659      33       0      29
  875    101.13370657   -578.69803331  -1802.56105658      32       0      30
  876    127.57497694   -252.79904376  -1802.56105658      33       0      37
  877    147.25926622   -134.32952143  -1802.56105658      40       0      31
  878    108.66407410   -401.82310092  -1802.56105658      43       0      27
  879    178.03641613    -86.03360073  -1802.56105659      38       0      34
  880    163.64078597   -182.18371062  -1802.56105658      42       0      35
  881    116.88007043   -235.29288795  -1802.56105658      41       0      27
  882    148.18591021   -191.62138589  -1802.56105658      33       0      35
  883    116.91680412   -201.08935485  -1802.56105658      41       0      23
  884    160.39704407   -300.73452636  -1802.56105658      28       0      30
  885    122.76163338   -267.36147843  -1802.56105658      38       0      21
  886     95.05806639   -405.04833351  -1802.56105659      26       0      23
  887     94.50864883   -477.20796700  -1802.56105658      26       0      28
  888    122.42210651   -193.17935672  -1802.56105658      30       0      23
  889    142.60520099   -155.03564153  -1802.56105658      23       0      34
  890    135.24233898   -174.78826622  -1802.56105658      36       0      30
  891    121.27173157   -401.04395915  -1802.56105658      38       0      28
  892    122.89506460   -216.88650303  -1802.56105658      32       0      29
  893    127.51643844   -176.02383061  -1802.56105659      30       0      28
  894    138.86018686    -97.94764815  -1802.56105659      33       0      32
  895    146.37119659   -208.59264065  -1802.56105659      35       0      37
  896    111.94959306   -217.86570833  -1802.56105659      43       0      32
  897    117.13656864   -222.16428717  -1802.56105658      39       0      34
  898     85.34689274   -337.39652012  -1802.56105659      41       0      26
  899    173.65261494   -142.85290712  -1802.56105659      32       0      39
  900    108.93283739   -301.63090197  -1802.56105658      41       0      19
  901    131.42313664   -227.88474320  -1802.56105659      27       0      32
  902    119.22852627   -327.90830506  -1802.56105659      35       0      22
  903     92.16240801   -371.80113111  -1802.56105659      31       0      27
  904    123.88186676   -274.23357068  -1802.56105658      32       0      25
  905    129.07036607   -230.16020780  -1802.56105659      27       0      23
  906    138.35809368   -183.74095995  -1802.56105658      26       0      32
  907    173.95411156   -149.42962212  -1802.56105658      35       0      31
  908    109.58879274   -310.63232156  -1802.56105658      39       0      31
  909    133.33003930   -278.76282072  -1802.56105658      33       0      25
  910    120.86681445   -288.13455827  -1802.56105659      25       0      30
  911    102.06282347   -417.85665908  -1802.56105658      33       0      29
  912    139.99232170    -81.31939055  -1802.56105658      34       0      31
  913    148.92421666   -263.55731248  -1802.56105658      37       0      38
  914    157.34526701   -182.08646275  -1802.56105656      45       0      35
  915    101.07596822   -482.59571515  -1802.56105657      40       0      27
  916    151.07821104   -177.64212557  -1802.56105658      36       0      39
  917    166.37445031   -164.74818408  -1802.56105657      44       0      20
  918    112.23377274   -239.36592757  -1802.56105658      28       0      27
  919    138.35308664   -258.80110891  -1802.56105654      29       0      25
  920    182.45445471   -111.18854606  -1802.56105659      26       0      30
  921    131.07115741   -278.72898169  -1802.56105657      34       0      25
  922    119.20458841   -152.58828354  -1802.56105657      36       0      21
  923    133.29475465   -178.53526816  -1802.56105658      29       0      29
  924    124.75550543   -418.64740171  -1802.56105658      32       0      35
  925     40.57581175  -1193.78355076  -1802.56105659      35       0      31
  926    195.02473914   -162.32122004  -1802.56105654      36       0      26
  927    101.61111419   -381.79980297  -1802.56105659      28       0      26
  928     64.51964714   -502.43442654  -1802.56105658      30       0      30
  929    130.35209973   -230.95097819  -1802.56105658      34       0      31
  930 487747.14731580 10915494.13262490  -1802.56105658      34       0      36
  931    178.13356906   -200.60425537  -1802.56105658      37       0      35
  932    143.28648373   -107.21925517  -1802.56105659      46       0      27
  933 1418434.21720130 31747152.87416800  -1802.56105658      41       0      40
  934    119.92283819   -153.78973895  -1802.56105658      42       0      23
  935     98.98736899   -409.16338046  -1802.56105658      28       0      27
  936    115.89936708   -154.85599221  -1802.56105658      32       0      24
  937    174.25375529   -115.08566703  -1802.56105658      27       0      25
  938    107.22934095    -48.11879801  -1802.56105658      24       0      28
  939     64.21290818   -470.98649186  -1802.56105658      37       0      24
  940    147.11578361   -219.90610415  -1802.56105658      30       0      29
  941    124.29947372    -42.65724580  -1802.56105658      36       0      36
  942    129.02147576   -305.40125464  -1802.56105658      40       0      31
  943    104.60192941   -208.03602028  -1802.56105658      35       0      24
  944    154.48266997   -154.69502484  -1802.56105658      30       0      25
  945    106.45539106   -244.46504090  -1802.56105658      27       0      33
  946    169.83276461   -280.97485707  -1802.56105658      33       0      28
  947    149.25556666   -200.75314814  -1802.56105658      33       0      31
  948    149.98466943   -270.98217365  -1802.56105658      37       0      34
  949    162.40500184   -197.22602154  -1802.56105659      39       0      34
  950    146.20045770   -287.10529924  -1802.56105659      40       0      38
  951    122.74162950   -296.79712052  -1802.56105658      39       0      27
  952    171.94381582    -85.60774128  -1802.56105659      35       0      25
  953    124.32513514   -218.79885997  -1802.56105658      30       0      27
  954     78.24711594   -276.85535876  -1802.56105659      36       0      18
  955    158.63016643   -224.53606917  -1802.56105658      25       0      30
  956    127.77268232   -169.53336834  -1802.56105658      32       0      24
  957     99.73167906   -196.70482948  -1802.56105658      27       0      30
  958    143.66907215   -193.68457506  -1802.56105659      32       0      36
  959    163.75221817   -213.34818065  -1802.56105659      36       0      32
  960    145.51265258    -99.40449809  -1802.56105658      41       0      27
  961    159.66207618   -143.12452549  -1802.56105658      39       0      23
  962    116.53081209   -198.67301957  -1802.56105658      24       0      32
  963    143.23684124   -323.87378124  -1802.56105658      33       0      27
  964    103.66010358   -423.05570903  -1802.56105659      32       0      28
  965    153.21209847   -214.45133810  -1802.56105658      32       0      39
  966    170.77966992   -152.01917543  -1802.56105658      40       0      33
  967    122.40789561   -221.95116981  -1802.56105658      43       0      34
  968    148.72875545   -286.10265267  -1802.56105651      35       0      30
  969     85.92872074   -411.50441798  -1802.56105659      38       0      21
  970     89.44763941   -269.74732742  -1802.56105658      30       0      32
  971    114.18692349   -116.25056074  -1802.56105658      32       0      19
  972    184.38182187   -132.99560664  -1802.56105658      26       0      31
  973     77.25183496   -427.45271183  -1802.56105659      33       0      23
  974    112.49478025   -258.04102744  -1802.56105658      25       0      29
  975     92.01291382   -360.40251043  -1802.56105658      34       0      33
  976    150.67526603   -100.81864380  -1802.56105653      40       0      31
  977    121.07920527   -246.06388171  -1802.56105659      35       0      31
  978    120.23659886   -416.78629868  -1802.56105658      37       0      26
  979    104.14139270   -351.64438660  -1802.56105658      30       0      29
  980     74.44639170   -336.22921439  -1802.56105657      36       0      27
  981    133.19961287   -152.73026812  -1802.56105653      37       0      30
  982    143.12790171   -242.09853582  -1802.56105659      32       0      32
  983    155.76427874   -241.73939386  -1802.56105659      37       0      38
  984    113.53588385   -309.26644279  -1802.56105656      40       0      32
  985    107.77351764   -584.49355862  -1802.56105659      38       0      30
  986    117.21642083   -277.25932962  -1802.56105658      37       0      23
  987    129.46900071   -290.46485068  -1802.56105659      27       0      33
  988    103.85712372   -301.42527842  -1802.56105658      33       0      19
  989    146.93218755   -122.29648616  -1802.56105658      26       0      31
  990    115.18794696   -173.64711952  -1802.56105658      33       0      21
  991    117.40073125   -196.81588011  -1802.56105655      26       0      28
  992    107.79273251   -175.16731650  -1802.56105658      30       0      33
  993    187.67170633   -125.59146673  -1802.56105658      35       0      30
  994     94.84409283   -134.82906824  -1802.56105658      37       0      32
  995    164.44418629   -134.92463736  -1802.56105656      39       0      27
  996    104.40711607    -95.48245720  -1802.56105658      37       0      27
  997    116.16701182   -169.03294508  -1802.56105657      30       0      31
  998    159.66195140   -284.64753339  -1802.56105654      33       0      26
  999    149.52256598   -122.83757564  -1802.56105658      35       0      37
 1000    116.99149195   -163.91425462  -1802.56105658      37       0      34
----------------------------------------------------------------------------------
Artificial Bee Colony Optimization Finished!

 -- Results Report --
 * 100 LMs will be saved in [ co3_20_waters-LM ].
      #          Energy
      0  -1802.56105654
      1  -1802.16776714
      2  -1801.28840039
      3  -1801.04777048
      4  -1798.99724323
      5  -1798.98766333
      6  -1798.92850396
      7  -1798.80913244
      8  -1798.74346886
      9  -1798.28586271
     10  -1798.26481962
     11  -1798.03968743
     12  -1797.12166748
     13  -1795.88130829
     14  -1795.81573179
     15  -1795.75609816
     16  -1795.05103172
     17  -1794.84324472
     18  -1794.41509587
     19  -1794.20206718
     20  -1793.98379059
     21  -1793.54829720
     22  -1793.49860161
     23  -1793.26754829
     24  -1793.12918303
     25  -1793.12737339
     26  -1793.09851430
     27  -1792.99190554
     28  -1792.96015876
     29  -1792.87090606
     30  -1792.75955687
     31  -1792.48829059
     32  -1792.39626931
     33  -1792.12877435
     34  -1791.94322151
     35  -1791.71020929
     36  -1791.56454566
     37  -1791.52997774
     38  -1791.46848901
     39  -1790.14069606
     40  -1790.04499230
     41  -1789.78398536
     42  -1789.69359418
     43  -1789.11852845
     44  -1788.41778617
     45  -1788.37566080
     46  -1788.16303505
     47  -1788.12378129
     48  -1788.08984709
     49  -1788.06336453
     50  -1788.00778204
     51  -1788.00237784
     52  -1787.98525334
     53  -1787.78825254
     54  -1787.59659889
     55  -1787.35475697
     56  -1787.31518277
     57  -1787.30899114
     58  -1786.51311724
     59  -1786.34295804
     60  -1786.03978084
     61  -1785.60908717
     62  -1785.50394479
     63  -1785.42184462
     64  -1785.39579932
     65  -1785.17891813
     66  -1785.09616344
     67  -1784.83678761
     68  -1784.71961198
     69  -1784.59714534
     70  -1784.42845853
     71  -1784.41681910
     72  -1784.40408806
     73  -1784.38885578
     74  -1784.35931116
     75  -1784.17144255
     76  -1784.08912897
     77  -1784.04492850
     78  -1783.94038691
     79  -1783.84446491
     80  -1783.76985253
     81  -1783.73468502
     82  -1783.70888444
     83  -1783.69395645
     84  -1783.59587261
     85  -1783.25771943
     86  -1783.23672902
     87  -1783.18067936
     88  -1783.06795212
     89  -1783.03744142
     90  -1782.97337244
     91  -1782.96568439
     92  -1782.95158675
     93  -1782.88386015
     94  -1782.77942749
     95  -1782.77800838
     96  -1782.70097541
     97  -1782.65814483
     98  -1782.61641814
     99  -1782.54407136

 * Final Global Minimal Energy:  -1802.56105657
 * The Global Minimum is saved as: [ co3_20_waters-OPT.(cluster/xyz/gjf) ]

===== (^ _ ^) =====
Normal termination at Wed Nov 28 01:00:45 2018.
Total run time: 32012 seconds = 0 days 8 hours 53 minutes 32 seconds.
