    * * * * * * * * * * * * * * * * * * * * *
    *       __    ____    ______            *
    *      /  \  |  _ \  |  ___/  luster !  *
     *    / _  \ | |_| | | |               *
     *   / /_\ | |  _ <  | |     < @  @ >  * 
     *  / ___  | | |_| | | |___ _ _  o     * 
    *  /_/   |_| |____/  |_____ _ __ __  _  *
    *                                       *
    * * * * * * * * * * * * * * * * * * * * *

ABCluster 1.5.1
Specific flag:  official version
Platform:       LINUX/UNIX
Compiled by:    junzhang@gellmann.scs.illinois.edu
Compiling date: Dec 18 2017 20:33:35
C++ compiler:   g++
C++ options:    -O3 -Os -fno-exceptions --std=c++0x -fopenmp 

Contributors:
Jun Zhang(University of Cologne): Design and coding.

For any suggestions, comments, and questions on the theory and
implementation of ABCluster, please feel free to contact:

Dr. Jun Zhang, ZhangJunQcc@gmail.com

If you used this program in your work, please cite this reference:

[1] Zhang, J.; Dolg, M.; ABCluster: The Artificial Bee Colony Algorithm for
    Cluster Global Optimization. Phys. Chem. Chem. Phys. 2015, 17, 24173-24181.
[2] Zhang, J.; Dolg, M.; Global Optimization of Clusters of Rigid Molecules by the
    Artificial Bee Colony Algorithm. Phys. Chem. Chem. Phys. 2016, 18, 3003-3010.

Program starts at Wed Dec 18 14:06:34 2019.
Command line: " /ihome/jkeith/amm503/codes/ABCluster/rigidmol-optimizer solvent.inp "
Process ID:   186033
Run by:       amm503@smp-n28.crc.pitt.edu
Available CPU cores:    24
Read "OMP_NUM_THREADS": Unset

Random number testing (integers): 2058705811...1129235974
Random number testing (fractals): 0.73610200...0.39952021

 -- Input/Output Parameters --
Input file name:      solvent.inp
Cluster file name:    solvent.cluster
Result file name:     lm-cl-solvent.(cluster/xyz/gjf)
Temporary file name:  abclusteramm503smp-n28.crc.pitt.edu186033-OPT
# of saved LMs:       100
LMs are stored in:    lm-cl-solvent-LM

 -- ABC Control Parameters --
Population size:                  500
Maximal generation:              1000
Scout limit:                       15
Amplitude:                18.00000000

 -- Cluster Components: from [ solvent.cluster ] --
 -----------------------------------------------------------
   Source                                       #   Charge
 -----------------------------------------------------------
   charmm36/ch3cn.xyz                           7   -0.000
   charmm36/cl.xyz                              1   -1.000
 -----------------------------------------------------------
   Dimension: 0, an isolate cluster.
 -----------------------------------------------------------

Artificial Bee Colony Optimization Starts!
----------------------------------------------------------------------------------
 * Population: 500; Maximal cycles: 1000
 * EM = Employed Bee; Trigonometric mutation
 * OL = Onlooker Bee; ABC/best/2(0.5)+ABC/current/2(0.5);
        Tournament selection from 5 nectars.
 * SC = Scout Bee; Random nectar; Limit = 15
----------------------------------------------------------------------------------
    #       Diversity            maxE            minE    byEM    byOL    bySC
----------------------------------------------------------------------------------
    1     16.85264074   -113.66269903   -271.01870846     354      53       0
    2      6.06873464   -241.31994368   -271.01870846     275      76       0
    3      4.83014635   -250.66333057   -271.01870846     175      45       0
    4      3.81625553   -251.42507856   -271.01871855     120      29       0
    5      2.93368512   -255.34107902   -271.01871856     112      37       0
    6      2.55636497   -255.98965510   -271.01871855      96      38       0
    7      2.03510597   -259.22923305   -271.01871104      78      20       0
    8      1.72918351   -259.22923305   -271.01871855      66      11       0
    9      1.40467783   -264.42157785   -271.01871275      71      15       0
   10      1.21947233   -264.50512529   -271.01871855      49      18       0
   11      0.97803642   -264.50512529   -271.01870973      58       7       0
   12      0.77645984   -265.97877272   -271.01871855      41      11       0
   13      0.61755486   -265.97877272   -271.01871855      42       3       0
   14      0.51646045   -267.06444066   -271.01871921      42       5       0
   15      0.48895230   -267.06444066   -271.01871071      38       2       0
   16      0.46587774   -267.06444066   -271.01871071      42       2       0
   17      0.34686735   -267.19021167   -271.01871855      42       4       0
   18      8.75833290    -92.02129818   -271.01871856      35       0       5
   19     14.32212755   -130.80066350   -271.01871855      36       1      32
   20 2582961.42815548 57814355.74816709   -271.01871855      49       0     107
   21     40.25454010    -15.95349243   -271.01871855     104       0     138
   22     44.90841957    -22.02870677   -271.01871856     147       1     125
   23     31.04193416     20.29570253   -271.01871182     191       6      64
   24     18.52831791    -81.68844759   -271.01871855     192       5      22
   25      3.71205070   -247.35919752   -271.01871855     184       7       2
   26      7.90321730   -124.96044520   -271.01871855     155       0       4
   27      2.66163497   -213.42148226   -271.01871383     119       3       1
   28      0.23131773   -265.95212902   -271.01871856      32       0       0
   29      0.00000269   -271.01871855   -271.01871855       3       1       0
   30      0.00000269   -271.01871855   -271.01871855       0       0       0
   31      0.00000269   -271.01871855   -271.01871855       0       0       0
   32      0.00000267   -271.01871855   -271.01871855       0       1       0
   33      0.00000267   -271.01871855   -271.01871855       0       0       0
   34      0.00000267   -271.01871855   -271.01871855       0       0       0
   35      1.06706865   -252.57555686   -271.01871383       0       0       2
   36     11.66973891    -74.03287225   -271.01871855       2       0      13
   37     27.14096920    -48.21575663   -271.01871182      12       0      54
   38    270.53424304   5757.14732116   -271.01871654      54       0      57
   39     35.97692742    -21.92931162   -271.01871855      63       0      98
   40     35.86366225    -50.85177260   -271.01871855     106       1      95
   41     37.92943604    -50.85177260   -271.01871760     122       0     103
   42     25.90248985    -32.93414111   -271.01871855     151       0      57
   43     16.09161193   -101.69871587   -271.01871654     131       2      16
   44     14.21718397     -6.88862108   -271.01871856     121       0       5
   45      0.48235229   -260.98680016   -271.01871005      64       0       0
   46      0.00000190   -271.01871355   -271.01871855       7       0       0
   47      0.00000184   -271.01871355   -271.01871855       1       0       0
   48      0.00000184   -271.01871355   -271.01871855       0       0       0
   49      0.00000184   -271.01871355   -271.01871855       0       0       0
   50      0.00000184   -271.01871355   -271.01871855       0       0       0
   51      0.00000184   -271.01871355   -271.01871855       0       0       0
   52      5.47705723   -151.02625507   -271.01871005       0       0       2
   53     11.41123410   -123.22062300   -271.01871759       2       0      13
   54     19.97701794    -96.39799573   -271.01871855      13       0      40
   55     27.72908243    -60.33056906   -271.01871855      36       0      46
   56 117627582.07970500 2632866619.53295994   -271.01871856      52       0      69
   57     28.80425107    -43.15072953   -271.01871855      75       0      74
   58     35.63372772    -12.32206055   -271.01871855      89       0      87
   59 5887185.01211384 131773038.64809377   -271.01871855     105       1      89
   60     26.51991953    -41.63260776   -271.01871855     120       0      58
   61     19.33702204    -52.82733693   -271.01871854     119       0      20
   62      2.06532527   -250.48921604   -271.01871855      85       0       2
   63      0.23738627   -265.97877047   -271.01871855      35       0       0
   64      0.00000128   -271.01871451   -271.01871855       3       0       0
   65      0.00000128   -271.01871451   -271.01871855       0       0       0
   66      0.00000128   -271.01871451   -271.01871855       0       0       0
   67      0.00000128   -271.01871451   -271.01871855       0       0       0
   68      0.00000128   -271.01871451   -271.01871855       0       0       0
   69      8.12027529    -89.70486961   -271.01871855       0       0       2
   70     14.17151122    -61.71391588   -271.01871855       2       0      13
   71     22.66704529    -57.34832106   -271.01871557      13       0      33
   72     22.13852887    -92.37333234   -271.01871127      30       0      43
   73     25.06524285    -56.12987005   -271.01871855      50       0      58
   74 1402428.25019502 31390391.87868429   -271.01871855      65       0      60
   75     36.91485772    -23.65594894   -271.01871552      77       0      78
   76     25.79578883    -60.95600294   -271.01871856      88       0      61
   77     37.27350895     -3.99927614   -271.01871341      97       0      96
   78     26.53144723    -77.10878287   -271.01871855     122       0      42
   79     12.39133790    -74.42099230   -271.01871855     107       0      14
   80      0.96427282   -253.75936289   -271.01871855      55       0       0
   81      0.03465517   -270.24302905   -271.01871855      15       0       0
   82      0.00000089   -271.01871855   -271.01871854       1       0       0
   83      0.00000089   -271.01871855   -271.01871854       0       0       0
   84      0.00000089   -271.01871855   -271.01871854       0       0       0
   85      0.00000089   -271.01871855   -271.01871854       0       0       0
   86      5.85455856   -141.89288191   -271.01871855       0       0       2
   87      9.25597226   -106.55119261   -271.01871856       2       0      13
   88     16.43389288    -72.33698242   -271.01871855      13       0      25
   89     27.89409919    -23.10082052   -271.01871855      24       0      38
   90 18585446.65789806 415999164.49728727   -271.01871855      40       0      53
   91 10844518.14981518 242733387.14844930   -271.01871855      54       0      54
   92 47058057.66409861 1053303727.29231822   -271.01871854      60       0      69
   93     22.87798745    -52.56704576   -271.01871854      85       0      51
   94     32.70193916    -53.04022023   -271.01871856      79       0      88
   95     30.81149128    -26.78337206   -271.01871855     101       0      65
   96     21.88862514    -54.66043927   -271.01871855     105       0      38
   97      5.56808884   -188.96809084   -271.01871855      78       0       4
   98      0.06239183   -269.62219749   -271.01871854      40       0       0
   99      0.00000094   -271.01871855   -271.01871854       2       0       0
  100      0.00000094   -271.01871855   -271.01871854       0       0       0
  101      0.00000094   -271.01871855   -271.01871854       0       0       0
  102      0.00000094   -271.01871855   -271.01871854       0       0       0
  103      1.16220760   -248.53346291   -271.01871855       0       0       2
  104     15.91938331    -62.72601027   -271.01871855       2       0      13
  105     12.75954377    -40.92474878   -271.01871855      12       0      22
  106 3303274.91011186 73937180.59699443   -271.01871855      24       0      37
  107     26.15299515    -56.81695957   -271.01871855      36       0      43
  108 9399051.27194810 210379397.33256972   -271.01871652      47       0      53
  109     31.37274250    -25.91396540   -271.01871856      60       0      56
  110     28.54394692    -21.11007286   -271.01871854      73       0      57
  111     32.95769228    -55.36830327   -271.01871855      80       0      70
  112     31.62973427    -45.17949579   -271.01871855      88       0      69
  113     27.29144977    -46.43124890   -271.01871856      93       0      53
  114     21.02975660    -52.45500364   -271.01871855      80       0      25
  115      1.62917917   -252.91562706   -271.01871855      68       0       0
  116      0.00000116   -271.01871856   -271.01871855      23       0       0
  117      0.00000116   -271.01871856   -271.01871855       0       0       0
  118      0.00000116   -271.01871856   -271.01871855       0       0       0
  119      0.00000116   -271.01871856   -271.01871855       0       0       0
  120      2.36805144   -229.64467089   -271.01871855       0       0       2
  121 360348190.36139739 8065699960.40051460   -271.01871854       2       0      12
  122     14.29579148     -6.05390954   -271.01871855      12       0      21
  123     15.52691857    -93.55733710   -271.01871854      21       0      32
  124     22.24923380    -43.47587636   -271.01871856      33       0      37
  125     20.06228362    -82.32327298   -271.01871855      41       0      49
  126     26.78115650     -7.77396253   -271.01871855      50       0      50
  127     35.52920698    -26.75908852   -271.01871855      62       0      56
  128     28.63179645    -66.02636353   -271.01871855      71       0      69
  129     27.09187459    -63.49615064   -271.01871855      88       0      57
  130     31.27440909    -31.20648677   -271.01871856      86       0      64
  131     24.35039662    -33.74044048   -271.01871855      81       0      40
  132     11.52528946    -99.62003716   -271.01871855      58       0      11
  133      0.29836844   -266.09362577   -271.01871855      38       0       0
  134      0.00000114   -271.01871856   -271.01871856       3       0       0
  135      0.00000114   -271.01871856   -271.01871856       0       0       0
  136      0.00000114   -271.01871856   -271.01871856       0       0       0
  137      7.18446131   -127.87619105   -271.01871854       0       0       2
  138     12.87408123    -68.30749215   -271.01871855       2       0      11
  139     14.01753614    -97.39163031   -271.01871855      11       0      20
  140     18.67622304    -66.93146405   -271.01871855      20       0      28
  141     18.33491771    -56.89097573   -271.01871855      29       0      39
  142     28.93905752    -30.38457941   -271.01871854      41       0      38
  143     32.33531157    -71.81501569   -271.01871855      44       0      48
  144     29.84263319    -21.94029297   -271.01871854      58       0      53
  145     30.18417945    -21.72910809   -271.01871855      61       0      64
  146     25.04949850    -82.42089246   -271.01871855      68       0      59
  147     30.26501883    -60.28076544   -271.01871853      80       0      69
  148     19.47070976    -51.53547201   -271.01871853      83       0      43
  149     22.82530628    -26.16205659   -271.01871855      79       0      26
  150      1.45178365   -246.25432518   -271.01871856      49       0       0
  151      0.00000095   -271.01871855   -271.01871856      10       0       0
  152      0.00000095   -271.01871855   -271.01871856       0       0       0
  153      0.00000095   -271.01871855   -271.01871856       0       0       0
  154      3.37926300   -200.25525274   -271.01871855       0       0       2
  155     11.58811603    -31.90996317   -271.01871855       2       0      10
  156     20.39665603    -48.86886217   -271.01871855      10       0      19
  157     13.73508542    -73.72699510   -271.01871855      19       0      28
  158     25.24579447    -54.43799362   -271.01871856      28       0      35
  159     21.44205145    -55.46108594   -271.01871855      39       1      32
  160     33.45593337      5.65017559   -271.01871855      32       0      51
  161     26.08359670    -54.96995619   -271.01871856      52       0      45
  162     25.78362243    -33.69444661   -271.01871855      60       0      56
  163 3429712.08903161 76767237.98671421   -271.01871855      67       0      67
  164     29.49996153    -27.33530224   -271.01871855      74       0      63
  165     22.96422422    -90.29789860   -271.01871855      80       0      50
  166     24.54932007    -45.43691906   -271.01871855      70       0      37
  167     12.33071824    -91.54165016   -271.01871855      64       0       5
  168      1.01941966   -249.43876354   -271.01871856      25       0       0
  169      0.00000080   -271.01871855   -271.01871856       5       0       0
  170      0.00000080   -271.01871855   -271.01871856       0       0       0
  171      1.07361218   -251.61564694   -271.01871855       0       0       2
  172     10.22789580   -151.99201473   -271.01871855       2       0      10
  173     10.14745085   -108.11207826   -271.01871855      10       0      18
  174     15.79289903   -127.85475264   -271.01871855      18       0      26
  175     23.60361462    -48.26234410   -271.01871855      27       0      34
  176     21.38152854    -88.95105465   -271.01871856      36       0      32
  177     23.56411212    -79.19677113   -271.01871855      34       0      42
  178  48292.18335029 1080661.26460352   -271.01871759      41       0      46
  179     28.16432333    -51.55922041   -271.01871854      52       0      56
  180     30.55334462    -50.42738291   -271.01871853      63       0      54
  181     33.23532919    -28.49838549   -271.01871856      69       0      67
  182     36.51900149    -49.02640802   -271.01871856      81       0      51
  183     24.59529148    -33.24398678   -271.01871853      76       0      45
  184     14.08941384    -76.51290645   -271.01871855      67       0      16
  185      1.26545676   -250.10687218   -271.01871855      36       0       1
  186      0.00000115   -271.01871855   -271.01871854       6       0       0
  187      0.00000115   -271.01871855   -271.01871854       0       0       0
  188      6.10689222   -134.48607940   -271.01871856       0       0       2
  189     11.13484955    -93.07149862   -271.01871855       2       0      10
  190     21.64938757    -39.14297596   -271.01871855      10       0      16
  191     21.46238688    -40.78836463   -271.01871854      17       0      26
  192     19.29496834    -67.20179138   -271.01871856      27       0      34
  193     20.48608161    -61.02764085   -271.01871856      33       0      31
  194     19.43633881    -53.84461938   -271.01871855      37       0      41
  195     22.99751927    -58.29670622   -271.01871855      44       0      42
  196     24.26795369    -54.60089637   -271.01871855      48       0      44
  197     30.26455686    -43.98872390   -271.01871853      48       0      54
  198     35.01734154    -51.28760679   -271.01871855      60       0      63
  199     29.18566781    -37.27845498   -271.01871855      69       0      57
  200     26.02940351    -22.11588431   -271.01871856      84       0      52
  201     13.11945383   -102.76207179   -271.01871854      78       0      23
  202     10.87993092    -99.84982766   -271.01871855      46       0       5
  203      0.00000065   -271.01871854   -271.01871855      12       0       0
  204      0.00000065   -271.01871854   -271.01871855       0       0       0
  205      0.89073522   -251.09187914   -271.01871855       0       0       2
  206      9.85260863   -116.42993232   -271.01871855       2       0       9
  207     10.78664677   -153.29041815   -271.01871855       9       0      15
  208     21.99159487    -44.53296357   -271.01871854      15       0      27
  209     26.17853633    -53.55083317   -271.01871855      27       0      32
  210     16.62472261    -94.69291305   -271.01871855      38       0      30
  211     25.68352450    -48.86347055   -271.01871855      32       0      37
  212     22.94105928    -41.19875483   -271.01871855      38       0      43
  213 270212.84777793 6047928.85966310   -271.01871855      54       0      44
  214     21.72559490    -88.95215978   -271.01871855      55       0      47
  215     24.53047607    -68.96791844   -271.01871855      60       0      49
  216     26.24162294    -58.03914646   -271.01871855      53       0      63
  217     31.60731628      2.02673797   -271.01871855      76       0      60
  218     22.32033280    -70.78713061   -271.01871855      84       0      33
  219     11.71508285    -90.27580818   -271.01871855      68       0       9
  220      0.03465513   -270.24303004   -271.01871853      27       0       0
  221      0.00000085   -271.01871855   -271.01871853       1       0       0
  222      8.50092140    -81.81404273   -271.01871855       0       0       2
  223      9.53406516   -112.26496242   -271.01871856       2       0       9
  224     14.33714756    -70.89147826   -271.01871856       9       0      14
  225     22.69383761    -55.95929071   -271.01871854      13       0      23
  226     22.98894581    -40.09860846   -271.01871855      24       0      33
  227     21.62889824    -60.52981675   -271.01871856      34       0      30
  228     19.90809907    -69.80040815   -271.01871855      31       0      30
  229     27.04922347    -41.92781524   -271.01871855      34       0      44
  230     23.35203598    -63.90946973   -271.01871854      45       0      40
  231     22.29357231    -71.47196130   -271.01871155      50       0      52
  232     25.83319236    -41.74065820   -271.01871855      57       0      42
  233     28.01543317    -39.99311741   -271.01871855      57       0      49
  234     30.05169797    -21.80461149   -271.01871855      59       0      65
  235     24.23624622    -48.60664023   -271.01871855      72       0      49
  236     16.29458401    -44.19778584   -271.01871855      72       0      17
  237      1.81061539   -244.75356947   -271.01871855      40       0       1
  238      0.00000045   -271.01871854   -271.01871855       9       0       0
  239      1.71977943   -243.09431522   -271.01871855       0       0       2
  240     11.73178561   -107.02262984   -271.01871855       2       0       9
  241     15.52374948    -46.23433879   -271.01871855       9       0      13
  242     20.69077806     -8.75254328   -271.01871855      12       0      24
  243     21.19289092    -41.70323485   -271.01871855      26       0      30
  244     12.75548583   -115.74301594   -271.01871855      33       0      30
  245     22.15833953    -30.85378433   -271.01871855      32       0      30
  246     20.47109897    -29.33980105   -271.01871856      34       0      36
  247     16.67399723    -95.20928655   -271.01871854      38       0      44
  248     24.02258522    -21.69490022   -271.01871855      48       0      47
  249     24.52210757    -32.09342214   -271.01871855      48       0      43
  250 3898791.80171129 87266680.31751442   -271.01871853      59       0      44
  251     32.99063630    -10.43000701   -271.01871854      58       0      60
  252     26.18023376    -73.86785895   -271.01871855      66       0      53
  253     19.50089753    -53.79793225   -271.01871652      69       0      31
  254      2.61100161   -242.53191134   -271.01871855      48       0       4
  255      0.45826077   -264.69765081   -271.01871855      23       0       0
  256      4.16804246   -181.58060657   -271.01871856       4       0       2
  257      5.33332044   -190.16872515   -271.01871855       2       0       9
  258      7.08619078   -180.29769884   -271.01871856       9       0      11
  259     21.07681983    -66.52729005   -271.01871856      11       0      24
  260     21.45477552    -64.88587654   -271.01871855      25       0      28
  261     21.68735316    -36.73999305   -271.01871856      30       0      30
  262      8.67363589   -155.29109683   -271.01871856      35       0      30
  263     15.48348631    -87.87955429   -271.01871853      33       0      37
  264     22.58890896    -37.84793218   -271.01871855      42       0      42
  265 85031539.84591261 1903266986.92042303   -271.01871855      47       0      38
  266     24.15252960    -49.73740704   -271.01871855      48       0      44
  267     24.84769768    -78.84376615   -271.01871855      52       0      41
  268     28.76861815    -55.87262243   -271.01871855      49       0      62
  269     33.12263855    -22.94653603   -271.01871855      70       0      50
  270     23.88830639    -84.94301863   -271.01871855      72       0      39
  271     14.17589865    -99.35633807   -271.01871855      48       0      11
  272      8.80970349   -103.56937030   -271.01871855      28       0       2
  273      2.43076802   -219.94901406   -271.01871855       5       0       2
  274     13.97525918    -80.80853486   -271.01871855       3       0       9
  275     12.93614766    -74.52828412   -271.01871855       9       0      10
  276     64.79761979   1105.35552888   -271.01871855      10       0      22
  277 35433594.00746289 790685303.74139619   -271.01871855      21       0      25
  278     19.19493324    -83.15010253   -271.01871855      25       0      33
  279     23.06751946    -26.63751718   -271.01871855      39       0      28
  280     25.67776646    -53.63320588   -271.01871855      31       0      37
  281     22.49648442    -62.99195618   -271.01871855      43       0      36
  282     26.52003488    -64.57981590   -271.01871855      40       0      40
  283     16.68434393   -111.12736773   -271.01871855      47       0      41
  284     27.03343387    -27.99914059   -271.01871855      54       0      45
  285     26.71429938    -59.67519735   -271.01871854      49       0      46
  286     31.11277817    -40.80408600   -271.01871855      56       0      64
  287     19.95531669    -25.25867151   -271.01871855      77       0      40
  288     18.97822127    -51.14136650   -271.01871855      70       0      20
  289      1.51253577   -243.32726378   -271.01871855      41       0       1
  290      6.24245880   -173.62408640   -271.01871855       8       0       3
  291      2.76186194   -241.53729632   -271.01871855       3       0       9
  292     17.34388821    -27.14481806   -271.01871855       9       0      11
  293     13.40289386    -16.46754786   -271.01871759      12       0      19
  294     20.40578259    -49.74988376   -271.01871855      19       0      22
  295     17.11390010    -70.25385987   -271.01871855      22       0      30
  296     25.15743326    -24.96411916   -271.01871855      32       0      34
  297     21.91382879    -69.10897040   -271.01871855      38       0      35
  298     26.04552455    -52.24608472   -271.01871758      35       0      33
  299     20.27667554    -64.80184632   -271.01871855      43       0      34
  300     26.05997763    -53.72275628   -271.01871855      35       0      43
  301     26.60664007    -32.84061138   -271.01871855      46       0      45
  302     23.48798701     -6.36298516   -271.01871855      51       0      43
  303 77946009.42431137 1744671035.45149374   -271.01871854      61       0      50
  304     26.62898338    -53.91809867   -271.01870969      68       0      54
  305     19.68597048    -72.69904401   -271.01871855      68       0      29
  306      7.57241617   -151.30798897   -271.01871855      49       0       6
  307      1.19130101   -250.87902969   -271.01871855      19       0       3
  308     11.64803731    -39.98694641   -271.01871855       5       0       8
  309      6.53044031   -176.79577663   -271.01871855       8       0      11
  310     18.29546866    -91.31859116   -271.01871855      11       0      20
  311     18.16481202    -55.84081956   -271.01871855      20       0      21
  312     18.82832555   -102.43203753   -271.01871855      24       0      26
  313     18.89062329    -64.33273442   -271.01871856      29       0      34
  314     19.46846596    -60.74183981   -271.01871855      40       0      33
  315     21.70633568    -41.83526558   -271.01871855      36       0      36
  316     17.90393255    -91.60291343   -271.01871856      40       0      31
  317     23.92931624    -57.54080094   -271.01871856      36       0      39
  318     26.92534706    -13.58163148   -271.01871856      46       0      48
  319     20.26457004    -64.71011600   -271.01871856      59       0      34
  320     24.64971750    -28.91816658   -271.01871855      45       0      43
  321     29.97571448    -33.06538713   -271.01871855      51       0      63
  322     22.79972121    -39.24301455   -271.01871855      57       0      38
  323      7.72311194   -151.48758129   -271.01871855      65       0      12
  324      1.11889159   -250.71926466   -271.01871855      23       0       3
  325      8.69555407   -134.62718967   -271.01871855       3       0       8
  326      9.31665924    -83.36049615   -271.01871855       8       0      10
  327     14.63819824    -95.12409462   -271.01871855      10       0      18
  328     15.46837868    -82.39941856   -271.01871855      19       0      19
  329     22.17124030    -26.36597039   -271.01871855      20       0      27
  330     22.78516386    -30.75398784   -271.01871855      28       0      34
  331     21.67949199    -37.30043601   -271.01871855      37       0      34
  332     18.05394202    -97.91593904   -271.01871855      38       0      32
  333     22.20314805    -50.42987651   -271.01871855      36       0      29
  334     22.13355458    -45.18418509   -271.01871855      36       0      36
  335     31.73861714    -23.39719976   -271.01871856      44       0      50
  336     22.05248264    -39.09471144   -271.01871855      51       0      38
  337 5466163.13124992 122349266.74287435   -271.01871854      50       0      43
  338     26.14262905    -65.13363204   -271.01871855      56       0      50
  339     22.77191216    -65.44443305   -271.01871855      60       0      53
  340     14.44976288    -97.84998063   -271.01871855      67       0      16
  341      7.88758667   -117.39876702   -271.01871855      32       0       3
  342      8.96051976   -128.73246967   -271.01871854      11       0       8
  343     11.51401074    -82.24356939   -271.01871854       9       0       9
  344     14.68324273   -108.92062004   -271.01871855       9       0      16
  345     14.91500584    -60.82650799   -271.01871855      16       0      18
  346     20.47137350    -69.38481838   -271.01871856      18       0      30
  347     24.38869265    -52.61992101   -271.01871855      32       0      31
  348     24.23450392    -36.10796952   -271.01871855      39       0      35
  349 7945912.88969057 177853688.68761772   -271.01871855      34       0      28
  350     17.75177022    -70.10512563   -271.01871355      38       0      29
  351     23.70482671    -32.56585336   -271.01871855      32       0      36
  352     29.19186079    -47.91721196   -271.01871855      41       0      45
  353     21.48477793    -46.71207608   -271.01871855      50       0      37
  354     22.57930318    -76.07186649   -271.01871855      46       0      47
  355     25.76335978    -30.83661571   -271.01871855      52       0      44
  356     26.64836509    -57.78092220   -271.01871855      56       0      53
  357     18.81269631    -52.43706025   -271.01871855      69       0      28
  358      6.77782106   -161.64623659   -271.01871855      46       0       6
  359      4.30112626   -201.70444209   -271.01871856      12       0       8
  360      2.25747026   -245.34063231   -271.01871856       9       0       8
  361      6.43200882   -161.90449965   -271.01871855       8       0      16
  362     11.19682044   -116.97372370   -271.01871855      16       0      14
  363     21.92628293    -56.06944740   -271.01871855      16       0      31
  364 9537947.06524773 213488308.06475663   -271.01871856      29       0      33
  365     18.35190181    -71.27501895   -271.01871855      37       0      31
  366     25.23809734    -47.71633635   -271.01871856      35       0      30
  367     22.29746637    -20.26242771   -271.01871855      36       0      27
  368     28.93666986    -13.46901248   -271.01871855      29       0      36
  369     17.87700937   -108.49726588   -271.01871855      39       0      41
  370     24.29030737    -62.02325609   -271.01871855      45       0      41
  371     24.33569657    -46.63883791   -271.01871855      49       0      41
  372     26.53896860    -45.32794996   -271.01871855      50       0      41
  373     21.21353148    -69.34325913   -271.01871855      53       0      52
  374     25.14782768    -36.81034246   -271.01871855      67       0      39
  375     13.40549887    -62.63573222   -271.01871856      56       0      11
  376     12.97899971   -105.18248528   -271.01871854      28       0       8
  377      9.37121149    -69.20303617   -271.01871855      11       0       7
  378     17.41112223    -77.02205857   -271.01871855       7       0      16
  379     15.39039098    -55.57209833   -271.01871855      16       0      14
  380     24.22750824    -27.71670125   -271.01871855      15       0      30
  381     22.93311440    -27.41972687   -271.01871855      31       0      31
  382     25.18133620    -34.78642664   -271.01871855      30       0      29
  383     21.59800389    -78.39734148   -271.01871855      30       0      33
  384     18.91186504    -68.34049793   -271.01871851      37       0      27
  385     22.01959846    -50.42677102   -271.01871851      33       0      31
  386     17.09006801    -96.53624905   -271.01871856      35       0      40
  387     27.16789033    -15.52109932   -271.01871854      39       0      40
  388     21.24550245    -64.61249326   -271.01871856      46       0      40
  389     18.41660420    -50.42845517   -271.01871851      49       0      37
  390     23.18040358    -75.09184021   -271.01871856      46       0      51
  391     20.29431995    -69.26464032   -271.01871856      57       0      42
  392     18.97833066    -69.65207684   -271.01871856      51       0      23
  393     10.88201011    -98.05674877   -271.01871856      37       0       9
  394      4.71271645   -189.23645060   -271.01871856      19       0       7
  395     13.16951749    -96.67564629   -271.01871855       7       0      15
  396     14.64854390    -71.55416043   -271.01871856      14       0      14
  397     18.07254826    -79.31739815   -271.01871855      18       0      31
  398     22.64291392    -44.28225151   -271.01871855      31       0      29
  399     19.67821991    -30.24669292   -271.01871855      36       1      28
  400     21.09626269    -46.56890281   -271.01871856      34       0      31
  401     15.54844710    -78.66920877   -271.01871856      38       0      27
  402     22.76641123    -47.96448790   -271.01871855      37       0      33
  403     22.03824363    -76.46619702   -271.01871855      36       0      36
  404     24.32003461    -59.67474709   -271.01871855      42       0      40
  405     17.68032702   -109.58547807   -271.01871855      48       0      39
  406     26.64940724    -59.04512057   -271.01871855      50       0      36
  407     26.04909160    -29.43638228   -271.01871855      47       0      49
  408     15.87308281   -103.28464227   -271.01871856      55       0      42
  409     18.29319956    -33.33868474   -271.01871855      50       0      29
  410     11.92682939    -93.82005406   -271.01871855      44       0      14
  411      6.68839803   -156.68804732   -271.01871855      19       0       7
  412     14.92057933    -48.08935714   -271.01871855       8       0      11
  413     11.26149550   -117.02332095   -271.01871855      11       0      16
  414     20.43369350    -29.44099100   -271.01871855      16       0      25
  415     14.68603237   -136.36431955   -271.01871856      24       0      29
  416     23.45176669    -48.28749931   -271.01871856      30       0      33
  417     18.75804129    -48.84461011   -271.01871855      36       0      24
  418 18549360.30476819 415191437.84790903   -271.01871854      33       0      33
  419     22.17237816    -25.51743019   -271.01871855      37       0      29
  420     25.19735523    -23.04283892   -271.01871855      35       0      37
  421     19.68859880    -50.00100732   -271.01871856      41       0      32
  422     20.56389094    -47.72610819   -271.01871854      41       0      48
  423     17.73826739    -37.46555796   -271.01871854      61       0      33
  424     25.98224753    -37.68957148   -271.01871855      48       0      49
  425     21.44266723    -70.00527369   -271.01871854      55       0      39
  426     22.59764043    -46.10924824   -271.01871855      46       0      39
  427     15.05290144    -72.89611635   -271.01871855      45       0      15
  428     13.84210531    -36.99267910   -271.01871854      21       0       8
  429     11.44371895    -56.15730043   -271.01871855      13       0      11
  430     13.78212369   -104.40100796   -271.01871855      11       0      15
  431     19.97915429    -25.43623860   -271.01871855      15       0      26
  432     19.03346087    -70.96343615   -271.01871855      25       0      23
  433     21.88725464    -48.37573115   -271.01871855      27       0      32
  434     14.36053400    -51.98060067   -271.01871856      36       0      28
  435     16.79806635    -81.15987123   -271.01871855      32       0      29
  436     19.79877575    -83.65652867   -271.01871855      35       0      31
  437     22.39947270    -55.49206647   -271.01871855      36       0      28
  438     21.83200995    -20.51943535   -271.01871856      32       0      37
  439     22.56773179    -22.45339527   -271.01871855      40       0      43
  440 34734447.23675375 777463438.18334067   -271.01871855      49       0      43
  441     26.93006767    -64.74532513   -271.01871855      48       0      46
  442     19.38534339    -46.60465306   -271.01871855      57       0      40
  443     16.93961112    -74.06681637   -271.01871854      50       0      38
  444     15.23296921    -71.41554785   -271.01871856      52       0      19
  445      9.68480851   -150.84566671   -271.01871856      31       0      11
  446 6785260.30721843 151874713.83866525   -271.01871856      13       0      11
  447     11.14400217    -99.02501820   -271.01871856      13       0      15
  448     18.16211138    -69.27345643   -271.01871856      15       0      22
  449     19.14692808    -53.82568496   -271.01871856      24       0      22
  450     20.51618473    -88.30783908   -271.01871856      24       0      32
  451     16.42655077    -91.04601294   -271.01871855      34       0      29
  452     12.15680731   -111.12367626   -271.01871856      29       0      27
  453     24.82307229    -46.87454558   -271.01871855      31       0      33
  454     20.86329100    -61.86177556   -271.01871856      40       0      29
  455     21.56463469    -70.17954694   -271.01871855      30       0      34
  456     27.57468611    -55.17189682   -271.01871854      44       0      43
  457     25.31301627    -26.54421119   -271.01871855      51       0      38
  458     25.19336253    -39.15606745   -271.01871854      46       0      46
  459     23.42879118    -58.34527429   -271.01871855      49       0      40
  460     19.12749320   -100.91184852   -271.01871856      55       0      38
  461     15.21826443   -110.97628656   -271.01871855      50       0      27
  462     16.89058506    -50.03688310   -271.01871855      37       0      12
  463     16.77335128    -84.35883675   -271.01871856      17       0      13
  464     11.94924945   -107.91483611   -271.01871856      13       0      14
  465     18.41269968    -81.26985326   -271.01871856      15       0      21
  466     20.92396984    -28.45224244   -271.01871856      21       0      22
  467     23.67725446    101.90339578   -271.01871856      23       0      30
  468     24.25477518    -65.09397318   -271.01871854      33       0      30
  469     19.36009840    -42.59753068   -271.01871616      35       0      24
  470     25.48577212    -41.61864434   -271.01871616      30       0      33
  471     18.11224449    -59.28145025   -271.01871616      34       0      29
  472     20.44338142    -83.94779702   -271.01871856      32       0      30
  473     18.19057004    -93.29755758   -271.01871855      36       0      46
  474     21.68620487    -40.73710771   -271.01871855      45       0      39
  475     24.43312584    -69.35908859   -271.01871855      52       0      40
  476     18.67179029    -99.29930564   -271.01871855      46       0      42
  477     26.39575536    -21.35802738   -271.01871856      45       0      39
  478     20.23164689    -64.09614670   -271.01871855      48       0      32
  479     14.05689311    -28.17817528   -271.01871855      41       0      16
  480     14.70993254    -85.83333514   -271.01871856      26       0      12
  481     14.48444067   -109.48613945   -271.01871856      14       0      14
  482     15.16393566     -9.13001205   -271.01871855      16       0      21
  483     15.27930182    -34.75478919   -271.01871855      21       0      19
  484     24.75543333    -38.06166811   -271.01871856      21       0      29
  485     21.44428970    -64.28255683   -271.01871856      32       0      31
  486     18.30181764    -87.09673923   -271.01871856      32       0      25
  487     20.96369263    -39.31130187   -271.01871856      30       0      33
  488     21.35018487    -61.76915746   -271.01871855      40       0      28
  489     20.76129839    -57.32078862   -271.01871855      30       0      31
  490 370565058.57387251 8294384880.70256329   -271.01871855      35       0      36
  491     22.46443019    -72.32850898   -271.01871855      41       0      47
  492     21.68952201    -86.75032944   -271.01871855      52       0      42
  493     24.55483750    -41.24855902   -271.01871855      52       0      34
  494     22.57465046    -45.80646657   -271.01871855      50       0      42
  495     23.13177848    -49.77576809   -271.01871855      53       0      33
  496     13.19881175    -63.03580719   -271.01871855      39       0      21
  497     15.74402279    -39.77108496   -271.01871855      32       0      13
  498     19.06949990    -27.72415628   -271.01871855      18       0      14
  499     19.31437116    -42.60252358   -271.01871855      16       0      20
  500     18.45973027    -76.64534436   -271.01871854      20       0      19
  501     12.94323698   -136.08646182   -271.01871855      20       0      27
  502     16.79190441    -80.12931537   -271.01871855      30       0      30
  503     21.04983372    -40.81710295   -271.01871855      35       0      26
  504     22.16055800    -37.13736114   -271.01871855      32       0      34
  505     17.22236622    -82.58040063   -271.01871855      35       0      27
  506     21.21718112    -70.14559656   -271.01871855      33       0      28
  507     28.20933449     64.06831749   -271.01871855      30       0      37
  508     20.83682360    -83.94343188   -271.01871855      40       0      43
  509     17.77474855   -114.58464966   -271.01871856      48       0      37
  510     23.13168456    -31.92170744   -271.01871854      53       0      38
  511     21.39868582    -63.49673496   -271.01871855      41       0      44
  512     22.04126033    -41.57792814   -271.01871854      48       0      35
  513     24.71661956    -30.48297681   -271.01871855      48       0      24
  514     14.97478905    -57.19107707   -271.01871855      30       0      16
  515     14.06414710    -65.28905470   -271.01871855      20       0      15
  516     21.06531162    -69.26988145   -271.01871855      18       0      19
  517     13.21949687   -106.07498765   -271.01871856      20       0      17
  518     11.21649244   -116.25283231   -271.01871855      17       0      23
  519     17.62173680    -71.90760624   -271.01871855      24       0      33
  520     17.48880771    -77.59626126   -271.01871856      37       0      26
  521     18.52570729    -74.37131536   -271.01871855      30       0      33
  522 35182056.31227787 787482306.06632078   -271.01871855      35       0      31
  523 31284055.48346516 700233062.39229620   -271.01871856      37       0      26
  524     21.48465772    -28.83671872   -271.01871855      29       0      31
  525     22.35492355    -53.61513686   -271.01871855      34       0      38
  526     20.97603592    -32.80221089   -271.01871854      39       0      44
  527     24.50989734    -44.71148343   -271.01871855      51       0      40
  528     26.71035880    -57.21966636   -271.01871855      50       0      41
  529     19.34769380    -48.49926329   -271.01871855      45       0      36
  530     17.36765151    -73.63446539   -271.01871855      46       0      30
  531     16.79810968    -79.48809883   -271.01871855      40       0      15
  532     15.49205048    -29.54854904   -271.01871856      24       0      15
  533     17.28447060    -82.17217572   -271.01871855      18       0      21
  534     13.77116308    -82.54545178   -271.01871855      23       0      16
  535     15.92664945    -87.08404357   -271.01871855      24       0      20
  536     23.57680584    -62.13458922   -271.01871853      20       0      31
  537     22.27341365    -79.76833491   -271.01871855      32       0      29
  538     23.38118002    -30.97429308   -271.01871856      33       0      32
  539     22.03655264    -28.69513570   -271.01871853      38       0      32
  540     22.18119608    -37.86294673   -271.01871855      46       0      27
  541     19.59266584    -10.05828008   -271.01871853      37       0      29
  542     21.70036379    -70.80694610   -271.01871856      30       0      35
  543 18174655.15168244 406804386.37555414   -271.01871853      40       0      42
  544     22.13449005    -68.05839627   -271.01871855      46       0      46
  545     24.50051359    -50.47964715   -271.01871855      52       0      33
  546     16.53609325   -101.52626363   -271.01871856      43       0      36
  547     21.27111795    -53.77587746   -271.01871856      39       0      36
  548     12.56972470    -83.06903996   -271.01871855      42       0      17
  549      9.87768088   -107.19813592   -271.01871855      26       0      16
  550     15.98386662    -50.94188182   -271.01871855      18       0      15
  551     15.65253025    -89.09863659   -271.01871855      18       0      24
  552     18.47479601    -44.54916588   -271.01871855      24       0      18
  553     17.97581479   -100.92883440   -271.01871854      20       0      28
  554     19.89116571    -53.42458090   -271.01871855      29       0      27
  555     17.62338292    -79.94028222   -271.01871855      33       0      25
  556     27.46071820    -16.47434209   -271.01871855      26       0      39
  557     23.24369263    -13.13951349   -271.01871855      42       0      31
  558     17.65988599    -82.60086958   -271.01871854      47       0      29
  559 226202724.09361401 5063112056.74885845   -271.01871855      35       0      31
  560     26.69355824    -50.49633234   -271.01871854      31       0      41
  561     20.73298336    -79.33412772   -271.01871854      46       0      45
  562     24.09934715    -87.31664786   -271.01871855      46       0      38
  563     24.96815554    -30.61283585   -271.01871855      48       0      35
  564     16.25823785   -100.93959981   -271.01871855      43       0      33
  565 141739.39088980 3172294.82372844   -271.01871855      41       0      24
  566     14.05787727    -82.95062738   -271.01871854      35       0      15
  567     15.63530074    -64.05189787   -271.01871854      20       0      16
  568     19.54888379    -53.49478608   -271.01871854      20       0      22
  569     17.50093754    -72.01968276   -271.01871854      23       0      20
  570     19.86317452    -54.55112298   -271.01871854      26       0      24
  571     21.24984614    -67.61667361   -271.01871856      26       0      29
  572     12.24802296   -129.09297305   -271.01871855      29       0      22
  573     25.80287975    -46.45632960   -271.01871856      25       0      34
  574     19.86055821    -59.68535227   -271.01871855      35       0      37
  575     15.19229762    -88.80921834   -271.01871856      38       0      32
  576     17.75246942    -83.39946506   -271.01871855      37       0      29
  577     29.24504396    -35.23410306   -271.01871854      32       0      42
  578     27.67850641     -5.75785998   -271.01871855      42       0      40
  579     23.45716691    -49.54351230   -271.01871854      52       0      35
  580     18.08589046    -97.83774645   -271.01871855      41       0      39
  581     21.27795027    -26.15156932   -271.01871855      45       0      31
  582     21.35171496    -63.85055516   -271.01871852      42       0      29
  583     14.47657627    -96.28738552   -271.01871852      33       0      15
  584     16.33937160    -81.28893782   -271.01871855      22       0      18
  585     17.32021780    -99.71709763   -271.01871856      21       0      20
  586     14.74119256   -106.56437041   -271.01871854      19       0      21
  587     23.10359584    -68.81155788   -271.01871855      23       0      26
  588     16.01025014    -55.75997319   -271.01871856      27       0      27
  589     19.97072074    -68.41652575   -271.01871855      29       0      23
  590     23.15664478    -27.39718129   -271.01871852      26       0      33
  591     24.68685403    -75.68485994   -271.01871854      35       0      37
  592     21.39995903    -80.87283074   -271.01871856      43       0      34
  593     18.42965238    -61.31164151   -271.01871855      39       0      28
  594     21.04315377    -63.80781211   -271.01871852      34       0      34
  595     27.31234034    -25.55062089   -271.01871854      40       0      42
  596     30.35664981    -12.92063323   -271.01871854      46       0      37
  597     27.63557848    -58.98597198   -271.01871855      47       0      35
  598     24.23317495    -57.99358923   -271.01871855      42       0      37
  599     17.16594894    -88.28725619   -271.01871856      48       0      26
  600     16.93319976    -66.89212856   -271.01871855      39       0      21
  601     18.58533089    -36.17826386   -271.01871855      29       0      18
  602     16.36840295    -57.80934725   -271.01871855      18       0      20
  603     16.14998274    -64.31800210   -271.01871855      24       0      21
  604     22.60160382    -55.19643682   -271.01871855      26       0      26
  605     18.09196437    -78.16206715   -271.01871855      27       0      24
  606     16.92880486    -74.79451328   -271.01871855      27       0      23
  607     20.68637704    -48.12803302   -271.01871855      29       1      33
  608     22.04215345    -30.25065103   -271.01871855      35       0      34
  609     24.16311414    -39.93554044   -271.01871855      42       0      38
  610     22.70489595    -33.06009767   -271.01871856      45       0      24
  611 1975736.35049619 44222788.19584002   -271.01871855      34       0      34
  612     26.46032726    -27.74739407   -271.01871856      40       0      41
  613     24.12085351    -52.03906592   -271.01871856      49       0      36
  614     24.87876187    -25.70994422   -271.01871856      46       0      33
  615     24.29997493    -50.38623472   -271.01871855      40       0      36
  616     20.39587071    -52.02036991   -271.01871854      43       0      33
  617     13.41210501   -124.64634502   -271.01871855      41       0      22
  618     12.93063426   -127.85041448   -271.01871855      31       0      19
  619     18.84556685    -46.46860214   -271.01871855      26       0      21
  620     16.55200924    -84.85679322   -271.01871855      23       0      21
  621     12.81374425    -69.27440456   -271.01871855      22       0      24
  622     17.69689640    -65.38230113   -271.01871855      27       0      21
  623     20.53760311    -59.85588039   -271.01871856      21       0      28
  624     16.15254349    -93.77064263   -271.01871855      29       0      28
  625     15.44366928    -79.17064089   -271.01871854      29       0      32
  626     20.69651350    -75.75837663   -271.01871855      28       0      37
  627 873984.61212586 19562193.96037915   -271.01871855      43       0      29
  628     25.07596929    -51.27573905   -271.01871855      34       0      33
  629     29.09209463    -24.61235054   -271.01871855      36       0      34
  630     28.27788116    -22.08774657   -271.01871854      40       0      41
  631  29339.23089389 656434.52243455   -271.01871855      46       0      33
  632     18.83842909    -75.10752917   -271.01871855      39       0      36
  633     21.02936594    -87.58517362   -271.01871855      41       0      35
  634     26.67016505    129.21469987   -271.01871855      38       0      21
  635     16.65139238    -74.44464414   -271.01871855      32       0      24
  636     19.02248503    -41.41921315   -271.01871855      30       0      22
  637     14.56368522    -82.61458204   -271.01871856      25       0      21
  638     15.65302847    -78.80876196   -271.01871855      26       0      25
  639     17.78980357    -53.98949331   -271.01871855      31       0      19
  640     21.56689472    -18.21232382   -271.01871855      21       0      30
  641     19.39231695    -94.47408841   -271.01871856      34       0      27
  642     21.04155694    -51.50710372   -271.01871855      29       0      29
  643     20.49662028    -58.42873382   -271.01871855      37       0      36
  644     23.48230661    -68.12354544   -271.01871855      38       0      31
  645     17.76593190   -115.91264281   -271.01871856      38       0      32
  646     18.85071552    -83.11882767   -271.01871855      36       0      32
  647     24.31647590    -53.82239301   -271.01871855      40       0      39
  648     28.30981564    -16.03554065   -271.01871855      42       0      34
  649     21.32231682    -29.29341734   -271.01871855      39       0      37
  650 11140366.58115383 249355382.68255290   -271.01871855      39       0      35
  651     17.13465792   -103.20423673   -271.01871855      42       0      25
  652     17.92596513    -75.10161097   -271.01871855      34       0      23
  653     14.24325877    -74.74037904   -271.01871856      25       0      20
  654     14.01562873   -109.18401364   -271.01871856      24       0      20
  655 2465900.01397728 55194155.91154934   -271.01871854      25       0      28
  656     15.76888992    -60.33642595   -271.01871856      29       0      17
  657     15.21102398    -99.24093286   -271.01871855      26       0      32
  658     17.85046058    -83.02509199   -271.01871854      32       0      23
  659     21.03512844    -53.26431420   -271.01871855      31       0      31
  660     21.39321104    -46.62801636   -271.01871855      36       0      36
  661     22.50044829    -41.64584799   -271.01871855      42       0      31
  662     21.64655284    -75.21488838   -271.01871854      37       0      32
  663 3678011.80064011 82324944.64201942   -271.01871855      36       0      33
  664     21.04495857    -71.28187327   -271.01871855      40       0      38
  665     20.37614825    -86.26219470   -271.01871855      39       0      35
  666     21.58067040    -53.60095263   -271.01871855      39       0      35
  667     23.93667344    -53.33585459   -271.01871855      49       0      33
  668     25.63427116    -79.64102282   -271.01871855      45       0      31
  669     17.80884981    -17.41021226   -271.01871856      33       0      21
  670     18.39470459    -44.24366366   -271.01871856      27       0      21
  671     19.11602847    -17.81867106   -271.01871856      22       0      20
  672     13.92381865    -84.40993901   -271.01871854      21       0      24
  673     20.13261274    -31.48553565   -271.01871855      28       0      20
  674     18.10589214    -88.84634875   -271.01871854      24       0      28
  675     19.17277237    -65.00147693   -271.01871855      27       0      27
  676   1295.51884722  28726.33746583   -271.01871856      36       0      30
  677     25.19812094    -36.18479491   -271.01871520      30       0      34
  678     27.26984607    -51.83969363   -271.01871856      37       0      34
  679     20.50078013    -63.91569350   -271.01871855      40       0      29
  680     21.42886284    -56.04179194   -271.01871855      35       0      37
  681     21.98653427    -53.89698218   -271.01871855      46       0      33
  682     20.47016699    -43.40286012   -271.01871856      41       0      34
  683     22.08125793    -35.07162517   -271.01871856      39       0      34
  684     25.90031979    -68.26961056   -271.01871856      45       0      41
  685     19.52885684    -55.19520605   -271.01871855      42       0      27
  686     19.05679770    -27.58181192   -271.01871855      39       0      27
  687     15.67856062    -48.45040344   -271.01871855      30       0      20
  688     18.74274477    -68.23980998   -271.01871855      29       0      18
  689     20.97830347    -53.98256031   -271.01871856      20       0      23
  690     13.76008948   -104.33246170   -271.01871856      24       0      22
  691     16.96996072    -60.29515011   -271.01871855      25       0      24
  692     23.20741581    -27.23352783   -271.01871197      23       0      31
  693 5230673.77909518 117078290.60990308   -271.01871855      33       0      27
  694     27.02864717     -7.19349344   -271.01871856      30       0      35
  695     17.73102118    -72.82768186   -271.01871854      35       0      33
  696     15.48844598   -106.01790382   -271.01871856      37       0      25
  697 21264307.56914604 475960303.66995537   -271.01871856      36       0      38
  698     18.48644479    -92.29555729   -271.01871855      42       0      31
  699     23.52668804    -34.75444767   -271.01871856      40       0      35
  700     20.39409266   -101.18456190   -271.01871855      46       0      40
  701     24.38822954    -17.81467736   -271.01871855      47       0      34
  702     21.23709782    -73.50567567   -271.01871856      45       0      33
  703     20.55415397    -20.33447478   -271.01871856      41       0      25
  704     15.35091102    -98.66055241   -271.01871855      34       0      26
  705     10.56224284   -130.03162042   -271.01871855      32       0      17
  706     26.10841149    -29.19900255   -271.01871854      21       0      21
  707     23.13645671    -26.83208029   -271.01871855      23       0      24
  708     19.36553175    -58.79496232   -271.01871855      26       0      22
  709     19.81566009     -2.68587644   -271.01871855      24       0      32
  710     18.93794422    -81.42275768   -271.01871854      33       0      26
  711     20.79458762    -65.11731074   -271.01871855      30       0      32
  712     17.37742424    -98.66273468   -271.01871855      38       0      31
  713     23.33487650    -69.16723946   -271.01871856      35       0      30
  714     23.03165682    -48.00867581   -271.01871856      36       0      30
  715     17.05847644    -60.13247092   -271.01871855      36       0      33
  716     23.84885021    -50.95898420   -271.01871855      38       0      35
  717     27.38343210    -14.75000277   -271.01871856      39       0      40
  718     19.60772198    -81.97995249   -271.01871856      43       0      32
  719     26.58124145    -41.43089457   -271.01871854      40       0      39
  720     20.45518731    -78.22022809   -271.01871855      50       0      24
  721     21.66782964    -45.15637251   -271.01871855      41       0      28
  722     15.66237504    -69.97762146   -271.01871855      31       0      20
  723     20.04296502    -56.15142355   -271.01871855      24       0      20
  724     21.82588481    -41.26704317   -271.01871855      21       0      24
  725     18.11009712    -65.80515649   -271.01871855      27       0      23
  726     16.55152667   -116.34104755   -271.01871855      26       0      30
  727     16.01080699    -51.65912993   -271.01871855      31       0      23
  728     23.66683316    -25.07109212   -271.01871855      29       0      33
  729     21.39245994    -67.55212429   -271.01871855      36       0      30
  730     15.05178209   -109.74436827   -271.01871853      37       0      29
  731     24.34930611    -43.26048242   -271.01871855      32       0      34
  732     20.14134263    -46.71055003   -271.01871855      36       0      32
  733     20.27135470    -38.11743130   -271.01871855      33       0      34
  734  12616.63457811 282131.08017553   -271.01871856      39       0      33
  735     25.56110539    -19.87979538   -271.01871855      40       0      36
  736     18.40898824    -38.30178331   -271.01871855      37       0      28
  737     23.99407539    -61.94151796   -271.01871855      33       0      42
  738     19.30786300    -51.76359773   -271.01871855      42       0      28
  739     15.47945369    -96.50766305   -271.01871855      40       0      20
  740     11.35123105   -113.52879916   -271.01871855      32       0      18
  741     20.60517823    -70.40707779   -271.01871854      22       0      24
  742     15.44690722    -88.71809488   -271.01871854      26       0      25
  743     18.29054170    -61.21539939   -271.01871856      31       0      24
  744     19.22125232    -34.63167947   -271.01871855      24       0      27
  745     24.88132412    -29.18005776   -271.01871855      29       0      28
  746 933163.59883331 20886803.81283619   -271.01871855      29       0      35
  747     25.16935305    -45.55327171   -271.01871855      35       0      30
  748     20.93521928    -41.62083045   -271.01871855      35       0      35
  749     12.29791996    -84.42669708   -271.01871855      35       0      26
  750     19.57975639    -61.49116718   -271.01871855      36       0      36
  751     20.25175475    -58.65252941   -271.01871855      40       0      37
  752  40911.09630018 915448.44513997   -271.01871855      43       0      32
  753     19.43415352    -36.72909136   -271.01871854      34       0      28
  754 68432396.92279737 1531727141.48197985   -271.01871855      34       0      37
  755     23.31811449    -65.05695397   -271.01871855      46       0      30
  756     22.19964132    -47.08218057   -271.01871856      42       0      24
  757     21.83461589    -52.39644920   -271.01871855      31       0      19
  758      7.04782029   -190.19866719   -271.01871855      23       0      23
  759     19.64435651    -73.02792778   -271.01871855      27       0      27
  760     19.72645490    -62.81596794   -271.01871855      33       0      25
  761     19.68977631    -80.44743439   -271.01871856      29       0      27
  762     17.05217076    -74.39105431   -271.01871854      28       0      26
  763     19.74702373    -92.17589765   -271.01871855      28       0      36
  764     18.85048538    -60.02970638   -271.01871856      39       0      31
  765     19.41068935    -87.57016355   -271.01871855      39       0      27
  766     17.99476762    -66.57684312   -271.01871856      32       0      29
  767     17.27913654   -101.25330541   -271.01871855      34       0      36
  768     20.92582328    -37.26528722   -271.01871856      40       0      40
  769     21.98293056    -37.26528722   -271.01871856      42       0      31
  770     19.03924506    -96.32560854   -271.01871856      44       0      23
  771     21.91271627    -90.70176617   -271.01871854      30       0      36
  772     17.19793867   -101.15331827   -271.01871852      39       0      31
  773     23.03636170    -42.96198526   -271.01871856      37       0      30
  774     13.56481503    -92.18124468   -271.01871852      35       0      18
  775     15.72124225    -33.50380262   -271.01871856      25       0      21
  776     21.29873857    -80.43338479   -271.01871855      23       0      29
  777     16.03994264    -74.51537886   -271.01871855      30       0      28
  778     18.23014667    -46.18459677   -271.01871856      30       0      27
  779     16.92585575    -49.28294856   -271.01871856      30       0      23
  780     22.53420957    -45.49660169   -271.01871856      27       0      31
  781     21.99079596    -60.90708941   -271.01871855      32       0      36
  782     23.29096520    -26.67931615   -271.01871855      44       0      24
  783     19.72975036    -27.42602159   -271.01871855      27       0      33
  784     23.00529651    -67.55909965   -271.01871855      38       0      33
  785     21.14831189    -58.82604928   -271.01871855      39       0      38
  786     16.69901019    -73.84085203   -271.01871855      43       0      32
  787     18.47428310    -70.00551214   -271.01871855      47       0      24
  788     25.17518565    -71.50716312   -271.01871855      35       0      37
  789     26.80991403    -13.31653262   -271.01871855      39       0      32
  790     18.84686719    -90.40730765   -271.01871855      38       0      28
  791     17.13404141    -74.97989187   -271.01871224      36       0      23
  792 720403.49915444 16124576.22031954   -271.01871855      32       0      20
  793     14.58256144   -134.54714372   -271.01871856      23       0      28
  794     18.23991194    -78.12547573   -271.01871855      31       0      29
  795     18.59185672    -69.01495463   -271.01871854      29       0      26
  796     19.89440618    -73.22576566   -271.01871854      31       0      23
  797     21.07410155    -44.97717314   -271.01871855      25       0      26
  798 523446.56555051 11716076.30708100   -271.01871855      28       0      39
  799     14.60963945   -116.34669681   -271.01871855      39       0      27
  800     14.93711932    -44.88151536   -271.01871855      34       0      27
  801     22.85787673    -44.02998438   -271.01871855      30       0      32
  802     26.42825598    -50.45516172   -271.01871855      34       0      37
  803     21.79849532    -67.53564884   -271.01871855      40       0      30
  804     17.38334486    -63.45729186   -271.01871855      40       0      35
  805   1685.35085519  37452.92338253   -271.01871855      35       0      31
  806     16.25536387    -98.01160327   -271.01871856      34       0      33
  807     14.09752823   -107.85082515   -271.01871855      38       0      26
  808     21.74803002    -20.57095424   -271.01871855      34       0      27
  809     17.35527861    -67.79184850   -271.01871855      32       0      21
  810     23.26409168    -52.17406370   -271.01871855      27       0      28
  811     18.86672886    -92.10567430   -271.01871855      31       0      30
  812     20.62735373    -36.11541920   -271.01871855      32       0      27
  813     16.98095809    -25.42916509   -271.01871855      31       0      22
  814     17.43219088    -71.17115025   -271.01871855      29       0      26
  815     18.36433074    -68.77775418   -271.01871855      30       0      33
  816     26.37158205    -25.68744168   -271.01871855      34       0      34
  817     24.34709148    -48.91574580   -271.01871855      39       0      26
  818     24.96036303    -57.76003147   -271.01871855      36       0      29
  819     14.93457593    -98.47975746   -271.01871855      32       0      35
  820     16.57600708    -66.08768425   -271.01871856      34       0      34
  821     23.16994149    -72.22771190   -271.01871855      40       0      35
  822     17.78369436    -91.49343781   -271.01871855      42       0      28
  823     21.59303624    -32.93747966   -271.01871856      33       0      32
  824     16.42621510    -91.27998982   -271.01871855      35       0      28
  825     22.99936224    -39.30464797   -271.01871855      32       0      28
  826     21.23784038    -42.21772383   -271.01871854      30       0      22
  827     16.21593044    -65.10695664   -271.01871855      33       0      29
  828     21.33403174    -83.51855008   -271.01871855      34       0      26
  829     19.85190034    -53.29718448   -271.01871854      32       0      29
  830     16.81597398    -56.34006663   -271.01871855      31       0      20
  831     23.44131269    -40.55376312   -271.01871855      24       0      29
  832     21.76975127    -74.49705296   -271.01871855      30       0      30
  833     22.19525199    -37.96818546   -271.01871855      34       0      34
  834     15.15668087    -92.78418150   -271.01871855      43       0      29
  835     48.46664576    685.35898577   -271.01871855      36       0      30
  836     20.46915665    -80.23305651   -271.01871854      36       0      31
  837     24.15575779    -70.07591266   -271.01871856      35       0      34
  838     18.14424805    -80.52644425   -271.01871856      38       0      36
  839     19.91133299    -22.68725014   -271.01871856      42       0      30
  840 1641035.01249189 36731140.13958190   -271.01871854      36       0      33
  841     12.76725379    -90.32885060   -271.01871856      33       0      23
  842 2690389.77823727 60218925.57974067   -271.01871855      26       0      29
  843     20.28871070    -79.07169850   -271.01871855      32       0      21
  844     13.33611686   -112.62124328   -271.01871855      27       0      32
  845     25.71542405    -31.32290889   -271.01871855      32       0      28
  846     14.26338695    -74.94597317   -271.01871855      29       0      28
  847     19.45817405    -73.98199646   -271.01871855      32       0      19
  848     19.88219042    -38.15695878   -271.01871855      24       0      26
  849     15.12694844    -84.26891162   -271.01871856      30       0      32
  850     22.43021444    -53.64527124   -271.01871856      36       0      31
  851     15.44231888    -45.04284047   -271.01871856      39       0      31
  852     20.70749693    -53.17525144   -271.01871855      36       0      32
  853     19.11246721    -79.21892718   -271.01871855      41       0      32
  854     19.36303407    -85.67939779   -271.01871856      41       0      31
  855     25.80374388    -13.45495783   -271.01871856      39       0      38
  856     22.05349542    -77.12477119   -271.01871856      40       0      33
  857     22.45196250    -62.50740065   -271.01871855      36       0      30
  858     18.50740616    -63.11974125   -271.01871855      36       0      23
  859     23.93045101    -66.16983136   -271.01871856      32       0      30
  860     20.31671517    -43.86495652   -271.01871855      31       0      23
  861     24.08239619    -50.05412962   -271.01871855      27       0      32
  862     22.47554448    -53.41336125   -271.01871855      35       0      24
  863     18.71623888    -48.73381789   -271.01871855      29       0      29
  864     11.19052702   -106.89504877   -271.01871856      30       0      19
  865     19.41655760    -67.58205024   -271.01871855      24       0      27
  866     19.73582392    -25.43475379   -271.01871856      27       0      27
  867     22.01594349    -38.04796773   -271.01871855      30       0      31
  868     22.20557642    -35.86035057   -271.01871856      33       0      29
  869     16.05840065    -35.86035057   -271.01871855      34       0      36
  870     23.43929256    -94.97705532   -271.01871855      39       0      31
  871     23.39302661    -59.61191000   -271.01871855      37       0      36
  872     24.25912056    -57.02971339   -271.01871855      41       0      36
  873     19.46368749    -77.10903612   -271.01871855      42       0      30
  874     24.17249130    -63.18850235   -271.01871855      41       0      30
  875     18.40696108    -69.30415976   -271.01871855      35       0      28
  876     21.28361231    -47.08120699   -271.01871855      33       0      28
  877     13.81395362    -48.61949898   -271.01871855      32       0      23
  878     20.96162035    -51.92593916   -271.01871855      26       0      32
  879     22.32090123    -63.41955008   -271.01871855      34       0      26
  880     21.63074849    -55.28702892   -271.01871855      29       0      28
  881     19.86830173    -50.62143913   -271.01871855      34       0      22
  882     15.29410901    -86.06144688   -271.01871855      24       0      23
  883     20.26711710    -39.89146495   -271.01871855      29       0      29
  884     25.14039860    -29.62169985   -271.01871855      31       0      27
  885     15.37523868    -79.83632852   -271.01871855      30       0      30
  886 2628382.80055567 58831019.93797976   -271.01871855      33       0      36
  887 310659.35776318 6953244.76867927   -271.01871855      39       0      31
  888     18.74513981    -78.88659062   -271.01871855      35       0      34
  889     21.73269885    -93.38760259   -271.01871855      40       0      35
  890     18.03088399    -84.15607800   -271.01871855      38       0      32
  891     19.15763234    -43.25063929   -271.01871855      42       0      31
  892     18.83284838    -35.32253934   -271.01871855      38       0      31
  893     20.09585062    -85.88751762   -271.01871855      37       0      26
  894     23.69602506    -58.49144916   -271.01871854      34       0      25
  895     17.50415038    -76.35818085   -271.01871854      28       0      31
  896     16.40210962    -70.38530490   -271.01871855      34       0      24
  897     18.90203612    -75.54134834   -271.01871854      23       0      29
  898     19.53359126    -34.34330692   -271.01871855      33       0      22
  899      8.20220040   -179.81382395   -271.01871855      29       0      25
  900     15.17387583   -113.15255866   -271.01871855      25       0      26
  901     17.93072962    -61.05904204   -271.01871855      29       0      29
  902     18.63753311    -40.74449108   -271.01871855      31       0      28
  903     21.83233248    -72.47987097   -271.01871855      29       0      38
  904     21.60288497    -75.29066941   -271.01871855      42       0      29
  905     21.12234322    -75.29066941   -271.01871856      44       0      35
  906     22.91170739    -70.26424652   -271.01871855      40       0      30
  907     21.82199645    -62.22269357   -271.01871856      35       0      34
  908     18.83462017    -64.47555797   -271.01871855      40       0      32
  909 22622361.33324531 506357721.45935619   -271.01871855      38       0      31
  910     21.57717428    -21.49305637   -271.01871855      39       0      28
  911 3636616.36187684 81398385.28626134   -271.01871855      33       0      26
  912     25.09514347    -61.95295108   -271.01871855      36       0      32
  913     13.95012075    -96.50527591   -271.01871855      36       0      25
  914     12.17803090    -96.38774516   -271.01871855      30       0      24
  915     19.69894509    -16.91148276   -271.01871855      27       0      27
  916 21363579.96662893 478182323.42943192   -271.01871855      32       0      23
  917     14.93966802    -72.57517903   -271.01871341      29       0      28
  918     21.10853454    -39.57036450   -271.01871855      29       0      27
  919     16.32951041    -60.07568196   -271.01871856      33       0      24
  920     15.90156470    -93.43109853   -271.01871855      29       0      30
  921     27.03593688    -41.33758931   -271.01871341      32       0      40
  922     22.90877402    -38.93768702   -271.01871856      42       0      37
  923     19.43392341    -41.96034229   -271.01871855      51       0      23
  924     23.00900482    -82.10721877   -271.01871855      39       0      38
  925     22.66261844    -52.42174084   -271.01871855      43       0      31
  926     18.95544332    -73.26713753   -271.01871855      42       0      28
  927 8175820.34906899 182999724.67610666   -271.01871856      35       0      32
  928     15.68073544    -77.79461392   -271.01871855      34       0      27
  929     19.09465875    -45.46720986   -271.01871856      28       0      30
  930     24.33288391    -30.54293202   -271.01871855      33       0      29
  931     19.51189819    -91.67958446   -271.01871855      30       0      20
  932     18.57446488    -74.92468251   -271.01871855      26       0      28
  933     17.18634456   -125.76035086   -271.01871855      33       0      25
  934     16.28633909    -83.68742854   -271.01871856      30       0      26
  935     18.91862517    -30.97156612   -271.01871856      33       0      26
  936     20.05492764     -9.42722732   -271.01871856      26       0      26
  937     17.73014286    -86.21140311   -271.01871856      31       0      27
  938     20.36711222    -83.94622879   -271.01871855      25       0      32
  939     20.50961722    -76.02253620   -271.01871855      36       0      41
  940     21.51827804    -20.00032885   -271.01871855      41       0      29
  941     20.49218005    -74.71781497   -271.01871855      38       0      35
  942     16.68897198    -44.33502054   -271.01871855      41       0      33
  943     24.74540148    -34.25435395   -271.01871855      40       0      32
  944     20.49441832    -75.43881438   -271.01871855      40       0      33
  945     19.05642694    -82.07634824   -271.01871855      43       0      25
  946     14.72456862   -123.22514773   -271.01871855      36       0      31
  947     16.36563768    -60.70827094   -271.01871855      38       0      26
  948     17.12941748    -22.40441899   -271.01871855      30       0      18
  949     22.42037739    -67.70640906   -271.01871855      20       0      30
  950     16.84870219    -80.49698904   -271.01871855      33       0      26
  951     19.90439435    -61.41034388   -271.01871855      31       0      28
  952     16.42168943    -49.50536798   -271.01871855      31       0      25
  953     20.37801658    -70.51061763   -271.01871855      29       0      28
  954     17.66450792    -45.42190159   -271.01871855      35       0      25
  955     21.85874879    -48.07271579   -271.01871855      29       0      32
  956     21.47587820    -84.69758811   -271.01871855      33       0      36
  957     21.72224160    -40.82355580   -271.01871855      40       0      33
  958     17.51006249    -97.30921713   -271.01871855      37       0      30
  959     19.54322705    -76.79373297   -271.01871854      36       0      34
  960     20.51259410    -72.00423887   -271.01871855      39       0      28
  961     22.62217991    -50.89872152   -271.01871855      33       0      37
  962     23.78187803    -52.25104380   -271.01871855      43       0      26
  963     23.21186153    -82.01225865   -271.01871856      38       0      34
  964     19.53308180    -36.15367777   -271.01871854      34       0      28
  965      7.90821711   -153.79534797   -271.01871856      31       0      19
  966     11.66958627    -73.99496558   -271.01871856      28       0      26
  967     16.73023111    -79.91847348   -271.01871854      31       0      27
  968     22.87603185    -28.18138159   -271.01871855      30       0      26
  969     25.26580249    -36.42131478   -271.01871855      31       0      28
  970     15.99677720    -88.74900490   -271.01871855      31       0      27
  971     12.86184188   -106.92230657   -271.01871855      31       0      24
  972     25.84143093    -57.87679963   -271.01871855      29       0      36
  973 287851.25285459 6442728.53009221   -271.01871855      39       0      30
  974     21.00217005    -55.93082546   -271.01871854      37       0      35
  975     22.86401578    -60.08945362   -271.01871854      36       0      31
  976     25.78161528    -37.47909987   -271.01871855      38       0      33
  977     21.41180404    -68.88063709   -271.01871855      42       0      27
  978     25.56614821    -74.46161901   -271.01871855      33       0      33
  979     18.25159448    -74.20835773   -271.01871855      41       0      35
  980     20.14986850      6.08055858   -271.01871855      39       0      28
  981     18.19243808    -72.73347237   -271.01871855      32       0      28
  982     18.32738417    -54.31302088   -271.01871855      33       0      22
  983     17.78263586    -43.89882884   -271.01871855      31       0      28
  984     13.66017241    -17.39074841   -271.01871855      33       0      24
  985     20.49297267    -19.46039977   -271.01871855      26       0      29
  986     17.48492192    -68.64615852   -271.01871856      31       0      24
  987     18.63122427    -87.39280738   -271.01871855      33       0      29
  988     19.08636117    -19.01708466   -271.01871854      33       0      24
  989     19.94707763    -39.92729745   -271.01871855      29       0      34
  990     23.51229794      5.08896510   -271.01871855      33       0      33
  991     21.33027042    -66.09627045   -271.01871855      37       0      32
  992     20.37821199    -87.09430367   -271.01871855      39       0      29
  993     24.67786976    -46.38516060   -271.01871855      41       0      33
  994     15.66859872   -110.40207080   -271.01871855      38       0      28
  995     22.09673859    -16.39615128   -271.01871856      33       0      33
  996     20.22577238    -44.44774921   -271.01871855      40       0      39
  997     19.52418960    -85.88883018   -271.01871855      40       0      27
  998     14.10415501    -95.73503689   -271.01871855      40       0      22
  999     20.95773374    -59.16779617   -271.01871347      31       0      30
 1000     25.56411739    -27.43636048   -271.01871855      32       0      27
----------------------------------------------------------------------------------
Artificial Bee Colony Optimization Finished!

 -- Results Report --
 * 100 LMs will be saved in [ lm-cl-solvent-LM ].
      #          Energy
      0   -271.01871855
      1   -271.01870541
      2   -270.33037205
      3   -270.33036103
      4   -270.32896104
      5   -270.24302712
      6   -270.22525379
      7   -270.21430843
      8   -270.15140050
      9   -270.12585899
     10   -270.11969680
     11   -270.05118387
     12   -269.97197326
     13   -269.94208371
     14   -269.67689313
     15   -269.62219695
     16   -269.52791137
     17   -269.51625092
     18   -269.46719624
     19   -269.20669827
     20   -269.03316500
     21   -268.95764317
     22   -268.94844650
     23   -268.82478491
     24   -268.82204495
     25   -268.80243192
     26   -268.69255136
     27   -268.68108982
     28   -268.49219377
     29   -268.46550631
     30   -268.46549562
     31   -268.41952537
     32   -268.38265205
     33   -268.36601797
     34   -268.30291632
     35   -268.28800057
     36   -268.25070525
     37   -268.17005212
     38   -268.17003888
     39   -268.12102048
     40   -268.11540162
     41   -267.90900053
     42   -267.86813071
     43   -267.86812009
     44   -267.84310811
     45   -267.77360634
     46   -267.55660703
     47   -267.48993080
     48   -267.48236048
     49   -267.48234632
     50   -267.38113613
     51   -267.35138226
     52   -267.28666137
     53   -267.26901467
     54   -267.26218841
     55   -267.24929280
     56   -267.19021392
     57   -267.17330716
     58   -267.13759265
     59   -267.11082342
     60   -267.10224759
     61   -267.10223733
     62   -267.08560289
     63   -267.07862331
     64   -267.06444340
     65   -267.06442964
     66   -267.04367411
     67   -267.03390941
     68   -267.02715933
     69   -266.96359328
     70   -266.91434557
     71   -266.81481820
     72   -266.81291008
     73   -266.65443733
     74   -266.60475308
     75   -266.57910173
     76   -266.57909057
     77   -266.57417924
     78   -266.54848894
     79   -266.52557824
     80   -266.51786023
     81   -266.51290854
     82   -266.50624325
     83   -266.50386355
     84   -266.50385043
     85   -266.47916501
     86   -266.47525801
     87   -266.45866865
     88   -266.45865706
     89   -266.41509428
     90   -266.40666021
     91   -266.37713643
     92   -266.37324859
     93   -266.35782542
     94   -266.34812750
     95   -266.34079823
     96   -266.32012909
     97   -266.31442362
     98   -266.28263565
     99   -266.23946553

 * Final Global Minimal Energy:   -271.01871855
 * The Global Minimum is saved as: [ lm-cl-solvent-OPT.(cluster/xyz/gjf) ]

===== (^ _ ^) =====
Normal termination at Wed Dec 18 15:23:33 2019.
Total run time: 4619 seconds = 0 days 1 hours 16 minutes 59 seconds.
