    * * * * * * * * * * * * * * * * * * * * *
    *       __    ____    ______            *
    *      /  \  |  _ \  |  ___/  luster !  *
     *    / _  \ | |_| | | |               *
     *   / /_\ | |  _ <  | |     < @  @ >  * 
     *  / ___  | | |_| | | |___ _ _  o     * 
    *  /_/   |_| |____/  |_____ _ __ __  _  *
    *                                       *
    * * * * * * * * * * * * * * * * * * * * *

ABCluster 1.5.1
Specific flag:  official version
Platform:       LINUX/UNIX
Compiled by:    junzhang@gellmann.scs.illinois.edu
Compiling date: Dec 18 2017 20:33:35
C++ compiler:   g++
C++ options:    -O3 -Os -fno-exceptions --std=c++0x -fopenmp 

Contributors:
Jun Zhang(University of Cologne): Design and coding.

For any suggestions, comments, and questions on the theory and
implementation of ABCluster, please feel free to contact:

Dr. Jun Zhang, ZhangJunQcc@gmail.com

If you used this program in your work, please cite this reference:

[1] Zhang, J.; Dolg, M.; ABCluster: The Artificial Bee Colony Algorithm for
    Cluster Global Optimization. Phys. Chem. Chem. Phys. 2015, 17, 24173-24181.
[2] Zhang, J.; Dolg, M.; Global Optimization of Clusters of Rigid Molecules by the
    Artificial Bee Colony Algorithm. Phys. Chem. Chem. Phys. 2016, 18, 3003-3010.

Program starts at Wed Dec 18 14:06:07 2019.
Command line: " /ihome/jkeith/amm503/codes/ABCluster/rigidmol-optimizer solvent.inp "
Process ID:   185940
Run by:       amm503@smp-n28.crc.pitt.edu
Available CPU cores:    24
Read "OMP_NUM_THREADS": Unset

Random number testing (integers): 1746057616...768596580
Random number testing (fractals): 0.77748985...0.12898063

 -- Input/Output Parameters --
Input file name:      solvent.inp
Cluster file name:    solvent.cluster
Result file name:     lm-solvent.(cluster/xyz/gjf)
Temporary file name:  abclusteramm503smp-n28.crc.pitt.edu185940-OPT
# of saved LMs:       100
LMs are stored in:    lm-solvent-LM

 -- ABC Control Parameters --
Population size:                  500
Maximal generation:              1000
Scout limit:                       15
Amplitude:                22.00000000

 -- Cluster Components: from [ solvent.cluster ] --
 -----------------------------------------------------------
   Source                                       #   Charge
 -----------------------------------------------------------
   charmm36/ch3cn.xyz                          12   -0.000
 -----------------------------------------------------------
   Dimension: 0, an isolate cluster.
 -----------------------------------------------------------

Artificial Bee Colony Optimization Starts!
----------------------------------------------------------------------------------
 * Population: 500; Maximal cycles: 1000
 * EM = Employed Bee; Trigonometric mutation
 * OL = Onlooker Bee; ABC/best/2(0.5)+ABC/current/2(0.5);
        Tournament selection from 5 nectars.
 * SC = Scout Bee; Random nectar; Limit = 15
----------------------------------------------------------------------------------
    #       Diversity            maxE            minE    byEM    byOL    bySC
----------------------------------------------------------------------------------
    1     24.44320766    -77.26300254   -319.14691406     321      41       0
    2      7.15639909   -242.47199511   -319.14691404     229      62       0
    3      5.78783120   -283.36582032   -319.14691406     170      57       0
    4      5.37497811   -291.57456214   -320.66167336     121      34       0
    5      5.05139836   -295.37488253   -320.78139709      99      48       0
    6      5.04838079   -295.37488253   -321.45870520      72      33       0
    7      5.07738287   -301.61866952   -321.45870489      70      49       0
    8      5.16879269   -301.61866952   -321.45870546      61      52       0
    9      5.11325643   -301.61866952   -321.45870515      60      21       0
   10      5.04835829   -304.18111808   -321.45870573      75      17       0
   11      4.81170265   -305.07315955   -321.45870519      98       5       0
   12      4.52780903   -305.07315955   -321.45870701      87       7       0
   13      3.60175765   -307.53438567   -321.45870546     116       2       0
   14      2.27713272   -310.22996034   -321.45870520     122       0       0
   15      0.51567390   -315.49664726   -321.45870518      71       0       0
   16      0.00000101   -321.45870519   -321.45870715      13       0       0
   17      0.00000101   -321.45870519   -321.45870715       0       0       0
   18     10.25992919   -106.57740375   -321.45870715       0       0       6
   19     32.36781374    -11.12742829   -321.45870521       5       0      34
   20     33.62773021    -29.57944583   -321.45870519      31       0      74
   21     60.17699389    -17.98354570   -321.45870518      80       0     151
   22     60.52669947    -32.67172576   -321.45870379     129       1     138
   23     45.42321056    -19.42550664   -321.45870378     179       3      65
   24     25.49395283    -30.77770643   -321.45870379     162       3      24
   25     13.01458913   -138.32578488   -321.45870594     174       7       7
   26      6.37377416   -262.53083897   -321.45870379     138       1       1
   27      3.66294574   -303.96575719   -321.45870070     134       0       0
   28      1.48701198   -307.74715132   -321.45870378      72       0       0
   29      0.00000133   -321.45870518   -321.45870297      19       0       0
   30      0.00000133   -321.45870518   -321.45870297       0       0       0
   31      0.00000133   -321.45870518   -321.45870297       0       0       0
   32      0.00000133   -321.45870518   -321.45870297       0       0       0
   33      0.00000133   -321.45870518   -321.45870297       0       0       0
   34      0.00000133   -321.45870518   -321.45870297       0       0       0
   35      3.81510319   -255.62513409   -321.45870297       0       0       6
   36     24.20461091    -36.11708213   -321.45870378       6       0      28
   37     34.71214495    -31.98323892   -321.45870518      26       0      49
   38     32.79045456    -37.64157282   -321.45870378      52       0      47
   39     37.48696307    -44.57765196   -321.45870519      54       0      79
   40     50.53084832    -42.68118285   -321.45870544      81       0      97
   41     54.25120825    -26.80645361   -321.45870520     110       0     107
   42     31.01636946    -86.04980725   -321.45870378     131       0      59
   43     20.79509433   -115.50943277   -321.45870378     131       1      24
   44      8.55858330   -196.39071426   -321.45870379     108       0       4
   45      1.77936359   -303.92320261   -321.45870519      81       0       0
   46      0.00000085   -321.45870519   -321.45870379      11       0       0
   47      0.00000085   -321.45870519   -321.45870379       0       0       0
   48      0.00000085   -321.45870519   -321.45870379       0       0       0
   49      0.00000085   -321.45870519   -321.45870379       0       0       0
   50      0.00000085   -321.45870519   -321.45870379       0       0       0
   51      0.00000085   -321.45870519   -321.45870379       0       0       0
   52      8.26348652   -141.77669585   -321.45870379       0       0       5
   53     20.56307098    -91.86220380   -321.45870380       5       0      26
   54     27.15222890   -105.94807676   -321.45870437      25       0      44
   55     25.17758269    -30.90512926   -321.45870518      45       0      38
   56     38.41834940    -24.52374549   -321.45870405      47       0      63
   57 1530281.32697091 34252090.80787672   -321.45870408      62       0      72
   58     41.51657668    -20.64498908   -321.45870405      80       0      79
   59     38.66634481    -25.22934952   -321.45870405     101       0      81
   60     30.82026914    -11.18671444   -321.45870404     109       0      70
   61     16.96717353    -71.68101856   -321.45870391     115       0      18
   62      9.31931418   -125.92756263   -321.45870379      80       0       4
   63      0.54382587   -310.52194762   -321.45870405      26       0       0
   64      0.00000070   -321.45870380   -321.45870380       3       0       0
   65      0.00000070   -321.45870380   -321.45870380       0       0       0
   66      0.00000070   -321.45870380   -321.45870380       0       0       0
   67      0.00000070   -321.45870380   -321.45870380       0       0       0
   68      0.00000070   -321.45870380   -321.45870380       0       0       0
   69     15.65684073   -116.13412057   -321.45870380       0       0       5
   70 188811635.11210933 4226184493.50709724   -321.45870565       5       0      23
   71 77931927.40019397 1744355788.67257571   -321.45870405      23       0      40
   72 2059897.35512002 46106518.73999108   -321.45870565      42       0      39
   73     30.53257897    -20.16854480   -321.45870404      43       0      51
   74 130897319.65512116 2929884086.18718433   -321.45870405      55       0      61
   75     47.04699035    -22.54642250   -321.45870403      64       0      70
   76     45.39829537    -20.09237679   -321.45870380      79       0      74
   77     37.11935566    -20.67323037   -321.45870378      92       0      71
   78     34.73244886    -41.14918177   -321.45870406     111       0      54
   79     13.77425492   -118.03395391   -321.45870403      94       0      12
   80      2.29529636   -302.63123994   -321.45870406      55       0       0
   81      0.00000044   -321.45870405   -321.45870404      19       0       0
   82      0.00000044   -321.45870405   -321.45870404       0       0       0
   83      0.00000044   -321.45870405   -321.45870404       0       0       0
   84      0.00000044   -321.45870405   -321.45870404       0       0       0
   85      0.00000044   -321.45870405   -321.45870404       0       0       0
   86     13.30735454    -42.97745833   -321.45870404       0       0       5
   87     23.36156854    -65.91681782   -321.45870405       4       0      19
   88     32.18169360    -36.97299384   -321.45870406      20       0      39
   89     29.43481430    -59.29203250   -321.45870404      40       0      39
   90 45246438.50707000 1012754069.78374994   -321.45870405      48       0      43
   91     36.84998629     -9.30677063   -321.45870403      56       0      59
   92     33.54698547    -52.66287569   -321.45870404      65       0      59
   93     38.91849262    -16.91365692   -321.45870406      74       0      64
   94     40.54475007    -36.44468482   -321.45870403      88       0      60
   95     51.86298859    -29.15982836   -321.45870403      80       0      78
   96     22.84533000    -95.38725080   -321.45870404      96       0      27
   97     12.40247514   -134.63025876   -321.45870404      78       0       8
   98      1.45786468   -302.90897636   -321.45870325      41       0       0
   99      0.00000047   -321.45870406   -321.45870404       6       0       0
  100      0.00000047   -321.45870406   -321.45870404       0       0       0
  101      0.00000047   -321.45870406   -321.45870404       0       0       0
  102      0.00000047   -321.45870406   -321.45870404       0       0       0
  103      2.10011500   -292.38993867   -321.45870404       0       0       5
  104 21903455.72881238 490266352.11932486   -321.45870342       5       0      16
  105     27.67878552    -28.99509595   -321.45870405      16       0      29
  106     34.91412016    165.21041462   -321.45870403      27       0      38
  107     25.28143532    -30.05709271   -321.45870342      38       0      44
  108     36.99385413    -34.17124788   -321.45870405      47       0      55
  109     35.99340096    -25.41722618   -321.45870405      57       0      59
  110     35.96134182    -15.68472149   -321.45870405      68       0      52
  111     37.65683657      5.66661021   -321.45870400      69       0      56
  112 17062115.94774608 381902294.96194661   -321.45870401      69       0      67
  113 889897.23712418 19918326.80614995   -321.45870405      79       0      59
  114     15.65192296    -98.70460196   -321.45870406      85       0      19
  115      2.89459968   -291.67668580   -321.45870343      55       0       1
  116      1.19572981   -304.48334163   -321.45870404      14       0       0
  117      0.00000044   -321.45870404   -321.45870398       3       0       0
  118      0.00000044   -321.45870404   -321.45870398       0       0       0
  119      0.00000044   -321.45870404   -321.45870398       0       0       0
  120     17.99456478    -32.07067668   -321.45870398       0       0       5
  121     15.89905275    -78.98095280   -321.45870405       5       0      15
  122     32.06663016    -16.29179101   -321.45870405      13       0      28
  123     33.28796426    -57.94426353   -321.45870405      33       0      36
  124     27.01126871    -24.62485019   -321.45870401      39       0      45
  125     35.04308361    -34.27897122   -321.45870404      51       0      46
  126 6423665.62853977 143781067.15233508   -321.45870406      57       0      54
  127     35.53521906    -53.87638179   -321.45870405      66       0      50
  128 38060572.74616387 851912305.91553617   -321.45870402      57       0      60
  129     35.06469695    -36.23506332   -321.45870405      68       0      51
  130     35.02828153    -67.19963018   -321.45870762      71       0      68
  131     29.88697464    -22.50003472   -321.45870402      88       0      36
  132      3.70105807   -280.68232798   -321.45870406      64       0       5
  133      8.89244421   -122.80492997   -321.45870402      19       0       1
  134      0.00000033   -321.45870401   -321.45870402       4       0       0
  135      0.00000033   -321.45870401   -321.45870402       0       0       0
  136      0.00000033   -321.45870401   -321.45870402       0       0       0
  137     11.99596719    -82.16277397   -321.45870402       0       0       5
  138     17.62382584    -50.63440107   -321.45870406       5       0      12
  139     25.34960957    -82.25523145   -321.45870402      12       0      28
  140     29.37980767    -58.26011203   -321.45870404      27       0      31
  141     28.68561850    -37.62500724   -321.45870402      36       0      40
  142     35.00623782    -33.27598837   -321.45870406      43       0      49
  143     36.17483791    -24.47778598   -321.45870406      52       0      52
  144     33.24607675    -38.05560903   -321.45870406      63       0      49
  145 112965.03545410 2528190.22154197   -321.45870406      65       0      49
  146     29.03651221    -36.30945632   -321.45870382      65       0      57
  147     41.24023990     -9.64188228   -321.45870382      67       0      63
  148 4627401.60189485 103575158.58699363   -321.45870404      84       0      51
  149     22.79529766    -57.88651145   -321.45870404      76       0      13
  150      6.25207466   -193.07985517   -321.45870405      45       0       1
  151      0.00000025   -321.45870404   -321.45870405      13       0       0
  152      0.00000025   -321.45870404   -321.45870405       0       0       0
  153      0.00000025   -321.45870404   -321.45870405       0       0       0
  154     12.32747185   -100.06304806   -321.45870405       0       0       5
  155     22.36157597    -28.07973990   -321.45870405       5       0      11
  156     19.19506229   -126.22095609   -321.45870405      11       0      24
  157     23.49964180    -58.79261491   -321.45870405      22       0      31
  158     21.58557230    -52.20704398   -321.45870405      33       0      36
  159     30.64616209    -28.55340028   -321.45870405      41       0      44
  160     32.43996601    -55.38248159   -321.45870403      50       0      53
  161     23.09186312    -36.68365312   -321.45870405      58       0      48
  162     27.52245023    -26.76158613   -321.45870404      62       0      46
  163 546799.01865495 12238732.31259761   -321.45870405      65       0      53
  164     32.55662583    -27.11430489   -321.45870404      67       0      58
  165     31.35236546    -24.79610766   -321.45870406      69       0      53
  166     19.87965291   -108.58521232   -321.45870404      70       0      33
  167      8.10684761   -159.31044039   -321.45870401      59       0       5
  168      0.18885162   -317.23162425   -321.45870397      24       0       0
  169      0.00000036   -321.45870405   -321.45870404       1       0       0
  170      0.00000036   -321.45870405   -321.45870404       0       0       0
  171     17.21651347    -37.30812797   -321.45870404       0       0       5
  172      6.14932493   -233.81171276   -321.45870404       5       0      11
  173     16.52006134    -88.76899975   -321.45870401      11       0      22
  174     21.88631415    -52.85714742   -321.45870401      23       0      28
  175     28.13074172    -55.51810249   -321.45870403      29       0      34
  176     31.64291507    -55.51810249   -321.45870403      35       0      43
  177     37.47332016    -12.65448457   -321.45870406      46       0      43
  178 154336024.47098076 3454514350.58193874   -321.45870403      49       0      46
  179     37.16795978    -36.77331353   -321.45870403      57       0      52
  180     37.03245515    -67.82004806   -321.45870402      59       0      53
  181     34.93060253    -41.24062526   -321.45870406      66       0      49
  182 25584426.71675066 572657806.60121024   -321.45870405      63       0      62
  183     31.76734953    -51.12767157   -321.45870406      75       0      36
  184     19.31993728    -34.70363908   -321.45870405      63       0      15
  185      1.70930892   -286.31455115   -321.45870404      32       0       1
  186      0.00000032   -321.45870405   -321.45870376       2       0       0
  187      0.00000032   -321.45870405   -321.45870376       0       0       0
  188      8.91257001   -126.51489768   -321.45870376       0       0       5
  189     14.53495706    -87.34763468   -321.45870405       5       0      10
  190     16.17484616   -123.04111016   -321.45870404      11       0      22
  191     24.91334427    -43.67223392   -321.45870405      21       0      25
  192     21.86822528    -35.29271577   -321.45870406      26       0      33
  193     34.30691847    -22.68189985   -321.45870406      33       0      41
  194     33.69297543    -39.84551231   -321.45870405      37       0      40
  195 334362607.59789062 7484062692.66080666   -321.45870405      50       0      45
  196     28.95532424    -21.83317668   -321.45870405      54       0      49
  197     35.09675079    -46.63119251   -321.45870402      55       0      48
  198     36.01646357    -13.09672496   -321.45870403      58       0      54
  199 2465520.70269140 55185620.58437601   -321.45870399      71       0      56
  200     24.70911776    -84.48730921   -321.45870405      71       0      48
  201     22.89131205    -90.23184462   -321.45870403      69       0      22
  202     10.64214035    -91.29467508   -321.45870405      50       0       2
  203      0.63173938   -307.31843476   -321.45870406       9       0       0
  204      0.00000034   -321.45870405   -321.45870406       1       0       0
  205     16.50928391    -30.58860360   -321.45870403       0       0       4
  206     18.53367246    -72.23263984   -321.45870403       4       0      11
  207     26.47809644    -38.86281118   -321.45870404      11       0      20
  208     23.04805093    -48.72932949   -321.45870403      18       0      26
  209     27.18712739    -61.16788884   -321.45870404      26       0      33
  210     24.52382910    -48.11087563   -321.45870403      35       0      29
  211     40.44204589    -18.40915081   -321.45870405      39       0      46
  212     33.86331225    -10.64411245   -321.45870404      48       0      46
  213 34679191.74695224 776226603.86847818   -321.45870405      52       0      40
  214     26.02386016    -63.25198537   -321.45870405      54       0      42
  215     46.92631370    -34.97954777   -321.45870404      56       0      59
  216     38.59863656    -44.72317394   -321.45870403      68       0      52
  217     38.48009209    -58.12364524   -321.45870404      65       0      53
  218     28.43180871    -28.92961169   -321.45870405      68       0      34
  219     11.00696820   -127.68655419   -321.45870404      54       0       5
  220      1.24050314   -297.67482143   -321.45870404      22       0       0
  221      0.00000010   -321.45870404   -321.45870404       2       0       0
  222     17.95267252    -69.10522983   -321.45870404       0       0       4
  223     17.45450476    -84.18982733   -321.45870405       4       0      11
  224     27.07743080    -23.69005368   -321.45870403      11       0      19
  225     34.34909440    -13.51639916   -321.45870403      19       0      24
  226     27.83489041    -51.26494916   -321.45870405      25       0      29
  227     25.34488442    -97.29178065   -321.45870405      31       0      30
  228     34.41993880    -54.92832435   -321.45870406      32       0      46
  229     29.21820503    -82.41529616   -321.45870403      48       0      40
  230     33.55705697    -20.46682752   -321.45870406      51       0      36
  231 1341075.11624895 30017068.04090918   -321.45870406      45       0      49
  232 7451100.67468259 166778225.26546398   -321.45870402      53       0      49
  233     31.81241023    -66.55172383   -321.45870406      59       0      56
  234 12612924.39579827 282315708.77497584   -321.45870405      69       0      54
  235     24.46562958    -74.86126585   -321.45870404      67       0      35
  236     26.26152830    -40.45202757   -321.45870404      55       0      17
  237     10.46614308    -89.09124893   -321.45870404      29       0       1
  238      0.00000033   -321.45870405   -321.45870406       6       0       0
  239     16.41611654    -75.09949551   -321.45870404       0       0       4
  240     26.01398935    -25.36889032   -321.45870406       4       0      10
  241     18.45439703    -39.65039681   -321.45870404      10       0      19
  242     25.80632735    -30.14917186   -321.45870404      17       0      24
  243     26.39023076    -65.27317796   -321.45870404      27       0      26
  244     17.19991541   -109.90155211   -321.45870405      31       0      32
  245     29.13578214    -56.96162084   -321.45870404      36       0      32
  246     35.99402024    -24.96383503   -321.45870404      42       0      50
  247     31.21052476    -16.62643689   -321.45870404      51       0      35
  248     31.22476632    -66.25267221   -321.45870405      47       0      46
  249     35.82067098    -28.63498409   -321.45870402      49       0      40
  250     40.16603092    -18.51367888   -321.45870407      46       0      59
  251     35.22163364    -30.33457775   -321.45870403      64       0      57
  252 3724848.59268180 83373247.88815087   -321.45870404      77       0      44
  253     16.98343380    -94.30899536   -321.45870402      66       0      17
  254      6.98579008   -179.56474038   -321.45870403      37       0       5
  255      0.00000049   -321.45870404   -321.45870403      17       0       0
  256     17.75193815    -41.14593716   -321.45870405       0       0       4
  257     20.30766948    -74.80885178   -321.45870405       4       0      10
  258      9.86363327   -177.75547665   -321.45870403      10       0      16
  259     20.71978907    -87.61490185   -321.45870403      15       0      24
  260     18.36547231    -93.44120695   -321.45870405      26       0      19
  261     32.08921690    -34.02370542   -321.45870402      19       0      38
  262     35.69771506    -22.69175071   -321.45870405      40       0      29
  263     33.14398090    -27.33965942   -321.45870403      43       0      47
  264     39.82172393    -11.98210719   -321.45870402      46       0      40
  265     31.18850632    -45.85146098   -321.45870403      50       0      43
  266     22.92543000    -80.73958719   -321.45870403      56       0      37
  267     39.51277949    -38.93330614   -321.45870405      48       0      47
  268     45.20686210    -32.20722218   -321.45870405      62       0      60
  269     32.00431486    -24.84650733   -321.45870405      65       0      49
  270     24.39767391    -55.49471007   -321.45870404      68       0      30
  271      6.66246971   -209.53905893   -321.45870405      46       0       7
  272      0.00000035   -321.45870405   -321.45870405      13       0       0
  273     10.60912793    -86.13778356   -321.45870400       0       0       4
  274     12.67015249   -155.77516054   -321.45870407       4       0      10
  275     13.38359987   -105.60959737   -321.45870407      10       0      14
  276     19.23464088    -29.46734268   -321.45870406      13       0      26
  277     15.21969264   -127.69689633   -321.45870406      25       0      16
  278     27.67593441    -41.17329068   -321.45870405      22       0      29
  279     30.71165369    -19.90517229   -321.45870404      28       0      37
  280 99895678.46061350 2226317744.58165455   -321.45870404      36       0      39
  281     34.02428558    -45.50668250   -321.45870405      42       0      38
  282     35.45131351    -27.74895493   -321.45870405      45       0      46
  283     27.05060941    -21.12685897   -321.45870405      54       0      39
  284     31.22394144    -76.55562865   -321.45870404      55       0      43
  285     35.85040553     -5.27595312   -321.45870368      53       0      53
  286     39.20117654     -8.20203062   -321.45870405      63       0      59
  287     34.01024454    -45.49328441   -321.45870405      67       0      39
  288     12.95475866    -78.88750257   -321.45870405      65       0       8
  289      1.24749098   -297.43973110   -321.45870403      29       0       0
  290 590464.03549213 13216079.37224627   -321.45870403       4       0       4
  291     17.81837538    -75.46995468   -321.45870403       4       0      10
  292 1279500.72766888 28638840.40031021   -321.45870403      10       0      14
  293     25.93306953    -24.76069028   -321.45870403      13       0      21
  294     23.16273882    -73.27658848   -321.45870403      22       0      21
  295     23.26702014    -78.54866368   -321.45870405      23       0      26
  296     30.25735481    -27.38425201   -321.45870403      25       0      36
  297     29.80846777    -69.86323993   -321.45870403      34       0      35
  298     29.09943964    -19.50613906   -321.45870403      45       0      35
  299     32.43260882    -11.46825398   -321.45870405      47       0      46
  300     34.24201364    -30.25895583   -321.45870404      53       0      41
  301     32.47479452    -35.13423393   -321.45870405      50       0      45
  302     25.70167823    -61.38870829   -321.45870404      53       0      43
  303     31.78135824    -65.84947868   -321.45870404      52       0      51
  304     34.32097561    -48.03278272   -321.45870404      57       0      50
  305     13.02266601    -81.74232377   -321.45870402      53       0      21
  306      2.61190417   -299.86945210   -321.45870404      42       0       1
  307      3.68244108   -249.04240328   -321.45870404      17       0       4
  308     19.04986875    -28.53029471   -321.45870404       6       0      10
  309     18.28143960    -24.82373920   -321.45870403      10       0      13
  310     27.69643703    -19.68157151   -321.45870400      13       0      21
  311     24.56038428    -52.49501791   -321.45870400      18       0      22
  312 1660515.63721657 37167127.16628675   -321.45870402      26       0      24
  313     20.97242675    -70.97588038   -321.45870402      24       0      30
  314     30.00008394    -28.40659866   -321.45870403      33       0      31
  315     29.83607022    -55.94261276   -321.45870406      36       0      38
  316 27457464.73384722 614582153.02549386   -321.45870402      40       0      48
  317     32.29586099    -67.33160537   -321.45870403      52       0      40
  318    628.10112615  13725.34945962   -321.45870402      55       0      43
  319     24.05750237    -87.79117471   -321.45870404      49       0      42
  320 78546284.70509277 1758106993.88437557   -321.45870405      57       0      49
  321     33.43524858    -32.09840796   -321.45870404      55       0      48
  322     33.31299039    -34.05739030   -321.45870405      58       0      31
  323     11.23756979   -125.71493524   -321.45870403      50       0       6
  324     14.74858699    -86.84472993   -321.45870402      17       0       4
  325     18.49554988    -73.51020416   -321.45870403       7       0      10
  326     19.59185361    -78.86771855   -321.45870406      10       0      13
  327     21.46670908    -37.22299002   -321.45870405      13       0      19
  328     26.43752590    -23.76232536   -321.45870406      19       0      23
  329     25.13405572    -38.55214759   -321.45870404      23       0      19
  330     24.08175571   -107.51073384   -321.45870405      22       0      33
  331     27.51359026    -21.92735753   -321.45870405      32       0      30
  332     28.19475155    -40.78343466   -321.45870404      34       0      35
  333 10375494.13684346 232235138.13716012   -321.45870404      43       0      44
  334     31.77830977    -22.87467858   -321.45870402      46       0      41
  335     30.81939336    -64.55234158   -321.45870406      45       0      42
  336     31.60471465    -80.85521077   -321.45870404      44       0      42
  337     27.47809196    -83.69089528   -321.45870407      60       0      47
  338     33.50170406    -35.13642191   -321.45870405      58       0      48
  339     32.45883550    -21.75898440   -321.45870403      62       0      37
  340      8.33192954   -164.28377552   -321.45870403      50       0      12
  341      7.13994022   -170.12641330   -321.45870404      23       0       5
  342     18.44243071    -73.91773215   -321.45870405       9       0      10
  343     21.41416954    -28.94600808   -321.45870402      10       0      13
  344     20.97968382    -33.48320210   -321.45870402      15       0      17
  345     26.63923200    -29.63872753   -321.45870404      17       0      21
  346     22.88365606    -15.65793724   -321.45870405      22       0      20
  347     27.50022875    -77.67349633   -321.45870405      20       0      33
  348     23.30555546    -27.07428074   -321.45870404      33       0      28
  349     36.33742729    -17.69855411   -321.45870403      30       0      38
  350 2615771.08357873 58548682.73117822   -321.45870401      40       0      42
  351     25.49154832    -86.36719447   -321.45870403      46       0      36
  352     23.78423279    -37.47196806   -321.45870404      40       0      37
  353     23.45859318    -92.70581452   -321.45870401      42       0      42
  354     34.89791252      4.34398117   -321.45870405      46       0      48
  355     29.00511412    -43.37711556   -321.45870405      59       0      49
  356     23.42773474    -58.48528125   -321.45870404      57       0      41
  357     27.38787837    -37.25228225   -321.45870404      60       0      19
  358     14.79079755    -71.83761592   -321.45870369      28       0       6
  359     11.77710547   -109.47215178   -321.45870404      11       0       9
  360     16.68404131   -104.66166200   -321.45870404       9       0      13
  361     19.05574319    -28.47121723   -321.45870369      14       0      17
  362     21.70106501    -88.73727705   -321.45870403      17       0      22
  363     19.16074589    -81.48478920   -321.45870405      24       0      18
  364 3819276.85700210 85486840.24047887   -321.45870401      18       0      34
  365     27.14342256    -69.64392994   -321.45870403      29       0      26
  366     24.49830690    -28.36144627   -321.45870369      35       0      38
  367     31.56796850    -42.31487350   -321.45870403      40       0      40
  368 8036713.82221263 179886045.04795399   -321.45870405      44       0      33
  369     21.92777476    -32.55887992   -321.45870405      44       0      41
  370     25.81927319    -89.61078945   -321.45870403      48       0      35
  371     37.87295132    -32.20333488   -321.45870404      43       0      44
  372 329147412.73665172 7367330601.50960922   -321.45870404      56       0      54
  373     35.25773602    -34.78558725   -321.45870405      66       0      43
  374     21.01256291    -61.85095232   -321.45870406      57       0      24
  375     12.96298881   -109.26814996   -321.45870403      38       0       9
  376     17.75977600    -86.06780996   -321.45870404      18       0       9
  377     15.63206256    -87.36502226   -321.45870404       9       0      13
  378     16.95420634    -92.24625465   -321.45870406      13       0      15
  379     21.28311303    -37.60831282   -321.45870407      15       0      23
  380     10.00341638   -125.32477577   -321.45870403      24       0      19
  381     21.19207806    -41.01270471   -321.45870403      19       0      29
  382     35.23139761    -37.25446733   -321.45870403      26       0      27
  383     33.45555043    -36.58915387   -321.45870404      36       0      34
  384     31.01705594    -75.22065836   -321.45870403      38       0      39
  385     33.49449687    -45.82092057   -321.45870406      37       0      36
  386     28.41334739    -18.43328855   -321.45870403      50       0      36
  387 398075.45731002 8909837.42341656   -321.45870403      45       0      38
  388     26.43362064    -51.11447442   -321.45870403      49       0      35
  389     37.82460481    -35.38761776   -321.45870406      44       0      57
  390 7062995.67381279 158091242.21547812   -321.45870406      55       0      47
  391     30.33823385    -28.14226535   -321.45870407      61       0      30
  392     11.19547539   -176.41541125   -321.45870402      45       0      13
  393     17.09431085    -72.06555661   -321.45870399      30       0       9
  394     17.27219644   -103.63922225   -321.45870399      13       0      13
  395     16.66462988    -36.43624932   -321.45870407      13       0      14
  396     17.52955486    -58.89511386   -321.45870404      11       0      22
  397     24.42767328    -27.14840598   -321.45870403      23       0      21
  398     22.00385111    -68.90418928   -321.45870402      24       0      24
  399     26.08732752    -18.87130305   -321.45870404      24       0      28
  400     28.24742570    -34.20211266   -321.45870403      33       0      32
  401     23.24619242    -74.92528738   -321.45870407      36       0      33
  402     33.86278373    -26.66104923   -321.45870407      37       0      40
  403 1197373.44042808 26800580.00513531   -321.45870402      47       0      36
  404     21.92801671    -26.93069348   -321.45870404      38       0      36
  405     29.59647623    -16.50910257   -321.45870404      43       0      37
  406     34.44091091    -16.50910257   -321.45870404      45       0      55
  407     32.33201232    -18.55061693   -321.45870402      58       0      48
  408     28.31439463    -28.96958938   -321.45870404      55       0      25
  409     24.64914977    -47.95471143   -321.45870405      49       0      24
  410     15.80279653    -34.92074433   -321.45870402      32       0      12
  411     14.59630987    -85.82916064   -321.45870401      17       0      13
  412     12.37741665   -146.57485720   -321.45870401      15       0      14
  413     23.04971333    -46.90026691   -321.45870403      16       0      20
  414     19.71052968    -33.19635158   -321.45870402      21       0      22
  415     26.14572996    -55.84588526   -321.45870404      23       0      22
  416 310968474.16072690 6960430067.98386478   -321.45870403      23       0      26
  417     22.93926598    -82.40571922   -321.45870402      28       0      32
  418     28.63815043    -16.61522680   -321.45870423      33       0      33
  419     28.27851942    -42.18600645   -321.45870403      31       0      37
  420     32.83997731    -32.27969079   -321.45870403      39       0      40
  421     24.03291784    -28.89006496   -321.45870406      46       0      31
  422     26.17214551    -69.41378785   -321.45870406      40       0      40
  423     35.39173474    -54.11936385   -321.45870404      50       0      48
  424     38.89939562    -34.25861212   -321.45870403      54       0      45
  425     31.99757213    -38.53865628   -321.45870404      62       0      35
  426     23.92106075    -56.05070826   -321.45870404      46       0      26
  427 111117479.37102662 2487150449.59316063   -321.45870404      42       0      16
  428     13.43557035    -75.76102379   -321.45870402      22       0      11
  429     14.10185261    -48.36875114   -321.45870400      12       0      14
  430     26.54153257    -65.21371159   -321.45870403      13       0      21
  431     20.69875253    -54.12730620   -321.45870404      21       0      22
  432     22.86469150    -56.05992202   -321.45870404      23       0      21
  433     28.57038716    -60.49453650   -321.45870404      25       0      28
  434     18.19947156   -100.08837974   -321.45870405      32       0      30
  435     33.68660096    -19.37404624   -321.45870402      32       0      32
  436     29.41064023    -60.68828942   -321.45870404      35       0      34
  437     27.73245239    -32.15815274   -321.45870405      36       0      34
  438     36.91762372    -39.54953636   -321.45870405      42       0      36
  439     29.12058237    -63.40352047   -321.45870405      43       0      37
  440     32.41448673    -61.00231156   -321.45870405      44       0      41
  441     29.44853826    -27.31579519   -321.45870405      45       0      49
  442     31.49229173    -37.78540911   -321.45870403      58       0      39
  443     25.09072072   -110.14501970   -321.45870402      58       0      32
  444     24.27084001    -44.73944101   -321.45870405      46       0      19
  445     24.93352817    -17.56267574   -321.45870404      24       0      11
  446     18.88369327    -31.21030244   -321.45870404      15       0      14
  447     22.54629825    -36.95846790   -321.45870403      14       0      19
  448     26.34650216    -77.20823527   -321.45870404      19       0      21
  449     24.68059791    -48.45354068   -321.45870402      21       0      20
  450     27.49921758    -88.77904682   -321.45870403      22       0      28
  451     35.30589599     -6.14919962   -321.45870404      31       0      30
  452     33.06379324    -55.47325591   -321.45870637      33       0      32
  453     25.28544426    -65.32012649   -321.45870404      35       0      29
  454     27.45421419    -62.23922477   -321.45870403      34       0      38
  455     31.11419837    -42.24784655   -321.45870404      40       0      33
  456     27.44130672    -57.19680686   -321.45870404      35       0      42
  457     30.46273712    -43.06433136   -321.45870401      50       0      31
  458 240607409.42283252 5385533148.22364330   -321.45870404      43       0      46
  459     31.15222474    -32.32469453   -321.45870405      51       0      43
  460     28.78770164    -55.18646129   -321.45870405      49       0      41
  461     18.84013791    -32.74552171   -321.45870404      53       0      20
  462     14.11017344    -62.75111006   -321.45870399      41       0      13
  463     22.04782548    -31.56621026   -321.45870399      18       0      14
  464     24.45576574    -24.21607429   -321.45870401      16       0      19
  465     23.55991322    -23.30980326   -321.45870404      17       0      19
  466     20.54693062    -69.02720398   -321.45870400      22       0      19
  467     26.35611725    -43.83407456   -321.45870403      20       0      27
  468     32.67280729    -34.26417394   -321.45870400      29       0      30
  469     32.33938221    -45.48347295   -321.45870406      30       0      31
  470     31.36741763    -47.10679042   -321.45870404      31       0      32
  471     32.11716892    -30.45754697   -321.45870400      34       0      34
  472     30.64090035    -18.67691284   -321.45870400      41       0      31
  473     31.60913424    -78.94368910   -321.45870399      37       0      41
  474     28.66345736    -24.98105336   -321.45870405      53       0      34
  475     27.53626200    -21.81937541   -321.45870402      43       0      44
  476 1142299.88887986 25567867.13454591   -321.45870405      47       0      37
  477     30.34938977    -39.73848541   -321.45870402      51       0      42
  478     22.29965433    -96.46439734   -321.45870406      51       0      28
  479     15.89200331    -83.13583450   -321.45870400      41       0      16
  480     16.89956937    -38.74757670   -321.45870406      23       0      15
  481     23.59672959    -66.17733740   -321.45870406      15       0      19
  482 101738472.13028903 2277219435.80906200   -321.45870400      21       0      19
  483     23.95260432    -42.63096522   -321.45870403      22       0      19
  484     23.15067795    -81.01654052   -321.45870403      21       0      27
  485     29.23296558    -46.75139456   -321.45870405      28       0      28
  486     27.49383533    -45.76666016   -321.45870406      29       0      28
  487     25.14860521    -46.55557832   -321.45870405      35       0      32
  488 8180467.82686355 183103702.62624222   -321.45870401      32       0      34
  489     24.03720615    -66.37569031   -321.45870403      41       0      31
  490     30.09154960    -26.71383215   -321.45870406      37       0      38
  491     32.43670497    -33.70692441   -321.45870404      45       0      37
  492     21.46201417    -28.93625559   -321.45870405      42       0      36
  493     25.94988154    -85.82389752   -321.45870401      44       0      44
  494     29.91316836    -35.40805507   -321.45870405      53       0      36
  495     29.94388373    -46.61838539   -321.45870405      45       0      36
  496 1556910.22982062 34848117.73322146   -321.45870404      38       0      20
  497     23.26374572    -41.15334127   -321.45870405      25       0      15
  498     21.79527925    -60.96029272   -321.45870404      19       0      17
  499     11.66863769   -142.69909776   -321.45870400      19       0      19
  500    700.53899946  15356.01163655   -321.45870405      20       0      21
  501 124961814.20736676 2797029223.30855656   -321.45870404      21       0      26
  502    492.39246018  10683.31540350   -321.45870405      29       0      23
  503     26.18959937    -22.60379025   -321.45870404      26       0      30
  504     19.81344662    -95.62930227   -321.45870400      27       0      33
  505     26.95843714    -84.48054717   -321.45870405      36       0      33
  506     28.29199557    -26.50957105   -321.45870404      38       0      28
  507     29.35197084    -52.35907876   -321.45870405      35       0      37
  508     36.07361411    -47.73190561   -321.45870403      40       0      40
  509 1162326.82832123 26016131.94511599   -321.45870405      46       0      35
  510     31.56316167    -33.95208023   -321.45870403      42       0      43
  511     29.99006120    -24.47926705   -321.45870405      49       0      41
  512     24.89973277    -32.51517373   -321.45870404      54       0      35
  513     25.53763697    -53.78004013   -321.45870404      43       0      22
  514     17.06344685   -100.05633705   -321.45870405      28       0      16
  515     25.99322175    -34.45400544   -321.45870406      20       0      17
  516     17.57089407    -52.02099606   -321.45870406      19       0      18
  517     21.54761088    -84.75622659   -321.45870405      18       0      21
  518     30.71359556    -30.58376979   -321.45870404      23       0      25
  519     15.54543289    -82.49025751   -321.45870399      25       0      25
  520     26.58476489    -58.46038429   -321.45870403      31       0      29
  521     35.35604385    -25.68869489   -321.45870404      32       0      30
  522     35.89699316    -30.55833887   -321.45870404      34       0      32
  523     23.78072498    -26.82350561   -321.45870407      33       0      28
  524  31837.76231213 712309.89107455   -321.45870403      34       0      36
  525     28.47098280    -16.22559660   -321.45870399      36       0      41
  526     30.16577968    -21.58731100   -321.45870406      44       0      32
  527     31.46650745    -34.77558380   -321.45870403      40       0      43
  528     24.56075599    -78.41541992   -321.45870405      49       0      41
  529     21.72010949    -42.15537066   -321.45870406      43       0      41
  530     21.15164133    -59.38128307   -321.45870407      48       0      23
  531     17.90239894    -94.47827370   -321.45870406      37       0      17
  532     21.39011382    -29.27154920   -321.45870403      23       0      18
  533      7.89024091   -226.82121717   -321.45870403      21       0      16
  534     17.98331361    -45.33641134   -321.45870400      17       0      21
  535     24.56695534    -30.76291285   -321.45870407      23       0      21
  536     24.19788415    -76.52126000   -321.45870404      21       0      28
  537     26.94595739    -67.27298726   -321.45870400      24       0      29
  538     28.85236848    -64.84048346   -321.45870407      33       0      33
  539     27.16732782    -15.35550910   -321.45870404      36       0      26
  540     23.82385366    -84.69612600   -321.45870406      30       0      32
  541     23.55497346    -52.62266113   -321.45870405      37       0      32
  542     28.34229775   -102.81799642   -321.45870162      32       0      39
  543     30.21686782    -23.36596820   -321.45870403      50       0      35
  544     26.99819030    -63.31029791   -321.45870401      43       0      41
  545     28.96002614    -31.18945277   -321.45870401      47       0      40
  546     31.53065189    -20.96938848   -321.45870401      43       0      43
  547 2067160.55838483 46269090.02144541   -321.45870405      52       0      23
  548     19.00325758    -35.67997666   -321.45870404      33       0      21
  549     22.83045444   -100.51815151   -321.45870405      29       0      20
  550     16.20021156    -84.90417081   -321.45870405      22       0      14
  551     24.97842562    -26.97346044   -321.45870162      15       0      23
  552     18.71709740    -57.85582886   -321.45870405      23       0      21
  553     24.90785973    -57.85582886   -321.45870404      24       0      27
  554     24.46615477    -63.31711893   -321.45870405      25       0      26
  555     25.29977955    -45.83583516   -321.45870399      31       0      31
  556     19.71739499    -58.20404520   -321.45870405      35       0      28
  557     26.50035567    -19.19163775   -321.45870404      32       0      30
  558     25.51056347    -32.56537798   -321.45870405      32       0      31
  559     25.20277698    -86.32138108   -321.45870401      38       0      37
  560     28.99986152    -85.65723142   -321.45870403      41       0      38
  561     33.54108471    -44.78624987   -321.45870405      45       0      42
  562     29.97381074    -42.40659906   -321.45870401      52       0      39
  563     28.92626916    -45.32026848   -321.45870405      50       0      40
  564     21.00504954    -27.67903873   -321.45870402      47       0      26
  565 16318355.71121464 365254647.51154041   -321.45870405      36       0      26
  566     26.95723039    -52.40178819   -321.45870405      37       0      20
  567     26.29804174    -29.27521743   -321.45870401      25       0      15
  568     27.12611679    -37.28224628   -321.45870401      19       0      19
  569     23.44577486    -48.21333002   -321.45870405      20       0      24
  570 341058.40131232 7633618.48774940   -321.45870404      23       0      24
  571     27.40983180    -64.61186815   -321.45870406      27       0      27
  572     25.33697938    -64.90257023   -321.45870406      30       0      30
  573     29.42304692    -39.98132805   -321.45870401      31       0      31
  574 14877249.53640241 332998260.85627139   -321.45870404      30       0      25
  575     31.16222390    -58.68874290   -321.45870405      31       0      31
  576     22.61405700    -31.26031265   -321.45870403      32       0      31
  577 6698406.51519168 149930615.61132759   -321.45870402      35       0      43
  578     22.63342906    -76.80457987   -321.45870403      46       0      39
  579   1534.26361622  34019.74131727   -321.45870403      48       0      43
  580     31.76643854    -21.51224360   -321.45870403      49       0      35
  581     25.41327503    -51.64522663   -321.45870404      46       0      30
  582     27.36938515     -7.81339835   -321.45870403      38       0      26
  583     26.29753865    -73.54240948   -321.45870402      30       0      25
  584     21.57067965    -27.36576555   -321.45870401      33       0      15
  585     32.14792317    -30.29348977   -321.45870402      20       0      21
  586     18.42129590    -96.51308731   -321.45870402      21       0      21
  587     24.56317124    -27.08175307   -321.45870368      22       0      26
  588     28.62235355    -17.12734042   -321.45870403      28       0      26
  589     24.94066371    -34.06228588   -321.45870406      29       0      29
  590     35.54699544    -13.25860393   -321.45870402      30       0      31
  591 694673.98531227 15548622.01761903   -321.45870403      36       0      26
  592 1761359.84722057 39424332.55862566   -321.45870403      30       0      29
  593     23.19013900    -70.81292589   -321.45870400      32       0      32
  594     35.03572373    -28.59349698   -321.45870403      38       0      38
  595     28.45926874    -59.29427724   -321.45870403      42       0      39
  596     31.72247890    -36.36348445   -321.45870403      49       0      40
  597     22.86674434    -19.01572516   -321.45870403      51       0      41
  598     31.40423443    -32.50932118   -321.45870402      42       0      30
  599 335561.78842105 7510585.73113714   -321.45870403      45       0      24
  600     22.37859832    -97.62485162   -321.45870403      26       0      28
  601     28.57516853    -45.90087394   -321.45870404      31       0      18
  602     17.76231553   -116.62017794   -321.45870400      23       0      21
  603     25.17613289    -74.49826311   -321.45870403      21       0      20
  604     27.39719028    -11.33775055   -321.45870398      21       0      24
  605     26.55370609    -19.97736878   -321.45870403      26       0      28
  606 3045048.39991225 68157227.80639873   -321.45870398      32       0      29
  607     27.93524095    -25.65155641   -321.45870404      34       0      26
  608     22.70559480    -66.14241097   -321.45870403      32       0      28
  609     25.82858312    -42.12436654   -321.45870405      28       0      28
  610     24.06368120    -53.67997029   -321.45870398      35       0      34
  611     23.37247802    -73.45874688   -321.45870403      37       0      31
  612     24.16833218    -49.13267829   -321.45870403      37       0      43
  613     33.84159235    -34.20871923   -321.45870401      47       0      41
  614     27.54832055    -47.80628451   -321.45870405      51       0      37
  615     28.56634874    -84.33649641   -321.45870403      52       0      38
  616     22.24604891   -103.82745031   -321.45870403      47       0      23
  617     21.51770297    -54.87184847   -321.45870404      38       0      27
  618     19.44786919    -81.71290575   -321.45870400      34       0      22
  619     16.86607679    -88.16118259   -321.45870403      25       0      20
  620     19.54982586    -50.14162619   -321.45870403      24       0      19
  621 6188057.23473964 138507425.09331343   -321.45870406      21       0      21
  622 73965011.16243020 1655564004.24262738   -321.45870400      22       0      27
  623     29.53498188    -29.06565310   -321.45870404      27       0      32
  624  14342.08879706 320703.20308947   -321.45870406      37       0      26
  625     25.86479249    -15.91717752   -321.45870406      30       0      25
  626     27.46681850    -33.24943674   -321.45870403      27       0      31
  627     20.84530335    -79.46790514   -321.45870405      31       0      33
  628     26.97409342    -55.54081110   -321.45870405      39       0      25
  629 23321734.63398302 522011796.93932498   -321.45870406      36       0      41
  630     33.67263265    -46.81064068   -321.45870404      40       0      41
  631     33.66162472    -54.12603645   -321.45870405      51       0      36
  632     29.79105161    -39.49214488   -321.45870405      45       0      41
  633     34.92377453    -21.88396913   -321.45870406      43       0      27
  634     22.62360958    -44.79770106   -321.45870405      39       0      30
  635     24.01248204    -36.41150064   -321.45870405      34       0      23
  636     18.85815379    -73.79934641   -321.45870404      29       0      19
  637     21.88584531    -62.03697352   -321.45870405      23       0      22
  638     27.54084821    -41.97763570   -321.45870404      25       0      20
  639     18.17965560    -37.31815400   -321.45870404      22       0      24
  640 1098334.47657195 24583783.84731641   -321.45870406      24       0      31
  641     25.71521020    -34.55761852   -321.45870405      29       0      28
  642     22.57805419    -71.58139125   -321.45870403      33       0      26
  643     19.94491324    -42.04754824   -321.45870404      33       0      28
  644     24.91390501    -29.31565647   -321.45870398      37       0      30
  645     30.82504510    -40.89284872   -321.45870403      37       0      30
  646 1009304.39304750 22591019.25801555   -321.45870406      35       0      33
  647     33.52715164     -4.86267318   -321.45870406      40       0      46
  648     28.95324638    -37.20979579   -321.45870405      49       0      37
  649     21.66035931    -35.71114099   -321.45870405      45       0      38
  650     29.78132601    -24.77472144   -321.45870402      43       0      32
  651     26.57519929    -34.51308520   -321.45870402      42       0      26
  652     20.97869569    -64.99671979   -321.45870404      31       0      26
  653     26.23896602    -35.30376763   -321.45870403      30       0      20
  654     24.80957400    -61.44491017   -321.45870405      24       0      24
  655     19.37765268    -73.20563550   -321.45870406      27       0      21
  656     19.12900059    -64.63993687   -321.45870406      23       0      23
  657     32.75962593    -32.57887019   -321.45870378      25       0      28
  658     17.95457280    -40.62346644   -321.45870406      34       0      25
  659     22.91336457    -31.85296321   -321.45870406      29       0      26
  660     18.25048897   -108.25777438   -321.45870406      30       0      28
  661     19.95698682   -112.18196828   -321.45870402      26       0      30
  662     24.04551181    -54.57873157   -321.45870406      38       0      32
  663     22.98353532    -73.28361439   -321.45870402      36       0      32
  664     30.59347951    -11.72999826   -321.45870402      37       0      42
  665     31.50811732    -27.43127329   -321.45870405      46       0      42
  666 795391.46450901 17802990.37062865   -321.45870406      49       0      36
  667     30.61189773    -45.46666702   -321.45870405      51       0      34
  668     24.18847241    -32.54917116   -321.45870403      36       0      27
  669     26.31280306    -42.40890377   -321.45870406      38       0      28
  670     22.83257340    -56.42953648   -321.45870405      33       0      19
  671     28.43780157    -52.84601865   -321.45870406      26       0      24
  672     24.54460056    -66.85415583   -321.45870404      25       0      18
  673     14.97226546   -124.67812044   -321.45870403      20       0      27
  674     29.37319778    -13.27668201   -321.45870405      29       0      24
  675     28.83293116    -68.63209961   -321.45870404      23       0      28
  676     21.61735970    -23.93804782   -321.45870404      30       0      28
  677     23.28069613    -65.37956650   -321.45870404      29       0      25
  678     22.77032195    -36.55928024   -321.45870405      33       0      30
  679     33.30046518    -48.71428827   -321.45870403      34       0      30
  680     25.21078892    -25.54944347   -321.45870405      36       0      30
  681     29.50832437    -34.04789246   -321.45870405      38       0      44
  682 12232964.53318803 273811037.27308613   -321.45870400      45       0      36
  683 8125022.98441755 181862678.59296879   -321.45870405      51       0      42
  684     19.76913340    -83.24063535   -321.45870406      58       0      33
  685 57481108.80064170 1286603599.41607642   -321.45870402      50       0      30
  686     15.59602992   -127.64431316   -321.45870404      39       0      26
  687     26.74968287    -28.13139444   -321.45870403      27       0      24
  688     31.92433556    -28.12243414   -321.45870404      28       0      24
  689     20.34891132    -38.17147205   -321.45870405      26       0      17
  690     28.44644496    -38.53059377   -321.45870403      20       0      25
  691     22.50888078    -36.71491263   -321.45870404      29       0      26
  692     25.73058870    -54.58417404   -321.45870382      31       0      29
  693 3716267.95090248 83181183.69362989   -321.45870404      29       0      24
  694     22.70124216    -77.15046290   -321.45870406      27       0      24
  695     27.13399490    -65.29542800   -321.45870400      27       0      31
  696 607434.94553138 13595943.26119712   -321.45870406      36       0      28
  697     22.07442438    -37.02929310   -321.45870403      32       0      30
  698     24.36174911    -40.61565815   -321.45870404      31       0      34
  699     32.36556614    -44.39939906   -321.45870404      45       0      41
  700 208079.34551140 4657140.40891024   -321.45870404      51       0      40
  701     29.89995217    -43.27820315   -321.45870405      43       0      40
  702     25.09601135    -64.26265380   -321.45870404      47       0      33
  703     28.27466344    -19.00127688   -321.45870401      44       0      28
  704     29.16514596    -44.09004137   -321.45870400      34       0      25
  705     21.79493814    -50.65617066   -321.45870400      25       0      22
  706     15.90752115   -112.27078683   -321.45870406      25       0      16
  707     20.56976343    -28.85623867   -321.45870405      21       0      25
  708     31.80495229    -36.82617071   -321.45870400      28       0      29
  709     23.72475027    -39.01721719   -321.45870400      31       0      25
  710     23.40970776   -104.68182453   -321.45870405      29       0      27
  711     20.44968612    -43.36853407   -321.45870405      29       0      22
  712 4271672.15667874 95612839.76427753   -321.45870401      28       0      30
  713     31.91948149    -21.50103028   -321.45870406      31       0      28
  714     27.66974483    -35.73299688   -321.45870405      31       0      27
  715     30.63045730    -38.90494196   -321.45870403      33       0      33
  716     29.74389689    -58.02960269   -321.45870402      34       0      42
  717     27.61249433    -61.58417134   -321.45870402      45       0      41
  718     35.55918613    -23.46199021   -321.45870405      45       0      40
  719     32.69837119    -40.32601144   -321.45870402      52       0      36
  720     33.63455955    -24.14510287   -321.45870403      45       0      29
  721     31.35818780    -53.48007792   -321.45870400      37       0      25
  722     18.48908731    -62.04086739   -321.45870404      31       0      22
  723     21.68707263   -112.08418839   -321.45870400      25       0      18
  724     16.75742912    -95.79694753   -321.45870400      25       0      24
  725     25.42963776    -10.16164187   -321.45870405      25       0      25
  726     15.84430007   -121.38586161   -321.45870404      28       0      28
  727     24.40463680    -54.00149057   -321.45870404      30       0      26
  728 122739171.60182041 2747279648.74443054   -321.45870405      28       0      24
  729     20.58166196    -69.53392856   -321.45870403      24       0      28
  730     27.80445669    -65.38653519   -321.45870404      34       0      28
  731     30.37943773    -23.08741871   -321.45870404      27       0      27
  732     31.15855039    -88.58344312   -321.45870402      33       0      31
  733 925879.45733343 20723712.35177670   -321.45870404      33       0      40
  734     30.83351345    -26.44836447   -321.45870406      42       0      42
  735     36.36826664    -26.77535838   -321.45870406      44       0      41
  736     21.55730900    -97.15383788   -321.45870400      49       0      36
  737     22.04115538    -39.71714490   -321.45870400      47       0      28
  738     27.36299401    -42.77864417   -321.45870404      32       0      28
  739 1927594.60369584 43145173.88920449   -321.45870399      36       0      22
  740     21.47089953    -20.93723473   -321.45870404      25       0      19
  741     22.24415253    -44.04929279   -321.45870404      22       0      25
  742     29.79387296    -18.30618539   -321.45870403      25       0      25
  743     22.76644235    -49.19002217   -321.45870399      26       0      29
  744     23.33929177    -70.03396411   -321.45870403      31       0      24
  745     24.01657499    -38.17413697   -321.45870403      26       0      24
  746     27.04202108    -41.65417102   -321.45870403      29       0      29
  747     21.23423552    -28.24329115   -321.45870403      29       0      27
  748     21.55708737    -21.24391231   -321.45870370      33       0      27
  749     26.87440253    -70.50808030   -321.45870402      29       0      28
  750     21.66811350    -41.29173040   -321.45870398      33       0      43
  751     33.44417647    -32.61960656   -321.45870404      47       0      39
  752     30.99636364    -42.56838726   -321.45870402      47       0      36
  753     29.99380629    -42.56838726   -321.45870398      41       0      43
  754     25.15851863    -28.21826295   -321.45870401      49       0      26
  755     23.62993403    -99.96361634   -321.45870395      40       0      32
  756     22.67326326    -71.29569457   -321.45870402      36       0      22
  757     27.35935864    -73.87564232   -321.45870403      31       0      21
  758     23.74622849    -18.84042097   -321.45870402      25       0      23
  759     22.08990790    -42.87234786   -321.45870400      26       0      24
  760     27.81965139    -31.83013582   -321.45870395      24       0      28
  761     28.58306934    -12.50738241   -321.45870400      30       0      26
  762     27.52285366    -42.36681065   -321.45870399      27       0      24
  763     22.10255322    -38.13436272   -321.45870402      31       0      27
  764     23.41889438    -17.26854838   -321.45870400      28       0      26
  765     22.31813414    -32.67475823   -321.45870402      26       0      28
  766     27.77290376    -83.32690831   -321.45870404      32       0      30
  767     24.74569543    -65.33688586   -321.45870395      32       0      35
  768     28.20892552    -92.05598940   -321.45870404      40       0      44
  769     26.79545017    -45.24637946   -321.45870401      50       0      35
  770     30.75532233    -48.28022300   -321.45870403      49       0      37
  771     26.76195951    -46.84573152   -321.45870403      48       0      32
  772     23.36967147    -66.61318760   -321.45870403      36       0      32
  773     23.96099680    -28.15535103   -321.45870404      38       0      23
  774     23.37608360    -86.89596563   -321.45870405      31       0      24
  775     29.78277841    -33.61573965   -321.45870404      32       0      23
  776     19.57911609    -84.18566257   -321.45870401      27       0      22
  777 1388357.95506592 31075400.88932630   -321.45870405      23       0      30
  778     23.44841597    -43.57547507   -321.45870401      29       0      26
  779     21.96763959     -5.03148313   -321.45870402      30       0      23
  780    835.06360990  18366.55296469   -321.45870400      27       0      29
  781     23.37234142    -44.27096463   -321.45870400      29       0      22
  782     25.08425851    -40.39469478   -321.45870400      30       0      32
  783     25.53504428    -50.39255982   -321.45870404      30       0      25
  784     24.84586571    -65.29785461   -321.45870400      32       0      33
  785     22.45326363    -74.33024085   -321.45870404      38       0      38
  786     31.86888021    -23.13627364   -321.45870404      41       0      40
  787     28.24233062    -37.19052755   -321.45870403      50       0      42
  788     25.48697695    -58.50783533   -321.45870405      51       0      28
  789     34.25585285    -27.04794400   -321.45870403      35       0      31
  790     26.22004489    -51.94413850   -321.45870399      38       0      30
  791     20.20301347    -79.59831540   -321.45870399      34       0      22
  792     26.06918278    -20.47657246   -321.45870402      28       0      27
  793     20.77246539    -92.53628929   -321.45870399      30       0      20
  794     23.49512776    -93.81963282   -321.45870403      23       0      29
  795     25.61512965    -14.21738922   -321.45870400      30       0      27
  796     25.48651184    -42.70482403   -321.45870402      31       0      24
  797     16.80617839    -48.86905665   -321.45870402      25       0      22
  798 3121659.00139216 69872007.57130408   -321.45870399      27       0      27
  799     32.96436935    -21.09827439   -321.45870403      28       0      29
  800     31.29489963    -44.05865423   -321.45870406      29       0      28
  801     25.93386821    -51.59128957   -321.45870399      33       0      32
  802     30.13572388    -45.57547228   -321.45870405      38       0      32
  803     32.43329810    -44.87417355   -321.45870403      37       0      38
  804     31.60469808    -40.23489481   -321.45870404      39       0      47
  805     29.10270055    -59.38246715   -321.45870394      54       0      31
  806     30.89832206    -39.63463167   -321.45870403      41       0      32
  807     24.83911416    -96.95592569   -321.45870403      34       0      29
  808     22.94581261    -55.86324115   -321.45870402      36       0      24
  809     24.73748503    -31.90614041   -321.45870404      28       0      25
  810     19.42560494    -77.23736565   -321.45870403      30       0      22
  811     22.43415656    -33.36154381   -321.45870402      26       0      28
  812 247241.83991228 5533715.87602078   -321.45870406      32       0      29
  813     23.25446319    -45.04966337   -321.45870403      32       0      21
  814     27.08267231    -23.93623713   -321.45870403      27       0      25
  815     23.15324640    -83.41528582   -321.45870403      24       0      27
  816     26.81720159    -39.40984165   -321.45870398      31       0      25
  817     22.40277270    -66.71460597   -321.45870398      32       0      26
  818 7355646.51761315 164641665.62129870   -321.45870398      28       0      35
  819     25.80756345    -29.17029662   -321.45870401      34       0      30
  820     32.91023277    -34.34951398   -321.45870398      36       0      39
  821 144434814.71925768 3232894838.11502695   -321.45870401      42       0      46
  822     28.99718227    -31.12107244   -321.45870403      51       0      34
  823     29.47389763     -9.05733046   -321.45870401      43       0      26
  824     38.68612593    -15.94373520   -321.45870402      40       0      32
  825     22.80606866    -81.08849570   -321.45870401      42       0      27
  826     23.29289156    -46.98591620   -321.45870405      35       0      25
  827     23.19508034    -48.80031442   -321.45870405      28       0      23
  828     23.56495308    -67.95800491   -321.45870398      27       0      26
  829     21.19745199    -59.41050054   -321.45870404      26       0      27
  830 8467052.72990811 189518349.92099738   -321.45870403      29       0      24
  831 2583968.91900536 57836848.76037933   -321.45870407      33       0      25
  832     18.21818446   -104.83767401   -321.45870403      26       0      26
  833     16.38243188    -88.98204093   -321.45870404      28       0      27
  834     23.48743895    -45.47225524   -321.45870404      29       0      25
  835 915146.51047246 20483474.30990681   -321.45870402      29       0      31
  836     32.04896937    -56.89089967   -321.45870404      34       0      36
  837     24.24697288    -27.13355496   -321.45870401      38       0      33
  838 320082753.85189664 7164435668.12748051   -321.45870399      35       0      41
  839     33.54235072    -24.62647011   -321.45870399      46       0      38
  840     21.15416010    -62.06888446   -321.45870400      47       0      25
  841     31.87657028    -22.65846583   -321.45870399      33       0      32
  842     26.94417768    -40.90209632   -321.45870400      38       0      32
  843     17.29103803   -123.15484918   -321.45870399      38       0      27
  844     22.84027122    -94.92833059   -321.45870402      31       0      23
  845     11.64177112   -160.78469012   -321.45870404      28       0      26
  846     32.04903253    -24.54309574   -321.45870400      27       0      24
  847     29.98249059    -11.84042583   -321.45870401      28       0      27
  848     26.21945973    -40.86795889   -321.45870401      28       0      25
  849     25.44105746    -83.34992833   -321.45870401      32       0      26
  850     25.20359419    -73.17035634   -321.45870403      29       0      25
  851     22.84667551    -25.14898768   -321.45870403      30       0      24
  852     22.21776518    -91.85282832   -321.45870400      23       0      35
  853     28.91325365    -42.62530082   -321.45870404      37       0      33
  854     24.71853697    -74.06874349   -321.45870403      44       0      30
  855 1253084.69659824 28047573.71555074   -321.45870399      36       0      41
  856 1427540.92797432 31952440.68744575   -321.45870402      49       0      39
  857     34.20163901    -24.11870861   -321.45870404      52       0      26
  858     14.69991468   -117.40190323   -321.45870403      35       0      31
  859     31.69064687    -28.92931047   -321.45870393      37       0      32
  860     23.12597995    -33.47387242   -321.45870403      43       0      31
  861     23.79509568   -112.10636176   -321.45870399      33       0      23
  862     31.70824052    -19.11839513   -321.45870403      32       0      24
  863     23.24326023    -19.37459165   -321.45870393      27       0      24
  864     25.49659376    -65.15995312   -321.45870405      25       0      27
  865     27.83383614    -48.10553864   -321.45870405      26       0      24
  866     24.18873438    -86.43944554   -321.45870405      30       0      29
  867     23.41885545    -68.37291353   -321.45870403      35       0      25
  868 11493753.71683603 257265223.47358060   -321.45870401      31       0      24
  869     21.84149657    -56.18040929   -321.45870403      28       0      28
  870     24.37326376    -66.66453349   -321.45870401      29       0      35
  871     15.29751526   -150.89560499   -321.45870403      34       0      27
  872     26.64662079    -43.77198914   -321.45870403      35       0      40
  873     28.75487057    -53.62068675   -321.45870401      43       0      39
  874     27.35313994    -88.00889532   -321.45870404      50       0      31
  875     28.61049338    -37.90067715   -321.45870401      40       0      27
  876     32.68434376    -27.08331615   -321.45870401      36       0      35
  877     28.80344672    -63.62680072   -321.45870401      41       0      35
  878     23.43208933    -40.91282647   -321.45870398      39       0      25
  879     18.23292358    -80.29073427   -321.45870404      31       0      23
  880     26.69489408    -29.58233618   -321.45870401      28       0      25
  881     18.15790961    -70.24606619   -321.45870406      30       0      23
  882     22.10461552    -54.20207664   -321.45870404      29       0      23
  883     22.05918627    -76.80051721   -321.45870393      24       0      31
  884     29.78494656    -60.46435456   -321.45870406      33       0      25
  885     28.67917281    -28.95704436   -321.45870406      32       0      25
  886     27.53533206    -41.25793703   -321.45870404      28       0      30
  887 3350239.09534645 74988333.07434265   -321.45870402      33       0      28
  888     28.34245873    -57.74530469   -321.45870404      33       0      32
  889     35.63169435    -37.32088429   -321.45870401      39       0      32
  890     29.69926150    -49.44411067   -321.45870400      36       0      40
  891     32.83411852    -17.39397110   -321.45870405      42       0      33
  892     28.88389705    -47.77226739   -321.45870401      38       0      30
  893     27.78068855    -67.06256429   -321.45870401      35       0      34
  894     28.07674103    -43.67153665   -321.45870401      44       0      37
  895     25.08186164    -38.12218982   -321.45870400      43       0      25
  896     17.12557132   -103.85211203   -321.45870406      36       0      21
  897     22.58514661    -43.93405116   -321.45870401      24       0      26
  898     27.92416387    -33.70144824   -321.45870400      26       0      27
  899     20.24994072   -110.18037628   -321.45870405      31       0      21
  900     29.18636539    -50.13515732   -321.45870405      27       0      29
  901     18.09311877    -52.60511354   -321.45870398      35       0      26
  902 2203066.91630031 49311092.25352797   -321.45870401      28       0      25
  903     25.12938960    -82.71069541   -321.45870398      27       0      29
  904     28.99234062    -25.18248566   -321.45870401      31       0      27
  905     23.82048745    -70.99057364   -321.45870403      34       0      34
  906     27.71553384    -47.41559936   -321.45870404      37       0      31
  907     25.45539901    -68.59253095   -321.45870404      36       0      39
  908     30.04837178    -46.89457972   -321.45870399      41       0      35
  909     24.22493119    -30.96766690   -321.45870404      45       0      28
  910     29.61146101    -48.07855536   -321.45870405      39       0      32
  911     32.50117454    -30.56375561   -321.45870405      32       0      35
  912     27.07833417    -31.01065133   -321.45870404      40       0      33
  913     21.32204570    -53.73493872   -321.45870404      41       0      20
  914     25.75431308    -29.84349167   -321.45870405      25       0      26
  915 157608791.31994078 3527768930.54007435   -321.45870405      25       0      24
  916     21.25631067    -93.87712358   -321.45870397      31       0      24
  917     29.71932155    -16.34549087   -321.45870404      26       0      30
  918     28.46086000    -41.19585998   -321.45870404      33       0      24
  919     24.58507974    -66.61296572   -321.45870404      28       0      26
  920     35.26474096    -42.77630439   -321.45870404      30       0      26
  921     28.06365960    -38.50715435   -321.45870405      29       0      30
  922     18.25844751    -40.79100915   -321.45870404      32       0      32
  923     28.64584274    -41.70733717   -321.45870404      36       0      30
  924     22.97570827    -48.67538725   -321.45870404      32       0      33
  925     27.75573091    -28.13228102   -321.45870402      32       0      40
  926     21.50602651    -77.11082634   -321.45870402      48       0      33
  927 20555263.37785579 460089665.57147861   -321.45870404      37       0      30
  928     25.42659392    -75.79741728   -321.45870399      44       0      34
  929     19.62559022    -38.83600424   -321.45870402      42       0      34
  930     24.01897452    -75.18280952   -321.45870404      42       0      22
  931     20.94327402    -25.01913846   -321.45870404      30       0      23
  932 1495797.93897820 33480240.04622593   -321.45870397      30       0      28
  933     21.01140115   -107.20258048   -321.45870404      32       0      21
  934     25.38695107    -44.92649489   -321.45870404      23       0      30
  935     32.62917380    -35.10482833   -321.45870400      30       0      26
  936     25.13969144    -53.23497830   -321.45870399      29       0      25
  937     18.56747629    -90.93297609   -321.45870400      32       0      25
  938     27.94166158    -66.87931085   -321.45870399      26       0      30
  939     35.77824295    -42.15688917   -321.45870400      35       0      34
  940 7864709.11140487 176036049.98041692   -321.45870399      35       0      29
  941 321114.05273577 7187203.45131331   -321.45870405      32       0      31
  942     32.94262862    -50.52339886   -321.45870401      34       0      32
  943     25.28698804    -38.94301995   -321.45870398      36       0      38
  944     27.56830560    -46.36888765   -321.45870405      44       0      30
  945     30.07085474    -91.46809323   -321.45870402      38       0      37
  946     24.20053894    -54.26655178   -321.45870403      41       0      33
  947     22.88114259    -53.10067143   -321.45870405      40       0      21
  948     27.82023067    -28.36841823   -321.45870403      31       0      26
  949     21.43766699    -69.37115788   -321.45870402      29       0      30
  950     20.27818074    -38.42663727   -321.45870403      32       0      22
  951     24.46531338    -65.45973146   -321.45870403      24       0      26
  952  56234.77948218 1258389.57455594   -321.45870403      30       0      27
  953     20.91065643    -76.52927675   -321.45870403      30       0      27
  954     21.48260716    -29.16167028   -321.45870402      33       0      23
  955     30.59069787    -17.36587295   -321.45870393      27       0      33
  956     33.31632614    -36.90259589   -321.45870403      36       0      32
  957     22.51508103    -69.09520839   -321.45870393      36       0      28
  958     31.72983722    -27.24673644   -321.45870393      33       0      29
  959     29.38405381    -46.54364182   -321.45870403      33       0      31
  960     33.46870281    -86.95194840   -321.45870403      33       0      40
  961     17.63906492    -89.65373317   -321.45870393      45       0      29
  962     34.06375113     31.78738760   -321.45870404      37       0      34
  963     29.00007045    -58.92583536   -321.45870397      38       0      36
  964     28.41287830    -34.21204345   -321.45870402      44       0      25
  965     18.22223429    -37.77604477   -321.45870401      34       0      26
  966     24.51918639    -47.01069208   -321.45870403      28       0      28
  967     35.19305690    -23.90599721   -321.45870402      30       0      22
  968     27.35651542    -23.48538194   -321.45870400      25       0      26
  969     19.66779648   -127.13251544   -321.45870405      30       0      27
  970     29.83593512    -42.35528675   -321.45870401      30       0      29
  971     24.39686566    -37.12057581   -321.45870405      32       0      20
  972     28.09285347    -37.26820142   -321.45870403      19       0      33
  973     24.19216016    -36.48766722   -321.45870403      33       0      33
  974     22.80883148    -72.15823724   -321.45870403      36       0      29
  975     26.80459916    -30.97110044   -321.45870403      33       0      30
  976     21.42827554    -78.36520501   -321.45870403      37       0      29
  977     28.94161380    -35.72989645   -321.45870403      33       0      30
  978 9108131.13509549 203867659.75061262   -321.45870403      34       0      40
  979     27.02305627    -67.90046445   -321.45870403      43       0      33
  980     27.07473143    -37.05374170   -321.45870403      44       0      32
  981     30.69007827    -29.98896594   -321.45870403      39       0      29
  982     28.06441087    -32.03198727   -321.45870403      35       0      28
  983     23.35486627    -29.16496977   -321.45870401      34       0      28
  984     27.75101807    -44.61486775   -321.45870402      33       0      20
  985     30.61701888    -55.46933665   -321.45870404      23       0      27
  986     22.50808822    -60.16504426   -321.45870404      29       0      27
  987     26.95837212     -9.75306897   -321.45870403      29       0      32
  988     24.55789318    -46.72782211   -321.45870405      36       0      19
  989     21.86752639    -33.14212291   -321.45870400      27       0      30
  990     29.52589829    -47.85434658   -321.45870405      32       0      31
  991     29.65496773    -36.60912786   -321.45870403      35       0      31
  992     29.57312245    -32.09545002   -321.45870400      37       0      28
  993     24.98430144    -45.88882203   -321.45870405      32       0      33
  994     19.28432451   -109.58276639   -321.45870404      36       0      26
  995     27.76371874    -46.10553886   -321.45870400      32       0      38
  996     31.86670585    -38.34863112   -321.45870405      38       0      30
  997 79638357.89435844 1782550946.88460565   -321.45870398      42       0      40
  998 9621525.35312385 215358998.23960122   -321.45870405      44       0      28
  999     30.03677503    -32.85418525   -321.45870400      37       0      28
 1000     30.66308792    -21.01269520   -321.45870400      31       0      29
----------------------------------------------------------------------------------
Artificial Bee Colony Optimization Finished!

 -- Results Report --
 * 100 LMs will be saved in [ lm-solvent-LM ].
      #          Energy
      0   -321.45870402
      1   -321.25534669
      2   -321.25465621
      3   -320.78140257
      4   -320.66167504
      5   -320.66058527
      6   -320.48789079
      7   -319.82657200
      8   -319.71881405
      9   -319.63739634
     10   -319.54169028
     11   -319.52282809
     12   -319.33140830
     13   -319.14691617
     14   -319.14478784
     15   -319.13621730
     16   -319.11576091
     17   -319.04171808
     18   -318.94589754
     19   -318.78280761
     20   -318.75832374
     21   -318.75831128
     22   -318.67025306
     23   -318.54602093
     24   -318.53689990
     25   -318.39397177
     26   -318.27501373
     27   -318.27243880
     28   -318.25706448
     29   -318.16220760
     30   -318.15677878
     31   -318.11628470
     32   -318.05192532
     33   -318.04353323
     34   -318.03619826
     35   -318.01981951
     36   -317.99367385
     37   -317.97125956
     38   -317.94013521
     39   -317.93621697
     40   -317.91993009
     41   -317.89862070
     42   -317.84622919
     43   -317.77128416
     44   -317.74258846
     45   -317.70370009
     46   -317.64760039
     47   -317.58440756
     48   -317.55823058
     49   -317.52985242
     50   -317.52786636
     51   -317.50074871
     52   -317.49797536
     53   -317.48829945
     54   -317.47884010
     55   -317.45135193
     56   -317.42814327
     57   -317.42415662
     58   -317.41437003
     59   -317.40757654
     60   -317.35396727
     61   -317.34856393
     62   -317.27455590
     63   -317.25762079
     64   -317.24643195
     65   -317.23946196
     66   -317.23162425
     67   -317.19276643
     68   -317.19240048
     69   -317.14568891
     70   -317.14190016
     71   -317.13530834
     72   -317.11041970
     73   -317.10823694
     74   -317.09738995
     75   -317.08888507
     76   -317.07268219
     77   -317.06419785
     78   -317.06415132
     79   -317.02385139
     80   -316.98453922
     81   -316.97882708
     82   -316.97293028
     83   -316.96965592
     84   -316.95172519
     85   -316.93689109
     86   -316.89535864
     87   -316.88828139
     88   -316.88657272
     89   -316.87266911
     90   -316.86998689
     91   -316.84414568
     92   -316.84247891
     93   -316.82789728
     94   -316.80898353
     95   -316.80844857
     96   -316.77534319
     97   -316.69733781
     98   -316.69233517
     99   -316.66797809

 * Final Global Minimal Energy:   -321.45870520
 * The Global Minimum is saved as: [ lm-solvent-OPT.(cluster/xyz/gjf) ]

===== (^ _ ^) =====
Normal termination at Wed Dec 18 20:04:18 2019.
Total run time: 21491 seconds = 0 days 5 hours 58 minutes 11 seconds.
