    * * * * * * * * * * * * * * * * * * * * *
    *       __    ____    ______            *
    *      /  \  |  _ \  |  ___/  luster !  *
     *    / _  \ | |_| | | |               *
     *   / /_\ | |  _ <  | |     < @  @ >  * 
     *  / ___  | | |_| | | |___ _ _  o     * 
    *  /_/   |_| |____/  |_____ _ __ __  _  *
    *                                       *
    * * * * * * * * * * * * * * * * * * * * *

ABCluster 1.5.1
Specific flag:  official version
Platform:       LINUX/UNIX
Compiled by:    junzhang@gellmann.scs.illinois.edu
Compiling date: Dec 18 2017 20:33:35
C++ compiler:   g++
C++ options:    -O3 -Os -fno-exceptions --std=c++0x -fopenmp 

Contributors:
Jun Zhang(University of Cologne): Design and coding.

For any suggestions, comments, and questions on the theory and
implementation of ABCluster, please feel free to contact:

Dr. Jun Zhang, ZhangJunQcc@gmail.com

If you used this program in your work, please cite this reference:

[1] Zhang, J.; Dolg, M.; ABCluster: The Artificial Bee Colony Algorithm for
    Cluster Global Optimization. Phys. Chem. Chem. Phys. 2015, 17, 24173-24181.
[2] Zhang, J.; Dolg, M.; Global Optimization of Clusters of Rigid Molecules by the
    Artificial Bee Colony Algorithm. Phys. Chem. Chem. Phys. 2016, 18, 3003-3010.

Program starts at Thu May  9 16:13:32 2019.
Command line: " /ihome/jkeith/yab16/ABC/ABCluster-Linux/lib/rigidmol-optimizer mixture.inp "
Process ID:   166661
Run by:       yab16@smp-n34.crc.pitt.edu
Available CPU cores:    24
Read "OMP_NUM_THREADS": Unset

Random number testing (integers): 308822740...901790070
Random number testing (fractals): 0.35678222...0.73126416

 -- Input/Output Parameters --
Input file name:      mixture.inp
Cluster file name:    input.cluster
Result file name:     mixture.(cluster/xyz/gjf)
Temporary file name:  abclusteryab16smp-n34.crc.pitt.edu166661-OPT
# of saved LMs:       100
LMs are stored in:    mixture-LM

 -- ABC Control Parameters --
Population size:                  500
Maximal generation:              1000
Scout limit:                       15
Amplitude:                10.00000000

 -- Cluster Components: from [ input.cluster ] --
 -----------------------------------------------------------
   Source                                       #   Charge
 -----------------------------------------------------------
   charmm36/tip4p.xyz     5    0.000
   charmm36/ch3oh.xyz     5   -0.000
   charmm36/na.xyz        1    1.000
 -----------------------------------------------------------
   Dimension: 0, an isolate cluster.
 -----------------------------------------------------------

Artificial Bee Colony Optimization Starts!
----------------------------------------------------------------------------------
 * Population: 500; Maximal cycles: 1000
 * EM = Employed Bee; Trigonometric mutation
 * OL = Onlooker Bee; ABC/best/2(0.5)+ABC/current/2(0.5);
        Tournament selection from 5 nectars.
 * SC = Scout Bee; Random nectar; Limit = 15
----------------------------------------------------------------------------------
    #       Diversity            maxE            minE    byEM    byOL    bySC
----------------------------------------------------------------------------------
    1     12.09407307   -587.03363408   -671.70409508     351      21       0
    2      9.32490235   -619.17698427   -671.70409508     234      49       0
    3      8.64875485   -625.82125325   -673.99749567     149      35       0
    4      8.87332473   -627.18701263   -673.99749566     136      54       0
    5      8.53142974   -637.23581962   -673.99749566      99      30       0
    6      8.46943378   -637.23581962   -673.99749566      90      24       0
    7      8.29689116   -637.23581962   -675.42586186      85      20       0
    8      8.30739184   -645.52575360   -676.37019249      73      44       0
    9      8.20687927   -645.87859667   -676.37019249      89      49       0
   10      8.03610712   -645.87859667   -676.37019249      84      34       0
   11      7.61162563   -645.87859667   -676.37019249      90      11       0
   12      6.80047725   -647.88322200   -676.37019249     112      24       0
   13      5.20290245   -654.09017466   -676.37019249     147       2       0
   14      3.25003538   -654.52393758   -676.37019249     153       1       0
   15      0.88380873   -664.59435127   -676.37019249     100       0       0
   16      0.00000000   -676.37019249   -676.37019249      22       0       0
   17      0.00000000   -676.37019249   -676.37019249       0       0       0
   18      0.00000000   -676.37019249   -676.37019249       0       0       0
   19     30.36043828   -200.28547598   -676.37019249       0       0      16
   20     35.82125908   -281.31689642   -676.37019249      16       0      65
   21 340152894.68915176 7613677050.96929073   -676.37019249      63       0     138
   22 982547.48034292 21991778.69907798   -676.37019248     123       1     122
   23     40.51625442   -200.76364266   -676.37019249     156       0     108
   24 2658791.65244499 43985514.58705205   -676.37019249     185       5      38
   25     12.90669214   -604.20565294   -676.37019249     173       4       9
   26     22.30273037   -215.73809368   -676.37019249     154       0       3
   27      5.92834228   -635.21382343   -676.37019249     133       0       1
   28      2.12828623   -660.86568289   -676.37019249      82       0       0
   29      0.00000000   -676.37019249   -676.37019249      20       0       0
   30      0.00000000   -676.37019249   -676.37019249       0       0       0
   31      0.00000000   -676.37019249   -676.37019249       0       0       0
   32      0.00000000   -676.37019249   -676.37019249       0       0       0
   33      0.00000000   -676.37019249   -676.37019249       0       0       0
   34      0.00000000   -676.37019249   -676.37019249       0       0       0
   35      0.00000000   -676.37019249   -676.37019249       0       0       0
   36      7.77445184   -600.35722627   -676.37019249       0       0      15
   37     39.88895104   -177.95459740   -676.37019249      15       0      48
   38     32.09242042   -119.02268975   -676.37019249      46       0      63
   39 148061114.16113141 3182533315.99049044   -676.37019249      68       0      63
   40 53333513.97776878 1193765158.58606005   -676.37019248      77       0      90
   41     37.35816518   -231.09887500   -676.37019249     104       0      90
   42 191911134.97450298 4295567720.43904018   -676.37019249     120       0      75
   43 230095.89430707 5149589.89637157   -676.37019249     128       0      44
   44 16245723.54054777 363628562.70719194   -676.51072695     122       0      12
   45      5.95362860   -638.95758397   -676.51072696      83     181       0
   46      3.82208527   -643.94317574   -676.51072695      94       7       0
   47      1.83554873   -658.74773251   -676.51072695     133       0       0
   48      0.32437252   -670.55070260   -676.51072696     110       0       0
   49      0.00627860   -676.37019249   -676.51072696      31       0       0
   50      0.00000000   -676.51072696   -676.51072696       1       0       0
   51      0.00000000   -676.51072696   -676.51072696       0       0       0
   52      0.00000000   -676.51072696   -676.51072696       0       0       0
   53      0.00000000   -676.51072696   -676.51072696       0       0       0
   54     23.35599645   -261.72769800   -676.51072695       0       0      12
   55     27.42633536   -133.66889405   -676.51072696      11       0      42
   56 20444537.63746129 457610928.24783683   -676.51072696      40       0      43
   57 66081295.98944054 1479101873.46307611   -676.51072696      54       0      56
   58     40.45224201   -172.76844582   -676.51072696      60       0      70
   59     27.83892775   -324.67456266   -676.51072696      84       0      69
   60     50.08852391   -101.64160013   -676.51072696      93       0      77
   61     32.73334644   -194.49162997   -676.51072696     107       0      89
   62     24.93904250   -270.25176939   -676.51072696     119       0      37
   63      9.40421247   -585.34832431   -676.51072695      89       0       5
   64      3.14449705   -640.35850598   -676.51072696      57       0       0
   65      0.00000001   -676.51072695   -676.51072696      14       0       0
   66      0.00000001   -676.51072695   -676.51072696       0       0       0
   67      0.00000001   -676.51072695   -676.51072696       0       0       0
   68      0.00000001   -676.51072695   -676.51072696       0       0       0
   69      0.00000001   -676.51072695   -676.51072696       0       0       0
   70      0.00000001   -676.51072695   -676.51072696       0       0       0
   71 10420745.26782752 205495235.39127070   -676.51072696       0       0      11
   72     26.80783844   -260.31928825   -676.51072696      11       0      33
   73    393.51070897   8122.50080120   -676.51072696      33       0      43
   74     14.55925190   -583.16259003   -676.51072696      43       0      48
   75 1859835.03781481 41628155.54107672   -676.51072696      56       0      57
   76     39.54319124   -212.39956174   -676.51072696      70       0      66
   77 313394299.74781185 7014727154.22880554   -676.51072696      82       0      66
   78 5568989.12379228 124650433.69994466   -676.51072696      86       0      79
   79     46.30169121   -174.11172447   -676.51072696     106       0      71
   80     29.77353174    -66.91688429   -676.51072695     108       0      23
   81      7.30721546   -597.01430639   -676.51072695      79       0       3
   82      1.07946686   -661.65479973   -676.51072696      43       0       0
   83      0.00000001   -676.51072696   -676.51072695       5       0       0
   84      0.00000001   -676.51072696   -676.51072695       0       0       0
   85      0.00000001   -676.51072696   -676.51072695       0       0       0
   86      0.00000001   -676.51072696   -676.51072695       0       0       0
   87      0.00000001   -676.51072696   -676.51072695       0       0       0
   88     11.39830525   -450.39860815   -676.51072695       0       0      10
   89     11.02825908   -588.79512061   -676.51072695      10       0      30
   90     28.51370063   -233.16746320   -676.51072696      30       0      36
   91     40.53413057   -193.88611732   -676.51072696      38       0      44
   92 12366943.97015061 276809554.65118444   -676.51072696      46       0      50
   93 43250584.22632126 968080362.07734966   -676.51072695      63       0      62
   94     40.13925926   -140.43530130   -676.51072695      76       0      50
   95 20737161.74542255 464160760.19936472   -676.51072696      73       0      77
   96     35.55110722   -172.46070979   -676.51072696      98       0      71
   97     33.42161415   -271.27294526   -676.51072696      96       0      54
   98  23895.23732484 534178.56969619   -676.51072694      92       0      16
   99      4.45996700   -636.54288825   -676.51072696      65       0       0
  100      0.89303797   -656.52179194   -676.51072695      24       0       0
  101      0.00000001   -676.51072696   -676.51072695       1       0       0
  102      0.00000001   -676.51072696   -676.51072695       0       0       0
  103      0.00000001   -676.51072696   -676.51072695       0       0       0
  104      0.00000001   -676.51072696   -676.51072695       0       0       0
  105      6.09159672   -606.57602467   -676.51072696       0       0      10
  106     27.36449163   -210.89556589   -676.51072695      10       0      27
  107     27.13568189   -246.56186888   -676.51072696      26       0      32
  108     27.47056904   -133.50784492   -676.51072695      32       0      37
  109     27.36883398   -207.27662982   -676.51072696      41       0      43
  110     24.31224899   -379.80666274   -676.51072696      50       0      55
  111     33.20942511   -148.19564511   -676.51072696      61       0      51
  112     34.35137273   -171.83356467   -676.51072696      64       0      68
  113     27.20104447   -201.60063750   -676.51072695      83       0      67
  114 137323384.19416261 3073718813.26638079   -676.51072696      99       0      66
  115     14.68183492   -532.36359985   -676.51072696     104       0      36
  116      7.85477583   -608.51622122   -676.51072696      77       0       8
  117      1.23041524   -655.93361494   -676.51072696      32       0       0
  118      0.00000001   -676.51072695   -676.51072696       4       0       0
  119      0.00000001   -676.51072695   -676.51072696       0       0       0
  120      0.00000001   -676.51072695   -676.51072696       0       0       0
  121      0.00000001   -676.51072695   -676.51072696       0       0       0
  122      9.94704206   -486.59981976   -676.51072696       0       0       9
  123 32727382.77771072 732538759.63464940   -676.51072695       8       0      27
  124     29.64447973   -146.91747964   -676.51072693      29       0      31
  125     22.71344395   -300.85669937   -676.51072695      30       0      31
  126     32.94411574   -256.56949757   -676.51072696      36       0      40
  127     35.68719210   -187.63695867   -676.51072696      43       0      48
  128     21.71922458   -332.75873746   -676.51072696      56       0      46
  129     43.09672483   -137.92282155   -676.51072696      56       0      58
  130     39.02571365    -81.70546579   -676.51072696      71       0      61
  131     47.26996824   -152.46834281   -676.51072695      79       0      69
  132     35.31777274   -216.40736985   -676.51072695      85       0      61
  133     24.48103095   -219.41005110   -676.51072695      84       0      19
  134      4.23088597   -633.72802198   -676.51072696      60       0       0
  135      0.73077527   -660.15373002   -676.51072695      20       0       0
  136      0.00000001   -676.51072696   -676.51072695       1       0       0
  137      0.00000001   -676.51072696   -676.51072695       0       0       0
  138      0.00000001   -676.51072696   -676.51072695       0       0       0
  139     10.33444678   -518.27329176   -676.51072696       0       0       8
  140     10.13608089   -599.40664401   -676.51072696       8       0      26
  141     17.04897695   -377.13649953   -676.51072696      25       0      28
  142     24.53518629   -205.18025804   -676.51072694      28       0      34
  143 35319212.76323432 790551883.68537748   -676.51072694      38       0      32
  144     31.71431166   -220.16536786   -676.51072695      38       0      46
  145     29.45714260   -238.80223132   -676.51072696      43       0      43
  146 160775.31598810 3597975.11333799   -676.51072695      53       0      51
  147 5357776.34649770 119922835.33926611   -676.51072695      66       0      58
  148     41.88936351   -206.89258621   -676.51072695      71       0      66
  149 70089417.86275332 1568815963.75871062   -676.51072696      80       0      64
  150     18.48337219   -423.04564199   -676.51072696      81       0      33
  151      9.14535019   -574.13626006   -676.51072696      61       0      11
  152      2.52199271   -645.22890092   -676.51072696      29       0       0
  153      0.00000001   -676.51072696   -676.51072696       7       0       0
  154      0.00000001   -676.51072696   -676.51072696       0       0       0
  155      0.00000001   -676.51072696   -676.51072696       0       0       0
  156      6.98921258   -587.80443759   -676.51072696       0       0       8
  157 6060083.00013180 135642612.31190604   -676.51072696       8       0      25
  158     26.23622669   -276.85453952   -676.51072696      23       0      23
  159     30.65419960   -194.27470298   -676.51072696      28       0      36
  160     31.09845543   -235.90582396   -676.51072696      35       0      33
  161     33.40717537   -163.72744540   -676.51072696      39       0      36
  162     21.42708112   -325.66857362   -676.51072696      35       0      42
  163 1263769.32985959 28286372.64193789   -676.51072696      50       0      53
  164 20286715.92590537 364854405.14441299   -676.51072695      57       0      54
  165 611910.48056384 13695770.32123993   -676.51072696      68       0      61
  166     33.13768256   -187.73614289   -676.70006231      80       0      60
  167     25.35436653   -207.12316737   -676.92221518      83     197      32
  168     16.43250361   -461.78848030   -676.92221518     131     119      15
  169     17.88107947   -306.16107002   -676.92221518     144      35       9
  170     16.47710867   -337.45747950   -676.92221518     160      14       8
  171     17.76903763   -284.22127328   -676.92221518     146       1       2
  172      4.07546544   -621.10396392   -676.92221518     113       0       3
  173      0.01979032   -676.70006231   -676.92221518      39       0       0
  174     11.97593382   -414.67775166   -676.92221518       3       0       3
  175      5.68670583   -614.86567963   -676.92221518       4       0       8
  176     12.39138615   -501.53311755   -676.92221518       8       0      17
  177     19.28181786   -337.40528583   -676.92221518      17       0      29
  178     12.16177720   -546.31994630   -676.92221518      29       0      32
  179     24.80036546   -216.23682219   -676.92221518      36       0      33
  180 33300765.73089578 745372834.57728255   -676.92221518      39       0      37
  181 13847547.93766261 309950018.75419176   -676.92221518      41       0      32
  182     32.67250035   -162.52201573   -676.92221518      42       0      52
  183 867890.30122288 19425382.61578599   -676.92221518      57       0      45
  184     30.60733522   -275.91334566   -676.92221518      56       0      58
  185     34.09975580   -198.48574057   -676.92221518      76       0      75
  186     50.81455010    -73.46917686   -676.92221518      86       0      50
  187     25.50834514   -169.65321971   -676.92221518      83       0      16
  188      7.44544219   -616.07855268   -676.92221518      57       0      10
  189      4.80766651   -602.18944016   -676.92221518      33       0       3
  190      0.00000000   -676.92221518   -676.92221518       8       0       0
  191      3.84284900   -615.68192522   -676.92221518       0       0       3
  192     14.60224543   -367.79510399   -676.92221518       3       0       8
  193      7.09008768   -622.23221227   -676.92221518       8       0      14
  194     27.80863761   -185.94847419   -676.92221518      14       0      28
  195     27.76048498   -292.56251164   -676.92221518      28       0      30
  196     12.71662518   -579.06431032   -676.92221518      32       0      34
  197     37.65716632   -146.73327900   -676.92221518      41       0      31
  198     22.29438935   -323.44018907   -676.92221518      37       0      37
  199 596822.17696773 13358043.86814835   -676.92221518      43       0      45
  200 8774465.18159919 196398832.72926962   -676.92221518      51       0      39
  201     34.00031063   -225.62838842   -676.92221517      48       0      54
  202     95.67226739   1312.66579456   -676.92221518      65       0      57
  203     42.84145570     -5.95367300   -676.92221518      76       0      62
  204     26.50026788   -163.12699708   -676.92221518      70       0      36
  205     25.48545728   -135.13580887   -676.92221518      64       0      17
  206      6.98275128   -597.75549438   -676.92221518      41       0       5
  207      2.61420917   -621.12035548   -676.92221518      15       0       0
  208      3.27835399   -627.41366341   -676.92221518       2       0       3
  209      7.30683613   -576.43883165   -676.92221518       3       0       8
  210 16576213.67577168 371025943.02388823   -676.92221518       9       0      14
  211     10.67624693   -594.65480891   -676.92221518      14       0      25
  212     32.43142329   -248.85952753   -676.92221518      24       0      26
  213     37.53842943   -178.29662996   -676.92221518      32       0      34
  214     36.75782673   -117.62725355   -676.92221518      38       0      32
  215     15.00559704   -544.15357536   -676.92221518      40       0      39
  216     19.32588146   -368.99059980   -676.92221518      42       0      35
  217 10216314.42354617 228671851.24543908   -676.92221518      47       0      40
  218     31.12348949   -281.51695709   -676.92221518      45       0      47
  219     22.25476901   -353.79857357   -676.92221518      54       0      56
  220     26.62920668   -396.45897480   -676.92221518      64       0      61
  221     45.80104184    -98.70395345   -676.92221518      84       0      45
  222     10.77868620   -606.75241047   -676.92221518      74       0      24
  223     21.69041985   -230.32272848   -676.92221518      43       0       9
  224     18.73525323   -264.34275764   -676.92221518      18       0       2
  225      3.14132136   -609.86476061   -676.92221518       5       0       2
  226      5.71566681   -609.59571390   -676.92221518       2       0       9
  227     11.77113475   -467.15632403   -676.92221518       9       0      13
  228 20106562.20386746 445576200.77918273   -676.92221518      13       0      21
  229     17.71243577   -373.66100357   -676.92221518      17       0      26
  230     15.53090714   -520.62301977   -676.92221518      32       0      30
  231     27.29110325   -209.41485128   -676.92221517      34       0      35
  232     13.31198609   -591.31377098   -676.92221517      37       0      37
  233     24.97662444   -208.28988179   -676.92221518      43       0      33
  234     44.35825838   -126.04079796   -676.92221518      39       0      41
  235 6826666.11014130 152801101.67794108   -676.92221517      46       0      42
  236   8123.21520171 181151.55570562   -676.92221518      50       0      49
  237 370516.75232297 8292634.17327704   -676.92221518      51       0      55
  238 183472690.90726265 4106682160.30055475   -676.92221518      60       0      57
  239     30.31898411   -164.68603742   -676.92221518      60       0      36
  240     18.82287999   -310.35717334   -676.92221518      67       0      10
  241 4367644.30006906 97760629.71896672   -676.92221518      40       0       4
  242      3.47232205   -607.65321930   -676.92221518       9       0       2
  243      6.49030959   -607.40676393   -676.92221518       2       0       9
  244      7.22629380   -616.47079967   -676.92221518       9       0      13
  245     25.88628637   -128.94155910   -676.92221518      14       0      17
  246     16.18902661   -397.33920447   -676.92221518      19       0      27
  247     12.24586088   -575.26418455   -676.92221518      27       0      28
  248     28.88248495   -256.10077995   -676.92221518      29       0      37
  249 648208.70023252 14508233.59440628   -676.92221518      41       0      35
  250     32.32725592   -144.66728674   -676.92221518      39       0      33
  251     23.67253314   -234.91662985   -676.92221518      37       0      37
  252     25.04215552   -201.33311939   -676.92221518      46       0      43
  253     17.31406348   -533.98485611   -676.92221518      51       0      48
  254     21.19290593   -418.35620236   -676.92221518      52       0      51
  255 1562033.22268728 34962436.41530409   -676.92221518      66       0      41
  256 3733799.05970580 83573232.30502732   -676.92221518      63       0      52
  257     25.08845279   -235.39884480   -676.92221518      58       0      20
  258 19277822.58213560 431496254.14875925   -676.92221518      39       0       7
  259      4.54423063   -601.35120825   -676.92221518      13       0       2
  260      7.22601404   -581.90604722   -676.92221517       3       0       8
  261 39794971.84223182 890733125.60867190   -676.92221518       8       0      12
  262      8.49840363   -596.75088641   -676.92221518      12       0      18
  263     24.47087215   -332.60897318   -676.92221518      17       0      25
  264 107686847.20698886 2410362002.59951401   -676.92221518      26       0      27
  265     39.55370921   -160.16086433   -676.92221518      29       0      36
  266     30.32282996   -221.90841871   -676.92221518      43       0      36
  267 3191008.66338547 71423987.25651865   -676.92221518      47       0      30
  268     25.91736387   -289.98577786   -676.92221518      39       0      34
  269 114250174.79801224 2557269450.70702314   -676.92221518      41       0      44
  270 129198129.88496934 2864533315.24244738   -676.92221518      50       0      41
  271     34.89982572   -158.24479911   -676.92221518      48       0      50
  272     34.34027865   -250.28846298   -676.92221518      63       0      47
  273     32.35879299   -263.26593527   -676.92221518      63       0      50
  274     19.80327037   -339.62481968   -676.92221518      58       0      31
  275      6.96813476   -619.99762941   -676.92221518      50       0       8
  276      3.22312442   -631.31287047   -676.92221518      17       0       3
  277     25.82277850   -115.16915826   -676.92221518       5       0       8
  278      6.73253837   -619.30277662   -676.92221518       8       0      11
  279     14.71680791   -418.46791599   -676.92221518      11       0      19
  280     24.39383797   -256.02742021   -676.92221518      19       0      22
  281     28.29925459   -121.54130100   -676.92221518      26       0      24
  282 3868609.96749877 86590710.33412454   -676.92221518      27       0      28
  283     29.84738044   -247.75793481   -676.92221518      32       0      40
  284     25.66881070   -246.04730622   -676.92221518      40       0      33
  285 1651916.19334573 36974290.76427125   -676.92221518      45       0      34
  286     35.80402432   -208.34037423   -676.92221518      43       0      42
  287 23431953.32210213 524478474.90111154   -676.92221518      47       0      39
  288     31.04465114   -289.71121713   -676.92221518      48       0      44
  289     45.44361769   -138.54611115   -676.92221518      52       0      53
  290 1467952.72232762 32856624.33607936   -676.92221518      65       0      47
  291     25.79750414   -280.83720626   -676.92221518      65       0      40
  292     15.28334653   -389.36152140   -676.92221518      55       0      12
  293      5.98728941   -592.14296635   -676.92221518      25       0       4
  294      6.14178321   -613.57544907   -676.92221518       6       0       8
  295      7.25418506   -572.37322621   -676.92221518       8       0       8
  296      9.45835917   -590.81717086   -676.92221518       9       0      19
  297     10.76079668   -591.91564558   -676.92221518      19       0      21
  298     32.20482819   -256.55998566   -676.92221518      22       0      27
  299     11.84363547   -592.79799509   -676.92221518      27       0      25
  300     17.87035820   -439.13995885   -676.92221518      28       0      34
  301     27.12434321   -204.23373210   -676.92221518      38       0      34
  302     38.88069123   -177.77090264   -676.92221518      37       0      37
  303     36.51813492    -67.92827532   -676.92221518      49       0      35
  304 1829121.48814975 40940691.51550458   -676.92221518      39       0      45
  305     29.18802864   -267.89489239   -676.92221518      52       0      41
  306 10928396.46265285 244610435.40201855   -676.92221518      50       0      41
  307 13846265.66740787 309921320.60496145   -676.92221518      50       0      56
  308     24.78398123   -224.37929242   -676.92221518      61       0      44
  309     14.96992584   -445.66585852   -676.92221518      60       0      21
  310      4.89317095   -631.37432754   -676.92221518      42       0       4
  311      6.93970932   -559.99289007   -676.92221518      10       0       7
  312      6.30898288   -608.53007053   -676.92221518       8       0       9
  313     25.88141678   -197.56229654   -676.92221518       9       0      18
  314     22.52189843   -236.01822568   -676.92221518      19       0      20
  315  68074.38350398 1523040.73088000   -676.92221518      20       0      25
  316     21.26314740   -271.79814082   -676.92221518      26       0      27
  317     29.41497888   -276.94634164   -676.92221518      33       0      29
  318     15.31132292   -469.14090645   -676.92221517      34       0      33
  319     30.74115476   -153.69036532   -676.92221518      38       0      40
  320 2445854.04081223 46766904.08298779   -676.92221517      44       0      33
  321     33.03144393   -330.63519272   -676.92221518      46       0      39
  322 2524637.00747397 56508465.86374808   -676.92221518      46       0      44
  323 629031.53793866 14078987.81803935   -676.92221518      52       0      44
  324     20.48787508   -344.63183510   -676.92221518      52       0      45
  325     28.89606002   -171.23805057   -676.92221517      56       0      50
  326     13.65343437   -581.26968281   -676.92221518      55       0      28
  327     27.55478445   -196.33427257   -676.92221518      45       0       9
  328     20.34402978   -237.74548423   -676.92221518      17       0       7
  329     20.75243156   -226.03293443   -676.92221518       9       0       8
  330     26.76835590   -188.53863934   -676.92221518       8       0      18
  331      9.32907592   -597.04406567   -676.92221517      18       0      19
  332     32.57483003    -92.19908039   -676.92221518      19       0      22
  333     24.55917095   -204.44971484   -676.92221518      21       0      27
  334 278114.32900796 6224379.94749129   -676.92221518      31       0      29
  335 12042068.89398392 269537848.62852299   -676.92221517      33       0      32
  336     26.24796876   -291.23383998   -676.92221518      37       0      34
  337     38.55290424   -204.32397859   -676.92221518      40       0      37
  338     29.96653012   -197.24144302   -676.92221517      44       0      40
  339     20.98318001   -422.71754782   -676.92221517      47       0      36
  340     59.03404190   -112.51527162   -676.92221518      41       0      52
  341     22.29187482   -329.67480522   -676.92221518      56       0      42
  342 382187.45879974 8553860.10783211   -676.92221518      52       0      48
  343     41.56726569   -178.44380932   -676.92221518      51       0      35
  344     13.09052384   -478.06414977   -676.92221518      48       0      14
  345      6.69533369   -609.00286352   -676.92221518      21       0       7
  346 794903.25852838 17791702.22569321   -676.92221518      12       0       8
  347     21.88059129   -266.52937404   -676.92221518       8       0      17
  348     22.90740669   -305.26429165   -676.92221518      17       0      20
  349 978149.99117431 21893329.51608139   -676.92221518      21       0      18
  350     10.49972235   -610.14077978   -676.92221518      21       0      29
  351     27.10097392   -270.66823429   -676.92221518      32       0      26
  352 13387040.46603044 299642444.90483224   -676.92221518      32       0      29
  353     40.21529309   -164.51312726   -676.92221518      31       0      37
  354     24.43359895   -357.49911482   -677.19658133      39       2      33
  355     35.42470860   -200.39040483   -677.19658133      41     205      31
  356     25.46368526   -262.06150764   -677.19658133     106       8      27
  357     29.81676687   -270.57151845   -677.19658132     123       1      31
  358 8884439.80786016 198818758.16433132   -677.19658133     117       0      39
  359     42.88025540   -178.34130876   -677.19658132      80       0      44
  360 280801.25781371 6284523.33030018   -677.19658133      60       0      39
  361 2001695.85139167 44803434.29438584   -677.19658132      52       0      42
  362     15.86212297   -456.51478940   -677.19658133      50       0      19
  363      6.40571221   -622.28524030   -677.19658133      30       0      11
  364     25.55149592   -268.39002298   -677.19658133      18       0       8
  365     12.80254816   -431.89364284   -677.19658133      11       0      11
  366     30.53956801   -199.28382554   -677.19658133      11       0      21
  367     28.51633318   -185.93002752   -677.19658132      22       0      20
  368     24.32830313   -193.36379947   -677.19658133      21       0      24
  369 65961959.71662991 1476430755.98091841   -677.19658133      25       0      28
  370     22.01595396   -275.93320913   -677.19658132      29       0      29
  371     36.50306234   -172.67489933   -677.19658132      36       0      38
  372     20.85057113   -307.39646457   -677.19658132      46       0      43
  373     14.03712887   -582.83026562   -677.19658132      48       0      34
  374     25.92591084   -345.53450175   -677.19658132      48       0      36
  375 17566643.76593418 393194817.37417734   -677.19658132      46       0      45
  376     35.99101379   -230.85608513   -677.19658133      57       0      42
  377     33.55459138   -246.14468420   -677.19658132      52       0      39
  378     24.27858864   -248.34065483   -677.19658133      51       0      42
  379     22.24277733   -298.17297978   -677.19658132      50       0      25
  380     15.80757525   -445.55225616   -677.19658132      37       0      14
  381 178551.36589559 3995852.19088781   -677.19658133      19       0       9
  382 18246292.40506944 408407438.59950840   -677.19658133      11       0      10
  383     33.86821105   -138.39103709   -677.19658133      11       0      21
  384     13.85314734   -473.84918011   -677.19658132      22       0      20
  385   4375.12617863  97253.36327910   -677.19658133      22       0      23
  386     10.52034073   -556.53935598   -677.19658133      24       0      21
  387     23.63234941   -210.55595694   -677.19658133      21       0      31
  388     26.87003615   -247.23439568   -677.19658133      31       0      36
  389     15.07474379   -520.09228487   -677.19658132      42       0      40
  390  54681.31123454 1223264.16572691   -677.19658132      43       0      34
  391     18.05257285   -481.83651689   -677.19658132      46       0      38
  392 33223209.39506527 743636885.36366355   -677.19658133      47       0      45
  393     47.59586264   -139.20407050   -677.19658133      52       0      39
  394 829548.87833792 18567182.50569418   -677.19658132      51       0      44
  395     20.59543047   -378.02404144   -677.19658132      55       0      41
  396     22.78357103   -287.84056170   -677.19658132      55       0      31
  397     14.82084157   -411.03095586   -677.19658132      44       0      15
  398      7.01916080   -612.17515373   -677.19658133      23       0       9
  399     15.49397364   -373.66897082   -677.19658132       9       0      12
  400 166589093.33731222 3728775336.91215134   -677.19658132      11       0      19
  401      9.70179151   -611.08402746   -677.19658133      19       0      21
  402     22.79920811   -290.82620114   -677.19658133      23       0      22
  403     19.06446024   -302.90576901   -677.19658132      25       0      22
  404     18.95761995   -323.63852224   -677.19658133      25       0      27
  405     21.43557028   -266.91080087   -677.19658132      34       0      34
  406     32.52892731   -217.97786491   -677.19658132      33       0      39
  407     22.62807058   -268.08646369   -677.19658132      47       0      34
  408     12.04612809   -615.18857314   -677.19658132      48       0      35
  409 6406260.14328421 143391125.04512179   -677.19658132      39       0      43
  410 2170665.99071048 48585506.26710502   -677.19658132      50       0      42
  411     30.06537353   -152.70436257   -677.19658132      51       0      41
  412     14.32799331   -594.06056942   -677.19658133      57       0      42
  413  10629.13729385 237241.11482637   -677.19658132      53       0      38
  414     10.44615451   -595.39322099   -677.19658133      51       0      20
  415     12.92786309   -426.65603005   -677.19658132      36       0       9
  416      8.70549798   -599.35051849   -677.19658132      15       0      12
  417     14.00472870   -506.35086529   -677.19658132      15       0      18
  418     20.51447622   -352.89301618   -677.19658132      19       0      19
  419     19.32682386   -297.76684084   -677.19658133      22       0      20
  420     10.74121626   -592.98613219   -677.19658132      21       0      22
  421     18.67926855   -358.18240629   -677.19658133      24       0      27
  422     40.81173382   -137.06531812   -677.19658133      32       0      35
  423     30.67236953   -182.77438554   -677.19658132      38       0      29
  424     20.71718592   -399.81149004   -677.19658132      30       0      41
  425     34.59157151   -224.21102164   -677.19658132      42       0      35
  426     45.73328387   -146.38488690   -677.19658133      42       0      39
  427 8659396.84520937 193823247.63267830   -677.19658132      51       0      38
  428     19.97973853   -439.14188611   -677.19658133      44       0      43
  429     34.38364054   -184.40406563   -677.19658133      51       0      42
  430     14.97573359   -567.96863589   -677.19658133      51       0      40
  431     28.19463141   -153.22962515   -677.19658132      50       0      27
  432      6.96206887   -609.46238102   -677.19658133      35       0      11
  433      7.12562514   -613.35512032   -677.19658132      19       0      13
  434     15.67737659   -366.40784943   -677.19658133      16       0      16
  435     10.35740933   -576.17583027   -677.19658132      16       0      19
  436     25.33766649   -168.22213841   -677.19658132      21       0      21
  437     31.00022432   -300.50253080   -677.19658133      23       0      20
  438 930262.60300044 20821463.58722913   -677.19658132      23       0      28
  439 13218568.02314339 295871515.50695878   -677.19658132      28       0      36
  440     25.12818615   -332.14754251   -677.19658133      42       0      28
  441     16.81525980   -501.47974685   -677.19658133      34       0      36
  442 6851065.03210342 153347222.53602451   -677.19658132      41       0      32
  443     40.05077027   -169.87785075   -677.19658133      46       0      43
  444     32.49309992   -121.46271145   -677.19658132      52       0      40
  445 16715795.20592627 374150209.98826474   -677.19658132      46       0      39
  446     25.08424509   -337.35411370   -677.19658133      59       0      37
  447     26.07375140   -314.56505019   -677.19658133      46       0      48
  448     29.49579367   -222.05273127   -677.19658133      54       0      27
  449  44052.47957718 985354.85349280   -677.19658132      43       0      15
  450     15.74310828   -425.94039077   -677.19658133      26       0      15
  451     12.90229402   -443.74956384   -677.19658132      18       0      15
  452     10.08603938   -576.39067564   -677.19658132      15       0      17
  453      9.92793956   -567.64394377   -677.19658132      17       0      21
  454     16.41286320   -378.67460268   -677.19658132      22       0      20
  455     30.31430721   -236.64000362   -677.19658132      23       0      28
  456 4076151.11743807 91236118.86322831   -677.19658133      31       0      30
  457     38.21568090   -106.81649429   -677.19658132      34       0      31
  458 107873068.61426690 2414530209.82178164   -677.19658132      37       0      31
  459     25.54831345   -358.31810411   -677.19658133      37       0      33
  460     27.12393550   -154.78572286   -677.19658132      39       0      39
  461     25.57565499   -225.32569889   -677.19658132      43       0      41
  462 32882282.61097085 736005894.79384661   -677.19658133      50       0      41
  463 635786.79708403 14230191.62594185   -677.19658132      57       0      41
  464     25.84687839   -356.17457736   -677.19658132      51       0      44
  465     27.66835880   -227.27334919   -677.19658133      54       0      29
  466     20.86872949   -261.93215566   -677.19658133      47       0      21
  467     13.25583852   -493.62495501   -677.19658133      27       0      18
  468     13.51109660   -425.04848666   -677.19658133      23       0      14
  469     22.94025181   -196.68843523   -677.19658132      16       0      16
  470     18.50108506   -316.33189236   -677.19658133      21       0      20
  471 402987.02228625 9019412.97858059   -677.19658133      23       0      19
  472     26.74114117   -211.16690524   -677.19658132      20       0      29
  473     15.59832825   -417.06300532   -677.19658132      30       0      25
  474     14.24094764   -515.12289059   -677.19658133      30       0      33
  475     33.63366175   -233.89507843   -677.19658133      34       0      31
  476     36.73701615   -228.90161745   -677.19658133      38       0      33
  477     17.42727796   -484.04319796   -677.19658133      42       0      36
  478     28.94092910   -300.16861636   -677.19658133      47       0      38
  479 5547403.10185451 124167263.21857828   -677.19658132      43       0      41
  480 245844760.91090214 4289484031.12942600   -677.19658132      49       0      41
  481     41.30353468   -124.22941208   -677.19658132      52       0      43
  482 235431441.97421581 5269221962.16437626   -677.19658132      47       0      37
  483     11.83365876   -558.15135838   -677.19658132      45       0      19
  484     11.34887546   -550.91390904   -677.19658132      36       0      21
  485     20.87483529   -258.53296375   -677.19658133      25       0      17
  486     13.70268045   -441.88198224   -677.19658133      20       0      13
  487     16.68266200   -397.07767102   -677.19658132      13       0      24
  488     17.32298648   -340.66627855   -677.19658132      22       0      17
  489     30.92700056   -139.04955404   -677.19658133      20       0      27
  490     14.85908362   -422.09094897   -677.19658132      28       0      24
  491     27.42215946   -223.52759814   -677.19658132      25       0      31
  492     49.56733221   -153.75279984   -677.19658133      32       0      30
  493 205718582.43302009 4604613592.15574455   -677.19658133      37       0      31
  494 205718582.40778410 4604613592.15574455   -677.19658132      35       0      39
  495 2718431.82951095 60846187.73263708   -677.19658132      47       0      35
  496     40.01020240   -169.83901961   -677.19658133      46       0      42
  497 39661891.50860190 833572519.09138560   -677.19658133      50       0      42
  498     35.16388612   -184.34603931   -677.19658133      50       0      41
  499     43.00864582   -128.60668390   -677.19658133      51       0      36
  500 19028656.53743373 425919156.39488488   -677.19658132      49       0      28
  501     10.18572828   -583.60182737   -677.19658132      38       0      22
  502     22.25523472   -227.45259460   -677.19658132      28       0      18
  503      8.65285021   -587.38562699   -677.19658132      21       0      13
  504     20.31447692   -389.43336870   -677.19658133      15       0      21
  505      9.27146102   -602.46805672   -677.19658133      21       0      20
  506    116.30462684   1871.70980623   -677.19658132      22       0      25
  507     16.45966933   -406.78299420   -677.19658132      26       0      23
  508     31.35381528   -265.05141756   -677.19658133      27       0      29
  509     25.94272793   -258.45408304   -677.19658132      34       0      29
  510     29.00745736   -299.56507813   -677.19658133      33       0      30
  511 149372.42447299 2987571.66501564   -677.19658133      34       0      35
  512     22.95293929   -371.64304133   -677.19658133      38       0      38
  513    327.80542208   6651.70580420   -677.19658132      42       0      38
  514     24.31504478   -291.49200786   -677.19658133      49       0      44
  515     20.47232746   -374.78845155   -677.19658133      46       0      43
  516     13.71081378   -559.42899264   -677.19658133      61       0      35
  517     20.10847238   -369.24497333   -677.19658132      51       0      31
  518     21.25503855   -358.41559523   -677.19658133      46       0      26
  519     24.43212609   -166.13786669   -677.19658133      34       0      18
  520     21.97229461   -220.21357287   -677.19658133      22       0      14
  521     29.36457512   -151.94224079   -677.19658132      14       0      20
  522     23.14668083   -210.40203888   -677.19658132      20       0      21
  523     25.89530160   -267.42840112   -677.19658133      22       0      19
  524     12.62175922   -542.07796635   -677.19658132      19       0      28
  525 17448983.25900657 390561212.44251305   -677.19658133      29       0      27
  526     11.96552577   -592.52362099   -677.19658133      30       0      28
  527     24.01701705   -281.95397037   -677.19658133      32       0      32
  528     19.25166503   -339.68228343   -677.19658133      37       0      32
  529  17932.44571245 400710.26915385   -677.19658133      40       0      33
  530     27.86080910   -274.21298141   -677.19658133      39       0      38
  531  10102.50218406 225453.69409032   -677.19658133      41       0      44
  532 9201461.80658461 205956328.12236524   -677.19658133      49       0      32
  533     36.70512502   -149.48524297   -677.19658133      42       0      46
  534     51.05787232   -107.67275988   -677.19658133      52       0      40
  535 425089.38890444 9514133.84630037   -677.19658133      59       0      25
  536     20.73055507   -263.67890045   -677.19658133      36       0      21
  537     17.65766482   -312.17774702   -677.19658133      32       0      14
  538 208533520.70802060 4667620561.84987259   -677.19658133      17       0      20
  539     25.14412223   -158.83593458   -677.19658133      19       0      21
  540      9.87198267   -603.00077806   -677.19658133      20       0      18
  541     28.93084659   -280.17546643   -677.19658133      23       0      22
  542     32.48873207   -206.00249066   -677.19658133      24       0      32
  543 931033.27534285 20838712.08416768   -677.19658133      33       0      23
  544     19.77042326   -347.19537236   -677.19658133      29       0      33
  545 5457141.86483406 122146937.02848813   -677.19658133      34       0      32
  546     24.10587543   -200.29465054   -677.19658133      37       0      33
  547     23.71915055   -231.92523471   -677.19658132      41       0      38
  548     27.77064896   -143.65413835   -677.19658132      43       0      41
  549     39.02410773   -131.11051472   -677.19658132      48       0      30
  550 3438482.02699455 68555854.79051197   -677.19658133      42       0      44
  551     25.09524020   -363.35780960   -677.19658132      45       0      41
  552     24.53276240   -337.06815187   -677.19658133      52       0      31
  553     23.64168573   -205.06576168   -677.19658133      46       0      24
  554     26.79160508   -228.40126218   -677.19658133      39       0      17
  555     18.96379940   -352.89527616   -677.19658132      20       0      20
  556     23.55839785   -227.71033952   -677.19658133      20       0      18
  557     12.41598033   -492.67794161   -677.19658133      24       0      18
  558     35.32753601   -157.17990817   -677.19658133      20       0      23
  559     33.64466161   -157.17990817   -677.19658133      23       0      29
  560 11870203.19997447 192931502.83670035   -677.19658133      30       0      26
  561 199880.13166568 4473259.65577943   -677.19658133      28       0      30
  562     17.24560961   -371.54337533   -677.19658133      32       0      29
  563     24.65266237   -227.32773219   -677.19658133      33       0      34
  564     14.17191172   -584.61831610   -677.19658133      35       0      37
  565     24.30230125   -218.18728619   -677.19658133      45       0      38
  566 302482370.27489072 6770484620.77317905   -677.19658133      45       0      38
  567     22.03066574   -374.19813911   -677.19658132      50       0      37
  568     22.12461019   -273.30383917   -677.19658133      46       0      38
  569 147652.10798614 3304235.93115507   -677.19658133      42       0      31
  570     27.25556585   -213.19557161   -677.19658132      41       0      34
  571      9.30375802   -603.67407274   -677.19658133      42       0      18
  572      9.69147286   -590.56252075   -677.19658133      25       0      19
  573     19.32908520   -291.23612513   -677.19658133      24       0      19
  574      9.55822298   -604.42872885   -677.19658132      22       0      19
  575     12.19841179   -487.67045840   -677.19658132      20       0      22
  576 14525585.89927137 322850507.37846881   -677.19658133      23       0      29
  577     22.02045074   -332.24763529   -677.19658133      32       0      27
  578     29.13066515   -160.84250386   -677.19658133      30       0      27
  579     30.22019733   -235.32219986   -677.19658133      31       0      29
  580   2543.85065633  56263.82691190   -677.19658133      33       0      32
  581     20.72064627   -320.67588049   -677.19658133      37       0      29
  582 5175037.26908387 115830208.59030147   -677.19658133      31       0      45
  583     28.58335470   -259.23067561   -677.19658133      50       0      37
  584     32.53682114   -145.19242349   -677.19658133      48       0      40
  585     33.11679647   -260.23702515   -677.19658133      46       0      36
  586     33.37751644   -223.73839990   -677.19658133      51       0      30
  587  38599.49451049 863302.64115623   -677.19658133      40       0      34
  588     10.76767979   -590.30692255   -677.19658133      41       0      23
  589      9.10065671   -614.64520110   -677.19658132      31       0      19
  590     12.00245481   -510.14196762   -677.19658133      25       0      20
  591     14.59519351   -428.70934597   -677.19658132      23       0      19
  592     23.50305261   -189.18923820   -677.19658133      23       0      22
  593     20.36900801   -388.26723842   -677.19658133      23       0      28
  594     39.73482309   -127.89010614   -677.19658132      29       0      25
  595     21.03675154   -287.81897481   -677.19658133      31       0      29
  596     28.84608703   -237.71297375   -677.19658132      32       0      27
  597     23.44947545   -377.05041994   -677.19658133      32       0      34
  598     23.09001568   -252.34969448   -677.19658133      36       0      26
  599     15.84708433   -507.72925894   -677.19658133      31       0      39
  600 6016969.82214340 134677608.35107148   -677.19658132      44       0      39
  601     35.26411860    -55.83923777   -677.19658132      42       0      41
  602     18.99622350   -389.68226218   -677.19658132      49       0      34
  603     19.97736805   -313.18104527   -677.19658133      47       0      34
  604     31.17797717   -158.77200890   -677.19658133      43       0      35
  605     21.43006258   -264.85858214   -677.19658132      36       0      24
  606     17.08716305   -347.14360291   -677.19658132      34       0      20
  607      9.29959554   -575.06285625   -677.19658133      27       0      19
  608     18.86042750   -335.15901974   -677.19658132      22       0      24
  609 13483813.53586927 301808523.00920677   -677.19658132      26       0      22
  610     25.70745762   -269.74428125   -677.19658132      28       0      21
  611     14.99090146   -498.09205922   -677.19658133      22       0      28
  612     12.36577246   -585.81307614   -677.19658133      28       0      29
  613     13.48015093   -565.13310379   -677.19658133      34       0      27
  614     22.68985766   -242.13181650   -677.19658133      40       0      34
  615     27.48283028   -115.01890614   -677.19658133      36       0      26
  616     19.59063845   -438.01865096   -677.19658133      35       0      36
  617     35.57352549   -138.02846676   -677.19658133      39       0      39
  618     21.88933886   -360.60389008   -677.19658133      51       0      37
  619     39.04980391   -122.54974448   -677.19658133      46       0      33
  620 5369845.37171400 120188451.41605917   -677.19658133      34       0      43
  621     29.76070851   -279.83813655   -677.19658133      48       0      34
  622     13.15702631   -520.34750791   -677.19658132      44       0      22
  623     22.65147084   -217.51796595   -677.19658133      30       0      22
  624     14.49180267   -490.27513343   -677.19658133      25       0      20
  625     27.38237540   -203.63577130   -677.19658132      25       0      22
  626     36.85474309   -129.81189765   -677.19658133      26       0      27
  627     21.65365096   -366.18233532   -677.19658132      27       0      21
  628     28.45621234   -194.58128380   -677.19658133      28       0      19
  629     26.95494810   -260.63259931   -677.19658133      22       0      27
  630     28.00852620   -253.40710049   -677.19658133      32       0      35
  631     12.72618264   -569.99092936   -677.19658132      40       0      30
  632 22648923.91518754 456018042.51645553   -677.19658133      37       0      27
  633     46.23957131   -176.97934073   -677.19658133      35       0      32
  634     40.19310355   -155.14004302   -677.19658133      32       0      41
  635     35.37071841   -168.24581905   -677.19658132      44       0      40
  636     26.29774603   -226.18633295   -677.19658133      53       0      35
  637     31.35344293   -172.74238872   -677.19658132      41       0      37
  638     27.61467389   -259.01783136   -677.19658132      47       0      34
  639     26.43841201   -157.16185100   -677.19658132      43       0      29
  640     14.20028362   -446.80761887   -677.19658132      44       0      20
  641     10.62859965   -551.45287611   -677.19658132      21       0      20
  642 667349.27257782 14936655.99948989   -677.19658132      22       0      23
  643     11.21465889   -586.44851846   -677.19658132      26       0      25
  644     20.21518850   -297.09423737   -677.19658133      30       0      24
  645 19544643.71356507 437468534.17860192   -677.19658133      26       0      17
  646     26.57286496   -255.68887571   -677.19658132      19       0      24
  647 885461.73184769 19818681.95803409   -677.19658132      26       0      32
  648 25942523.79701175 580672758.24063635   -677.19658132      37       0      36
  649     24.88273822   -184.06262059   -677.19658133      38       0      28
  650     26.06741804   -197.99038554   -677.19658132      35       0      30
  651     13.82260592   -584.49653559   -677.19658132      34       0      34
  652 56184580.99578403 1248968469.41603637   -677.19658133      38       0      45
  653     27.10269677   -308.82084520   -677.19658132      48       0      33
  654 7542623.58629899 168826429.44684479   -677.19658133      43       0      33
  655     33.66637462   -145.66233657   -677.19658132      41       0      40
  656     28.81514236   -244.21562554   -677.19658132      45       0      34
  657     19.46856052   -321.22439788   -677.19658133      43       0      20
  658     24.01903395   -264.28502742   -677.19658133      28       0      20
  659     28.50267036   -195.47557532   -677.19658132      25       0      21
  660     27.37247548   -204.16347589   -677.19658132      22       0      27
  661     23.21802949   -204.16347589   -677.19658132      27       0      23
  662     13.31668928   -457.70198307   -677.19658132      26       0      18
  663  99563.38808938 2227861.40828653   -677.19658132      19       0      21
  664     44.83536131   -111.08972475   -677.19658132      25       0      34
  665 1514508.07831821 33898673.03421892   -677.19658133      37       0      32
  666     21.49591021   -275.61014359   -677.19658132      36       0      32
  667     21.40258446   -316.38864702   -677.19658132      38       0      29
  668     33.25418832   -155.20706789   -677.19658133      40       0      34
  669     24.75085795   -207.76604146   -677.19658133      37       0      39
  670 6853538.15840616 153402580.83453324   -677.19658133      42       0      34
  671     24.52634953   -286.50126145   -677.19658133      44       0      37
  672     22.75533046   -322.75632282   -677.19658133      44       0      35
  673     17.64796937   -414.70232746   -677.19658133      49       0      35
  674     27.18189769   -133.57434032   -677.19658133      37       0      27
  675      9.16356985   -605.90732004   -677.19658133      38       0      22
  676     28.53138011   -231.93978821   -677.19658133      28       0      21
  677     31.06379200   -183.75279773   -677.19658133      25       0      23
  678     11.03402196   -596.56943036   -677.19658133      25       0      26
  679      7.90327549   -614.71395573   -677.19658133      33       0      17
  680     14.36022108   -444.22049317   -677.19658133      22       0      20
  681     12.55299211   -573.08552755   -677.19658133      25       0      32
  682     26.45790582   -179.46813898   -677.19658133      33       0      28
  683  39120.68956076 874968.13891068   -677.19658133      30       0      32
  684     35.40430637    -54.37677513   -677.19658133      34       0      33
  685     18.63846658   -416.99980257   -677.19658133      36       0      34
  686     14.64724787   -537.89578963   -677.19658133      39       0      36
  687     18.25504146   -403.89723230   -677.19658133      47       0      33
  688     36.85794404   -163.37362351   -677.19658133      39       0      35
  689     40.81209124   -155.68773113   -677.19658133      39       0      42
  690     26.13966978   -188.13759109   -677.19658133      48       0      32
  691     24.88584146   -297.90779936   -677.19658133      42       0      28
  692     24.13168692   -195.37497914   -677.19658133      33       0      23
  693     17.77593479   -363.21774642   -677.19658133      32       0      25
  694     23.92048784   -191.74224213   -677.19658133      28       0      18
  695     28.14703299   -216.55431678   -677.19658133      22       0      23
  696     17.57595081   -403.45807795   -677.19658133      24       0      24
  697      9.61085238   -617.92053571   -677.19658133      27       0      22
  698 306683498.57225829 6864518784.73587132   -677.19658133      28       0      28
  699     23.53764193   -216.44396424   -677.19658133      28       0      30
  700     23.07710598   -256.86696320   -677.19658133      35       0      31
  701     21.12803566   -294.93887713   -677.19658133      36       0      29
  702     30.57717268   -243.61236296   -677.19658133      35       0      34
  703     20.40134266   -420.26700310   -677.19658133      39       0      35
  704     29.49775681   -144.04499117   -677.19658133      45       0      33
  705     22.64641091   -316.91194193   -677.19658133      43       0      36
  706     31.07698209   -237.52165056   -677.19658133      37       0      40
  707 75921440.19690180 1699354545.69866014   -677.19658132      49       0      37
  708     21.36606203   -309.16738806   -677.19658133      41       0      26
  709     14.45273856   -491.01025848   -677.19658133      34       0      27
  710      9.98993952   -595.74882324   -677.19658133      32       0      23
  711     30.22700032   -196.55187373   -677.19658133      25       0      22
  712     27.53647137   -189.02921110   -677.19658133      24       0      20
  713     22.27535879   -225.11167770   -677.19658133      24       0      20
  714     25.93895308   -289.45365302   -677.19658133      21       0      27
  715     14.30245713   -476.95158692   -677.19658133      30       0      25
  716     24.86355576   -297.55196794   -677.19658133      24       0      30
  717     12.64463985   -598.39682040   -677.19658133      31       0      30
  718     26.50132242   -228.41634736   -677.19658133      33       0      30
  719     39.22384263   -135.05335346   -677.19658133      38       0      27
  720 213164.99054176 4770615.40455119   -677.19658132      31       0      39
  721     26.33245351   -155.38637239   -677.19658133      42       0      39
  722     41.47225344   -209.63382622   -677.19658133      46       0      31
  723     36.09115551   -157.05392267   -677.19658133      41       0      42
  724 209649571.54344854 4692601211.82141018   -677.19658132      52       0      33
  725     35.17502070   -207.37371274   -677.19658133      44       0      33
  726     12.44640608   -535.40287671   -677.19658132      41       0      28
  727     10.00455167   -587.25470164   -677.19658133      41       0      21
  728     18.54499966   -316.59092435   -677.19658133      29       0      22
  729     22.80289320   -243.97208777   -677.19658133      28       0      22
  730     22.88936930   -195.65129935   -677.19658133      26       0      18
  731     11.98680907   -594.33922405   -677.19658132      20       0      29
  732     17.03217067   -372.05305181   -677.19658133      29       0      25
  733     22.10963172   -257.20591077   -677.19658133      28       0      29
  734     22.46601902   -241.66524435   -677.19658132      37       0      25
  735     32.20492151   -223.71403676   -677.19658132      32       0      32
  736 53765544.30200700 1203437484.80260229   -677.19658133      33       0      26
  737     33.23792670   -265.17660194   -677.19658132      28       0      34
  738     34.20493410   -207.18315008   -677.19658132      33       0      42
  739   2135.42618721  47123.05755569   -677.19658132      47       0      32
  740     36.25448747   -159.65154284   -677.19658133      44       0      33
  741 48564758.66056275 1087027919.58938861   -677.19658132      40       0      41
  742 5356178.89355155 119859750.40616821   -677.19658133      48       0      30
  743     16.95795628   -411.27419662   -677.19658133      42       0      35
  744     11.93928418   -524.98729972   -677.19658132      41       0      20
  745     20.16607461   -273.21169123   -677.19658133      30       0      23
  746     39.15166891     -8.92789245   -677.19658132      28       0      25
  747     14.10015833   -450.95856289   -677.19658133      25       0      19
  748     17.03183095   -448.08160282   -677.19658132      24       0      24
  749     13.03395512   -470.93137239   -677.19658132      28       0      21
  750     37.36219588   -143.85895280   -677.19658132      21       0      34
  751     24.97761949   -252.92224305   -677.19658133      38       0      28
  752     17.82097108   -410.13795255   -677.19658132      29       0      31
  753     22.19683806   -249.07425013   -677.19658133      32       0      26
  754     14.87913866   -472.03166580   -677.19658133      34       0      28
  755     37.10491025   -140.81066636   -677.19658132      34       0      40
  756     31.59241961    -92.09373038   -677.19658133      44       0      36
  757     11.71004715   -603.02997821   -677.19658133      46       0      29
  758 308535252.45243168 6905966732.43991470   -677.19658132      37       0      43
  759     11.58619054   -593.71690738   -677.19658132      52       0      29
  760 30626257.95353948 685509128.83822691   -677.19658132      38       0      38
  761     31.48141246    -64.98723334   -677.19658133      44       0      22
  762     32.96277904   -169.88279975   -677.19658132      30       0      25
  763     15.47975193   -413.59035350   -677.19658133      32       0      24
  764     20.96343902   -246.83574479   -677.19658133      29       0      18
  765 145262.26641819 3250743.64029655   -677.19658132      23       0      25
  766     23.61464936   -207.02962956   -677.19658132      26       0      21
  767 19425059.01906211 434791861.44425631   -677.19658132      27       0      35
  768     19.85578613   -315.83151477   -677.19658133      35       0      25
  769     30.97677150   -163.87722732   -677.19658132      32       0      29
  770     29.13600043   -202.54420974   -677.19658132      36       0      30
  771     23.66868111   -194.89520600   -677.19658132      33       0      26
  772 3733622.04729841 83569266.81942828   -677.19658132      33       0      36
  773 12276015.55943866 274774292.97994798   -677.19658132      37       0      37
  774     20.81556918   -293.61443792   -677.19658133      47       0      27
  775     32.53606888   -131.00726132   -677.19658133      33       0      43
  776 834854.05988542 13559356.08119832   -677.19658133      48       0      36
  777     24.53276674   -262.27736734   -677.19658133      44       0      31
  778     12.75996342   -568.92062093   -677.19658132      37       0      28
  779     24.49202990   -251.54044637   -677.19658132      31       0      24
  780 3186096.19732791 71313953.16909198   -677.19658133      29       0      25
  781      9.53566923   -599.19825271   -677.19658133      28       0      20
  782     19.12389980   -377.78622337   -677.19658133      27       0      22
  783     15.80131719   -394.65481107   -677.19658132      22       0      23
  784     14.45849296   -512.62611900   -677.19658133      23       0      31
  785     21.81899026   -249.02858113   -677.19658133      33       0      26
  786 1468359.75936002 32865770.30264388   -677.19658132      31       0      32
  787 46626472.82497723 1043643120.90984678   -677.19658132      35       0      27
  788     18.61900690   -358.75316615   -677.19658132      33       0      28
  789     27.94212300   -255.22523083   -677.19658133      32       0      32
  790 440335.32454242 8616227.78761898   -677.19658133      38       0      37
  791     23.89089829   -333.94962378   -677.19658132      40       0      30
  792     26.56541666   -201.87222017   -677.19658133      40       0      40
  793     39.84729754   -159.41428078   -677.19658133      44       0      39
  794     22.12743573   -270.15363410   -677.19658133      46       0      32
  795 12404635.41374665 277653200.19541079   -677.19658133      38       0      30
  796     39.05477220   -131.41180462   -677.19658132      38       0      22
  797     10.77672341   -597.63803748   -677.19658132      32       0      24
  798     41.59169221   -137.76716605   -677.19658133      26       0      22
  799 9980871.96630641 223401923.96678808   -677.19658133      25       0      25
  800     18.71903528   -400.26527645   -677.19658132      27       0      22
  801     24.52054853   -358.16666528   -677.19658133      21       0      27
  802     23.65528687   -283.84162306   -677.19658132      27       0      29
  803     27.60980975   -187.20649137   -677.19658133      35       0      29
  804     24.63525511   -187.20649137   -677.19658132      31       0      25
  805     18.74577272   -422.26615424   -677.19658132      31       0      30
  806     27.74672129   -178.38853898   -677.19658132      36       0      31
  807     25.95435969   -196.72087712   -677.19658133      38       0      35
  808     28.41069981   -330.72616508   -677.19658132      44       0      34
  809     34.88029237   -179.33919127   -677.19658133      36       0      35
  810     35.43946339   -153.68102576   -677.19658132      40       0      42
  811     19.71380457   -330.99744635   -677.19658133      49       0      29
  812     31.02197496   -151.09762634   -677.19658133      51       0      35
  813     13.59632743   -504.61161585   -677.19658132      37       0      24
  814     20.54447448   -332.77695348   -677.19658133      33       0      23
  815  25677.26584116 574061.66518265   -677.19658133      26       0      23
  816     23.57551261   -297.86434225   -677.19658133      29       0      27
  817     15.59849889   -454.15163186   -677.19658133      25       0      20
  818     27.94440806   -142.22587049   -677.19658132      26       0      24
  819     21.24901643   -288.56097128   -677.19658133      30       0      30
  820     28.39084056   -260.77267033   -677.19658132      32       0      30
  821     17.71503124   -385.17359193   -677.19658133      37       0      23
  822     35.78341823   -123.18389183   -677.19658133      33       0      24
  823     22.47245061   -269.99811437   -677.19658132      32       0      36
  824     22.13375823   -376.49296813   -677.19658133      43       0      34
  825     23.41989461   -322.56514580   -677.19658132      38       0      37
  826    843.58143660  18200.30876325   -677.19658133      40       0      31
  827     19.80392633   -336.86520959   -677.19658132      44       0      33
  828     28.90736680   -210.45180499   -677.19658133      36       0      43
  829     40.09815495   -230.96756560   -677.19658133      53       0      30
  830     22.26135140   -349.69507575   -677.19658133      38       0      29
  831     23.92213836   -218.85869372   -677.19658133      40       0      21
  832     12.93085628   -565.88873117   -677.19658133      26       0      28
  833     10.51871382   -592.64201236   -677.19658132      34       0      23
  834      9.84452962   -591.01675198   -677.19658133      31       0      17
  835     16.23064014   -370.13419056   -677.19658133      22       0      26
  836     22.18918487   -259.90914591   -677.19658133      28       0      29
  837     27.58391101   -271.26399244   -677.19658133      31       0      25
  838     27.01003665   -272.22272877   -677.19658133      27       0      27
  839     19.48043991   -300.78002922   -677.19658133      30       0      24
  840     24.10188211   -212.52252999   -677.19658133      26       0      37
  841     20.27626628   -358.51079413   -677.19658133      38       0      38
  842  16647.17731772 371941.06771065   -677.19658133      43       0      27
  843     27.40755711   -239.28742361   -677.19658133      37       0      38
  844 701303.63569859 15390709.72066643   -677.19658133      45       0      32
  845     25.95477795   -235.91924713   -677.19658133      37       0      38
  846     30.47175707   -174.38527544   -677.19658132      41       0      34
  847     29.23312429   -147.62843093   -677.19658133      45       0      29
  848 186972.58610248 4115773.34681496   -677.19658132      41       0      24
  849     17.49716071   -337.74374890   -677.19658133      28       0      23
  850     26.40935107   -329.52518778   -677.19658133      25       0      28
  851     23.19218860   -284.00006080   -677.19658133      33       0      19
  852     23.03208882   -282.60455735   -677.19658133      24       0      26
  853     30.08912791    -54.44927950   -677.19658133      27       0      28
  854     11.71424298   -571.71710976   -677.19658133      32       0      24
  855     17.48707115   -355.12159867   -677.19658133      28       0      29
  856     19.25783277   -295.11413423   -677.19658133      30       0      23
  857     33.41416257   -173.75864939   -677.19658133      24       0      35
  858     39.57513856   -112.14505917   -677.19658133      40       0      32
  859     41.77887750   -111.95952704   -677.19658133      37       0      33
  860     30.60107688   -169.60667699   -677.19658133      41       0      36
  861     28.89198809    -85.88758514   -677.19658133      42       0      32
  862 49121187.60440535 1099482506.61627078   -677.19658133      38       0      39
  863     20.69713087   -423.70918061   -677.19658132      44       0      30
  864     32.30587668   -261.57746476   -677.19658133      44       0      36
  865     29.97984875   -140.02952558   -677.19658133      45       0      24
  866     11.41669604   -554.37190714   -677.19658133      33       0      23
  867 3836565.76145290 85873464.53121857   -677.19658133      25       0      26
  868     25.20853266   -250.19505250   -677.19658133      27       0      22
  869     32.32757696   -172.92047969   -677.19658133      30       0      24
  870     17.68217813   -398.52756951   -677.19658133      27       0      29
  871     17.02479016   -424.80226369   -677.19658133      29       0      25
  872 12681740.54756431 283855664.58438522   -677.19658133      33       0      30
  873     22.42876117   -224.36187727   -677.19658133      35       0      18
  874     23.08038009   -224.35465067   -677.19658133      21       0      33
  875     43.11226585   -194.84055670   -677.19658133      35       0      34
  876     31.26064256   -291.83096846   -677.19658133      40       0      32
  877     22.14142812   -317.93894907   -677.19658133      35       0      39
  878     13.81997194   -517.29083378   -677.19658133      43       0      27
  879     18.63170572   -378.93113032   -677.19658133      38       0      39
  880     22.94777432   -249.59563781   -677.19658132      44       0      30
  881     32.40017415   -220.68360483   -677.19658133      35       0      35
  882 12100591.17544763 270847755.85134280   -677.19658133      41       0      31
  883     11.01246828   -605.24539903   -677.19658132      36       0      25
  884     13.48920967   -484.52016751   -677.19658133      31       0      22
  885      9.66651687   -609.63817216   -677.19658132      26       0      24
  886     20.28258636   -286.52285821   -677.19658133      24       0      23
  887     20.68747684   -267.55931929   -677.19658133      26       0      27
  888 47175833.00424055 1055939490.50759399   -677.19658133      29       0      26
  889     23.82530700   -270.09454668   -677.19658133      28       0      33
  890     12.38802438   -508.85646198   -677.19658133      39       0      17
  891     14.78352944   -474.13942430   -677.19658133      23       0      30
  892     30.57685930   -189.99215545   -677.19658133      32       0      34
  893     31.41985603   -267.04273279   -677.19658133      35       0      33
  894     14.16453828   -584.21523732   -677.19658133      38       0      36
  895     29.49592411   -173.45674743   -677.19658133      42       0      31
  896 436557612.56146270 9771500698.64358521   -677.19658133      41       0      37
  897     34.74053707     57.71529106   -677.19658133      46       0      29
  898     26.95882042   -189.25153442   -677.19658133      29       0      38
  899     27.17988753   -175.43086861   -677.19658133      43       0      32
  900     30.99944525   -214.64274540   -677.19658133      38       0      24
  901     11.35604251   -559.21620061   -677.19658133      31       0      24
  902     12.01030060   -599.37676991   -677.19658133      29       0      24
  903     12.25305440   -527.15507601   -677.19658133      30       0      24
  904     10.44791927   -608.59302401   -677.19658133      28       0      24
  905 35932566.13083663 804280615.07129753   -677.19658133      27       0      26
  906     30.45482559   -262.52579665   -677.19658133      29       0      31
  907     21.32872431   -388.50309916   -677.19658133      33       0      20
  908     38.72900747   -256.02814999   -677.19658133      27       0      31
  909     22.00957080   -294.11018918   -677.19658133      36       0      30
  910     18.59492155   -390.92152809   -677.19658133      36       0      34
  911     16.32386235   -417.36961171   -677.19658133      35       0      31
  912     16.92231873   -385.24677516   -677.19658133      33       0      33
  913     22.32507704   -315.64700258   -677.19658133      36       0      43
  914     33.30481799   -125.79944656   -677.19658133      48       0      28
  915     39.45370086   -179.96167341   -677.19658133      35       0      32
  916     21.62002586   -311.59754353   -677.19658133      41       0      32
  917 62462058.43488207 1398092207.49098539   -677.19658133      39       0      30
  918   2968.52238058  65769.53832932   -677.19658133      33       0      25
  919     24.93667908   -179.20276944   -677.19658133      29       0      22
  920     28.07801571   -260.74595427   -677.19658133      25       0      25
  921     10.73247750   -595.01670354   -677.19658133      28       0      24
  922     11.07311100   -607.65409323   -677.19658133      26       0      26
  923     27.48223225   -276.35354321   -677.19658133      30       0      27
  924     21.02373093   -296.95536282   -677.19658133      33       0      22
  925     19.29433881   -342.91456222   -677.19658132      22       0      31
  926     20.83465879   -351.66094473   -677.19658133      38       0      33
  927     33.42501470   -163.02881154   -677.19658133      39       0      33
  928     27.95530155   -169.47606819   -677.19658133      42       0      32
  929   3376.29912539  74897.37513474   -677.19658133      37       0      30
  930 22628315.50463336 506490589.45332903   -677.19658133      38       0      39
  931     30.78318218   -246.29170914   -677.19658132      44       0      29
  932     14.22841370   -538.23282855   -677.19658133      43       0      35
  933     21.25471196   -381.51724746   -677.19658133      38       0      32
  934     18.54936126   -354.12613690   -677.19658133      40       0      31
  935     20.45449057   -382.51665499   -677.19658133      37       0      27
  936     20.90872281   -261.16805151   -677.19658133      29       0      20
  937     23.89011138   -205.67235847   -677.19658133      27       0      26
  938     14.88083086   -498.69185365   -677.19658133      29       0      25
  939     35.19493063   -168.60343735   -677.19658133      25       0      22
  940     17.95009816   -354.67876196   -677.19658133      24       0      29
  941     10.27600411   -583.63075113   -677.19658133      28       0      21
  942 72216489.28870231 1616426354.11867332   -677.19658133      26       0      32
  943     25.46906358   -163.16229323   -677.19658133      34       0      29
  944     26.35729012   -188.42852994   -677.19658132      31       0      29
  945     30.26355604   -235.63787011   -677.19658132      33       0      37
  946     33.68434081   -154.04698832   -677.19658133      40       0      29
  947     22.33622522   -293.99145867   -677.19658133      36       0      38
  948     37.09922250   -141.96305429   -677.19658133      43       0      36
  949  33189.59900154 742211.22703327   -677.19658132      44       0      31
  950     25.80502500   -212.92588241   -677.19658132      33       0      31
  951 50559300.24769073 1131671890.51304960   -677.19658132      37       0      34
  952     24.07563629   -337.48803921   -677.19658132      43       0      27
  953     29.01560937   -222.28515284   -677.19658133      33       0      22
  954     23.02874629   -286.23712041   -677.19658132      26       0      27
  955     28.70826805   -237.50252011   -677.19658132      30       0      24
  956     18.38237279   -352.03613184   -677.19658133      32       0      24
  957     12.48353208   -530.94332168   -677.19658132      30       0      26
  958     30.35892823   -194.78549205   -677.19658132      32       0      21
  959     28.90779404   -194.37003305   -677.19658132      20       0      34
  960     27.90991070   -297.71860559   -677.19658132      38       0      25
  961     23.41608781   -202.90976900   -677.19658133      33       0      29
  962     29.41729005   -232.62805097   -677.19658133      35       0      36
  963     17.43357853   -398.22610692   -677.19658132      43       0      29
  964     48.82419449   -116.97912443   -677.19658133      37       0      37
  965     29.00635211   -247.16748739   -677.19658133      43       0      38
  966     13.06383862   -593.64339330   -677.19658133      41       0      33
  967     30.71459559   -148.44763856   -677.19658132      41       0      23
  968     28.49879220   -165.48293293   -677.19658133      31       0      41
  969     27.86566831   -206.00275959   -677.19658133      42       0      26
  970     11.47368691   -578.06748533   -677.19658133      30       0      24
  971     29.85281606   -220.31546778   -677.19658133      28       0      22
  972     26.34556385   -255.11491425   -677.19658133      25       0      26
  973     15.79878560   -410.53924959   -677.19658133      29       0      26
  974 16095813.24014514 288380289.54458696   -677.19658133      28       0      29
  975     18.60899430   -328.77564102   -677.19658133      28       0      19
  976     35.15277532   -210.48519419   -677.19658132      25       0      30
  977     28.43827564   -206.03499681   -677.19658133      33       0      25
  978     16.44561445   -419.12591222   -677.19658133      29       0      30
  979     19.54297510   -316.55101789   -677.19658133      36       0      34
  980     13.38202949   -558.92464447   -677.19658133      40       0      31
  981     23.05820593   -328.73281188   -677.19658132      35       0      38
  982     13.81142505   -582.32263734   -677.19658132      44       0      34
  983     27.33683433   -321.97052469   -677.19658133      44       0      37
  984     25.43439226   -199.06005969   -677.19658133      47       0      26
  985     24.91223130   -215.79980476   -677.19658133      38       0      39
  986     12.43160278   -587.88732497   -677.19658133      43       0      26
  987     18.22049579   -340.26773476   -677.19658133      40       0      26
  988     22.21064799   -264.65276285   -677.19658133      31       0      22
  989     30.71579048   -165.70333489   -677.19658133      26       0      26
  990     16.17220355   -413.55151807   -677.19658133      30       0      26
  991     24.85589987   -190.63825035   -677.19658132      29       0      27
  992      8.61828818   -611.08595207   -677.19658132      30       0      18
  993     26.94168021   -191.95755786   -677.19658133      23       0      33
  994     11.38111759   -566.30674529   -677.19658133      34       0      20
  995     11.25171965   -593.09604160   -677.19658132      27       0      31
  996 4211139.08736024 94257566.17346111   -677.19658132      34       0      34
  997     11.78991738   -598.52233313   -677.19658133      38       0      30
  998  15922.72125531 355726.90287577   -677.19658133      40       0      35
  999     34.74514748   -118.94423903   -677.19658133      37       0      36
 1000     21.37929545   -399.85234898   -677.19658132      39       0      33
----------------------------------------------------------------------------------
Artificial Bee Colony Optimization Finished!

 -- Results Report --
 * 100 LMs will be saved in [ mixture-LM ].
      #          Energy
      0   -677.19658133
      1   -676.92221518
      2   -676.80264049
      3   -676.70006231
      4   -676.62683395
      5   -676.53238750
      6   -676.51072691
      7   -676.48686695
      8   -676.37019249
      9   -675.94733454
     10   -675.91170003
     11   -675.78943798
     12   -675.70900024
     13   -675.70454722
     14   -675.61793191
     15   -675.42586193
     16   -675.41604606
     17   -675.41174832
     18   -675.41139293
     19   -675.30678603
     20   -675.03762189
     21   -674.91668478
     22   -674.84259915
     23   -674.84204912
     24   -674.76065876
     25   -674.71422480
     26   -674.60381872
     27   -674.56564195
     28   -674.52510568
     29   -674.51362613
     30   -674.41964513
     31   -674.36648402
     32   -674.36472667
     33   -674.17430245
     34   -674.12723116
     35   -674.02630708
     36   -673.99749566
     37   -673.72851905
     38   -673.66584315
     39   -673.60001831
     40   -673.57212108
     41   -673.55640575
     42   -673.48329674
     43   -673.46771932
     44   -673.46432193
     45   -673.44080899
     46   -673.43157362
     47   -673.36441714
     48   -673.36129121
     49   -673.33139238
     50   -673.31804409
     51   -673.31129375
     52   -673.30011981
     53   -673.21646524
     54   -673.09265485
     55   -673.07336987
     56   -673.04867663
     57   -673.01003100
     58   -672.96068747
     59   -672.95372327
     60   -672.94674954
     61   -672.94155302
     62   -672.90758280
     63   -672.86287286
     64   -672.80733593
     65   -672.75508854
     66   -672.75323752
     67   -672.74771778
     68   -672.71287305
     69   -672.62223799
     70   -672.60363735
     71   -672.56972786
     72   -672.52764777
     73   -672.50849930
     74   -672.49246612
     75   -672.40955605
     76   -672.39944567
     77   -672.37179386
     78   -672.30579439
     79   -672.29773269
     80   -672.28986124
     81   -672.28845600
     82   -672.21496813
     83   -672.15472923
     84   -671.97612396
     85   -671.93534336
     86   -671.92338098
     87   -671.90312442
     88   -671.88568947
     89   -671.86992354
     90   -671.83487293
     91   -671.81570895
     92   -671.79184363
     93   -671.70409508
     94   -671.66452164
     95   -671.64266986
     96   -671.59727944
     97   -671.59317001
     98   -671.56170936
     99   -671.55999670

 * Final Global Minimal Energy:   -677.19658133
 * The Global Minimum is saved as: [ mixture-OPT.(cluster/xyz/gjf) ]

===== (^ _ ^) =====
Normal termination at Thu May  9 19:46:37 2019.
Total run time: 12785 seconds = 0 days 3 hours 33 minutes 5 seconds.
