    * * * * * * * * * * * * * * * * * * * * *
    *       __    ____    ______            *
    *      /  \  |  _ \  |  ___/  luster !  *
     *    / _  \ | |_| | | |               *
     *   / /_\ | |  _ <  | |     < @  @ >  * 
     *  / ___  | | |_| | | |___ _ _  o     * 
    *  /_/   |_| |____/  |_____ _ __ __  _  *
    *                                       *
    * * * * * * * * * * * * * * * * * * * * *

ABCluster 1.5.1
Specific flag:  official version
Platform:       LINUX/UNIX
Compiled by:    junzhang@gellmann.scs.illinois.edu
Compiling date: Dec 18 2017 20:33:35
C++ compiler:   g++
C++ options:    -O3 -Os -fno-exceptions --std=c++0x -fopenmp 

Contributors:
Jun Zhang(University of Cologne): Design and coding.

For any suggestions, comments, and questions on the theory and
implementation of ABCluster, please feel free to contact:

Dr. Jun Zhang, ZhangJunQcc@gmail.com

If you used this program in your work, please cite this reference:

[1] Zhang, J.; Dolg, M.; ABCluster: The Artificial Bee Colony Algorithm for
    Cluster Global Optimization. Phys. Chem. Chem. Phys. 2015, 17, 24173-24181.
[2] Zhang, J.; Dolg, M.; Global Optimization of Clusters of Rigid Molecules by the
    Artificial Bee Colony Algorithm. Phys. Chem. Chem. Phys. 2016, 18, 3003-3010.

Program starts at Fri Sep 14 16:19:11 2018.
Command line: " /ihome/jkeith/yab16/ABC/ABCluster-Linux/lib/rigidmol-optimizer h_1_waters.inp "
Process ID:   234063
Run by:       yab16@smp-n42.crc.pitt.edu
Available CPU cores:    24
Read "OMP_NUM_THREADS": Unset

Random number testing (integers): 1565129086...503683758
Random number testing (fractals): 0.16315675...0.58214810

 -- Input/Output Parameters --
Input file name:      h_1_waters.inp
Cluster file name:    input.cluster
Result file name:     h_1_waters.(cluster/xyz/gjf)
Temporary file name:  abclusteryab16smp-n42.crc.pitt.edu234063-OPT
# of saved LMs:       100
LMs are stored in:    h_1_waters-LM

 -- ABC Control Parameters --
Population size:                  500
Maximal generation:              1000
Scout limit:                       15
Amplitude:                 5.00000000

 -- Cluster Components: from [ input.cluster ] --
 -----------------------------------------------------------
   Source                                       #   Charge
 -----------------------------------------------------------
   /ihome/jkeith/yab16/ABC/ABCluster-Linux-0/rigidmolecularcluster/charmm36/tip4p.xyz     1    0.000
   /ihome/jkeith/yab16/ABC/ABCluster-Linux-0/rigidmolecularcluster/charmm36/h.xyz     1    1.000
 -----------------------------------------------------------
   Dimension: 0, an isolate cluster.
 -----------------------------------------------------------

Artificial Bee Colony Optimization Starts!
----------------------------------------------------------------------------------
 * Population: 500; Maximal cycles: 1000
 * EM = Employed Bee; Trigonometric mutation
 * OL = Onlooker Bee; ABC/best/2(0.5)+ABC/current/2(0.5);
        Tournament selection from 5 nectars.
 * SC = Scout Bee; Random nectar; Limit = 15
----------------------------------------------------------------------------------
    #       Diversity            maxE            minE    byEM    byOL    bySC
----------------------------------------------------------------------------------
    1      0.00000000   -237.44692546   -237.44692546      14       0       0
    2      0.00000000   -237.44692546   -237.44692546       0       0       0
    3      0.00000000   -237.44692546   -237.44692546       0       0       0
    4      0.00000000   -237.44692546   -237.44692546       0       0       0
    5      0.00000000   -237.44692546   -237.44692546       0       0       0
    6      0.00000000   -237.44692546   -237.44692546       0       0       0
    7      0.00000000   -237.44692546   -237.44692546       0       0       0
    8      0.00000000   -237.44692546   -237.44692546       0       0       0
    9      0.00000000   -237.44692546   -237.44692546       0       0       0
   10      0.00000000   -237.44692546   -237.44692546       0       0       0
   11      0.00000000   -237.44692546   -237.44692546       0       0       0
   12      0.00000000   -237.44692546   -237.44692546       0       0       0
   13      0.00000000   -237.44692546   -237.44692546       0       0       0
   14      0.00000000   -237.44692546   -237.44692546       0       0       0
   15      0.00000000   -237.44692546   -237.44692546       0       0       0
   16      0.00000000   -237.44692546   -237.44692546       0       0       0
   17     17.63668682    -46.98543531   -237.44692546       0       0     486
   18      0.00000000   -237.44692546   -237.44692546      10       0      14
   19      0.00000000   -237.44692546   -237.44692546       0       0       0
   20      0.00000000   -237.44692546   -237.44692546       0       0       0
   21      0.00000000   -237.44692546   -237.44692546       0       0       0
   22      0.00000000   -237.44692546   -237.44692546       0       0       0
   23      0.00000000   -237.44692546   -237.44692546       0       0       0
   24      0.00000000   -237.44692546   -237.44692546       0       0       0
   25      0.00000000   -237.44692546   -237.44692546       0       0       0
   26      0.00000000   -237.44692546   -237.44692546       0       0       0
   27      0.00000000   -237.44692546   -237.44692546       0       0       0
   28      0.00000000   -237.44692546   -237.44692546       0       0       0
   29      0.00000000   -237.44692546   -237.44692546       0       0       0
   30      0.00000000   -237.44692546   -237.44692546       0       0       0
   31      0.00000000   -237.44692546   -237.44692546       0       0       0
   32      0.00000000   -237.44692546   -237.44692546       0       0       0
   33     15.84834208    -46.24297582   -237.44692546       0       0     476
   34      5.02971502   -124.86644180   -237.44692546       7       0      24
   35      0.00000000   -237.44692546   -237.44692546       1       0       0
   36      0.00000000   -237.44692546   -237.44692546       0       0       0
   37      0.00000000   -237.44692546   -237.44692546       0       0       0
   38      0.00000000   -237.44692546   -237.44692546       0       0       0
   39      0.00000000   -237.44692546   -237.44692546       0       0       0
   40      0.00000000   -237.44692546   -237.44692546       0       0       0
   41      0.00000000   -237.44692546   -237.44692546       0       0       0
   42      0.00000000   -237.44692546   -237.44692546       0       0       0
   43      0.00000000   -237.44692546   -237.44692546       0       0       0
   44      0.00000000   -237.44692546   -237.44692546       0       0       0
   45      0.00000000   -237.44692546   -237.44692546       0       0       0
   46      0.00000000   -237.44692546   -237.44692546       0       0       0
   47      0.00000000   -237.44692546   -237.44692546       0       0       0
   48      0.00000000   -237.44692546   -237.44692546       0       0       0
   49     11.34928293    -96.18611155   -237.44692546       0       0     469
   50      4.41603402   -138.60391553   -237.44692546      11       0      30
   51      0.00000000   -237.44692546   -237.44692546       2       0       1
   52      0.00000000   -237.44692546   -237.44692546       0       0       0
   53      0.00000000   -237.44692546   -237.44692546       0       0       0
   54      0.00000000   -237.44692546   -237.44692546       0       0       0
   55      0.00000000   -237.44692546   -237.44692546       0       0       0
   56      0.00000000   -237.44692546   -237.44692546       0       0       0
   57      0.00000000   -237.44692546   -237.44692546       0       0       0
   58      0.00000000   -237.44692546   -237.44692546       0       0       0
   59      0.00000000   -237.44692546   -237.44692546       0       0       0
   60      0.00000000   -237.44692546   -237.44692546       0       0       0
   61      0.00000000   -237.44692546   -237.44692546       0       0       0
   62      0.00000000   -237.44692546   -237.44692546       0       0       0
   63      0.00000000   -237.44692546   -237.44692546       0       0       0
   64      0.00000000   -237.44692546   -237.44692546       0       0       0
   65     11.36164686    -33.54077218   -237.44692546       0       0     458
   66      5.67011767   -111.86256114   -237.44692546       9       0      39
   67      0.00000000   -237.44692546   -237.44692546       3       0       3
   68      0.00000000   -237.44692546   -237.44692546       0       0       0
   69      0.00000000   -237.44692546   -237.44692546       0       0       0
   70      0.00000000   -237.44692546   -237.44692546       0       0       0
   71      0.00000000   -237.44692546   -237.44692546       0       0       0
   72      0.00000000   -237.44692546   -237.44692546       0       0       0
   73      0.00000000   -237.44692546   -237.44692546       0       0       0
   74      0.00000000   -237.44692546   -237.44692546       0       0       0
   75      0.00000000   -237.44692546   -237.44692546       0       0       0
   76      0.00000000   -237.44692546   -237.44692546       0       0       0
   77      0.00000000   -237.44692546   -237.44692546       0       0       0
   78      0.00000000   -237.44692546   -237.44692546       0       0       0
   79      0.00000000   -237.44692546   -237.44692546       0       0       0
   80      0.00000000   -237.44692546   -237.44692546       0       0       0
   81     21.81845378    -20.73090516   -237.44692546       0       0     449
   82      7.62310993    -66.81829130   -237.44692546      12       0      45
   83      0.00000000   -237.44692546   -237.44692546       1       0       6
   84      0.00000000   -237.44692546   -237.44692546       0       0       0
   85      0.00000000   -237.44692546   -237.44692546       0       0       0
   86      0.00000000   -237.44692546   -237.44692546       0       0       0
   87      0.00000000   -237.44692546   -237.44692546       0       0       0
   88      0.00000000   -237.44692546   -237.44692546       0       0       0
   89      0.00000000   -237.44692546   -237.44692546       0       0       0
   90      0.00000000   -237.44692546   -237.44692546       0       0       0
   91      0.00000000   -237.44692546   -237.44692546       0       0       0
   92      0.00000000   -237.44692546   -237.44692546       0       0       0
   93      0.00000000   -237.44692546   -237.44692546       0       0       0
   94      0.00000000   -237.44692546   -237.44692546       0       0       0
   95      0.00000000   -237.44692546   -237.44692546       0       0       0
   96      0.00000000   -237.44692546   -237.44692546       0       0       0
   97     13.71065957    -64.72242727   -237.44692546       0       0     437
   98     11.83585159    -68.24875637   -237.44692546       6       0      56
   99      0.00000000   -237.44692546   -237.44692546       5       0       7
  100      0.00000000   -237.44692546   -237.44692546       0       0       0
  101      0.00000000   -237.44692546   -237.44692546       0       0       0
  102      0.00000000   -237.44692546   -237.44692546       0       0       0
  103      0.00000000   -237.44692546   -237.44692546       0       0       0
  104      0.00000000   -237.44692546   -237.44692546       0       0       0
  105      0.00000000   -237.44692546   -237.44692546       0       0       0
  106      0.00000000   -237.44692546   -237.44692546       0       0       0
  107      0.00000000   -237.44692546   -237.44692546       0       0       0
  108      0.00000000   -237.44692546   -237.44692546       0       0       0
  109      0.00000000   -237.44692546   -237.44692546       0       0       0
  110      0.00000000   -237.44692546   -237.44692546       0       0       0
  111      0.00000000   -237.44692546   -237.44692546       0       0       0
  112      0.00000000   -237.44692546   -237.44692546       0       0       0
  113     10.52991649    -52.60208511   -237.44692546       0       0     430
  114      0.00000000   -237.44692546   -237.44692546       8       0      59
  115      0.00000000   -237.44692546   -237.44692546       0       0      11
  116      0.00000000   -237.44692546   -237.44692546       0       0       0
  117      0.00000000   -237.44692546   -237.44692546       0       0       0
  118      0.00000000   -237.44692546   -237.44692546       0       0       0
  119      0.00000000   -237.44692546   -237.44692546       0       0       0
  120      0.00000000   -237.44692546   -237.44692546       0       0       0
  121      0.00000000   -237.44692546   -237.44692546       0       0       0
  122      0.00000000   -237.44692546   -237.44692546       0       0       0
  123      0.00000000   -237.44692546   -237.44692546       0       0       0
  124      0.00000000   -237.44692546   -237.44692546       0       0       0
  125      0.00000000   -237.44692546   -237.44692546       0       0       0
  126      0.00000000   -237.44692546   -237.44692546       0       0       0
  127      0.00000000   -237.44692546   -237.44692546       0       0       0
  128      0.00000000   -237.44692546   -237.44692546       0       0       0
  129     10.29401366    -80.45244239   -237.44692546       0       0     422
  130      9.83801939    -50.51100320   -237.44692546       5       0      67
  131      0.00000000   -237.44692546   -237.44692546       3       0      11
  132      0.00000000   -237.44692546   -237.44692546       0       0       0
  133      0.00000000   -237.44692546   -237.44692546       0       0       0
  134      0.00000000   -237.44692546   -237.44692546       0       0       0
  135      0.00000000   -237.44692546   -237.44692546       0       0       0
  136      0.00000000   -237.44692546   -237.44692546       0       0       0
  137      0.00000000   -237.44692546   -237.44692546       0       0       0
  138      0.00000000   -237.44692546   -237.44692546       0       0       0
  139      0.00000000   -237.44692546   -237.44692546       0       0       0
  140      0.00000000   -237.44692546   -237.44692546       0       0       0
  141      0.00000000   -237.44692546   -237.44692546       0       0       0
  142      0.00000000   -237.44692546   -237.44692546       0       0       0
  143      0.00000000   -237.44692546   -237.44692546       0       0       0
  144      0.00000000   -237.44692546   -237.44692546       0       0       0
  145     14.51785377    -51.10318800   -237.44692546       0       0     417
  146      5.31726576   -118.76772581   -237.44692546       5       0      69
  147      0.00000000   -237.44692546   -237.44692546       2       0      14
  148      0.00000000   -237.44692546   -237.44692546       0       0       0
  149      0.00000000   -237.44692546   -237.44692546       0       0       0
  150      0.00000000   -237.44692546   -237.44692546       0       0       0
  151      0.00000000   -237.44692546   -237.44692546       0       0       0
  152      0.00000000   -237.44692546   -237.44692546       0       0       0
  153      0.00000000   -237.44692546   -237.44692546       0       0       0
  154      0.00000000   -237.44692546   -237.44692546       0       0       0
  155      0.00000000   -237.44692546   -237.44692546       0       0       0
  156      0.00000000   -237.44692546   -237.44692546       0       0       0
  157      0.00000000   -237.44692546   -237.44692546       0       0       0
  158      0.00000000   -237.44692546   -237.44692546       0       0       0
  159      0.00000000   -237.44692546   -237.44692546       0       0       0
  160      0.00000000   -237.44692546   -237.44692546       0       0       0
  161      9.97752338    -45.52557599   -237.44692546       0       0     412
  162      6.48135760    -92.37421840   -237.44692546       6       0      72
  163      0.00000000   -237.44692546   -237.44692546       1       0      16
  164      0.00000000   -237.44692546   -237.44692546       0       0       0
  165      0.00000000   -237.44692546   -237.44692546       0       0       0
  166      0.00000000   -237.44692546   -237.44692546       0       0       0
  167      0.00000000   -237.44692546   -237.44692546       0       0       0
  168      0.00000000   -237.44692546   -237.44692546       0       0       0
  169      0.00000000   -237.44692546   -237.44692546       0       0       0
  170      0.00000000   -237.44692546   -237.44692546       0       0       0
  171      0.00000000   -237.44692546   -237.44692546       0       0       0
  172      0.00000000   -237.44692546   -237.44692546       0       0       0
  173      0.00000000   -237.44692546   -237.44692546       0       0       0
  174      0.00000000   -237.44692546   -237.44692546       0       0       0
  175      0.00000000   -237.44692546   -237.44692546       0       0       0
  176      0.00000000   -237.44692546   -237.44692546       0       0       0
  177      4.42695131   -157.86625479   -237.44692546       0       0     406
  178      7.28047543    -74.55327902   -237.44692546       5       0      77
  179      9.19615236    -31.60876625   -237.44692546       3       0      17
  180      0.00000000   -237.44692546   -237.44692546       1       0       0
  181      0.00000000   -237.44692546   -237.44692546       0       0       0
  182      0.00000000   -237.44692546   -237.44692546       0       0       0
  183      0.00000000   -237.44692546   -237.44692546       0       0       0
  184      0.00000000   -237.44692546   -237.44692546       0       0       0
  185      0.00000000   -237.44692546   -237.44692546       0       0       0
  186      0.00000000   -237.44692546   -237.44692546       0       0       0
  187      0.00000000   -237.44692546   -237.44692546       0       0       0
  188      0.00000000   -237.44692546   -237.44692546       0       0       0
  189      0.00000000   -237.44692546   -237.44692546       0       0       0
  190      0.00000000   -237.44692546   -237.44692546       0       0       0
  191      0.00000000   -237.44692546   -237.44692546       0       0       0
  192      0.00000000   -237.44692546   -237.44692546       0       0       0
  193     15.47185449    -44.81192593   -237.44692546       0       0     401
  194      0.00000000   -237.44692546   -237.44692546       8       0      79
  195      4.32415131   -140.65912646   -237.44692546       0       0      19
  196      0.00000000   -237.44692546   -237.44692546       1       0       1
  197      0.00000000   -237.44692546   -237.44692546       0       0       0
  198      0.00000000   -237.44692546   -237.44692546       0       0       0
  199      0.00000000   -237.44692546   -237.44692546       0       0       0
  200      0.00000000   -237.44692546   -237.44692546       0       0       0
  201      0.00000000   -237.44692546   -237.44692546       0       0       0
  202      0.00000000   -237.44692546   -237.44692546       0       0       0
  203      0.00000000   -237.44692546   -237.44692546       0       0       0
  204      0.00000000   -237.44692546   -237.44692546       0       0       0
  205      0.00000000   -237.44692546   -237.44692546       0       0       0
  206      0.00000000   -237.44692546   -237.44692546       0       0       0
  207      0.00000000   -237.44692546   -237.44692546       0       0       0
  208      0.00000000   -237.44692546   -237.44692546       0       0       0
  209      0.63782353   -223.17862889   -237.44692546       0       0     393
  210      1.87439826   -195.79998049   -237.44692546       2       0      87
  211      0.00000000   -237.44692546   -237.44692546       2       0      18
  212      8.10600928    -56.00951951   -237.44692546       0       0       2
  213      0.00000000   -237.44692546   -237.44692546       1       0       0
  214      0.00000000   -237.44692546   -237.44692546       0       0       0
  215      0.00000000   -237.44692546   -237.44692546       0       0       0
  216      0.00000000   -237.44692546   -237.44692546       0       0       0
  217      0.00000000   -237.44692546   -237.44692546       0       0       0
  218      0.00000000   -237.44692546   -237.44692546       0       0       0
  219      0.00000000   -237.44692546   -237.44692546       0       0       0
  220      0.00000000   -237.44692546   -237.44692546       0       0       0
  221      0.00000000   -237.44692546   -237.44692546       0       0       0
  222      0.00000000   -237.44692546   -237.44692546       0       0       0
  223      0.00000000   -237.44692546   -237.44692546       0       0       0
  224      0.00000000   -237.44692546   -237.44692546       0       0       0
  225     14.07858860    -25.17249610   -237.44692546       0       0     391
  226     11.43530849    -65.79414052   -237.44692546       8       0      87
  227      0.00000000   -237.44692546   -237.44692546       6       0      20
  228      0.00000000   -237.44692546   -237.44692546       0       0       1
  229      0.00000000   -237.44692546   -237.44692546       0       0       1
  230      0.00000000   -237.44692546   -237.44692546       0       0       0
  231      0.00000000   -237.44692546   -237.44692546       0       0       0
  232      0.00000000   -237.44692546   -237.44692546       0       0       0
  233      0.00000000   -237.44692546   -237.44692546       0       0       0
  234      0.00000000   -237.44692546   -237.44692546       0       0       0
  235      0.00000000   -237.44692546   -237.44692546       0       0       0
  236      0.00000000   -237.44692546   -237.44692546       0       0       0
  237      0.00000000   -237.44692546   -237.44692546       0       0       0
  238      0.00000000   -237.44692546   -237.44692546       0       0       0
  239      0.00000000   -237.44692546   -237.44692546       0       0       0
  240      0.00000000   -237.44692546   -237.44692546       0       0       0
  241     14.90319237    -13.85456290   -237.44692546       0       0     383
  242      0.00000000   -237.44692546   -237.44692546       9       0      89
  243      0.00000000   -237.44692546   -237.44692546       0       0      26
  244      0.00000000   -237.44692546   -237.44692546       0       0       1
  245      0.00000000   -237.44692546   -237.44692546       0       0       1
  246      0.00000000   -237.44692546   -237.44692546       0       0       0
  247      0.00000000   -237.44692546   -237.44692546       0       0       0
  248      0.00000000   -237.44692546   -237.44692546       0       0       0
  249      0.00000000   -237.44692546   -237.44692546       0       0       0
  250      0.00000000   -237.44692546   -237.44692546       0       0       0
  251      0.00000000   -237.44692546   -237.44692546       0       0       0
  252      0.00000000   -237.44692546   -237.44692546       0       0       0
  253      0.00000000   -237.44692546   -237.44692546       0       0       0
  254      0.00000000   -237.44692546   -237.44692546       0       0       0
  255      0.00000000   -237.44692546   -237.44692546       0       0       0
  256      0.00000000   -237.44692546   -237.44692546       0       0       0
  257     18.68958193    -39.98887561   -237.44692546       0       0     374
  258      0.00000000   -237.44692546   -237.44692546       9       0      98
  259      4.84363360   -135.94042490   -237.44692546       0       0      26
  260      0.00000000   -237.44692546   -237.44692546       2       0       1
  261      0.16185575   -233.82409620   -237.44692546       0       0       1
  262      0.00000000   -237.44692546   -237.44692546       1       0       0
  263      0.00000000   -237.44692546   -237.44692546       0       0       0
  264      0.00000000   -237.44692546   -237.44692546       0       0       0
  265      0.00000000   -237.44692546   -237.44692546       0       0       0
  266      0.00000000   -237.44692546   -237.44692546       0       0       0
  267      0.00000000   -237.44692546   -237.44692546       0       0       0
  268      0.00000000   -237.44692546   -237.44692546       0       0       0
  269      0.00000000   -237.44692546   -237.44692546       0       0       0
  270      0.00000000   -237.44692546   -237.44692546       0       0       0
  271      0.00000000   -237.44692546   -237.44692546       0       0       0
  272      0.00000000   -237.44692546   -237.44692546       0       0       0
  273     13.23893808    -42.60635351   -237.44692546       0       0     365
  274      1.12054138   -212.36576480   -237.44692546       4       0     107
  275      0.00000000   -237.44692546   -237.44692546       1       0      24
  276      0.00000000   -237.44692546   -237.44692546       0       0       3
  277      0.00000000   -237.44692546   -237.44692546       0       0       0
  278      3.94291861   -149.19228633   -237.44692546       0       0       1
  279      0.00000000   -237.44692546   -237.44692546       1       0       0
  280      0.00000000   -237.44692546   -237.44692546       0       0       0
  281      0.00000000   -237.44692546   -237.44692546       0       0       0
  282      0.00000000   -237.44692546   -237.44692546       0       0       0
  283      0.00000000   -237.44692546   -237.44692546       0       0       0
  284      0.00000000   -237.44692546   -237.44692546       0       0       0
  285      0.00000000   -237.44692546   -237.44692546       0       0       0
  286      0.00000000   -237.44692546   -237.44692546       0       0       0
  287      0.00000000   -237.44692546   -237.44692546       0       0       0
  288      0.00000000   -237.44692546   -237.44692546       0       0       0
  289     11.28497476    -49.18640646   -237.44692546       0       0     361
  290      3.86686642   -169.96940993   -237.44692546       9       0     110
  291      0.00000000   -237.44692546   -237.44692546       2       0      25
  292      0.00000000   -237.44692546   -237.44692546       0       0       3
  293      0.00000000   -237.44692546   -237.44692546       0       0       0
  294      0.00000000   -237.44692546   -237.44692546       0       0       0
  295      0.00000000   -237.44692546   -237.44692546       0       0       1
  296      0.00000000   -237.44692546   -237.44692546       0       0       0
  297      0.00000000   -237.44692546   -237.44692546       0       0       0
  298      0.00000000   -237.44692546   -237.44692546       0       0       0
  299      0.00000000   -237.44692546   -237.44692546       0       0       0
  300      0.00000000   -237.44692546   -237.44692546       0       0       0
  301      0.00000000   -237.44692546   -237.44692546       0       0       0
  302      0.00000000   -237.44692546   -237.44692546       0       0       0
  303      0.00000000   -237.44692546   -237.44692546       0       0       0
  304      0.00000000   -237.44692546   -237.44692546       0       0       0
  305     11.79514855    -76.45786117   -237.44692546       0       0     352
  306      9.18306191    -70.36384739   -237.44692546       6       0     117
  307      0.90882551   -217.10461679   -237.44692546       2       0      27
  308      3.69393277   -154.76535472   -237.44692546       1       0       3
  309      0.00000000   -237.44692546   -237.44692546       1       0       0
  310      0.00000000   -237.44692546   -237.44692546       0       0       0
  311      0.00000000   -237.44692546   -237.44692546       0       0       1
  312      0.00000000   -237.44692546   -237.44692546       0       0       0
  313      0.00000000   -237.44692546   -237.44692546       0       0       0
  314      0.00000000   -237.44692546   -237.44692546       0       0       0
  315      0.00000000   -237.44692546   -237.44692546       0       0       0
  316      0.00000000   -237.44692546   -237.44692546       0       0       0
  317      0.00000000   -237.44692546   -237.44692546       0       0       0
  318      0.00000000   -237.44692546   -237.44692546       0       0       0
  319      0.00000000   -237.44692546   -237.44692546       0       0       0
  320      0.00000000   -237.44692546   -237.44692546       0       0       0
  321     11.69674633    -59.18546262   -237.44692546       0       0     346
  322      8.55282499    -52.58201347   -237.44692546       6       0     121
  323      0.00000000   -237.44692546   -237.44692546       2       0      28
  324      0.00000000   -237.44692546   -237.44692546       0       0       3
  325      0.00000000   -237.44692546   -237.44692546       0       0       1
  326      0.00000000   -237.44692546   -237.44692546       0       0       0
  327      0.00000000   -237.44692546   -237.44692546       0       0       1
  328      0.00000000   -237.44692546   -237.44692546       0       0       0
  329      0.00000000   -237.44692546   -237.44692546       0       0       0
  330      0.00000000   -237.44692546   -237.44692546       0       0       0
  331      0.00000000   -237.44692546   -237.44692546       0       0       0
  332      0.00000000   -237.44692546   -237.44692546       0       0       0
  333      0.00000000   -237.44692546   -237.44692546       0       0       0
  334      0.00000000   -237.44692546   -237.44692546       0       0       0
  335      0.00000000   -237.44692546   -237.44692546       0       0       0
  336      0.00000000   -237.44692546   -237.44692546       0       0       0
  337     19.41140531    -26.96702440   -237.44692546       0       0     340
  338      1.15994018   -211.48389861   -237.44692546       8       0     125
  339      0.00000000   -237.44692546   -237.44692546       1       0      30
  340      0.00000000   -237.44692546   -237.44692546       0       0       3
  341      0.00000000   -237.44692546   -237.44692546       0       0       1
  342      0.00000000   -237.44692546   -237.44692546       0       0       0
  343      0.00000000   -237.44692546   -237.44692546       0       0       1
  344      0.00000000   -237.44692546   -237.44692546       0       0       0
  345      0.00000000   -237.44692546   -237.44692546       0       0       0
  346      0.00000000   -237.44692546   -237.44692546       0       0       0
  347      0.00000000   -237.44692546   -237.44692546       0       0       0
  348      0.00000000   -237.44692546   -237.44692546       0       0       0
  349      0.00000000   -237.44692546   -237.44692546       0       0       0
  350      0.00000000   -237.44692546   -237.44692546       0       0       0
  351      0.00000000   -237.44692546   -237.44692546       0       0       0
  352      0.00000000   -237.44692546   -237.44692546       0       0       0
  353      5.32910843   -130.44143316   -237.44692546       0       0     332
  354      2.55344795   -180.29291094   -237.44692546       5       0     132
  355      0.00000000   -237.44692546   -237.44692546       1       0      31
  356      0.00000000   -237.44692546   -237.44692546       0       0       3
  357      0.00000000   -237.44692546   -237.44692546       0       0       1
  358      0.00000000   -237.44692546   -237.44692546       0       0       0
  359      0.00000000   -237.44692546   -237.44692546       0       0       1
  360      0.00000000   -237.44692546   -237.44692546       0       0       0
  361      0.00000000   -237.44692546   -237.44692546       0       0       0
  362      0.00000000   -237.44692546   -237.44692546       0       0       0
  363      0.00000000   -237.44692546   -237.44692546       0       0       0
  364      0.00000000   -237.44692546   -237.44692546       0       0       0
  365      0.00000000   -237.44692546   -237.44692546       0       0       0
  366      0.00000000   -237.44692546   -237.44692546       0       0       0
  367      0.00000000   -237.44692546   -237.44692546       0       0       0
  368      0.00000000   -237.44692546   -237.44692546       0       0       0
  369     13.57505105    -19.37362642   -237.44692546       0       0     327
  370     10.41267096     -4.37934031   -237.44692546       7       0     136
  371      0.00000000   -237.44692546   -237.44692546       1       0      32
  372      0.00000000   -237.44692546   -237.44692546       0       0       3
  373      0.00000000   -237.44692546   -237.44692546       0       0       1
  374      0.00000000   -237.44692546   -237.44692546       0       0       0
  375      0.00000000   -237.44692546   -237.44692546       0       0       1
  376      0.00000000   -237.44692546   -237.44692546       0       0       0
  377      0.00000000   -237.44692546   -237.44692546       0       0       0
  378      0.00000000   -237.44692546   -237.44692546       0       0       0
  379      0.00000000   -237.44692546   -237.44692546       0       0       0
  380      0.00000000   -237.44692546   -237.44692546       0       0       0
  381      0.00000000   -237.44692546   -237.44692546       0       0       0
  382      0.00000000   -237.44692546   -237.44692546       0       0       0
  383      0.00000000   -237.44692546   -237.44692546       0       0       0
  384      0.00000000   -237.44692546   -237.44692546       0       0       0
  385      5.07405019   -131.25576393   -237.44692546       0       0     320
  386      0.92242134   -216.80030042   -237.44692546       2       0     142
  387      4.30923930   -140.99290321   -237.44692546       1       0      33
  388      0.00000000   -237.44692546   -237.44692546       1       0       3
  389      0.00000000   -237.44692546   -237.44692546       0       0       1
  390      0.00000000   -237.44692546   -237.44692546       0       0       0
  391      0.00000000   -237.44692546   -237.44692546       0       0       1
  392      0.00000000   -237.44692546   -237.44692546       0       0       0
  393      0.00000000   -237.44692546   -237.44692546       0       0       0
  394      0.00000000   -237.44692546   -237.44692546       0       0       0
  395      0.00000000   -237.44692546   -237.44692546       0       0       0
  396      0.00000000   -237.44692546   -237.44692546       0       0       0
  397      0.00000000   -237.44692546   -237.44692546       0       0       0
  398      0.00000000   -237.44692546   -237.44692546       0       0       0
  399      0.00000000   -237.44692546   -237.44692546       0       0       0
  400      0.00000000   -237.44692546   -237.44692546       0       0       0
  401     14.69296769    -30.85728579   -237.44692546       0       0     318
  402     10.54038185    -80.41142474   -237.44692546       6       0     143
  403      0.00000000   -237.44692546   -237.44692546       3       0      33
  404      0.00000000   -237.44692546   -237.44692546       0       0       4
  405      0.00000000   -237.44692546   -237.44692546       0       0       1
  406      0.00000000   -237.44692546   -237.44692546       0       0       0
  407      0.00000000   -237.44692546   -237.44692546       0       0       1
  408      0.00000000   -237.44692546   -237.44692546       0       0       0
  409      0.00000000   -237.44692546   -237.44692546       0       0       0
  410      0.00000000   -237.44692546   -237.44692546       0       0       0
  411      0.00000000   -237.44692546   -237.44692546       0       0       0
  412      0.00000000   -237.44692546   -237.44692546       0       0       0
  413      0.00000000   -237.44692546   -237.44692546       0       0       0
  414      0.00000000   -237.44692546   -237.44692546       0       0       0
  415      0.00000000   -237.44692546   -237.44692546       0       0       0
  416      0.00000000   -237.44692546   -237.44692546       0       0       0
  417     12.28889957    -40.74592947   -237.44692546       0       0     312
  418      6.40397210    -99.60433402   -237.44692546       7       0     146
  419      0.00000000   -237.44692546   -237.44692546       4       0      36
  420      0.00000000   -237.44692546   -237.44692546       0       0       4
  421      0.00000000   -237.44692546   -237.44692546       0       0       1
  422      0.00000000   -237.44692546   -237.44692546       0       0       0
  423      0.00000000   -237.44692546   -237.44692546       0       0       1
  424      0.00000000   -237.44692546   -237.44692546       0       0       0
  425      0.00000000   -237.44692546   -237.44692546       0       0       0
  426      0.00000000   -237.44692546   -237.44692546       0       0       0
  427      0.00000000   -237.44692546   -237.44692546       0       0       0
  428      0.00000000   -237.44692546   -237.44692546       0       0       0
  429      0.00000000   -237.44692546   -237.44692546       0       0       0
  430      0.00000000   -237.44692546   -237.44692546       0       0       0
  431      0.00000000   -237.44692546   -237.44692546       0       0       0
  432      0.00000000   -237.44692546   -237.44692546       0       0       0
  433     11.71142256    -48.68167446   -237.44692546       0       0     305
  434      5.72906853   -112.08401419   -237.44692546       7       0     149
  435      0.00000000   -237.44692546   -237.44692546       3       0      40
  436      0.00000000   -237.44692546   -237.44692546       0       0       4
  437      0.00000000   -237.44692546   -237.44692546       0       0       1
  438      0.00000000   -237.44692546   -237.44692546       0       0       0
  439      0.00000000   -237.44692546   -237.44692546       0       0       1
  440      0.00000000   -237.44692546   -237.44692546       0       0       0
  441      0.00000000   -237.44692546   -237.44692546       0       0       0
  442      0.00000000   -237.44692546   -237.44692546       0       0       0
  443      0.00000000   -237.44692546   -237.44692546       0       0       0
  444      0.00000000   -237.44692546   -237.44692546       0       0       0
  445      0.00000000   -237.44692546   -237.44692546       0       0       0
  446      0.00000000   -237.44692546   -237.44692546       0       0       0
  447      0.00000000   -237.44692546   -237.44692546       0       0       0
  448      0.00000000   -237.44692546   -237.44692546       0       0       0
  449      6.32903471   -118.12721721   -237.44692546       0       0     298
  450      0.00000000   -237.44692546   -237.44692546       5       0     153
  451      0.00000000   -237.44692546   -237.44692546       0       0      43
  452      0.00000000   -237.44692546   -237.44692546       0       0       4
  453      0.00000000   -237.44692546   -237.44692546       0       0       1
  454      0.00000000   -237.44692546   -237.44692546       0       0       0
  455      0.00000000   -237.44692546   -237.44692546       0       0       1
  456      0.00000000   -237.44692546   -237.44692546       0       0       0
  457      0.00000000   -237.44692546   -237.44692546       0       0       0
  458      0.00000000   -237.44692546   -237.44692546       0       0       0
  459      0.00000000   -237.44692546   -237.44692546       0       0       0
  460      0.00000000   -237.44692546   -237.44692546       0       0       0
  461      0.00000000   -237.44692546   -237.44692546       0       0       0
  462      0.00000000   -237.44692546   -237.44692546       0       0       0
  463      0.00000000   -237.44692546   -237.44692546       0       0       0
  464      0.00000000   -237.44692546   -237.44692546       0       0       0
  465     15.76438590     -5.36509652   -237.44692546       0       0     293
  466      6.81162444   -117.37459377   -237.44692546       4       0     158
  467      0.00000000   -237.44692546   -237.44692546       3       0      43
  468      0.00000000   -237.44692546   -237.44692546       0       0       4
  469      0.00000000   -237.44692546   -237.44692546       0       0       1
  470      0.00000000   -237.44692546   -237.44692546       0       0       0
  471      0.00000000   -237.44692546   -237.44692546       0       0       1
  472      0.00000000   -237.44692546   -237.44692546       0       0       0
  473      0.00000000   -237.44692546   -237.44692546       0       0       0
  474      0.00000000   -237.44692546   -237.44692546       0       0       0
  475      0.00000000   -237.44692546   -237.44692546       0       0       0
  476      0.00000000   -237.44692546   -237.44692546       0       0       0
  477      0.00000000   -237.44692546   -237.44692546       0       0       0
  478      0.00000000   -237.44692546   -237.44692546       0       0       0
  479      0.00000000   -237.44692546   -237.44692546       0       0       0
  480      0.00000000   -237.44692546   -237.44692546       0       0       0
  481     11.39512886    -66.53129253   -237.44692546       0       0     289
  482      3.76089078   -153.26662858   -237.44692546       5       0     159
  483      0.00000000   -237.44692546   -237.44692546       1       0      46
  484      0.00000000   -237.44692546   -237.44692546       0       0       4
  485      0.00000000   -237.44692546   -237.44692546       0       0       1
  486      0.00000000   -237.44692546   -237.44692546       0       0       0
  487      0.00000000   -237.44692546   -237.44692546       0       0       1
  488      0.00000000   -237.44692546   -237.44692546       0       0       0
  489      0.00000000   -237.44692546   -237.44692546       0       0       0
  490      0.00000000   -237.44692546   -237.44692546       0       0       0
  491      0.00000000   -237.44692546   -237.44692546       0       0       0
  492      0.00000000   -237.44692546   -237.44692546       0       0       0
  493      0.00000000   -237.44692546   -237.44692546       0       0       0
  494      0.00000000   -237.44692546   -237.44692546       0       0       0
  495      0.00000000   -237.44692546   -237.44692546       0       0       0
  496      0.00000000   -237.44692546   -237.44692546       0       0       0
  497      0.00000000   -237.44692546   -237.44692546       0       0     284
  498      1.57546275   -202.18322604   -237.44692546       0       0     163
  499      0.00000000   -237.44692546   -237.44692546       1       0      47
  500      0.00000000   -237.44692546   -237.44692546       0       0       4
  501      0.00000000   -237.44692546   -237.44692546       0       0       1
  502      0.00000000   -237.44692546   -237.44692546       0       0       0
  503      0.00000000   -237.44692546   -237.44692546       0       0       1
  504      0.00000000   -237.44692546   -237.44692546       0       0       0
  505      0.00000000   -237.44692546   -237.44692546       0       0       0
  506      0.00000000   -237.44692546   -237.44692546       0       0       0
  507      0.00000000   -237.44692546   -237.44692546       0       0       0
  508      0.00000000   -237.44692546   -237.44692546       0       0       0
  509      0.00000000   -237.44692546   -237.44692546       0       0       0
  510      0.00000000   -237.44692546   -237.44692546       0       0       0
  511      0.00000000   -237.44692546   -237.44692546       0       0       0
  512      0.00000000   -237.44692546   -237.44692546       0       0       0
  513     17.11242194    -25.13055757   -237.44692546       0       0     284
  514     10.53007328    -69.39066924   -237.44692546       7       0     162
  515      1.35410204   -208.31336031   -237.44692546       5       0      48
  516      0.00000000   -237.44692546   -237.44692546       2       0       4
  517      0.00000000   -237.44692546   -237.44692546       0       0       1
  518      0.00000000   -237.44692546   -237.44692546       0       0       0
  519      0.00000000   -237.44692546   -237.44692546       0       0       1
  520      0.00000000   -237.44692546   -237.44692546       0       0       0
  521      0.00000000   -237.44692546   -237.44692546       0       0       0
  522      0.00000000   -237.44692546   -237.44692546       0       0       0
  523      0.00000000   -237.44692546   -237.44692546       0       0       0
  524      0.00000000   -237.44692546   -237.44692546       0       0       0
  525      0.00000000   -237.44692546   -237.44692546       0       0       0
  526      0.00000000   -237.44692546   -237.44692546       0       0       0
  527      0.00000000   -237.44692546   -237.44692546       0       0       0
  528      0.00000000   -237.44692546   -237.44692546       0       0       0
  529     12.95469628    -12.14684904   -237.44692546       0       0     277
  530      9.05116184    -98.14847947   -237.44692546       3       0     164
  531      2.26533001   -186.74187618   -237.44692546       4       0      51
  532      0.00000000   -237.44692546   -237.44692546       1       0       6
  533      0.00000000   -237.44692546   -237.44692546       0       0       1
  534      0.00000000   -237.44692546   -237.44692546       0       0       0
  535      0.00000000   -237.44692546   -237.44692546       0       0       1
  536      0.00000000   -237.44692546   -237.44692546       0       0       0
  537      0.00000000   -237.44692546   -237.44692546       0       0       0
  538      0.00000000   -237.44692546   -237.44692546       0       0       0
  539      0.00000000   -237.44692546   -237.44692546       0       0       0
  540      0.00000000   -237.44692546   -237.44692546       0       0       0
  541      0.00000000   -237.44692546   -237.44692546       0       0       0
  542      0.00000000   -237.44692546   -237.44692546       0       0       0
  543      0.00000000   -237.44692546   -237.44692546       0       0       0
  544      0.00000000   -237.44692546   -237.44692546       0       0       0
  545      5.35989905   -144.83693948   -237.44692546       0       0     274
  546     12.34752098    -33.77507605   -237.44692546       6       0     163
  547      0.00000000   -237.44692546   -237.44692546       2       0      54
  548      0.00000000   -237.44692546   -237.44692546       0       0       7
  549      0.00000000   -237.44692546   -237.44692546       0       0       1
  550      0.00000000   -237.44692546   -237.44692546       0       0       0
  551      0.00000000   -237.44692546   -237.44692546       0       0       1
  552      0.00000000   -237.44692546   -237.44692546       0       0       0
  553      0.00000000   -237.44692546   -237.44692546       0       0       0
  554      0.00000000   -237.44692546   -237.44692546       0       0       0
  555      0.00000000   -237.44692546   -237.44692546       0       0       0
  556      0.00000000   -237.44692546   -237.44692546       0       0       0
  557      0.00000000   -237.44692546   -237.44692546       0       0       0
  558      0.00000000   -237.44692546   -237.44692546       0       0       0
  559      0.00000000   -237.44692546   -237.44692546       0       0       0
  560      0.00000000   -237.44692546   -237.44692546       0       0       0
  561     12.21682956    -34.66236721   -237.44692546       0       0     268
  562     13.48210264    -14.60184248   -237.44692546       4       0     167
  563      0.00000000   -237.44692546   -237.44692546       5       0      56
  564      0.00000000   -237.44692546   -237.44692546       0       0       7
  565      0.00000000   -237.44692546   -237.44692546       0       0       1
  566      0.00000000   -237.44692546   -237.44692546       0       0       0
  567      0.00000000   -237.44692546   -237.44692546       0       0       1
  568      0.00000000   -237.44692546   -237.44692546       0       0       0
  569      0.00000000   -237.44692546   -237.44692546       0       0       0
  570      0.00000000   -237.44692546   -237.44692546       0       0       0
  571      0.00000000   -237.44692546   -237.44692546       0       0       0
  572      0.00000000   -237.44692546   -237.44692546       0       0       0
  573      0.00000000   -237.44692546   -237.44692546       0       0       0
  574      0.00000000   -237.44692546   -237.44692546       0       0       0
  575      0.00000000   -237.44692546   -237.44692546       0       0       0
  576      0.00000000   -237.44692546   -237.44692546       0       0       0
  577      9.14108966    -91.30186365   -237.44692546       0       0     264
  578     12.16859565    -48.15477868   -237.44692546       5       0     166
  579      4.79240795   -169.16778312   -237.44692546       4       0      61
  580      0.00000000   -237.44692546   -237.44692546       3       0       7
  581      0.00000000   -237.44692546   -237.44692546       0       0       1
  582      0.00000000   -237.44692546   -237.44692546       0       0       0
  583      0.00000000   -237.44692546   -237.44692546       0       0       1
  584      0.00000000   -237.44692546   -237.44692546       0       0       0
  585      0.00000000   -237.44692546   -237.44692546       0       0       0
  586      0.00000000   -237.44692546   -237.44692546       0       0       0
  587      0.00000000   -237.44692546   -237.44692546       0       0       0
  588      0.00000000   -237.44692546   -237.44692546       0       0       0
  589      0.00000000   -237.44692546   -237.44692546       0       0       0
  590      0.00000000   -237.44692546   -237.44692546       0       0       0
  591      0.00000000   -237.44692546   -237.44692546       0       0       0
  592      0.00000000   -237.44692546   -237.44692546       0       0       0
  593      7.85430126    -87.89899150   -237.44692546       0       0     259
  594     14.47542291    -34.15743917   -237.44692546       5       0     167
  595      2.32297094   -185.45169482   -237.44692546       7       0      62
  596      0.69852616   -221.81176262   -237.44692546       1       0      10
  597      0.00000000   -237.44692546   -237.44692546       1       0       1
  598      0.00000000   -237.44692546   -237.44692546       0       0       0
  599      0.00000000   -237.44692546   -237.44692546       0       0       1
  600      0.00000000   -237.44692546   -237.44692546       0       0       0
  601      0.00000000   -237.44692546   -237.44692546       0       0       0
  602      0.00000000   -237.44692546   -237.44692546       0       0       0
  603      0.00000000   -237.44692546   -237.44692546       0       0       0
  604      0.00000000   -237.44692546   -237.44692546       0       0       0
  605      0.00000000   -237.44692546   -237.44692546       0       0       0
  606      0.00000000   -237.44692546   -237.44692546       0       0       0
  607      0.00000000   -237.44692546   -237.44692546       0       0       0
  608      0.00000000   -237.44692546   -237.44692546       0       0       0
  609      0.52599319   -227.10926692   -237.44692546       0       0     254
  610      8.36076006    -50.51048287   -237.44692546       2       0     165
  611      1.74694452   -198.34493696   -237.44692546       3       0      68
  612      0.00000000   -237.44692546   -237.44692546       1       0      10
  613      0.00000000   -237.44692546   -237.44692546       0       0       2
  614      0.00000000   -237.44692546   -237.44692546       0       0       0
  615      0.00000000   -237.44692546   -237.44692546       0       0       1
  616      0.00000000   -237.44692546   -237.44692546       0       0       0
  617      0.00000000   -237.44692546   -237.44692546       0       0       0
  618      0.00000000   -237.44692546   -237.44692546       0       0       0
  619      0.00000000   -237.44692546   -237.44692546       0       0       0
  620      0.00000000   -237.44692546   -237.44692546       0       0       0
  621      0.00000000   -237.44692546   -237.44692546       0       0       0
  622      0.00000000   -237.44692546   -237.44692546       0       0       0
  623      0.00000000   -237.44692546   -237.44692546       0       0       0
  624      0.00000000   -237.44692546   -237.44692546       0       0       0
  625     11.23558102    -69.87153498   -237.44692546       0       0     252
  626      6.69628897    -89.34969461   -237.44692546       4       0     164
  627      8.37342218    -90.95966670   -237.44692546       4       0      70
  628      1.93261395   -194.18908439   -237.44692546       2       0      11
  629      0.00000000   -237.44692546   -237.44692546       1       0       2
  630      0.00000000   -237.44692546   -237.44692546       0       0       0
  631      0.00000000   -237.44692546   -237.44692546       0       0       1
  632      0.00000000   -237.44692546   -237.44692546       0       0       0
  633      0.00000000   -237.44692546   -237.44692546       0       0       0
  634      0.00000000   -237.44692546   -237.44692546       0       0       0
  635      0.00000000   -237.44692546   -237.44692546       0       0       0
  636      0.00000000   -237.44692546   -237.44692546       0       0       0
  637      0.00000000   -237.44692546   -237.44692546       0       0       0
  638      0.00000000   -237.44692546   -237.44692546       0       0       0
  639      0.00000000   -237.44692546   -237.44692546       0       0       0
  640      0.00000000   -237.44692546   -237.44692546       0       0       0
  641      9.10765988    -41.07653605   -237.44692546       0       0     248
  642      6.29333867   -101.86081381   -237.44692546       3       0     164
  643      7.09004655   -100.77269200   -237.44692546       2       0      72
  644      2.63325559   -178.50657064   -237.44692546       3       0      12
  645      0.00000000   -237.44692546   -237.44692546       1       0       3
  646      0.00000000   -237.44692546   -237.44692546       0       0       0
  647      0.00000000   -237.44692546   -237.44692546       0       0       1
  648      0.00000000   -237.44692546   -237.44692546       0       0       0
  649      0.00000000   -237.44692546   -237.44692546       0       0       0
  650      0.00000000   -237.44692546   -237.44692546       0       0       0
  651      0.00000000   -237.44692546   -237.44692546       0       0       0
  652      0.00000000   -237.44692546   -237.44692546       0       0       0
  653      0.00000000   -237.44692546   -237.44692546       0       0       0
  654      0.00000000   -237.44692546   -237.44692546       0       0       0
  655      0.00000000   -237.44692546   -237.44692546       0       0       0
  656      0.00000000   -237.44692546   -237.44692546       0       0       0
  657     11.06067536    -57.91702992   -237.44692546       0       0     245
  658     13.44863646    -47.52357067   -237.44692546       8       0     165
  659      9.80563244    -21.02478301   -237.44692546       4       0      71
  660      0.20999854   -232.74651253   -237.44692546       4       0      14
  661      0.00000000   -237.44692546   -237.44692546       1       0       4
  662      0.00000000   -237.44692546   -237.44692546       0       0       0
  663      0.00000000   -237.44692546   -237.44692546       0       0       1
  664      0.00000000   -237.44692546   -237.44692546       0       0       0
  665      0.00000000   -237.44692546   -237.44692546       0       0       0
  666      0.00000000   -237.44692546   -237.44692546       0       0       0
  667      0.00000000   -237.44692546   -237.44692546       0       0       0
  668      0.00000000   -237.44692546   -237.44692546       0       0       0
  669      0.00000000   -237.44692546   -237.44692546       0       0       0
  670      0.00000000   -237.44692546   -237.44692546       0       0       0
  671      0.00000000   -237.44692546   -237.44692546       0       0       0
  672      0.00000000   -237.44692546   -237.44692546       0       0       0
  673      6.25470790    -98.66029945   -237.44692546       0       0     237
  674     15.12486297    -28.69697549   -237.44692546       2       0     169
  675     10.38412158     -9.99313166   -237.44692546       5       0      71
  676      0.00000000   -237.44692546   -237.44692546       2       0      17
  677      2.62617235   -178.66511521   -237.44692546       0       0       5
  678      0.00000000   -237.44692546   -237.44692546       1       0       0
  679      0.00000000   -237.44692546   -237.44692546       0       0       1
  680      0.00000000   -237.44692546   -237.44692546       0       0       0
  681      0.00000000   -237.44692546   -237.44692546       0       0       0
  682      0.00000000   -237.44692546   -237.44692546       0       0       0
  683      0.00000000   -237.44692546   -237.44692546       0       0       0
  684      0.00000000   -237.44692546   -237.44692546       0       0       0
  685      0.00000000   -237.44692546   -237.44692546       0       0       0
  686      0.00000000   -237.44692546   -237.44692546       0       0       0
  687      0.00000000   -237.44692546   -237.44692546       0       0       0
  688      0.00000000   -237.44692546   -237.44692546       0       0       0
  689      9.90964878    -38.79712619   -237.44692546       0       0     235
  690     14.13805608    -23.70484318   -237.44692546       4       0     166
  691      8.88456567    -65.39060775   -237.44692546       6       0      74
  692      0.00000000   -237.44692546   -237.44692546       2       0      19
  693      0.00000000   -237.44692546   -237.44692546       0       0       4
  694      0.00000000   -237.44692546   -237.44692546       0       0       1
  695      0.00000000   -237.44692546   -237.44692546       0       0       1
  696      0.00000000   -237.44692546   -237.44692546       0       0       0
  697      0.00000000   -237.44692546   -237.44692546       0       0       0
  698      0.00000000   -237.44692546   -237.44692546       0       0       0
  699      0.00000000   -237.44692546   -237.44692546       0       0       0
  700      0.00000000   -237.44692546   -237.44692546       0       0       0
  701      0.00000000   -237.44692546   -237.44692546       0       0       0
  702      0.00000000   -237.44692546   -237.44692546       0       0       0
  703      0.00000000   -237.44692546   -237.44692546       0       0       0
  704      0.00000000   -237.44692546   -237.44692546       0       0       0
  705      9.91150085    -90.54539061   -237.44692546       0       0     231
  706      3.09845668   -168.09394022   -237.44692546       5       0     164
  707      9.00900825    -68.79412337   -237.44692546       1       0      78
  708      0.00000000   -237.44692546   -237.44692546       4       0      21
  709      0.00000000   -237.44692546   -237.44692546       0       0       4
  710      0.00000000   -237.44692546   -237.44692546       0       0       1
  711      0.00000000   -237.44692546   -237.44692546       0       0       1
  712      0.00000000   -237.44692546   -237.44692546       0       0       0
  713      0.00000000   -237.44692546   -237.44692546       0       0       0
  714      0.00000000   -237.44692546   -237.44692546       0       0       0
  715      0.00000000   -237.44692546   -237.44692546       0       0       0
  716      0.00000000   -237.44692546   -237.44692546       0       0       0
  717      0.00000000   -237.44692546   -237.44692546       0       0       0
  718      0.00000000   -237.44692546   -237.44692546       0       0       0
  719      0.00000000   -237.44692546   -237.44692546       0       0       0
  720      0.00000000   -237.44692546   -237.44692546       0       0       0
  721      6.18433507   -127.06346681   -237.44692546       0       0     226
  722      8.13002603    -55.47195082   -237.44692546       6       0     168
  723      0.00000000   -237.44692546   -237.44692546       1       0      75
  724      0.47155000   -226.89218700   -237.44692546       0       0      25
  725      0.00000000   -237.44692546   -237.44692546       1       0       4
  726      1.06316431   -213.65004007   -237.44692546       0       0       1
  727      0.00000000   -237.44692546   -237.44692546       1       0       1
  728      0.00000000   -237.44692546   -237.44692546       0       0       0
  729      0.00000000   -237.44692546   -237.44692546       0       0       0
  730      0.00000000   -237.44692546   -237.44692546       0       0       0
  731      0.00000000   -237.44692546   -237.44692546       0       0       0
  732      0.00000000   -237.44692546   -237.44692546       0       0       0
  733      0.00000000   -237.44692546   -237.44692546       0       0       0
  734      0.00000000   -237.44692546   -237.44692546       0       0       0
  735      0.00000000   -237.44692546   -237.44692546       0       0       0
  736      0.00000000   -237.44692546   -237.44692546       0       0       0
  737     10.56460622    -68.55590265   -237.44692546       0       0     220
  738      4.27792213   -157.70819342   -237.44692546       3       0     173
  739      1.46111437   -204.74269428   -237.44692546       3       0      76
  740      0.00000000   -237.44692546   -237.44692546       1       0      24
  741      0.00000000   -237.44692546   -237.44692546       0       0       5
  742      0.00000000   -237.44692546   -237.44692546       0       0       0
  743      0.00000000   -237.44692546   -237.44692546       0       0       2
  744      0.00000000   -237.44692546   -237.44692546       0       0       0
  745      0.00000000   -237.44692546   -237.44692546       0       0       0
  746      0.00000000   -237.44692546   -237.44692546       0       0       0
  747      0.00000000   -237.44692546   -237.44692546       0       0       0
  748      0.00000000   -237.44692546   -237.44692546       0       0       0
  749      0.00000000   -237.44692546   -237.44692546       0       0       0
  750      0.00000000   -237.44692546   -237.44692546       0       0       0
  751      0.00000000   -237.44692546   -237.44692546       0       0       0
  752      0.00000000   -237.44692546   -237.44692546       0       0       0
  753      8.89002000    -43.50153449   -237.44692546       0       0     217
  754      7.68943836   -127.88098185   -237.44692546       5       0     173
  755      0.61923267   -223.58659471   -237.44692546       4       0      78
  756      0.15097606   -234.06761720   -237.44692546       1       0      25
  757      0.00000000   -237.44692546   -237.44692546       1       0       5
  758      0.00000000   -237.44692546   -237.44692546       0       0       0
  759      0.00000000   -237.44692546   -237.44692546       0       0       2
  760      0.00000000   -237.44692546   -237.44692546       0       0       0
  761      0.00000000   -237.44692546   -237.44692546       0       0       0
  762      0.00000000   -237.44692546   -237.44692546       0       0       0
  763      0.00000000   -237.44692546   -237.44692546       0       0       0
  764      0.00000000   -237.44692546   -237.44692546       0       0       0
  765      0.00000000   -237.44692546   -237.44692546       0       0       0
  766      0.00000000   -237.44692546   -237.44692546       0       0       0
  767      0.00000000   -237.44692546   -237.44692546       0       0       0
  768      0.00000000   -237.44692546   -237.44692546       0       0       0
  769      9.26799510    -88.15087661   -237.44692546       0       0     212
  770      4.13922339   -144.79838175   -237.44692546       3       0     174
  771      6.19918992    -98.68999833   -237.44692546       1       0      81
  772     10.39130699    -40.92078829   -237.44692546       1       0      25
  773      0.00000000   -237.44692546   -237.44692546       4       0       6
  774      0.00000000   -237.44692546   -237.44692546       0       0       0
  775      0.00000000   -237.44692546   -237.44692546       0       0       2
  776      0.00000000   -237.44692546   -237.44692546       0       0       0
  777      0.00000000   -237.44692546   -237.44692546       0       0       0
  778      0.00000000   -237.44692546   -237.44692546       0       0       0
  779      0.00000000   -237.44692546   -237.44692546       0       0       0
  780      0.00000000   -237.44692546   -237.44692546       0       0       0
  781      0.00000000   -237.44692546   -237.44692546       0       0       0
  782      0.00000000   -237.44692546   -237.44692546       0       0       0
  783      0.00000000   -237.44692546   -237.44692546       0       0       0
  784      0.00000000   -237.44692546   -237.44692546       0       0       0
  785      0.81732295   -219.15272535   -237.44692546       0       0     209
  786      8.86219423    -82.41335000   -237.44692546       1       0     176
  787     12.97348061    -20.69340856   -237.44692546       2       0      81
  788      0.00000000   -237.44692546   -237.44692546       3       0      22
  789      0.00000000   -237.44692546   -237.44692546       0       0      10
  790      0.00000000   -237.44692546   -237.44692546       0       0       0
  791      0.00000000   -237.44692546   -237.44692546       0       0       2
  792      0.00000000   -237.44692546   -237.44692546       0       0       0
  793      0.00000000   -237.44692546   -237.44692546       0       0       0
  794      0.00000000   -237.44692546   -237.44692546       0       0       0
  795      0.00000000   -237.44692546   -237.44692546       0       0       0
  796      0.00000000   -237.44692546   -237.44692546       0       0       0
  797      0.00000000   -237.44692546   -237.44692546       0       0       0
  798      0.00000000   -237.44692546   -237.44692546       0       0       0
  799      0.00000000   -237.44692546   -237.44692546       0       0       0
  800      0.00000000   -237.44692546   -237.44692546       0       0       0
  801     10.91300811    -36.52136903   -237.44692546       0       0     208
  802      7.01813017    -86.37742728   -237.44692546       3       0     175
  803      3.99518117   -148.96312339   -237.44692546       3       0      80
  804      0.00000000   -237.44692546   -237.44692546       2       0      25
  805      0.00000000   -237.44692546   -237.44692546       0       0      10
  806      0.00000000   -237.44692546   -237.44692546       0       0       0
  807      0.00000000   -237.44692546   -237.44692546       0       0       2
  808      0.00000000   -237.44692546   -237.44692546       0       0       0
  809      0.00000000   -237.44692546   -237.44692546       0       0       0
  810      0.00000000   -237.44692546   -237.44692546       0       0       0
  811      0.00000000   -237.44692546   -237.44692546       0       0       0
  812      0.00000000   -237.44692546   -237.44692546       0       0       0
  813      0.00000000   -237.44692546   -237.44692546       0       0       0
  814      0.00000000   -237.44692546   -237.44692546       0       0       0
  815      0.00000000   -237.44692546   -237.44692546       0       0       0
  816      0.00000000   -237.44692546   -237.44692546       0       0       0
  817      6.27615911   -105.69432597   -237.44692546       0       0     205
  818      6.45497095    -94.54343134   -237.44692546       2       0     175
  819      8.84736498    -94.54343134   -237.44692546       1       0      81
  820      5.93502661   -104.60278532   -237.44692546       2       0      27
  821      0.01736390   -237.05826809   -237.44692546       1       0      10
  822      0.00000000   -237.44692546   -237.44692546       1       0       0
  823      0.00000000   -237.44692546   -237.44692546       0       0       2
  824      0.00000000   -237.44692546   -237.44692546       0       0       0
  825      0.00000000   -237.44692546   -237.44692546       0       0       0
  826      0.00000000   -237.44692546   -237.44692546       0       0       0
  827      0.00000000   -237.44692546   -237.44692546       0       0       0
  828      0.00000000   -237.44692546   -237.44692546       0       0       0
  829      0.00000000   -237.44692546   -237.44692546       0       0       0
  830      0.00000000   -237.44692546   -237.44692546       0       0       0
  831      0.00000000   -237.44692546   -237.44692546       0       0       0
  832      0.00000000   -237.44692546   -237.44692546       0       0       0
  833     10.56049014    -11.88829573   -237.44692546       0       0     203
  834      1.20879593   -210.39035671   -237.44692546       4       0     175
  835     11.14845517    -67.46239647   -237.44692546       1       0      82
  836      0.00000000   -237.44692546   -237.44692546       4       0      27
  837      0.00000000   -237.44692546   -237.44692546       0       0      10
  838      0.00000000   -237.44692546   -237.44692546       0       0       1
  839      0.00000000   -237.44692546   -237.44692546       0       0       2
  840      0.00000000   -237.44692546   -237.44692546       0       0       0
  841      0.00000000   -237.44692546   -237.44692546       0       0       0
  842      0.00000000   -237.44692546   -237.44692546       0       0       0
  843      0.00000000   -237.44692546   -237.44692546       0       0       0
  844      0.00000000   -237.44692546   -237.44692546       0       0       0
  845      0.00000000   -237.44692546   -237.44692546       0       0       0
  846      0.00000000   -237.44692546   -237.44692546       0       0       0
  847      0.00000000   -237.44692546   -237.44692546       0       0       0
  848      0.00000000   -237.44692546   -237.44692546       0       0       0
  849      0.78491705   -219.87806891   -237.44692546       0       0     199
  850      9.28152475    -29.72679288   -237.44692546       1       0     178
  851      6.00404648   -108.46983143   -237.44692546       2       0      79
  852      9.00995361    -35.77646667   -237.44692546       4       0      31
  853      0.00000000   -237.44692546   -237.44692546       1       0      10
  854      1.84839051   -196.07426388   -237.44692546       0       0       1
  855      0.00000000   -237.44692546   -237.44692546       1       0       2
  856      0.00000000   -237.44692546   -237.44692546       0       0       0
  857      0.00000000   -237.44692546   -237.44692546       0       0       0
  858      0.00000000   -237.44692546   -237.44692546       0       0       0
  859      0.00000000   -237.44692546   -237.44692546       0       0       0
  860      0.00000000   -237.44692546   -237.44692546       0       0       0
  861      0.00000000   -237.44692546   -237.44692546       0       0       0
  862      0.00000000   -237.44692546   -237.44692546       0       0       0
  863      0.00000000   -237.44692546   -237.44692546       0       0       0
  864      0.00000000   -237.44692546   -237.44692546       0       0       0
  865      8.09310501    -59.99036681   -237.44692546       0       0     198
  866      8.02206901   -105.86746455   -237.44692546       4       0     177
  867      0.00000000   -237.44692546   -237.44692546       3       0      77
  868      0.00000000   -237.44692546   -237.44692546       0       0      34
  869      0.00000000   -237.44692546   -237.44692546       0       0      11
  870      0.00000000   -237.44692546   -237.44692546       0       0       0
  871      0.00000000   -237.44692546   -237.44692546       0       0       3
  872      0.00000000   -237.44692546   -237.44692546       0       0       0
  873      0.00000000   -237.44692546   -237.44692546       0       0       0
  874      0.00000000   -237.44692546   -237.44692546       0       0       0
  875      0.00000000   -237.44692546   -237.44692546       0       0       0
  876      0.00000000   -237.44692546   -237.44692546       0       0       0
  877      0.00000000   -237.44692546   -237.44692546       0       0       0
  878      0.00000000   -237.44692546   -237.44692546       0       0       0
  879      0.00000000   -237.44692546   -237.44692546       0       0       0
  880      0.00000000   -237.44692546   -237.44692546       0       0       0
  881      6.53759238    -95.50597527   -237.44692546       0       0     194
  882      0.00000000   -237.44692546   -237.44692546       3       0     178
  883      8.19029653    -54.12291175   -237.44692546       0       0      80
  884      3.52035119   -174.94535766   -237.44692546       1       0      34
  885      0.00000000   -237.44692546   -237.44692546       2       0      11
  886      0.00000000   -237.44692546   -237.44692546       0       0       0
  887      0.00000000   -237.44692546   -237.44692546       0       0       3
  888      0.00000000   -237.44692546   -237.44692546       0       0       0
  889      0.00000000   -237.44692546   -237.44692546       0       0       0
  890      0.00000000   -237.44692546   -237.44692546       0       0       0
  891      0.00000000   -237.44692546   -237.44692546       0       0       0
  892      0.00000000   -237.44692546   -237.44692546       0       0       0
  893      0.00000000   -237.44692546   -237.44692546       0       0       0
  894      0.00000000   -237.44692546   -237.44692546       0       0       0
  895      0.00000000   -237.44692546   -237.44692546       0       0       0
  896      0.00000000   -237.44692546   -237.44692546       0       0       0
  897      9.63289765    -82.32344955   -237.44692546       0       0     191
  898     10.39118105     -6.77651183   -237.44692546       3       0     181
  899      8.31180609   -103.47490033   -237.44692546       5       0      79
  900      0.00000000   -237.44692546   -237.44692546       2       0      33
  901      1.82382798   -196.62404884   -237.44692546       0       0      13
  902      0.00000000   -237.44692546   -237.44692546       1       0       0
  903      0.00000000   -237.44692546   -237.44692546       0       0       3
  904      0.00000000   -237.44692546   -237.44692546       0       0       0
  905      0.00000000   -237.44692546   -237.44692546       0       0       0
  906      0.00000000   -237.44692546   -237.44692546       0       0       0
  907      0.00000000   -237.44692546   -237.44692546       0       0       0
  908      0.00000000   -237.44692546   -237.44692546       0       0       0
  909      0.00000000   -237.44692546   -237.44692546       0       0       0
  910      0.00000000   -237.44692546   -237.44692546       0       0       0
  911      0.00000000   -237.44692546   -237.44692546       0       0       0
  912      0.00000000   -237.44692546   -237.44692546       0       0       0
  913      7.86368572    -63.04096724   -237.44692546       0       0     188
  914      4.25217607   -148.17108071   -237.44692546       2       0     179
  915      0.90896816   -217.38258664   -237.44692546       3       0      82
  916      0.00000000   -237.44692546   -237.44692546       2       0      35
  917      0.00000000   -237.44692546   -237.44692546       0       0      12
  918      0.00000000   -237.44692546   -237.44692546       0       0       1
  919      0.00000000   -237.44692546   -237.44692546       0       0       3
  920      0.00000000   -237.44692546   -237.44692546       0       0       0
  921      0.00000000   -237.44692546   -237.44692546       0       0       0
  922      0.00000000   -237.44692546   -237.44692546       0       0       0
  923      0.00000000   -237.44692546   -237.44692546       0       0       0
  924      0.00000000   -237.44692546   -237.44692546       0       0       0
  925      0.00000000   -237.44692546   -237.44692546       0       0       0
  926      0.00000000   -237.44692546   -237.44692546       0       0       0
  927      0.00000000   -237.44692546   -237.44692546       0       0       0
  928      0.00000000   -237.44692546   -237.44692546       0       0       0
  929      0.00000000   -237.44692546   -237.44692546       0       0     186
  930      9.75698195    -48.29352173   -237.44692546       0       0     178
  931      0.00000000   -237.44692546   -237.44692546       3       0      83
  932      0.00000000   -237.44692546   -237.44692546       0       0      37
  933      0.00000000   -237.44692546   -237.44692546       0       0      12
  934      0.00000000   -237.44692546   -237.44692546       0       0       1
  935      0.00000000   -237.44692546   -237.44692546       0       0       3
  936      0.00000000   -237.44692546   -237.44692546       0       0       0
  937      0.00000000   -237.44692546   -237.44692546       0       0       0
  938      0.00000000   -237.44692546   -237.44692546       0       0       0
  939      0.00000000   -237.44692546   -237.44692546       0       0       0
  940      0.00000000   -237.44692546   -237.44692546       0       0       0
  941      0.00000000   -237.44692546   -237.44692546       0       0       0
  942      0.00000000   -237.44692546   -237.44692546       0       0       0
  943      0.00000000   -237.44692546   -237.44692546       0       0       0
  944      0.00000000   -237.44692546   -237.44692546       0       0       0
  945      8.33284227    -50.93229998   -237.44692546       0       0     186
  946      8.12990431   -115.43260835   -237.44692546       1       0     175
  947      2.85137586   -189.10865920   -237.44692546       3       0      86
  948      1.57742125   -205.72862873   -237.44692546       4       0      37
  949      8.64583326    -43.92659944   -237.44692546       2       0      12
  950      0.00000000   -237.44692546   -237.44692546       1       0       1
  951      0.00000000   -237.44692546   -237.44692546       0       0       3
  952      0.00000000   -237.44692546   -237.44692546       0       0       0
  953      0.00000000   -237.44692546   -237.44692546       0       0       0
  954      0.00000000   -237.44692546   -237.44692546       0       0       0
  955      0.00000000   -237.44692546   -237.44692546       0       0       0
  956      0.00000000   -237.44692546   -237.44692546       0       0       0
  957      0.00000000   -237.44692546   -237.44692546       0       0       0
  958      0.00000000   -237.44692546   -237.44692546       0       0       0
  959      0.00000000   -237.44692546   -237.44692546       0       0       0
  960      0.00000000   -237.44692546   -237.44692546       0       0       0
  961      9.99757062    -50.62717432   -237.44692546       0       0     185
  962      6.88436872    -99.92362324   -237.44692546       4       0     173
  963      5.42624924   -115.99078699   -237.44692546       3       0      85
  964      0.00000000   -237.44692546   -237.44692546       1       0      39
  965      0.00000000   -237.44692546   -237.44692546       0       0      13
  966      0.00000000   -237.44692546   -237.44692546       0       0       2
  967      0.00000000   -237.44692546   -237.44692546       0       0       3
  968      0.00000000   -237.44692546   -237.44692546       0       0       0
  969      0.00000000   -237.44692546   -237.44692546       0       0       0
  970      0.00000000   -237.44692546   -237.44692546       0       0       0
  971      0.00000000   -237.44692546   -237.44692546       0       0       0
  972      0.00000000   -237.44692546   -237.44692546       0       0       0
  973      0.00000000   -237.44692546   -237.44692546       0       0       0
  974      0.00000000   -237.44692546   -237.44692546       0       0       0
  975      0.00000000   -237.44692546   -237.44692546       0       0       0
  976      0.00000000   -237.44692546   -237.44692546       0       0       0
  977      8.56455796    -51.19485209   -237.44692546       0       0     181
  978     14.49450996    -26.46766388   -237.44692546       3       0     174
  979      4.79301603   -130.55781107   -237.44692546       5       0      87
  980      3.19085036   -166.02588559   -237.44692546       3       0      40
  981      3.36823324   -162.05551150   -237.44692546       1       0      13
  982      0.00000000   -237.44692546   -237.44692546       1       0       2
  983      0.00000000   -237.44692546   -237.44692546       0       0       3
  984      0.00000000   -237.44692546   -237.44692546       0       0       0
  985      0.00000000   -237.44692546   -237.44692546       0       0       0
  986      0.00000000   -237.44692546   -237.44692546       0       0       0
  987      0.00000000   -237.44692546   -237.44692546       0       0       0
  988      0.00000000   -237.44692546   -237.44692546       0       0       0
  989      0.00000000   -237.44692546   -237.44692546       0       0       0
  990      0.00000000   -237.44692546   -237.44692546       0       0       0
  991      0.00000000   -237.44692546   -237.44692546       0       0       0
  992      0.00000000   -237.44692546   -237.44692546       0       0       0
  993     14.51940436    -45.06102804   -237.44692546       0       0     178
  994     11.32536264     -0.00456045   -237.44692546       4       0     172
  995      6.92849656    -82.36587399   -237.44692546       2       0      89
  996      0.00000000   -237.44692546   -237.44692546       1       0      42
  997      0.00000000   -237.44692546   -237.44692546       0       0      13
  998      0.00000000   -237.44692546   -237.44692546       0       0       3
  999      0.00000000   -237.44692546   -237.44692546       0       0       3
 1000      0.00000000   -237.44692546   -237.44692546       0       0       0
----------------------------------------------------------------------------------
Artificial Bee Colony Optimization Finished!

 -- Results Report --
 * 100 LMs will be saved in [ h_1_waters-LM ].
      #          Energy
      0   -237.44692546
      1   -237.13994649
      2   -237.11120157
      3   -237.05826809
      4   -237.01144642
      5   -236.99762238
      6   -236.93501594
      7   -236.89443758
      8   -236.83864624
      9   -236.68553864
     10   -236.61290668
     11   -236.61086464
     12   -236.35047860
     13   -236.18865740
     14   -236.04293237
     15   -236.01167374
     16   -235.95077828
     17   -235.89651607
     18   -235.83938239
     19   -235.82394226
     20   -235.82155417
     21   -235.53908976
     22   -235.38625496
     23   -235.22554092
     24   -234.66479836
     25   -234.52438463
     26   -234.25670256
     27   -234.07194304
     28   -234.06761720
     29   -234.03575769
     30   -233.94540580
     31   -233.92404888
     32   -233.82409620
     33   -233.53923740
     34   -233.45825979
     35   -233.16162557
     36   -233.16024474
     37   -233.02521455
     38   -232.91577999
     39   -232.85944322
     40   -232.81397643
     41   -232.79310835
     42   -232.78445503
     43   -232.74651253
     44   -232.64879205
     45   -232.37030372
     46   -232.28963361
     47   -232.27115433
     48   -231.79461985
     49   -231.79194857
     50   -231.61462728
     51   -231.45056892
     52   -231.27878760
     53   -231.23102675
     54   -231.11220241
     55   -230.63476833
     56   -230.58472247
     57   -230.43497515
     58   -229.70965294
     59   -229.52811605
     60   -229.32576085
     61   -229.02958103
     62   -228.74707377
     63   -228.48166561
     64   -228.26643962
     65   -228.24852940
     66   -228.13646579
     67   -228.09156509
     68   -227.78929885
     69   -227.74697459
     70   -227.26324341
     71   -227.24158357
     72   -227.10926692
     73   -227.00942017
     74   -226.89218700
     75   -226.48751815
     76   -226.45422601
     77   -226.40419407
     78   -226.12257549
     79   -225.96841495
     80   -225.61342487
     81   -225.50117918
     82   -225.39389368
     83   -225.07446017
     84   -224.98264329
     85   -224.79272731
     86   -224.72411842
     87   -224.55123555
     88   -224.33213995
     89   -224.28031821
     90   -224.25107830
     91   -223.99800424
     92   -223.80508181
     93   -223.78383425
     94   -223.68809809
     95   -223.59601878
     96   -223.58659471
     97   -223.37766348
     98   -223.17862889
     99   -223.10690667

 * Final Global Minimal Energy:   -237.44692546
 * The Global Minimum is saved as: [ h_1_waters-OPT.(cluster/xyz/gjf) ]

===== (^ _ ^) =====
Normal termination at Fri Sep 14 16:20:24 2018.
Total run time: 73 seconds = 0 days 0 hours 1 minutes 13 seconds.
