
################################################################################

 PACKMOL - Packing optimization for the automated generation of
 starting configurations for molecular dynamics simulations.
 
                                                              Version 20.3.4 

################################################################################

  Packmol must be run with: packmol < inputfile.inp 

  Userguide at: http://m3g.iqm.unicamp.br/packmol 

  Reading input file... (Control-C aborts)
  Seed for random number generator:      1234567
  Output file: ./calcs/1meoh.272h2o.pm.xyz
  Reading coordinate file: ./calcs/meoh.xyz
  Reading coordinate file: ./calcs/h2o.xyz
  Number of independent structures:            2
  The structures are: 
  Structure            1 :(           6  atoms)
  Structure            2 :(           3  atoms)
  Maximum number of GENCAN loops for all molecule packing:          400
  Total number of restrictions:            2
  Distance tolerance:    2.0000000000000000     
  Number of molecules of type            1 :            1
  Number of molecules of type            2 :          272
  Total number of atoms:          822
  Molecule (           1 ) will be fixed.
  Total number of molecules:          273
  Number of fixed molecules:            1
  Number of free molecules:          272
  Number of variables:         1632
  Total number of fixed atoms:            6
  Maximum internal distance of type            1 :    1.5229600000000001     
  All atoms must be within these coordinates: 
   x: [   -1000.0000000000000      ,    1000.0000000000000       ] 
   y: [   -1000.0000000000000      ,    1000.0000000000000       ] 
   z: [   -1000.0000000000000      ,    1000.0000000000000       ] 
  If the system is larger than this, increase the sidemax parameter. 

################################################################################

  Building initial approximation ... 

################################################################################

  Adjusting initial point to fit the constraints 

--------------------------------------------------------------------------------

--------------------------------------------------------------------------------

  Molecules of type:            2

  Packing:|0                                                             100%|
          |******************************************************************|
          |******************************************

  Restraint-only function value:    3.0835328808531528E-005
  Maximum violation of the restraints:    1.0486125015598609E-005

--------------------------------------------------------------------------------

  Rescaling maximum and minimum coordinates... 
  Computing size of patches... 
  Add fixed molecules to permanent arrays... 
  Reseting center of mass... 

--------------------------------------------------------------------------------

  Setting initial trial coordinates ... 

--------------------------------------------------------------------------------

--------------------------------------------------------------------------------

  Molecules of type:            2
  Adjusting random positions to fit the constraints. 
  Packing:|0                                                             100%|
          |
  Restraint-only function value:    5.2677389527830995E-004
  Maximum violation of the restraints:    4.4834386160394501E-004

################################################################################

  Objective function at initial point:    5375.8369584380616     

################################################################################

  Packing molecules of type:            2

################################################################################


--------------------------------------------------------------------------------

  Starting GENCAN loop:            0
  Scaling radii by:    1.1000000000000001     

  Packing:|0                                                             100%|
          |******************************************************************|
          |

  Function value from last GENCAN loop: f = .17621E-02
  Best function value before: f = .53758E+04
  Improvement from best function value:    99.99 %
  Improvement from last loop:    99.99 %
  Maximum violation of target distance:     0.000000
  Maximum violation of the constraints: .60673E-03
  Current structure written to file: ./calcs/1meoh.272h2o.pm.xyz
--------------------------------------------------------------------------------
  Packing solved for molecules of type           2
  Objective function value:    1.7620694464375367E-003
  Maximum violation of target distance:    0.0000000000000000     
  Max. constraint violation:    6.0673428797676705E-004
--------------------------------------------------------------------------------

################################################################################

  Packing all molecules together 

################################################################################


  Initial approximation is a solution. Nothing to do. 

  Solution written to file: ./calcs/1meoh.272h2o.pm.xyz

################################################################################

                                 Success! 
              Final objective function value: .60005E+01
              Maximum violation of target distance:   0.000000
              Maximum violation of the constraints: .60673E-03

--------------------------------------------------------------------------------

              Please cite this work if Packmol was useful: 

           L. Martinez, R. Andrade, E. G. Birgin, J. M. Martinez, 
         PACKMOL: A package for building initial configurations for
                   molecular dynamics simulations. 
          Journal of Computational Chemistry, 30:2157-2164,2009.

################################################################################

   Running time:    5.05249985E-02  seconds. 

--------------------------------------------------------------------------------


