    * * * * * * * * * * * * * * * * * * * * *
    *       __    ____    ______            *
    *      /  \  |  _ \  |  ___/  luster !  *
     *    / _  \ | |_| | | |               *
     *   / /_\ | |  _ <  | |     < @  @ >  * 
     *  / ___  | | |_| | | |___ _ _  o     * 
    *  /_/   |_| |____/  |_____ _ __ __  _  *
    *                                       *
    * * * * * * * * * * * * * * * * * * * * *

ABCluster 1.5.1
Specific flag:  official version
Platform:       LINUX/UNIX
Compiled by:    junzhang@gellmann.scs.illinois.edu
Compiling date: Dec 18 2017 20:33:35
C++ compiler:   g++
C++ options:    -O3 -Os -fno-exceptions --std=c++0x -fopenmp 

Contributors:
Jun Zhang(University of Cologne): Design and coding.

For any suggestions, comments, and questions on the theory and
implementation of ABCluster, please feel free to contact:

Dr. Jun Zhang, ZhangJunQcc@gmail.com

If you used this program in your work, please cite this reference:

[1] Zhang, J.; Dolg, M.; ABCluster: The Artificial Bee Colony Algorithm for
    Cluster Global Optimization. Phys. Chem. Chem. Phys. 2015, 17, 24173-24181.
[2] Zhang, J.; Dolg, M.; Global Optimization of Clusters of Rigid Molecules by the
    Artificial Bee Colony Algorithm. Phys. Chem. Chem. Phys. 2016, 18, 3003-3010.

Program starts at Fri Sep 14 15:54:55 2018.
Command line: " /ihome/jkeith/yab16/ABC/ABCluster-Linux/lib/rigidmol-optimizer so4_4_waters.inp "
Process ID:   177335
Run by:       yab16@smp-n53.crc.pitt.edu
Available CPU cores:    24
Read "OMP_NUM_THREADS": Unset

Random number testing (integers): 1708135270...940836568
Random number testing (fractals): 0.43207212...0.54860666

 -- Input/Output Parameters --
Input file name:      so4_4_waters.inp
Cluster file name:    input.cluster
Result file name:     so4_4_waters.(cluster/xyz/gjf)
Temporary file name:  abclusteryab16smp-n53.crc.pitt.edu177335-OPT
# of saved LMs:       100
LMs are stored in:    so4_4_waters-LM

 -- ABC Control Parameters --
Population size:                  500
Maximal generation:              1000
Scout limit:                       15
Amplitude:                 5.00000000

 -- Cluster Components: from [ input.cluster ] --
 -----------------------------------------------------------
   Source                                       #   Charge
 -----------------------------------------------------------
   /ihome/jkeith/yab16/ABC/ABCluster-Linux-0/rigidmolecularcluster/charmm36/tip4p.xyz     4    0.000
   /ihome/jkeith/yab16/ABC/ABCluster-Linux-0/rigidmolecularcluster/charmm36/so4.xyz     1   -2.000
 -----------------------------------------------------------
   Dimension: 0, an isolate cluster.
 -----------------------------------------------------------

Artificial Bee Colony Optimization Starts!
----------------------------------------------------------------------------------
 * Population: 500; Maximal cycles: 1000
 * EM = Employed Bee; Trigonometric mutation
 * OL = Onlooker Bee; ABC/best/2(0.5)+ABC/current/2(0.5);
        Tournament selection from 5 nectars.
 * SC = Scout Bee; Random nectar; Limit = 15
----------------------------------------------------------------------------------
    #       Diversity            maxE            minE    byEM    byOL    bySC
----------------------------------------------------------------------------------
    1      9.51794822   -382.36289785   -419.85507764     268      37       0
    2      8.04129673   -388.52719289   -419.85507822     165      28       0
    3      6.89256518   -388.52719289   -419.85507790     134       9       0
    4      6.02348981   -393.68774543   -419.85507760      93       5       0
    5      5.38810695   -393.76059890   -419.85507822      58       1       0
    6      4.73663265   -393.76059890   -419.85507822      58       1       0
    7      4.28484160   -403.06078355   -419.85507760      51       0       0
    8      3.97362561   -403.06078368   -419.85507760      36       1       0
    9      3.75247128   -404.92865290   -419.85507790      20       0       0
   10      3.55163681   -404.92865290   -419.85507772      20       0       0
   11      3.37520175   -404.92865290   -419.85507764      13       0       0
   12      3.23034344   -404.92865290   -419.85507803      14       0       0
   13      3.03418366   -407.46003007   -419.85507803      20       0       0
   14      2.87650640   -407.46003010   -419.85507764      14       0       0
   15      2.65159787   -407.46003093   -419.85507803      23       0       0
   16      2.30653318   -407.46003093   -419.85507803      18       0       0
   17      6.47385739   -377.20499157   -419.85507803      10       0      42
   18     16.51892544   -161.64445956   -419.85507760      26       0     115
   19 586184.70386749 12831383.20889580   -419.85507822      83       0     148
   20 5790521.64203220 129609267.45343268   -419.85507764     129       3     111
   21      9.50343644   -366.60456841   -419.85507790     149      13      60
   22      8.85495934   -330.31940929   -419.85507790     133       6      19
   23      6.85325404   -382.91567151   -419.85507772     113       5       3
   24      6.48961538   -352.44546962   -419.85507790      79       7       2
   25      5.25832977   -395.43536830   -419.85507822      58       3       0
   26      4.84177496   -400.09932042   -419.85507822      42       0       0
   27      4.41263923   -401.87210655   -419.85507822      38       2       0
   28      4.07987823   -401.87210703   -419.85507772      30       1       0
   29      3.81521616   -402.99477703   -419.85507795      33       0       0
   30      3.53575460   -405.28214798   -419.85507803      25       0       0
   31      3.29179253   -405.28214798   -419.85507772      21       0       0
   32      3.13682178   -405.28214798   -419.85507822      16       0       0
   33      3.48531231   -382.36289737   -419.85507772      16       0       3
   34      5.18083327   -366.60456867   -419.85507764      16       0      21
   35 2641544.04297148 59125460.36036581   -419.85507760      25       0      53
   36 3159336.00520771 70715238.63563322   -419.85507795      43       0      95
   37 254616.34915565 5698685.87148141   -419.85507764      89       1      97
   38     12.89907780   -270.37174697   -419.85507760     100       0     106
   39 158451522.83619675 3546631758.57279348   -419.85507764     143       2      62
   40      8.54126988   -354.95786151   -419.85507760     130       7      40
   41     10.38577593   -244.05864606   -419.85507760     114       3      13
   42   7544.29478504 168449.47096249   -419.85507795      93       2       9
   43      5.50859600   -389.90946646   -419.85507822      68       1       1
   44      4.50069588   -394.91749250   -419.85507764      72       1       0
   45      3.98403051   -399.32906393   -419.85507760      37       0       0
   46      3.49667867   -402.99477658   -419.85507772      32       0       0
   47      3.23729871   -404.37809906   -419.85507760      23       0       0
   48      2.94350719   -406.46501035   -419.85507772      29       0       0
   49      2.64114918   -406.46501035   -419.85507772      21       0       0
   50      2.96398015   -392.78956937   -419.85507795      12       0       5
   51      4.02663482   -382.91567186   -419.85507790      14       0      10
   52  10428.13149643 232995.45240983   -419.85507795      21       0      27
   53      8.09217876   -352.44547041   -419.85507764      26       0      58
   54 5379322.84869136 120392362.21634705   -419.85507790      45       0      79
   55     10.45850720   -365.36444985   -419.85507764      79       0      81
   56 205770.63578483 4605367.78417561   -419.85507795      93       1      70
   57  17358.89747661 388133.88193939   -419.85507822     116       2      74
   58 530455.71409514 11872817.81948062   -419.85507822     129       3      52
   59  47092.63698212 1053664.57818810   -419.85507822     119       4      23
   60 668864.42045670 14970827.11050631   -419.85507764      87       2      12
   61      5.43467529   -389.90946680   -419.85507790      83       3       7
   62      4.32646432   -399.32906352   -419.85507790      63       1       1
   63      3.98957823   -401.31254773   -419.85507795      52       0       1
   64      3.48877495   -401.87210635   -419.85507803      40       0       0
   65      3.10679897   -405.71842000   -419.85507822      31       0       0
   66      2.86384726   -401.55094830   -419.85507764      30       0       1
   67      2.68212397   -401.55094830   -419.85507803      21       0       2
   68      3.95595419   -382.91567112   -419.85507803      14       0       8
   69 4153395.53252779 69251367.77528194   -419.85507790      16       0      17
   70  66174.27918778 1480766.80813105   -419.85507822      22       0      33
   71 939739.24129700 20844110.18296567   -419.85507803      35       0      46
   72      8.92243936   -372.90695936   -419.85507790      56       0      65
   73     23.36978585     30.63037109   -419.85507764      72       0      76
   74 166362.21115182 3723285.15524226   -419.85507822      96       0      58
   75 442369.16750400 9901168.96272361   -419.85507790     100       2      72
   76      8.63677368   -364.73979941   -419.85507760     111       4      53
   77   2248.88843908  49922.52512505   -419.85507790     107       1      29
   78   2248.91743652  49922.52512505   -419.85507760      78       1      25
   79      8.93076041   -257.01789095   -419.85507795      81       1      12
   80      4.71759913   -376.97413045   -419.85507772      65       1       2
   81      4.13638648   -382.91567106   -419.85507764      53       0       1
   82      3.41847248   -399.13446019   -419.85507790      49       1       0
   83      2.97215464   -405.28214783   -419.85507790      33       0       1
   84      4.69719607   -331.95484385   -419.85507772      23       0       1
   85      3.65549078   -382.36289753   -419.85507772      26       0       4
   86      4.11723182   -384.19944614   -419.85507760      18       0      10
   87 2910335.99289052 65141847.59700650   -419.85507822      19       0      19
   88      6.19986095   -379.45763322   -419.85507764      21       0      30
   89     11.22626578   -254.56066406   -419.85507772      33       0      43
   90     13.51724667   -244.21062686   -419.85507822      47       0      64
   91 5697636.26786885 127512124.47834979   -419.85507772      76       1      73
   92 241996.66810809 4369314.31576103   -419.85507772     101       1      57
   93 448120.32405154 9036782.41260228   -419.85507760      90       0      68
   94     13.46045710   -178.53642647   -419.85507772     109       0      47
   95  54321.17419939 1215460.17698233   -419.85507803      99       0      39
   96  17462.28863163 390444.43449261   -419.85507803      82       2      21
   97      6.45352906   -366.71754340   -419.85507803      76       0      15
   98      4.55580683   -382.36289774   -419.85507772      65       0       5
   99      3.46959966   -401.55094856   -419.85507790      52       0       1
  100      3.46488671   -384.19944636   -419.85507822      36       0       3
  101      2.85052153   -405.71841980   -419.85507772      24       0       0
  102      2.51787230   -406.46501025   -419.85507764      22       0       0
  103     11.55083910   -170.81166209   -419.85507764      21       0       8
  104 337977.91539264 7564566.06953415   -419.85507772      20       0      15
  105      7.23179398   -336.36464380   -419.85507822      22       0      22
  106 1549052.14822305 34672131.11164454   -419.85507822      27       0      29
  107      7.54951910   -352.44547041   -419.85507822      31       0      44
  108      7.65791594   -355.38019934   -419.85507772      55       0      46
  109      9.09879243   -376.97413024   -419.85507803      65       0      74
  110 1303558.55881688 29157003.93899155   -419.85507764      70       0      66
  111     12.34974420   -213.24761594   -419.85507790      95       0      60
  112 427294.24286690 8251034.55495831   -419.85507790      94       1      51
  113 524370.16045746 11736601.40737342   -419.85507764      88       0      28
  114  92466.64517777 2069271.34939087   -419.85507795      89       0      24
  115      6.56261926   -379.23405014   -419.85507790      55       0      21
  116      5.43199516   -377.20499176   -419.85507772      68       0       8
  117      3.58576056   -395.43536800   -419.85507760      44       0       1
  118      3.91276289   -363.70910370   -419.85507760      23       0       1
  119      2.69062240   -392.84389981   -419.85507772      25       0       2
  120      2.54618315   -401.71439174   -419.85507822      15       0       4
  121 232094894.24140078 5194996785.96948147   -419.85507790      14       0      14
  122  68786.30542689 1539230.40256361   -419.85507803      19       0      15
  123      6.13324846   -377.20499171   -419.85507822      17       0      26
  124 712593.00258082 15949603.98333556   -419.85507803      31       0      31
  125      9.12021298   -311.84497862   -419.85507822      38       0      44
  126      9.68286316   -316.05178814   -419.85507764      49       0      53
  127 159619.61269434 3572362.23882183   -419.85507795      65       0      60
  128 34417225.76009674 770349605.39543021   -419.85507772      75       0      71
  129  41381.62903717 925833.64126434   -419.85507760      88       0      56
  130     13.98173336   -210.89072922   -419.85507790      80       0      43
  131      8.77262419   -291.60438852   -419.85507803      75       0      24
  132   8989.03369313 200786.06122856   -419.85507760      59       0      28
  133      5.64394642   -382.36289717   -419.85507764      78       0      19
  134      4.44371390   -382.36289750   -419.85507803      50       0       5
  135      3.38620350   -389.90946636   -419.85507822      25       0       5
  136      2.15829684   -401.87210678   -419.85507803      27       0       1
  137      2.60836500   -390.64495709   -419.85507803      14       0       5
  138      3.30209370   -384.55307430   -419.85507790      11       0      10
  139      3.42969913   -390.22386442   -419.85507803      12       0      11
  140      7.13756914   -312.74118380   -419.85507760      13       0      22
  141      6.44571602   -376.74308413   -419.85507803      20       0      26
  142 444354.34801728 8632551.76837053   -419.85507760      32       0      39
  143      7.53292761   -366.60456841   -419.85507803      47       0      42
  144 2709900.99250480 60630359.57139354   -419.85507760      56       0      65
  145     12.62741771   -249.74112131   -419.85507803      74       0      66
  146     11.02475053   -245.41543995   -419.85507822      88       0      54
  147      9.32830118   -326.10041120   -419.85507760      68       0      42
  148   1982.26761415  43952.08448183   -419.85507822      78       0      39
  149     13.49251001   -224.64229565   -419.85507760      61       0      32
  150      6.44265621   -364.73979941   -419.85507760      52       0      23
  151 230940.18220425 5168732.87756991   -419.85507760      48       0      14
  152      3.74386306   -379.45763352   -419.85507760      37       0       5
  153      2.26968441   -389.58837842   -419.85507760      22       0       3
  154      1.81800929   -389.72326359   -419.85507803      11       0       5
  155      2.91140869   -377.20499173   -419.85507803       3       0       9
  156      3.60649104   -378.89617793   -419.85507822       8       0      10
  157      4.57591580   -384.19944605   -419.85507760      11       0      20
  158      4.39336867   -379.45763396   -419.85507803      19       0      18
  159  64780.27089513 1449563.71973429   -419.85507760      16       0      35
  160  28311.64297344 633284.29348863   -419.85507803      35       0      48
  161     15.22872662   -201.71392620   -419.85507760      49       0      43
  162 3393140.85293501 74173535.05703546   -419.85507760      46       0      71
  163  23094.48598266 516509.74152688   -419.85507822      71       0      56
  164      9.56005602   -311.46767787   -419.85507764      73       0      51
  165   5836.09094433 130212.76713577   -419.85507760      83       0      43
  166      6.76727434   -382.36289717   -419.85507795      58       0      26
  167     13.69890378   -147.51455280   -419.85507760      51       0      27
  168 1802442.07179642 40343776.23607496   -419.85507760      46       0      25
  169      4.54104122   -388.05393930   -419.85507760      34       0      10
  170      2.79452061   -386.69606792   -419.85507760      28       0       4
  171      2.49827506   -390.64495644   -419.85507760       9       0       6
  172      3.11093261   -372.90695971   -419.85507760       9       0       6
  173 2305546.98420221 51604809.58389252   -419.85507760       8       0      10
  174 2080268.69703137 46562389.00155026   -419.85507760      10       0      18
  175      4.21561590   -382.91567106   -419.85507760      14       0      18
  176      6.09141921   -377.20499161   -419.85507760      17       0      34
  177  24020.90739090 537244.25469300   -419.85507760      32       0      44
  178     11.16370613   -240.56763298   -419.85507760      42       0      39
  179 38139960.36668722 853689140.40407991   -419.85507760      45       0      59
  180     19.64297736   -135.14992582   -419.85507760      55       0      53
  181      8.75251663   -376.74308496   -419.85507760      60       0      59
  182     15.00985880   -190.16435067   -419.85507760      71       0      47
  183     12.03610917   -248.88825841   -419.85507760      66       0      33
  184 569004.54378029 11129182.07728696   -419.85507760      49       0      27
  185     11.28909721   -211.46933003   -419.85507760      42       0      25
  186      5.68648134   -360.96450388   -419.85507760      39       0      15
  187      2.70534663   -392.84389921   -419.85507822      21       0       7
  188      2.42361560   -384.55307437   -419.85507760       8       0       5
  189      2.26147418   -389.90946646   -419.85507760       6       0       6
  190      4.73639586   -366.60456884   -419.85507760       6       0      15
  191      3.98577803   -382.91567152   -419.85507760      12       0      11
  192      5.01851566   -376.97413019   -419.85507760      15       0      20
  193    799.83843335  17483.17089259   -419.85507760      24       0      30
  194      7.76239038   -365.94571006   -419.85507760      33       0      43
  195  54557.12113419 1220738.91870008   -419.85507760      44       0      44
  196      7.34059312   -379.45763352   -419.85507760      44       0      49
  197     10.79894644   -281.06013456   -419.85507803      50       0      50
  198 21764836.46913145 475287614.58588946   -419.85507760      61       0      62
  199 88180293.32632938 1973746877.29174519   -419.85507760      70       0      42
  200 366827.54820155 8210311.65997255   -419.85507760      67       0      37
  201      9.23440790   -285.89874979   -419.85507760      50       0      34
  202      7.42663256   -313.38629769   -419.85507760      59       0      29
  203      4.57810510   -366.60456802   -419.85507760      37       0      15
  204      8.83642795   -237.19447926   -419.85507760      22       0       8
  205      2.62031925   -393.76059964   -419.85507760      19       0       5
  206      2.49180898   -390.64052723   -419.85507760       8       0       5
  207      3.60556967   -389.90946646   -419.85507760       7       0      14
  208      2.53730567   -393.68774594   -419.85507760      15       0       8
  209      8.10652680   -262.33851256   -419.85507760      10       0      24
  210      5.77295515   -352.44547002   -419.85507760      19       0      24
  211 309727.95645404 5869987.55065911   -419.85507764      22       0      48
  212  56816.27250128 1271305.63012639   -419.85507772      36       0      38
  213  26419.97642572 590943.28301401   -419.85507760      46       0      43
  214     11.65672390   -230.69919432   -419.85507760      53       0      48
  215 1456753.14010999 32606197.74031192   -419.85507760      57       0      56
  216 149621.93604106 3348583.45722351   -419.85507760      63       0      50
  217     10.33748909   -238.61445685   -419.85507760      69       0      37
  218      8.64385315   -314.90905328   -419.85507760      53       0      42
  219     11.70764836   -215.54006375   -419.85507760      61       0      31
  220     10.39285564   -219.36804032   -419.85507760      41       0      13
  221      4.13237678   -384.19944588   -419.85507760      30       0      12
  222      2.96687857   -384.19944590   -419.85507760      20       0       6
  223      2.48822980   -382.36289744   -419.85507760      13       0       5
  224  28676.28134372 641443.93993168   -419.85507760       4       0      14
  225      3.61225969   -382.36289737   -419.85507760      12       0      11
  226      4.27782268   -382.36289737   -419.85507760      14       0      21
  227  35342.27116198 605625.59436085   -419.85507760      15       0      28
  228 145262.80860901 3251011.02424494   -419.85507760      31       0      37
  229     12.37949081   -172.11511858   -419.85507760      35       0      34
  230 226231.50383987 4650310.93458748   -419.85507760      31       0      45
  231 223484.38422617 5001850.62837897   -419.85507760      46       0      43
  232 16917339.64691565 378468023.05876380   -419.85507760      60       0      52
  233      7.96049683   -382.36289701   -419.85507760      53       0      52
  234 2294627.32619521 51009908.37866011   -419.85507760      57       0      45
  235 451454.81668859 8455420.54669871   -419.85507795      66       0      41
  236  30218.11219155 675956.78433716   -419.85507760      56       0      29
  237     13.49824633   -185.86139164   -419.85507760      51       0      24
  238      4.69963043   -384.19944684   -419.85507760      35       0      10
  239      3.70101760   -372.90695869   -419.85507760      28       0      10
  240      7.07746884   -267.34803780   -419.85507760      12       0       5
  241 145619.83096368 3258999.95280837   -419.85507760       5       0      11
  242      5.19653184   -366.60456894   -419.85507760      10       0      16
  243      4.31055636   -373.60134244   -419.85507760      17       0      15
  244      8.22595133   -270.54341831   -419.85507760      17       0      30
  245     12.24040687   -188.48887381   -419.85507760      21       0      37
  246      7.03024067   -328.95058712   -419.85507760      36       0      27
  247      7.43481708   -348.27396786   -419.85507760      37       0      41
  248 369959.34987740 8280410.67084034   -419.85507760      43       0      51
  249     11.63683564   -256.03277105   -419.85507760      52       0      48
  250 3658125.87803520 81879685.05508377   -419.85507760      64       0      43
  251      8.46770897   -338.94317251   -419.85507760      53       0      43
  252      7.87056557   -352.44547029   -419.85507760      49       0      43
  253      7.53956262   -378.89617793   -419.85507760      42       0      38
  254 1126682.75550865 25106177.87764627   -419.85507760      49       0      24
  255      5.19022532   -359.22776007   -419.85507760      30       0      18
  256      3.70561136   -384.19944614   -419.85507760      19       0       9
  257      2.51791077   -388.52719227   -419.85507760      19       0       6
  258     88.27768171   1555.18979521   -419.85507803       7       0      11
  259      3.41379970   -376.97412973   -419.85507760      12       0      13
  260      4.82557078   -382.36289753   -419.85507760      13       0      21
  261     10.62216286   -217.11050257   -419.85507803      18       0      22
  262      6.16389973   -379.45763396   -419.85507760      28       0      36
  263 661686.26003614 14378532.66009576   -419.85507760      33       0      30
  264     12.44927119   -177.12315175   -419.85507760      32       0      38
  265 347468.02422984 7776984.98200468   -419.85507760      43       0      47
  266 204351.37197231 4557084.95214269   -419.85507790      43       0      48
  267 957421.11887523 21429610.44947585   -419.85507760      52       0      48
  268     13.55276760   -182.18480018   -419.85507760      53       0      44
  269 476411.05491693 10663126.53233553   -419.85507790      54       0      39
  270      7.56128484   -379.23404972   -419.85507790      54       0      43
  271      6.14971566   -366.60456822   -419.85507760      58       0      24
  272      9.45340571   -242.61083560   -419.85507760      35       0      19
  273   2704.81622055  60122.82995316   -419.85507764      27       0      10
  274      3.02813673   -379.45763389   -419.85507760      17       0       6
  275      4.00055439   -352.44547018   -419.85507760       7       0      14
  276      3.72356819   -382.91567124   -419.85507760       8       0      11
  277      4.16358925   -384.19944660   -419.85507760      13       0      16
  278 359833.80339433 8053768.03305467   -419.85507760      17       0      27
  279      5.90736128   -379.23405035   -419.85507760      25       0      33
  280 480787.84069825 10761091.92060864   -419.85507760      32       0      30
  281      7.57398160   -336.00994161   -419.85507760      39       0      34
  282 594550.69333647 13307456.34208941   -419.85507760      38       0      50
  283 117302.35829264 2625170.21259575   -419.85507760      58       0      44
  284 125388.62090460 2806165.39336410   -419.85507760      47       0      43
  285 15129288.95877655 338361574.67825007   -419.85507760      43       0      45
  286 941853.58380773 21081161.66708579   -419.85507760      50       0      37
  287      8.42303403   -366.60456866   -419.85507760      45       0      52
  288      5.64293059   -370.59231549   -419.85507760      54       0      26
  289      5.66874539   -376.97413019   -419.85507760      33       0      20
  290      6.14242439   -300.24827719   -419.85507760      29       0      10
  291      3.41748087   -384.19944635   -419.85507760      16       0      11
  292      3.62262529   -384.55307505   -419.85507760      11       0      11
  293      3.77321405   -382.91567151   -419.85507760       9       0       8
  294      4.99642893   -382.36289789   -419.85507760      10       0      19
  295     12.18146881   -186.86702629   -419.85507760      19       0      22
  296      5.71834806   -377.20499157   -419.85507760      23       0      33
  297      6.52513650   -356.77312098   -419.85507760      31       0      29
  298 178360.59892657 3991841.13176520   -419.85507760      30       0      37
  299 1990691.85626739 44557386.16127808   -419.85507760      38       0      48
  300 699925.80601837 15078550.31769177   -419.85507760      52       0      44
  301 176843.07615158 3957874.68201896   -419.85507760      61       0      41
  302     10.12437325   -251.22184386   -419.85507760      50       0      44
  303     12.13645473   -201.57048286   -419.85507760      54       0      39
  304  50899.62838197 1138873.72035337   -419.85507760      46       0      57
  305      6.43172747   -379.45763419   -419.85507760      63       0      26
  306      5.30243621   -382.91567186   -419.85507760      42       0      18
  307      4.08939080   -379.45763354   -419.85507760      34       0      14
  308      3.94340280   -372.90695869   -419.85507760      21       0      11
  309      3.50946030   -388.52719187   -419.85507760      14       0       9
  310      2.96822984   -389.90946613   -419.85507803      11       0       5
  311     10.04468628   -248.25031645   -419.85507760       8       0      21
  312      5.47088336   -377.20499161   -419.85507760      17       0      26
  313      6.10289699   -366.71754369   -419.85507760      27       0      25
  314 6612220.78923772 148001409.49685290   -419.85507760      26       0      32
  315 2496665.40602703 55882628.37521191   -419.85507822      36       0      29
  316 1053314.38234913 23575995.94819620   -419.85507822      33       0      42
  317  97099.88112021 2172976.56386428   -419.85507760      38       0      54
  318      7.27890944   -375.97844062   -419.85507760      55       0      40
  319 277289.49854780 6206174.34790252   -419.85507760      46       0      40
  320      7.46914148   -382.91567198   -419.85507760      47       0      41
  321 110205.04030727 2466312.52845829   -419.85507760      57       0      56
  322 254387.76078420 5693563.02403708   -419.85507760      67       0      33
  323    506.09900799  10908.86641188   -419.85507760      49       0      20
  324      4.33858432   -382.36289750   -419.85507760      25       0      14
  325 1492429.65359310 32782556.20196053   -419.85507760      23       0       9
  326      9.93119775   -250.63505537   -419.85507760      17       0      12
  327 3586677.30754151 80280444.32369874   -419.85507760      10       0       7
  328      4.89684024   -366.60456844   -419.85507760      10       0      18
  329      6.95662992   -310.00546751   -419.85507760      14       0      26
  330  31876.98885290 713086.75797670   -419.85507760      22       0      24
  331      5.07688089   -382.36289789   -419.85507760      27       0      31
  332 468146.77626295 10478145.72336126   -419.85507760      31       0      33
  333      6.14586693   -366.60456812   -419.85507760      32       0      36
  334      7.61422478   -377.20499173   -419.85507760      36       0      53
  335      7.16142749   -342.85871004   -419.85507760      52       0      34
  336     12.17088734   -193.11030474   -419.85507760      46       0      45
  337     12.30614446   -193.76876306   -419.85507760      45       0      37
  338     15.14289326   -134.55079320   -419.85507760      53       0      55
  339     10.06139723   -264.31108710   -419.85507760      68       0      42
  340      6.18617241   -379.23404972   -419.85507760      53       0      19
  341     17.40062766    -44.22302105   -419.85507760      44       0      17
  342      3.77349451   -390.64052716   -419.85507760      27       0      10
  343      4.68057352   -376.97412973   -419.85507760      17       0      12
  344      4.01428930   -382.91567106   -419.85507803      17       0      11
  345      5.21646422   -378.89617829   -419.85507760      14       0      17
  346   6644.13763299 148297.39977554   -419.85507760      19       0      23
  347      8.70576393   -250.24236094   -419.85507760      26       0      26
  348  55369.01340069 1238910.57664717   -419.85507760      27       0      27
  349      9.41840735   -251.41091186   -419.85507760      25       0      32
  350      6.57023880   -379.23404986   -419.85507760      34       0      37
  351 377746.66299419 8036353.73434785   -419.85507760      36       0      43
  352     11.76548008   -195.83793142   -419.85507760      38       0      39
  353      9.86356760   -259.02163964   -419.85507760      47       0      35
  354 8828301.19187414 176277882.91050380   -419.85507760      41       0      45
  355 172215.91548497 3854304.49804352   -419.85507760      51       0      51
  356     11.78548014   -199.97550821   -419.85507760      62       0      44
  357 1298085.71407501 29054730.46554624   -419.85507760      52       0      23
  358      4.80169785   -382.91567112   -419.85507760      42       0      19
  359      4.33157005   -382.36289707   -419.85507760      29       0      15
  360      3.12018130   -384.19944684   -419.85507760      21       0      12
  361      3.55606554   -384.55307427   -419.85507760       8       0      10
  362 1071525.17987921 23983608.23471574   -419.85507760      11       0      14
  363    139.05949467   2691.61772318   -419.85507760      15       0      26
  364 7893337.40245640 176676737.12513173   -419.85507760      20       0      24
  365     11.24121271   -268.15211331   -419.85507760      30       0      34
  366      6.22830918   -376.97412975   -419.85507760      30       0      31
  367      6.66478499   -364.73979913   -419.85507760      35       0      30
  368      9.40534586   -298.15632805   -419.85507760      40       0      40
  369     10.43001901   -273.88710328   -419.85507790      42       0      41
  370  20051.62464192 448399.10878663   -419.85507760      48       0      34
  371      7.34669035   -366.60456882   -419.85507760      40       0      42
  372 2661455.37171742 59571136.52028327   -419.85507760      49       0      52
  373 2661455.37794220 59571136.52028327   -419.85507760      53       0      43
  374      6.39410031   -377.20499103   -419.85507760      62       0      27
  375      6.10373222   -355.30755470   -419.85507760      47       0      22
  376      4.77285409   -382.36289737   -419.85507760      28       0      19
  377  14900.39476695 333097.63762208   -419.85507760      25       0      11
  378     10.23601479   -200.66240171   -419.85507760      16       0      12
  379      4.40738123   -381.56574583   -419.85507760      11       0      12
  380      4.47124642   -366.60456867   -419.85507760      12       0      21
  381      5.53081472   -376.97412980   -419.85507760      18       0      23
  382      8.74845231   -334.37708414   -419.85507790      23       0      36
  383 155267.48043665 3474945.95887116   -419.85507760      36       0      35
  384      6.79609453   -379.45763419   -419.85507790      39       0      25
  385     16.18553738   -216.73662975   -419.85507760      41       0      38
  386      7.06392235   -372.90695870   -419.85507760      41       0      34
  387 633502.81457318 14179322.80926872   -419.85507760      47       0      39
  388 616202.19097984 13792082.43869015   -419.85507760      42       0      44
  389     14.69850614   -135.06721758   -419.85507760      56       0      48
  390  78981.06519221 1767422.04239048   -419.85507760      49       0      41
  391      6.56168735   -364.73979999   -419.85507760      46       0      33
  392      5.54671519   -382.91567207   -419.85507760      42       0      28
  393      4.85474995   -382.91567152   -419.85507760      37       0      17
  394 426831.79387877 9553388.72778231   -419.85507760      24       0      16
  395      3.41343614   -384.19944692   -419.85507760      24       0      10
  396      3.47010892   -384.55307430   -419.85507760      11       0      12
  397      4.62041352   -382.36289717   -419.85507760      12       0      20
  398      6.03901826   -352.44547018   -419.85507760      20       0      20
  399      5.24826032   -379.45763396   -419.85507760      20       0      28
  400     14.79284264   -119.39378804   -419.85507760      26       0      38
  401      6.09932697   -379.23405007   -419.85507760      33       0      30
  402 613091.93543935 13722464.01987582   -419.85507760      33       0      29
  403  22675.48325933 507129.28348235   -419.85507760      36       0      40
  404     18.61648828    -29.52598726   -419.85507760      37       0      36
  405 74334416.06333944 1663735905.43828273   -419.85507760      38       0      52
  406 4168609.56924838 74083802.78030260   -419.85507760      57       0      41
  407 8607966.25794153 143095863.03972045   -419.85507760      49       0      46
  408 2745654.43378236 61455769.07024913   -419.85507760      53       0      30
  409 682745.74617200 15270691.57093810   -419.85507760      43       0      34
  410      5.58446143   -376.97413050   -419.85507760      44       0      16
  411      4.89759510   -366.60456806   -419.85507760      26       0      17
  412 2422126.13852701 54214209.25560971   -419.85507760      21       0       7
  413      5.62416127   -348.96201162   -419.85507760      10       0      15
  414      5.42671019   -352.44547029   -419.85507760      14       0      23
  415      8.64092018   -248.28108478   -419.85507760      21       0      18
  416 543017.60864283 12153984.85785750   -419.85507764      19       0      30
  417      7.32769067   -308.33085837   -419.85507760      28       0      29
  418      9.39184386   -292.50391202   -419.85507760      33       0      36
  419  37216.49716105 832601.21998767   -419.85507764      39       0      29
  420     13.12976832   -158.33138869   -419.85507760      33       0      36
  421     12.40548261   -182.78720558   -419.85507760      37       0      31
  422     12.50611668   -193.57529120   -419.85507760      31       0      50
  423   1846.95532673  40923.26379028   -419.85507760      50       0      50
  424 905936.57495255 20277228.81610730   -419.85507760      58       0      42
  425 116241.93367662 2601434.69557007   -419.85507760      50       0      32
  426 16173073.17129600 362002676.41250181   -419.85507760      43       0      32
  427      5.98410775   -349.86949797   -419.85507760      40       0      20
  428      4.43823352   -384.55307484   -419.85507760      35       0      19
  429      2.59469153   -388.29903800   -419.85507760      27       0       8
  430     12.25763163   -161.07531272   -419.85507760      11       0      17
  431 919226.76638108 20574701.86616745   -419.85507760      15       0      21
  432 773340.13528285 17309310.59216750   -419.85507760      21       0      16
  433      6.86208517   -345.34870133   -419.85507760      22       0      28
  434   8828.22094154 197184.41694237   -419.85507760      33       0      32
  435 130747.99440795 2926123.81773029   -419.85507760      34       0      31
  436      5.75535628   -382.91567112   -419.85507790      33       0      35
  437 2272583.07332965 50866977.10854590   -419.85507760      34       0      33
  438      6.33507116   -367.73195187   -419.85507760      40       0      31
  439      6.59077602   -377.20499157   -419.85507790      41       0      41
  440      7.60776602   -376.74308413   -419.85507760      43       0      46
  441 6176761.37499484 136458344.47732371   -419.85507760      46       0      51
  442     21.85143145      0.06189531   -419.85507760      57       0      33
  443 5251985.82196230 117555169.93792979   -419.85507795      46       0      31
  444     12.49110873   -172.01600189   -419.85507760      44       0      22
  445 2099986.43893100 47003733.63290498   -419.85507760      40       0      22
  446      3.85972848   -384.19944655   -419.85507760      30       0      12
  447 1206730.10381223 27009910.03608378   -419.85507760      21       0      14
  448      4.50715751   -379.45763322   -419.85507760      14       0      17
  449     12.74367435   -152.74639029   -419.85507760      20       0      18
  450      5.14119010   -382.91567124   -419.85507760      20       0      24
  451 6483027.54466789 103144532.53355689   -419.85507760      26       0      35
  452      8.20954537   -309.87430242   -419.85507795      33       0      31
  453     10.22229598   -263.77806619   -419.85507760      33       0      35
  454 2004026.57955797 43893493.99331523   -419.85507760      32       0      29
  455      7.27959519   -323.86512404   -419.85507760      39       0      34
  456 485016.57247779 10855744.21949490   -419.85507760      41       0      41
  457 255593.16747181 5720543.71899980   -419.85507760      49       0      37
  458 4827203.16400660 108047228.42013061   -419.85507772      45       0      53
  459      6.95324233   -361.90586465   -419.85507772      47       0      37
  460      9.80774568   -242.78284897   -419.85507803      45       0      28
  461 11066402.84529453 247699696.03944519   -419.85507760      42       0      28
  462      5.65519153   -382.36289744   -419.85507760      33       0      24
  463      5.65231686   -331.61770542   -419.85507760      33       0      14
  464      3.86018626   -384.19944660   -419.85507760      22       0      12
  465      4.66444416   -379.45763320   -419.85507760      15       0      17
  466      4.19884322   -376.74308430   -419.85507760      13       0      18
  467      5.28870245   -382.91567151   -419.85507760      18       0      29
  468      6.41011124   -366.71754401   -419.85507772      24       0      31
  469      6.72589580   -361.60240381   -419.85507760      33       0      27
  470 707438.54768437 15834232.01034169   -419.85507772      34       0      36
  471     13.34708974   -155.84544694   -419.85507760      33       0      30
  472      9.61851611   -247.25990616   -419.85507760      41       0      28
  473     11.48149054   -217.35601953   -419.85507760      35       0      44
  474      7.81767127   -338.29245109   -419.85507760      42       0      41
  475      7.57894814   -376.97413026   -419.85507760      49       0      45
  476     21.31727299      2.48312806   -419.85507760      54       0      41
  477     12.66683901   -177.64848484   -419.85507760      55       0      32
  478 163446.84756290 3658025.36885408   -419.85507760      44       0      24
  479      6.16248733   -382.36289744   -419.85507760      45       0      27
  480      4.86610769   -384.19944692   -419.85507760      35       0      19
  481 4564267.04143148 102161908.02302489   -419.85507822      24       0      12
  482     14.01115088   -199.35746995   -419.85507760      18       0      17
  483 1027911.00465766 23007389.34541865   -419.85507760      18       0      19
  484     11.25612826   -187.65969797   -419.85507760      17       0      23
  485      9.66789770   -245.09887955   -419.85507822      28       0      28
  486      6.57564467   -354.31439426   -419.85507760      31       0      32
  487 6771336.01336906 150096553.55386367   -419.85507760      30       0      30
  488      6.13953005   -382.91567207   -419.85507764      34       0      35
  489      5.84609639   -379.23405016   -419.85507760      32       0      27
  490 9503971.41750931 212727678.39164200   -419.85507760      39       0      37
  491 756653.87370449 16935822.73716923   -419.85507760      40       0      40
  492     10.44047260   -289.89589163   -419.85507760      44       0      42
  493 597543.13973458 12494223.88276742   -419.85507760      44       0      41
  494      7.19644733   -379.45763396   -419.85507760      44       0      37
  495      6.06646915   -377.20499171   -419.85507822      45       0      27
  496      7.45280098   -324.93406563   -419.85507822      39       0      32
  497      5.91929100   -372.90695869   -419.85507803      31       0      18
  498      4.45781622   -377.20499231   -419.85507760      27       0      15
  499      8.89118926   -243.34740369   -419.85507760      20       0      18
  500      8.27715583   -262.61753809   -419.85507803      16       0      16
  501      4.97289848   -379.23404943   -419.85507760      18       0      21
  502      9.60100525   -257.08365338   -419.85507772      21       0      27
  503 463942.41204297 10384039.46187018   -419.85507760      27       0      34
  504      8.43908410   -287.18552338   -419.85507760      30       0      31
  505      9.68134046   -247.35892537   -419.85507760      36       0      31
  506      5.61054611   -380.53940710   -419.85507760      38       0      29
  507 1096727.03231672 24547704.20768423   -419.85507760      30       0      37
  508      6.76416195   -376.74308434   -419.85507760      38       0      40
  509      6.64912300   -382.36289785   -419.85507760      38       0      40
  510      6.72646444   -382.91567198   -419.85507760      40       0      40
  511 773202.30866662 12995768.34466056   -419.85507760      47       0      40
  512      9.02563934   -255.83437113   -419.85507760      40       0      30
  513      6.66467577   -366.60456882   -419.85507772      36       0      26
  514     19.02899524    -10.00795175   -419.85507772      29       0      21
  515      5.29108188   -379.23405035   -419.85507760      28       0      20
  516  13541.47735004 302681.09875238   -419.85507760      27       0      17
  517      4.57395095   -388.52719256   -419.85507760      20       0      14
  518      5.10286083   -378.89617793   -419.85507760      21       0      23
  519      5.79554071   -343.18992305   -419.85507760      26       0      25
  520      5.85328205   -379.23405014   -419.85507760      23       0      34
  521      5.06370967   -379.45763396   -419.85507760      33       0      28
  522      9.25435491   -258.19191999   -419.85507760      29       0      35
  523     10.78660986   -213.16171273   -419.85507760      40       0      28
  524      6.09939077   -376.97413045   -419.85507822      30       0      37
  525 2823910.55448012 63207381.26850084   -419.85507760      40       0      43
  526      6.84365461   -366.60456882   -419.85507760      41       0      35
  527  57957.83219558 1296856.51658744   -419.85507760      36       0      38
  528     11.46605720   -211.16163602   -419.85507760      42       0      40
  529 653033.90050428 14616488.03331832   -419.85507760      41       0      33
  530      9.29848402   -255.71354173   -419.85507760      38       0      25
  531     12.11756079   -212.11265657   -419.85507764      31       0      21
  532      4.64825485   -382.91567186   -419.85507760      27       0      21
  533      4.59321231   -361.58317648   -419.85507764      24       0      12
  534      4.86271157   -379.45763320   -419.85507764      13       0      22
  535     11.39653948   -193.93356633   -419.85507760      21       0      22
  536      4.81577250   -376.97413050   -419.85507822      27       0      26
  537      6.89350615   -352.44546965   -419.85507760      25       0      34
  538      8.94072687   -262.07295427   -419.85507760      30       0      24
  539 100067.81731676 2239407.11252803   -419.85507760      30       0      35
  540     30.26955200    242.05461487   -419.85507760      32       0      30
  541      8.88408902   -295.80214240   -419.85507760      39       0      37
  542     10.19959674   -257.89158431   -419.85507760      38       0      41
  543 579148.03150304 12962696.27049938   -419.85507790      43       0      38
  544 6072020.94144281 135910077.54036659   -419.85507760      48       0      36
  545      8.35673376   -342.81588243   -419.85507760      45       0      40
  546 3402363.46808976 76154935.68504691   -419.85507790      50       0      34
  547 404813.68147603 9060556.33572639   -419.85507760      45       0      24
  548      6.43481236   -352.44547017   -419.85507760      32       0      23
  549 1406091.81458339 31472239.02759314   -419.85507760      26       0      21
  550      3.52554895   -379.23404946   -419.85507760      25       0      11
  551 240856.66659360 5390693.96154226   -419.85507760      19       0      21
  552 312504.92351819 6994402.11006460   -419.85507760      21       0      24
  553      6.15894177   -379.45763417   -419.85507760      26       0      28
  554 1995485.30241356 44664677.28109035   -419.85507760      28       0      27
  555 344312.93031858 7706364.00904035   -419.85507760      29       0      30
  556      5.57819354   -382.36289784   -419.85507760      34       0      26
  557     17.44410964   -131.30447109   -419.85507760      31       0      34
  558 10293758.71945463 230254601.33339596   -419.85507764      44       0      40
  559      8.95547589   -282.74172486   -419.85507760      43       0      34
  560      7.42409542   -379.23404972   -419.85507760      51       0      38
  561      7.05557074   -366.60456841   -419.85507760      41       0      37
  562      9.87606268   -259.49626957   -419.85507760      48       0      41
  563     13.54942647   -160.71794019   -419.85507760      51       0      34
  564      7.09359342   -376.74308434   -419.85507760      46       0      30
  565      5.21521918   -382.91567198   -419.85507764      47       0      18
  566      7.95129966   -289.43504794   -419.85507760      25       0      24
  567      4.49223225   -382.91567207   -419.85507760      31       0      15
  568   1662.21103567  36786.07089485   -419.85507760      23       0      16
  569      5.18472172   -386.69606720   -419.85507760      14       0      27
  570      9.93458223   -236.43106664   -419.85507760      30       0      24
  571 263064.40457014 5887771.67949069   -419.85507760      29       0      25
  572      8.89374513   -270.74710800   -419.85507760      25       0      29
  573      5.49916881   -376.97412976   -419.85507760      28       0      28
  574 496926.99719262 11122335.96070188   -419.85507760      30       0      32
  575      7.38608722   -348.79663396   -419.85507760      30       0      38
  576 15325826.60892329 343038693.78597105   -419.85507760      39       0      33
  577     10.76909898   -258.69081729   -419.85507760      32       0      36
  578     13.83722961   -217.44076713   -419.85507760      46       0      42
  579      8.70381148   -323.56546989   -419.85507760      48       0      32
  580 228247.49038118 5103283.25031969   -419.85507760      42       0      42
  581      8.80316598   -320.16367879   -419.85507760      42       0      32
  582 277743.43204526 6216333.70114437   -419.85507760      46       0      21
  583      5.25744342   -382.91567112   -419.85507760      40       0      23
  584     10.55098954   -288.20038785   -419.85507760      28       0      21
  585 1117562.93313916 25014074.73850365   -419.85507760      30       0      15
  586      4.77647599   -384.19944605   -419.85507760      15       0      22
  587      6.22565725   -376.97413048   -419.85507760      22       0      30
  588      5.15619105   -382.36289774   -419.85507760      29       0      22
  589      7.11314512   -333.31472442   -419.85507772      26       0      29
  590  76665.82287859 1715598.41680222   -419.85507760      33       0      31
  591 1842863.62889280 40632488.07149407   -419.85507760      31       0      28
  592     13.45713820   -236.99394881   -419.85507795      32       0      37
  593 657698.58098360 14344073.60440147   -419.85507760      39       0      29
  594     14.67635597   -176.91399040   -419.85507760      33       0      38
  595      6.71111989   -352.44547041   -419.85507760      45       0      39
  596 6477939.32680639 144960293.41111806   -419.85507760      41       0      37
  597      5.95943168   -382.91567112   -419.85507760      44       0      30
  598      7.75156084   -348.59165213   -419.85507760      40       0      38
  599 9889428.25446495 221352123.58291361   -419.85507760      44       0      27
  600      6.25592506   -376.97412980   -419.85507760      36       0      22
  601      6.79682352   -364.73979999   -419.85507760      33       0      26
  602      4.42045893   -376.74308428   -419.85507760      38       0      13
  603 7633527.71316425 170861397.76166931   -419.85507760      14       0      22
  604      5.95328994   -340.04893122   -419.85507760      25       0      26
  605     15.14649930   -171.94517151   -419.85507760      29       0      28
  606 152304617.75566071 3409045119.24889421   -419.85507760      29       0      25
  607      6.66908657   -366.60456894   -419.85507760      31       0      30
  608 265399.16645412 5940031.36934778   -419.85507760      31       0      32
  609      6.58634173   -379.23404946   -419.85507760      44       0      35
  610  42346.73548897 947431.56381615   -419.85507760      36       0      27
  611 1370839.02836345 30683173.44749606   -419.85507760      24       0      37
  612 168004.30370918 3760034.80650367   -419.85507760      37       0      39
  613      6.29257847   -376.97412975   -419.85507760      43       0      33
  614     11.56163440   -258.42511406   -419.85507760      32       0      34
  615 195154.01874462 4367729.33353785   -419.85507760      40       0      37
  616      8.27368438   -292.84228928   -419.85507760      40       0      23
  617      7.37993607   -327.67447719   -419.85507795      35       0      29
  618 19204165.27737866 429847835.09403902   -419.85507795      34       0      23
  619      4.45228564   -382.36289737   -419.85507760      27       0      17
  620 67333588.43069968 1507055230.66497779   -419.85507760      23       0      24
  621   3629.39062169  80817.97843553   -419.85507760      24       0      23
  622   3629.37129552  80817.97843553   -419.85507795      23       0      28
  623      5.53874257   -382.91567124   -419.85507760      31       0      23
  624      8.81780788   -284.00524604   -419.85507760      30       0      30
  625      7.52115738   -342.16504020   -419.85507760      35       0      35
  626 416287.21432433 8999178.06751881   -419.85507760      42       0      41
  627     12.34894451   -166.88662255   -419.85507790      46       0      23
  628      6.05678365   -382.91567112   -419.85507760      32       0      35
  629      7.11975667   -376.79499393   -419.85507760      30       0      42
  630  39826.30583392 891016.97201446   -419.85507760      45       0      27
  631      5.81626157   -380.53940624   -419.85507760      39       0      33
  632 143597.16004290 3213728.03266257   -419.85507760      36       0      36
  633 4242404.35624423 94957632.59182839   -419.85507760      49       0      27
  634     10.53866579   -267.50799130   -419.85507760      31       0      28
  635      8.70539603   -274.90630894   -419.85507760      32       0      28
  636      4.34517366   -384.19944605   -419.85507790      35       0      15
  637 725366.72754470 16235518.65491480   -419.85507760      24       0      26
  638 332770.16399457 7448001.07335078   -419.85507790      25       0      20
  639 3595731.76351216 80483111.58179098   -419.85507760      24       0      24
  640      6.91599419   -316.79610554   -419.85507760      26       0      22
  641  44191.70143690 988727.98499870   -419.85507760      19       0      29
  642      6.25855861   -382.91567112   -419.85507760      38       0      35
  643 236473.56466274 5292587.74072391   -419.85507760      37       0      44
  644      6.80599188   -376.97413024   -419.85507760      37       0      33
  645  86878.88460881 1385464.91447748   -419.85507760      39       0      25
  646 286287.77533715 6262834.54357969   -419.85507760      31       0      34
  647  13650.96868410 305134.27762515   -419.85507760      37       0      40
  648      7.27459639   -366.71754340   -419.85507760      48       0      30
  649     11.75260495   -200.49512682   -419.85507760      45       0      30
  650      6.79761296   -376.97412979   -419.85507760      41       0      34
  651      5.67851973   -382.91567170   -419.85507803      46       0      24
  652 409128.50952292 9157135.78145545   -419.85507772      31       0      31
  653      7.85455442   -288.39363524   -419.85507760      40       0      19
  654 7854877.31928419 175815882.13378102   -419.85507803      23       0      23
  655      5.20452241   -382.36289753   -419.85507760      27       0      21
  656  33921.10099367 758840.09333833   -419.85507760      26       0      25
  657      5.98768081   -352.44547029   -419.85507760      29       0      21
  658 1619653.21540617 36252399.49432002   -419.85507760      27       0      23
  659      8.52115987   -307.74962402   -419.85507760      30       0      45
  660      6.09826170   -382.36289785   -419.85507760      45       0      33
  661      9.53898872   -258.36548775   -419.85507760      40       0      36
  662 203575.24060461 4556221.56068392   -419.85507790      34       0      27
  663 252886.06074740 4556221.56068392   -419.85507790      43       0      28
  664 4136673.88665049 92591059.50366046   -419.85507790      34       0      35
  665     10.35586804   -236.86575982   -419.85507760      35       0      37
  666      8.73189047   -265.35546626   -419.85507772      37       0      29
  667      6.31922214   -382.36289737   -419.85507772      31       0      36
  668      5.67950624   -377.20499171   -419.85507790      43       0      25
  669  32269.09287718 721863.38445508   -419.85507790      29       0      30
  670      5.62524162   -376.97413019   -419.85507760      27       0      23
  671 835176.33789795 18693395.17150149   -419.85507760      32       0      23
  672      4.51494750   -382.36289774   -419.85507790      29       0      18
  673 6647821.87478808 148798271.02843198   -419.85507772      22       0      27
  674 183282.68311365 4102011.45830872   -419.85507760      27       0      21
  675      6.14780818   -376.74308349   -419.85507760      31       0      25
  676     10.74375458   -237.97498205   -419.85507772      30       0      37
  677 221698.82013533 4961883.58831391   -419.85507760      38       0      39
  678     10.98944035   -276.98040594   -419.85507760      40       0      31
  679  76687.69473666 1669451.36109550   -419.85507760      34       0      35
  680      7.39578002   -344.05402243   -419.85507760      40       0      31
  681  90628.66489873 2028130.17931622   -419.85507795      40       0      32
  682 1545036.72067167 34582253.74164888   -419.85507760      35       0      34
  683      4.96922639   -384.19944614   -419.85507795      42       0      24
  684 803390.06199160 17981921.89740472   -419.85507795      26       0      44
  685      5.01575414   -389.90946644   -419.85507760      43       0      22
  686 519200.70970962 11620889.94689469   -419.85507760      32       0      29
  687      4.88875214   -382.36289789   -419.85507760      34       0      22
  688      7.10896225   -314.09851740   -419.85507760      22       0      28
  689      5.41570044   -349.94948977   -419.85507760      31       0      11
  690      5.86803476   -376.97412973   -419.85507795      19       0      33
  691      4.45610191   -376.74308428   -419.85507760      26       0      18
  692      5.82002468   -382.36289749   -419.85507764      21       0      30
  693     11.86126629   -222.27402777   -419.85507760      27       0      31
  694   4527.17247652 100913.88956411   -419.85507760      33       0      38
  695      8.57265745   -311.53133327   -419.85507760      41       0      34
  696 111058400.82772115 2485829719.03122091   -419.85507760      33       0      38
  697      6.59328032   -366.60456844   -419.85507760      45       0      27
  698      8.01642334   -322.84746698   -419.85507760      38       0      31
  699      6.50613757   -376.46227320   -419.85507822      35       0      37
  700      5.96135540   -352.44547029   -419.85507760      42       0      20
  701      7.09579256   -379.23405016   -419.85507760      30       0      45
  702      6.10945242   -352.44546962   -419.85507760      44       0      27
  703      6.57777512   -341.39011313   -419.85507760      27       0      28
  704      5.45191127   -376.97413026   -419.85507760      33       0      21
  705 30221972.18955887 676460223.27286637   -419.85507760      26       0      30
  706 215196531.73286492 4816759912.52394104   -419.85507760      38       0      15
  707      6.99867502   -333.70971915   -419.85507760      20       0      29
  708      5.27040334   -366.71754368   -419.85507760      24       0      18
  709     19.66018734      0.82112905   -419.85507760      24       0      27
  710  59878.95439353 1339857.40668074   -419.85507760      24       0      32
  711     13.56214362   -157.22460218   -419.85507760      36       0      42
  712      6.63354941   -342.67646737   -419.85507760      47       0      27
  713 318220.16760188 7122327.41890959   -419.85507760      38       0      35
  714      7.00802386   -366.71754368   -419.85507760      33       0      31
  715 3141556.04804394 70317263.60841912   -419.85507760      36       0      33
  716     11.37794258   -199.49169798   -419.85507760      35       0      30
  717     12.47461375   -168.00195247   -419.85507760      35       0      29
  718 595990.46695762 13339681.46019018   -419.85507760      26       0      44
  719      6.88114998   -352.44546965   -419.85507760      45       0      24
  720 4429200.68806447 99138708.71364234   -419.85507760      43       0      25
  721      7.66046711   -298.26022508   -419.85507760      32       0      28
  722      6.07194284   -379.45763324   -419.85507822      30       0      29
  723     12.20228282   -168.94589593   -419.85507760      31       0      18
  724     10.46067134   -225.37658117   -419.85507760      27       0      25
  725      5.30663595   -376.97413024   -419.85507822      25       0      22
  726 17067122.07393570 382014238.37426031   -419.85507760      28       0      19
  727      6.53403850   -352.44547041   -419.85507760      27       0      33
  728      6.47061512   -376.24076481   -419.85507760      30       0      42
  729      5.99757756   -366.71754430   -419.85507760      43       0      30
  730      5.84980554   -376.97413019   -419.85507760      36       0      32
  731 529259.44634691 11846035.86880121   -419.85507760      34       0      36
  732      7.09077137   -328.81272959   -419.85507822      37       0      32
  733     17.44714320   -159.83624418   -419.85507822      42       0      29
  734      9.41974200   -271.57298259   -419.85507760      35       0      29
  735      7.37759104   -320.78741252   -419.85507760      32       0      33
  736 1534604.12652932 34348739.62366281   -419.85507760      32       0      34
  737      5.54060948   -382.36289785   -419.85507760      36       0      27
  738  15098.17413190 337525.42674937   -419.85507760      34       0      27
  739      6.56106865   -366.71754344   -419.85507760      24       0      28
  740      5.36276495   -376.74308432   -419.85507760      33       0      17
  741 1712265.05211345 38325338.15679451   -419.85507760      24       0      22
  742      6.12446000   -379.23404972   -419.85507760      27       0      27
  743      5.90846309   -379.23405016   -419.85507760      32       0      22
  744 792214.08505174 17731768.28767130   -419.85507760      29       0      31
  745     11.74415649   -225.03607096   -419.85507760      35       0      37
  746 655961.51493484 14682017.83247115   -419.85507760      44       0      35
  747 14178062.02045279 317348194.57465565   -419.85507760      41       0      31
  748     10.28290686   -232.36403097   -419.85507760      40       0      34
  749      5.96069684   -377.20499176   -419.85507760      38       0      32
  750      6.48680194   -366.60456841   -419.85507760      40       0      27
  751   1185.61780645  26119.35488214   -419.85507760      30       0      36
  752 4964100.65798253 111111414.33948103   -419.85507760      43       0      34
  753      6.87167755   -351.95854724   -419.85507760      39       0      27
  754      5.74773341   -382.36289753   -419.85507760      33       0      30
  755      8.86884579   -269.06986057   -419.85507760      28       0      27
  756 309630.79740645 6930070.63832808   -419.85507760      33       0      22
  757      8.58371018   -266.38717439   -419.85507803      28       0      20
  758      5.44705238   -377.20499103   -419.85507760      24       0      25
  759      5.57223003   -372.90695904   -419.85507803      26       0      24
  760 10789154.64697002 241494029.28999799   -419.85507803      27       0      26
  761      6.30009116   -382.36289702   -419.85507760      28       0      27
  762      8.91440649   -274.75409501   -419.85507760      29       0      36
  763     13.85051727   -243.01820260   -419.85507760      33       0      32
  764     33.75566203    322.20144114   -419.85507760      35       0      33
  765      6.93875937   -366.60456866   -419.85507760      39       0      36
  766 384625.87221607 8608691.21705933   -419.85507760      40       0      34
  767      5.77999818   -376.97412979   -419.85507760      34       0      25
  768  10439.91346723 233259.22282901   -419.85507760      33       0      42
  769 9686015.49311060 192649620.48175931   -419.85507760      35       0      28
  770     14.73489164   -202.31470894   -419.85507803      33       0      29
  771     13.43564404   -153.41124370   -419.85507803      30       0      34
  772      5.55811084   -378.89617793   -419.85507760      41       0      20
  773      6.00717756   -379.23404944   -419.85507760      31       0      25
  774      5.50540043   -366.60456844   -419.85507760      25       0      21
  775      6.40567194   -382.91567170   -419.85507760      23       0      28
  776     10.52540746   -211.41736829   -419.85507760      33       0      21
  777      8.11809946   -293.19271506   -419.85507760      30       0      24
  778 28524171.74758116 638458229.97747552   -419.85507760      31       0      33
  779   5546.11833339 123720.88774991   -419.85507760      35       0      36
  780      5.22576941   -379.45763320   -419.85507760      34       0      24
  781 231670078.14905998 5185508538.85128212   -419.85507772      28       0      40
  782 222060.66641219 4969983.23792192   -419.85507760      41       0      32
  783 463925.49524999 8234636.94838483   -419.85507760      39       0      33
  784 162895.53396761 3645684.90404580   -419.85507760      40       0      33
  785      6.78324825   -382.36289753   -419.85507760      38       0      39
  786      5.74826707   -366.60456802   -419.85507764      49       0      21
  787      6.45134337   -376.74308349   -419.85507772      26       0      30
  788     18.88375182   -167.87984793   -419.85507772      38       0      37
  789      5.31750063   -366.60456867   -419.85507772      41       0      18
  790 1548101.15539200 34650844.53079662   -419.85507760      21       0      26
  791      4.87591107   -376.97412980   -419.85507760      28       0      21
  792 1459301.14328898 32663227.29999839   -419.85507760      20       0      27
  793      4.42087623   -388.52719229   -419.85507772      35       0      19
  794      7.27630740   -332.30030198   -419.85507760      23       0      29
  795      6.02597917   -378.89617779   -419.85507760      23       0      31
  796  52420.50919705 1172914.07796826   -419.85507803      30       0      40
  797 12254144.98592819 274285353.84612691   -419.85507760      35       0      22
  798 29631148.95228455 663237070.27678823   -419.85507803      29       0      33
  799     10.31498145   -223.27857243   -419.85507760      35       0      34
  800     16.79960206   -157.07460206   -419.85507760      35       0      31
  801      8.01103676   -307.72663566   -419.85507803      34       0      39
  802      9.04690393   -307.72663566   -419.85507760      34       0      34
  803      6.55754955   -352.44547080   -419.85507760      39       0      25
  804      5.55294361   -379.23405014   -419.85507760      31       0      29
  805  42478.46144161 950380.64153047   -419.85507760      31       0      38
  806    255.04760385   5288.98316028   -419.85507822      39       0      19
  807      6.12456537   -361.03872004   -419.85507760      27       0      28
  808      4.83927636   -377.20499161   -419.85507760      35       0      19
  809      5.63801747   -366.60456844   -419.85507760      20       0      28
  810      5.05127474   -382.91567152   -419.85507760      21       0      24
  811      5.91814991   -379.45763324   -419.85507760      26       0      27
  812 148177.01549985 3316238.96394987   -419.85507760      32       0      32
  813      6.26181122   -377.20499176   -419.85507760      33       0      30
  814      8.57403245   -289.34910605   -419.85507790      34       0      25
  815 6175650.01053893 138229613.58623177   -419.85507764      28       0      37
  816     10.91461319   -222.57408211   -419.85507760      35       0      37
  817 1109271.46246300 24828487.74026126   -419.85507760      37       0      32
  818      6.82945663   -376.74308416   -419.85507760      37       0      31
  819 2717710.15331938 59213647.49701592   -419.85507760      38       0      32
  820      6.64626158   -357.57116825   -419.85507760      43       0      30
  821      6.88065062   -363.84702033   -419.85507760      41       0      28
  822     10.15356326   -246.55693306   -419.85507760      36       0      35
  823      6.01509674   -382.36289744   -419.85507760      34       0      24
  824      9.39165382   -237.93445719   -419.85507760      34       0      27
  825      5.32731189   -382.36289702   -419.85507760      29       0      24
  826      5.84143330   -376.97412980   -419.85507760      30       0      24
  827      4.46204405   -388.52719271   -419.85507760      30       0      18
  828      7.58802225   -332.15590206   -419.85507760      20       0      31
  829      6.66403945   -361.55956133   -419.85507760      27       0      33
  830  20052.79291543 448425.17730228   -419.85507760      41       0      24
  831 421170.70242510 9426677.29748342   -419.85507760      35       0      37
  832      6.90439090   -376.97412980   -419.85507760      38       0      32
  833 266791.48635072 5971195.82661279   -419.85507760      47       0      30
  834      6.67020027   -378.89617779   -419.85507760      35       0      32
  835 1056510.67289086 23647538.45957239   -419.85507760      38       0      36
  836 1226248.46366747 27382365.21456385   -419.85507822      38       0      27
  837  39962.01497793 894055.46685621   -419.85507760      35       0      32
  838      6.45744918   -376.74308413   -419.85507760      37       0      32
  839      6.04092927   -382.36289717   -419.85507760      36       0      28
  840 4005058.91860635 89645112.43590464   -419.85507760      32       0      32
  841     14.00887322   -132.48201294   -419.85507760      38       0      25
  842      9.05321821   -254.10381196   -419.85507760      29       0      21
  843      8.59495312   -294.89445747   -419.85507760      25       0      29
  844      6.82925053   -296.84515054   -419.85507760      29       0      13
  845      9.77305538   -308.28733736   -419.85507760      14       0      31
  846      7.51217390   -332.72925482   -419.85507760      31       0      32
  847   1394.27589486  30789.17929262   -419.85507760      31       0      23
  848 335196.34494029 7502306.46570384   -419.85507760      29       0      35
  849     19.59180015     -6.88167138   -419.85507760      38       0      37
  850      7.30540934   -354.80819947   -419.85507822      40       0      29
  851     14.60950305   -127.66105216   -419.85507760      35       0      37
  852 778530.26898934 17421217.60686258   -419.85507822      47       0      28
  853      6.74626394   -352.44547029   -419.85507760      34       0      32
  854     11.15975385   -207.14502673   -419.85507760      32       0      31
  855 7766762.58417205 173142730.78114372   -419.85507803      32       0      34
  856      8.63442056   -295.64226941   -419.85507822      34       0      25
  857     15.44918865   -185.93528161   -419.85507760      32       0      37
  858     12.91426499   -210.52874401   -419.85507790      39       0      23
  859 477286.55054837 10682721.64329473   -419.85507760      33       0      25
  860 126981.82476272 2841825.42629611   -419.85507760      33       0      28
  861      9.93288245   -206.89870756   -419.85507772      31       0      11
  862 3992213.79725220 89357598.73812895   -419.85507760      17       0      31
  863      6.77359457   -376.74308493   -419.85507760      25       0      31
  864 192013.02560761 4297423.58204848   -419.85507760      28       0      22
  865      8.09818852   -285.02944336   -419.85507760      30       0      29
  866     15.65375630   -179.31822982   -419.85507760      28       0      43
  867 61297982.70767653 1372036868.18368983   -419.85507760      40       0      28
  868      9.83929974   -246.20820126   -419.85507760      37       0      36
  869     10.01113609   -259.06407552   -419.85507760      38       0      32
  870     10.79499751   -275.43836900   -419.85507760      38       0      32
  871     10.36759178   -243.59161720   -419.85507760      30       0      33
  872 9924512.35639267 222135048.91304392   -419.85507760      48       0      26
  873 22563421.36573066 505038312.98519313   -419.85507760      38       0      30
  874      6.31020539   -376.74308430   -419.85507760      31       0      31
  875      5.91364529   -382.91567154   -419.85507760      33       0      25
  876 342814.54747339 7672825.31045943   -419.85507760      29       0      30
  877  86848.78698577 1943524.90523459   -419.85507760      35       0      30
  878      4.85410928   -389.72326404   -419.85507760      41       0      12
  879      7.64112911   -352.44547002   -419.85507760      30       0      32
  880     10.87503299   -207.28067190   -419.85507760      33       0      22
  881      5.38816184   -378.89617829   -419.85507760      27       0      29
  882 111896.34452770 2504165.97202517   -419.85507760      31       0      29
  883      6.23933250   -375.53259235   -419.85507760      36       0      34
  884      9.32935699   -269.95389156   -419.85507760      37       0      34
  885      8.34578520   -303.31369556   -419.85507760      37       0      36
  886     11.32579555   -209.44065440   -419.85507760      39       0      28
  887 15744805.79781555 352361815.40858024   -419.85507760      35       0      26
  888      6.89425062   -376.97413024   -419.85507764      31       0      40
  889 724108.48004666 16207355.94415784   -419.85507760      36       0      32
  890      6.72264236   -375.70594122   -419.85507760      43       0      26
  891 178170.50674520 3987585.31656420   -419.85507760      32       0      26
  892      6.19804752   -384.19944588   -419.85507760      37       0      30
  893 1760246.65349301 30352842.25531831   -419.85507760      36       0      27
  894 16355001.70680100 357616511.83043015   -419.85507760      34       0      26
  895     10.55918588   -224.57655717   -419.85507760      32       0      19
  896     14.03724420   -157.73220689   -419.85507760      26       0      31
  897      9.73454849   -231.62524120   -419.85507760      38       0      20
  898      9.18202147   -260.52593991   -419.85507760      22       0      33
  899      5.92642806   -382.91567107   -419.85507760      35       0      26
  900      7.18380308   -340.19247957   -419.85507760      37       0      36
  901 17761195.82359162 345305055.71052384   -419.85507760      38       0      33
  902      6.84737472   -371.82471635   -419.85507760      37       0      37
  903      6.63355997   -366.60456841   -419.85507760      41       0      31
  904      5.74264871   -376.97413024   -419.85507760      36       0      21
  905 3654040.45602315 81787959.25323178   -419.85507760      31       0      38
  906      9.13671326   -301.84931334   -419.85507760      36       0      33
  907   7894.92792052 176294.78170082   -419.85507760      40       0      25
  908      5.62297095   -376.97413045   -419.85507760      32       0      28
  909     19.26198515   -152.96095744   -419.85507760      31       0      31
  910      6.56059559   -376.97412973   -419.85507760      29       0      30
  911 29987602.70120579 671214313.04487193   -419.85507760      37       0      19
  912      6.33967506   -364.73979941   -419.85507822      23       0      23
  913 668807.67882691 14969553.33606722   -419.85507760      32       0      30
  914      8.88952772   -256.06898292   -419.85507760      29       0      24
  915     11.35135187   -240.33323893   -419.85507760      29       0      30
  916  26380.66126681 590062.12538538   -419.85507760      28       0      28
  917     11.51616653   -200.98561116   -419.85507760      36       0      32
  918      6.78921255   -376.74308412   -419.85507760      40       0      35
  919      7.27491478   -352.44547080   -419.85507760      40       0      35
  920     16.63094448   -173.36518036   -419.85507760      37       0      32
  921     11.33181869   -193.10755695   -419.85507760      39       0      26
  922      7.23718003   -366.60456802   -419.85507760      28       0      35
  923      6.39943197   -378.89617793   -419.85507760      40       0      33
  924      6.02837697   -364.73979913   -419.85507760      47       0      26
  925      8.62595782   -284.87221295   -419.85507760      36       0      30
  926      5.80896994   -382.36289717   -419.85507760      27       0      26
  927      6.56540827   -375.70594103   -419.85507760      26       0      30
  928      5.29297477   -367.95701841   -419.85507760      36       0      19
  929 819391.56273074 18340083.47589994   -419.85507760      23       0      28
  930 1342379.44045713 29903097.02734886   -419.85507772      31       0      28
  931      8.33753412   -298.20016449   -419.85507764      27       0      25
  932 523606.84685862 8773635.75631017   -419.85507764      29       0      25
  933      9.28841478   -277.86425371   -419.85507760      33       0      27
  934     10.02577169   -232.32418136   -419.85507760      21       0      36
  935      6.56332006   -371.41103793   -419.85507760      43       0      35
  936      6.55537763   -348.84751300   -419.85507760      39       0      31
  937      6.96203846   -353.91349604   -419.85507760      34       0      37
  938      5.00748420   -382.91567198   -419.85507772      38       0      25
  939 329241.90475992 7369028.54552435   -419.85507760      30       0      29
  940     11.53880062   -224.06038217   -419.85507760      34       0      35
  941      6.93748003   -365.63506612   -419.85507760      41       0      34
  942      5.35482383   -382.91567151   -419.85507764      40       0      26
  943      5.91743948   -367.01485666   -419.85507760      32       0      27
  944 2526334.78721146 56546720.85933688   -419.85507760      31       0      30
  945      4.83002691   -378.89617740   -419.85507760      29       0      21
  946     10.10735336   -250.97002121   -419.85507760      24       0      28
  947 1280718.37080638 28665995.23677287   -419.85507760      23       0      24
  948      5.28527104   -376.74308434   -419.85507760      26       0      24
  949      7.62888604   -316.51417009   -419.85507760      29       0      31
  950      5.25539565   -372.90695971   -419.85507790      34       0      23
  951      9.64785461   -265.75560846   -419.85507760      22       0      35
  952     12.21478414   -203.59886479   -419.85507760      36       0      38
  953 1721058.58402132 38467093.94248354   -419.85507790      44       0      32
  954      5.84048749   -382.36289737   -419.85507760      44       0      28
  955     11.98321748   -252.74301846   -419.85507764      34       0      30
  956 438646.54398706 8406802.17229041   -419.85507760      39       0      30
  957 127662.08281055 2857051.68793318   -419.85507760      40       0      36
  958     11.24954313   -217.47741739   -419.85507760      41       0      34
  959     12.86124851   -169.35972810   -419.85507760      33       0      26
  960      7.17508614   -340.84495713   -419.85507790      40       0      28
  961     14.11244141   -204.45240755   -419.85507790      40       0      30
  962   1286.61141217  28379.13583299   -419.85507790      26       0      26
  963 2474718.24540293 55391383.06328964   -419.85507760      28       0      26
  964      5.29965566   -352.44547002   -419.85507790      28       0      18
  965 3315389.52729473 74208190.91138768   -419.85507760      22       0      24
  966      5.99745450   -382.91567186   -419.85507760      35       0      32
  967 148278.01468837 3318499.29526994   -419.85507760      35       0      25
  968      5.96772135   -382.36289717   -419.85507790      26       0      29
  969 2336824.86033019 52304905.98398379   -419.85507760      33       0      38
  970      6.28736562   -382.91567198   -419.85507760      34       0      30
  971      7.23110334   -366.60456894   -419.85507760      38       0      33
  972      7.60180471   -353.66541900   -419.85507790      30       0      26
  973 334312.17135530 7392500.88973458   -419.85507760      36       0      38
  974      6.33704866   -375.70594145   -419.85507760      45       0      31
  975      5.87238427   -382.91567186   -419.85507760      39       0      29
  976     11.63572087   -196.64020153   -419.85507760      34       0      30
  977      7.61680419   -360.06705566   -419.85507760      32       0      38
  978     13.73855908   -201.74274587   -419.85507760      46       0      25
  979      6.02510214   -379.23404943   -419.85507772      30       0      26
  980  23481.85774354 525177.87585055   -419.85507760      32       0      22
  981     13.91217147   -194.09475844   -419.85507772      31       0      15
  982      6.20712866   -364.73979913   -419.85507760      18       0      26
  983      6.89927366   -374.36554175   -419.85507760      28       0      38
  984      6.97006557   -352.44547080   -419.85507772      34       0      25
  985      6.01970669   -376.74308432   -419.85507772      29       0      31
  986      6.77009432   -377.20499229   -419.85507803      39       0      30
  987  10116.97257270 226031.20571323   -419.85507760      30       0      34
  988  34147.10257050 763898.86830219   -419.85507760      36       0      29
  989     14.46381823   -127.98951360   -419.85507760      39       0      29
  990    413.38021791   8830.88101178   -419.85507760      30       0      36
  991      6.55819552   -382.91567198   -419.85507760      40       0      30
  992 19328187.38804282 432623831.55758721   -419.85507760      43       0      35
  993      9.84503591   -231.78446389   -419.85507760      42       0      23
  994     10.29081974   -250.01152158   -419.85507760      33       0      42
  995 113394.89515389 2520328.88611031   -419.85507760      41       0      22
  996 104807.94320307 2345505.58940647   -419.85507760      30       0      27
  997      9.96144459   -235.37804576   -419.85507760      28       0      23
  998 779818.67766459 17454320.54255080   -419.85507760      32       0      22
  999      5.58640919   -379.45763322   -419.85507760      27       0      22
 1000      5.73874947   -377.20499229   -419.85507790      27       0      36
----------------------------------------------------------------------------------
Artificial Bee Colony Optimization Finished!

 -- Results Report --
 * 100 LMs will be saved in [ so4_4_waters-LM ].
      #          Energy
      0   -419.85507760
      1   -414.15914176
      2   -413.57905607
      3   -412.79866133
      4   -412.69444956
      5   -411.97597506
      6   -408.18426972
      7   -407.46003007
      8   -407.17099936
      9   -406.87224175
     10   -406.60433530
     11   -406.46501037
     12   -406.37644811
     13   -406.10043117
     14   -405.71842016
     15   -405.28214824
     16   -404.98092357
     17   -404.92865277
     18   -404.74652765
     19   -404.65628581
     20   -404.64996264
     21   -404.51566516
     22   -404.49539416
     23   -404.48777017
     24   -404.37809929
     25   -404.20063267
     26   -404.19952186
     27   -404.17424610
     28   -404.07287861
     29   -404.04661830
     30   -403.99039689
     31   -403.90345111
     32   -403.82735357
     33   -403.80976670
     34   -403.79842470
     35   -403.75766750
     36   -403.72296182
     37   -403.70323391
     38   -403.69177130
     39   -403.63343265
     40   -403.62368569
     41   -403.60123219
     42   -403.57908541
     43   -403.57374569
     44   -403.54966291
     45   -403.54777247
     46   -403.54714640
     47   -403.52131115
     48   -403.52067069
     49   -403.51226082
     50   -403.46390791
     51   -403.37466850
     52   -403.27938821
     53   -403.26158665
     54   -403.19911630
     55   -403.19427250
     56   -403.06078353
     57   -403.05011888
     58   -403.03384956
     59   -402.99477678
     60   -402.92417309
     61   -402.89922105
     62   -402.87193744
     63   -402.87118239
     64   -402.86093310
     65   -402.85566771
     66   -402.84518727
     67   -402.76697628
     68   -402.36026459
     69   -402.24619665
     70   -402.20511920
     71   -401.88704716
     72   -401.87210635
     73   -401.71439174
     74   -401.62104318
     75   -401.61401352
     76   -401.57136236
     77   -401.55094857
     78   -401.53827924
     79   -401.36332262
     80   -401.31254760
     81   -401.28782102
     82   -401.27774003
     83   -401.26308984
     84   -401.25466365
     85   -401.23134898
     86   -401.17804698
     87   -400.87934706
     88   -400.09932054
     89   -399.99791334
     90   -399.98124529
     91   -399.32906350
     92   -399.13446004
     93   -399.09711468
     94   -398.49358465
     95   -398.07229572
     96   -397.71052829
     97   -397.68308830
     98   -397.40831257
     99   -397.18789442

 * Final Global Minimal Energy:   -419.85507764
 * The Global Minimum is saved as: [ so4_4_waters-OPT.(cluster/xyz/gjf) ]

===== (^ _ ^) =====
Normal termination at Fri Sep 14 16:38:24 2018.
Total run time: 2609 seconds = 0 days 0 hours 43 minutes 29 seconds.
