    * * * * * * * * * * * * * * * * * * * * *
    *       __    ____    ______            *
    *      /  \  |  _ \  |  ___/  luster !  *
     *    / _  \ | |_| | | |               *
     *   / /_\ | |  _ <  | |     < @  @ >  * 
     *  / ___  | | |_| | | |___ _ _  o     * 
    *  /_/   |_| |____/  |_____ _ __ __  _  *
    *                                       *
    * * * * * * * * * * * * * * * * * * * * *

ABCluster 1.5.1
Specific flag:  official version
Platform:       LINUX/UNIX
Compiled by:    junzhang@gellmann.scs.illinois.edu
Compiling date: Dec 18 2017 20:33:35
C++ compiler:   g++
C++ options:    -O3 -Os -fno-exceptions --std=c++0x -fopenmp 

Contributors:
Jun Zhang(University of Cologne): Design and coding.

For any suggestions, comments, and questions on the theory and
implementation of ABCluster, please feel free to contact:

Dr. Jun Zhang, ZhangJunQcc@gmail.com

If you used this program in your work, please cite this reference:

[1] Zhang, J.; Dolg, M.; ABCluster: The Artificial Bee Colony Algorithm for
    Cluster Global Optimization. Phys. Chem. Chem. Phys. 2015, 17, 24173-24181.
[2] Zhang, J.; Dolg, M.; Global Optimization of Clusters of Rigid Molecules by the
    Artificial Bee Colony Algorithm. Phys. Chem. Chem. Phys. 2016, 18, 3003-3010.

Program starts at Tue Nov 27 16:01:47 2018.
Command line: " /ihome/jkeith/yab16/ABC/ABCluster-Linux/lib/rigidmol-optimizer co3_8_waters.inp "
Process ID:   209788
Run by:       yab16@smp-n24.crc.pitt.edu
Available CPU cores:    24
Read "OMP_NUM_THREADS": Unset

Random number testing (integers): 1045229362...1666826470
Random number testing (fractals): 0.93468435...0.96423720

 -- Input/Output Parameters --
Input file name:      co3_8_waters.inp
Cluster file name:    input.cluster
Result file name:     co3_8_waters.(cluster/xyz/gjf)
Temporary file name:  abclusteryab16smp-n24.crc.pitt.edu209788-OPT
# of saved LMs:       100
LMs are stored in:    co3_8_waters-LM

 -- ABC Control Parameters --
Population size:                  500
Maximal generation:              1000
Scout limit:                       15
Amplitude:                10.00000000

 -- Cluster Components: from [ input.cluster ] --
 -----------------------------------------------------------
   Source                                       #   Charge
 -----------------------------------------------------------
   /ihome/jkeith/yab16/ABC/ABCluster-Linux-0/rigidmolecularcluster/charmm36/tip4p.xyz     8    0.000
   /ihome/jkeith/yab16/ABC/ABCluster-Linux-0/rigidmolecularcluster/charmm36/co3.xyz     1   -2.000
 -----------------------------------------------------------
   Dimension: 0, an isolate cluster.
 -----------------------------------------------------------

Artificial Bee Colony Optimization Starts!
----------------------------------------------------------------------------------
 * Population: 500; Maximal cycles: 1000
 * EM = Employed Bee; Trigonometric mutation
 * OL = Onlooker Bee; ABC/best/2(0.5)+ABC/current/2(0.5);
        Tournament selection from 5 nectars.
 * SC = Scout Bee; Random nectar; Limit = 15
----------------------------------------------------------------------------------
    #       Diversity            maxE            minE    byEM    byOL    bySC
----------------------------------------------------------------------------------
    1     12.02856490   -822.51054680   -903.98982479     271      46       0
    2     10.36672653   -847.59568054   -903.98982479     184      68       0
    3      9.32263335   -861.75512005   -903.98982479     123      38       0
    4      8.44142741   -861.75512005   -903.98982479     115      44       0
    5      7.98872108   -862.21272139   -903.98982479      79      20       0
    6      7.45331554   -871.21956183   -903.98982479      65      18       0
    7      7.22508210   -871.49835627   -903.98982479      60      20       0
    8      6.95883125   -874.56084083   -903.98982479      67       7       0
    9      6.76649578   -874.95323288   -903.98982479      65       8       0
   10      6.73324705   -874.95323288   -903.98982479      67       7       0
   11      6.37224947   -878.01271895   -903.98982479      70       1       0
   12      5.58663049   -879.23173699   -903.98982479      96       0       0
   13      4.28984753   -882.56047666   -903.98982479     108       0       0
   14      2.74770612   -886.07360422   -903.98982479      64       0       0
   15      0.98415101   -889.84031184   -903.98982479      39       0       0
   16      0.00000000   -903.98982479   -903.98982479       6       0       0
   17      0.00000000   -903.98982479   -903.98982479       0       0       0
   18     41.51706588   -238.75791512   -903.98982479       0       0      16
   19     57.43616528   -239.65927608   -903.98982479      14       0     104
   20 7245170.81620572 162168316.96123579   -903.98982479      82       0     151
   21     62.38547334   -244.01170315   -903.98982479     127       1     116
   22   3865.03095774  85615.85404645   -903.98982479     141       6      71
   23     47.68814585   -152.37060731   -903.98982479     146       4      35
   24     25.79369472   -365.57886352   -903.98982479     145       4       6
   25      8.13491369   -840.76019028   -903.98982479     136       2       1
   26      4.80110744   -874.55646502   -903.98982479     126       0       0
   27      1.38792857   -891.16305835   -903.98982479      71       0       0
   28      0.00000000   -903.98982479   -903.98982479      12       0       0
   29      0.00000000   -903.98982479   -903.98982479       0       0       0
   30      0.00000000   -903.98982479   -903.98982479       0       0       0
   31      0.00000000   -903.98982479   -903.98982479       0       0       0
   32      0.00000000   -903.98982479   -903.98982479       0       0       0
   33      0.00000000   -903.98982479   -903.98982479       0       0       0
   34      0.00000000   -903.98982479   -903.98982479       0       0       0
   35     32.58163679   -212.65560732   -903.98982479       0       0      12
   36 680011.36732680 15219849.44484441   -903.98982479      11       0      65
   37     65.68407435   -150.19871084   -903.98982479      57       0      74
   38     58.41065051   -162.69949615   -903.98982479      74       0      95
   39     66.61459442   -205.22878056   -903.98982479     112       1      92
   40     52.62914352   -114.36173458   -903.98982479     114       0      84
   41 21399171.83283265 478978358.55800807   -903.98982479     125       0      60
   42     10.20075298   -850.51262834   -903.98982479     118       0      17
   43      5.38523552   -858.25663840   -903.98982479     106       0       1
   44      1.94052595   -885.88061452   -903.98982479      47       0       0
   45      0.00000000   -903.98982479   -903.98982479      14       0       0
   46      0.00000000   -903.98982479   -903.98982479       0       0       0
   47      0.00000000   -903.98982479   -903.98982479       0       0       0
   48      0.00000000   -903.98982479   -903.98982479       0       0       0
   49      0.00000000   -903.98982479   -903.98982479       0       0       0
   50      0.00000000   -903.98982479   -903.98982479       0       0       0
   51      0.00000000   -903.98982479   -903.98982479       0       0       0
   52      5.72685333   -838.39968391   -903.98982479       0       0      10
   53 1678782.49961540 37575417.34320233   -903.98982479      10       0      50
   54     61.47582427   -156.10042350   -903.98982479      47       0      65
   55     57.14731744   -253.92986529   -903.98982479      65       0      66
   56     54.82039219   -201.52770156   -903.98982479      84       0      80
   57     74.90870032   -192.56074708   -903.98982479      98       0      90
   58     69.41855348   -241.25025803   -903.98982479     106       0      81
   59     56.62678797   -293.59296597   -903.98982479     127       0      46
   60     24.70041406   -384.65022522   -903.98982479     109       0      12
   61      4.27225358   -862.17572806   -903.98982479      78       0       0
   62      1.01913046   -888.98231440   -903.98982479      24       0       0
   63      0.00000000   -903.98982479   -903.98982479       5       0       0
   64      0.00000000   -903.98982479   -903.98982479       0       0       0
   65      0.00000000   -903.98982479   -903.98982479       0       0       0
   66      0.00000000   -903.98982479   -903.98982479       0       0       0
   67      0.00000000   -903.98982479   -903.98982479       0       0       0
   68      0.00000000   -903.98982479   -903.98982479       0       0       0
   69     31.20967052   -209.12323450   -903.98982479       0       0      10
   70     39.70910578   -237.17438094   -903.98982479       9       0      37
   71     56.26295511   -196.03032403   -903.98982479      34       0      50
   72     53.48685035   -296.57716081   -903.98982479      48       0      62
   73     51.51344705   -204.41971482   -903.98982479      63       0      73
   74 18927911.38395162 423663950.30070257   -903.98982479      97       0      72
   75     61.65126046   -175.28605179   -903.98982479      88       0      87
   76     54.13752814    -56.71708526   -903.98982479      90       0      72
   77     60.50781587    -56.71708526   -903.98982479      91       0      31
   78     45.86878678   -154.23324757   -903.98982479      79       0       4
   79      2.93594506   -862.39972220   -903.98982479      52       0       2
   80      0.26204851   -898.12437362   -903.98982479      14       0       0
   81      0.00000000   -903.98982479   -903.98982479       1       0       0
   82      0.00000000   -903.98982479   -903.98982479       0       0       0
   83      0.00000000   -903.98982479   -903.98982479       0       0       0
   84      0.00000000   -903.98982479   -903.98982479       0       0       0
   85      0.00000000   -903.98982479   -903.98982479       0       0       0
   86     28.17024732   -278.41222454   -903.98982479       0       0       9
   87     51.85987601   -275.37989791   -903.98982479       8       0      35
   88     42.14877171   -324.56446327   -903.98982479      32       0      40
   89 12572521.72033512 271788093.01538604   -903.98982479      41       0      54
   90     65.68992363    -74.95723273   -903.98982479      53       0      70
   91     70.30380852   -108.80188414   -903.98982479      78       0      69
   92     75.80189218   -131.15294248   -903.98982479      84       0      78
   93     79.43857931   -206.73512689   -903.98982479     101       0      81
   94     52.65781162   -241.97118462   -903.98982479     113       0      47
   95      8.40821829   -851.30604465   -903.98982479      85       0      12
   96      5.50186091   -843.70943295   -903.98982479      62       0       5
   97      0.00000000   -903.98982479   -903.98982479      18       0       0
   98      0.00000000   -903.98982479   -903.98982479       0       0       0
   99      0.00000000   -903.98982479   -903.98982479       0       0       0
  100      0.00000000   -903.98982479   -903.98982479       0       0       0
  101      0.00000000   -903.98982479   -903.98982479       0       0       0
  102      0.00000000   -903.98982479   -903.98982479       0       0       0
  103      4.90581358   -830.58624784   -903.98982479       0       0       9
  104     20.25094855   -494.28842865   -903.98982479       9       0      30
  105     58.23666764    -73.70954431   -903.98982479      31       0      39
  106     58.22744365   -142.30192088   -903.98982479      41       0      45
  107     52.84261306   -266.09374927   -903.98982479      48       0      62
  108 134768.83845138 3015646.86713329   -903.98982479      68       0      64
  109     60.62532810   -198.87663213   -903.98982479      68       0      74
  110     55.01458860   -183.17477379   -903.98982479      86       0      77
  111     53.33964533   -207.88249049   -903.98982479      92       0      58
  112     26.34186135   -361.71874255   -903.98982479      83       0      32
  113      6.49315734   -857.97064497   -903.98982479      71       0      10
  114      1.42052771   -886.14113892   -903.98982479      39       0       0
  115      0.00000000   -903.98982479   -903.98982479       7       0       0
  116      0.00000000   -903.98982479   -903.98982479       0       0       0
  117      0.00000000   -903.98982479   -903.98982479       0       0       0
  118      0.00000000   -903.98982479   -903.98982479       0       0       0
  119      0.00000000   -903.98982479   -903.98982479       0       0       0
  120     32.80578382   -177.80752726   -903.98982479       0       0       8
  121     44.96271583   -289.29472338   -903.98982479       8       0      25
  122     54.13113121   -256.79245783   -903.98982479      24       0      39
  123     41.64271642   -209.05638055   -903.98982479      37       0      43
  124     68.96795186   -258.64509814   -903.98982479      43       0      57
  125     50.99353229   -200.12897683   -903.98982479      65       0      62
  126     51.80599163   -223.65795794   -903.98982479      75       0      66
  127     55.51266146   -242.79214004   -903.98982479      82       0      67
  128     65.76287751   -178.23375434   -903.98982479      85       0      63
  129     56.09962110   -178.23375434   -903.98982479      82       0      52
  130     33.74428234   -172.66527265   -903.98982479      84       0      16
  131      3.81247410   -859.41417068   -903.98982479      48       0       2
  132      0.20114030   -899.48768666   -903.98982479      16       0       0
  133      0.00000000   -903.98982479   -903.98982479       1       0       0
  134      0.00000000   -903.98982479   -903.98982479       0       0       0
  135      0.00000000   -903.98982479   -903.98982479       0       0       0
  136      0.00000000   -903.98982479   -903.98982479       0       0       0
  137     23.31912194   -392.33870142   -903.98982479       0       0       8
  138     21.51762712   -446.61772949   -903.98982479       8       0      24
  139 6274938.83726633 134806766.58942500   -903.98982479      23       0      36
  140     62.35505784   -196.22407791   -903.98982479      36       0      39
  141     54.02992335    -83.63998955   -903.98982479      41       0      42
  142     68.30258928   -177.34252391   -903.98982479      42       0      68
  143     47.66634603   -180.39556078   -903.98982479      70       0      64
  144     64.37172594   -217.27748066   -903.98982479      66       0      54
  145     36.04401424   -444.76915997   -903.98982479      82       0      69
  146     65.22606269   -116.16300869   -903.98982479      84       0      61
  147     36.13933574   -167.87860494   -903.98982479      92       0      30
  148      5.32974642   -859.99517857   -903.98982479      70       0       5
  149      0.33220561   -896.55404212   -903.98982479      27       0       0
  150      0.00000000   -903.98982479   -903.98982479       1       0       0
  151      0.00000000   -903.98982479   -903.98982479       0       0       0
  152      0.00000000   -903.98982479   -903.98982479       0       0       0
  153      0.00000000   -903.98982479   -903.98982479       0       0       0
  154     40.26795463   -203.05206500   -903.98982479       0       0       8
  155     44.08782851   -184.26054512   -903.98982479       8       0      23
  156     46.52689113   -247.03689990   -903.98982479      22       0      35
  157 695787.19571157 15572957.21098440   -903.98982479      38       0      37
  158     34.62638248   -338.39070996   -903.98982479      40       0      39
  159 174885.50555545 3913587.51891132   -903.98982479      46       0      55
  160     72.82046423   -194.55044474   -903.98982479      60       0      61
  161     38.76901993   -374.56886540   -903.98982479      69       0      52
  162 111858473.70949405 2503735603.40271235   -903.98982479      69       0      67
  163     54.35730466   -168.55262720   -903.98982479      69       0      62
  164     67.84984005   -178.52733917   -903.98982479      83       0      49
  165      8.22313874   -843.02264265   -903.98982479      80       0      12
  166      3.68986859   -849.70794885   -903.98982479      53       0       0
  167      0.00000000   -903.98982479   -903.98982479      12       0       0
  168      0.00000000   -903.98982479   -903.98982479       0       0       0
  169      0.00000000   -903.98982479   -903.98982479       0       0       0
  170      0.00000000   -903.98982479   -903.98982479       0       0       0
  171     49.68156486    -53.60253735   -903.98982479       0       0       8
  172      6.86497834   -839.05548122   -903.98982479       6       0      19
  173     39.86757534   -142.70652270   -903.98982479      21       0      35
  174     46.95575028   -344.38879477   -903.98982479      33       0      30
  175     28.77383705   -306.71453196   -903.98982479      35       0      41
  176   4114.92471266  91199.80383489   -903.98982479      45       0      50
  177     50.25682498   -201.71169144   -903.98982479      50       0      60
  178     48.39196316   -276.75752647   -903.98982479      64       0      53
  179     64.07530542   -136.14864804   -903.98982479      62       0      61
  180 106179.71574787 2375733.82437697   -903.98982479      69       0      45
  181     68.01394392   -174.80844287   -903.98982479      71       0      67
  182     36.85524412   -340.05297278   -903.98982479      79       0      29
  183     26.50023616   -318.14084468   -903.98982479      62       0       2
  184      0.95574841   -885.80013346   -903.98982479      18       0       0
  185      0.00000000   -903.98982479   -903.98982479       3       0       0
  186      0.00000000   -903.98982479   -903.98982479       0       0       0
  187      0.00000000   -903.98982479   -903.98982479       0       0       0
  188      3.99862349   -839.70349688   -903.98982479       0       0       7
  189     40.98331202   -215.47562883   -903.98982479       7       0      19
  190     51.70195676   -196.27851502   -903.98982479      20       0      30
  191     51.28384063   -185.69440235   -903.98982479      29       0      34
  192     46.62138316   -248.72101974   -903.98982479      35       0      38
  193     52.92691337   -222.96972583   -903.98982479      44       0      45
  194     58.21385169   -170.39786566   -903.98982479      43       0      59
  195     51.33241479   -188.57710217   -903.98982479      68       0      50
  196     45.87383623   -311.98392584   -903.98982479      70       0      51
  197     46.44436358   -241.63574365   -903.98982479      60       0      52
  198     69.27126096    -77.08003751   -903.98982479      66       0      64
  199     38.13820842   -316.53473612   -903.98982479      73       0      42
  200      9.59275653   -773.37069001   -903.98982479      72       0       9
  201      1.74678011   -878.86512739   -903.98982479      39       0       0
  202      0.00000000   -903.98982479   -903.98982479       7       0       0
  203      0.00000000   -903.98982479   -903.98982479       0       0       0
  204      0.00000000   -903.98982479   -903.98982479       0       0       0
  205      3.68614927   -847.17366530   -903.98982479       0       0       6
  206     46.40889802   -175.39368405   -903.98982479       6       0      20
  207     33.61290326   -229.14530962   -903.98982479      19       0      27
  208      7.78048273   -836.26167881   -903.98982479      28       0      31
  209     55.30677338   -145.80521214   -903.98982479      30       0      40
  210     48.30799453   -205.59483470   -903.98982479      44       0      37
  211     40.00647056   -250.59606220   -903.98982479      40       0      52
  212     59.17357668   -207.61614433   -903.98982479      60       0      54
  213 4545679.89426365 101745394.32714950   -903.98982479      57       0      50
  214     52.88616923   -200.29564939   -903.98982479      64       0      46
  215     48.83922922   -385.24029938   -903.98982479      64       0      64
  216     50.79137228   -194.59933933   -903.98982479      71       0      52
  217      9.56770552   -824.73425634   -903.98982479      68       0      20
  218      3.30933001   -859.95063274   -903.98982479      46       0       1
  219      0.00000000   -903.98982479   -903.98982479      13       0       0
  220      0.00000000   -903.98982479   -903.98982479       0       0       0
  221      0.00000000   -903.98982479   -903.98982479       0       0       0
  222     11.63706013   -661.63728106   -903.98982479       0       0       6
  223     46.48769528   -167.03111671   -903.98982479       6       0      18
  224      8.22106674   -840.18897121   -903.98982479      18       0      29
  225     19.28665849   -513.80125140   -903.98982479      29       0      25
  226     41.06288844   -122.35009018   -903.98982479      27       0      42
  227     64.51704940   -162.22270033   -903.98982479      48       0      34
  228     62.61586685   -129.17849233   -903.98982479      40       0      48
  229     64.14286598   -244.89299630   -903.98982479      50       0      48
  230     39.22875752   -310.96643004   -903.98982479      56       0      53
  231     71.34438092    -76.00709213   -903.98982479      56       0      48
  232     51.05071310   -152.96393321   -903.98982479      65       0      60
  233     44.54608277   -241.84048149   -903.98982479      68       0      53
  234     42.27354899   -254.20730716   -903.98982479      65       0      29
  235     25.17868814   -350.29745107   -903.98982479      55       0       7
  236      1.03921420   -884.54603468   -903.98982479      19       0       0
  237      0.33738622   -896.43808410   -903.98982479       2       0       0
  238      0.00000000   -903.98982479   -903.98982479       1       0       0
  239     23.39256383   -388.96760941   -903.98982479       0       0       6
  240     17.75053646   -530.56277512   -903.98982479       6       0      16
  241      8.03962105   -840.17431817   -903.98982479      16       0      26
  242     13.28515824   -684.82302218   -903.98982479      25       0      27
  243     56.83218486   -154.29538589   -903.98982479      28       0      37
  244     44.50567358   -173.79929583   -903.98982479      43       0      34
  245     69.23589202   -194.10121206   -903.98982479      37       0      49
  246     55.09926092   -211.50362070   -903.98982479      55       0      45
  247     35.19793124   -379.40562504   -903.98982479      46       0      48
  248     45.21193648   -153.96211658   -903.98982479      57       0      56
  249     65.67269918   -183.65021354   -903.98982479      52       0      53
  250     57.74329293    -88.71279150   -903.98982479      72       0      49
  251     28.24091452   -312.57737540   -903.98982479      61       0      39
  252     28.91218658   -416.34225973   -903.98982479      60       0      15
  253      1.47561535   -880.68091585   -903.98982479      36       0       0
  254      0.00000000   -903.98982479   -903.98982479       7       0       0
  255      0.00000000   -903.98982479   -903.98982479       0       0       0
  256      5.18812625   -841.64023880   -903.98982479       0       0       6
  257     42.48137091   -189.76072864   -903.98982479       6       0      14
  258     41.95116753   -212.35536069   -903.98982479      14       0      25
  259 1257010.64282853 28134865.37300929   -903.98982479      25       0      25
  260     46.84390077   -337.34467182   -903.98982479      27       0      35
  261     68.86970903   -113.86230744   -903.98982479      35       0      35
  262 25702729.91014416 575305213.91016722   -903.98982479      46       0      51
  263     47.75242752   -187.09302051   -903.98982479      54       0      42
  264     74.70899303   -170.97723703   -903.98982479      54       0      49
  265 158275646.13369212 3542694610.80626678   -903.98982479      70       0      44
  266     57.10864847   -203.12091996   -903.98982479      51       0      60
  267     65.36742173   -174.20545037   -903.98982479      59       0      44
  268     58.71469865   -167.30509679   -903.98982479      60       0      42
  269     59.13147858    -94.33882071   -903.98982479      58       0      25
  270      4.27080178   -855.93815935   -903.98982479      35       0       3
  271      0.33239385   -898.12437362   -903.98982479      15       0       0
  272      0.00000000   -903.98982479   -903.98982479       2       0       0
  273     17.32553708   -523.92198459   -903.98982479       0       0       6
  274     43.61761281   -141.59708156   -903.98982479       6       0      13
  275     34.25920906   -148.38111449   -903.98982479      13       0      24
  276     27.32480485   -309.63708072   -903.98982479      23       0      21
  277     49.55014719   -288.79080894   -903.98982479      17       0      31
  278     31.63492134   -304.25533958   -903.98982479      27       0      34
  279     31.30021160   -249.84452710   -903.98982479      40       0      50
  280     53.54068057   -308.96006270   -903.98982479      55       0      42
  281     51.96686040   -257.66434463   -903.98982479      46       0      52
  282     41.96925298   -181.64685707   -903.98982479      64       0      45
  283     16.66763657   -637.98140193   -903.98982479      62       0      49
  284     40.96697282   -262.09219372   -903.98982479      55       0      52
  285     56.71093204   -243.16340673   -903.98982479      65       0      49
  286     16.03946607   -597.46628594   -903.98982479      63       0      24
  287     31.75695833   -199.53396168   -903.98982479      39       0       7
  288      0.40867537   -894.84241380   -903.98982479      12       0       1
  289      0.00000000   -903.98982479   -903.98982479       1       0       0
  290     26.02567432   -325.26531093   -903.98982479       0       0       6
  291     39.51418554   -274.56917165   -903.98982479       6       0      13
  292      6.59168899   -855.50857604   -903.98982479      13       0      23
  293     54.26875367   -189.57826065   -903.98982479      22       0      21
  294     14.24505437   -656.86062903   -903.98982479      21       0      29
  295 4556686.21191675 101991744.66406053   -903.98982479      35       0      33
  296     14.06434516   -669.74824766   -903.98982479      34       0      44
  297     49.94663979   -236.30338101   -903.98982479      46       0      37
  298     49.17855754   -272.15679775   -903.98982479      46       0      52
  299     51.41281773   -175.01519890   -903.98982479      59       0      53
  300     45.92243962   -316.44132091   -903.98982479      58       0      48
  301     49.62955032   -232.56958861   -903.98982479      62       0      47
  302     59.53079145   -128.64878447   -903.98982479      53       0      52
  303     27.39992029   -333.57440629   -903.98982479      61       0      33
  304     31.00943899   -364.12685957   -903.98982479      51       0       8
  305      0.93210401   -883.12647180   -903.98982479      22       0       1
  306      0.00000000   -903.98982479   -903.98982479       1       0       0
  307      3.47542156   -864.27488548   -903.98982479       0       0       6
  308     21.53669086   -435.40442921   -903.98982479       6       0      13
  309     41.88048357   -180.91400312   -903.98982479      12       0      22
  310      7.23831925   -835.06734387   -903.98982479      22       0      17
  311     45.87170409   -182.27425494   -903.98982479      20       0      29
  312     22.55764530   -452.83754291   -903.98982479      30       0      36
  313     33.81263098   -358.58262197   -903.98982479      33       0      36
  314     36.27642306   -341.10842302   -903.98982479      41       0      38
  315     64.63677259   -199.85214239   -903.98982479      49       0      53
  316     48.71569064   -202.89361664   -903.98982479      63       0      49
  317     64.78501779   -167.31164033   -903.98982479      58       0      51
  318     42.24577638   -110.75572070   -903.98982479      61       0      45
  319     10.60623263   -841.76649097   -903.98982479      64       0      51
  320 418337.73333617 9362788.59043266   -903.98982479      67       0      39
  321      7.44731275   -824.56219564   -903.98982479      58       0      14
  322   1036.63900077  22299.26836915   -903.98982479      30       0       1
  323      1.49502362   -870.52660041   -903.98982479       5       0       0
  324     28.81032431   -265.05268377   -903.98982479       1       0       6
  325     14.12518666   -615.63840960   -903.98982479       6       0      13
  326     29.67495195   -275.21517659   -903.98982479      13       0      19
  327     53.16392555   -233.57194355   -903.98982479      20       0      19
  328     34.38421805   -354.99178151   -903.98982479      20       0      28
  329     56.45306022   -199.51221940   -903.98982479      28       0      32
  330     40.27648006   -198.66947867   -903.98982479      35       0      30
  331     51.50064122   -168.65596010   -903.98982479      35       0      44
  332 2381099.81974988 53295436.03539121   -903.98982479      42       0      42
  333     38.36762243   -226.24020211   -903.98982479      50       0      48
  334     57.46450428   -208.69115250   -903.98982479      52       0      54
  335     56.56670773   -172.39736066   -903.98982479      64       0      42
  336     73.55412929   -108.05976902   -903.98982479      53       0      58
  337     40.84019334   -310.35859558   -903.98982479      57       0      41
  338     23.60388471   -434.80326285   -903.98982479      64       0      22
  339      2.82380890   -857.24603960   -903.98982479      40       0       1
  340     30.54806837   -220.23014824   -903.98982479       9       0       1
  341      3.41307641   -849.82093466   -903.98982479       1       0       6
  342  12579.01090679 280654.01848273   -903.98982479       6       0      12
  343     34.49541965   -146.52014334   -903.98982479      11       0      19
  344      6.17195783   -854.81871563   -903.98982479      20       0      17
  345     29.18702355   -432.98319826   -903.98982479      17       0      29
  346     48.98491426   -246.76559862   -903.98982479      23       0      30
  347     43.76872557   -193.97225466   -903.98982479      34       0      31
  348     26.61055614   -356.99747116   -903.98982479      40       0      42
  349     50.57288303   -253.05122841   -903.98982479      46       0      38
  350     62.43731838   -153.52162458   -903.98982479      45       0      44
  351     63.21990202   -173.66962190   -903.98982479      44       0      56
  352     63.61986777   -209.35066300   -903.98982479      62       0      45
  353 1431161.15985236 32032887.95426681   -903.98982479      65       0      47
  354     71.11219561    -47.09467029   -903.98982479      64       0      51
  355     23.55878921   -420.17749815   -903.98982479      58       0      30
  356      6.23859170   -809.29194518   -903.98982479      49       0       2
  357      1.00731813   -888.09371993   -903.98982479      21       0       1
  358      3.40221146   -860.07211569   -903.98982479       3       0       6
  359     37.25257862   -235.15598839   -903.98982479       6       0      12
  360      6.04938545   -836.66778386   -903.98982479      12       0      19
  361     33.89187199   -393.60684494   -903.98982479      18       0      16
  362 2831329.82941449 63372964.31013118   -903.98982479      13       0      28
  363     18.41134691   -535.08083360   -903.98982479      29       0      26
  364 3594982.47638302 80465859.86926095   -903.98982479      30       0      33
  365 383104.78803462 8574163.89205713   -903.98982479      35       0      36
  366     54.80748918   -159.81583767   -903.98982479      42       0      44
  367     59.08416745   -128.52565060   -903.98982479      51       0      36
  368     55.59175565   -148.55875857   -903.98982479      44       0      51
  369     62.81143525   -204.91359032   -903.98982479      48       0      45
  370     54.32544003   -227.75580464   -903.98982479      54       0      53
  371     76.94211664   -201.29846219   -903.98982479      68       0      47
  372     52.52781536   -191.42987890   -903.98982479      60       0      37
  373     39.03870513   -180.72025001   -903.98982479      44       0       9
  374      2.82284709   -862.57326098   -903.98982479      24       0       2
  375     33.38686891   -372.11117045   -903.98982479       5       0       6
  376     31.73014856   -202.92727898   -903.98982479       6       0      12
  377     34.08441291   -169.25372722   -903.98982479      12       0      19
  378      6.37979964   -842.47590390   -903.98982479      18       0      16
  379     57.77169326   -176.97032341   -903.98982479      19       0      25
  380     14.94456580   -630.25017332   -903.98982479      22       0      24
  381     52.13429758   -163.89139908   -903.98982479      28       0      33
  382     33.38668472   -446.43302140   -903.98982479      36       0      34
  383     66.12624488   -121.13575184   -903.98982479      34       0      42
  384     55.99135881   -195.48442122   -903.98982479      48       0      38
  385     57.29848920   -195.48442122   -903.98982479      45       0      46
  386     38.30787095   -351.98479106   -903.98982479      55       0      47
  387     36.72510518   -226.95905948   -903.98982479      62       0      54
  388     56.85231506   -187.78231220   -903.98982479      60       0      46
  389 112033.33378466 2506754.98269632   -903.98982479      61       0      41
  390     74.93335787   -121.85507980   -903.98982479      58       0      15
  391      2.58277211   -873.83630319   -903.98982479      41       0       2
  392     26.27186602   -320.35987549   -903.98982479      10       0       6
  393     19.80412758   -478.95858800   -903.98982479       7       0      12
  394     24.68630085   -373.87438199   -903.98982479      12       0      17
  395     31.02570753   -223.03545318   -903.98982479      18       0      18
  396      8.09085557   -838.35121529   -903.98982479      18       0      21
  397     39.23892930   -190.68849140   -903.98982479      23       0      24
  398     31.74112652   -377.91385871   -903.98982479      22       0      36
  399     44.83538873   -244.76660395   -903.98982479      41       0      30
  400 2896690.82937911 64835947.80455310   -903.98982479      34       0      37
  401     46.10232036   -343.92993924   -903.98982479      40       0      37
  402     25.23416003   -390.63887148   -903.98982479      40       0      42
  403     56.31588982   -192.16508365   -903.98982479      48       0      53
  404     61.04118621   -174.58016574   -903.98982479      61       0      49
  405     57.29157779   -110.47141278   -903.98982479      58       0      38
  406     55.53829315   -167.97877272   -903.98982479      49       0      50
  407     50.23754193   -219.09432901   -903.98982479      60       0      22
  408     25.31933459   -390.67480300   -903.98982479      34       0       8
  409      3.81591339   -855.38360341   -903.98982479      16       0       6
  410     37.55684510   -233.81747710   -903.98982479       7       0      11
  411     48.66266176   -246.06735373   -903.98982479      12       0      18
  412      7.61430351   -843.69000118   -903.98982479      17       0      16
  413     35.87344488   -241.85780890   -903.98982479      17       0      22
  414     50.68329178   -194.32396152   -903.98982479      22       0      20
  415     44.35510710   -317.78517982   -903.98982479      21       0      37
  416     42.97775930   -194.45451003   -903.98982479      36       0      28
  417     53.20540828   -135.05355166   -903.98982479      30       0      40
  418     61.18177489   -102.62051868   -903.98982479      41       0      32
  419     31.66730023   -240.53768215   -903.98982479      43       0      42
  420     73.92764452   -159.88832686   -903.98982479      40       0      49
  421 1125681.60365543 25195318.19530239   -903.98982479      64       0      52
  422     49.85319948   -167.90220430   -903.98982479      52       0      37
  423     66.67724997   -115.64413776   -903.98982479      53       0      50
  424     23.43008184   -414.53934046   -903.98982479      56       0      29
  425     16.20974778   -566.26440629   -903.98982479      40       0      11
  426      4.33170567   -858.22539443   -903.98982479      16       0       6
  427     28.42039671   -296.76192004   -903.98982479       8       0      11
  428      6.56262513   -846.31525325   -903.98982479      12       0      17
  429     30.23598896   -240.18404869   -903.98982479      17       0      17
  430     35.32926258   -260.10541289   -903.98982479      19       0      21
  431     40.25099111   -165.64871702   -903.98982479      21       0      19
  432     58.85314050   -273.89184243   -903.98982479      21       0      37
  433     47.55186077   -196.48181665   -903.98982479      36       0      26
  434     44.49286250   -183.75821264   -903.98982479      36       0      38
  435     36.05343224   -289.23206103   -903.98982479      38       0      33
  436 7173703.94697929 160568647.72821265   -903.98982479      39       0      35
  437     43.82158654   -221.75440250   -903.98982479      38       0      53
  438     41.42658451   -229.01497395   -903.98982479      57       0      51
  439     45.74645564   -165.01455913   -903.98982479      50       0      42
  440     47.95646431    -92.37337929   -903.98982479      59       0      45
  441     37.84079417   -319.94558763   -903.98982479      55       0      36
  442 16869207.43074882 377583817.33340335   -903.98982479      50       0      11
  443     40.38655076   -235.52668627   -903.98982479      29       0       7
  444     42.40184618   -225.47042338   -903.98982479      10       0      12
  445     35.00799348   -310.00369050   -903.98982479      12       0      15
  446     37.24777689   -169.40585802   -903.98982479      14       0      18
  447     44.92763382   -105.23034034   -903.98982479      19       0      21
  448     41.19615964   -205.75739619   -903.98982479      23       0      19
  449     43.95627676   -173.38970439   -903.98982479      21       0      28
  450     64.82706200   -121.64787109   -903.98982479      23       0      34
  451     48.71866023   -256.59401955   -903.98982479      44       0      35
  452     52.68945283   -201.76322387   -903.98982479      38       0      33
  453     28.70173253   -301.51756857   -903.98982479      40       0      34
  454     56.55217380   -175.00408798   -903.98982479      46       0      51
  455     59.62903142   -175.27936208   -903.98982479      54       0      46
  456     31.85952837   -239.86892188   -903.98982479      57       0      44
  457     49.13642038   -184.32095112   -903.98982479      54       0      44
  458     10.83889546   -776.40237134   -903.98982479      52       0      39
  459     26.97786899   -321.76484435   -903.98982479      44       0      19
  460     13.08387633   -629.61607637   -903.98982479      28       0       8
  461     22.76911056   -405.34207366   -903.98982479      16       0      12
  462      5.77722480   -851.25325775   -903.98982479      11       0      15
  463     25.23873507   -351.51309462   -903.98982479      16       0      16
  464      7.08144719   -850.08117301   -903.98982479      15       0      21
  465     38.93721449    -95.26785243   -903.98982479      24       0      20
  466     34.04407222   -312.52441565   -903.98982479      21       0      24
  467     47.55201242   -183.90619039   -903.98982479      22       0      31
  468     25.59153288   -436.03672646   -903.98982479      33       0      39
  469     55.67850517   -147.07942280   -903.98982479      36       0      28
  470     34.23687265   -199.58360752   -903.98982479      38       0      34
  471     43.53185503   -301.59687770   -903.98982479      44       0      48
  472     24.41037779   -420.36559976   -903.98982479      49       0      47
  473     34.61148340   -311.93143648   -903.98982479      57       0      51
  474     32.98579611   -201.67074576   -903.98982479      60       0      40
  475     40.85815119   -195.98976613   -903.98982479      50       0      39
  476     31.26566293   -225.77989754   -903.98982479      45       0      25
  477     45.34641264   -175.12594653   -903.98982479      33       0      10
  478     43.12927315   -167.50233400   -903.98982479      17       0      11
  479     48.63575798   -169.08454768   -903.98982479      14       0      16
  480      6.92592312   -837.69120007   -903.98982479      15       0      15
  481     38.31247897   -211.76748328   -903.98982479      16       0      21
  482     23.27738337   -448.96106873   -903.98982479      20       0      20
  483     54.32229551   -107.90841480   -903.98982479      22       0      23
  484     42.33983202   -125.89186346   -903.98982479      25       0      30
  485 3467170.88127887 77605045.79761045   -903.98982479      27       0      36
  486     48.61255732   -274.37270155   -903.98982479      42       0      26
  487     60.63178654   -156.43889916   -903.98982479      28       0      35
  488 425741469.39326322 9529401937.31763840   -903.98982479      38       0      46
  489 221277.22662671 4951968.66739685   -903.98982479      51       0      46
  490 18666269.89059202 417807606.69509017   -903.98982479      56       0      51
  491     65.62730782   -165.52753613   -903.98982479      55       0      45
  492     44.18368669   -261.40786623   -903.98982479      53       0      39
  493     17.34757605   -554.95716230   -903.98982479      50       0      26
  494      7.02605740   -788.04514916   -903.98982479      39       0      13
  495     34.92576666   -131.30678187   -903.98982479      16       0      12
  496     25.94286065   -347.72964928   -903.98982479      15       0      16
  497     39.97242812   -148.29905052   -903.98982479      18       0      15
  498     27.32152014   -306.52267033   -903.98982479      18       0      18
  499     43.05639698   -187.64854150   -903.98982479      18       0      21
  500     37.53229660   -212.99794855   -903.98982479      22       0      23
  501     47.73482025   -223.13037679   -903.98982479      25       0      28
  502     68.72952315   -181.20484346   -903.98982479      30       0      36
  503     37.09306395   -336.39294965   -903.98982479      39       0      29
  504     36.15334950   -314.73294801   -903.98982479      34       0      29
  505     54.56076973   -110.85769932   -903.98982479      36       0      46
  506     58.06139972   -239.68852461   -903.98982479      48       0      45
  507     56.01096542   -159.40114946   -903.98982479      57       0      47
  508     66.13413099   -153.46927722   -903.98982479      57       0      43
  509     48.78806056   -248.75963891   -903.98982479      54       0      49
  510     29.57566112   -436.92328097   -903.98982479      59       0      29
  511     40.72572945   -293.34237833   -903.98982479      39       0      13
  512     40.93884428   -215.63529873   -903.98982479      22       0      12
  513     21.48902463   -444.29060016   -903.98982479      14       0      15
  514     31.84894139   -408.58136364   -903.98982479      15       0      17
  515     39.25384010   -216.06534721   -903.98982479      17       0      17
  516  78997.62326674 1767309.92111973   -903.98982479      18       0      18
  517     33.73348394   -169.71501547   -903.98982479      18       0      26
  518     25.03008679   -375.41251095   -903.98982479      25       0      26
  519     43.97399927   -279.25750418   -903.98982479      28       0      33
  520     42.04944057   -268.41192289   -903.98982479      38       0      28
  521     33.93609306   -179.35669837   -903.98982479      36       0      31
  522     45.31944025   -181.87031663   -903.98982479      37       0      36
  523     33.79402512   -293.35958288   -903.98982479      39       0      46
  524     81.98524773   -175.85934430   -903.98982479      53       0      49
  525     48.75004678   -154.11449582   -903.98982479      55       0      44
  526     55.90839582   -188.50864791   -903.98982479      54       0      56
  527     35.93238034   -278.37824476   -903.98982479      61       0      31
  528     35.81273266   -213.02922420   -903.98982479      47       0      13
  529     14.37436705   -606.58178071   -903.98982479      21       0      14
  530     24.63621939   -365.74043682   -903.98982479      17       0      15
  531     29.68064838   -252.73403740   -903.98982479      16       0      16
  532     48.84773804    -68.28349097   -903.98982479      16       0      17
  533     30.84232252   -229.80005297   -903.98982479      20       0      19
  534     32.61219237   -191.05914180   -903.98982479      19       0      24
  535     42.58902740   -281.47507691   -903.98982479      24       0      24
  536     47.17271883   -353.53650714   -903.98982479      25       0      28
  537     41.99737511   -240.89493123   -903.98982479      35       0      31
  538 1797025.53172137 40222055.88449427   -903.98982479      33       0      32
  539     62.01433067   -148.52005534   -903.98982479      37       0      32
  540     54.45759189   -206.83077263   -903.98982479      40       0      47
  541     51.77999953   -239.67748676   -903.98982479      46       0      45
  542     66.92613584   -211.94108098   -903.98982479      53       0      52
  543     76.32089891   -149.39512421   -903.98982479      54       0      48
  544 6915520.09859266 154789703.84661689   -903.98982479      59       0      40
  545     32.03019185   -210.86248662   -903.98982479      58       0      13
  546     27.50528748   -305.48153349   -903.98982479      32       0      17
  547      5.31646995   -849.07749586   -903.98982479      22       0      15
  548     31.08737850   -270.67870442   -903.98982479      16       0      13
  549     55.84043053   -214.16958806   -903.98982479      13       0      20
  550     52.16331895    253.56305030   -903.98982479      20       0      16
  551     29.30189166   -367.68422950   -903.98982479      16       0      24
  552     58.78139743   -131.69304351   -903.98982479      24       0      23
  553     30.98446700   -403.59313709   -903.98982479      28       0      28
  554     26.26315208   -398.65291516   -903.98982479      29       0      32
  555    379.23493951   7567.48396678   -903.98982479      33       0      28
  556     21.43663382   -478.49029449   -903.98982479      30       0      35
  557     29.59727261   -333.02998631   -903.98982479      41       0      40
  558     57.90250022   -229.89689115   -903.98982479      49       0      47
  559     30.69426134   -293.40978382   -903.98982479      46       0      47
  560     35.49643372   -265.88334083   -903.98982479      52       0      45
  561     55.30478890   -204.26240304   -903.98982479      55       0      51
  562     39.63546649   -263.60958478   -903.98982479      62       0      18
  563     34.02873399   -256.85734971   -903.98982479      33       0      18
  564      5.27169325   -853.79172532   -903.98982479      23       0      14
  565      5.53017088   -853.72171834   -903.98982479      13       0      14
  566     30.85107146   -367.13275530   -903.98982479      15       0      19
  567     14.32173926   -629.68882553   -903.98982479      19       0      17
  568     20.54723228   -494.26319708   -903.98982479      17       0      20
  569     50.14112454   -208.65944178   -903.98982479      17       0      24
  570  66030.98958085 1477077.62294680   -903.98982479      29       0      28
  571     40.77948630   -195.26728894   -903.98982479      27       0      34
  572      9.67932888   -796.78013068   -903.98982479      38       0      21
  573     57.83684455   -215.56143146   -903.98982479      28       0      37
  574     33.33761642   -277.17918325   -903.98982479      42       0      42
  575     40.79738948   -205.86766679   -903.98982479      45       0      44
  576     44.32270836   -322.77938929   -903.98982479      50       0      43
  577     51.28332582   -127.74665791   -903.98982479      54       0      48
  578     74.61109969   -143.47376267   -903.98982479      53       0      48
  579     38.77334371   -294.59262555   -903.98982479      55       0      28
  580     28.49960918   -286.71267650   -903.98982479      48       0      19
  581     28.72086053   -285.38158387   -903.98982479      31       0      14
  582     28.24126345   -284.25318385   -903.98982479      19       0      14
  583     42.67554575   -242.33307740   -903.98982479      14       0      19
  584     42.91350521   -302.65943653   -903.98982479      19       0      17
  585      7.53409146   -832.51951199   -903.98982479      19       0      18
  586     31.22075540   -297.97932230   -903.98982479      19       0      23
  587      9.09665070   -836.92793028   -903.98982479      23       0      27
  588     27.46406371   -415.70079431   -903.98982479      30       0      30
  589     27.92954878   -306.48718092   -903.98982479      36       0      26
  590     70.18309504    -58.44341502   -903.98982479      24       0      36
  591     58.42751379   -245.97368159   -903.98982479      38       0      39
  592     51.82071617   -162.70254678   -903.98982479      44       0      37
  593     36.95516401   -324.13568326   -903.98982479      43       0      50
  594     58.88121915   -122.38762380   -903.98982479      49       0      44
  595     31.01168006   -313.62139412   -903.98982479      54       0      47
  596     34.59928262   -440.67744106   -903.98982479      57       0      31
  597     33.26888645   -303.25363212   -903.98982479      44       0      26
  598     32.67606197   -197.05409554   -903.98982479      34       0      16
  599      5.57039408   -857.56269827   -903.98982479      17       0      13
  600     50.26187844   -214.85356664   -903.98982479      17       0      18
  601     53.42871451   -153.99283754   -903.98982479      21       0      19
  602     23.36752278   -403.11739110   -903.98982479      19       0      16
  603  40966.59202877 916056.18201364   -903.98982479      17       0      23
  604     47.68983720   -236.73968351   -903.98982479      24       0      24
  605     77.48269879   -162.74839583   -903.98982479      25       0      33
  606     32.40943793   -413.22902107   -903.98982479      37       0      26
  607     23.84023742   -407.93075414   -903.98982479      30       0      32
  608     16.35165445   -627.86950685   -903.98982479      33       0      40
  609     28.34168862   -526.39296299   -903.98982479      40       0      36
  610     40.50113551   -250.27920012   -903.98982479      44       0      48
  611     55.95838205   -137.68292447   -903.98982479      56       0      44
  612     59.97229244   -174.15804366   -903.98982479      49       0      44
  613     40.12964977   -342.49965329   -903.98982479      52       0      38
  614     38.43019181   -278.92015016   -903.98982479      50       0      26
  615     67.23030123   -144.87528317   -903.98982479      37       0      19
  616     46.21502300   -148.39069460   -903.98982479      26       0      12
  617     26.70627253   -323.90680172   -903.98982479      13       0      19
  618     57.08006844    -74.08410400   -903.98982479      19       0      19
  619     46.47638678   -232.08410818   -903.98982479      19       0      16
  620     50.32623132   -177.61419011   -903.98982479      21       0      21
  621     11.63561272   -700.18425947   -903.98982479      20       0      24
  622     33.45219029   -326.27789989   -903.98982479      27       0      30
  623     57.01506359   -162.74752880   -903.98982479      30       0      29
  624     55.45499540   -162.28689868   -903.98982479      32       0      34
  625     22.78765935   -435.04245141   -903.98982479      35       0      34
  626     38.57592326   -196.25634610   -903.98982479      42       0      36
  627     21.47553525   -571.70530781   -903.98982479      42       0      46
  628     57.80393730   -189.44228823   -903.98982479      45       0      47
  629 895092.26904712 20034018.60317018   -903.98982479      56       0      38
  630     47.94768700   -316.47084842   -903.98982479      44       0      42
  631     48.09796711    -99.84810661   -903.98982479      48       0      31
  632      7.77493735   -841.97433898   -903.98982479      39       0      21
  633     45.40948074   -115.70357888   -903.98982479      29       0      12
  634     43.78406663   -158.18142213   -903.98982479      14       0      19
  635     44.02791975   -151.89902845   -903.98982479      21       0      17
  636     19.94681307   -536.39711331   -903.98982479      18       0      19
  637     25.90280064   -339.65644248   -903.98982479      18       0      19
  638 1501152.03271140 33599496.39677544   -903.98982479      23       0      25
  639 506690.88784631 11340398.56243230   -903.98982479      26       0      26
  640     44.21707108   -329.99780023   -903.98982479      31       0      30
  641     16.37865773   -655.51810553   -903.98982479      33       0      32
  642     44.98755277   -139.12818853   -903.98982479      32       0      35
  643     36.92906756   -289.40078626   -903.98982479      41       0      37
  644     64.05114261   -190.99895876   -903.98982479      43       0      40
  645     38.46143874   -271.96533016   -903.98982479      55       0      51
  646     39.39455280   -355.44879741   -903.98982479      62       0      35
  647     53.64167157   -128.52439656   -903.98982479      43       0      46
  648     63.86222052   -164.33184782   -903.98982479      47       0      34
  649 3528476.17580776 78977247.25866653   -903.98982479      43       0      22
  650     56.71701594   -190.77955185   -903.98982479      36       0      13
  651     17.91952094   -594.84716088   -903.98982479      19       0      18
  652     46.07737039   -222.61619483   -903.98982479      18       0      17
  653     37.53952841   -162.64643225   -903.98982479      18       0      18
  654     19.17861540   -509.92395671   -903.98982479      19       0      20
  655     43.84235626    -47.95346583   -903.98982479      23       0      20
  656     34.34202827   -290.79134298   -903.98982479      20       0      26
  657     56.25742381    -86.85655723   -903.98982479      24       0      33
  658     40.08406596   -274.41053028   -903.98982479      33       0      31
  659      8.36449257   -842.04630269   -903.98982479      35       0      31
  660      9.34467972   -836.26312976   -903.98982479      33       0      33
  661     51.13436265   -193.43829094   -903.98982479      36       0      40
  662     46.88082540   -160.22846658   -903.98982479      43       0      50
  663     59.30861505   -266.10169898   -903.98982479      51       0      45
  664     34.36927865   -207.50912453   -903.98982479      54       0      42
  665     49.23535369   -163.74372235   -903.98982479      55       0      33
  666     58.89243321   -183.99767759   -903.98982479      39       0      27
  667     15.94513521   -566.63140561   -903.98982479      37       0      15
  668     44.59676498    -60.92031153   -903.98982479      19       0      17
  669      8.54878379   -791.27724010   -903.98982479      18       0      18
  670     30.16192968   -419.31065156   -903.98982479      21       0      19
  671     36.46567643   -226.12333560   -903.98982479      18       0      19
  672     21.13180650   -460.22473413   -903.98982479      22       0      21
  673     34.75129687   -137.64667831   -903.98982479      23       0      25
  674     35.28500460   -139.01321200   -903.98982479      25       0      28
  675     47.28720056   -141.49327271   -903.98982479      30       0      35
  676     64.41694288   -117.73634531   -903.98982479      39       0      30
  677     60.08465579   -216.26051897   -903.98982479      34       0      34
  678     28.60678634   -297.43171259   -903.98982479      41       0      35
  679  28993.42030164 648065.24699020   -903.98982479      41       0      48
  680 3460979.03705628 77466450.90789036   -903.98982479      51       0      48
  681     15.39072149   -636.27781602   -903.98982479      60       0      40
  682     59.58261831   -218.59395037   -903.98982479      52       0      33
  683     20.36863140   -494.86423795   -903.98982479      41       0      34
  684     30.12903162   -246.35642739   -903.98982479      40       0      15
  685     21.53406596   -443.08945243   -903.98982479      26       0      15
  686     50.59596117   -204.47359199   -903.98982479      18       0      20
  687     18.81739873   -514.33903295   -903.98982479      22       0      18
  688     21.59460766   -455.50416888   -903.98982479      20       0      20
  689     19.46079173   -501.43097814   -903.98982479      21       0      21
  690      8.24544799   -842.05853991   -903.98982479      23       0      23
  691     51.09191440   -220.83544592   -903.98982479      25       0      28
  692     42.55829908   -209.16775723   -903.98982479      28       0      32
  693     57.27432612   -156.18912817   -903.98982479      34       0      31
  694     40.31590720   -344.57355682   -903.98982479      31       0      31
  695     26.19114257   -385.23857658   -903.98982479      37       0      36
  696     49.59002250   -210.55091442   -903.98982479      38       0      45
  697     44.60615965   -158.16406927   -903.98982479      49       0      47
  698     68.63203026   -222.97508855   -903.98982479      52       0      45
  699     34.28951653   -219.39673141   -903.98982479      59       0      31
  700     22.41083154   -476.04987733   -903.98982479      39       0      34
  701     22.46751251   -466.83865768   -903.98982479      44       0      21
  702     38.16691566   -232.86054754   -903.98982479      26       0      15
  703     31.79551204   -224.84652549   -903.98982479      18       0      20
  704     44.91454377    -83.22368204   -903.98982479      19       0      18
  705     46.74198156   -134.95252704   -903.98982479      21       0      19
  706     27.23341177   -470.35569240   -903.98982479      20       0      24
  707     38.16196993   -212.41826572   -903.98982479      25       0      23
  708     42.90169664   -223.69847488   -903.98982479      23       0      27
  709     56.02686444   -131.78268980   -903.98982479      29       0      29
  710     41.62417024   -331.84804583   -903.98982479      37       0      32
  711     64.80973270   -216.34888720   -903.98982479      33       0      26
  712     56.42603530   -136.06166282   -903.98982479      33       0      40
  713 287421.85879541 6432489.11750561   -903.98982479      44       0      42
  714     39.78918734   -307.08363789   -903.98982479      47       0      43
  715     40.63688663   -239.07765703   -903.98982479      50       0      46
  716 6018030.19397454 134701115.37607661   -903.98982479      55       0      33
  717     31.57597561   -368.96340118   -903.98982479      43       0      40
  718     44.14029989   -106.46440044   -903.98982479      44       0      23
  719     26.11556725   -336.84291427   -903.98982479      30       0      14
  720     27.61754497   -317.93285800   -903.98982479      21       0      19
  721      6.61246484   -848.16623891   -903.98982479      16       0      18
  722     27.51681921   -472.10456574   -903.98982479      20       0      18
  723     33.91064937   -388.35302004   -903.98982479      18       0      27
  724     42.21966547   -207.99526789   -903.98982479      28       0      19
  725     56.36949336   -208.40392770   -903.98982479      21       0      26
  726     33.54959886   -319.85098988   -903.98982479      26       0      31
  727     23.99892474   -409.21674453   -903.98982479      34       0      31
  728     53.27708344   -201.27509520   -903.98982479      33       0      23
  729     59.44192063   -200.91970635   -903.98982479      27       0      39
  730     40.31682361   -278.90912802   -903.98982479      38       0      45
  731     43.25303448   -327.13556457   -903.98982479      52       0      38
  732     39.45864296   -171.57956760   -903.98982479      53       0      46
  733     51.26356639   -241.61490614   -903.98982479      52       0      42
  734     14.11631878   -706.94795938   -903.98982479      48       0      35
  735     45.70209088   -269.00217662   -903.98982479      45       0      25
  736     27.09388801   -321.40638243   -903.98982479      34       0      18
  737     19.33648826   -610.55055792   -903.98982479      20       0      18
  738     25.45396395   -348.29845917   -903.98982479      18       0      18
  739     32.88895993   -331.96453533   -903.98982479      20       0      19
  740      7.07668658   -828.21853029   -903.98982479      19       0      26
  741     35.32065580   -198.16404046   -903.98982479      24       0      19
  742     42.21974465   -222.22556445   -903.98982479      25       0      22
  743     43.15065334   -295.95718248   -903.98982479      26       0      36
  744     26.33983543   -350.43634857   -903.98982479      35       0      27
  745     29.41794283   -265.76588943   -903.98982479      28       0      23
  746     51.05614718   -216.22184704   -903.98982479      31       0      36
  747     50.62423781   -170.10005195   -903.98982479      39       0      41
  748     47.01115890   -239.38596955   -903.98982479      47       0      42
  749 19192855.97730908 429594220.59550828   -903.98982479      53       0      42
  750     57.77710673   -147.80606031   -903.98982479      47       0      46
  751     55.90410171   -167.99634585   -903.98982479      52       0      36
  752     57.31687216   -136.32737319   -903.98982479      44       0      30
  753     30.21420610   -275.81187399   -903.98982479      39       0      19
  754      7.57691847   -844.04701943   -903.98982479      29       0      18
  755     49.98540555   -178.16418512   -903.98982479      21       0      17
  756     46.09741244    -99.46672139   -903.98982479      18       0      19
  757     44.69808167   -213.09136537   -903.98982479      19       0      23
  758     52.74604200   -180.32314374   -903.98982479      27       0      21
  759     45.24016402   -172.55453174   -903.98982479      27       0      20
  760     33.10210798   -353.98678879   -903.98982479      20       0      38
  761     47.18144394   -167.20199074   -903.98982479      41       0      26
  762     16.50498054   -601.83639378   -903.98982479      36       0      20
  763   1703.38575720  37220.43106548   -903.98982479      22       0      33
  764     58.72294922    241.88952241   -903.98982479      33       0      42
  765     70.87749670   -156.58582334   -903.98982479      48       0      43
  766     52.94754087   -235.06560039   -903.98982479      44       0      45
  767     56.55895930   -206.58321995   -903.98982479      56       0      39
  768     54.50273549   -224.49159687   -903.98982479      56       0      37
  769     58.55387153   -121.44387464   -903.98982479      44       0      37
  770     31.81446462   -205.63036777   -903.98982479      52       0      19
  771     31.31136811   -421.02449870   -903.98982479      28       0      21
  772     34.91645555   -310.71811923   -903.98982479      26       0      17
  773     33.25626070   -173.08053695   -903.98982479      19       0      14
  774     54.03227138   -186.09443611   -903.98982479      18       0      23
  775     32.08065842   -392.54995663   -903.98982479      23       0      24
  776     29.94460437   -256.70474756   -903.98982479      25       0      19
  777     23.27970983   -412.31825636   -903.98982479      21       0      31
  778     52.22056973   -137.42308900   -903.98982479      34       0      35
  779     24.78178766   -369.84138886   -903.98982479      34       0      20
  780     40.67810133   -197.63098781   -903.98982479      30       0      28
  781     38.96444509   -394.74486748   -903.98982479      33       0      39
  782     63.17217603   -251.40333500   -903.98982479      40       0      40
  783     41.06050240   -356.78865174   -903.98982479      44       0      46
  784     32.24832672   -260.95778244   -903.98982479      47       0      37
  785     49.74822176   -162.18714395   -903.98982479      42       0      44
  786     24.99884319   -377.51566699   -903.98982479      52       0      33
  787      9.82188316   -817.97611453   -903.98982479      46       0      26
  788     59.71881331   -167.10456024   -903.98982479      39       0      23
  789     39.56278797   -168.28025558   -903.98982479      30       0      14
  790     43.96417651   -257.28373611   -903.98982479      18       0      17
  791     38.17712291   -230.49153057   -903.98982479      17       0      24
  792      7.57709344   -822.04283063   -903.98982479      24       0      19
  793     19.27887028   -509.88133592   -903.98982479      22       0      22
  794     39.68446011   -256.46631032   -903.98982479      28       0      30
  795     55.98615735   -165.62822600   -903.98982479      33       0      33
  796      6.46546659   -850.45448509   -903.98982479      34       0      20
  797     36.29479636   -319.87305158   -903.98982479      26       0      31
  798     35.56626311   -360.01189539   -903.98982479      29       0      37
  799     45.25271499   -186.46068227   -903.98982479      36       0      37
  800     55.23081184   -147.70075880   -903.98982479      46       0      44
  801     51.28475676   -234.34540940   -903.98982479      48       0      39
  802     45.70271150   -189.20809795   -903.98982479      48       0      41
  803      9.40625302   -836.54770158   -903.98982479      48       0      33
  804     40.17542602   -323.09334720   -903.98982479      42       0      31
  805      8.76667454   -810.57929173   -903.98982479      36       0      27
  806     13.52736064   -673.61937718   -903.98982479      32       0      13
  807     48.36878545   -267.77096287   -903.98982479      18       0      17
  808     60.46231523   -201.01189295   -903.98982479      19       0      22
  809      7.23528305   -834.09420861   -903.98982479      22       0      20
  810     53.26684466   -139.65300943   -903.98982479      22       0      23
  811     66.53275982   -134.18098941   -903.98982479      22       0      30
  812     55.10923015   -134.18098941   -903.98982479      31       0      31
  813     20.78084416   -498.33306014   -903.98982479      32       0      23
  814     23.60292638   -450.65861662   -903.98982479      29       0      29
  815     56.15022380   -108.87659496   -903.98982479      27       0      35
  816     21.77856157   -544.58781863   -903.98982479      37       0      35
  817     50.58672006    -81.11057404   -903.98982479      41       0      42
  818     50.57193763   -181.53183433   -903.98982479      45       0      41
  819     51.41376715   -264.56364627   -903.98982479      43       0      40
  820 8425686.41072930 188591865.94171494   -903.98982479      45       0      38
  821     37.13823263   -282.86801596   -903.98982479      38       0      29
  822     53.99343223   -250.15394035   -903.98982479      40       0      30
  823     44.23849576   -247.21637412   -903.98982479      37       0      13
  824     22.09349074   -425.07124241   -903.98982479      23       0      17
  825     56.31496744    -79.48948227   -903.98982479      17       0      22
  826     36.45261220   -253.38335187   -903.98982479      21       0      22
  827     36.05824919   -231.70148065   -903.98982479      25       0      22
  828     44.80655332   -200.57339088   -903.98982479      25       0      29
  829     52.75561660   -145.21641410   -903.98982479      30       0      29
  830     42.68611577   -157.35221571   -903.98982479      29       0      26
  831     40.83413631   -278.93344051   -903.98982479      31       0      29
  832     44.05702455   -241.73387156   -903.98982479      31       0      33
  833     37.76520093   -240.80854942   -903.98982479      35       0      34
  834     34.51075834   -173.44325810   -903.98982479      42       0      41
  835     47.19739211   -311.64835508   -903.98982479      43       0      41
  836     56.35160499   -197.76866511   -903.98982479      54       0      39
  837     18.58381256   -563.85108806   -903.98982479      41       0      38
  838     29.35265963   -274.45661175   -903.98982479      50       0      30
  839     46.94870112   -273.52442587   -903.98982479      38       0      28
  840     40.45195914   -253.35463751   -903.98982479      36       0      20
  841     22.31106710   -427.40761399   -903.98982479      30       0      16
  842     59.46708703    -44.39909330   -903.98982479      17       0      22
  843     39.97850771   -110.90235706   -903.98982479      24       0      20
  844     46.58596817   -315.91869475   -903.98982479      17       0      24
  845     34.52149666   -347.61570369   -903.98982479      30       0      28
  846    625.67312781  13093.67778511   -903.98982479      29       0      29
  847     58.44923638   -122.71613659   -903.98982479      30       0      24
  848     29.68293558   -262.68738798   -903.98982479      29       0      28
  849     57.70828689   -203.66209749   -903.98982479      28       0      32
  850     44.86548796   -113.80108076   -903.98982479      36       0      32
  851     82.10524024   -172.07505050   -903.98982479      35       0      41
  852     41.02035295   -186.37359639   -903.98982479      49       0      38
  853     63.03500748   -179.33918658   -903.98982479      44       0      45
  854     55.75720617   -211.46564763   -903.98982479      48       0      36
  855     40.04427979   -287.89186533   -903.98982479      45       0      30
  856 44586723.87197064 997890617.80984795   -903.98982479      38       0      28
  857     26.34122242   -335.92602051   -903.98982479      32       0      27
  858     49.80368771   -135.69284455   -903.98982479      32       0      14
  859     39.78198652   -182.61880358   -903.98982479      21       0      24
  860     26.10949633   -340.01727317   -903.98982479      24       0      17
  861     46.70729137   -142.36507038   -903.98982479      20       0      26
  862     39.03582689   -346.74939309   -903.98982479      25       0      25
  863     54.67666183    -95.69827235   -903.98982479      27       0      29
  864     39.27843689   -234.78055528   -903.98982479      25       0      27
  865     43.29126905   -343.12409454   -903.98982479      33       0      25
  866     58.38543736   -152.95379516   -903.98982479      31       0      30
  867     42.17802144   -226.50986347   -903.98982479      31       0      34
  868     54.59206821   -221.99413417   -903.98982479      37       0      38
  869     43.76942742   -202.20448132   -903.98982479      43       0      41
  870     54.08000404   -194.68786724   -903.98982479      46       0      41
  871     49.43937652   -206.70073442   -903.98982479      46       0      37
  872     53.90926078   -192.65338621   -903.98982479      48       0      32
  873     21.36156674   -468.26272217   -903.98982479      38       0      26
  874     49.99282015   -153.98102724   -903.98982479      35       0      32
  875     35.20119175   -279.91075443   -903.98982479      34       0      16
  876     37.75551995   -268.03423300   -903.98982479      24       0      21
  877     44.90878869   -247.11842245   -903.98982479      21       0      19
  878     49.86049227   -190.00955128   -903.98982479      20       0      23
  879     54.33146139   -109.87251950   -903.98982479      24       0      27
  880     34.82778550   -303.67805307   -903.98982479      27       0      31
  881     19.00637714   -508.00463575   -903.98982479      33       0      23
  882     30.46964926   -245.68282239   -903.98982479      26       0      25
  883     45.40881202   -152.79189535   -903.98982479      26       0      30
  884     51.52268064   -144.39005089   -903.98982479      29       0      33
  885     63.79495379   -123.58530543   -903.98982479      36       0      38
  886     52.68084662   -168.70647737   -903.98982479      44       0      40
  887     53.47043820   -224.94706492   -903.98982479      45       0      37
  888     57.46274693    -84.86734426   -903.98982479      39       0      41
  889 332229.95486665 7435429.15542866   -903.98982479      50       0      32
  890  74447.10531943 1665453.77850042   -903.98982479      38       0      27
  891     40.44341298   -148.44301623   -903.98982479      32       0      35
  892     17.07966651   -542.96999006   -903.98982479      36       0      17
  893     15.24127072   -610.84858002   -903.98982479      27       0      21
  894     49.94916236   -185.45505771   -903.98982479      17       0      20
  895     63.92320170     84.41440494   -903.98982479      26       0      22
  896     49.91916291   -179.27490677   -903.98982479      25       0      26
  897     24.60614906   -481.13571448   -903.98982479      27       0      30
  898     33.71222072   -333.86005804   -903.98982479      29       0      26
  899      7.25048039   -845.30672585   -903.98982479      35       0      23
  900     40.24797155   -231.46510159   -903.98982479      26       0      27
  901     47.60058333   -176.53911306   -903.98982479      29       0      33
  902     49.90554955   -115.94296558   -903.98982479      33       0      37
  903     64.58925743   -160.63113552   -903.98982479      42       0      40
  904     32.96103357   -308.00640327   -903.98982479      48       0      38
  905     60.64887864    -59.23560433   -903.98982479      42       0      39
  906     37.16393849   -218.13106687   -903.98982479      43       0      37
  907     41.60254972   -414.13623971   -903.98982479      46       0      26
  908     35.13831292   -340.20048943   -903.98982479      34       0      31
  909      8.83995438   -842.15110194   -903.98982479      33       0      24
  910     49.94283413   -195.78152067   -903.98982479      32       0      20
  911     30.30851304   -238.76857806   -903.98982479      24       0      18
  912     52.76873528   -234.98243144   -903.98982479      18       0      25
  913     36.36263803   -330.91376032   -903.98982479      23       0      22
  914     19.69275030   -501.79332562   -903.98982479      25       0      29
  915     27.64308627   -312.41372467   -903.98982479      29       0      28
  916     41.51601049   -356.75753073   -903.98982479      32       0      23
  917     37.70071264   -263.81669696   -903.98982479      28       0      28
  918     36.32923807   -117.02296707   -903.98982479      30       0      29
  919     56.51944899   -218.98784480   -903.98982479      31       0      37
  920     36.75156343   -317.81845114   -903.98982479      37       0      40
  921     53.47326081   -184.03312115   -903.98982479      41       0      40
  922     28.78518931   -438.52653631   -903.98982479      57       0      34
  923     49.60433644   -282.17853724   -903.98982479      42       0      40
  924     26.44741532   -388.68180656   -903.98982479      47       0      27
  925     37.91793842   -156.73088738   -903.98982479      37       0      32
  926     35.85849116   -363.42122601   -903.98982479      34       0      25
  927      8.04694115   -824.14926465   -903.98982479      31       0      23
  928      7.73567651   -836.53449861   -903.98982479      25       0      18
  929      7.64781073   -836.79299455   -903.98982479      24       0      24
  930     30.10530413   -342.95066145   -903.98982479      25       0      21
  931     28.90608807   -360.10341503   -903.98982479      24       0      25
  932     43.67388810   -212.07610324   -903.98982479      24       0      31
  933     31.32379862   -224.95130458   -903.98982479      31       0      24
  934     25.02665408   -388.10667655   -903.98982479      30       0      27
  935     47.18006664   -242.59688596   -903.98982479      33       0      30
  936     47.94020647   -290.26070717   -903.98982479      34       0      30
  937     54.08121644   -287.64787403   -903.98982479      34       0      37
  938     78.85877730   -168.44741647   -903.98982479      35       0      44
  939     35.51559753   -180.82744289   -903.98982479      50       0      37
  940     58.28571517   -145.84164401   -903.98982479      48       0      39
  941     30.25969747   -253.99668976   -903.98982479      43       0      30
  942     42.83015064   -282.71276308   -903.98982479      34       0      32
  943     26.03800759   -373.09768325   -903.98982479      37       0      25
  944     57.68294359   -220.88698337   -903.98982479      27       0      22
  945     14.94978846   -610.39414423   -903.98982479      28       0      19
  946     23.93179958   -478.96256666   -903.98982479      21       0      26
  947     33.64242547   -381.29090609   -903.98982479      26       0      21
  948     15.52365462   -581.55188420   -903.98982479      23       0      23
  949      8.18335064   -842.48359891   -903.98982479      25       0      28
  950     24.89229508   -385.27354041   -903.98982479      29       0      27
  951     26.28395244   -356.44069938   -903.98982479      30       0      27
  952     36.37536410   -193.20571190   -903.98982479      30       0      30
  953     37.99182087   -375.40806733   -903.98982479      33       0      32
  954     46.32769235   -277.78019040   -903.98982479      35       0      32
  955      9.84608827   -834.07599539   -903.98982479      33       0      40
  956     40.22231228   -218.04197381   -903.98982479      44       0      43
  957 139548.56649247 3122628.61014059   -903.98982479      53       0      36
  958     54.46041165   -322.17882062   -903.98982479      47       0      32
  959     45.60963952   -232.18638286   -903.98982479      34       0      35
  960 351946.24109808 7876738.06166738   -903.98982479      44       0      26
  961     57.62242518   -134.31391353   -903.98982479      37       0      21
  962     28.07420704   -293.58335108   -903.98982479      22       0      19
  963     20.68163315   -462.72804383   -903.98982479      22       0      26
  964     53.72171626   -175.80982055   -903.98982479      24       0      20
  965     10.29378781   -779.23432877   -903.98982479      22       0      25
  966     38.32455314   -295.56472144   -903.98982479      29       0      26
  967     27.17610386   -326.08502662   -903.98982479      28       0      25
  968     43.30141433   -167.45782722   -903.98982479      29       0      30
  969     36.89982659   -325.92875469   -903.98982479      33       0      30
  970     41.64593686   -178.90265762   -903.98982479      29       0      33
  971     40.73094361   -154.95559340   -903.98982479      39       0      25
  972     33.68751069   -236.56070954   -903.98982479      27       0      35
  973     38.49440942   -341.46695722   -903.98982479      38       0      52
  974     50.99807059   -201.49283368   -903.98982479      46       0      35
  975     59.07052891   -214.33328087   -903.98982479      47       0      31
  976     43.39886863   -186.56921798   -903.98982479      45       0      31
  977     55.64274910   -145.24675844   -903.98982479      32       0      34
  978     29.04298983   -289.38727316   -903.98982479      38       0      23
  979     45.02847560   -302.47625809   -903.98982479      36       0      18
  980     33.98810163   -318.74972684   -903.98982479      22       0      25
  981      7.77623565   -846.15467181   -903.98982479      26       0      21
  982     40.08565775   -298.28985351   -903.98982479      21       0      21
  983  81198.95794125 1816586.24019980   -903.98982479      23       0      28
  984     47.92504452   -236.32774240   -903.98982479      31       0      27
  985     49.75963008   -105.47228672   -903.98982479      26       0      28
  986     45.11265126   -206.65575303   -903.98982479      31       0      30
  987     27.30122966   -371.92807713   -903.98982479      36       0      35
  988  30655.46534061 685261.95957410   -903.98982479      37       0      23
  989     26.81661004   -340.17009214   -903.98982479      26       0      37
  990     55.94409969   -267.10907609   -903.98982479      39       0      43
  991     47.83021013   -216.22780739   -903.98982479      41       0      34
  992     56.76627664   -154.40997391   -903.98982479      42       0      36
  993     45.83935518   -322.50396081   -903.98982479      41       0      29
  994     40.96335388   -322.75123563   -903.98982479      36       0      35
  995     12.39593989   -730.20797622   -903.98982479      37       0      30
  996     48.68552653   -172.06456988   -903.98982479      36       0      17
  997     33.71438859   -255.72437314   -903.98982479      22       0      25
  998     37.41523126   -251.08112232   -903.98982479      23       0      21
  999     25.59988785   -387.45095748   -903.98982479      27       0      19
 1000     53.06469124    -99.94053474   -903.98982479      21       0      29
----------------------------------------------------------------------------------
Artificial Bee Colony Optimization Finished!

 -- Results Report --
 * 100 LMs will be saved in [ co3_8_waters-LM ].
      #          Energy
      0   -903.98982479
      1   -903.95617543
      2   -901.60295970
      3   -901.58080220
      4   -900.67048728
      5   -900.62237804
      6   -900.55130668
      7   -900.51406551
      8   -900.02933165
      9   -900.02627532
     10   -899.99922865
     11   -899.96254775
     12   -899.72880587
     13   -899.72059084
     14   -899.49230829
     15   -899.48768666
     16   -899.47734592
     17   -899.43096774
     18   -899.40093547
     19   -899.38135774
     20   -898.96558748
     21   -898.94448793
     22   -898.94342095
     23   -898.93561908
     24   -898.72359879
     25   -898.68579427
     26   -898.65185015
     27   -898.64548382
     28   -898.52423659
     29   -898.51757198
     30   -898.50296689
     31   -898.46127605
     32   -898.45737387
     33   -898.44681616
     34   -898.33306698
     35   -898.32870600
     36   -898.30211309
     37   -898.28722415
     38   -898.12437362
     39   -898.05714895
     40   -897.94248738
     41   -897.94084069
     42   -897.66519107
     43   -897.61255176
     44   -897.55200743
     45   -897.49350780
     46   -897.39105827
     47   -897.36925126
     48   -897.21253521
     49   -897.21198838
     50   -897.09594897
     51   -897.03558442
     52   -897.02246396
     53   -897.01643303
     54   -896.72230736
     55   -896.70544049
     56   -896.65483332
     57   -896.58504808
     58   -896.58451462
     59   -896.56199391
     60   -896.55404212
     61   -896.54904699
     62   -896.52547829
     63   -896.51775830
     64   -896.45695762
     65   -896.43808410
     66   -896.43054987
     67   -896.39320787
     68   -896.38487192
     69   -896.38019016
     70   -896.37689810
     71   -896.35456049
     72   -896.28057727
     73   -896.22871898
     74   -896.12463162
     75   -896.11764300
     76   -896.11610030
     77   -896.10493635
     78   -895.96132528
     79   -895.95806220
     80   -895.74337909
     81   -895.70828801
     82   -895.70167590
     83   -895.69795222
     84   -895.69047061
     85   -895.67990272
     86   -895.66614838
     87   -895.60670634
     88   -895.54294108
     89   -895.54285381
     90   -895.53341482
     91   -895.53258830
     92   -895.51907570
     93   -895.51142710
     94   -895.46504863
     95   -895.45003270
     96   -895.44376843
     97   -895.41998358
     98   -895.41713629
     99   -895.38798527

 * Final Global Minimal Energy:   -903.98982479
 * The Global Minimum is saved as: [ co3_8_waters-OPT.(cluster/xyz/gjf) ]

===== (^ _ ^) =====
Normal termination at Tue Nov 27 17:37:09 2018.
Total run time: 5722 seconds = 0 days 1 hours 35 minutes 22 seconds.
