
################################################################################

 PACKMOL - Packing optimization for the automated generation of
 starting configurations for molecular dynamics simulations.
 
                                                              Version 20.3.4 

################################################################################

  Packmol must be run with: packmol < inputfile.inp 

  Userguide at: http://m3g.iqm.unicamp.br/packmol 

  Reading input file... (Control-C aborts)
  Seed for random number generator:      1234567
  Output file: ./calcs/84h2o.84meoh.pm.xyz
  Reading coordinate file: ./calcs/h2o.xyz
  Reading coordinate file: ./calcs/meoh.xyz
  Number of independent structures:            2
  The structures are: 
  Structure            1 :(           3  atoms)
  Structure            2 :(           6  atoms)
  Maximum number of GENCAN loops for all molecule packing:          400
  Total number of restrictions:            2
  Distance tolerance:    2.0000000000000000     
  Number of molecules of type            1 :           84
  Number of molecules of type            2 :           84
  Total number of atoms:          756
  Total number of molecules:          168
  Number of fixed molecules:            0
  Number of free molecules:          168
  Number of variables:         1008
  Total number of fixed atoms:            0
  Maximum internal distance of type            1 :    1.5229600000000001     
  Maximum internal distance of type            2 :    2.8177140235348586     
  All atoms must be within these coordinates: 
   x: [   -1000.0000000000000      ,    1000.0000000000000       ] 
   y: [   -1000.0000000000000      ,    1000.0000000000000       ] 
   z: [   -1000.0000000000000      ,    1000.0000000000000       ] 
  If the system is larger than this, increase the sidemax parameter. 

################################################################################

  Building initial approximation ... 

################################################################################

  Adjusting initial point to fit the constraints 

--------------------------------------------------------------------------------

--------------------------------------------------------------------------------

  Molecules of type:            1

  Packing:|0                                                             100%|
          |******************************************************************|
          |******************************************

  Restraint-only function value:    3.8229278768943335E-003
  Maximum violation of the restraints:    1.5435569284319793E-003

--------------------------------------------------------------------------------

  Molecules of type:            2

  Packing:|0                                                             100%|
          |******************************************************************|
          |********************************************************

  Restraint-only function value:    2.8339909543423418E-004
  Maximum violation of the restraints:    2.8339909543423418E-004

--------------------------------------------------------------------------------

  Rescaling maximum and minimum coordinates... 
  Computing size of patches... 
  Add fixed molecules to permanent arrays... 
  Reseting center of mass... 

--------------------------------------------------------------------------------

  Setting initial trial coordinates ... 

--------------------------------------------------------------------------------

--------------------------------------------------------------------------------

  Molecules of type:            1
  Adjusting random positions to fit the constraints. 
  Packing:|0                                                             100%|
          |*******
  Restraint-only function value:    5.3632534922381462E-004
  Maximum violation of the restraints:    5.3632534922381462E-004

--------------------------------------------------------------------------------

  Molecules of type:            2
  Adjusting random positions to fit the constraints. 
  Packing:|0                                                             100%|
          |
  Restraint-only function value:    1.2366848814042740E-003
  Maximum violation of the restraints:    1.2310701201251899E-003

################################################################################

  Objective function at initial point:    4766.9097771902007     

################################################################################

  Packing molecules of type:            1

################################################################################


--------------------------------------------------------------------------------

  Starting GENCAN loop:            0
  Scaling radii by:    1.1000000000000001     

  Packing:|0                                                             100%|
          |***********************************

  Function value from last GENCAN loop: f = .00000E+00
  Best function value before: f = .70442E+03
  Improvement from best function value:    99.99 %
  Improvement from last loop:    99.99 %
  Maximum violation of target distance:     0.000000
  Maximum violation of the constraints: .00000E+00
  Current structure written to file: ./calcs/84h2o.84meoh.pm.xyz
--------------------------------------------------------------------------------
  Packing solved for molecules of type           1
  Objective function value:    0.0000000000000000     
  Maximum violation of target distance:    0.0000000000000000     
  Max. constraint violation:    0.0000000000000000     
--------------------------------------------------------------------------------

################################################################################

  Packing molecules of type:            2

################################################################################


--------------------------------------------------------------------------------

  Starting GENCAN loop:            0
  Scaling radii by:    1.1000000000000001     

  Packing:|0                                                             100%|
          |******************************************************************|
          |

  Function value from last GENCAN loop: f = .28868E-03
  Best function value before: f = .20114E+04
  Improvement from best function value:    99.99 %
  Improvement from last loop:    99.99 %
  Maximum violation of target distance:     0.004651
  Maximum violation of the constraints: .26705E-03
  Current structure written to file: ./calcs/84h2o.84meoh.pm.xyz
--------------------------------------------------------------------------------
  Packing solved for molecules of type           2
  Objective function value:    2.8868017260057509E-004
  Maximum violation of target distance:    4.6509225669297827E-003
  Max. constraint violation:    2.6704909187699836E-004
--------------------------------------------------------------------------------

################################################################################

  Packing all molecules together 

################################################################################


--------------------------------------------------------------------------------

  Starting GENCAN loop:            0
  Scaling radii by:    1.1000000000000001     

  Packing:|0                                                             100%|
          |******************************************************************|
          |

  Function value from last GENCAN loop: f = .19647E-02
  Best function value before: f = .20673E+04
  Improvement from best function value:    99.99 %
  Improvement from last loop:    99.99 %
  Maximum violation of target distance:     0.000000
  Maximum violation of the constraints: .13531E-02

################################################################################

                                 Success! 
              Final objective function value: .19647E-02
              Maximum violation of target distance:   0.000000
              Maximum violation of the constraints: .13531E-02

--------------------------------------------------------------------------------

              Please cite this work if Packmol was useful: 

           L. Martinez, R. Andrade, E. G. Birgin, J. M. Martinez, 
         PACKMOL: A package for building initial configurations for
                   molecular dynamics simulations. 
          Journal of Computational Chemistry, 30:2157-2164,2009.

################################################################################

  Solution written to file: ./calcs/84h2o.84meoh.pm.xyz

--------------------------------------------------------------------------------

   Running time:    5.96400052E-02  seconds. 

--------------------------------------------------------------------------------


