    * * * * * * * * * * * * * * * * * * * * *
    *       __    ____    ______            *
    *      /  \  |  _ \  |  ___/  luster !  *
     *    / _  \ | |_| | | |               *
     *   / /_\ | |  _ <  | |     < @  @ >  * 
     *  / ___  | | |_| | | |___ _ _  o     * 
    *  /_/   |_| |____/  |_____ _ __ __  _  *
    *                                       *
    * * * * * * * * * * * * * * * * * * * * *

ABCluster 1.5.1
Specific flag:  official version
Platform:       LINUX/UNIX
Compiled by:    junzhang@gellmann.scs.illinois.edu
Compiling date: Dec 18 2017 20:33:35
C++ compiler:   g++
C++ options:    -O3 -Os -fno-exceptions --std=c++0x -fopenmp 

Contributors:
Jun Zhang(University of Cologne): Design and coding.

For any suggestions, comments, and questions on the theory and
implementation of ABCluster, please feel free to contact:

Dr. Jun Zhang, ZhangJunQcc@gmail.com

If you used this program in your work, please cite this reference:

[1] Zhang, J.; Dolg, M.; ABCluster: The Artificial Bee Colony Algorithm for
    Cluster Global Optimization. Phys. Chem. Chem. Phys. 2015, 17, 24173-24181.
[2] Zhang, J.; Dolg, M.; Global Optimization of Clusters of Rigid Molecules by the
    Artificial Bee Colony Algorithm. Phys. Chem. Chem. Phys. 2016, 18, 3003-3010.

Program starts at Mon Sep 17 20:35:33 2018.
Command line: " /ihome/jkeith/yab16/ABC/ABCluster-Linux/lib/rigidmol-optimizer 20_waters.inp "
Process ID:   162069
Run by:       yab16@smp-n35.crc.pitt.edu
Available CPU cores:    24
Read "OMP_NUM_THREADS": Unset

Random number testing (integers): 1906493401...759259130
Random number testing (fractals): 0.11279957...0.66722870

 -- Input/Output Parameters --
Input file name:      20_waters.inp
Cluster file name:    input.cluster
Result file name:     20_waters.(cluster/xyz/gjf)
Temporary file name:  abclusteryab16smp-n35.crc.pitt.edu162069-OPT
# of saved LMs:       100
LMs are stored in:    20_waters-LM

 -- ABC Control Parameters --
Population size:                  500
Maximal generation:              1000
Scout limit:                       15
Amplitude:                20.00000000

 -- Cluster Components: from [ input.cluster ] --
 -----------------------------------------------------------
   Source                                       #   Charge
 -----------------------------------------------------------
   charmm36/tip4p.xyz    20    0.000
 -----------------------------------------------------------
   Dimension: 0, an isolate cluster.
 -----------------------------------------------------------

Artificial Bee Colony Optimization Starts!
----------------------------------------------------------------------------------
 * Population: 500; Maximal cycles: 1000
 * EM = Employed Bee; Trigonometric mutation
 * OL = Onlooker Bee; ABC/best/2(0.5)+ABC/current/2(0.5);
        Tournament selection from 5 nectars.
 * SC = Scout Bee; Random nectar; Limit = 15
----------------------------------------------------------------------------------
    #       Diversity            maxE            minE    byEM    byOL    bySC
----------------------------------------------------------------------------------
    1     60.10510183   -293.77551165   -837.62773594     339      52       0
    2     14.73574042   -760.75170653   -838.99534791     283      58       0
    3     14.09998479   -762.04562524   -851.62420956     167      58       0
    4     14.02369547   -786.22931900   -851.62420957     145      40       0
    5     14.70241180   -793.29925383   -851.62420956      89      36       0
    6     14.90406743   -794.66500206   -851.74678258      85      27       0
    7     15.05246404   -794.92084944   -851.74678259      64      42       0
    8     14.88077257   -799.33981761   -851.74678259      76      21       0
    9     15.13914885   -799.49591530   -853.45977068      45      28       0
   10     15.48576128   -799.49591530   -853.45977066      60      32       0
   11     15.50896403   -801.70026826   -853.45977068      57      33       0
   12     15.28891234   -801.70026826   -853.45977067      71      27       0
   13     14.97978279   -804.79789972   -853.45977067      77      17       0
   14     14.40070305   -807.58424567   -853.45977068      79      13       0
   15     13.12509912   -810.60251558   -853.91348632     111      12       0
   16      9.96696010   -814.54514342   -853.91348635     139     145       0
   17      5.61529353   -814.54514342   -853.91348635     138      22       0
   18      1.40487402   -837.17098187   -853.91348633     134       7       0
   19     28.26597867   -269.39412468   -853.91348635     144       0       4
   20     36.04163911   -293.65327581   -853.91348636     109       0      11
   21     99.29142108    -94.22574666   -853.91348634      24       0      47
   22    113.81574380   -110.39869560   -853.91348634      44       0      98
   23    134.29239268    -62.69462123   -853.91348634      98       0     133
   24    148.91136517    -47.66684931   -856.19526278     139       3     120
   25     95.88471308    -59.61927394   -857.28700980     174      61      46
   26     62.42844849   -146.74021677   -860.82376466     163      78      20
   27     30.88833682   -496.61638150   -860.82376463     157      90       9
   28     47.01874101   -187.23653299   -860.82376466     148      46       8
   29      9.99434335   -778.93514606   -860.82376465     160      20       2
   30      4.58685703   -795.86592797   -860.82376466     155       1       1
   31      1.74305719   -853.91348636   -860.82376466     126       0       0
   32     35.48660906    -66.54057765   -860.82376465      40       0       1
   33      0.00000002   -860.82376465   -860.82376465       2       0       0
   34      0.00000002   -860.82376465   -860.82376465       0       0       0
   35      0.00000002   -860.82376465   -860.82376465       0       0       0
   36      0.00000002   -860.82376465   -860.82376465       0       0       0
   37     29.22023511   -242.74062329   -860.82376466       0       0       2
   38     25.54423581   -395.02912197   -860.82376465       2       0       9
   39     64.23057575   -239.46814461   -860.82376463       9       0      20
   40     86.01484040    -32.71546516   -860.82376465      19       0      43
   41    102.06076930    -61.56861701   -860.82376465      41       0      63
   42    105.82472724    -37.64030404   -860.82376466      72       0      77
   43    144.19909975    -49.72831130   -860.82376462      83       0     113
   44    121.26015650   -119.71570550   -860.82376466     127       0     104
   45     91.33706662    -92.63928811   -860.82376466     145       0      40
   46     71.65432664    -40.30652629   -860.82376466     130       2      22
   47     33.14927138   -269.96869942   -860.82376466     110       0       6
   48     11.31040948   -799.89411612   -860.82376465      96       0       0
   49      4.76795893   -769.00585184   -860.82376465      46       0       1
   50      0.00000001   -860.82376466   -860.82376464       5       0       0
   51      0.00000001   -860.82376466   -860.82376464       0       0       0
   52      0.00000001   -860.82376466   -860.82376464       0       0       0
   53      0.00000001   -860.82376466   -860.82376464       0       0       0
   54      3.24880985   -803.22679050   -860.82376466       0       0       2
   55     37.25227828   -323.82578029   -860.82376464       2       0       9
   56     72.63556665    -54.55895923   -860.82376463       9       0      20
   57     53.80751259   -378.91324852   -860.82376465      20       0      33
   58     93.38264506    -69.39802127   -860.82376464      35       0      52
   59     85.51389206   -203.46883565   -860.82376466      59       0      59
   60    108.37955399   -156.99784118   -860.82376465      68       0      64
   61    132.99066907    -51.60160754   -860.82376466      74       0      83
   62    116.10822750    -51.22540516   -860.82376462     104       1      73
   63     99.06020200   -162.16152655   -860.82376462     116       0      60
   64     98.24898720    -59.98567359   -860.82376466     111       0      38
   65     27.99823697   -488.67596820   -860.82376466     101       0       6
   66     24.53720530   -330.41260939   -860.82376466      64       0       1
   67      1.27542696   -832.27578856   -860.82376463      15       0       0
   68      0.00000002   -860.82376466   -860.82376463       1       0       0
   69      0.00000002   -860.82376466   -860.82376463       0       0       0
   70      0.00000002   -860.82376466   -860.82376463       0       0       0
   71     11.76353862   -606.79575829   -860.82376466       0       0       2
   72     21.33259076   -525.37160166   -860.82376463       2       0       9
   73     51.16150561   -267.60337455   -860.82376462       9       0      18
   74     59.48957454    -57.54121204   -860.82376462      18       0      24
   75     87.50750168   -151.87202261   -860.82376465      26       0      46
   76    111.51168111    -89.54622317   -860.82376464      49       0      57
   77    104.06879246   -104.73734182   -860.82376464      61       0      52
   78     86.49456684    -95.14135887   -860.82376466      75       0      56
   79    116.75361226    -91.42676388   -860.82376462      74       0      71
   80    112.62226111    -82.18176813   -860.82376466      92       0      70
   81    107.59855632    -27.95310887   -860.82376465      93       0      60
   82     61.16582267   -187.64452044   -860.82376465      90       0      30
   83     27.50947425   -484.33630026   -860.82376463      87       0       5
   84      5.60452682   -776.72102280   -860.82376465      42       0       0
   85      0.00000001   -860.82376462   -860.82376466      10       0       0
   86      0.00000001   -860.82376462   -860.82376466       0       0       0
   87      0.00000001   -860.82376462   -860.82376466       0       0       0
   88      7.16456914   -724.36204554   -860.82376464       0       0       2
   89     28.11135984   -363.76200969   -860.82376466       2       0       9
   90     65.10606384   -124.44655060   -860.82376466       9       0      15
   91     57.00954328   -112.70391346   -860.82376466      14       0      23
   92     81.79611433    -36.17424650   -860.82376465      25       0      37
   93     89.01167487    -53.08775636   -860.82376466      37       0      47
   94    113.75486317    -95.61802730   -860.82376466      47       0      51
   95     96.57673668    -82.35559747   -860.82376466      61       0      58
   96    106.42420029   -135.55951702   -860.82376465      64       0      61
   97     87.75850432    -74.29810441   -860.82376466      76       0      56
   98    101.63058453    -46.87570986   -860.82376466      82       0      64
   99    111.28613708    -80.35623952   -860.82376466      74       0      57
  100     60.67655418   -128.22464259   -860.82376466      80       0      16
  101     34.88725995   -211.55737821   -860.82376466      55       0       4
  102      1.19823771   -834.00352125   -860.82376466      18       0       0
  103      0.00000001   -860.82376464   -860.82376466       1       0       0
  104      0.00000001   -860.82376464   -860.82376466       0       0       0
  105      4.46168824   -787.67898967   -860.82376465       0       0       2
  106     21.99687786   -476.87123261   -860.82376466       2       0       9
  107     44.59353741   -391.47552844   -860.82376465       8       0      14
  108     49.15152461   -192.12373121   -860.82376466      15       0      24
  109     74.05187491   -192.03793056   -860.82376462      21       0      32
  110     85.52387847    -70.60760825   -860.82376462      35       0      43
  111     63.16211746    -64.98393797   -860.82376466      44       0      48
  112    524.57341839  10721.81167810   -860.82376465      59       0      54
  113     88.36883206    -91.11343347   -860.82376466      61       0      53
  114    103.84463735    -37.50524517   -860.82376465      75       0      64
  115     97.65472271    -56.35129207   -860.82376465      87       0      53
  116     91.83286843    -37.66086316   -860.82376464      80       0      58
  117     84.94296640   -158.93443636   -860.82376465      87       0      33
  118     51.50360555   -304.67772724   -860.82376465      68       0      13
  119      5.07214611   -779.42806198   -860.82376466      35       0       0
  120      0.00000001   -860.82376466   -860.82376466       3       0       0
  121      0.00000001   -860.82376466   -860.82376466       0       0       0
  122      4.85131033   -765.81161342   -860.82376466       0       0       2
  123     40.77556555   -273.38855652   -860.82376466       2       0       9
  124     41.61503679   -312.17432293   -860.82376465       9       0      14
  125     58.72853651    -68.03026313   -860.82376465      14       0      21
  126    100.11519227    -58.89446114   -860.82376461      20       0      32
  127     76.72611756   -153.44466289   -860.82376461      36       0      34
  128     89.19905438    -62.95930589   -860.82376465      37       0      47
  129     86.65511715   -164.36388758   -860.82376466      47       0      44
  130     94.18258623   -132.42726504   -860.82376466      49       0      51
  131     89.84015002   -154.58648953   -860.82376465      62       0      53
  132    106.44153650   -110.95523209   -860.82376465      68       0      63
  133     89.48273007    -46.53700208   -860.82376465      83       0      57
  134     86.24841577    -96.16612787   -860.82376465      74       0      50
  135     51.72067257   -166.39589219   -860.82376465      77       0      21
  136     10.55195342   -722.29407687   -860.82376461      53       0       2
  137      3.04863063   -792.58603942   -860.82376466      17       0       0
  138      0.00000001   -860.82376466   -860.82376466       1       0       0
  139     25.25914498   -345.01071119   -860.82376466       0       0       2
  140     26.70083381   -453.39545530   -860.82376466       2       0       9
  141     49.27190797   -292.95678271   -860.82376466       9       0      13
  142     30.19163969   -489.56962771   -860.82376466      13       0      18
  143     70.51075554   -180.54752920   -860.82376465      18       0      34
  144     77.18456783    -30.00540776   -860.82376465      33       0      31
  145     75.24594793   -135.38239994   -860.82376466      37       0      45
  146     91.33430651    -59.87117358   -860.82376466      49       0      41
  147     90.77409969   -240.33730415   -860.82376466      54       0      47
  148     95.82719743    -80.68629730   -860.82376466      53       0      46
  149     98.27977384    -31.00695396   -860.82376466      61       0      60
  150    102.00615439    -55.96956457   -860.82376466      71       0      55
  151     85.80415931   -151.81661227   -860.82376465      73       0      52
  152     95.13928069    -56.94607493   -860.82376466      72       0      35
  153     52.40625938    -78.11448447   -860.82376466      61       0      11
  154     27.21051568   -251.89587055   -860.82376466      30       0       1
  155      0.00000001   -860.82376463   -860.82376465       2       0       0
  156     34.36399098    -92.80207149   -860.82376466       0       0       2
  157     47.86499688   -175.20533937   -860.82376465       2       0       9
  158     35.85374018   -473.23174639   -860.82376466       9       0      13
  159     55.21778661   -231.89789067   -860.82376466      12       0      16
  160     65.37609942    -95.77645279   -860.82376466      18       0      31
  161     64.39946997   -242.03533396   -860.82376466      31       0      31
  162     90.85826272    -24.71338178   -860.82376466      34       0      37
  163     92.84004796   -141.21017358   -860.82376463      43       0      46
  164     75.79692358   -203.59438242   -860.82376466      51       0      38
  165    115.55601713    -25.35889303   -860.82376466      53       0      54
  166     87.02933579   -121.54216239   -860.82376466      58       0      48
  167     93.89987203    -64.70890090   -860.82376466      66       0      51
  168    100.04455042    -52.82891612   -860.82376466      68       0      57
  169     85.89603271    -76.78888177   -860.82376466      72       0      42
  170     70.14220934    -75.71534957   -860.82376466      78       0      24
  171     21.45502988   -415.03789718   -860.82376466      45       0       1
  172      3.24453408   -802.11484945   -860.82376465      15       0       0
  173      4.57517459   -784.26641833   -860.82376465       2       0       2
  174     36.89072489   -438.00486016   -860.82376465       2       0       9
  175     42.75212649    -58.89600718   -860.82376466       9       0      12
  176     68.09446430   -125.14692707   -860.82376466      12       0      15
  177     67.45201748   -247.78067823   -860.82376464      15       0      27
  178     60.89240889   -272.72144077   -860.82376464      28       0      33
  179     64.28466118    -57.67776451   -860.82376466      35       0      32
  180     82.86393556   -227.38750297   -860.82376465      37       0      45
  181     76.94228618    -52.74943669   -860.82376465      43       0      38
  182     93.22484704   -138.30133728   -860.82376465      48       0      47
  183    101.88575693   -112.97656110   -860.82376466      54       0      47
  184     97.38944800   -100.57040576   -860.82376465      58       0      46
  185    133.50368261    -54.01586918   -860.82376466      57       0      53
  186     99.03229425   -111.15644595   -860.82376465      65       0      48
  187     79.74211142   -186.10901303   -860.82376465      70       0      38
  188     45.55827840   -196.30247556   -860.82376465      59       0       6
  189     17.59065314   -488.53009002   -860.82376466      22       0       2
  190     23.52178671   -479.24801443   -860.82376466       7       0       2
  191     52.10407637   -135.60169030   -860.82376463       2       0       9
  192     59.54831638   -101.48406713   -860.82376465       9       0      12
  193     31.92829513   -344.65953829   -860.82376466      12       0      14
  194     57.80445369    -94.18369399   -860.82376466      14       0      25
  195     95.99805281    -21.42484155   -860.82376466      24       0      30
  196     72.96240855    -58.66696560   -860.82376460      32       0      32
  197     82.56307671    -86.38009346   -860.82376460      38       0      45
  198     76.19593219    -85.00807234   -860.82376466      49       0      36
  199     98.11563605    -67.64020590   -860.82376466      45       0      46
  200     99.12930565    -55.23148129   -860.82376466      52       0      43
  201     82.89137667   -199.59080244   -860.82376466      49       0      42
  202     91.16180719   -174.64055504   -860.82376466      57       0      48
  203     85.90265152   -143.26865233   -860.82376466      64       0      53
  204    109.75088213   -101.55861841   -860.82376466      70       0      44
  205     35.61553847   -291.93478334   -860.82376466      58       0      15
  206     31.73393982   -321.00947673   -860.82376466      36       0       4
  207     11.84857399   -620.99517277   -860.82376466      12       0       2
  208     66.99527795   -140.50650773   -860.82376466       3       0       9
  209     41.36693987   -222.65251060   -860.82376466       9       0      12
  210     45.51967810    -77.43540780   -860.82376466      11       0      14
  211     86.65545846   -106.76333703   -860.82376466      16       0      22
  212     57.71021874   -100.31682553   -860.82376466      22       0      27
  213     67.45373006   -205.08763844   -860.82376466      31       0      33
  214     87.61834096   -162.10713295   -860.82376466      37       0      40
  215     89.19287102    -65.55647118   -860.82376466      45       0      38
  216     78.66420254    -53.62168784   -860.82376466      42       0      45
  217     80.93863164    -40.91252794   -860.82376466      49       0      36
  218     80.01900493   -100.19605926   -860.82376466      43       0      46
  219     73.18960713   -234.28783359   -860.82376466      61       0      46
  220     96.45926932    -28.16834719   -860.82376466      62       0      45
  221    113.70169286   -118.59663725   -860.82376466      59       0      53
  222     67.79225761   -221.90014715   -860.82376466      62       0      23
  223     25.20743907   -503.19914034   -860.82376466      46       0       8
  224      7.12260497   -775.57859256   -860.82376466      22       0       3
  225     45.44803786   -201.46981321   -860.82376466       6       0       9
  226     52.83587015    -36.48595746   -860.82376466       9       0      11
  227     47.38356482   -310.60865211   -860.82376466      11       0      15
  228     59.30148509    -47.97600463   -860.82376466      19       0      18
  229     55.13520971   -217.36094650   -860.82376466      20       0      26
  230     73.51919113   -125.38757627   -860.82376466      24       0      33
  231     92.60256407    -77.25783498   -860.82376466      33       0      40
  232     86.87712859   -121.94445061   -860.82376465      44       0      38
  233     82.93275001   -226.04229866   -860.82376466      53       0      36
  234     77.41196701   -103.29684706   -860.82376466      46       0      34
  235    107.41044725    -52.65724405   -860.82376466      43       0      48
  236     80.55881489   -111.48353595   -860.82376466      55       0      45
  237     93.75552110    -30.74191147   -860.82376466      52       0      43
  238     83.42042141   -122.46207954   -860.82376466      52       0      55
  239     56.52380395   -291.84590248   -860.82376466      70       0      31
  240     52.65580121   -232.45754825   -860.82376466      55       0      15
  241     21.70044690   -400.93544707   -860.82376466      32       0       3
  242     48.05112999   -203.68562149   -860.82376465       9       0       9
  243     26.66329262   -410.86533645   -860.82376466      10       0       7
  244     84.43252517    -40.62867601   -860.82376466       7       0      17
  245     66.77360068   -123.91156815   -860.82376466      17       0      20
  246     55.26155506   -140.53467723   -860.82376466      21       0      22
  247     68.31979488   -270.08640370   -860.82376466      25       0      32
  248     73.18324518   -122.24251201   -860.82376466      31       0      32
  249     83.47609107   -139.18461092   -860.82376466      36       0      38
  250     83.89782299   -132.31651602   -860.82376465      44       0      43
  251     91.05703250    -86.14360647   -860.82376466      49       0      31
  252    112.50801394    -77.18927598   -860.82376466      42       0      54
  253     72.95696787    -89.26836630   -860.82376466      61       0      31
  254     85.79142912    -69.81737523   -860.82376466      48       0      46
  255     85.64676731    -80.40450104   -860.82376466      53       0      48
  256     84.96805091    -37.50615970   -860.82376466      59       0      41
  257     69.14428982   -134.40081610   -860.82376466      59       0      20
  258     17.12567106   -621.78992425   -860.82376466      40       0       9
  259     46.07918879   -186.04015902   -860.82376466      14       0       9
  260     28.22628764   -251.75014934   -860.82376466       9       0       7
  261     33.13673328   -415.63627650   -860.82376466       7       0      15
  262     71.31632463   -189.13607135   -860.82376466      15       0      19
  263     74.30135412    -32.94089097   -860.82376466      20       0      23
  264     83.79369406   -103.58552167   -860.82376466      21       0      30
  265     83.04208935    -61.92900593   -860.82376466      33       0      32
  266     89.45254044    -40.45352414   -860.82376466      34       0      33
  267     98.12547915    -40.16503300   -860.82376466      37       0      40
  268     64.36481064   -131.40026960   -860.82376466      47       0      34
  269     97.41829890    -42.75449670   -860.82376466      42       0      46
  270     78.39805069   -113.06009471   -860.82376466      48       0      41
  271     79.83771197   -155.76483263   -860.82376465      53       0      38
  272     80.03190256   -161.06496470   -860.82376465      49       0      45
  273     92.69024085    -47.80837078   -860.82376466      57       0      47
  274     72.43507457   -165.69354305   -860.82376466      55       0      31
  275     36.24807232   -202.62044129   -860.82376466      46       0      10
  276     59.17291258    -80.63673368   -860.82376466      18       0       9
  277     43.12162467   -240.59047775   -860.82376466      12       0       7
  278     49.93885334    -83.50067089   -860.82376466       8       0      14
  279     42.56087272   -142.18460818   -860.82376465      14       0      19
  280     82.58410511   -145.31262575   -860.82376466      20       0      22
  281     73.23712977   -144.56771022   -860.82376466      24       0      29
  282     65.32901719   -219.45007832   -860.82376466      30       0      32
  283     86.49631467   -126.83516567   -860.82376466      36       0      30
  284     88.30524310   -181.09094182   -860.82376466      40       0      37
  285     92.71093026    -34.67535292   -860.82376465      45       0      40
  286     75.33147689   -176.48082456   -860.82376466      52       0      37
  287     86.57099761    -60.42874030   -860.82376466      50       0      43
  288     85.23495619    -17.12133486   -860.82376466      54       0      37
  289     79.43778646   -158.89156705   -860.82376466      46       0      44
  290     94.44248679   -128.14971636   -860.82376466      51       0      47
  291     83.11571339    -57.75895280   -860.82376465      56       0      35
  292     62.05218698   -189.99562739   -860.82376466      49       0      17
  293     40.71453823   -236.05181653   -860.82376465      35       0       9
  294     39.90381040   -225.79957506   -860.82376466      21       0       8
  295     59.22561968   -105.91518546   -860.82376466      10       0      13
  296     52.30591468   -205.78461683   -860.82376466      13       0      18
  297     63.18684982   -196.83558129   -860.82376466      16       0      21
  298     72.88883420   -116.61408329   -860.82376466      23       0      29
  299     70.87575496   -187.58042208   -860.82376466      34       0      24
  300     80.51993612   -114.75275857   -860.82376466      32       0      32
  301     53.01383220   -218.84589884   -860.82376466      37       0      30
  302     84.54906297    -35.41301018   -860.82376466      36       0      41
  303     78.81158798    -65.56657823   -860.82376466      45       0      44
  304     72.26241152   -194.83388115   -860.82376466      53       0      42
  305    100.91462096    -96.41820745   -860.82376466      54       0      36
  306     90.17760901   -195.93965861   -860.82376466      48       0      46
  307    105.97426886    -80.38055380   -860.82376466      55       0      44
  308     90.37856085    -79.02552054   -860.82376466      49       0      30
  309     65.13339465   -168.65814836   -860.82376466      43       0      23
  310     65.64682220    -54.71373983   -860.82376466      31       0      18
  311     54.05907863    -55.03778546   -860.82376466      25       0       9
  312     46.58885220   -224.78365171   -860.82376466      12       0      13
  313     31.72763870   -345.59010697   -860.82376466      14       0      16
  314     62.16171010   -266.95241292   -860.82376466      17       0      19
  315     61.37188658    -82.58378227   -860.82376466      20       0      25
  316     74.74807125   -222.51277915   -860.82376466      25       0      27
  317     89.50292160    -90.69929738   -860.82376466      31       0      31
  318     69.06854593   -207.93684847   -860.82376466      32       0      29
  319    100.18848502   -157.11031816   -860.82376466      34       0      37
  320     86.45247424    -66.35332579   -860.82376466      45       0      42
  321     70.26338855   -242.89843044   -860.82376466      40       0      43
  322     84.95153139   -113.31421581   -860.82376466      53       0      40
  323     94.92266131   -129.45807039   -860.82376466      47       0      47
  324     87.36451216   -104.59185248   -860.82376466      57       0      41
  325     79.68024567   -235.25955559   -860.82376466      51       0      32
  326     85.84463477   -160.50489331   -860.82376466      41       0      28
  327     49.63614598   -166.58009738   -860.82376466      40       0      19
  328     22.53224353   -476.48127155   -860.82376465      31       0      10
  329     59.98015978   -164.98905615   -860.82376466      14       0      13
  330     38.87646517   -163.87141060   -860.82376466      13       0      16
  331     66.17705618    -42.49838171   -860.82376466      15       0      18
  332     81.62024964    -96.76197902   -860.82376466      20       0      25
  333     69.56093278    -24.65435299   -860.82376466      26       0      23
  334     63.65210540   -110.94095700   -860.82376466      23       0      31
  335     77.25699142    -54.45671637   -860.82376466      32       0      32
  336     60.03312425   -242.79097282   -860.82376466      35       0      39
  337     83.79511171   -227.54699655   -860.82376466      42       0      34
  338     74.07163545   -142.84515277   -860.82376466      42       0      45
  339     77.01826289   -137.79602702   -860.82376466      52       0      37
  340     97.86854876    -37.66685661   -860.82376466      44       0      46
  341     91.50683627    -50.44390029   -860.82376466      56       0      42
  342     85.94795631    -88.60590315   -860.82376466      58       0      29
  343     73.62026183   -115.24666570   -860.82376466      40       0      32
  344     59.54628511   -181.96181506   -860.82376466      38       0      27
  345     43.62654467   -128.64853338   -860.82376466      40       0      11
  346     67.95762723   -136.21514822   -860.82376466      23       0      12
  347     39.57418414   -348.79923723   -860.82376466      16       0      17
  348     63.91234546    -44.44723547   -860.82376466      17       0      17
  349     56.39495504   -223.50958415   -860.82376466      18       0      25
  350     68.73914361   -204.15529948   -860.82376466      26       0      22
  351     59.21056497   -299.52937172   -860.82376466      24       0      31
  352     73.52363916    -51.10907454   -860.82376466      35       0      30
  353     90.33879141    -28.55288658   -860.82376466      33       0      34
  354     85.39469906    -55.72277553   -860.82376466      41       0      36
  355     96.36897149   -171.61674914   -860.82376466      42       0      39
  356     87.28685203    -61.67357062   -860.82376466      53       0      39
  357    100.18471123    -46.62348768   -860.82376466      46       0      43
  358     94.57290021   -118.36846899   -860.82376466      51       0      45
  359     87.46643698    -60.71581712   -860.82376466      60       0      34
  360     87.45074225    -73.36717466   -860.82376465      50       0      28
  361     63.00537706   -173.84493864   -860.82376466      36       0      30
  362     74.36985551    -28.89698711   -860.82376466      41       0      14
  363     76.01185274    -67.76135356   -860.82376466      25       0      16
  364     61.57469799   -121.84461024   -860.82376466      21       0      15
  365     35.68990627   -343.77692206   -860.82376466      19       0      17
  366     82.28238528    -98.65052843   -860.82376466      20       0      23
  367     58.31310757   -104.10303344   -860.82376466      23       0      25
  368     51.73113709   -320.54731069   -860.82376466      27       0      27
  369     87.06800021    -61.85335944   -860.82376466      31       0      30
  370     88.35377328    -63.56413430   -860.82376466      37       0      27
  371     95.17809826    -62.01076955   -860.82376465      32       0      39
  372     89.42129308    -40.47374140   -860.82376466      43       0      37
  373     95.71383207   -133.77861750   -860.82376466      46       0      41
  374     92.47668853    -41.40187883   -860.82376466      46       0      38
  375     87.49309960    -92.34293526   -860.82376466      50       0      43
  376     83.34428581    -52.19291796   -860.82376466      51       0      41
  377     65.79172122   -109.21690479   -860.82376466      55       0      32
  378     65.21019610   -169.20465475   -860.82376466      40       0      24
  379     55.75359683    -88.80417136   -860.82376466      36       0      21
  380     51.81269660   -257.50602461   -860.82376465      23       0      16
  381     56.53487003   -151.77956079   -860.82376466      19       0      16
  382     54.56841600   -201.95407363   -860.82376466      16       0      19
  383     83.00281730    -57.20496989   -860.82376464      20       0      21
  384     79.23911137    -51.71417561   -860.82376466      22       0      21
  385     89.11856540   -115.83807120   -860.82376466      23       0      31
  386     68.48904926    -74.95221378   -860.82376466      32       0      26
  387     73.88614861    -78.89417398   -860.82376465      33       0      28
  388     86.54086086    -32.32211474   -860.82376465      32       0      35
  389     59.12540102   -301.41181085   -860.82376465      38       0      38
  390     84.68209816    -93.17148248   -860.82376466      44       0      41
  391     76.80627139   -199.41218308   -860.82376466      41       0      40
  392     95.41734626   -100.42134108   -860.82376466      48       0      39
  393     84.14687547   -224.50323483   -860.82376465      49       0      42
  394     91.51680249    -63.36223077   -860.82376466      49       0      35
  395     87.50295333    -48.76629728   -860.82376466      41       0      27
  396     70.46821474   -231.87491813   -860.82376466      42       0      24
  397     39.79667555   -257.16999052   -860.82376465      33       0      17
  398     50.18759235   -168.69002910   -860.82376466      22       0      14
  399     71.76908114    -70.90024264   -860.82376466      19       0      20
  400     60.44810176   -201.93288676   -860.82376466      21       0      20
  401     40.87428187   -228.26841145   -860.82376466      23       0      20
  402     68.97057364   -179.14056840   -860.82376466      21       0      29
  403     57.27126302   -301.24619522   -860.82376466      27       0      26
  404     72.84815181   -128.42475056   -860.82376465      30       0      30
  405     69.85335693    -77.14311642   -860.82376467      32       0      34
  406     84.24373284    -62.97869357   -860.82376466      35       0      39
  407     68.89847160   -227.46609528   -860.82376466      40       0      36
  408     82.49395271   -162.27507225   -860.82376466      48       0      37
  409    463.66490267   9345.56171312   -860.82376467      48       0      40
  410     96.90248444    -14.56887106   -860.82376466      52       0      43
  411     79.98547900   -175.33945403   -860.82376466      57       0      36
  412     84.73817606    -93.01390593   -860.82376466      46       0      27
  413     70.25077792    -97.07809430   -860.82376466      39       0      28
  414     59.74739653   -188.53767920   -860.82376466      36       0      17
  415     52.45999615   -298.18543542   -860.82376466      23       0      17
  416     59.27316297    -83.58207485   -860.82376466      21       0      18
  417     43.00547921   -418.74098871   -860.82376466      17       0      22
  418     55.60154401   -366.70726873   -860.82376466      22       0      21
  419     75.66358718   -109.02747603   -860.82376466      25       0      26
  420     59.17163016   -207.60961241   -860.82376466      33       0      28
  421     73.33825013    -57.98127585   -860.82376466      30       0      28
  422     85.87497649    -54.73916391   -860.82376466      31       0      30
  423     68.08038833   -157.61035546   -860.82376466      36       0      38
  424     91.81610244    -59.03250796   -860.82376466      44       0      32
  425     82.52652083   -100.55706256   -860.82376466      44       0      37
  426     86.96670635   -201.29104480   -860.82376466      40       0      43
  427     76.09375941    -52.16039488   -860.82376465      47       0      39
  428     88.64313363   -107.94788522   -860.82376466      49       0      35
  429     86.30086854    -47.92346892   -860.82376466      49       0      36
  430     78.89897099    -75.04765773   -860.82376466      42       0      29
  431     62.60086584    -53.69281907   -860.82376466      37       0      17
  432     46.42867210   -307.10555076   -860.82376466      23       0      20
  433     60.20423739   -172.60539190   -860.82376466      20       0      18
  434     58.56827811   -281.78977881   -860.82376466      23       0      21
  435     50.58180956   -152.88128541   -860.82376466      24       0      17
  436     61.68751187   -194.46049909   -860.82376466      17       0      29
  437     59.87089903   -236.16956407   -860.82376466      25       0      29
  438     68.89410111    -37.69946979   -860.82376466      39       0      24
  439     80.00878375   -135.29791696   -860.82376466      26       0      26
  440     96.70739427    -80.79492115   -860.82376466      33       0      36
  441     85.73941469    -37.19318694   -860.82376466      40       0      40
  442     74.91146728   -166.80019086   -860.82376466      48       0      36
  443     73.54415478   -166.34585469   -860.82376466      52       0      35
  444     86.55394816   -196.53912409   -860.82376465      44       0      46
  445     72.41515864   -139.63053397   -860.82376466      51       0      36
  446     75.51616425    -92.82117623   -860.82376465      47       0      32
  447     77.28178321    -36.35143195   -860.82376466      44       0      32
  448     71.60431686   -178.75770873   -860.82376466      37       0      22
  449     57.09473895   -186.96917624   -860.82376466      32       0      16
  450     67.16721927   -115.88414317   -860.82376466      21       0      22
  451     51.50818848   -296.25606256   -860.82376466      25       0      21
  452     64.79634134    -59.95164231   -860.82376466      26       0      18
  453     75.27655811    -79.98054942   -860.82376466      21       0      23
  454     64.39786032    -65.48997994   -860.82376466      23       0      31
  455     57.20289185   -167.46986966   -860.82376466      35       0      23
  456     81.51880559    -92.09977645   -860.82376466      26       0      28
  457     77.00691215    -49.82247303   -860.82376466      31       0      31
  458     81.64907473    -56.61660871   -860.82376466      38       0      30
  459     85.48277224    -90.97764630   -860.82376466      31       0      44
  460     73.96964541   -219.33175911   -860.82376466      46       0      40
  461     77.18982720   -149.05537237   -860.82376466      48       0      38
  462     90.59876892   -110.50713837   -860.82376466      45       0      40
  463     73.92816519   -168.99732121   -860.82376466      49       0      33
  464     86.90428030   -114.38726164   -860.82376466      44       0      33
  465     77.48939768   -102.37422139   -860.82376466      35       0      25
  466     66.79609437    -83.33854341   -860.82376466      27       0      18
  467     70.06667908   -106.73124685   -860.82376466      20       0      19
  468     63.18501047   -199.05904151   -860.82376466      19       0      23
  469     54.80009390   -223.26559315   -860.82376466      27       0      19
  470     61.66289073   -185.66538702   -860.82376466      22       0      22
  471     67.46389113   -104.66171992   -860.82376466      23       0      31
  472     50.21184028   -219.57747827   -860.82376466      32       0      24
  473     89.25781301    -28.70893016   -860.82376466      30       0      23
  474     65.98405922   -150.96184241   -860.82376466      29       0      36
  475     81.56138092   -155.90332149   -860.82376466      39       0      26
  476     83.20544971   -123.59394107   -860.82376466      29       0      42
  477     85.86367584   -110.93007411   -860.82376466      44       0      43
  478     51.55622215   -361.93657718   -860.82376466      51       0      34
  479     79.81046649   -161.18981701   -860.82376466      44       0      39
  480     69.40981950   -196.19385691   -860.82376466      51       0      42
  481     73.98862395    -83.90138719   -860.82376466      52       0      33
  482     74.57488181    -48.56899585   -860.82376466      48       0      23
  483     64.24625619   -194.12957309   -860.82376466      31       0      19
  484     60.50368675   -138.55297660   -860.82376466      27       0      19
  485     65.21209271   -123.31781671   -860.82376466      24       0      22
  486     64.35878792    -36.34234520   -860.82376466      23       0      21
  487     47.62280145   -171.66084892   -860.82376466      21       0      22
  488     68.02895802   -115.59891169   -860.82376466      24       0      25
  489     67.23251801   -107.74266811   -860.82376466      26       0      25
  490     67.76290752   -134.94003360   -860.82376466      31       0      26
  491     65.93848005   -136.42044161   -860.82376466      26       0      35
  492     97.03470037    -54.84813737   -860.82376466      39       0      27
  493     67.57195607   -246.67028257   -860.82376466      29       0      36
  494     85.23766069    -27.57376601   -860.82376466      42       0      42
  495     60.23034691    -66.07315222   -860.82376466      44       0      30
  496     65.53130551   -179.61240912   -860.82376466      34       0      45
  497     85.53277682    -46.66293638   -860.82376466      51       0      37
  498     56.09431652   -211.63754952   -860.82376466      43       0      38
  499     73.22950989   -160.11557884   -860.82376466      49       0      24
  500     83.19213906    -58.58409480   -860.82376466      31       0      23
  501     64.96755617    -85.60295599   -860.82376466      27       0      21
  502     43.25956275   -277.57181129   -860.82376466      24       0      23
  503     46.80466907   -212.71082043   -860.82376466      23       0      19
  504     73.52236584   -131.72821081   -860.82376466      21       0      21
  505     71.75316525   -190.32124265   -861.24002461      22       1      24
  506     34.15382073   -361.04592899   -861.24002461      28     242      14
  507     56.49732354   -254.30218202   -861.24002462     108       5      19
  508     77.92862846    -48.73026348   -861.24002461     113       1      22
  509     62.10744457    -66.48816865   -861.24002461     100       0      30
  510     64.26251651   -134.19930456   -861.24002462      58       0      25
  511     86.24181744   -176.01370283   -861.24002461      31       0      36
  512     85.92699310    -31.33837750   -861.24002462      39       0      41
  513     73.61637692   -135.15569178   -861.24002461      48       0      31
  514     87.52709521   -134.76124409   -861.24002462      44       0      40
  515     84.84922129    -33.96799816   -861.24002461      45       0      32
  516     79.38815172    -42.51528936   -861.24002461      36       0      44
  517     85.20344867    -82.31739854   -861.24002462      49       0      32
  518     59.75042317   -271.79471662   -861.24002461      48       0      18
  519     76.18608320    -70.07419201   -861.24002461      29       0      25
  520     71.12039014    -90.62240524   -861.24002462      30       0      24
  521     53.90421306   -229.60969439   -861.24002462      29       0      21
  522     59.91620296   -163.19077200   -861.24002461      22       0      20
  523     52.72693884   -234.63744877   -861.24002462      23       0      23
  524     55.55881409   -181.39589412   -861.24002461      25       0      25
  525     81.29230463   -131.89481828   -861.24002461      25       0      29
  526     70.81168741   -187.29979241   -861.24002462      32       0      31
  527     50.64500622   -181.53148349   -861.24002462      30       0      24
  528     72.88898629    -57.47107297   -861.24002462      30       0      32
  529     96.57195166   -130.72957954   -861.24002462      37       0      37
  530     65.41859160   -226.16323561   -861.24002462      40       0      38
  531     86.58760222    -95.55304948   -861.24002462      49       0      36
  532     77.54862769    -39.49230768   -861.24002462      48       0      32
  533     86.09562760   -121.56753943   -861.24002461      44       0      40
  534     68.71933109   -212.64405070   -861.24002461      46       0      39
  535     61.58059508    -87.65471320   -861.24002462      56       0      22
  536     59.65452642   -278.45059010   -861.24002461      37       0      21
  537     67.04085241   -255.62021101   -861.24002462      24       0      29
  538     51.96215533   -237.64071826   -861.24002462      30       0      19
  539     68.43983542    -79.96102242   -861.24002461      23       0      22
  540     53.82232102   -316.02928378   -861.24002461      22       0      22
  541     52.14126476   -173.02766432   -861.24002461      24       0      25
  542     70.59434431   -245.52441587   -861.24002462      26       0      29
  543     80.82637101    -64.39590201   -861.24002461      35       0      28
  544     76.18166733   -187.09375183   -861.24002461      34       0      24
  545     77.97862272    -22.39161460   -861.24002461      25       0      29
  546     84.48497752    -17.24597041   -861.24002462      34       0      33
  547     96.60516250    -54.77596059   -861.24002461      35       0      37
  548     99.29916192    -57.91431572   -861.24002462      41       0      39
  549     86.84990323    -74.61180890   -861.24002461      47       0      35
  550     67.23204496   -145.82272926   -861.24002462      40       0      34
  551     84.80202247    -47.14685245   -861.24002462      43       0      41
  552     80.72253477    -78.04107881   -861.24002461      47       0      31
  553     43.41957848   -237.27186023   -861.24002461      40       0      21
  554     93.04379377    -51.01621502   -861.24002461      37       0      28
  555     63.97996722    -98.09883206   -861.24002461      34       0      20
  556     53.95407723    -52.79868661   -861.24002461      27       0      23
  557     54.71276488    -94.54575856   -861.24002461      25       0      18
  558     74.41291019   -121.42806602   -861.24002462      23       0      27
  559     66.61824588   -233.22335959   -861.24002461      30       0      28
  560     93.69679850    -37.25974873   -861.24002461      32       0      29
  561     72.28788235   -168.79602125   -861.24002462      37       0      23
  562     79.35526216    -92.37576495   -861.24002461      29       0      29
  563     85.26339803   -109.14625679   -861.24002462      32       0      33
  564     70.51324876    -85.31995090   -861.24002461      36       0      33
  565     80.27072596    -97.63520320   -861.24002461      38       0      40
  566     65.21599280   -188.63263959   -861.24002461      44       0      36
  567     70.90801033   -304.48471118   -861.24002461      45       0      32
  568     71.83344991   -130.18293330   -861.24002461      41       0      40
  569     87.88597449    -83.99552599   -861.24002461      48       0      27
  570     61.61797708   -248.12162565   -861.24002461      40       0      26
  571     80.10739151   -102.66513159   -861.24002462      31       0      30
  572     71.30370104   -116.50615781   -861.24002462      43       0      23
  573     52.21831852   -256.40899106   -861.24002461      28       0      22
  574     71.52076513    -49.48422057   -861.24002461      24       0      18
  575     72.92767966    -87.72281118   -861.24002462      17       0      27
  576     71.31248682    -98.19484579   -861.24002461      30       0      24
  577     55.72862968   -246.26323152   -861.24002461      28       0      33
  578     50.78262066   -147.83825104   -861.24002461      35       0      24
  579     75.24977941   -201.37361507   -861.24002461      29       0      29
  580     70.88142355   -110.70274341   -861.24002461      32       0      30
  581     72.33897200   -131.33375022   -861.24002461      32       0      30
  582     72.55735080   -196.22946549   -861.24002461      34       0      45
  583     92.46023830    -99.98745153   -861.24002461      49       0      29
  584     74.93016423    -83.07639865   -861.24002461      45       0      37
  585     75.00274120   -147.93070664   -861.24002461      41       0      34
  586     77.03638772   -214.80177659   -861.24002461      48       0      30
  587     67.23386364   -246.46502315   -861.24002461      40       0      25
  588     68.70702497   -202.15945919   -861.24002461      30       0      37
  589     56.66219682   -158.96444407   -861.24002461      43       0      24
  590     73.64100728    -32.22159762   -861.24002461      34       0      23
  591     54.90365108   -211.44708209   -861.24002461      27       0      16
  592     74.78569661    -82.45506066   -861.24002461      22       0      27
  593     48.06660743   -256.08835710   -861.24002461      26       0      24
  594     90.29030695    -29.27301989   -861.24002461      29       0      32
  595     36.32638645   -387.10034136   -861.24002461      34       0      24
  596     70.17609660    -54.72982665   -861.24002461      30       0      29
  597     78.92436245    -26.16600215   -861.24002461      32       0      31
  598     80.94077914   -229.37351872   -861.24002461      29       0      27
  599     87.65763048   -208.65745106   -861.24002461      31       0      40
  600     91.19452679    -46.70114346   -861.24002461      47       0      32
  601     78.39358668    -79.82473143   -861.24002461      46       0      35
  602     71.13300458    -69.19746014   -861.24002461      43       0      33
  603     73.94267574   -238.03688934   -861.24002461      38       0      35
  604     88.44623442    -44.71399512   -861.24002461      45       0      24
  605     75.37177970    -70.96464380   -861.24002461      36       0      34
  606     75.90786912    -66.66836338   -861.24002461      36       0      28
  607     73.20058917    -97.79017131   -861.24002461      33       0      27
  608     53.45644726   -167.60809919   -861.24002461      32       0      18
  609     55.83636283   -181.90438379   -861.24002461      25       0      24
  610     45.51078160   -316.93743122   -861.24002461      25       0      23
  611     66.04305592   -124.65712826   -861.24002461      28       0      31
  612     80.23306532   -137.98881951   -861.24002461      36       0      27
  613     81.52744712    -71.58467814   -861.24002461      33       0      29
  614     58.12723292   -272.57047003   -861.24002461      33       0      27
  615     73.45302569    -71.46794260   -861.24002461      33       0      29
  616     56.67476702   -233.51389284   -861.24002461      35       0      31
  617     77.86258174   -102.71207007   -861.24002461      37       0      36
  618     73.28434752    -88.83806786   -861.24002461      36       0      36
  619     79.86278492   -109.89826049   -861.24002461      43       0      33
  620     72.90947284   -190.62285327   -861.24002461      38       0      32
  621     54.23010105   -198.86834342   -861.24002461      38       0      31
  622     69.83168048   -135.35086541   -861.24002461      41       0      35
  623     62.10731512    -97.23787519   -861.24002461      45       0      25
  624     62.44471837   -229.22471167   -861.24002461      30       0      28
  625     56.15148878   -211.08000244   -861.24002461      33       0      22
  626     62.99041572    -29.26858605   -861.24002461      27       0      21
  627     67.12967559   -175.03699675   -861.24002461      23       0      21
  628     72.55256315    -79.21733932   -861.24002461      24       0      30
  629     73.72080759    -72.80323016   -861.24002461      31       0      32
  630     61.85880135   -146.56045514   -861.24002461      33       0      25
  631     63.41420732   -167.17254654   -861.24002461      29       0      28
  632     55.69486109   -153.79953402   -861.24002461      33       0      28
  633     93.34749964    -87.55498208   -861.24002461      29       0      32
  634     83.46450003    -46.79987788   -861.24002461      41       0      35
  635     84.26360316    -46.77913153   -861.24002461      41       0      38
  636     65.79012887   -119.75047152   -861.24002461      46       0      30
  637     59.31369511   -173.60154263   -861.24002461      37       0      30
  638     56.25172734   -116.03508379   -861.24002461      33       0      31
  639     66.76380364   -285.69665956   -861.24002461      37       0      39
  640     89.71941226    -67.10782968   -861.24002461      41       0      26
  641     70.05409882   -166.79334717   -861.24002461      36       0      28
  642     71.21257233    -31.87721920   -861.24002461      31       0      24
  643     56.79144051   -167.73884296   -861.24002461      26       0      20
  644     65.03318873   -182.96620849   -861.24002461      23       0      23
  645     59.23612034   -164.83599538   -861.24002462      26       0      28
  646     78.70016115   -163.27844245   -861.24002462      28       0      31
  647     68.69870912    -96.37861725   -861.24002462      35       0      25
  648     67.56146747   -135.18760489   -861.24002461      33       0      24
  649     84.91011902    -35.64634148   -861.24002461      27       0      33
  650     65.97094702   -161.20067525   -861.24002462      40       0      28
  651     80.47802451   -108.59800036   -861.24002462      31       0      35
  652     80.26732308   -105.91211974   -861.24002461      33       0      38
  653     90.84417950   -118.75053888   -861.24002461      46       0      35
  654     53.09834884   -263.28760814   -861.24002461      47       0      26
  655     82.05465885    -75.92782618   -861.24002461      38       0      31
  656     94.75838980    -76.39133506   -861.24002462      36       0      39
  657     71.01623330    -72.27056415   -861.24002461      48       0      29
  658     63.32873382   -188.35354343   -861.24002461      38       0      28
  659     67.88707953    -53.74764824   -861.24002461      27       0      25
  660     54.99328003   -253.51957928   -861.24002461      29       0      20
  661     68.56830982    -36.93548257   -861.24002461      22       0      23
  662     84.65520586    -88.97411870   -861.24002461      29       0      27
  663     53.66262224   -116.44396788   -861.24002461      30       0      26
  664     48.58422890   -340.78777181   -861.24002461      29       0      27
  665     76.91415219    -66.78599403   -861.24002461      28       0      26
  666     81.66122302    -47.14561601   -861.24002461      28       0      33
  667     72.32709506   -107.19926729   -861.24002461      40       0      30
  668     93.30232727    -78.15335978   -861.24002461      36       0      32
  669     87.46305168    -82.73622956   -861.24002461      36       0      32
  670     92.19711471    -90.91114068   -861.24002461      39       0      34
  671     83.35379418   -125.16998688   -861.24002461      39       0      31
  672     81.05741559    -37.57635333   -861.24002461      38       0      32
  673     71.37070374   -129.13383128   -861.24002461      36       0      36
  674     76.82876060   -119.23332313   -861.24002461      40       0      37
  675     71.75329726   -180.60430398   -861.24002461      43       0      27
  676     59.63322760   -215.84273772   -861.24002461      36       0      24
  677     63.04846224   -121.77264093   -861.24002461      30       0      19
  678     45.20723797   -331.97681317   -861.24002461      24       0      24
  679     78.25270148   -110.35561043   -861.24002461      24       0      27
  680     59.12001989   -133.41117696   -861.24002461      30       0      26
  681     72.18702504   -185.49395439   -861.24002461      28       0      28
  682     59.66380742   -306.70722573   -861.24002461      37       0      23
  683     73.14510080   -148.22344988   -861.24002461      33       0      29
  684     82.27276948   -122.93925126   -861.24002461      31       0      35
  685     75.03226367   -173.77060692   -861.24002461      35       0      30
  686    101.80419118    -80.32724068   -861.24002461      38       0      31
  687     74.11484217    -73.55003510   -861.24002461      39       0      37
  688     72.19389447   -209.09271739   -861.24002461      39       0      28
  689     94.50095431    -34.08004458   -861.24002461      42       0      35
  690     68.27304036    -55.92390062   -861.24002461      41       0      34
  691     77.19317910   -143.57463648   -861.24002461      44       0      33
  692     73.31017634   -249.19763721   -861.24002461      37       0      33
  693     61.35759006    -80.61017265   -861.24002461      46       0      26
  694     54.11354787   -270.54605087   -861.24002461      36       0      20
  695     65.84506765   -225.33933404   -861.24002461      24       0      23
  696     56.33109366    -29.58046224   -861.24002461      25       0      20
  697     81.75924793   -183.93193576   -861.24002461      21       0      30
  698     61.29565738    -92.15706146   -861.24002461      30       0      26
  699     64.85445493   -249.80423656   -861.24002461      28       0      26
  700     80.82750682   -196.92433082   -861.24002461      29       0      31
  701     72.03313932   -180.64420853   -861.24002461      36       0      30
  702     62.23900950   -308.55107650   -861.24002461      37       0      30
  703     80.65198020   -117.05068673   -861.24002461      34       0      28
  704     87.94968733    -81.82747306   -861.24002461      35       0      41
  705     78.84615036   -246.98294969   -861.24002461      45       0      29
  706     86.14863712   -116.26720970   -861.24002461      43       0      29
  707     80.33281253    -37.58263641   -861.24002461      35       0      36
  708     92.96382479    -62.26666397   -861.24002461      40       0      35
  709     77.47921802   -224.68892363   -861.24002461      38       0      30
  710     71.46119949   -232.57549627   -861.24002461      40       0      32
  711     63.27191418   -183.80145195   -861.24002462      39       0      22
  712     76.98377858    -78.26065376   -861.24002461      31       0      24
  713     47.23511040   -284.02073270   -861.24002462      26       0      21
  714     61.18944311   -176.84983038   -861.24002461      28       0      28
  715     71.21729934   -192.38091990   -861.24002461      29       0      26
  716     65.14774390    -83.08227545   -861.24002462      31       0      21
  717     88.66698904    -62.63055174   -861.24002461      23       0      32
  718     64.50071005   -219.79194675   -861.24002461      32       0      32
  719     72.02766630   -165.99083500   -861.24002462      39       0      26
  720     74.51332317   -158.72542325   -861.24002461      32       0      32
  721     68.12519577    -36.80576691   -861.24002461      36       0      31
  722     84.59841101   -113.19059152   -861.24002461      35       0      35
  723     79.24930203    -31.95196628   -861.24002461      41       0      35
  724     58.17457108   -300.60541395   -861.24002461      42       0      33
  725     63.36277138    -71.34412358   -861.24002461      49       0      30
  726     76.10255790   -148.62500787   -861.24002462      41       0      34
  727     72.43485194   -127.91766345   -861.24002461      40       0      32
  728     59.89828934    -81.21466291   -861.24002462      41       0      25
  729     56.81465150   -129.29513528   -861.24002461      30       0      20
  730     79.97709255   -208.26427217   -861.24002461      23       0      25
  731     73.89703684   -151.32131453   -861.24002462      26       0      29
  732     63.93636770   -185.16127107   -861.24002461      32       0      24
  733     66.45725428   -181.92319964   -861.24002462      26       0      24
  734     73.96682715    -92.97833451   -861.24002462      30       0      27
  735     85.84623061   -109.20989715   -861.24002462      28       0      32
  736     40.66538357   -367.10348490   -861.24002462      35       0      27
  737     67.06529131   -194.23136737   -861.24002462      32       0      31
  738     71.10992766    -87.20279419   -861.24002461      33       0      30
  739     82.38190951    -42.50341312   -861.24002462      35       0      32
  740     84.01828776   -158.40561365   -861.24002462      37       0      33
  741     60.40076235   -128.41021997   -861.24002462      40       0      36
  742     81.61567632   -125.58185782   -861.24002461      40       0      34
  743     73.08292078    -20.35500235   -861.24002462      45       0      29
  744     73.91829498   -136.84801978   -861.24002461      36       0      38
  745     74.47152951    -89.89245509   -861.24002461      43       0      26
  746     61.29967711   -119.95324650   -861.24002462      39       0      23
  747     61.58332375   -289.36954626   -861.24002462      30       0      22
  748     80.97672442    -51.82126073   -861.24002461      27       0      30
  749     74.72955585   -109.06334554   -861.24002462      26       0      21
  750     82.87677364    -67.60247340   -861.24002461      25       0      27
  751     66.19775742    -84.04256936   -861.24002462      33       0      25
  752     62.11025406   -129.10908977   -861.24002462      28       0      30
  753     75.47957671   -199.67128562   -861.24002461      35       0      30
  754     76.52649746   -131.39962478   -861.24002462      31       0      27
  755     68.87981208   -281.86401923   -861.24002462      30       0      34
  756     81.06734314   -186.97476484   -861.24002461      35       0      29
  757     70.66594874   -189.25576199   -861.24002461      34       0      31
  758     67.72574148    -90.04286684   -861.24002462      35       0      35
  759     70.04742757    -81.41003735   -861.24002462      35       0      38
  760     73.74358048    -76.72101848   -861.24002462      43       0      27
  761     94.49880792    -29.36931007   -861.24002462      38       0      37
  762     96.52917367    -73.39892232   -861.24002461      43       0      26
  763     61.66056207   -173.30910514   -861.24002461      28       0      27
  764     63.02909418   -149.48517258   -861.24002462      34       0      26
  765     73.03781785    -74.60298875   -861.24002462      32       0      28
  766     48.81211322   -369.91167119   -861.24002462      33       0      17
  767     75.04822628   -115.96139621   -861.24002461      26       0      31
  768     51.47160583   -207.30529217   -861.24002462      33       0      22
  769     86.04991357    -95.09996017   -861.24002462      26       0      34
  770     58.24194206   -211.64389913   -861.24002462      36       0      28
  771     91.73095728    -38.53674711   -861.24002462      32       0      28
  772     64.96612761   -240.20519552   -861.24002462      32       0      31
  773     44.02754831   -199.88079120   -861.24002461      39       0      29
  774     50.71284123   -292.69754979   -861.24002462      38       0      34
  775     85.47697311    -66.60492223   -861.24002461      39       0      35
  776     58.86320934   -147.88059489   -861.24002462      37       0      29
  777     77.47962294   -107.45845957   -861.24002461      34       0      34
  778     76.49827765   -165.55874928   -861.24002462      42       0      34
  779     68.92093551   -111.20950709   -861.24002461      44       0      31
  780     43.92472183   -296.33809090   -861.24002461      34       0      21
  781     73.11319532   -110.03863423   -861.24002461      31       0      30
  782     66.57457232   -178.43460792   -861.24002461      34       0      24
  783     56.33374965   -221.90560891   -861.24002461      31       0      23
  784     68.44346673   -221.03748931   -861.24002461      25       0      29
  785     60.68073425   -200.70644607   -861.24002462      35       0      23
  786     72.81095103    -99.37423392   -861.24002462      28       0      31
  787     70.45163303    -55.29039827   -861.24002462      35       0      28
  788     54.63915803   -253.08571740   -861.24002462      34       0      27
  789     68.17389294   -169.08895151   -861.24002461      31       0      32
  790     68.57496922   -191.80185429   -861.24002462      35       0      29
  791     89.02853346   -194.54255381   -861.24002462      35       0      35
  792     83.44728398    -68.57254418   -861.24002462      45       0      37
  793     63.80909953   -201.08459495   -861.24002462      43       0      26
  794     67.44491120   -200.12377284   -861.24002462      36       0      30
  795     72.55217553    -95.57873655   -861.24002462      35       0      37
  796     77.18217352    -81.12347570   -861.24002461      44       0      31
  797     66.02386634   -154.44558005   -861.24002461      36       0      23
  798     59.32596118   -276.96955480   -861.24002461      34       0      29
  799     87.51691033   -134.08949101   -861.24002461      30       0      28
  800     64.70637926   -122.46886131   -861.24002462      37       0      19
  801     75.59218540   -120.85400138   -861.24002462      23       0      31
  802     68.04319283   -208.90121866   -861.24002462      31       0      21
  803     48.20271690   -355.44246547   -861.24002462      26       0      31
  804     62.83874212   -196.55131438   -861.24002462      33       0      31
  805     74.66286459    -60.91902365   -861.24002461      33       0      26
  806     77.48449364   -180.36061964   -861.24002462      31       0      30
  807     55.40448728   -286.04165403   -861.24002461      34       0      25
  808     93.53241520   -136.70182377   -861.24002461      30       0      41
  809     83.54607098   -133.93129050   -861.24002462      45       0      31
  810     77.24069545   -148.32767596   -861.24002461      40       0      31
  811     96.21647828    -46.93019673   -861.24002462      32       0      26
  812    102.92949655    -61.39585981   -861.24002461      37       0      37
  813     78.63947729   -104.28209858   -861.24002462      40       0      35
  814     52.60707185   -215.47677428   -861.24002462      40       0      24
  815     84.97486557   -175.17403940   -861.24002462      30       0      27
  816     67.56414659   -210.74946738   -861.24002462      34       0      31
  817     62.45634798    -30.49732825   -861.24002462      33       0      21
  818     82.66696505   -102.05471916   -861.24002462      31       0      28
  819     77.16243317    -84.94997763   -861.24002462      29       0      22
  820     72.53425969   -132.96408164   -861.24002462      22       0      31
  821     69.24616453    -52.25863033   -861.24002462      34       0      29
  822     81.50014240    -61.25170032   -861.24002462      37       0      26
  823     55.53370041   -336.57132067   -861.24002462      32       0      31
  824     53.07869349    -76.29738425   -861.24002462      33       0      23
  825     80.98891587    -68.92793498   -861.24002462      27       0      38
  826     81.07032505    -87.13620085   -861.24002462      41       0      37
  827     80.63105997    -76.25067091   -861.24002462      46       0      29
  828     74.65909829   -156.38413558   -861.24002462      42       0      26
  829     95.98497156    -56.84351303   -861.24002462      34       0      36
  830     87.06138012    -60.68592582   -861.24002462      42       0      35
  831     80.32599040    -50.93153748   -861.24002462      45       0      26
  832     51.01351224    -68.94003829   -861.24002462      28       0      25
  833     93.65028758    -87.46370158   -861.24002462      28       0      29
  834     79.89324548    -44.77716907   -861.24002462      30       0      28
  835     56.36473771   -276.15855596   -861.24002462      33       0      28
  836     81.96154607   -185.85693973   -861.24002462      27       0      21
  837     81.34298048    -69.40938357   -861.24002462      26       0      26
  838     60.23440851    -78.33795130   -861.24002462      30       0      29
  839     78.32677120   -128.75930721   -861.24002462      32       0      30
  840     66.18600437   -288.45561863   -861.24002462      36       0      32
  841     66.68456395   -219.62593685   -861.24002462      40       0      22
  842     93.21414550   -106.35834386   -861.24002462      27       0      28
  843    102.46022562    -51.78833832   -861.24002462      31       0      40
  844     96.93868251    -37.72381548   -861.24002462      45       0      30
  845     70.80914266   -221.04914396   -861.24002462      39       0      26
  846     92.03478624    -50.26070734   -861.24002462      33       0      41
  847     75.55111803   -139.82767451   -861.24002462      39       0      36
  848     34.01308000   -470.67724397   -861.24002462      43       0      24
  849     86.68161816    -39.39848469   -861.24002462      36       0      30
  850     68.90439333   -210.58705948   -861.24002462      39       0      26
  851     72.15369009    -83.10017600   -861.24002461      33       0      31
  852     64.66613419    -75.61940821   -861.24002462      36       0      24
  853     57.83561288   -135.67174476   -861.24002461      34       0      20
  854     59.68085710   -115.97389137   -861.24002462      26       0      27
  855     88.64329894    -68.37208506   -861.24002462      28       0      27
  856     57.75897949   -189.77589210   -861.24002462      32       0      27
  857     81.26532563    -41.76896974   -861.24002462      33       0      39
  858     62.07594747   -101.50761872   -861.24002462      40       0      19
  859     62.61679489   -152.27078460   -861.24002462      30       0      26
  860     90.22763913   -131.00958584   -861.24002462      28       0      36
  861     73.92253861    -48.38303995   -861.24002462      40       0      35
  862     66.59842690    -42.63913697   -861.24002462      39       0      30
  863     80.63362482   -185.26382334   -861.24002462      37       0      39
  864     88.26770246    -59.63377431   -861.24002462      44       0      30
  865     75.07335659    -95.22444289   -861.24002462      39       0      26
  866     76.95071542   -156.08600627   -861.24002462      36       0      34
  867     64.74961767   -125.44753796   -861.24002462      39       0      22
  868     79.36672643   -129.41634172   -861.24002462      30       0      32
  869     69.04512856   -176.30864388   -861.24002462      43       0      23
  870     69.50626284    -81.14495841   -861.24002462      32       0      25
  871     73.68851457   -109.57303237   -861.24002462      26       0      27
  872     81.70338145    -53.22931581   -861.24002462      30       0      25
  873     65.47274151    -86.38144550   -861.24002462      30       0      29
  874     71.98638234   -117.47041256   -861.24002462      32       0      33
  875     81.15548451    -93.07093616   -861.24002462      33       0      27
  876     59.06844212   -226.68942429   -861.24002462      33       0      23
  877     86.98968506   -112.30185188   -861.24002462      33       0      31
  878     90.40153576    -96.22247749   -861.24002462      31       0      39
  879     85.77923371    -66.29760294   -861.24002462      45       0      31
  880     68.41983136   -176.98479561   -861.24002462      38       0      33
  881     59.66047125   -213.69983199   -861.24002462      38       0      32
  882     61.66398469    -58.86567591   -861.24002462      35       0      27
  883     56.79851978   -165.57998002   -861.24002462      29       0      31
  884     71.04671214   -169.45621337   -861.24002462      33       0      24
  885     71.19157454    -11.53099071   -861.24002462      30       0      32
  886     82.21946001    -49.94547996   -861.24002462      39       0      31
  887     74.32446328    -44.41766769   -861.24002462      40       0      21
  888     62.16114145    -77.47346374   -861.24002462      28       0      26
  889     98.90886548    -63.78968012   -861.24002462      29       0      28
  890     63.05562642    -44.80851400   -861.24002462      31       0      28
  891     50.94057529   -373.20933413   -861.24002461      34       0      29
  892     66.21435522   -294.28558239   -861.24002462      29       0      28
  893     60.30718265   -203.97963144   -861.24002462      31       0      27
  894     91.80575650   -106.64606957   -861.24002461      30       0      28
  895     65.66134803   -215.77781066   -861.24002462      31       0      36
  896     81.11246220   -170.24321341   -861.24002462      40       0      35
  897     84.77743073    -43.92952771   -861.24002461      40       0      35
  898     86.89994822   -129.60571852   -861.24002461      44       0      32
  899     56.28283202   -372.10796301   -861.24002462      40       0      26
  900     80.23398955    -96.47271811   -861.24002462      34       0      28
  901     48.25072551   -232.35621563   -861.24002462      32       0      23
  902     59.99632412    -87.03629133   -861.24002462      28       0      31
  903     70.23443186    -41.45817405   -861.24002462      33       0      32
  904     64.75836547    -93.98605188   -861.24002462      40       0      22
  905     70.63239124   -148.15455312   -861.24002462      31       0      29
  906     79.50561921    -93.68580464   -861.24002462      35       0      28
  907     74.76460398   -118.24159080   -861.24002462      31       0      28
  908     73.51332829   -196.86328912   -861.24002461      33       0      31
  909     59.50160278   -245.75768591   -861.24002462      35       0      26
  910     57.14705558   -286.82894577   -861.24002461      32       0      27
  911     63.83536093    -79.93707578   -861.24002462      38       0      26
  912     91.00740338    -27.77908677   -861.24002461      33       0      35
  913     84.75328899    -66.51725231   -861.24002461      38       0      33
  914     95.47819339    -50.13111970   -861.24002462      36       0      37
  915     79.13945333   -172.07931635   -861.24002462      40       0      30
  916     60.58440576   -193.74769547   -861.24002461      34       0      28
  917     60.53842674    -68.64477166   -861.24002462      39       0      30
  918     64.25037145   -141.59386799   -861.24002462      35       0      23
  919     84.78863498    -57.35441653   -861.24002462      30       0      30
  920     64.00207058   -158.90498018   -861.24002462      35       0      26
  921     74.82854466   -250.87828617   -861.24002462      31       0      26
  922     64.19120171   -111.54949040   -861.24002462      29       0      35
  923     58.97745269    -46.16341074   -861.24002462      37       0      24
  924     73.54543014    -87.75662881   -861.24002462      31       0      28
  925     85.75355598    -30.52258932   -861.24002462      32       0      31
  926     49.98046217   -338.14798459   -861.24002462      36       0      20
  927     78.78045859    -51.71445179   -861.24002462      26       0      32
  928     54.36200390   -139.47188545   -861.24002462      34       0      28
  929     82.18202277   -189.56521100   -861.24002462      28       0      34
  930     64.56517561   -166.05658545   -861.24002462      39       0      33
  931     93.99415037      0.70763818   -861.24002462      39       0      38
  932     84.96513703    -95.78137201   -861.24002462      38       0      26
  933     50.46909768   -396.63339195   -861.24002462      35       0      29
  934     82.31503300   -122.24874810   -861.24002462      37       0      31
  935     75.12023720   -123.87666682   -861.24002462      37       0      24
  936     77.24286314   -187.94919112   -861.24002462      36       0      31
  937     80.67627528    -80.78197467   -861.24002462      37       0      29
  938     44.54229179   -341.16129579   -861.24002462      31       0      25
  939     52.07253818   -309.80360816   -861.24002462      32       0      28
  940     79.97460496    -37.18211139   -861.24002462      31       0      28
  941     64.86308066   -195.03066327   -861.24002462      34       0      29
  942     83.62493599    -87.74731871   -861.24002462      35       0      30
  943     71.81873791   -227.79562199   -861.24002462      31       0      23
  944     93.58248173    -34.68660761   -861.24002462      25       0      33
  945     78.96375636   -138.35383760   -861.24002462      35       0      22
  946     87.69742832   -237.98186073   -861.24002462      25       0      37
  947     81.82032565    -70.99096426   -861.24002462      39       0      34
  948     81.97204421    -64.68204699   -861.24002462      36       0      31
  949     60.14820817   -261.91261885   -861.24002462      38       0      29
  950     57.12493023   -188.27673045   -861.24002462      34       0      29
  951     80.30576652    -86.46476663   -861.24002462      35       0      30
  952     74.07574625    -84.68406223   -861.24002462      37       0      27
  953     69.19634849   -272.44259266   -861.24002462      32       0      30
  954     76.60385393   -118.56434595   -861.24002462      31       0      32
  955     74.14558813   -140.08815995   -861.24002462      42       0      22
  956     78.65173725   -105.17636406   -861.24002462      28       0      31
  957     77.01517661    -25.27299211   -861.24002462      34       0      26
  958     74.19255811   -210.23004395   -861.24002462      31       0      33
  959     59.73986945   -256.44982961   -861.24002461      37       0      29
  960     62.83261298   -178.05124209   -861.24002462      34       0      22
  961     75.54927812   -190.23032135   -861.24002462      26       0      33
  962     60.30182329   -235.07122167   -861.24002461      32       0      23
  963     62.19271256    -57.88217368   -861.24002462      26       0      33
  964     92.64847103    -73.48416716   -861.24002462      38       0      35
  965     88.27323922    -54.41390151   -861.24002462      43       0      30
  966     97.29909199    -79.73864059   -861.24002462      40       0      30
  967     66.62370351    -88.96833474   -861.24002462      37       0      28
  968     68.18535548   -201.62977453   -861.24002462      34       0      32
  969     65.89954232   -123.58663689   -861.24002462      36       0      27
  970     64.05530496   -221.56220178   -861.24002462      38       0      25
  971     85.90279262   -109.60321227   -861.24002462      32       0      38
  972     72.04773867   -176.41670449   -861.24002462      41       0      21
  973     59.59004409   -239.83748085   -861.24002462      36       0      29
  974     54.22330851   -271.33222332   -861.24002462      34       0      30
  975     55.24057923   -330.91341696   -861.24002462      35       0      30
  976     76.47028102   -202.72161093   -861.24002461      35       0      30
  977     55.00955296   -153.88786646   -861.24002462      34       0      23
  978     84.00219385   -126.98546196   -861.24002462      28       0      33
  979     65.13451081   -178.02420719   -861.24002462      33       0      23
  980     78.54794525    -65.03986738   -861.24002461      28       0      28
  981     69.67304805    -77.18195533   -861.24002462      31       0      34
  982     87.13610753    -86.27334187   -861.24002462      37       0      33
  983     73.91608220   -150.93635208   -861.24002462      37       0      28
  984     56.13507245   -233.43858184   -861.24002462      37       0      32
  985     58.50382224   -299.40994373   -861.24002462      41       0      25
  986     51.97659100   -148.13849529   -861.24002461      35       0      29
  987     90.44285614    -68.04693716   -861.24002462      36       0      28
  988     92.30095696   -114.36385074   -861.24002461      33       0      35
  989     78.52236686   -123.89637150   -861.24002462      39       0      25
  990     90.28944200    -79.82506386   -861.24002462      35       0      28
  991     81.23963837   -149.19589754   -861.24002462      32       0      30
  992     89.04475871    -67.95521354   -861.24002462      35       0      33
  993     63.32053938    -34.49523759   -861.24002462      38       0      29
  994     50.57818189   -304.18559871   -861.24002462      32       0      26
  995     81.46670422    -68.30540234   -861.24002462      28       0      29
  996     74.15278563   -121.99261745   -861.24002462      31       0      24
  997     90.41405669    -57.82979899   -861.24002462      29       0      31
  998     87.16266610   -199.88863575   -861.24002462      34       0      29
  999     88.29341470    -44.93109286   -861.24002462      37       0      30
 1000     85.74038733    -50.21114359   -861.24002462      38       0      28
----------------------------------------------------------------------------------
Artificial Bee Colony Optimization Finished!

 -- Results Report --
 * 100 LMs will be saved in [ 20_waters-LM ].
      #          Energy
      0   -861.24002462
      1   -860.82376465
      2   -860.24772887
      3   -860.23308664
      4   -859.63092007
      5   -858.02879917
      6   -857.28700980
      7   -857.20185371
      8   -857.01688324
      9   -856.31584310
     10   -856.19526278
     11   -856.12170705
     12   -856.11563334
     13   -855.90751033
     14   -855.62621944
     15   -855.32388158
     16   -855.20228341
     17   -855.08678876
     18   -854.61788312
     19   -853.91348636
     20   -853.58707281
     21   -853.45977068
     22   -852.72989234
     23   -852.62596038
     24   -852.35994883
     25   -852.34951670
     26   -852.28077243
     27   -852.25070865
     28   -852.24837071
     29   -851.97264792
     30   -851.89777901
     31   -851.86732622
     32   -851.84397602
     33   -851.77200292
     34   -851.74678259
     35   -851.62420956
     36   -851.47685860
     37   -851.16782976
     38   -851.10859423
     39   -851.10748888
     40   -850.97454945
     41   -850.96043637
     42   -850.77512853
     43   -850.74189597
     44   -850.58398278
     45   -850.55424287
     46   -850.40789032
     47   -850.29282776
     48   -850.04803645
     49   -850.01303958
     50   -849.75329204
     51   -849.72966306
     52   -849.65174934
     53   -849.43238737
     54   -849.42159159
     55   -849.37285086
     56   -849.31498142
     57   -849.17685846
     58   -849.12897561
     59   -848.79859821
     60   -848.78191607
     61   -848.76752490
     62   -848.71116517
     63   -848.71055683
     64   -848.49074234
     65   -848.39712234
     66   -848.31628100
     67   -848.22727720
     68   -848.19609193
     69   -848.14700999
     70   -848.05025498
     71   -848.03904326
     72   -847.95971519
     73   -847.92898710
     74   -847.88393074
     75   -847.85784473
     76   -847.65169003
     77   -847.65071381
     78   -847.32902368
     79   -847.31235768
     80   -847.23086972
     81   -847.17223928
     82   -847.13135540
     83   -847.10199782
     84   -847.07452575
     85   -847.05592413
     86   -846.98628385
     87   -846.88320136
     88   -846.81024030
     89   -846.66217766
     90   -846.48162373
     91   -846.26114489
     92   -846.25695377
     93   -846.24133976
     94   -846.23288230
     95   -846.21680358
     96   -846.20848974
     97   -846.11959828
     98   -845.96905302
     99   -845.93083594

 * Final Global Minimal Energy:   -861.24002461
 * The Global Minimum is saved as: [ 20_waters-OPT.(cluster/xyz/gjf) ]

===== (^ _ ^) =====
Normal termination at Tue Sep 18 03:05:00 2018.
Total run time: 23367 seconds = 0 days 6 hours 29 minutes 27 seconds.
