    * * * * * * * * * * * * * * * * * * * * *
    *       __    ____    ______            *
    *      /  \  |  _ \  |  ___/  luster !  *
     *    / _  \ | |_| | | |               *
     *   / /_\ | |  _ <  | |     < @  @ >  * 
     *  / ___  | | |_| | | |___ _ _  o     * 
    *  /_/   |_| |____/  |_____ _ __ __  _  *
    *                                       *
    * * * * * * * * * * * * * * * * * * * * *

ABCluster 1.5.1
Specific flag:  official version
Platform:       LINUX/UNIX
Compiled by:    junzhang@gellmann.scs.illinois.edu
Compiling date: Dec 18 2017 20:33:35
C++ compiler:   g++
C++ options:    -O3 -Os -fno-exceptions --std=c++0x -fopenmp 

Contributors:
Jun Zhang(University of Cologne): Design and coding.

For any suggestions, comments, and questions on the theory and
implementation of ABCluster, please feel free to contact:

Dr. Jun Zhang, ZhangJunQcc@gmail.com

If you used this program in your work, please cite this reference:

[1] Zhang, J.; Dolg, M.; ABCluster: The Artificial Bee Colony Algorithm for
    Cluster Global Optimization. Phys. Chem. Chem. Phys. 2015, 17, 24173-24181.
[2] Zhang, J.; Dolg, M.; Global Optimization of Clusters of Rigid Molecules by the
    Artificial Bee Colony Algorithm. Phys. Chem. Chem. Phys. 2016, 18, 3003-3010.

Program starts at Wed Nov 13 11:47:12 2019.
Command line: " /ihome/jkeith/amm503/codes/ABCluster/rigidmol-optimizer na-2wat-3acn.inp "
Process ID:   51233
Run by:       amm503@smp-n27.crc.pitt.edu
Available CPU cores:    24
Read "OMP_NUM_THREADS": Unset

Random number testing (integers): 730701173...1099179176
Random number testing (fractals): 0.14183585...0.40240030

 -- Input/Output Parameters --
Input file name:      na-2wat-3acn.inp
Cluster file name:    na-2wat-3acn.cluster
Result file name:     lm-na-2wat-3acn.(cluster/xyz/gjf)
Temporary file name:  abclusteramm503smp-n27.crc.pitt.edu51233-OPT
# of saved LMs:       100
LMs are stored in:    lm-na-2wat-3acn-LM

 -- ABC Control Parameters --
Population size:                  500
Maximal generation:              1000
Scout limit:                       15
Amplitude:                22.00000000

 -- Cluster Components: from [ na-2wat-3acn.cluster ] --
 -----------------------------------------------------------
   Source                                       #   Charge
 -----------------------------------------------------------
   charmm36/na.xyz                              1    1.000
   charmm36/tip4p.xyz                           2    0.000
   charmm36/ch3cn.xyz                           3   -0.000
 -----------------------------------------------------------
   Dimension: 0, an isolate cluster.
 -----------------------------------------------------------

Artificial Bee Colony Optimization Starts!
----------------------------------------------------------------------------------
 * Population: 500; Maximal cycles: 1000
 * EM = Employed Bee; Trigonometric mutation
 * OL = Onlooker Bee; ABC/best/2(0.5)+ABC/current/2(0.5);
        Tournament selection from 5 nectars.
 * SC = Scout Bee; Random nectar; Limit = 15
----------------------------------------------------------------------------------
    #       Diversity            maxE            minE    byEM    byOL    bySC
----------------------------------------------------------------------------------
    1     39.23965450    -64.14160551   -396.21665713     280      16       0
    2      7.40114981   -285.74825079   -396.21665328     233       4       0
    3      4.31827430   -306.46569839   -396.21665443     141       1       0
    4      0.75104064   -385.79491497   -396.21665910      89       0       0
    5      0.72495613   -385.79491497   -396.21666042      56       0       0
    6      0.49969694   -385.79491497   -396.21666023      34       0       0
    7      0.15896576   -395.59354897   -396.21666042      17       0       0
    8      0.13318378   -395.59357930   -396.21665541      12       0       0
    9      0.09535440   -395.59362050   -396.21665507      13       0       0
   10      0.07320033   -395.59362050   -396.21665507       5       0       0
   11      0.06783908   -395.59362050   -396.21665507       1       0       0
   12      0.05550251   -395.59361838   -396.21665507       2       0       0
   13      0.04811490   -395.59362050   -396.21665507       1       0       0
   14      0.03932504   -395.59362486   -396.21665541       1       0       0
   15      0.03932504   -395.59362486   -396.21665541       0       0       0
   16      0.03932504   -395.59362486   -396.21665541       0       0       0
   17     44.70801121    -30.52093646   -396.21666044       0       0      55
   18     64.74340368     -3.19835539   -396.21665896      39       0     155
   19     66.20359372    -15.35050658   -396.21665330     125       0     155
   20     45.37436559    -22.66381477   -396.21665536     157       0     102
   21     30.76201890    -30.86482617   -396.21665348     169       0      30
   22     16.46960600   -130.80974879   -396.21665341     120       0       3
   23      0.95298220   -385.79491499   -396.21665263      72       0       0
   24      0.26511282   -392.53742572   -396.21665963      48       0       0
   25      0.24827254   -392.53742572   -396.21665780      19       0       0
   26      0.14563108   -395.59355247   -396.21665780      25       0       0
   27      0.12497433   -395.59355247   -396.21666054      10       0       0
   28      0.10278414   -395.59355247   -396.21665398       8       0       0
   29      0.08283398   -395.59355247   -396.21665584       5       0       0
   30      0.05550254   -395.59362618   -396.21665398       5       0       0
   31      0.04811504   -395.59362618   -396.21665398       1       0       0
   32      0.03932539   -395.59362519   -396.21665398       1       0       0
   33     19.67921399    -52.68617815   -396.21665961       2       0       4
   34     35.76821134    -16.65463791   -396.21666054       4       0      41
   35     49.00128589    -44.15553178   -396.21666062      28       0     110
   36     58.21396017    -13.05636877   -396.21665851      95       0     108
   37     48.20084605    -25.61666994   -396.21665309     127       0     113
   38     38.54304931    -63.83578892   -396.21665631     146       0      82
   39     23.35806374    -55.88972596   -396.21665828     139       1      31
   40     22.22164237   -122.60927068   -396.21665365      96       0       9
   41      1.35549124   -385.05006410   -396.21665516      66       0       2
   42      0.53942833   -385.79491492   -396.21666042      46       0       0
   43      0.23951168   -392.53742585   -396.21665268      24       0       0
   44      0.14081658   -395.59362025   -396.21665772      19       0       0
   45      0.10965372   -395.59361899   -396.21665256      12       0       0
   46      0.07817491   -395.59362090   -396.21665253       8       0       0
   47      0.06199059   -395.59362929   -396.21665253       3       0       0
   48      0.04811461   -395.59362929   -396.21666032       2       0       0
   49      0.04811461   -395.59362929   -396.21666032       0       0       0
   50     14.58413256   -167.13722871   -396.21666032       1       0       9
   51     26.41441128    -71.44856493   -396.21665266       8       0      31
   52     42.13971347    -46.33060889   -396.21665844      28       0      56
   53     58.35223208    -12.05123196   -396.21665653      53       0      91
   54     50.64461069    -51.18676387   -396.21665393      97       0     110
   55     51.55548614    -42.10932771   -396.21665691     126       0     105
   56     43.06511434    -19.62285454   -396.21665377     147       0      61
   57     18.04882764    -81.31224783   -396.21665292     130       1      18
   58     23.45121483    -11.54329488   -396.21666048      92       0      15
   59      4.58108384   -301.21971603   -396.21665728      61       0       3
   60     13.76339603    -88.32691320   -396.21665885      42       0       1
   61      0.26096464   -392.53742568   -396.21665486      24       0       0
   62      0.09535482   -395.59361842   -396.21665605      12       0       0
   63      0.04811532   -395.59360743   -396.21665441       9       0       0
   64      0.03932559   -395.59360743   -396.21665732       1       0       0
   65      0.03932559   -395.59360743   -396.21665732       0       0       0
   66      0.46715470   -385.79491492   -396.21665732       1       0       2
   67     19.37681407    -53.92450669   -396.21665732       2       0       4
   68     23.84583116   -115.97111023   -396.21665927       5       0      15
   69     45.71995133    -31.60206048   -396.21666026      14       0      47
   70     52.73720895    -26.92484998   -396.21665842      42       0      75
   71     46.77131582    -12.00547688   -396.21666005      76       0      84
   72     46.58847578     -4.95614717   -396.21665765      97       0      93
   73     46.81467656    -68.30263049   -396.21665455     118       0      86
   74     50.06935629    -12.20901348   -396.21665840     121       0      55
   75     31.32967958    -85.20745638   -396.21666036     105       0      27
   76     15.55570267   -125.90718658   -396.21665446      79       0       8
   77      7.24989835   -235.30334814   -396.21665901      53       0       4
   78      0.54062536   -385.79491489   -396.21666040      36       0       0
   79      0.11291221   -395.59354311   -396.21665633      23       0       0
   80      0.06784029   -395.59354311   -396.21665330      11       0       0
   81      0.04811561   -395.59358790   -396.21665330       4       0       0
   82      0.02783660   -395.59358790   -396.21665298       2       0       0
   83      0.49960588   -385.05006371   -396.21665298       0       0       1
   84     10.66826014   -189.76876121   -396.21665330       2       0       7
   85     14.67637651   -166.65561883   -396.21665335       8       0       6
   86     30.95004461    -31.21685576   -396.21665478       7       0      35
   87     43.71918488    -30.19026250   -396.21665899      29       0      64
   88     38.34639950    -41.25324421   -396.21665700      59       0      70
   89     56.24324706    -16.64095372   -396.21665731      80       0      88
   90     48.25154045    -31.56781205   -396.21665457     103       0      77
   91     49.17894545    -25.75218214   -396.21666055     115       0      70
   92     38.92844273    -21.58623803   -396.21665509     104       0      44
   93     31.33256934    -22.76270247   -396.21665467     104       0      27
   94      7.78542590   -230.85416635   -396.21665276      67       0       7
   95     12.73621106   -111.35960785   -396.21665607      42       0       3
   96      0.27996762   -392.53743000   -396.21666039      21       0       0
   97      0.07320071   -395.59362455   -396.21665898      17       0       0
   98      0.50103385   -385.05006386   -396.21665355       4       0       1
   99      0.46792114   -385.79491488   -396.21665355       1       0       0
  100      0.04811498   -395.59361547   -396.21665355       2       0       0
  101     21.53206860    -49.11633276   -396.21665898       3       0       7
  102     14.77143033   -121.81458007   -396.21665294       5       0      10
  103     27.34666051    -94.59514334   -396.21665294       8       0      23
  104     39.98770037    -25.89192748   -396.21665904      20       0      44
  105     53.38966638     -3.45968253   -396.21665366      39       0      65
  106     41.15524198    -12.53385113   -396.21665497      69       0      64
  107     49.59711621    -23.07896552   -396.21665626      81       0      90
  108     55.04100677    -26.84946381   -396.21665244      91       0      75
  109     36.23872730    -78.40161297   -396.21665666     101       0      57
  110     34.43606175    -58.99319254   -396.21665579      99       0      35
  111     20.04167302    -11.28928739   -396.21665769      71       0      24
  112      1.80972425   -360.99636621   -396.21666033      54       0       3
  113      0.86348463   -385.05006383   -396.21665746      15       0       2
  114      0.05550282   -395.59359570   -396.21666033      11       0       0
  115      0.02783535   -395.59361593   -396.21665703       4       0       0
  116      0.00000280   -396.21665515   -396.21665568       1       0       0
  117      1.57330264   -361.00130724   -396.21665703       0       0       1
  118     20.12613534    -31.54621077   -396.21665568       1       0       8
  119     22.56847951    -59.59402942   -396.21665568       8       0      11
  120     31.09966945    -20.17463125   -396.21665344      10       0      21
  121     30.76118364    -26.13600428   -396.21665311      20       0      34
  122     48.79669914     -5.88792421   -396.21665446      32       0      53
  123     50.76246447    -18.31182139   -396.21665403      47       0      66
  124     49.88430909    -14.87417332   -396.21665403      68       0      75
  125     43.64102554    -41.42509609   -396.21665872      85       0      77
  126     43.12076099    -19.75309653   -396.21665944      92       0      66
  127     37.20977548    -13.77149762   -396.21665257      89       0      41
  128     35.49404492    -20.38144802   -396.21666045      73       0      35
  129     14.24103266    -95.23698105   -396.21666058      46       0       7
  130     16.39979855    -41.40058121   -396.21666059      14       0       4
  131      0.15082391   -393.90728632   -396.21665520      12       0       1
  132      0.00000282   -396.21665845   -396.21665303       4       0       0
  133      0.00000282   -396.21665845   -396.21665303       0       0       0
  134      0.46560815   -385.79491496   -396.21665520       0       0       1
  135     17.52944939    -34.65275344   -396.21665303       1       0       8
  136     17.75617542    -71.75194251   -396.21665303       7       0      13
  137     20.75143256   -120.70393077   -396.21666059      14       0      16
  138     41.35913728    -25.44892263   -396.21665267      12       0      34
  139     24.42338369   -150.16504179   -396.21665279      28       0      48
  140     50.73687827    -39.17960873   -396.21665278      57       0      61
  141     51.82419581    -10.82424118   -396.21665266      72       0      71
  142     49.20352157    -20.95792157   -396.21665566      82       0      70
  143     48.11052815    -47.19146030   -396.21665759      76       0      71
  144     48.49143930    -19.85506150   -396.21665690      86       0      56
  145     28.72968899    -35.95043782   -396.21665981      80       0      32
  146     17.71989061    -95.59588182   -396.21666016      58       0      10
  147     23.80208387    -24.53809938   -396.21666051      21       0       7
  148      6.71616466   -246.31840600   -396.21665488      12       0       2
  149      0.00000276   -396.21665400   -396.21665270       3       0       0
  150      0.00000276   -396.21665400   -396.21665270       0       0       0
  151      0.16437546   -392.53742873   -396.21665488       0       0       2
  152     12.76221143   -131.55771548   -396.21665488       1       0       6
  153     21.84970185    -77.90258289   -396.21665286       4       0      17
  154     16.91227040   -204.51093566   -396.21666051      14       0      16
  155     23.15253204    -49.96099906   -396.21665550      16       0      22
  156     38.81196833     -9.81933526   -396.21666016      22       0      43
  157     51.96262025    -14.26844036   -396.21665961      40       0      57
  158     37.81423814    -28.53085240   -396.21665329      60       0      76
  159     51.02735861    -18.91786475   -396.21665272      72       0      71
  160     42.01099433    -23.78106280   -396.21666057      84       0      57
  161     56.99775648    -33.06927406   -396.21666038      66       0      69
  162     34.34308965    -44.17002695   -396.21665427      79       0      40
  163     17.52743608    -84.43164333   -396.21665329      67       0      11
  164     18.18776241   -116.38092625   -396.21665671      24       0      10
  165     15.27622219    -54.60569656   -396.21665254      14       0       3
  166      0.02783579   -395.59360606   -396.21665661       5       0       0
  167      6.38690544   -253.25807913   -396.21665661       1       0       1
  168     16.10432949    -76.71780691   -396.21665254       1       0       2
  169     12.49356861   -178.52172450   -396.21665254       2       0       5
  170     20.31827537   -133.77223887   -396.21665661       4       0      18
  171     17.58478039    -34.80432020   -396.21665254      16       0      16
  172     27.83712504     -2.07073608   -396.21665661      16       0      21
  173     38.64011103    -46.98746458   -396.21665277      20       0      39
  174     28.85417588    -57.77344598   -396.21666002      36       0      52
  175     52.70232795    -21.37442577   -396.21665677      47       0      72
  176     52.12090709    -20.43057564   -396.21665684      68       0      76
  177     41.75690402    -12.81384016   -396.21665684      85       0      57
  178     45.36689895    -19.84482808   -396.21665754      67       0      59
  179     35.55732262    -49.55468835   -396.21666019      72       0      47
  180     34.11796284    -51.30988657   -396.21666002      74       0      22
  181      8.70800231   -236.23174621   -396.21665402      37       0       9
  182      2.88871854   -333.34687152   -396.21665784      17       0       3
  183      1.40092058   -364.86468904   -396.21665438       6       0       1
  184      0.02783506   -395.59362208   -396.21666057       2       0       1
  185      5.07065758   -303.67603141   -396.21665438       1       0       3
  186      5.04543281   -306.79064405   -396.21665438       3       0       5
  187     25.72830579    -49.33441636   -396.21666057       4       0      17
  188     15.93150842   -149.75074493   -396.21665755      16       0      17
  189     17.47736772   -197.33712597   -396.21665438      13       0      23
  190     29.75357830    -90.25322857   -396.21665485      22       0      39
  191     32.95040796    -25.35389029   -396.21665381      40       0      46
  192     40.88530074    -21.23973196   -396.21665258      41       0      59
  193     50.89610213    -24.23354818   -396.21665269      60       0      75
  194     45.02825937    -10.98027062   -396.21665861      79       0      66
  195     30.96411145    -69.23955079   -396.21665267      70       0      45
  196     41.36344342    -27.30563326   -396.21666027      51       0      60
  197     31.40669056    -21.21974956   -396.21665393      68       0      29
  198     12.19536033   -174.16789238   -396.21665438      41       0       9
  199      3.94681699   -310.36290124   -396.21665438      18       0       5
  200      7.70230049   -224.40360660   -396.21665299       8       0       1
  201      0.10680970   -393.90728631   -396.21665299       3       0       1
  202     17.10232549    -76.35948464   -396.21665299       2       0       4
  203     22.33285331    -18.08151009   -396.21665404       5       0       4
  204     28.00290840    -27.35438891   -396.21665404       4       0      20
  205     26.63366533    -10.65827491   -396.21665438      18       0      15
  206     25.95250074    -39.78880899   -396.21666038      22       0      21
  207     31.09466453    -91.51286274   -396.21665660      20       0      40
  208     40.26031390    -28.23981393   -396.21665465      39       0      46
  209     44.14723791    -22.66542157   -396.21665393      49       0      51
  210     52.33709004    -39.43315695   -396.21665321      55       0      81
  211     47.75547117    -25.15489812   -396.21665266      79       0      62
  212     44.20026430    -19.47478756   -396.21665751      75       0      44
  213     49.46397264    -18.08071005   -396.21665678      56       0      58
  214     39.80450202    -29.56609774   -396.21665498      62       0      31
  215     26.19057961    -27.02547609   -396.21665402      43       0      15
  216      7.80840215   -230.29126359   -396.21665865      21       0       4
  217      4.32581151   -299.93331503   -396.21665588       5       0       2
  218      0.51063369   -385.01821403   -396.21665588       2       0       1
  219     15.94553954    -39.73986550   -396.21665265       2       0       5
  220     12.07477004   -137.66243017   -396.21665265       5       0       4
  221     25.82522587    -15.45791626   -396.21665265       4       0      13
  222     29.75739454    -14.19154791   -396.21665865      13       0      22
  223     29.24775813    -75.82675514   -396.21665265      19       0      22
  224     35.03808434    -56.73922143   -396.21665402      23       0      35
  225     35.98494635    -35.36488968   -396.21665259      32       0      48
  226     39.14206881    -30.14534570   -396.21665884      46       0      52
  227     51.38333728    -22.23089664   -396.21665743      49       0      69
  228     40.51189801    -32.84558981   -396.21665482      66       0      61
  229     52.74914235    -17.81873825   -396.21666022      67       0      56
  230     30.42525181   -118.21580559   -396.21665277      67       0      49
  231     44.34248579     -4.86016738   -396.21666035      57       0      39
  232     26.81422382    -21.30567094   -396.21665453      48       0      18
  233     20.22982834    -38.39928202   -396.21665982      24       0       4
  234      4.36988419   -309.48991753   -396.21665659      14       0       1
  235      0.70482344   -385.05006412   -396.21665703       2       0       2
  236      0.50103383   -385.05006389   -396.21665703       2       0       5
  237      2.51319587   -341.06068421   -396.21665659       4       0       4
  238     17.77066843   -123.93139707   -396.21665703       2       0      14
  239     22.01246648    -80.15229832   -396.21665659      11       0      22
  240     31.48826680    -66.16142652   -396.21665703      21       0      23
  241     27.91315394    -15.31153783   -396.21665716      22       0      33
  242     29.26049558    -95.05379186   -396.21665453      31       0      48
  243     43.78475454     -6.94080641   -396.21665392      42       0      50
  244     39.68272865    -19.74001905   -396.21666035      57       0      58
  245     41.23948486    -21.39069963   -396.21665957      68       0      69
  246     56.01582952    -20.50255932   -396.21665853      66       0      56
  247     36.20268970     -9.24734381   -396.21665392      70       0      50
  248     37.00647908    -39.56168888   -396.21665767      57       0      37
  249     29.62300769    -13.29055282   -396.21665344      40       0      18
  250      7.59971239   -281.22834170   -396.21666048      24       0       9
  251      5.28397999   -283.23925160   -396.21665995      12       0       2
  252     13.52630295    -97.47693533   -396.21665995       3       0       3
  253      4.30559183   -301.64702539   -396.21665583       4       0       6
  254     15.51600212   -140.12742574   -396.21665995       5       0       4
  255     21.14064819    -40.41523593   -396.21665995       3       0      14
  256     30.00150169    -66.48465008   -396.21666057      13       0      19
  257     17.38464146   -179.06534279   -396.21666057      16       0      27
  258     32.61760522     -5.94880527   -396.21666055      27       0      29
  259     35.87615363    -93.56286985   -396.21665743      30       0      37
  260     48.01603396    -14.19388025   -396.21666034      40       0      55
  261     50.49256136    -33.92480907   -396.21666034      52       0      66
  262     39.64287040    -81.03102171   -396.21665876      71       0      57
  263     43.42708575    -11.57109336   -396.21665890      56       0      62
  264     41.46098369    -39.88466396   -396.21666028      66       0      54
  265     35.70622115    -14.90505691   -396.21665399      67       0      36
  266     19.74954557    -78.83837579   -396.21666044      47       0      17
  267     16.32887573    -37.13071838   -396.21666030      29       0      12
  268      0.23692921   -392.53742595   -396.21666030      14       0       1
  269     23.84982496    -79.33765044   -396.21665904       4       0       5
  270     10.36664916   -172.16960100   -396.21665899       5       0       6
  271      2.33346157   -346.27083468   -396.21665899       6       0       4
  272     21.46755583   -126.28664844   -396.21665904       5       0      14
  273     36.57163812    -45.89273935   -396.21665904      13       0      20
  274     30.73584596    -19.27591285   -396.21666030      18       0      21
  275     42.27756727    -23.53020862   -396.21665904      20       0      31
  276     34.80887815    -53.17921022   -396.21666039      30       0      37
  277     33.30749840    -25.40793817   -396.21666055      39       0      51
  278     53.67246920    -22.23750129   -396.21665756      45       0      73
  279     42.22490753    -10.11701051   -396.21665756      68       0      50
  280     36.45274709    -57.69364077   -396.21665399      60       0      56
  281     40.34636264    -18.97543852   -396.21665677      66       0      58
  282     35.89938552     -5.49953408   -396.21665365      56       0      37
  283     24.06554374    -60.56863196   -396.21665581      51       0      23
  284     13.25896082   -135.47059176   -396.21665617      33       0       9
  285     11.96181398   -131.29720904   -396.21665617      11       0       5
  286      3.92059707   -312.14958047   -396.21665461       8       0       5
  287     17.70292253    -50.03168352   -396.21665273       5       0       6
  288     14.25284926    -77.20528657   -396.21665461       7       0       5
  289     18.24710639    -65.42389287   -396.21665273       4       0      15
  290     10.26610584   -213.19897103   -396.21665461      13       0      16
  291     27.68212764   -130.76484976   -396.21665273      16       0      25
  292     26.39299156    -87.55910036   -396.21665461      24       0      27
  293     34.90068918    -49.78072823   -396.21665520      31       0      42
  294     40.46361034    -19.86069249   -396.21665264      39       0      53
  295     43.97211201    -16.51201839   -396.21665309      58       0      55
  296     46.77720726    -35.66388177   -396.21665882      62       0      59
  297     51.24955727    -12.67605395   -396.21665264      62       0      55
  298     32.39407155    -99.38465614   -396.21665304      69       0      53
  299     43.17750468     -5.66440994   -396.21665938      54       0      41
  300     33.02409434    -33.89343197   -396.21665304      50       0      28
  301     17.75192650   -114.38570992   -396.21665791      38       0       7
  302     11.79163458   -133.15562316   -396.21666053      16       0       8
  303     15.84145573   -114.64115830   -396.21665891       8       0       4
  304     10.64372639   -173.48858847   -396.21665891       6       0       6
  305      8.97495857   -235.76673414   -396.21665891       6       0       9
  306     13.96015341   -182.61064784   -396.21665901       8       0      11
  307     27.37561585    -68.50594979   -396.21665891      11       0      18
  308     23.89174696    -58.69837420   -396.21665264      15       0      21
  309     29.07213218    -60.43091726   -396.21665611      19       0      27
  310     37.45921622    -15.72240854   -396.21665311      24       0      42
  311     37.90602207    -56.39187911   -396.21665893      39       0      47
  312     48.71821546    -12.31637010   -396.21665795      47       0      54
  313     39.19299495    -34.71973205   -396.21665938      48       0      60
  314     44.84637593    -13.77590697   -396.21665447      64       0      62
  315     39.57475275    -17.89497025   -396.21665551      77       0      47
  316     35.47182972    -27.15070427   -396.21665795      56       0      42
  317     32.77048367    -38.11360911   -396.21666052      52       0      30
  318     15.77219902   -177.33005969   -396.21666052      34       0      12
  319      7.03908927   -250.77162912   -396.21665974      16       0       8
  320     27.61607924    -11.55056089   -396.21666058       9       0       4
  321      9.87610771   -176.13170814   -396.21666058       4       0       7
  322     13.05180265   -129.01636032   -396.21666058       9       0       8
  323     27.03911972    -17.77676773   -396.21666000       8       0      13
  324     27.14772483    -26.42298171   -396.21665284      13       0      18
  325     24.55386524    -62.04381542   -396.21665974      17       0      21
  326     24.52330056    -42.22796729   -396.21666000      22       0      28
  327     31.69406072    -63.91300515   -396.21665974      25       0      38
  328     40.76884751    -29.06755030   -396.21666038      30       0      50
  329     32.40494094    -73.28038299   -396.21665283      46       0      43
  330     40.26972438    -96.31499083   -396.21665551      47       0      53
  331     50.63277408    -36.53512674   -396.21665770      48       0      77
  332     33.22950479    -67.98946924   -396.21665267      72       0      39
  333     34.80155619    -64.16726898   -396.21665770      58       0      48
  334     29.76559092    -50.49014195   -396.21665990      52       0      30
  335     20.06716099    -24.36666717   -396.21666056      33       0      16
  336     15.35954578    -56.23657778   -396.21665591      20       0       7
  337     17.11218210    -16.32205571   -396.21665598       8       0       2
  338     17.19379660    -76.02288912   -396.21665598       2       0       9
  339     13.62658939   -151.99035105   -396.21665501       8       0       8
  340     25.74309038    -65.39116927   -396.21666027      10       0      14
  341     25.99962623     -9.58924598   -396.21665501      14       0      16
  342     22.41708467   -124.13582639   -396.21666027      12       0      24
  343     33.40079633    -14.88315995   -396.21666027      22       0      35
  344     27.81036783    -30.96039952   -396.21665591      33       0      31
  345     36.67278107    -21.33558250   -396.21665310      33       0      45
  346     39.84025349    -23.99651086   -396.21666053      46       0      47
  347     43.05427099    -26.38853946   -396.21665332      50       0      54
  348     49.01690904     -9.52973120   -396.21665437      62       0      62
  349     38.58207222    -37.19241433   -396.21665642      61       0      48
  350     52.43622195    -32.02962922   -396.21665269      58       0      50
  351     28.07039570    -24.05164157   -396.21665267      62       0      29
  352     21.65489847    -76.72650444   -396.21665642      35       0      18
  353      6.14758868   -267.34582539   -396.21665601      27       0       7
  354      4.56998195   -298.27243505   -396.21666023      12       0       3
  355     13.47543209   -213.00238224   -396.21665899       5       0       8
  356     17.08557272    -44.16791640   -396.21665780       8       0       9
  357     20.32741113   -133.55267535   -396.21665973       7       0      16
  358     17.03613914    -47.00655961   -396.21666023      15       0      17
  359     20.95051144   -166.25420483   -396.21665973      19       0      22
  360     24.07029195    -71.89603773   -396.21665780      22       0      30
  361     35.42945862    -35.98012239   -396.21665697      29       0      36
  362     38.88985530    -29.45516023   -396.21665601      39       0      38
  363     35.54669734    -41.49568871   -396.21665956      39       0      46
  364     38.30189496    -33.63533411   -396.21665823      42       0      56
  365     39.50225968    -67.89606941   -396.21665609      53       0      59
  366     29.02564590    -85.77031963   -396.21665304      65       0      48
  367     43.20322001    -18.88043706   -396.21665607      52       0      50
  368     38.67069347    -21.64650708   -396.21665956      52       0      31
  369     28.79771790    -10.92875741   -396.21665277      43       0      22
  370      7.99961727   -246.09324363   -396.21665923      31       0       8
  371      2.31135951   -346.58532819   -396.21665967      13       0       4
  372      4.22382685   -312.97321062   -396.21665669       6       0      10
  373      6.44156207   -257.06952615   -396.21665686       8       0       7
  374     19.72519658    -23.38428290   -396.21665669       5       0      14
  375     20.39518219    -82.64362197   -396.21665967      11       0      19
  376     33.72388609    -27.94612470   -396.21665923      15       0      20
  377     26.07126759    -78.72623323   -396.21665967      21       0      28
  378     36.06034646    -26.82471761   -396.21665491      24       0      40
  379     35.62736630    -47.76377347   -396.21665923      36       0      35
  380     38.79734410    -60.71743334   -396.21665363      36       0      54
  381     42.16365202    -11.09304638   -396.21665581      55       0      47
  382     39.01738245    -19.59047417   -396.21666052      58       0      59
  383     43.75624620    -22.16323026   -396.21665771      59       0      50
  384     37.11147518    -31.27415947   -396.21665853      60       0      45
  385     28.80634312    -30.01763152   -396.21665328      53       0      29
  386     23.50158568   -100.66087905   -396.21666042      40       0      27
  387     16.63447917   -107.02165831   -396.21666042      28       0      11
  388     26.36433113    -78.87035103   -396.21665794      15       0       7
  389     21.79625358    -20.87818718   -396.21666020       8       0      10
  390     11.88000083   -217.16588264   -396.21665868       8       0       8
  391     17.98072158      1.61214237   -396.21665456       6       0      15
  392     23.47736190   -118.25173016   -396.21666025      10       0      14
  393     20.62291183    -65.52938428   -396.21666042      15       0      25
  394     33.52028336    -22.17835221   -396.21666025      25       0      24
  395     30.15535699    -38.13211144   -396.21665798      24       0      36
  396     31.01965765    -20.14536916   -396.21665319      34       0      39
  397     39.47553903    -22.08527968   -396.21665328      44       0      43
  398     35.57401611    -17.64077076   -396.21665862      44       0      51
  399     33.20618062    -53.57859165   -396.21665966      53       0      58
  400     42.89021958    -14.02396616   -396.21665966      59       0      54
  401     35.02195811    -25.03687047   -396.21665862      65       0      40
  402     40.02542820    -31.53748868   -396.21666041      51       0      39
  403     19.62516355    -32.12312429   -396.21665847      46       0      24
  404 17144308.57792644 383741933.84646595   -396.21665319      29       0      12
  405     13.66955102   -123.87583795   -396.21665847      14       0      10
  406      9.82834702   -185.47746225   -396.21665849      12       0      11
  407     22.46723357    -20.72592451   -396.21665443       8       0       9
  408     21.65667866    -40.04923621   -396.21665443      11       0      11
  409     22.90093107    -48.54191114   -396.21665847       8       0      13
  410     28.95897805    -46.68051545   -396.21665847      13       0      25
  411     27.35586746    -64.35208295   -396.21665392      25       0      26
  412     30.64333173    -72.05071996   -396.21665389      26       0      30
  413     31.36782265    -66.41403701   -396.21665739      29       0      39
  414     30.60522285    -34.43742449   -396.21665515      32       0      46
  415     29.60926738    -88.89033754   -396.21665747      53       0      50
  416     26.48400450    -97.47280028   -396.21666049      57       0      50
  417     24.74853703   -113.79578412   -396.21666049      53       0      55
  418     44.80356136    -12.81190164   -396.21665375      50       0      47
  419     33.55869372    -57.84797661   -396.21665665      58       0      38
  420     26.00967494    -68.85186650   -396.21665258      43       0      27
  421     30.91333155     -5.38687830   -396.21665389      28       0      12
  422     21.54568160    -93.59448707   -396.21665258      20       0      14
  423     22.77543332    -23.46953205   -396.21665394      14       0       7
  424     19.53806965    -37.87485131   -396.21665394       7       0      13
  425     17.28145623   -133.96322019   -396.21665394      14       0       7
  426     22.45797875    -90.69455328   -396.21665778       7       0      13
  427 46237300.62421835 1034932532.01011455   -396.21665258      12       0      26
  428     24.54072065   -130.47321022   -396.21665778      25       0      29
  429     39.22852705    -38.85695575   -396.21665910      28       0      29
  430     32.25932347    -15.77776989   -396.21665336      33       0      33
  431     30.49115862    -94.02872318   -396.21665841      30       0      42
  432     39.94231577    -18.03153784   -396.21665910      46       0      52
  433     41.01785185    -28.34281717   -396.21665310      41       0      58
  434     39.35593102    -19.99612403   -396.21666056      58       0      44
  435     41.19348945    -20.40180897   -396.21666042      51       0      52
  436     37.33808682    -20.88226345   -396.21666028      55       0      43
  437     24.43385359    -27.37744497   -396.21665910      62       0      21
  438     33.25570317    -24.46866026   -396.21665764      34       0      18
  439     10.72617523   -220.97014448   -396.21665706      21       0      13
  440     13.60605550   -145.56348834   -396.21665428      14       0       6
  441     21.87869370    -20.16732810   -396.21665830      11       0      14
  442      8.89114138   -208.77103697   -396.21665830      15       0       7
  443     23.28344895    -18.78610693   -396.21665694       9       0      13
  444     25.25432758   -109.15794180   -396.21665694      11       0      26
  445     16.42082091   -147.50611253   -396.21665694      20       0      27
  446     34.69945682    -52.75993976   -396.21665706      26       0      32
  447     26.38170575    -97.50042360   -396.21665706      28       0      30
  448     46.81277221    -18.94763337   -396.21665670      24       0      50
  449     44.13967791    -36.22668045   -396.21665670      48       0      44
  450     39.60828482    -22.46420366   -396.21665891      43       0      54
  451     46.02468557    -20.95638461   -396.21665407      55       0      42
  452     36.03354309    -46.09088352   -396.21665728      49       0      46
  453     37.01290708    -50.14781078   -396.21665891      48       0      51
  454     27.17583023    -94.32311218   -396.21665446      53       0      24
  455     28.86351550    -17.94023114   -396.21665965      41       0      17
  456     13.54261705   -154.46877469   -396.21665670      27       0      15
  457     20.84020816    -14.10210353   -396.21665267      16       0       7
  458     18.71859482    -12.60919384   -396.21665843      11       0      13
  459     24.23490835    -32.02106979   -396.21665991      12       0      11
  460     23.56143271    -68.06352189   -396.21665267      11       0      15
  461     19.07581864   -130.88919222   -396.21665267      14       0      24
  462     29.96936186    -13.32652784   -396.21665991      24       0      29
  463     31.67002733   -115.52780791   -396.21665267      28       0      34
  464     33.25417156    -26.31997883   -396.21665652      39       0      21
  465     40.54284787    -10.24768032   -396.21665652      27       0      50
  466     31.75000025   -106.82092930   -396.21665263      50       0      44
  467     42.56854709    -25.66403646   -396.21665345      54       0      53
  468     42.18077803    -10.01285690   -396.21665451      54       0      45
  469     21.41297879   -106.11508563   -396.21665919      46       0      42
  470     32.03615237    -82.86346762   -396.21665919      46       0      43
  471     23.25602321   -143.06837008   -396.21665451      50       0      30
  472     28.46187792   -110.87047915   -396.21665501      33       0      23
  473     16.51257379    -88.87400351   -396.21665919      24       0      14
  474     19.93218467   -103.93348214   -396.21665864      16       0      11
  475     19.90588839   -154.07140341   -396.21665451      13       0      12
  476     16.43592463    -90.16891516   -396.21665276      15       0       9
  477     26.15321314    -68.13417445   -396.21665864       8       0      14
  478     26.43222324   -106.25447607   -396.21666009      15       0      28
  479     36.17708206    -12.11396843   -396.21665669      24       0      24
  480     32.62015935    -33.68616897   -396.21665693      26       0      28
  481     33.36187415    -16.11683520   -396.21665890      25       0      31
  482     16.30329238   -108.75607043   -396.21666009      31       0      38
  483     41.85940946    -24.03126327   -396.21666052      36       0      52
  484     37.08143577    -61.26000607   -396.21665850      45       0      56
  485     37.27088390    -28.85943216   -396.21665316      55       0      41
  486     34.51577375    -35.04352144   -396.21666053      50       0      41
  487     43.87258837    -20.03505615   -396.21665960      49       0      46
  488     38.10461851    -25.68644837   -396.21665344      50       0      29
  489     20.96952473    -64.56094579   -396.21665316      39       0      26
  490     17.47271622    -50.12958876   -396.21666029      33       0      12
  491     23.75413389    -35.00904023   -396.21665669      19       0      12
  492     24.18450738    -11.35693997   -396.21665669       9       0      14
  493     17.31096136    -66.54258926   -396.21665707      12       0       7
  494     25.41958445    -64.54586549   -396.21666030       8       0      16
  495     24.01859420    -44.94047680   -396.21666029      15       0      27
  496     37.48251743    -36.63963228   -396.21665582      24       0      28
  497     25.39446886   -101.41953817   -396.21665370      26       0      23
  498     34.87526220    -70.52207568   -396.21665433      21       0      34
  499     38.13368623    -40.66386183   -396.21665834      39       0      40
  500     43.62696227    -17.71478509   -396.21665911      40       0      44
  501     39.78744298    -20.47005626   -396.21665962      46       0      51
  502     45.57949717    -32.67659294   -396.21665456      56       0      45
  503     46.51508189    -18.09160796   -396.21665759      55       0      38
  504     44.38214347    -11.86734628   -396.21665759      50       0      43
  505     35.35598048    -30.64010599   -396.21665962      50       0      40
  506     32.62295400    -19.10103285   -396.21665911      42       0      23
  507     15.81060809    -56.58411195   -396.21665889      32       0      18
  508     20.42141328    -30.72791942   -396.21665582      23       0      10
  509      1.99373253   -360.66559874   -396.21665582      11       0      13
  510     20.06443178    -22.58290634   -396.21665977      10       0       8
  511     22.18825603    -59.48786318   -396.21665370       8       0      16
  512     36.39029200    -34.37762212   -396.21665889      15       0      27
  513     24.98160306    -24.85003947   -396.21665913      27       0      26
  514     23.90154511    -89.91157891   -396.21665403      26       0      24
  515     35.20998898    -21.67162033   -396.21665403      25       0      29
  516     42.05923756     -8.77195517   -396.21665404      30       0      43
  517     40.85538339      4.16071368   -396.21665875      37       0      38
  518     31.83252635    -70.74206978   -396.21665284      39       0      51
  519     29.56759799   -119.91488938   -396.21665284      51       0      42
  520     33.86468054    -13.25121335   -396.21666058      40       0      40
  521     40.23017355    -31.24811357   -396.21665968      43       0      50
  522     38.25061122     -9.19064051   -396.21666056      44       0      40
  523     19.45684113   -122.43029988   -396.21665790      46       0      20
  524     29.03386038    -53.76312304   -396.21665404      25       0      23
  525     17.65712322   -105.52117775   -396.21665875      24       0      13
  526     22.05567349    -43.86322685   -396.21665875      15       0      10
  527      5.07980077   -324.42822906   -396.21665875      11       0       9
  528     16.81067153   -156.41607868   -396.21666021      10       0      15
  529     31.08629982    -41.71872883   -396.21665354      16       0      26
  530     22.54147786    -68.64061358   -396.21665894      20       0      27
  531     20.19008552   -128.87824513   -396.21665354      27       0      22
  532     20.01433999   -131.70455380   -396.21666021      20       0      32
  533     37.92793822    -45.62491229   -396.21665550      27       0      41
  534     32.89002827    -21.21618729   -396.21665995      44       0      40
  535     43.90865819    -16.38679996   -396.21665835      37       0      51
  536     43.30602669    -27.97305142   -396.21665968      49       0      41
  537     41.37653120      0.97514563   -396.21665344      46       0      39
  538     33.18598514    -32.95660146   -396.21665258      44       0      52
  539     28.06374148    -29.67081752   -396.21665364      49       0      34
  540     25.09495294    -49.02128621   -396.21665894      37       0      25
  541     22.99959220    -90.22058337   -396.21665513      27       0      23
  542      7.80823472   -279.36161440   -396.21665264      26       0      12
  543     16.40541331    -37.33115557   -396.21665380      19       0      10
  544     12.58266485   -151.76340840   -396.21665995      13       0       9
  545     21.98587490    -19.42412757   -396.21665380      11       0      20
  546     26.85220878    -36.74762834   -396.21665264      20       0      23
  547     30.21121788    -19.49264413   -396.21665924      23       0      27
  548     29.54489123    -28.59068258   -396.21666037      30       0      24
  549     28.15184190    -38.39079856   -396.21666057      25       0      26
  550     41.04585810    -30.53007398   -396.21665258      25       0      44
  551     28.19381128    -44.91770420   -396.21666045      36       0      43
  552     22.12034145    -30.68882785   -396.21665723      52       0      41
  553     37.89739070    -45.33284018   -396.21665877      40       0      48
  554     37.26030919    -36.09836337   -396.21665822      50       0      41
  555     33.40081883    -36.71123498   -396.21665274      46       0      47
  556     23.63039907    -90.53083365   -396.21665375      49       0      35
  557     29.38005980    -24.43898576   -396.21665304      38       0      23
  558     33.19884426    -21.85097886   -396.21665375      26       0      24
  559     17.57813731    -44.29512618   -396.21665265      22       0      11
  560     22.63189227    -31.01706977   -396.21665265      14       0      14
  561     22.29313728    -21.63795416   -396.21666057      14       0       8
  562     26.74243378    -26.80781030   -396.21665265       6       0      19
  563     27.80010515    -50.05035418   -396.21665289      18       0      24
  564     34.49473209    -23.81942425   -396.21665304      23       0      25
  565     29.48940314    -11.07846061   -396.21665840      30       0      29
  566     32.23844727    -25.12535311   -396.21665449      30       0      29
  567     28.55493950    -56.05220991   -396.21665375      31       0      34
  568     35.13013919    -40.33320677   -396.21665926      33       0      46
  569     32.00589661    -26.82690962   -396.21665289      46       0      39
  570     42.98557965    -26.82690962   -396.21665926      40       0      49
  571     38.30711366    -74.15408991   -396.21665822      49       0      40
  572     38.20117533     -9.65708253   -396.21665274      45       0      52
  573     29.38768642    -30.65463522   -396.21666057      52       0      32
  574     25.51687835    -62.43514129   -396.21665330      34       0      27
  575     31.19730494    -46.64237279   -396.21665840      32       0      20
  576     15.14150668   -137.38381474   -396.21665705      18       0      13
  577     16.39277542   -234.38523810   -396.21665705      15       0      16
  578      7.50580850   -229.88941683   -396.21665449      12       0       6
  579     24.67615478    -47.69322020   -396.21665449       9       0      19
  580     27.34419499    -17.07031598   -396.21665330      17       0      19
  581     27.21943180    -26.97038462   -396.21665330      21       0      28
  582     33.70797785    -44.45400554   -396.21666057      26       0      30
  583     27.64569309    -73.44707287   -396.21665705      28       0      30
  584     35.27610065     -9.05755620   -396.21666057      31       0      36
  585     35.92370501    -22.20770957   -396.21665811      34       0      39
  586     36.42976983    -15.74969340   -396.21665811      37       0      44
  587     25.77214052   -130.97222684   -396.21666031      46       0      44
  588     40.67620699     -2.80018897   -396.21665669      41       0      49
  589     30.30327402    -35.13081581   -396.21665474      53       0      46
  590     42.39604958    -23.67786481   -396.21666052      54       0      30
  591     30.57669755    -69.27996544   -396.21666050      42       0      32
  592     37.60527844    -54.27307245   -396.21665278      36       0      18
  593     22.90777226    -95.93370463   -396.21666024      26       0      16
  594     21.70901703    -14.16499004   -396.21666024      19       0      13
  595     13.86436504    -86.37306851   -396.21665454      16       0       7
  596     33.99871300    -16.61736667   -396.21666024       5       0      17
  597     23.86496508    -22.57394897   -396.21665481      16       0      25
  598     14.27309588   -217.68676942   -396.21666050      21       0      24
  599     23.62531510   -108.44011413   -396.21665927      25       0      29
  600     34.91971990    -32.55531016   -396.21665275      29       0      34
  601     26.98706369    -67.08119021   -396.21666031      34       0      32
  602     31.32287987    -46.78233272   -396.21666031      35       0      38
  603 2727359.98715944 61046309.97077110   -396.21666011      35       0      45
  604     36.14703771     -8.82363927   -396.21665871      46       0      45
  605     40.42154034    -10.55070440   -396.21665708      47       0      39
  606     44.47674577    -10.55070440   -396.21665877      37       0      46
  607     38.30540908    -28.40958768   -396.21665708      52       0      37
  608     23.66600772   -115.64727089   -396.21666057      45       0      28
  609     33.49052717    -17.18663539   -396.21665289      32       0      21
  610     28.53061033    -37.85640679   -396.21665275      25       0      20
  611     11.16187875   -183.49051389   -396.21665737      25       0      14
  612     19.18973986    -56.28995891   -396.21666052      17       0       8
  613     24.66373293    -44.01947923   -396.21665737      10       0      17
  614     28.94077644    -68.29585388   -396.21666052      15       0      22
  615     33.84877213    -38.71333335   -396.21665805      20       0      27
  616     33.28496827    -22.51128771   -396.21665805      28       0      26
  617     33.26738843    -19.08467597   -396.21665434      29       0      31
  618     31.42913153    -18.42941436   -396.21665947      26       0      34
  619     26.47633897    -15.27539178   -396.21665947      36       0      38
  620     42.99081499    -37.31992555   -396.21665315      38       0      49
  621     38.62293124    -24.87128220   -396.21665561      51       0      41
  622     34.68989216    -16.89742915   -396.21665560      49       0      35
  623     39.84534581    -35.07715867   -396.21666052      37       0      45
  624     33.09651983    -62.57870997   -396.21665989      43       0      43
  625     23.19829816    -41.76561346   -396.21666056      50       0      27
  626     16.98636363   -165.41376596   -396.21665506      36       0      20
  627     26.76252611    -39.77768969   -396.21665378      23       0      20
  628     11.64756410   -215.06226268   -396.21665641      21       0      15
  629      7.80911234   -226.54491433   -396.21665580      15       0      12
  630     27.53746430    -22.71994967   -396.21665641      10       0      15
  631     19.07968292   -131.36784705   -396.21665905      13       0      21
  632     12.88407965   -234.77187767   -396.21665379      19       0      26
  633     32.53832092    -94.33985326   -396.21665538      26       0      29
  634     23.92736078    -73.88505472   -396.21665378      28       0      28
  635     38.63602654     -2.95631087   -396.21665378      29       0      36
  636     25.71851260   -101.46701941   -396.21665378      35       0      38
  637     31.51529573    -42.95679328   -396.21665379      39       0      43
  638     35.13637069     34.29883886   -396.21665273      39       0      44
  639     32.69101311    -26.93846178   -396.21665316      50       0      39
  640     32.09232645    -10.50945666   -396.21665316      39       0      37
  641     34.38889523    -17.40038824   -396.21665767      40       0      44
  642     25.11183743   -116.56668313   -396.21665767      39       0      29
  643     23.17324385    -74.55905727   -396.21665342      35       0      23
  644     17.80358138   -137.71612959   -396.21665902      28       0      22
  645     24.11605268    -64.18763136   -396.21665400      24       0      16
  646     13.45355575   -149.56936329   -396.21665400      14       0      11
  647     21.59847694    -92.05211342   -396.21665270      13       0      17
  648     33.01954051    -22.01549321   -396.21665991      13       0      18
  649     32.68370201    -24.51568349   -396.21665653      14       0      25
  650     26.29737864    -38.56394751   -396.21665902      25       0      26
  651     33.32191568    -14.91607176   -396.21665261      28       0      35
  652     38.60410708    -13.78048928   -396.21665902      31       0      33
  653     38.93808862    -17.48473104   -396.21665943      35       0      38
  654     24.73942903    -77.00497094   -396.21665800      37       0      39
  655     33.43991346    -85.41828906   -396.21665575      42       0      47
  656     39.45546794    -31.64638576   -396.21665283      45       0      40
  657     32.40382436    -61.49584192   -396.21665283      40       0      38
  658     30.91506937    -34.34239037   -396.21665730      44       0      40
  659     31.55246186    -51.63293231   -396.21665377      37       0      29
  660     24.71293046   -116.13546883   -396.21665307      34       0      25
  661     21.50956671    -53.44273165   -396.21665800      26       0      25
  662     19.86005399    -80.48325860   -396.21665381      23       0      11
  663     24.72325435    -36.28981922   -396.21665261      17       0      17
  664     25.68115523    -57.68450791   -396.21665301      16       0      18
  665     12.68796512   -190.56910001   -396.21665271      18       0      14
  666     37.56729190    -14.60142176   -396.21665404      13       0      24
  667     36.55259393     -7.95142248   -396.21665307      23       0      29
  668     27.49728507    -28.97080412   -396.21665873      27       0      28
  669     31.90315910    -28.79567990   -396.21665404      31       0      37
  670     40.20971600    -25.97459546   -396.21665404      36       0      40
  671     34.99827556    -41.08637803   -396.21665873      42       0      41
  672     35.70270086    -62.64963000   -396.21665415      36       0      43
  673     34.62092992    -15.28570833   -396.21665564      44       0      35
  674     27.85149501   -101.49641620   -396.21666024      37       0      44
  675     34.87320620    -38.15838965   -396.21665896      45       0      39
  676     36.99692950     -8.34967958   -396.21666045      42       0      30
  677     20.09120489    -89.66718382   -396.21665647      33       0      24
  678     35.48538435    -22.73493613   -396.21665647      25       0      24
  679      6.48036005   -309.31489267   -396.21665647      25       0      15
  680     15.91058173   -120.97902813   -396.21665617      19       0      15
  681     22.45754102    -10.47336969   -396.21665525      14       0      18
  682     22.70663043    -70.34846252   -396.21665273      16       0      16
  683     19.05484426   -138.54288090   -396.21665647      15       0      22
  684     35.37061190    -18.63551068   -396.21665572      23       0      27
  685     26.68802855    -17.31666718   -396.21665647      29       0      30
  686 282776.03667110 6329007.35090149   -396.21665617      31       0      36
  687     35.91490150    -40.03099677   -396.21665459      42       0      43
  688     40.18218530    -36.72581483   -396.21665394      49       0      37
  689     37.76914231    -38.98369645   -396.21665266      37       0      40
  690     31.49451200    -54.85955911   -396.21665641      36       0      39
  691     34.37225569    -32.52955073   -396.21665309      39       0      46
  692     37.81742086    -24.52126047   -396.21665309      43       0      37
  693     30.27153841    -57.88859004   -396.21665950      43       0      30
  694     32.73298360     -6.62757945   -396.21665950      37       0      24
  695     36.61506281    -45.19707796   -396.21665859      30       0      23
  696     21.54172219    -73.13020054   -396.21665337      26       0      17
  697     18.33892147   -145.16699539   -396.21665394      18       0      17
  698     20.33534857    -70.80348273   -396.21665459      19       0      16
  699     30.46612855    -16.34440852   -396.21665286      18       0      17
  700     19.27569425   -114.87368175   -396.21665361      18       0      16
  701     24.84404280    -80.06201401   -396.21665363      16       0      29
  702     10.15913535   -251.83433587   -396.21665859      22       0      31
  703     40.20008921    -10.07826926   -396.21665432      29       0      31
  704     40.06015173     -0.25035039   -396.21665479      31       0      51
  705     33.44209623    -13.98748047   -396.21665267      48       0      35
  706     29.84667437    -60.59954458   -396.21665363      46       0      43
  707     30.27816472    -43.53527755   -396.21665369      41       0      38
  708     33.18819059    -31.84994781   -396.21666043      43       0      39
  709     32.45890221    -94.26138304   -396.21665399      38       0      38
  710     26.50017293    -60.18078670   -396.21665369      34       0      29
  711     30.77346515    -26.39441477   -396.21665369      39       0      29
  712     17.15133838   -117.31274621   -396.21665432      28       0      22
  713     28.83767647    -69.48151226   -396.21665981      21       0      20
  714     31.06400815    -13.73103926   -396.21666043      21       0      13
  715     22.09259522    -36.11073190   -396.21665981      14       0      19
  716     22.36593395    -18.22068160   -396.21665981      19       0      16
  717     26.18720505    -62.93783229   -396.21665981      20       0      23
  718     33.78075967    -19.28172986   -396.21665478      22       0      22
  719     30.02647023    -22.44383916   -396.21666043      18       0      35
  720     22.07155156   -139.80074720   -396.21665865      33       0      27
  721     32.94625833    -28.65281842   -396.21665618      31       0      45
  722     35.26842006    -18.26026398   -396.21665267      44       0      45
  723     37.47379583    -18.45133899   -396.21665570      40       0      35
  724     45.04963995    -20.64075531   -396.21665545      43       0      42
  725     37.24081241    -21.60223933   -396.21665553      43       0      43
  726     29.58732975   -120.69961341   -396.21665914      44       0      29
  727     34.40382604     -9.12749144   -396.21665359      35       0      33
  728     25.71397758    -82.62498341   -396.21665267      32       0      32
  729     23.28884484    -15.49119669   -396.21665553      34       0      21
  730     17.79623207    -24.31687568   -396.21665968      22       0      20
  731      8.54927072   -252.36530637   -396.21665284      18       0      13
  732     13.49223369   -172.28591106   -396.21665618      15       0      16
  733     24.40584945    -75.85984004   -396.21665284      17       0      20
  734     23.14672490    -55.98866959   -396.21665968      20       0      24
  735     16.82276114   -175.28721475   -396.21665968      20       0      21
  736     14.73414885   -231.19526044   -396.21665400      22       0      32
  737     34.01222042   -103.70446292   -396.21665284      29       0      30
  738     43.21829854    -30.27199382   -396.21665968      27       0      46
  739     23.89534293    -28.15540886   -396.21666004      47       0      37
  740     34.90692724    -66.21146701   -396.21666018      35       0      38
  741     43.65260124    -33.36945816   -396.21666055      41       0      48
  742     28.68519234    -26.89424497   -396.21666055      47       0      31
  743     46.62623058     -9.78589795   -396.21665282      39       0      39
  744     29.70366663    -46.40144256   -396.21665400      36       0      32
  745     22.62064390    -86.47145942   -396.21666018      34       0      30
  746     32.27176917    -20.23275221   -396.21665801      29       0      24
  747     19.97982829    -41.52900918   -396.21665849      23       0      19
  748     21.94249597   -101.92514914   -396.21666004      19       0      13
  749     20.74779680    -36.12360996   -396.21665567      13       0      15
  750     22.26075583    -15.15136587   -396.21665397      12       0      25
  751     22.33343637    -88.20010650   -396.21666004      24       0      18
  752     27.02480299     -7.46135230   -396.21665849      17       0      26
  753     33.18182074    -30.82923039   -396.21665282      26       0      29
  754     31.47195379    -29.71476900   -396.21665899      28       0      30
  755     25.11708262   -153.12896229   -396.21665849      31       0      44
  756     36.72946734    -46.44198142   -396.21665400      45       0      39
  757     33.74129213    -84.63903516   -396.21666059      40       0      40
  758     41.89693474    -27.98455706   -396.21665650      40       0      41
  759     34.53018935    -36.59663488   -396.21665313      45       0      38
  760     23.27059994    -54.30296434   -396.21665325      39       0      34
  761     29.61624929    -25.33147802   -396.21666048      41       0      38
  762     25.88552135    -92.33803432   -396.21665841      42       0      29
  763     30.10262542    -68.60801460   -396.21666048      35       0      21
  764     24.83037325    -41.78416463   -396.21665899      21       0      20
  765     22.98550624    -51.66480607   -396.21666059      22       0      15
  766     14.45345770   -124.91147532   -396.21665982      17       0      15
  767     16.52597694   -171.30079866   -396.21665982      18       0      23
  768     26.35890293    -52.55498362   -396.21665899      23       0      17
  769     24.37801059    -70.35911886   -396.21665899      15       0      27
  770     30.46567269    -40.67970560   -396.21665982      27       0      26
  771     28.93888634    -34.21973160   -396.21666009      21       0      34
  772     27.18089929    -17.12178686   -396.21665396      33       0      44
  773     38.06347003    -38.53626240   -396.21665922      43       0      36
  774     24.35250140   -142.99232926   -396.21665270      37       0      39
  775     35.50556604    -42.79258422   -396.21665927      41       0      42
  776     24.49492162   -153.14997742   -396.21665830      35       0      35
  777     34.11346647    -20.15739310   -396.21665927      44       0      34
  778     37.03411643    -15.11614186   -396.21665315      39       0      39
  779     26.26129757    -44.68996531   -396.21665796      43       0      29
  780     21.34467352    -87.09954953   -396.21665927      35       0      25
  781     23.85079360   -110.88646539   -396.21665396      24       0      19
  782     12.88136181   -210.39933927   -396.21665840      21       0      15
  783     14.12601010   -129.18527855   -396.21665265      17       0      14
  784     20.73326497   -176.72525364   -396.21665396      12       0      27
  785     21.98585960    -71.97888651   -396.21665840      26       0      15
  786     27.95460169    -67.83667960   -396.21665840      20       0      30
  787     27.03670394    -34.85146108   -396.21665840      26       0      23
  788     44.29551079     -5.43786949   -396.21665620      23       0      34
  789     34.66026563    -23.79843042   -396.21665973      37       0      46
  790     31.85380728    -67.49639053   -396.21665530      50       0      32
  791     33.39640137    -37.27342894   -396.21665530      42       0      42
  792     29.60799460    -13.91484997   -396.21665812      42       0      38
  793     33.80550240    -19.21564519   -396.21665600      34       0      29
  794     36.61834050    -17.29388352   -396.21665585      33       0      41
  795     32.10385950    -83.89306856   -396.21665342      39       0      37
  796     33.96158598    -67.25155582   -396.21665779      39       0      34
  797     37.29005410    -19.76957006   -396.21665380      35       0      24
  798     19.05505369   -130.30919124   -396.21665282      27       0      17
  799     22.42477344   -106.86666032   -396.21666007      20       0      16
  800     27.71827033    -24.96808482   -396.21665620      21       0      18
  801     22.62912427   -146.94298109   -396.21665620      19       0      21
  802     20.15077479    -32.31638414   -396.21666007      21       0      19
  803     24.21302159    -25.48359702   -396.21665725      18       0      25
  804     26.94891295    -42.03330833   -396.21666006      25       0      27
  805     36.11767989    -18.07243918   -396.21665621      28       0      32
  806     36.78415324    -74.60778165   -396.21665381      26       0      38
  807     45.55896375    -42.11111488   -396.21665725      35       0      40
  808     39.44017229    -35.52327933   -396.21665905      40       0      45
  809     32.30964307    -11.35314956   -396.21666006      49       0      37
  810     30.52322978    -16.95379470   -396.21665963      36       0      31
  811     38.59262429    -26.31835502   -396.21665879      34       0      37
  812     22.98427919   -137.77794864   -396.21665879      36       0      39
  813     25.25873336    -78.08371378   -396.21665968      41       0      32
  814     23.54938155    -79.43906725   -396.21665812      39       0      20
  815      7.07066816   -288.22170671   -396.21665736      25       0      20
  816     23.72507097    -78.35792396   -396.21665621      22       0      19
  817     26.57417008    -39.15060992   -396.21665621      15       0      18
  818     20.50713319    -97.50947977   -396.21665621      19       0      20
  819     24.95348760    -92.53509002   -396.21666057      25       0      22
  820     32.36383341    -53.18212612   -396.21665736      19       0      21
  821     37.38902945    -26.06115148   -396.21665927      25       0      36
  822     22.53704103   -127.62110703   -396.21665736      31       0      27
  823     31.99677206    -17.97786263   -396.21665927      32       0      34
  824     30.17935411    -56.40001352   -396.21666038      26       0      39
  825     38.16076051    -28.53363190   -396.21665927      40       0      49
  826     24.05930186    -85.55550864   -396.21665841      49       0      33
  827     30.48935671    -86.62841001   -396.21665285      39       0      33
  828     39.34634582    -11.43651550   -396.21665927      36       0      35
  829     28.35210356    -40.74630485   -396.21665915      36       0      36
  830     32.75880301    -15.43195487   -396.21665256      34       0      36
  831     29.49138560    -38.34420044   -396.21665841      36       0      21
  832     32.59480935    -11.51123023   -396.21666038      22       0      23
  833     13.18527093   -163.44741617   -396.21665817      24       0      16
  834     30.51551272    -40.26624243   -396.21665746      21       0      17
  835     28.40632718    -64.07881176   -396.21665954      19       0      24
  836     32.49517902    -24.68951468   -396.21665854      22       0      17
  837     34.70010389    -81.90901392   -396.21665817      19       0      27
  838     30.59219361    -35.02690939   -396.21665854      24       0      30
  839     30.54844876    -37.64191359   -396.21665817      29       0      35
  840     30.38456919    -20.74489810   -396.21665804      32       0      29
  841     37.86436175    -22.56582579   -396.21665854      28       0      37
  842     36.38464837    -25.26849995   -396.21665548      39       0      45
  843     35.43552905    -16.88554396   -396.21665804      48       0      37
  844     29.32487760   -116.17943152   -396.21665593      36       0      37
  845     25.63853918    -26.53402190   -396.21665858      42       0      33
  846     32.00925456    -44.96210690   -396.21665593      32       0      36
  847     34.26986981    -22.22889357   -396.21665593      38       0      35
  848     29.67446182    -20.98884376   -396.21666053      41       0      21
  849     22.00029784   -107.55816125   -396.21666053      24       0      21
  850     21.57613844   -104.96207177   -396.21665583      18       0      17
  851     22.88545849    -90.78963040   -396.21665270      23       0      20
  852     30.50181113    -83.42823435   -396.21665562      21       0      21
  853     11.04558506   -211.91248589   -396.21665312      19       0      22
  854     22.67083922   -120.22926232   -396.21665312      19       0      24
  855     29.37169065    -53.11620189   -396.21665453      25       0      33
  856     28.07198431    -88.99612441   -396.21665312      30       0      32
  857     28.77928362    -76.14762710   -396.21665453      33       0      23
  858     39.45789294    -37.00069935   -396.21665453      29       0      39
  859     37.87244440    -18.88396018   -396.21665293      37       0      50
  860     27.72779412    -94.15895593   -396.21665293      53       0      37
  861     24.08878883    -79.86541418   -396.21665615      48       0      35
  862     39.49932373    -38.89454141   -396.21665355      39       0      35
  863     21.76789711   -137.85054955   -396.21665976      37       0      30
  864     33.10374443    -27.23341170   -396.21665435      40       0      34
  865     28.40682323    -24.20191211   -396.21665435      35       0      30
  866     14.17628383   -119.89687487   -396.21665293      32       0      15
  867     18.11596415    -86.87559181   -396.21665659      19       0      19
  868     28.27033343    -23.94440339   -396.21665659      22       0      21
  869     31.41989109    -54.93078228   -396.21665659      23       0      24
  870     23.52908958    -84.37462574   -396.21665355      24       0      19
  871     27.23245520    -87.26491151   -396.21665794      25       0      26
  872 4359050.65536175 97568560.98402305   -396.21665298      27       0      30
  873     35.92858894    -36.21244506   -396.21665298      23       0      29
  874     27.52621529    -58.00478782   -396.21665435      34       0      28
  875     35.27273144    -55.56792505   -396.21665571      30       0      35
  876     33.88025894    -45.24378594   -396.21665907      41       0      40
  877     35.79366691    -33.43676643   -396.21665907      38       0      43
  878     41.24948179    -17.16546557   -396.21666046      39       0      41
  879     30.27797031    -39.45823006   -396.21666033      42       0      31
  880     41.90760889    -30.63677815   -396.21666033      37       0      32
  881     32.06783056    -75.52257488   -396.21665907      28       0      35
  882     27.57478918    -15.19735297   -396.21665907      31       0      28
  883     38.04795275    -20.90863374   -396.21665503      32       0      18
  884     27.05864920    -30.87229839   -396.21665298      18       0      18
  885     27.86637751     -2.47420400   -396.21665270      19       0      19
  886     25.38771979   -127.67401696   -396.21665298      16       0      26
  887     28.44639443    -13.77582040   -396.21665503      26       0      20
  888     27.66911158    -46.21045207   -396.21665803      22       0      28
  889     22.45522518    -26.48555738   -396.21665432      28       0      26
  890     31.41715563    -31.65305018   -396.21666000      28       0      32
  891     26.20379869    -98.06377919   -396.21665503      29       0      24
  892     27.33631896    -30.98760444   -396.21665803      28       0      37
  893     26.55430068    -74.03336682   -396.21665992      38       0      47
  894     38.31340241    -28.43419201   -396.21665808      46       0      39
  895     28.80495331    -40.00366511   -396.21665808      37       0      34
  896     34.37280137    -21.96144966   -396.21665249      35       0      40
  897     29.66272145    -23.80686256   -396.21665353      37       0      34
  898     33.53659932      3.93230566   -396.21665508      35       0      27
  899     32.41280015    -58.02360249   -396.21665808      31       0      30
  900     22.91930810    -63.19483038   -396.21665353      28       0      19
  901     21.63141997    -89.40523993   -396.21665353      19       0      20
  902     32.40321423    -13.78605128   -396.21665875      21       0      17
  903 5317619.40214467 119024275.58452015   -396.21665705      18       0      21
  904     14.94713580   -206.37539063   -396.21665940      20       0      27
  905     21.05740992    -75.78086896   -396.21665274      25       0      24
  906     28.12784199    -21.77911347   -396.21665770      27       0      27
  907     29.40766551    -43.82688654   -396.21665291      33       0      32
  908     37.29014322    -45.50693866   -396.21665770      31       0      26
  909     35.13405139    -16.29720281   -396.21665291      29       0      37
  910     34.76793806    -24.66098805   -396.21665478      37       0      47
  911     35.63764435    -56.40621503   -396.21665378      47       0      35
  912     31.65009979    -30.21864852   -396.21665478      39       0      41
  913     36.28381171    -23.32909192   -396.21665378      40       0      32
  914     35.83910153    -82.72749567   -396.21665650      38       0      39
  915     26.08400015    -79.35868102   -396.21665674      42       0      26
  916     27.10017367   -114.57008486   -396.21665478      28       0      29
  917     20.97138742   -106.11524198   -396.21665967      28       0      21
  918     23.92784872    -43.79118167   -396.21666014      25       0      20
  919     18.50026053   -158.03245209   -396.21665312      22       0      16
  920     34.99816155    -21.67047836   -396.21666019      19       0      24
  921     29.47801595    -13.13963897   -396.21665420      25       0      19
  922     25.06024429    -64.87202610   -396.21665967      23       0      24
  923     35.06544568      2.32582850   -396.21665319      21       0      30
  924     34.73449892    -31.96663653   -396.21666019      23       0      34
  925     34.03544521    -14.48057906   -396.21665674      35       0      23
  926     39.18529040    -62.51341862   -396.21665967      23       0      40
  927     41.40783946    -75.39213581   -396.21665253      34       0      41
  928     29.23233829    -34.37089222   -396.21665976      49       0      43
  929     41.07683327    -14.02560279   -396.21665891      52       0      34
  930     38.54891441     -6.11630851   -396.21665266      41       0      34
  931     37.99433417    -10.48645644   -396.21665303      37       0      41
  932     17.08104423    -79.85045770   -396.21665320      46       0      28
  933     34.53968570    -32.28479699   -396.21665891      34       0      26
  934     20.87016939    -74.27747896   -396.21665415      26       0      19
  935     26.74217486    -39.40804809   -396.21665281      21       0      22
  936     19.26996407    -69.81704518   -396.21665513      21       0      18
  937     28.23162536   -105.48606033   -396.21665320      22       0      21
  938     18.36851116   -111.51617446   -396.21665264      20       0      23
  939     32.10923800    -65.39627142   -396.21665536      26       0      31
  940     25.91494289    -45.23206963   -396.21665328      34       0      20
  941     23.63954465   -148.65322160   -396.21665487      23       0      37
  942     29.08626244     -9.21579055   -396.21665320      34       0      26
  943     20.51117566    -95.58739207   -396.21665320      32       0      27
  944     31.03536495    -43.34830667   -396.21665320      26       0      40
  945     44.70596412    -31.08114977   -396.21665962      40       0      48
  946     33.90241532    -71.94892674   -396.21665294      54       0      35
  947     32.38967203    -20.19178889   -396.21665728      44       0      34
  948     37.43913074    -37.99605215   -396.21665635      38       0      40
  949     29.71212449    -64.29368256   -396.21665520      36       0      32
  950     34.23579115    -22.02045191   -396.21666046      34       0      27
  951     26.73384935    -89.15871279   -396.21666038      29       0      19
  952     26.97435394    -42.32308365   -396.21665686      24       0      19
  953     15.46867331   -181.10021951   -396.21665380      21       0      20
  954     28.45002659    -22.59059837   -396.21665627      20       0      21
  955     25.32001996    -45.23476106   -396.21665938      21       0      19
  956     28.80324582    -27.67803872   -396.21665283      21       0      35
  957     26.55685269     14.76473109   -396.21665893      34       0      20
  958     40.57806879    -12.05610316   -396.21665390      26       0      35
  959     32.46453700    -41.92493172   -396.21665272      33       0      31
  960     27.61745343    -48.53152108   -396.21665336      31       0      25
  961     32.54039019    -12.22750320   -396.21665390      27       0      30
  962     39.78182744    -46.57643574   -396.21665451      29       0      53
  963     33.87990152    -45.06245447   -396.21665451      53       0      35
  964     31.11386732    -20.78341795   -396.21665336      39       0      38
  965     44.71395840    -21.40872874   -396.21665662      39       0      44
  966     35.16447236    -32.24347069   -396.21665995      45       0      26
  967     27.07959824    -30.49976545   -396.21665274      38       0      28
  968     27.78752233    -34.08196326   -396.21665283      31       0      17
  969     29.67846101    -22.28211005   -396.21665703      20       0      24
  970     23.06196037    -29.35101385   -396.21665380      24       0      20
  971     28.78117417    -34.28619390   -396.21665271      22       0      17
  972     28.08183073    -64.28379451   -396.21665271      18       0      22
  973     29.54677322    -30.73984126   -396.21665680      22       0      28
  974     22.96016333    -76.14013301   -396.21665461      24       0      27
  975     32.23576886    -13.93808548   -396.21665461      25       0      34
  976     19.86940918   -140.99710244   -396.21665680      34       0      34
  977     21.93375197    -96.63567282   -396.21665540      33       0      26
  978     29.70433034    -25.85691691   -396.21665268      26       0      26
  979     37.79841799    -27.55891620   -396.21665274      22       0      46
  980     42.60646337    -45.26358114   -396.21665900      46       0      43
  981     38.00759388     -6.81767715   -396.21665900      52       0      36
  982 1632986.33928098 36550863.71957020   -396.21666056      43       0      37
  983     36.20626064    -31.54449020   -396.21665750      41       0      30
  984     35.19959376    -28.09821355   -396.21665750      37       0      31
  985     29.52528432    -70.54759307   -396.21665996      29       0      20
  986     27.64416988   -103.43614032   -396.21665269      24       0      23
  987     18.74276230   -160.08319489   -396.21665961      30       0      19
  988     20.97556499   -158.64523523   -396.21665268      21       0      18
  989     26.03839819    -32.72492545   -396.21665997      24       0      24
  990     14.69118131   -167.68150147   -396.21665513      26       0      28
  991     22.48027931   -123.52958183   -396.21665274      27       0      25
  992     33.91681185    -67.26029136   -396.21665997      26       0      34
  993     21.42154135    -76.11213454   -396.21665513      33       0      36
  994     26.64126975   -112.56868675   -396.21665356      34       0      26
  995     13.12715910   -169.72060219   -396.21665274      34       0      23
  996     37.88175803    -18.23553271   -396.21665356      19       0      38
  997     47.85464786    -10.37369126   -396.21665414      35       0      42
  998     41.31814969    -30.35527280   -396.21665623      39       0      43
  999     40.89369351    -19.02175871   -396.21665275      48       0      35
 1000     39.07330363    -28.49867667   -396.21665356      38       0      36
----------------------------------------------------------------------------------
Artificial Bee Colony Optimization Finished!

 -- Results Report --
 * 100 LMs will be saved in [ lm-na-2wat-3acn-LM ].
      #          Energy
      0   -396.21665428
      1   -395.59362177
      2   -395.59361001
      3   -395.59358333
      4   -395.59356295
      5   -395.59354203
      6   -395.59352988
      7   -395.59343883
      8   -395.59328083
      9   -395.59323820
     10   -393.90728642
     11   -393.90682518
     12   -392.53742773
     13   -392.53267787
     14   -386.86433042
     15   -385.79491498
     16   -385.78536406
     17   -385.16172043
     18   -385.14537828
     19   -385.14483863
     20   -385.09093663
     21   -385.05006416
     22   -385.03920433
     23   -385.01821435
     24   -384.81975327
     25   -384.78476467
     26   -384.50685819
     27   -384.42257434
     28   -384.32627997
     29   -383.53194796
     30   -381.98246961
     31   -381.85854298
     32   -381.73712006
     33   -381.37232707
     34   -380.76319745
     35   -380.67492631
     36   -380.26392944
     37   -379.78914074
     38   -379.59156451
     39   -379.35072778
     40   -379.09676730
     41   -378.73301089
     42   -378.20604130
     43   -378.13668232
     44   -377.65765730
     45   -377.36657773
     46   -377.34833755
     47   -377.31088312
     48   -377.26850254
     49   -377.26592608
     50   -377.24641733
     51   -377.11546914
     52   -377.05278326
     53   -376.89516445
     54   -376.51510554
     55   -376.38578659
     56   -376.14869309
     57   -375.95363498
     58   -375.85245720
     59   -375.63786769
     60   -375.61012025
     61   -375.26649120
     62   -375.22969746
     63   -375.04772280
     64   -374.74220048
     65   -374.30357056
     66   -374.24780017
     67   -374.12076094
     68   -374.11172857
     69   -374.09860220
     70   -373.99449744
     71   -373.96403128
     72   -373.90092331
     73   -373.83531430
     74   -373.83233818
     75   -373.64521143
     76   -373.61975516
     77   -373.56968158
     78   -373.53856000
     79   -373.48852186
     80   -373.44926001
     81   -373.30952581
     82   -373.04794009
     83   -373.02496885
     84   -372.92281141
     85   -372.67271141
     86   -372.63600531
     87   -372.56628223
     88   -372.54137737
     89   -372.39003551
     90   -372.35927894
     91   -372.26184599
     92   -372.09753695
     93   -372.02118233
     94   -372.00695590
     95   -372.00257326
     96   -368.71741638
     97   -366.80576122
     98   -365.53897928
     99   -362.02757504

 * Final Global Minimal Energy:   -396.21665713
 * The Global Minimum is saved as: [ lm-na-2wat-3acn-OPT.(cluster/xyz/gjf) ]

===== (^ _ ^) =====
Normal termination at Wed Nov 13 15:07:47 2019.
Total run time: 12035 seconds = 0 days 3 hours 20 minutes 35 seconds.
