
################################################################################

 PACKMOL - Packing optimization for the automated generation of
 starting configurations for molecular dynamics simulations.
 
                                                              Version 20.2.2 

################################################################################

  Packmol must be run with: packmol < inputfile.inp 

  Userguide at: http://m3g.iqm.unicamp.br/packmol 

  Reading input file... (Control-C aborts)
  Seed for random number generator:      1234567
  Output file: 30h2o.sphere-packmol.xyz
  Reading coordinate file: /home/alex/repos/solute-solvent-clusters/clusters/solvent/h2o/1h2o/1h2o.abc/1h2o.abc.mp2.def2tzvp.xyz
  Number of independent structures:            1
  The structures are: 
  Structure            1 :(           3  atoms)
  Maximum number of GENCAN loops for all molecule packing:          200
  Total number of restrictions:            1
  Distance tolerance:    2.0000000000000000     
  Number of molecules of type            1 :           30
  Total number of atoms:           90
  Total number of molecules:           30
  Number of fixed molecules:            0
  Number of free molecules:           30
  Number of variables:          180
  Total number of fixed atoms:            0
  Maximum internal distance of type            1 :    1.5229600000000001     
  All atoms must be within these coordinates: 
   x: [   -1000.0000000000000      ,    1000.0000000000000       ] 
   y: [   -1000.0000000000000      ,    1000.0000000000000       ] 
   z: [   -1000.0000000000000      ,    1000.0000000000000       ] 
  If the system is larger than this, increase the sidemax parameter. 

################################################################################

  Building initial approximation ... 

################################################################################

  Adjusting initial point to fit the constraints 

--------------------------------------------------------------------------------

--------------------------------------------------------------------------------

  Molecules of type:            1

  Packing:|0                                                             100%|
          |******************************************************************|
          |***********************************

  Restraint-only function value:    2.2822628138852801E-003
  Maximum violation of the restraints:    8.4732169463557373E-004

--------------------------------------------------------------------------------

  Rescaling maximum and minimum coordinates... 
  Computing size of patches... 
  Add fixed molecules to permanent arrays... 
  Reseting center of mass... 

--------------------------------------------------------------------------------

  Setting initial trial coordinates ... 

--------------------------------------------------------------------------------

--------------------------------------------------------------------------------

  Molecules of type:            1
  Adjusting random positions to fit the constraints. 
  Restraint-only function value:    4.9845691705596717E-003
  Maximum violation of the restraints:    3.8110564924702731E-003

################################################################################

  Objective function at initial point:    717.63774871304679     

################################################################################

  Packing molecules of type:            1

################################################################################


--------------------------------------------------------------------------------

  Starting GENCAN loop:            0
  Scaling radii by:    1.1000000000000001     

  Packing:|0                                                             100%|
          |******************************************************************|
          |

  Function value from last GENCAN loop: f = .58496E-02
  Best function value before: f = .71764E+03
  Improvement from best function value:    99.99 %
  Improvement from last loop:    99.99 %
  Maximum violation of target distance:     0.000000
  Maximum violation of the constraints: .54070E-02
  Current structure written to file: 30h2o.sphere-packmol.xyz
--------------------------------------------------------------------------------
  Packing solved for molecules of type           1
  Objective function value:    5.8496358467819880E-003
  Maximum violation of target distance:    0.0000000000000000     
  Max. constraint violation:    5.4069686348038395E-003
--------------------------------------------------------------------------------

################################################################################

  Packing all molecules together 

################################################################################


  Initial approximation is a solution. Nothing to do. 

  Solution written to file: 30h2o.sphere-packmol.xyz

################################################################################

                                 Success! 
              Final objective function value: .72743E-02
              Maximum violation of target distance:   0.000000
              Maximum violation of the constraints: .54070E-02

--------------------------------------------------------------------------------

              Please cite this work if Packmol was useful: 

           L. Martinez, R. Andrade, E. G. Birgin, J. M. Martinez, 
         PACKMOL: A package for building initial configurations for
                   molecular dynamics simulations. 
          Journal of Computational Chemistry, 30:2157-2164,2009.

################################################################################

   Running time:    6.14800025E-03  seconds. 

--------------------------------------------------------------------------------


