    * * * * * * * * * * * * * * * * * * * * *
    *       __    ____    ______            *
    *      /  \  |  _ \  |  ___/  luster !  *
     *    / _  \ | |_| | | |               *
     *   / /_\ | |  _ <  | |     < @  @ >  * 
     *  / ___  | | |_| | | |___ _ _  o     * 
    *  /_/   |_| |____/  |_____ _ __ __  _  *
    *                                       *
    * * * * * * * * * * * * * * * * * * * * *

ABCluster 1.5.1
Specific flag:  official version
Platform:       LINUX/UNIX
Compiled by:    junzhang@gellmann.scs.illinois.edu
Compiling date: Dec 18 2017 20:33:35
C++ compiler:   g++
C++ options:    -O3 -Os -fno-exceptions --std=c++0x -fopenmp 

Contributors:
Jun Zhang(University of Cologne): Design and coding.

For any suggestions, comments, and questions on the theory and
implementation of ABCluster, please feel free to contact:

Dr. Jun Zhang, ZhangJunQcc@gmail.com

If you used this program in your work, please cite this reference:

[1] Zhang, J.; Dolg, M.; ABCluster: The Artificial Bee Colony Algorithm for
    Cluster Global Optimization. Phys. Chem. Chem. Phys. 2015, 17, 24173-24181.
[2] Zhang, J.; Dolg, M.; Global Optimization of Clusters of Rigid Molecules by the
    Artificial Bee Colony Algorithm. Phys. Chem. Chem. Phys. 2016, 18, 3003-3010.

Program starts at Wed Dec 18 14:06:34 2019.
Command line: " /ihome/jkeith/amm503/codes/ABCluster/rigidmol-optimizer solvent.inp "
Process ID:   186035
Run by:       amm503@smp-n28.crc.pitt.edu
Available CPU cores:    24
Read "OMP_NUM_THREADS": Unset

Random number testing (integers): 2058705811...1129235974
Random number testing (fractals): 0.73610200...0.39952021

 -- Input/Output Parameters --
Input file name:      solvent.inp
Cluster file name:    solvent.cluster
Result file name:     lm-cl-solvent.(cluster/xyz/gjf)
Temporary file name:  abclusteramm503smp-n28.crc.pitt.edu186035-OPT
# of saved LMs:       100
LMs are stored in:    lm-cl-solvent-LM

 -- ABC Control Parameters --
Population size:                  500
Maximal generation:              1000
Scout limit:                       15
Amplitude:                22.00000000

 -- Cluster Components: from [ solvent.cluster ] --
 -----------------------------------------------------------
   Source                                       #   Charge
 -----------------------------------------------------------
   charmm36/ch3cn.xyz                          12   -0.000
   charmm36/cl.xyz                              1   -1.000
 -----------------------------------------------------------
   Dimension: 0, an isolate cluster.
 -----------------------------------------------------------

Artificial Bee Colony Optimization Starts!
----------------------------------------------------------------------------------
 * Population: 500; Maximal cycles: 1000
 * EM = Employed Bee; Trigonometric mutation
 * OL = Onlooker Bee; ABC/best/2(0.5)+ABC/current/2(0.5);
        Tournament selection from 5 nectars.
 * SC = Scout Bee; Random nectar; Limit = 15
----------------------------------------------------------------------------------
    #       Diversity            maxE            minE    byEM    byOL    bySC
----------------------------------------------------------------------------------
    1     32.58653179   -162.66230992   -456.14968167     337      70       0
    2     10.48012352   -398.63882297   -463.83359314     268      94       0
    3     11.02518774   -413.71586116   -464.76586738     188      72       0
    4     11.20178944   -422.28431595   -464.76586752     160      65       0
    5     10.74421868   -424.07104899   -464.76586743     136      45       0
    6     10.39517226   -424.07104899   -464.76586742     140      29       0
    7      9.52334172   -428.83399392   -464.76586753     132      22       0
    8      7.86758410   -433.59501120   -464.76586751     165      12       0
    9      6.07151895   -438.12390449   -464.76586753     170       5       0
   10      4.03711381   -439.50521510   -464.76586971     165       0       0
   11      1.55268375   -448.55261473   -464.76586751     135       0       0
   12      0.00000112   -464.76586626   -464.76586753      36       0       0
   13      0.00000112   -464.76586626   -464.76586753       0       0       0
   14      0.00000112   -464.76586626   -464.76586753       0       0       0
   15      0.00000112   -464.76586626   -464.76586753       0       0       0
   16      0.00000112   -464.76586626   -464.76586753       0       0       0
   17      0.00000112   -464.76586626   -464.76586753       0       0       0
   18     10.32734736   -233.60808754   -464.76586753       0       0       1
   19     23.42659844   -198.28132229   -464.76586749       1       0      14
   20     51.16626884    -84.49931005   -464.76586753      14       0      54
   21     66.59710043    -45.91232272   -464.76586751      50       0     131
   22     78.90046073    -71.08012474   -464.76586890     122       1     145
   23     69.38728783    -74.42636506   -464.76586772     178       1      96
   24     52.80414890    -37.99519475   -464.76586746     181       4      44
   25     28.38799100    -72.96058537   -464.76586747     177       6      13
   26     17.18570041   -131.28178369   -464.76586748     184       1       2
   27      3.40449016   -440.62390860   -464.76586751     151       0       0
   28      0.74115972   -455.88207876   -464.76586896      74       0       0
   29      0.00000091   -464.76586751   -464.76586753       5       0       0
   30      0.00000091   -464.76586751   -464.76586753       0       0       0
   31      0.00000091   -464.76586751   -464.76586753       0       0       0
   32      0.00000091   -464.76586751   -464.76586753       0       0       0
   33      0.00000091   -464.76586751   -464.76586753       0       0       0
   34      0.00000091   -464.76586751   -464.76586753       0       0       0
   35      1.32212781   -435.17258349   -464.76586753       0       0       1
   36     22.31020455    -51.56944978   -464.76586896       1       0      12
   37     56.47577013    -28.11971761   -464.76586751      12       0      42
   38     49.74401297    -57.38479480   -464.76586751      40       0      57
   39     44.10811803   -121.30292233   -464.76586919      61       0      54
   40 22967781.47811771 514089107.58357263   -464.76586887      70       0      86
   41     63.45919578    -34.98689913   -464.76586898      92       0     106
   42 6623508.26204750 148254038.78688681   -464.76586896     120       0      95
   43     39.82129198    -74.65908327   -464.76586750     139       0      41
   44     20.54114395   -168.97322355   -464.76586897     125       1       6
   45      3.74581798   -431.42246266   -464.76586749      96       0       0
   46      0.00000057   -464.76586753   -464.76586753      32       0       0
   47      0.00000057   -464.76586753   -464.76586753       0       0       0
   48      0.00000057   -464.76586753   -464.76586753       0       0       0
   49      0.00000057   -464.76586753   -464.76586753       0       0       0
   50      0.00000057   -464.76586753   -464.76586753       0       0       0
   51      0.00000057   -464.76586753   -464.76586753       0       0       0
   52      2.73096317   -403.63851685   -464.76586753       0       0       1
   53     24.61263539   -108.25913252   -464.76586746       1       0      12
   54     30.73470952    -73.52421100   -464.76586748      12       0      34
   55     52.56438632    -52.38510976   -464.76586752      31       0      50
   56     40.09013187    -99.22687823   -464.76586749      53       0      53
   57 12795321.71484376 286398187.24739265   -464.76586752      56       0      68
   58     53.84939516    -63.98316192   -464.76586749      81       0      74
   59     56.52529609    -87.53059934   -464.76586753      89       0      72
   60     56.60420073    -54.02442742   -464.76586752     110       0      77
   61     45.78049642   -129.85341198   -464.76586752     115       0      51
   62     21.04404675   -203.15941222   -464.76586751     126       0       8
   63      3.29348431   -436.15048382   -464.76586752      82       0       0
   64      0.19857720   -460.32109948   -464.76586750      26       0       0
   65      0.00000041   -464.76586753   -464.76586750       1       0       0
   66      0.00000041   -464.76586753   -464.76586750       0       0       0
   67      0.00000041   -464.76586753   -464.76586750       0       0       0
   68      0.00000041   -464.76586753   -464.76586750       0       0       0
   69      3.21999427   -392.69249747   -464.76586750       0       0       1
   70      8.64855487   -362.60464882   -464.76586752       1       0      11
   71     42.17717531    -19.37389892   -464.76586751      11       0      32
   72     42.95758817   -149.65933889   -464.76586745      29       0      45
   73     43.07846993   -103.13656458   -464.76586752      47       0      44
   74     50.13894156    -66.42261823   -464.76586751      59       0      49
   75     51.22393088    -67.47430303   -464.76586750      56       0      61
   76 56557873.07105367 1265938610.76935649   -464.76586745      80       0      58
   77 16916728.43610474 378647940.88729894   -464.76586753      84       0      87
   78     45.12814813    -83.67304992   -464.76586752     104       0      60
   79     45.39240077    -59.15765721   -464.76586752      94       0      43
   80     18.28789424   -154.10821657   -464.76586747      91       0       9
   81      2.68631095   -411.91620295   -464.76586752      53       0       0
   82      0.00000031   -464.76586648   -464.76586748      10       0       0
   83      0.00000031   -464.76586648   -464.76586748       0       0       0
   84      0.00000031   -464.76586648   -464.76586748       0       0       0
   85      0.00000031   -464.76586648   -464.76586748       0       0       0
   86      1.90581388   -422.10789434   -464.76586748       0       0       1
   87     28.82991146    -99.68701785   -464.76586749       1       0      11
   88     35.76568419    -58.45693338   -464.76586753      11       0      27
   89     33.13047267   -149.06015500   -464.76586749      26       0      32
   90     94.40533360   1387.31427710   -464.76586753      34       0      49
   91 16676324.94987527 371084874.99222267   -464.76586752      48       0      47
   92     46.27481812   -106.59795804   -464.76586841      59       0      47
   93     55.03504289    -37.31575717   -464.76586752      66       0      58
   94     57.26030923    -81.59247492   -464.76586753      77       0      76
   95     57.66787355    -36.95624638   -464.76586841      96       0      59
   96     56.25001097    -15.11352425   -464.76586744      90       0      59
   97     36.12241754   -109.29853427   -464.76586744      89       0      30
   98     18.93368978    -95.76919212   -464.76586753      80       0       4
   99      0.96228789   -447.86408783   -464.76586753      33       0       0
  100      0.00000023   -464.76586751   -464.76586752       3       0       0
  101      0.00000023   -464.76586751   -464.76586752       0       0       0
  102      0.00000023   -464.76586751   -464.76586752       0       0       0
  103      3.03746198   -396.77813100   -464.76586752       0       0       1
  104     24.35768317    -92.05287615   -464.76586752       1       0      10
  105     34.71084627   -137.40356242   -464.76586753      10       0      27
  106     43.24169084   -114.76585827   -464.76586753      27       0      32
  107     54.64329030    -77.98949332   -464.76586752      36       0      34
  108     47.79474509    -50.79571246   -464.76586751      36       0      43
  109     49.09497044   -103.11020692   -464.76586753      54       0      47
  110     57.04213859    -60.02256759   -464.76586746      55       0      56
  111     52.20337564    -95.56954651   -464.76586752      66       0      60
  112 4412674.26350244 98768767.02359316   -464.76586750      79       0      59
  113     60.98583118    -38.66112073   -464.76586751      82       0      60
  114     46.77216479     -7.95974878   -464.76586751      87       0      50
  115     32.03999498   -131.68871094   -464.76586750      78       0      19
  116      4.72081679   -413.13262120   -464.76586752      47       0       2
  117      0.04165080   -463.83359467   -464.76586752      22       0       0
  118      0.00000030   -464.76586752   -464.76586751       1       0       0
  119      0.00000030   -464.76586752   -464.76586751       0       0       0
  120      7.58075867   -295.08518486   -464.76586751       0       0       1
  121     20.96021685   -169.13721797   -464.76586752       1       0      10
  122     21.31340658   -145.32792415   -464.76586753      10       0      22
  123     38.19885502   -135.07984469   -464.76586752      21       0      31
  124     30.50913376   -144.50556341   -464.76586747      34       0      33
  125 636430.11602110 14244807.82814836   -464.76586752      39       0      38
  126     45.27365041    -62.69958295   -464.76586753      45       0      42
  127 32221697.92087802 721220196.76558220   -464.76586750      46       0      52
  128     47.54972632   -106.66744817   -464.76586749      67       0      56
  129  36034.12653611 806102.36702060   -464.76586752      63       0      57
  130     66.57841086    461.02377811   -464.76586751      76       0      58
  131     53.62836333    -84.83174237   -464.76586751      74       0      54
  132     32.29839450   -124.58849161   -464.76586753      86       0      37
  133     26.31613222   -132.42670618   -464.76586753      70       0       9
  134      1.47418973   -431.76896971   -464.76586751      20       0       0
  135      0.00000027   -464.76586752   -464.76586751       1       0       0
  136      0.00000027   -464.76586752   -464.76586751       0       0       0
  137     10.27677859   -234.73997136   -464.76586751       0       0       1
  138     17.36761152   -164.69459454   -464.76586749       1       0       9
  139     32.53445641    -99.32502000   -464.76586752       9       0      21
  140     32.82526973   -105.82986725   -464.76586752      19       0      24
  141     48.26321945    -61.62183895   -464.76586752      26       0      38
  142     38.13877798    -59.71143947   -464.76586753      39       0      33
  143     37.77315599   -113.51218292   -464.76586752      40       0      36
  144 77657261.97007489 1738207789.92062140   -464.76586752      39       0      52
  145     53.01688160    -57.45364329   -464.76586745      51       0      55
  146     47.84696947    -74.59433522   -464.76586747      59       0      50
  147     52.71420523    -94.20979333   -464.76586752      70       0      55
  148     49.77608516    -65.11827611   -464.76586750      81       0      53
  149     40.80322688   -120.31044285   -464.76586752      77       0      58
  150     26.76678225   -188.51566344   -464.76586750      80       0      15
  151      3.76732723   -421.40619100   -464.76586751      44       0       0
  152      0.00000024   -464.76586752   -464.76586751      11       0       0
  153      0.00000024   -464.76586752   -464.76586751       0       0       0
  154      2.39322662   -411.19809888   -464.76586751       0       0       1
  155     18.31131332   -162.24024920   -464.76586752       1       0       9
  156     28.93339036    -99.07404842   -464.76586753       9       0      19
  157     38.43975104    -57.41537215   -464.76586747      19       0      23
  158     42.24587616    -78.27690376   -464.76586752      22       0      36
  159 339812762.18062478 7222917739.20659256   -464.76586744      37       0      34
  160     41.18958313    -14.44583552   -464.76586752      39       0      35
  161     49.47682019    -66.91068231   -464.76586753      40       0      48
  162     42.21645743    -35.60914925   -464.76586750      49       0      41
  163     37.63112228   -150.75031419   -464.76586744      56       0      44
  164     58.33871921    -68.93085613   -464.76586751      60       0      64
  165     48.95949197    -68.68826276   -464.76586749      76       0      48
  166     60.37477618    -36.93202529   -464.76586751      75       0      67
  167     28.98871033   -112.72574871   -464.76586753      83       0      26
  168     21.86611677   -129.76343148   -464.76586751      58       0       5
  169      1.79197549   -429.95084309   -464.76586751      23       0       0
  170      1.17526846   -438.45974656   -464.76586739       2       0       0
  171      1.90225050   -422.18765378   -464.76586739       1       0       1
  172     21.06611623   -114.62179576   -464.76586751       1       0       9
  173 18194414.99372463 407246476.60628492   -464.76586750       9       0      18
  174     27.74423297    -79.89738821   -464.76586750      18       0      22
  175     28.20913123   -182.10211456   -464.76586752      22       0      36
  176     37.81125959    -91.36995419   -464.76586744      36       0      29
  177     43.29426244    -47.59042638   -464.76586750      36       0      35
  178     51.34616211    -72.61931055   -464.76586753      37       0      41
  179     43.85506074     -6.87209309   -464.76586748      45       0      37
  180     46.47883961    -61.94911877   -464.76586744      49       0      46
  181     47.74234591    -99.68680866   -464.76586752      54       0      49
  182     60.07976336    -70.08242997   -464.76586751      58       0      60
  183     49.95839390    -73.64494018   -464.76586753      70       0      60
  184     49.89368211    -86.32671267   -464.76586751      75       0      46
  185     25.68969836   -152.19464604   -464.76586752      73       0      10
  186     10.09332305   -246.56932077   -464.76586743      38       0       1
  187      0.00000008   -464.76586753   -464.76586747       9       0       0
  188      4.92789913   -354.46433643   -464.76586747       0       0       1
  189     13.33126078   -195.46997579   -464.76586743       1       0       9
  190 47077602.52637579 1053741002.67229199   -464.76586749       8       0      17
  191     39.44225372    -51.26352876   -464.76586749      17       0      22
  192     33.89493908   -162.37177775   -464.76586753      24       0      32
  193     34.65712100    -76.80209590   -464.76586747      36       0      27
  194     47.92490593    -84.57891823   -464.76586753      32       0      37
  195     32.90582709    -87.37733486   -464.76586752      37       0      34
  196     40.72254193    -70.78362562   -464.76586753      41       0      41
  197     38.44152915    -72.48397291   -464.76586747      47       0      43
  198     47.14228526    -77.37346651   -464.76586753      48       0      50
  199     54.94304142   -115.03311710   -464.76586750      60       0      51
  200     53.51558814    -13.19055859   -464.76586752      59       0      56
  201     41.26158291    -72.95620824   -464.76586753      79       0      45
  202     32.79007848   -160.15304945   -464.76586752      65       0      30
  203     19.45418976   -102.83541510   -464.76586751      55       0       5
  204      0.68118556   -450.63924280   -464.76586752      23       0       0
  205     11.58100603   -205.54735188   -464.76586744       3       0       1
  206     19.17204015    -91.04638652   -464.76586753       1       0       8
  207     27.81789845   -131.13423773   -464.76586750       8       0      17
  208     28.08190522   -117.66767810   -464.76586747      18       0      18
  209     46.16290347    -99.01821456   -464.76586750      20       0      34
  210     34.01573802    -48.00985892   -464.76586753      36       0      28
  211 335677.81313370 7513043.71788226   -464.76586744      35       0      31
  212     36.88656816   -138.07597187   -464.76586744      36       0      36
  213     45.11422017    -86.97828159   -464.76586749      41       0      40
  214     36.55069349    -53.34874645   -464.76586750      48       0      37
  215     44.14572619    -72.59583127   -464.76586744      50       0      48
  216 56626121.34345803 1267466214.43207049   -464.76586748      52       0      45
  217     53.32643313    -65.59747995   -464.76586748      58       0      55
  218     46.14969697    -50.60783526   -464.76586752      64       0      46
  219     50.70492875    -56.09037198   -464.76586752      63       0      42
  220     30.58253321    -97.48035829   -464.76586742      59       0      13
  221      4.38498398   -420.43928707   -464.76586747      37       0       1
  222     17.19849360    -79.86845157   -464.76586747      13       0       1
  223     16.04024146   -195.52943863   -464.76586747       2       0       7
  224     29.52435053   -158.07838146   -464.76586751       7       0      14
  225     21.90229061   -167.01706023   -464.76586748      14       0      19
  226     44.74096690    -68.64795888   -464.76586753      20       0      30
  227     44.27248484    -68.64795888   -464.76586747      32       0      28
  228     41.95197373    -14.02378493   -464.76586753      35       0      32
  229     38.98241413    -92.32470866   -464.76586742      33       0      33
  230     43.70333392   -128.13483750   -464.76586742      41       0      42
  231     31.80926813   -112.60468280   -464.76586751      49       0      37
  232     44.53043884    -43.33553086   -464.76586752      45       0      41
  233     59.81980642    -43.86605038   -464.76586748      48       0      48
  234 4097068.98257830 91704546.98049760   -464.76586751      58       0      45
  235     58.58341629    -44.97664560   -464.76586748      54       0      50
  236 258370.50196855 5782670.45596217   -464.76586746      55       0      39
  237     32.05224137   -164.32286717   -464.76586748      51       0      27
  238     23.00469115   -206.74920813   -464.76586752      42       0       7
  239     10.60803045   -234.35382776   -464.76586750      17       0       1
  240     22.45153356    -72.56998025   -464.76586753       4       0       7
  241     24.87404008   -163.59859545   -464.76586752       7       0      13
  242     25.31682283   -159.59678391   -464.76586750      13       0      15
  243     34.79520910   -154.26056458   -464.76586754      14       0      29
  244 397946.51058245 8906807.53667304   -464.76586754      29       0      30
  245     43.90979203    -41.87122857   -464.76586752      38       0      29
  246     44.21856546   -129.14102239   -464.76586751      39       0      32
  247 22694575.64219115 507973911.49257112   -464.76586746      35       0      43
  248     49.90811178    -50.52271158   -464.76586752      52       0      36
  249  70295.72610081 1572981.73178522   -464.76586751      43       0      42
  250     48.47405567   -104.84079187   -464.76586751      52       0      43
  251     47.66946582    -79.14274448   -464.76586749      49       0      51
  252    712.91854019  15462.19808200   -464.76586748      58       0      43
  253 59590811.82450163 1333825108.59981108   -464.76586749      56       0      39
  254     39.47307611   -123.98928674   -464.76586749      53       0      35
  255     17.69984605   -182.89498474   -464.76586752      55       0       9
  256      5.26659545   -388.13316638   -464.76586751      27       0       4
  257     18.59729597   -169.63550294   -464.76586751       7       0       7
  258     25.89382178   -134.82460166   -464.76586751       7       0      13
  259     24.74559398   -149.60958150   -464.76586751      13       0      15
  260     35.63401509    -56.19674669   -464.76586751      17       0      22
  261     39.75865816    -27.33338951   -464.76586752      21       0      27
  262     38.78702912    -82.58205007   -464.76586752      31       0      34
  263  96221.91344249 2153283.72604011   -464.76586751      33       0      28
  264     47.11805860    -59.06484042   -464.76586753      36       0      43
  265     35.99458025    -87.51118756   -464.76586747      48       0      37
  266     47.28251624    -50.64882874   -464.76586749      45       0      41
  267     32.69149979   -145.81273528   -464.76586749      52       0      40
  268     43.22917961    -84.35317002   -464.76586748      50       0      43
  269    116.12125065   1880.52673952   -464.76586751      58       0      52
  270     47.38529985    -90.27684535   -464.76586744      61       0      38
  271     48.57260283    -41.13921805   -464.76586751      55       0      35
  272     20.20013647   -220.70282775   -464.76586747      43       0      18
  273     15.24104811   -260.35900025   -464.76586753      28       0       7
  274     16.00908438   -191.68668594   -464.76586753       9       0       7
  275     18.19401955   -160.16990748   -464.76586753       7       0      11
  276     32.32497451    -30.90855270   -464.76586747      11       0      17
  277     34.33813228    -95.49710103   -464.76586752      17       0      19
  278 77105611.60618037 1725860155.86605549   -464.76586747      19       0      26
  279     49.07021866    -32.93429813   -464.76586749      27       0      34
  280     33.45607628   -137.82792717   -464.76586750      35       0      27
  281     35.65934466    -96.61792495   -464.76586748      38       0      38
  282 1461429.19938458 32710822.36038273   -464.76586750      43       0      36
  283     53.39847161    -48.69077757   -464.76586748      46       0      40
  284     42.14490837   -134.38702656   -464.76586752      55       0      39
  285     40.34615041   -107.07039849   -464.76586748      46       0      43
  286     55.60510313    -39.91322946   -464.76586747      49       0      48
  287     45.40011590    -75.09372747   -464.76586753      59       0      48
  288     31.69757895    -96.25688909   -464.76586751      56       0      37
  289     23.02419441   -187.30240003   -464.76586749      56       0      22
  290     22.15867434    -38.12457327   -464.76586753      33       0       8
  291     21.04316147   -143.29392168   -464.76586747      10       0       7
  292     11.95468920   -247.44032007   -464.76586753       7       0      11
  293     23.02423421   -140.99181820   -464.76586736      11       0      17
  294     34.88648010    -68.47340901   -464.76586753      17       0      16
  295     33.91980533    -57.18924436   -464.76586753      16       0      23
  296     42.89886117    -80.45132641   -464.76586753      23       0      33
  297     36.04554343   -155.05807937   -464.76586752      31       0      29
  298     42.01343793   -105.01973289   -464.76586753      38       0      33
  299     39.63845781    -81.70749034   -464.76586753      40       0      32
  300     44.36838364    -81.10647811   -464.76586742      37       0      43
  301     47.06198872    -12.63530639   -464.76586752      47       0      45
  302     33.66626344   -135.94015829   -464.76586748      55       0      38
  303 1778006.94510012 39796807.23668686   -464.76586742      49       0      48
  304     34.88896065   -174.74882847   -464.76586753      57       0      42
  305     39.89091922    -76.53605777   -464.76586753      67       0      44
  306     34.76618570   -117.29026389   -464.76586753      56       0      30
  307 104794402.90465303 2345620417.94144678   -464.76586753      43       0       9
  308     21.09636327   -110.29567929   -464.76586753      21       0       7
  309     13.89746442   -207.77018433   -464.76586752       9       0      11
  310     24.64760418   -159.62549678   -464.76586750      11       0      17
  311     24.96029562    -79.41018143   -464.76586749      17       0      16
  312     29.79725024   -156.16895167   -464.76586750      18       0      22
  313     27.61553332   -128.96955876   -464.76586749      24       0      27
  314     37.60403607    -79.51379675   -464.76586750      30       0      29
  315     45.02347604    -56.31199591   -464.76586752      32       0      34
  316     44.04993839    -54.73335509   -464.76586750      39       0      34
  317     39.98963458    -56.63945387   -464.76586753      34       0      35
  318     52.57828253    -62.95283067   -464.76586753      44       0      44
  319     39.27793971    -63.04934063   -464.76586749      44       0      36
  320     45.04653516    -63.29891480   -464.76586753      53       0      45
  321     54.62907788     -4.72594887   -464.76586753      56       0      46
  322     47.93599181    -81.24845229   -464.76586751      55       0      46
  323     38.19174212   -101.89187057   -464.76586746      61       0      34
  324 1710611.90814179 38288292.17273421   -464.76586746      51       0      17
  325     18.14741964   -182.12856996   -464.76586752      27       0       6
  326     20.55156938   -153.62336183   -464.76586743      10       0      11
  327     22.50050533   -111.62423423   -464.76586747      11       0      17
  328     37.34065235    -68.00954566   -464.76586752      17       0      16
  329     21.26777084   -163.55419916   -464.76586752      18       0      18
  330     45.12506074    -56.33225203   -464.76586752      20       0      31
  331  47142.25955926 1054729.53208127   -464.76586752      32       0      25
  332 15272391.06700430 341842604.62424517   -464.76586751      30       0      34
  333     40.18159390    -62.61228151   -464.76586752      36       0      30
  334     48.86867594    -36.96770516   -464.76586753      37       0      40
  335     37.17133184    -71.03305250   -464.76586749      45       0      38
  336     60.45368688    -54.82362180   -464.76586751      48       0      33
  337 67620070.82955875 1513544598.94344354   -464.76586749      42       0      46
  338     48.88670592     -7.83139854   -464.76586742      52       0      44
  339     43.70481803    -81.18497521   -464.76586742      51       0      47
  340     38.72243647    -74.72941499   -464.76586753      60       0      39
  341     33.73509781    -35.91923175   -464.76586749      52       0      21
  342     14.92475583   -247.16237239   -464.76586753      33       0      10
  343     25.89323500   -151.55116083   -464.76586752      14       0      11
  344     22.84587344   -138.30622249   -464.76586753      11       0      15
  345     29.39913599    -96.51338286   -464.76586753      16       0      16
  346     37.60211223     -6.20771981   -464.76586753      17       0      18
  347     39.61802726    -90.60573806   -464.76586751      18       0      28
  348     39.15749615    -63.23265502   -464.76586752      29       0      25
  349     47.91934772    -39.16442046   -464.76586753      25       0      33
  350     40.33137025    -26.03334109   -464.76586753      38       0      33
  351     43.24419310    -59.53864359   -464.76586753      35       0      32
  352     45.24506114    -51.92847092   -464.76586752      36       0      40
  353 12680728.99734797 283833240.96535873   -464.76586753      45       0      37
  354     46.68197961    -84.93724087   -464.76586748      46       0      39
  355 1064034.88592808 23815916.48587237   -464.76586752      43       0      42
  356     48.19925279   -107.02844891   -464.76586748      45       0      50
  357     41.30790908    -21.34585335   -464.76586752      61       0      43
  358     31.71088111   -101.64933477   -464.76586753      55       0      24
  359     19.38010821   -223.06292133   -464.76586752      42       0      14
  360     18.70195267    -92.35727899   -464.76586753      22       0      10
  361     29.77996512    -94.36827689   -464.76586753      13       0      15
  362     26.04945935   -176.69137342   -464.76586752      16       0      16
  363     31.53264986    -52.31944616   -464.76586753      16       0      18
  364     28.99320518   -153.27458052   -464.76586752      19       0      26
  365     45.31438663    -31.71001518   -464.76586746      25       0      26
  366     43.20557947    -93.01666066   -464.76586753      29       0      31
  367     40.25463977    -92.35093025   -464.76586752      34       0      34
  368     32.45337751    -55.61336930   -464.76586741      34       0      29
  369     40.84192088    -99.50357204   -464.76586753      37       0      37
  370     38.05277658    -32.66705730   -464.76586753      42       0      43
  371     39.83487217    -99.62643809   -464.76586750      43       0      36
  372     31.53683927   -162.94500912   -464.76586752      47       0      36
  373     50.80357248    -74.79030411   -464.76586750      53       0      46
  374     45.00389612    -44.17258808   -464.76586753      52       0      46
  375     38.93034197    -28.74515242   -464.76586752      55       0      32
  376     32.76394064    -88.89486459   -464.76586752      48       0      18
  377     29.26321354    -97.77920563   -464.76586748      27       0      10
  378     31.32612507    -88.43430844   -464.76586748      12       0      16
  379     37.28212295    -67.07907833   -464.76586752      17       0      15
  380     33.50815536   -102.88995415   -464.76586748      16       0      19
  381     37.78219682    -35.84988902   -464.76586750      20       0      21
  382     45.12316457    -30.08333588   -464.76586748      21       0      29
  383     42.85870957     -1.92085581   -464.76586748      29       0      29
  384 71647431.25514589 1603689302.62527299   -464.76586751      34       0      32
  385     34.74902774    -94.87033188   -464.76586753      37       0      31
  386     38.34530323    -76.02411247   -464.76586748      43       0      36
  387     38.71534623   -115.90384865   -464.76586753      45       0      38
  388     36.07503757    -61.74412671   -464.76586752      45       0      31
  389     46.43086059    -84.00890103   -464.76586752      39       0      43
  390 9362053.46605734 209551079.34473148   -464.76586752      50       0      44
  391     41.53260927    -42.02334234   -464.76586751      52       0      45
  392     43.28176187    -78.79490914   -464.76586752      60       0      35
  393     30.84938246   -108.61989415   -464.76586750      52       0      26
  394     20.60629788   -169.41959825   -464.76586750      41       0       9
  395     19.07866440   -232.15179060   -464.76586753      17       0      15
  396     30.87603208    -15.52475468   -464.76586753      16       0      17
  397     38.70951708     -2.84640701   -464.76586753      20       0      19
  398     21.34674807   -113.40488987   -464.76586752      19       0      18
  399     35.07682990   -106.55924354   -464.76586753      19       0      29
  400     37.57172757    -50.30299023   -464.76586753      31       0      24
  401     32.20113873   -156.78813234   -464.76586753      28       0      31
  402     38.51013961    -39.98238340   -464.76586752      38       0      31
  403     40.81943336   -101.52038450   -464.76586753      35       0      37
  404     43.78472857    -87.94239322   -464.76586753      44       0      39
  405     41.15287157    -58.90167204   -464.76586753      46       0      28
  406     43.81905065    -85.25677211   -464.76586745      31       0      39
  407     41.70519939   -144.03171673   -464.76586743      46       0      39
  408 821562.72574662 18388649.34644428   -464.76586753      52       0      51
  409 250874.86762096 5614896.08402161   -464.76586742      59       0      38
  410     33.93588771    -97.15494909   -464.76586745      52       0      33
  411     19.92999286   -134.17140602   -464.76586753      44       0      10
  412     29.19706599   -137.82478718   -464.76586753      20       0      15
  413     28.98733196   -108.36564800   -464.76586752      16       0      18
  414     28.03205793   -145.94259416   -464.76586753      20       0      19
  415     24.43271058   -157.49196378   -464.76586753      20       0      16
  416     35.50893342   -138.12695111   -464.76586753      19       0      26
  417     35.62473479   -107.59411440   -464.76586753      30       0      23
  418     42.62913967    -59.03781956   -464.76586753      25       0      35
  419     32.45595075    -84.47741454   -464.76586752      36       0      26
  420     47.76194080    -58.99703671   -464.76586744      37       0      40
  421     51.16251147    -62.07161694   -464.76586744      50       0      40
  422     31.08834691    -41.39038306   -464.76586752      48       0      23
  423     28.05811149   -114.43710575   -464.76586753      33       0      37
  424     45.00483372    -40.69521776   -464.76586752      41       0      40
  425     48.06460489    -52.98549059   -464.76586752      47       0      49
  426 921979.87600565 20636288.14158395   -464.76586754      55       0      38
  427     47.37232040    -84.93154561   -464.76586752      52       0      38
  428     31.94892869   -136.36274768   -464.76586746      53       0      16
  429     23.81071139   -126.82428885   -464.76586752      23       0      14
  430     29.41479773    -64.36247091   -464.76586744      18       0      20
  431     37.65912882    -71.94042585   -464.76586746      22       0      16
  432     29.02147214   -128.10215401   -464.76586750      16       0      15
  433     24.46443671   -173.15117445   -464.76586754      18       0      28
  434     31.79808267   -150.01725977   -464.76586746      29       0      20
  435     42.52265922    -45.12105550   -464.76586750      26       0      30
  436     34.63472567    -95.73882301   -464.76586750      31       0      29
  437 22946633.25467160 513615734.33705312   -464.76586748      35       0      35
  438     48.95493602    -40.98664894   -464.76586754      34       0      44
  439     35.89594280   -116.67002252   -464.76586748      53       0      28
  440     32.22584692   -154.32872732   -464.76586751      41       0      33
  441     36.33563344    -35.69127671   -464.76586748      41       0      35
  442     51.45488859    -77.32730619   -464.76586750      42       0      47
  443     39.63956008   -112.28523224   -464.76586753      53       0      41
  444     41.08178902   -116.19658756   -464.76586750      54       0      42
  445     24.59700954   -168.22078326   -464.76586733      53       0      21
  446     24.84629083   -131.44565134   -464.76586740      27       0      15
  447     30.33111836     -7.05632097   -464.76586750      21       0      20
  448     23.06170789    -82.46788578   -464.76586733      21       0      15
  449     33.01295567    -80.11351214   -464.76586747      15       0      15
  450     27.06609210    -80.41989086   -464.76586747      15       0      25
  451     45.84123641    -93.78918448   -464.76586750      26       0      23
  452     35.58308477   -133.54625079   -464.76586733      26       0      26
  453     41.20887007    -76.05866420   -464.76586733      28       0      30
  454     41.78013198   -110.85585512   -464.76586733      30       0      34
  455     46.41583236    -90.67191425   -464.76586748      38       0      36
  456     41.48409048    -71.05134192   -464.76586750      41       0      35
  457     24.79080370   -152.57255632   -464.76586748      37       0      34
  458     37.30192740    -90.30834299   -464.76586753      43       0      34
  459     47.75059005    -81.03395821   -464.76586751      44       0      39
  460     53.48958090    -27.51808105   -464.76586753      49       0      47
  461     46.43486716    -81.18368598   -464.76586751      56       0      46
  462     36.41865662    -57.92797838   -464.76586752      64       0      23
  463     31.03569763   -114.11004409   -464.76586749      41       0      17
  464     36.50313300   -112.64956899   -464.76586750      26       0      21
  465     26.13565983   -120.66931516   -464.76586750      25       0      15
  466     25.21361272    -56.40861044   -464.76586749      20       0      14
  467     32.92566734   -107.23419879   -464.76586749      15       0      22
  468     30.20781533    -75.91555465   -464.76586752      21       0      24
  469 624616.28524734 13980372.66090439   -464.76586752      27       0      29
  470     35.10080717   -167.12545026   -464.76586752      31       0      26
  471     40.26411414    -96.71355687   -464.76586750      30       0      34
  472     46.87061778    -46.71031004   -464.76586753      38       0      35
  473     39.69751077    -57.68070317   -464.76586748      37       0      33
  474     30.54398533    -68.75075361   -464.76586752      41       0      30
  475     38.17381185    -90.46507955   -464.76586747      41       0      36
  476     45.08753587    -88.81245521   -464.76586752      41       0      38
  477     37.44341237   -161.79679482   -464.76586746      43       0      39
  478     45.13076297    -70.53229755   -464.76586752      44       0      43
  479     42.11467863   -119.40680393   -464.76586738      56       0      38
  480     29.41982194   -102.58343731   -464.76586753      52       0      20
  481     27.24144415   -125.03158494   -464.76586747      30       0      21
  482     30.52305127    -81.40502412   -464.76586893      23       0      17
  483     26.34044998   -121.30095955   -464.76586748      19       0      14
  484     29.47948625    -96.84001949   -464.76586753      15       0      21
  485     32.87121570    -80.16721094   -464.76586744      23       0      22
  486     47.99763410    -57.17638603   -464.76586753      21       0      30
  487     28.10418663   -197.26804440   -464.76586752      29       0      26
  488 4361825.70505894 97630610.53002426   -464.76586753      28       0      33
  489 144009052.38468722 3223364826.16294003   -464.76586746      37       0      30
  490     38.33331188    -77.77827991   -464.76586893      37       0      34
  491     36.85240468    -67.60918443   -464.76586752      34       0      32
  492     42.86138482    -35.86545962   -464.76586752      37       0      35
  493     43.50577495   -106.02190161   -464.76586893      45       0      36
  494     47.64364816    -27.63580279   -464.76586751      49       0      40
  495     43.24940068    -47.31533605   -464.76586752      45       0      36
  496     39.87699736    -82.50256274   -464.76586750      45       0      47
  497 11911265.06387068 266610269.89421001   -464.76586752      62       0      22
  498     38.44036465    -69.44266258   -464.76586752      35       0      24
  499     29.39322578    -92.58164004   -464.76586744      27       0      17
  500     20.31881823   -179.97929488   -464.76586751      19       0      14
  501     35.35551890   -117.94621649   -464.76586751      16       0      22
  502     31.52825436    -61.89756491   -464.76586751      21       0      22
  503     38.09426851    -39.38427102   -464.76586751      26       0      28
  504     37.23564847    -67.73435905   -464.76586725      29       0      22
  505     35.32430940   -108.41667829   -464.76586751      26       0      35
  506     40.57618362    122.02350616   -464.76586752      35       0      29
  507 1346335.89072528 30134691.36904852   -464.76586752      33       0      34
  508     46.14679398    -45.27797607   -464.76586751      42       0      30
  509     40.23705450    -67.74728782   -464.76586743      35       0      29
  510     50.05405407    -74.50623185   -464.76586743      33       0      40
  511     44.29752333   -101.11406062   -464.76586746      44       0      37
  512     45.77040902    -94.45065380   -464.76586751      48       0      36
  513     41.08251543   -144.90333049   -464.76586750      45       0      50
  514     43.62434543    -59.96727714   -464.76586753      62       0      29
  515     41.50919547    -31.47408844   -464.76586746      45       0      25
  516     16.66306434   -264.64674586   -464.76586725      31       0      17
  517     17.25304358   -198.86877345   -464.76586725      24       0      15
  518     34.38225580    -47.40091959   -464.76586750      16       0      19
  519     39.35543817    -96.91534481   -464.76586749      19       0      22
  520     33.67374796    -36.16788807   -464.76586749      23       0      29
  521     28.28275087   -127.75766566   -464.76586749      30       0      22
  522     34.39342940   -135.93396068   -464.76586753      24       0      33
  523     35.92025529    -76.12487999   -464.76586753      35       0      26
  524     36.25378642    -78.54615246   -464.76586753      33       0      33
  525     41.28874926   -104.01733833   -464.76586753      36       0      35
  526     38.10447225    -95.43043486   -464.76586751      38       0      28
  527     39.05066641    -72.51605473   -464.76586751      33       0      35
  528     47.74946206    -86.03300673   -464.76586753      37       0      35
  529     37.92639657    -55.36424915   -464.76586753      43       0      34
  530     44.74728255    -73.61876455   -464.76586747      41       0      49
  531     42.66885342   -114.49136418   -464.76586752      51       0      37
  532     36.16178686    -89.63317292   -464.76586752      48       0      26
  533     33.86506294   -118.93149412   -464.76586753      36       0      21
  534     27.85274632   -105.44647215   -464.76586753      26       0      16
  535     33.70192893    -85.20286989   -464.76586749      20       0      18
  536     34.60120336   -129.80370881   -464.76586753      21       0      21
  537     31.67768128   -150.30544505   -464.76586753      22       0      28
  538 77494894.43670715 1534324519.03600812   -464.76586746      33       0      22
  539     31.06078721   -164.26388478   -464.76586750      25       0      29
  540     39.09053544   -115.08740352   -464.76586751      29       0      32
  541     32.00302574   -128.30997557   -464.76586753      37       0      29
  542     42.46013039    -63.88228647   -464.76586753      31       0      36
  543     43.58147999    -29.64332796   -464.76586753      37       0      30
  544     32.09970639    -92.86002478   -464.76586753      37       0      29
  545     31.22322718   -129.63725353   -464.76586750      39       0      38
  546     44.08674323    -62.90739609   -464.76586753      43       0      33
  547     48.80546618    -37.19128130   -464.76586749      37       0      44
  548 1251535.42998809 28012755.02312901   -464.76586753      45       0      37
  549     44.21633500    -32.84782911   -464.76586753      51       0      34
  550     39.18826109    -42.34831206   -464.76586753      38       0      22
  551     22.13364628   -131.80768194   -464.76586750      33       0      16
  552     19.37870401   -165.96889506   -464.76586743      22       0      18
  553     24.40487468   -114.16174913   -464.76586742      23       0      19
  554     28.02065295   -212.50664635   -464.76586742      20       0      29
  555     29.57621914   -187.85064435   -464.76586753      29       0      24
  556     30.81527735   -133.47596113   -464.76586743      29       0      26
  557     39.25112979    -98.87554010   -464.76586753      26       0      34
  558     32.78533792    -94.77287865   -464.76586742      37       0      29
  559 152946.63551347 3422957.29717840   -464.76586742      33       0      29
  560     34.48789983    -53.24721391   -464.76586750      35       0      31
  561     37.31364697    -55.13304437   -464.76586753      35       0      31
  562     44.62452426    -73.35807068   -464.76586753      32       0      40
  563     43.62462634    -68.99649407   -464.76586752      40       0      31
  564     56.72348804    -29.07536486   -464.76586753      42       0      41
  565     39.03485854   -125.47990181   -464.76586751      42       0      40
  566     38.60288432    -83.72272518   -464.76586753      47       0      30
  567     37.70659507    -76.30763000   -464.76586750      41       0      28
  568     29.47830856    -93.15873779   -464.76586734      37       0      16
  569     26.70141647    -78.78670870   -464.76586753      20       0      21
  570     33.10137872    -70.62379523   -464.76586752      22       0      19
  571     36.72044090    -42.13722886   -464.76586753      20       0      26
  572     36.84153166   -104.21718379   -464.76586745      25       0      26
  573     34.08593798   -107.63877784   -464.76586752      29       0      25
  574     35.36023837    -42.42488480   -464.76586734      28       0      34
  575     38.30571185    -99.14369640   -464.76586752      37       0      27
  576     40.66509467    -47.82908185   -464.76586745      32       0      29
  577     35.41763464   -136.09067579   -464.76586750      36       0      35
  578     26.15627773   -215.59733093   -464.76586749      35       0      26
  579     53.93576742    -26.41866647   -464.76586734      35       0      39
  580     33.73126432    -35.25613259   -464.76586745      41       0      34
  581     43.38208548    -28.35102976   -464.76586753      39       0      39
  582     35.33963705   -104.57694736   -464.76586753      47       0      37
  583     46.00390237    -80.42088802   -464.76586753      46       0      31
  584     44.45851326    -63.51975466   -464.76586748      44       0      34
  585     27.45342920   -170.21799233   -464.76586752      40       0      17
  586     29.79516245   -103.61660532   -464.76586745      25       0      21
  587     32.13742754    -74.03016450   -464.76586751      24       0      20
  588     27.40489773   -154.43887677   -464.76586745      22       0      23
  589     33.20896219    -80.08298354   -464.76586751      22       0      26
  590     41.75787331     11.36948391   -464.76586747      26       0      24
  591     51.15261934    -25.31026710   -464.76586752      32       0      34
  592     34.33195999    -58.44584725   -464.76586745      32       0      24
  593     47.98140187      9.19910717   -464.76586745      31       0      33
  594 7402541.40260781 165691174.65433326   -464.76586752      36       0      31
  595     45.61014348    -61.15695637   -464.76586752      40       0      28
  596     38.01025512   -105.06180705   -464.76586752      36       0      39
  597     41.24463833    -46.11081296   -464.76586753      46       0      31
  598     50.05126999    -73.10362606   -464.76586752      39       0      38
  599     45.21577277    -98.58881552   -464.76586754      43       0      35
  600     40.71470579   -108.01975153   -464.76586754      42       0      38
  601     32.16719003   -145.24507419   -464.76586752      45       0      30
  602     30.73114347   -143.70031902   -464.76586754      37       0      22
  603     34.77121781    -98.90715503   -464.76586751      28       0      22
  604     30.55892929    -29.52423722   -464.76586752      25       0      22
  605     33.64866072    -95.41830232   -464.76586752      21       0      22
  606     41.29742635    -37.21740922   -464.76586752      26       0      22
  607     35.65175813    -74.98847169   -464.76586750      25       0      29
  608     34.79115184    -82.82507282   -464.76586746      30       0      27
  609     36.10340298   -157.83925978   -464.76586752      27       0      28
  610     45.23581771    -82.16274733   -464.76586752      34       0      28
  611     44.32497464    -92.91442655   -464.76586750      38       0      31
  612     44.97166605   -102.62979798   -464.76586746      36       0      29
  613     48.40894796    -85.79696441   -464.76586752      30       0      38
  614   3815.49671187  84940.79064201   -464.76586752      45       0      30
  615     43.87050036    -48.49156122   -464.76586746      36       0      39
  616     42.59769415    -72.39715312   -464.76586744      45       0      39
  617 540674.50382382 12101501.53836759   -464.76586751      49       0      36
  618     44.08170778    -89.60031225   -464.76586751      45       0      32
  619     33.94927190    -48.48176995   -464.76586744      43       0      23
  620     45.15699004    -81.81234061   -464.76586750      37       0      25
  621     41.38992963    -36.23982166   -464.76586846      28       0      16
  622     33.93960035   -134.25490617   -464.76586752      25       0      28
  623     25.57780653   -198.12169964   -464.76586744      30       0      21
  624 13969508.37383474 312680082.15164685   -464.76586752      26       0      26
  625     31.83011144   -110.97620027   -464.76586743      30       0      26
  626     40.02951246    -51.02247924   -464.76586752      28       0      25
  627     31.58461051   -100.02947851   -464.76586750      29       0      31
  628     36.99602327   -137.88757245   -464.76586743      32       0      34
  629     44.63021781    -70.09497497   -464.76586750      40       0      23
  630     46.48241293    -80.61230880   -464.76586752      28       0      40
  631     40.31945704    -76.57957611   -464.76586750      39       0      31
  632     42.36229950    -47.80676648   -464.76586743      45       0      33
  633 328853.32587820 7360294.41276952   -464.76586751      37       0      39
  634     43.14941413   -112.99617357   -464.76586745      47       0      37
  635     37.57117782   -103.66127498   -464.76586751      46       0      29
  636     45.56598215    -61.11696545   -464.76586753      37       0      32
  637     31.83980995   -122.76845266   -464.76586752      36       0      23
  638     24.33692848   -159.56375841   -464.76586753      31       0      21
  639     24.08234253    -66.26020239   -464.76586753      25       0      24
  640     35.38503447    -90.32746389   -464.76586745      28       0      22
  641     43.44282130    -67.61712813   -464.76586752      25       0      26
  642     35.06949446   -111.44339325   -464.76586746      26       0      28
  643     29.04713767   -177.94664505   -464.76586752      31       0      24
  644     39.67876367   -123.68394121   -464.76586753      31       0      27
  645     51.65336628    -67.20145894   -464.76586746      30       0      38
  646     31.03266391   -174.35341397   -464.76586752      39       0      23
  647     47.23841759    -58.55402032   -464.76586750      29       0      31
  648     49.27576855    -65.77151726   -464.76586752      34       0      38
  649     40.49181238   -122.49658571   -464.76586753      42       0      33
  650     48.13242635    -62.41973904   -464.76586745      42       0      33
  651     37.60417890   -122.24359577   -464.76586753      39       0      40
  652     37.84993004    -99.91670396   -464.76586752      45       0      30
  653   1140.99355572  25066.26220644   -464.76586753      37       0      36
  654     29.83266578   -174.65951113   -464.76586751      51       0      21
  655     31.39891717    -91.45715132   -464.76586753      32       0      24
  656     29.50877790   -154.40744089   -464.76586753      24       0      23
  657     30.96269046   -117.19293734   -464.76586753      30       0      23
  658     32.05623598    -90.61138106   -464.76586753      25       0      24
  659     38.40177009    -90.85840987   -464.76586750      27       0      27
  660     37.27098648   -165.83813179   -464.76586753      31       0      27
  661     42.81383105    -69.72804691   -464.76586753      29       0      27
  662     30.66002948    -70.57233850   -464.76586753      33       0      33
  663     39.14956105    -52.31843068   -464.76586753      39       0      27
  664     32.39286990   -110.10787049   -464.76586753      33       0      27
  665     47.75785558    -96.72208721   -464.76586753      28       0      39
  666 5846987.36222487 130873096.61424823   -464.76586753      39       0      35
  667     37.33864598    -53.12278501   -464.76586753      42       0      27
  668     42.04905828    -70.24963639   -464.76586753      35       0      39
  669     40.64780309    -87.54933309   -464.76586751      42       0      30
  670     40.72052424    -63.63398029   -464.76586753      39       0      41
  671 113784250.21613963 2546840840.83331251   -464.76586738      48       0      24
  672     37.66031409     24.31278497   -464.76586753      45       0      23
  673     34.76549243    -88.09244777   -464.76586748      31       0      25
  674     34.24442078   -121.45077550   -464.76586753      33       0      21
  675     49.55243274    -61.04186879   -464.76586748      25       0      25
  676     36.48054144    -77.22035126   -464.76586753      30       0      25
  677     35.68110307    -66.24352607   -464.76586753      28       0      27
  678     36.68352390    -36.41589195   -464.76586748      32       0      28
  679     42.55924500    -77.08996947   -464.76586752      29       0      31
  680     40.82515020   -104.94929568   -464.76586753      33       0      31
  681     39.33788319   -109.61455578   -464.76586753      35       0      28
  682 3025913.45642976 67728788.02579460   -464.76586752      35       0      32
  683     36.64201663   -120.88029660   -464.76586753      37       0      34
  684     36.87994711   -107.47035070   -464.76586753      36       0      31
  685     40.38736432    -32.45021545   -464.76586753      36       0      35
  686 11597196.76821885 259580456.72877249   -464.76586752      41       0      28
  687     43.21522852    -74.70668591   -464.76586749      35       0      35
  688     41.66761671   -115.45122567   -464.76586753      40       0      33
  689     41.94192234      8.76659377   -464.76586749      39       0      28
  690     38.32446897   -108.86927901   -464.76586753      33       0      24
  691     37.35856875   -115.61245998   -464.76586744      29       0      21
  692     25.79559069   -111.75398139   -464.76586750      26       0      26
  693     35.65625935    -98.26673610   -464.76586749      29       0      23
  694     44.53118064    -29.95522912   -464.76586749      26       0      29
  695     39.82270727   -112.67694945   -464.76586752      32       0      30
  696     31.29183159   -150.30499325   -464.76586752      32       0      27
  697     40.12107469   -119.49519935   -464.76586754      33       0      28
  698     41.58402768    -90.79870842   -464.76586752      35       0      33
  699     33.82030014   -116.35183686   -464.76586744      38       0      32
  700     35.34283174    -94.40773721   -464.76586749      37       0      29
  701 4876176.12802205 109143353.51229341   -464.76586749      38       0      33
  702     32.52115195   -117.50485557   -464.76586752      39       0      35
  703 18559668.25693214 415421971.41150379   -464.76586753      40       0      31
  704     36.24678903   -132.96184358   -464.76586752      41       0      33
  705     40.13836732   -101.84153756   -464.76586754      39       0      32
  706     34.75913647    -93.38415774   -464.76586751      34       0      28
  707     37.49544547    -41.69614812   -464.76586752      30       0      26
  708     36.60970321   -124.89714349   -464.76586753      36       0      20
  709     40.46373804    -36.34874491   -464.76586743      27       0      30
  710     27.97785209   -107.47459347   -464.76586752      28       0      21
  711     38.21208001   -139.36360242   -464.76586751      30       0      31
  712     29.65078657   -155.11688081   -464.76586753      34       0      22
  713 4632362.66238196 103686060.71901323   -464.76586753      27       0      31
  714     38.28579943   -114.73064640   -464.76586753      34       0      28
  715     38.01012558    -83.82216573   -464.76586753      30       0      31
  716     42.30871354    -76.91470807   -464.76586750      37       0      33
  717     36.45500196   -133.60826234   -464.76586743      35       0      30
  718     48.33026884    -35.46625664   -464.76586747      32       0      32
  719     41.06587887    -42.43643867   -464.76586750      40       0      30
  720     50.40886005     -4.50768690   -464.76586753      39       0      37
  721     35.35773501    -51.65477817   -464.76586751      45       0      35
  722     51.39278359    -41.60823470   -464.76586753      39       0      32
  723     37.17401910    -75.86573371   -464.76586750      37       0      21
  724     39.26275558    -39.93825786   -464.76586751      28       0      31
  725     39.29720482    -53.99590022   -464.76586752      33       0      24
  726 132351889.85495247 2962441691.54934645   -464.76586753      30       0      26
  727     35.90604453   -128.69326243   -464.76586750      32       0      21
  728     38.78389646    -54.51182526   -464.76586751      27       0      32
  729     32.62954916    -54.67177821   -464.76586753      31       0      23
  730 351232.33543711 7861200.79681810   -464.76586752      30       0      29
  731     52.09797045    -58.67822297   -464.76586750      33       0      31
  732     28.83054281    -61.84290456   -464.76586753      37       0      27
  733     39.81054348    -81.32390095   -464.76586751      33       0      36
  734     44.43995878    -70.34829495   -464.76586750      42       0      29
  735     31.42542000   -143.18979254   -464.76586753      36       0      28
  736     30.87060757   -176.31915269   -464.76586753      32       0      29
  737     38.40383008    -75.00747468   -464.76586753      32       0      40
  738     39.97686988    -68.95315092   -464.76586882      46       0      36
  739     37.71734499   -151.46853778   -464.76586753      44       0      30
  740     34.28767089    -81.09535123   -464.76586777      34       0      26
  741     38.17551916   -110.71919158   -464.76586777      32       0      27
  742     28.98689100    -93.51730670   -464.76586750      27       0      24
  743 135433065.46561357 3031407874.08651304   -464.76586753      27       0      29
  744     32.08344825   -130.95809410   -464.76586753      31       0      21
  745     36.85716057   -123.41092550   -464.76586746      28       0      29
  746     41.74239317    -66.22831509   -464.76586753      31       0      28
  747     31.25070892   -103.13069919   -464.76586750      32       0      23
  748 16223035.33879144 363120944.96151596   -464.76586751      28       0      31
  749     32.25162420   -111.71199033   -464.76586882      33       0      29
  750     43.03817470    -88.39397865   -464.76586777      39       0      31
  751     54.92441914    -25.22356141   -464.76586753      36       0      38
  752     46.07560612    -57.29474374   -464.76586753      41       0      25
  753     37.81072850    -58.80607449   -464.76586753      29       0      29
  754     53.29158114    -35.11041245   -464.76586753      32       0      36
  755     36.87164069   -101.54289987   -464.76586753      44       0      38
  756     49.70013764    -62.75311427   -464.76586746      43       0      30
  757     43.50869868   -106.01469157   -464.76586753      35       0      31
  758     42.16317776    -64.69261087   -464.76586750      33       0      26
  759     46.00733309    -43.98888530   -464.76586752      29       0      23
  760     43.54446297   -104.72909886   -464.76586753      30       0      28
  761     30.96463737    -61.03875225   -464.76586753      33       0      21
  762     41.48121061    -89.26825136   -464.76586753      28       0      29
  763     37.44187745    -42.59719862   -464.76586753      32       0      29
  764     26.99984929   -184.37173266   -464.76586753      32       0      21
  765     31.82156662    -75.31936574   -464.76586750      25       0      27
  766     30.74958305   -100.92028089   -464.76586753      33       0      35
  767     37.25545399    -54.53567198   -464.76586752      34       0      29
  768     52.76852783    -19.37451815   -464.76586750      32       0      41
  769     38.83568781    -58.53274279   -464.76586753      46       0      23
  770     34.62284505   -122.21511543   -464.76586753      41       0      25
  771     34.38289488    -53.86670018   -464.76586752      31       0      37
  772     47.31900450    -71.78128703   -464.76586752      48       0      41
  773     30.93767037   -150.64119571   -464.76586752      51       0      31
  774     33.87997464   -107.89754721   -464.76586747      42       0      30
  775  11168.64709376 249528.55043008   -464.76586747      39       0      25
  776     32.72727870   -127.51866611   -464.76586752      26       0      23
  777     36.41834720    -85.41106747   -464.76586754      25       0      28
  778     36.03410014   -112.14804937   -464.76586752      33       0      23
  779     34.12711319    -91.38111866   -464.76586753      25       0      27
  780     43.09677764    -91.52381035   -464.76586614      25       0      29
  781     31.31249391   -134.68317224   -464.76586750      30       0      22
  782     33.78523843    -22.69158342   -464.76586747      28       0      31
  783     43.32411762    -76.93799314   -464.76586752      34       0      30
  784     36.41869084    -69.23435440   -464.76586747      36       0      26
  785     40.95411864    -74.06512531   -464.76586747      29       0      35
  786     45.25400725   -105.31469365   -464.76586614      46       0      32
  787     30.07854437   -118.80066901   -464.76586752      39       0      20
  788     35.35839272   -102.32005474   -464.76586752      30       0      35
  789     40.39307212    -78.05783188   -464.76586745      36       0      41
  790     42.75804835    -88.24374868   -464.76586753      51       0      37
  791     38.36314303    -72.51334448   -464.76586749      45       0      34
  792     30.71675565    -88.63898923   -464.76586749      45       0      25
  793     27.84579075    -99.07167584   -464.76586752      36       0      22
  794     42.54210318    -55.12771009   -464.76586754      26       0      29
  795     37.78206892   -106.14987900   -464.76586753      30       0      25
  796     33.87389590   -114.05797806   -464.76586749      29       0      23
  797     29.33028101   -152.36037469   -464.76586753      25       0      31
  798     29.52338515    -83.88248499   -464.76586751      29       0      20
  799     33.93985295   -154.51071763   -464.76586747      22       0      30
  800     40.65758593    -85.94270569   -464.76586752      35       0      27
  801     36.43986408    -64.60192931   -464.76586749      36       0      27
  802 11887979.23345842 266089063.53067571   -464.76586751      28       0      35
  803     50.25187339    -70.78747946   -464.76586753      35       0      31
  804     48.30709175    -97.75690669   -464.76586744      36       0      23
  805     37.51477066    -85.61734062   -464.76586752      34       0      31
  806     32.97645749   -184.99738078   -464.76586752      31       0      37
  807     49.42476975    -58.13072377   -464.76586750      42       0      40
  808     41.00920041    -71.62374357   -464.76586747      44       0      38
  809     44.85667287    -25.24980612   -464.76586752      51       0      29
  810     29.13375693   -111.62882800   -464.76586744      43       0      20
  811     39.36016551   -113.88997370   -464.76586751      26       0      31
  812     33.37468899    -35.14569636   -464.76586753      36       0      26
  813     40.13243955    -42.44640210   -464.76586753      27       0      24
  814     42.28618426    -81.49440622   -464.76586753      30       0      29
  815     31.94572546    -86.98727762   -464.76586753      30       0      17
  816     44.16923762    -53.15765927   -464.76586754      25       0      28
  817     45.67527513    -50.40144538   -464.76586752      29       0      32
  818     27.63050685   -172.35222703   -464.76586753      33       0      28
  819 129622.62922171 2900898.62153834   -464.76586753      38       0      31
  820     37.85593220      5.51486274   -464.76586754      39       0      27
  821     34.93750969   -139.28568554   -464.76586753      29       0      30
  822     35.57549140   -135.78704483   -464.76586753      37       0      26
  823 5643437.70855831 126317028.73553804   -464.76586751      32       0      36
  824     48.68512975    -48.87170368   -464.76586747      40       0      37
  825     41.07737026    -30.93275736   -464.76586753      47       0      38
  826     51.13797042    -50.01325026   -464.76586752      43       0      34
  827     19.68418600   -205.22100999   -464.76586753      45       0      22
  828     37.63655979   -101.44312454   -464.76586752      27       0      31
  829     34.45005614   -112.33880954   -464.76586739      34       0      24
  830     23.37046497   -182.92593681   -464.76586739      28       0      28
  831 6312298.80081110 141288193.46791244   -464.76586752      34       0      28
  832     33.58681280    -60.45097011   -464.76586749      33       0      19
  833     36.03056009   -109.92585995   -464.76586739      24       0      25
  834     33.99769719    -98.49912460   -464.76586749      26       0      29
  835     36.50875116    -30.70161646   -464.76586753      35       0      28
  836     43.93968020     -7.31883413   -464.76586746      33       0      33
  837     38.07894459    -40.16735373   -464.76586746      39       0      27
  838     35.14372391   -121.05276166   -464.76586753      31       0      27
  839     36.52963027    -85.45532972   -464.76586753      34       0      28
  840     37.50981711    -30.59650742   -464.76586749      31       0      34
  841     39.32202199    -81.25333624   -464.76586753      34       0      37
  842     39.71842926    -41.09195368   -464.76586752      41       0      41
  843     42.59319111    -32.15314916   -464.76586752      47       0      32
  844 10431707.05081655 233493214.02212116   -464.76586753      42       0      25
  845     33.73209446   -107.48835072   -464.76586751      32       0      31
  846     32.44446519    -77.59594104   -464.76586750      34       0      23
  847     25.49914382   -126.37042632   -464.76586752      27       0      27
  848     32.98295116   -125.79133357   -464.76586751      30       0      30
  849     34.56564333   -105.94896812   -464.76586749      32       0      21
  850     42.79991722    -76.26022143   -464.76586753      22       0      23
  851     45.36437429    -45.02100683   -464.76586752      28       0      28
  852     36.26312614    -90.91116633   -464.76586751      30       0      26
  853     43.40295373    -28.83173482   -464.76586752      29       0      33
  854     42.97012451    -42.44487309   -464.76586753      37       0      30
  855     32.18165096   -104.68208188   -464.76586752      35       0      30
  856 3823504.53774752 85581325.62412523   -464.76586752      35       0      26
  857     47.15637645    -56.82542466   -464.76586750      30       0      34
  858     34.56762238   -131.73428501   -464.76586750      34       0      31
  859     47.48926642   -109.70751508   -464.76586750      39       0      44
  860     42.19610974    -75.27456851   -464.76586746      49       0      32
  861     42.10352725   -103.55463242   -464.76586751      44       0      27
  862   5757.84764507 128418.21140275   -464.76586736      39       0      30
  863     51.57420997    -85.24336871   -464.76586746      38       0      27
  864     29.49180321   -136.01378616   -464.76586752      37       0      24
  865     37.24104808    -46.97372333   -464.76586753      31       0      31
  866     23.07321446   -167.29174745   -464.76586751      32       0      21
  867 380045.47643724 8506125.31805920   -464.76586746      28       0      24
  868     47.51649540    -78.20242568   -464.76586753      26       0      26
  869 5133358.22131411 114899880.66173543   -464.76586751      29       0      26
  870     35.42959406    -84.03373277   -464.76586750      29       0      30
  871     44.89500187    -48.86711416   -464.76586753      32       0      35
  872     41.42109010   -108.75554692   -464.76586751      42       0      29
  873     41.40986516    -79.52148533   -464.76586750      37       0      27
  874     44.33703321    -50.62188615   -464.76586751      33       0      30
  875     41.30282282    -48.04273249   -464.76586753      34       0      31
  876     43.94324671    -25.92175619   -464.76586751      37       0      36
  877     52.11581816    -89.42772725   -464.76586752      36       0      35
  878 140430.83764263 3142815.91105625   -464.76586753      42       0      29
  879     41.89513305    -56.14968629   -464.76586750      39       0      31
  880     33.09064758   -145.00162525   -464.76586751      34       0      30
  881     33.54027398   -127.88439039   -464.76586749      37       0      27
  882     35.28747786    -68.66639452   -464.76586750      33       0      26
  883     36.94182372    -53.05651747   -464.76586753      27       0      25
  884     29.43944833   -132.27077375   -464.76586751      29       0      26
  885     35.98339443    -91.26124113   -464.76586751      30       0      22
  886     32.67440059   -207.51907348   -464.76586751      32       0      28
  887     41.67191178    -46.29569799   -464.76586753      33       0      26
  888     35.60710625   -133.25344224   -464.76586753      29       0      35
  889     40.74353090    -55.34926497   -464.76586753      37       0      32
  890     36.44082478    -77.61969084   -464.76586753      38       0      26
  891     40.35635904    -76.44830412   -464.76586753      31       0      29
  892     36.79281019    -80.43377780   -464.76586751      31       0      33
  893     29.28938152   -193.48915903   -464.76586753      36       0      33
  894     47.02557696    -83.60343646   -464.76586753      40       0      35
  895     40.89969836   -122.96382231   -464.76586753      45       0      33
  896     32.68755434   -112.74260999   -464.76586752      40       0      27
  897     38.41467681    -70.16643722   -464.76586752      38       0      32
  898     30.05557147   -109.66008411   -464.76586752      37       0      27
  899     46.58090341    -78.23872470   -464.76586753      33       0      28
  900     33.02666792    -96.32285924   -464.76586751      30       0      23
  901 1295665.39126317 29000516.04067186   -464.76586751      25       0      26
  902     37.65847635    -64.76527900   -464.76586753      28       0      22
  903     34.97771594    -61.99193760   -464.76586753      31       0      28
  904     29.50523909   -129.38419131   -464.76586747      29       0      28
  905     33.15816806   -113.85676163   -464.76586752      34       0      32
  906     35.00659728   -186.69486124   -464.76586752      36       0      34
  907     40.58231502    -32.73594604   -464.76586753      40       0      27
  908     29.05302913   -194.64650290   -464.76586753      33       0      30
  909 2365888.97649257 52955407.26560877   -464.76586753      35       0      26
  910     43.98507919    -91.82983326   -464.76586749      30       0      33
  911     43.29451264   -105.87663345   -464.76586751      38       0      35
  912     43.61004924    -60.17839916   -464.76586752      41       0      33
  913     33.50820040   -104.37720365   -464.76586753      36       0      30
  914     39.39870429    -73.00760133   -464.76586753      36       0      35
  915     32.86772769    -96.25526378   -464.76586747      35       0      27
  916     40.89573818    -74.81330129   -464.76586753      35       0      28
  917     21.47823166   -204.01331102   -464.76586752      34       0      24
  918     38.63131778     32.50610053   -464.76586752      29       0      21
  919     37.06191551    -50.81980455   -464.76586751      23       0      25
  920     41.97547683    -98.03145590   -464.76586751      28       0      30
  921     24.58934319   -180.54184082   -464.76586753      29       0      25
  922     36.82058243    -62.81446991   -464.76586751      32       0      27
  923     41.04972368   -104.09217436   -464.76586751      33       0      40
  924     35.83379236    -71.96658832   -464.76586753      44       0      27
  925     38.54807989    -63.67751255   -464.76586752      31       0      31
  926     33.55609065    -32.91203891   -464.76586752      29       0      23
  927     42.39316985    -27.90767904   -464.76586753      28       0      33
  928     50.49190739    -52.14769330   -464.76586753      38       0      38
  929     36.63286722   -106.82158551   -464.76586753      42       0      32
  930     38.03226290    -97.04887444   -464.76586748      43       0      33
  931     36.02104974    -98.62476153   -464.76586753      44       0      29
  932     39.64347601    -87.49909342   -464.76586743      32       0      27
  933     35.28175679   -128.91051524   -464.76586748      28       0      30
  934     40.65298720    -36.97743365   -464.76586743      35       0      27
  935     39.94418156    -96.68693888   -464.76586751      33       0      21
  936     32.23097180    -94.84845722   -464.76586753      26       0      26
  937     34.07689307    -41.31253104   -464.76586753      32       0      25
  938 391237.19223605 8756630.02462861   -464.76586746      27       0      25
  939     41.57958225    -84.10656681   -464.76586753      29       0      30
  940     47.55361792    -41.69595935   -464.76586753      35       0      39
  941     34.08744415    -77.76280085   -464.76586753      40       0      29
  942 10230373.58391191 225184314.57157242   -464.76586753      38       0      30
  943     23.18714331    -82.71044661   -464.76586751      42       0      21
  944     33.35484978   -125.68158124   -464.76586753      22       0      32
  945     37.21156898   -104.48200179   -464.76586828      36       0      33
  946     38.93624295    -87.41760410   -464.76586753      39       0      33
  947     43.86733302    -87.62747535   -464.76586751      37       0      41
  948     35.92032897   -119.98765801   -464.76586751      46       0      29
  949     30.52075948    -48.16410381   -464.76586868      38       0      27
  950     24.32061034   -119.25565292   -464.76586751      38       0      25
  951     31.21055568   -129.39725316   -464.76586753      35       0      28
  952     39.81421496    -80.25293106   -464.76586752      32       0      21
  953     39.77664360    -96.53010334   -464.76586750      25       0      30
  954 17609666.44691744 394158010.53645492   -464.76586752      29       0      24
  955     29.22081773    -60.31334667   -464.76586743      28       0      22
  956     30.41756399    -83.48828467   -464.76586752      28       0      30
  957     41.02811939    -84.92402416   -464.76586752      35       0      38
  958     37.57212372    -46.46728972   -464.76586737      44       0      29
  959     37.80459151   -101.45967457   -464.76586752      41       0      35
  960     33.12535632   -107.17687574   -464.76586752      37       0      19
  961     35.79220575    -44.42569432   -464.76586752      27       0      29
  962     43.37521244    -39.99786736   -464.76586744      34       0      35
  963     34.08498395   -105.26125170   -464.76586747      33       0      30
  964 5141823.75957848 115089367.21627633   -464.76586751      38       0      41
  965     47.40634517    -50.47905082   -464.76586749      48       0      28
  966     32.29660522   -139.90040162   -464.76586753      34       0      29
  967 2117169.32381596 47388297.76452764   -464.76586749      32       0      26
  968     48.73732973    -48.16878987   -464.76586752      30       0      32
  969     21.61136897   -157.13073486   -464.76586749      35       0      21
  970     38.03036185    -65.94896960   -464.76586750      27       0      29
  971     36.06193221    -77.72695128   -464.76586750      34       0      23
  972     34.77280558    -45.85469306   -464.76586747      28       0      20
  973     34.95945272    -59.10197590   -464.76586751      19       0      27
  974     50.43235043     -4.49081564   -464.76586753      30       0      37
  975     36.47949027   -135.02075530   -464.76586750      39       0      36
  976     43.23315675    -71.50918074   -464.76586750      45       0      31
  977     29.76934309   -143.23910549   -464.76586749      36       0      23
  978     37.76168602   -151.30065560   -464.76586753      29       0      30
  979     43.21571123    -40.51137983   -464.76586751      32       0      31
  980     30.19871663   -124.24557652   -464.76586751      34       0      28
  981     45.67055448   -107.87260287   -464.76586749      32       0      45
  982     34.28428667    -97.11017048   -464.76586753      49       0      29
  983     31.06148199   -117.71973072   -464.76586746      41       0      29
  984     45.86287305    -78.16222820   -464.76586753      35       0      24
  985     34.80104556   -122.65128008   -464.76586751      29       0      31
  986     35.56927663    -60.90711254   -464.76586746      37       0      23
  987     38.02077438    -68.56448231   -464.76586753      30       0      29
  988     42.00309722    -82.62711334   -464.76586750      30       0      26
  989     21.04534139   -238.24119255   -464.76586751      31       0      18
  990     40.72486677    -88.84835712   -464.76586751      16       0      27
  991     34.01384154   -140.32146754   -464.76586750      26       0      32
  992     48.43376226    -39.78902583   -464.76586750      33       0      39
  993     42.11402753    -67.86735124   -464.76586749      42       0      32
  994     35.49089428   -115.62700348   -464.76586750      41       0      24
  995     36.01570822    -83.82233372   -464.76586752      31       0      29
  996     28.66827692   -150.92558446   -464.76586751      35       0      28
  997     39.96927003   -101.55246931   -464.76586752      36       0      31
  998     40.94996008    -77.54261016   -464.76586753      36       0      40
  999     48.37467993    -55.89594487   -464.76586751      41       0      32
 1000     46.40699486    -59.44574044   -464.76586751      42       0      31
----------------------------------------------------------------------------------
Artificial Bee Colony Optimization Finished!

 -- Results Report --
 * 100 LMs will be saved in [ lm-cl-solvent-LM ].
      #          Energy
      0   -464.76586753
      1   -463.83359455
      2   -463.82531452
      3   -462.62340214
      4   -462.51079622
      5   -462.13681082
      6   -461.40357807
      7   -461.09365123
      8   -460.95302259
      9   -460.90579961
     10   -460.89420335
     11   -460.70831652
     12   -460.64665129
     13   -460.59613239
     14   -460.41941363
     15   -460.41045179
     16   -460.39204430
     17   -460.32109660
     18   -460.31819041
     19   -460.31480255
     20   -460.31068313
     21   -460.30846487
     22   -460.29321233
     23   -460.29247076
     24   -460.19855190
     25   -460.12802260
     26   -460.12589975
     27   -460.02616564
     28   -460.02245576
     29   -459.88970195
     30   -459.88001774
     31   -459.87023927
     32   -459.84632554
     33   -459.83177261
     34   -459.74295475
     35   -459.71239268
     36   -459.66475640
     37   -459.62632436
     38   -459.48690396
     39   -459.47784197
     40   -459.46861873
     41   -459.44846231
     42   -459.41302556
     43   -459.39266992
     44   -459.37458101
     45   -459.37149566
     46   -459.35496651
     47   -459.34076992
     48   -459.30311458
     49   -459.27222353
     50   -459.24604694
     51   -459.24048018
     52   -459.23920771
     53   -459.16828820
     54   -459.11883487
     55   -459.09854684
     56   -459.09819080
     57   -459.07657951
     58   -459.07045734
     59   -459.03031009
     60   -458.87673324
     61   -458.87597271
     62   -458.87308702
     63   -458.85994303
     64   -458.84231903
     65   -458.83869375
     66   -458.81368893
     67   -458.77789248
     68   -458.77277958
     69   -458.72923101
     70   -458.69541257
     71   -458.66283588
     72   -458.64241611
     73   -458.63429700
     74   -458.59618655
     75   -458.59039255
     76   -458.43042711
     77   -458.42425476
     78   -458.41636252
     79   -458.38215887
     80   -458.32355227
     81   -458.32002885
     82   -458.29709490
     83   -458.25759564
     84   -458.20501270
     85   -458.17738481
     86   -458.17083516
     87   -458.11213280
     88   -458.07381916
     89   -458.06179802
     90   -457.94535589
     91   -457.93978375
     92   -457.92777329
     93   -457.92720316
     94   -457.89843061
     95   -457.88812925
     96   -457.87582442
     97   -457.85125358
     98   -457.84348395
     99   -457.84114430

 * Final Global Minimal Energy:   -464.76586738
 * The Global Minimum is saved as: [ lm-cl-solvent-OPT.(cluster/xyz/gjf) ]

===== (^ _ ^) =====
Normal termination at Wed Dec 18 18:36:20 2019.
Total run time: 16186 seconds = 0 days 4 hours 29 minutes 46 seconds.
