    * * * * * * * * * * * * * * * * * * * * *
    *       __    ____    ______            *
    *      /  \  |  _ \  |  ___/  luster !  *
     *    / _  \ | |_| | | |               *
     *   / /_\ | |  _ <  | |     < @  @ >  * 
     *  / ___  | | |_| | | |___ _ _  o     * 
    *  /_/   |_| |____/  |_____ _ __ __  _  *
    *                                       *
    * * * * * * * * * * * * * * * * * * * * *

ABCluster 1.5.1
Specific flag:  official version
Platform:       LINUX/UNIX
Compiled by:    junzhang@gellmann.scs.illinois.edu
Compiling date: Dec 18 2017 20:33:35
C++ compiler:   g++
C++ options:    -O3 -Os -fno-exceptions --std=c++0x -fopenmp 

Contributors:
Jun Zhang(University of Cologne): Design and coding.

For any suggestions, comments, and questions on the theory and
implementation of ABCluster, please feel free to contact:

Dr. Jun Zhang, ZhangJunQcc@gmail.com

If you used this program in your work, please cite this reference:

[1] Zhang, J.; Dolg, M.; ABCluster: The Artificial Bee Colony Algorithm for
    Cluster Global Optimization. Phys. Chem. Chem. Phys. 2015, 17, 24173-24181.
[2] Zhang, J.; Dolg, M.; Global Optimization of Clusters of Rigid Molecules by the
    Artificial Bee Colony Algorithm. Phys. Chem. Chem. Phys. 2016, 18, 3003-3010.

Program starts at Fri Sep 14 15:56:05 2018.
Command line: " /ihome/jkeith/yab16/ABC/ABCluster-Linux/lib/rigidmol-optimizer so4_8_waters.inp "
Process ID:   177392
Run by:       yab16@smp-n53.crc.pitt.edu
Available CPU cores:    24
Read "OMP_NUM_THREADS": Unset

Random number testing (integers): 1516080709...43592756
Random number testing (fractals): 0.62106658...0.69444999

 -- Input/Output Parameters --
Input file name:      so4_8_waters.inp
Cluster file name:    input.cluster
Result file name:     so4_8_waters.(cluster/xyz/gjf)
Temporary file name:  abclusteryab16smp-n53.crc.pitt.edu177392-OPT
# of saved LMs:       100
LMs are stored in:    so4_8_waters-LM

 -- ABC Control Parameters --
Population size:                  500
Maximal generation:              1000
Scout limit:                       15
Amplitude:                10.00000000

 -- Cluster Components: from [ input.cluster ] --
 -----------------------------------------------------------
   Source                                       #   Charge
 -----------------------------------------------------------
   /ihome/jkeith/yab16/ABC/ABCluster-Linux-0/rigidmolecularcluster/charmm36/tip4p.xyz     8    0.000
   /ihome/jkeith/yab16/ABC/ABCluster-Linux-0/rigidmolecularcluster/charmm36/so4.xyz     1   -2.000
 -----------------------------------------------------------
   Dimension: 0, an isolate cluster.
 -----------------------------------------------------------

Artificial Bee Colony Optimization Starts!
----------------------------------------------------------------------------------
 * Population: 500; Maximal cycles: 1000
 * EM = Employed Bee; Trigonometric mutation
 * OL = Onlooker Bee; ABC/best/2(0.5)+ABC/current/2(0.5);
        Tournament selection from 5 nectars.
 * SC = Scout Bee; Random nectar; Limit = 15
----------------------------------------------------------------------------------
    #       Diversity            maxE            minE    byEM    byOL    bySC
----------------------------------------------------------------------------------
    1     20.24323597   -434.52742121   -783.96187033     277      57       0
    2     14.04172881   -717.36058341   -783.96187033     191      77       0
    3     13.16560705   -721.18377758   -783.96187033     140      45       0
    4     12.57365774   -723.31818029   -783.96187033     121      34       0
    5     11.83406713   -739.00911051   -783.96187033      88      26       0
    6     11.18295512   -741.72809606   -783.96187033      88      19       0
    7     10.59569726   -742.01876862   -783.96187033      79      10       0
    8      9.89597447   -747.79333748   -783.96187033      82      12       0
    9      9.26054787   -748.89740090   -783.96187033      88      10       0
   10      8.74966383   -748.89740090   -783.96187033      76       2       0
   11      7.49596398   -753.84994937   -783.96187033     114       2       0
   12      5.84442850   -753.84994937   -783.96187033     109       0       0
   13      3.48737530   -754.39146499   -783.96187033      88       0       0
   14      1.52222057   -754.39146499   -783.96187033      46       0       0
   15      0.00000003   -783.96187033   -783.96187033       7       0       0
   16      0.00000003   -783.96187033   -783.96187033       0       0       0
   17      0.00000003   -783.96187033   -783.96187033       0       0       0
   18     17.66799762   -442.12453337   -783.96187033       0       0      19
   19     51.62794922   -286.92429822   -783.96187033      19       0      59
   20     75.92275949    -79.14347332   -783.96187033      55       0     137
   21 2122397.48530415 43375272.05838279   -783.96187033     113       0     144
   22     39.90661964   -252.87041688   -783.96187033     153       0      92
   23     41.30130193   -182.55345758   -783.96187033     156       0      39
   24     14.94618507   -704.68768751   -783.96187033     134       2      10
   25      9.73273244   -743.62174762   -783.96187033     149       1       0
   26      6.69441260   -748.39983807   -783.96187033     136       0       0
   27      2.23792415   -766.37169977   -783.96187033     104       0       0
   28      0.00000002   -783.96187033   -783.96187033      26       0       0
   29      0.00000002   -783.96187033   -783.96187033       0       0       0
   30      0.00000002   -783.96187033   -783.96187033       0       0       0
   31      0.00000002   -783.96187033   -783.96187033       0       0       0
   32      0.00000002   -783.96187033   -783.96187033       0       0       0
   33      0.00000002   -783.96187033   -783.96187033       0       0       0
   34      0.00000002   -783.96187033   -783.96187033       0       0       0
   35     15.66081169   -483.74709334   -783.96187033       0       0      17
   36     29.84005283   -294.97689463   -783.96187033      17       0      47
   37     52.43610373   -185.56293631   -783.96187033      44       0      74
   38     32.34680516   -194.68322601   -783.96187033      67       0      65
   39 11700662.32551238 261896023.29733279   -783.96187033      87       0      97
   40     47.50105862   -188.90952026   -783.96187033     106       0      89
   41 192509.51305998 4308185.21006900   -783.96187033     119       0      73
   42     30.62813556   -176.88257503   -783.96187033     120       0      30
   43      8.28687533   -719.32231572   -783.96187033     107       0       7
   44      3.16652895   -728.95636269   -783.96187033      59       0       1
   45      0.00000002   -783.96187033   -783.96187033       7       0       0
   46      0.00000002   -783.96187033   -783.96187033       0       0       0
   47      0.00000002   -783.96187033   -783.96187033       0       0       0
   48      0.00000002   -783.96187033   -783.96187033       0       0       0
   49      0.00000002   -783.96187033   -783.96187033       0       0       0
   50      0.00000002   -783.96187033   -783.96187033       0       0       0
   51      0.00000002   -783.96187033   -783.96187033       0       0       0
   52     25.60396811   -241.04662325   -783.96187033       0       0      15
   53 661937.31492180 14815412.22529087   -783.96187033      14       0      39
   54  33186.41914333 742037.36392033   -783.96187033      39       0      68
   55     37.39655345   -275.50854616   -783.96187033      62       0      52
   56 518628.44317110 11607726.70019564   -783.96187033      72       0      77
   57   4100.62228682  91007.37991771   -783.96187033      77       0      83
   58 239854.37484760 5367908.09291940   -783.96187033     108       0      75
   59 16365815.75509399 366316496.82328993   -783.96187033      97       0      66
   60     19.34620972   -477.32568415   -783.96187033     110       0      22
   61      5.55291956   -731.37334370   -783.96187033      90       0       3
   62      1.16593700   -759.04305181   -783.96187033      33       0       0
   63      0.00000002   -783.96187033   -783.96187033       3       0       0
   64      0.00000002   -783.96187033   -783.96187033       0       0       0
   65      0.00000002   -783.96187033   -783.96187033       0       0       0
   66      0.00000002   -783.96187033   -783.96187033       0       0       0
   67      0.00000002   -783.96187033   -783.96187033       0       0       0
   68      0.00000002   -783.96187033   -783.96187033       0       0       0
   69     12.88358926   -603.06408344   -783.96187033       0       0      15
   70     41.58436840   -164.69177891   -783.96187033      14       0      34
   71     40.59731666   -153.13911405   -783.96187033      31       0      50
   72     62.33832926   -128.54150348   -783.96187033      53       0      59
   73 7695356.23260199 172244952.46498761   -783.96187033      63       0      59
   74     36.68003922   -249.25182604   -783.96187033      66       0      77
   75     43.25630395   -241.70212157   -783.96187033      85       0      70
   76  39775.09110128 889515.31121621   -783.96187033      94       0      76
   77     21.29909619   -505.27457171   -783.96187033      89       0      51
   78     16.24721148   -514.88531175   -783.96187033      91       0       8
   79      5.20675549   -737.78488636   -783.96187033      63       0       1
   80      1.47994054   -754.94870011   -783.96187033      25       0       0
   81      0.00000002   -783.96187033   -783.96187033       3       0       0
   82      0.00000002   -783.96187033   -783.96187033       0       0       0
   83      0.00000002   -783.96187033   -783.96187033       0       0       0
   84      0.00000002   -783.96187033   -783.96187033       0       0       0
   85      0.00000002   -783.96187033   -783.96187033       0       0       0
   86     37.81259960   -179.61109058   -783.96187033       0       0      14
   87     33.36728956   -146.57884957   -783.96187033      14       0      30
   88     35.78562333   -251.32470102   -783.96187033      27       0      49
   89     32.72464491   -155.56186054   -783.96187033      48       0      50
   90 192028.90321278 4297424.54546513   -783.96187033      52       0      58
   91 688297.43708524 15405436.65213234   -783.96187033      59       0      58
   92 667597.95390632 14942123.19805678   -783.96187033      70       0      82
   93     55.49080973    343.22723915   -783.96187033      98       0      64
   94     59.29423516   -155.09015675   -783.96187033     109       0      57
   95     35.23726815   -246.45112982   -783.96187033      97       0      25
   96  10676.66338673 238194.89909726   -783.96187033      73       0      13
   97      5.14913529   -717.78715004   -783.96187033      40       0       0
   98      0.00000000   -783.96187033   -783.96187033       8       0       0
   99      0.00000000   -783.96187033   -783.96187033       0       0       0
  100      0.00000000   -783.96187033   -783.96187033       0       0       0
  101      0.00000000   -783.96187033   -783.96187033       0       0       0
  102      0.00000000   -783.96187033   -783.96187033       0       0       0
  103     35.95727947   -180.22274975   -783.96187033       0       0      14
  104     24.30553823   -361.84841358   -783.96187033      13       0      29
  105     46.45084980   -145.03535781   -783.96187033      29       0      47
  106     31.40235920   -250.22700309   -783.96187033      51       0      45
  107     47.57052904   -191.57962174   -783.96187033      52       0      49
  108     37.73123597   -292.90633489   -783.96187033      55       0      44
  109  84587.77873239 1892559.00711674   -783.96187033      61       0      62
  110     60.08197019    -97.00327282   -783.96187033      78       0      75
  111 542169.39229235 12134644.97807471   -783.96187033      92       0      65
  112     33.73801062   -263.21905407   -783.96187033      86       0      48
  113     14.45981462   -572.31527110   -783.96187033      83       0      19
  114  30333.43686258 678172.52452155   -783.96187033      49       0       3
  115      0.00000003   -783.96187033   -783.96187033      17       0       0
  116      0.00000003   -783.96187033   -783.96187033       0       0       0
  117      0.00000003   -783.96187033   -783.96187033       0       0       0
  118      0.00000003   -783.96187033   -783.96187033       0       0       0
  119      0.00000003   -783.96187033   -783.96187033       0       0       0
  120     13.61543765   -579.05246464   -783.96187033       0       0      14
  121     33.91723917   -200.11929296   -783.96187033      14       0      21
  122     43.33914365   -191.94298840   -783.96187033      19       0      44
  123     38.93032030   -153.73442740   -783.96187033      43       0      45
  124  66557.61778605 1488985.37668736   -783.96187033      48       0      45
  125     30.67102871   -311.49087442   -783.96187033      49       0      41
  126 513472.88108200 11492325.60196859   -783.96187033      53       0      57
  127     34.89161348   -249.98991444   -783.96187033      60       0      68
  128  24810.90882612 554572.60307523   -783.96187033      81       0      66
  129     47.98550450   -207.37857184   -783.96187033      79       0      63
  130     22.46390098   -363.03719605   -783.96187033      91       0      26
  131     18.34280632   -400.94595702   -783.96187033      74       0      10
  132      1.49172140   -756.81769898   -783.96187033      33       0       0
  133      0.00000001   -783.96187033   -783.96187033       3       0       0
  134      0.00000001   -783.96187033   -783.96187033       0       0       0
  135      0.00000001   -783.96187033   -783.96187033       0       0       0
  136      0.00000001   -783.96187033   -783.96187033       0       0       0
  137     12.68240646   -533.53574511   -783.96187033       0       0      14
  138     26.09943877   -320.41802882   -783.96187033      14       0      20
  139 326699.65421543 7311763.43998597   -783.96187033      19       0      36
  140     27.63345211   -339.40604526   -783.96187033      33       0      47
  141     45.96226497   -233.31273794   -783.96187033      49       0      43
  142     34.42898757   -344.64988453   -783.96187033      50       0      42
  143     41.34526610   -227.83894372   -783.96187033      57       0      54
  144     37.87022876   -163.87649314   -783.96187033      67       0      52
  145     31.47395202   -295.98292238   -783.96187033      66       0      65
  146     35.37237620   -298.96003881   -783.96187033      70       0      55
  147 1119666.60771135 25060805.41983435   -783.96187033      78       0      52
  148     16.36444211   -501.37852814   -783.96187033      69       0      19
  149      3.72734234   -728.35650043   -783.96187033      41       0       1
  150      0.00000000   -783.96187033   -783.96187033      11       0       0
  151      0.00000000   -783.96187033   -783.96187033       0       0       0
  152      0.00000000   -783.96187033   -783.96187033       0       0       0
  153      0.00000000   -783.96187033   -783.96187033       0       0       0
  154      7.23027948   -717.53089999   -783.96187033       0       0      14
  155     26.18023190   -231.49370218   -783.96187033      14       0      19
  156     23.01145503   -327.63979576   -783.96187033      19       0      30
  157     14.64136169   -697.98643331   -783.96187033      31       0      44
  158     29.04724290   -293.88620899   -783.96187033      50       0      45
  159     36.35828115   -243.73027939   -783.96187033      49       0      38
  160     26.23777368   -286.00139440   -783.96187033      48       0      51
  161  85641.53151838 1916146.01750073   -783.96187033      61       0      56
  162     27.07600508   -272.69830658   -783.96187033      66       0      56
  163     46.63293661   -189.61883185   -783.96187033      66       0      59
  164     38.18510268   -204.49721123   -783.96187033      66       0      48
  165     43.74598941   -202.51322886   -783.96187033      69       0      35
  166     12.71411906   -527.64826232   -783.96187033      56       0       5
  167      1.39490452   -755.63001084   -783.96187033      20       0       0
  168      0.00000000   -783.96187033   -783.96187033       3       0       0
  169      0.00000000   -783.96187033   -783.96187033       0       0       0
  170      0.00000000   -783.96187033   -783.96187033       0       0       0
  171     18.79764977   -400.40613641   -783.96187033       0       0      13
  172     22.86007795   -318.34656378   -783.96187033      13       0      16
  173      9.83560872   -660.54341570   -783.96187033      16       0      29
  174     20.04096741   -477.23881126   -783.96187033      26       0      41
  175     47.41195198   -169.16919770   -783.96187033      42       0      43
  176 281323.56074820 6296107.30647677   -783.96187033      52       0      36
  177     46.00035210   -252.82635681   -783.96187033      51       0      49
  178     41.99198394   -208.78932088   -783.96187033      55       0      52
  179     29.85433213   -365.47072633   -783.96187033      64       0      60
  180     34.87829265   -255.93748497   -783.96187033      74       0      62
  181     37.17781512   -327.67414805   -783.96187033      80       0      47
  182 119391.73099835 2671577.95333063   -783.96187033      69       0      39
  183     30.06501795   -309.64710439   -783.96187033      50       0      12
  184      2.64153574   -747.16013938   -783.96187033      29       0       1
  185      0.00000001   -783.96187033   -783.96187033       5       0       0
  186      0.00000001   -783.96187033   -783.96187033       0       0       0
  187      0.00000001   -783.96187033   -783.96187033       0       0       0
  188     26.48752373   -223.84234335   -783.96187033       0       0      13
  189 1983685.85657001 44400207.05872034   -783.96187033      12       0      16
  190 3402743.60784058 76163081.32691212   -783.96187033      18       0      27
  191     28.88477913   -184.24950949   -783.96187033      25       0      32
  192     57.82670818   -123.35500579   -783.96187033      35       0      40
  193     29.76120374   -296.10552355   -783.96187033      39       0      42
  194     44.36392150   -221.72704802   -783.96187033      50       0      45
  195     34.90775865   -307.89816943   -783.96187033      48       0      46
  196     31.38196682   -222.25584452   -783.96187033      50       0      57
  197  32021.69768770 715968.66854480   -783.96187033      63       0      62
  198     55.16068944    -40.06913903   -783.96187033      70       0      56
  199     51.09324489   -161.73757491   -783.96187033      61       0      44
  200     19.37723312   -447.32895422   -783.96187033      68       0      19
  201      5.26303811   -700.30637790   -783.96187033      48       0       1
  202      0.00494111   -783.85127314   -783.96187033      15       0       0
  203      0.00000001   -783.96187033   -783.96187033       1       0       0
  204      0.00000001   -783.96187033   -783.96187033       0       0       0
  205      7.07835121   -704.12277779   -783.96187033       0       0      12
  206     27.61175702   -186.05117584   -783.96187033      12       0      17
  207     26.63700312   -271.02392778   -783.96187033      17       0      25
  208     56.43386328    -86.46657812   -783.96187033      27       0      32
  209     41.44725307   -241.41652154   -783.96187033      33       0      35
  210     29.22760624   -423.38736705   -783.96187033      41       0      46
  211     41.51296204   -101.19130816   -783.96187033      45       0      40
  212 476715.39395145 10669577.41908604   -783.96187033      45       0      40
  213 1300286.96752440 29103645.99671752   -783.96187033      53       0      54
  214     49.13879455   -147.67154919   -783.96187033      58       0      70
  215     40.96139143   -205.24503182   -783.96187033      75       0      47
  216     52.16885673   -167.93896834   -783.96187033      82       0      49
  217     40.92938542   -145.14897589   -783.96187033      73       0      24
  218     14.76108592   -477.35405578   -783.96187033      48       0       8
  219      1.92490997   -740.87646795   -783.96187033      13       0       1
  220      0.00000001   -783.96187033   -783.96187033       1       0       0
  221      0.00000001   -783.96187033   -783.96187033       0       0       0
  222      7.91129990   -693.54943924   -783.96187033       0       0      12
  223     36.86366167   -159.82747225   -783.96187033      12       0      14
  224     16.75429856   -486.69090721   -783.96187033      14       0      26
  225     40.68669994   -254.94607261   -783.96187033      26       0      28
  226     32.50464706   -277.74873632   -783.96187033      32       0      38
  227 124657.17743047 2789431.41576880   -783.96187033      41       0      40
  228     38.41407166   -191.22866791   -783.96187033      53       0      40
  229 1110230.12436010 24849587.61199142   -783.96187033      48       0      40
  230     22.30139214   -408.08232016   -783.96187033      50       0      52
  231     56.75278097   -239.01598603   -783.96187033      52       0      49
  232     41.60339143   -164.70522142   -783.96187033      62       0      54
  233 1545330.58796093 34588479.15924004   -783.96187033      60       0      60
  234     40.55017539   -174.37709833   -783.96187033      83       0      38
  235     25.78380066   -233.66486962   -783.96187033      55       0       8
  236      2.00825083   -746.66682347   -783.96187033      29       0       1
  237      0.00000002   -783.96187033   -783.96187033       2       0       0
  238      0.00000002   -783.96187033   -783.96187033       0       0       0
  239     19.39190716   -376.94782502   -783.96187033       0       0      11
  240     19.68193171   -390.32384042   -783.96187033      11       0      15
  241     31.72793682   -180.98785906   -783.96187033      15       0      22
  242     19.94251491   -406.79455835   -783.96187033      22       0      25
  243     28.18278720   -256.04635543   -783.96187033      24       0      34
  244     35.51084569   -282.38095922   -783.96187033      36       0      39
  245     38.33429566   -306.21362505   -783.96187033      42       0      45
  246     25.46177204   -392.14718154   -783.96187033      52       0      44
  247     23.64258574   -405.19491466   -783.96187033      53       0      41
  248     54.49767939   -185.04921434   -783.96187033      54       0      48
  249     16.16513174   -656.88832613   -783.96187033      54       0      50
  250 2652597.50690186 59372510.41061382   -783.96187033      59       0      62
  251     38.92926666   -276.41695713   -783.96187033      70       0      46
  252     23.26245265   -313.42619347   -783.96187033      68       0      17
  253      4.22746110   -722.73818409   -783.96187033      35       0       1
  254      0.00000000   -783.96187033   -783.96187033       8       0       0
  255      0.00000000   -783.96187033   -783.96187033       0       0       0
  256      7.01176560   -706.98847502   -783.96187033       0       0      11
  257      7.90034023   -721.62977106   -783.96187033      11       0      15
  258     10.82511955   -685.61539843   -783.96187033      16       0      19
  259     17.93821043   -485.22189729   -783.96187033      19       0      26
  260     13.46651222   -629.68335864   -783.96187033      29       0      33
  261     30.11385376   -151.93922795   -783.96187033      34       0      32
  262     24.98100471   -305.55210667   -783.96187033      36       0      42
  263     61.68388555   -161.07876420   -783.96187033      43       0      46
  264     50.11699161   -172.98367695   -783.96187033      53       0      47
  265 790815.91417834 17700114.33133113   -783.96187033      49       0      44
  266     49.21357552   -200.60777953   -783.96187033      57       0      44
  267 877507.83817973 19640548.59583358   -783.96187033      53       0      57
  268 17706349.19937080 396321749.56051069   -783.96187033      67       0      57
  269 337466.16865205 7552751.38376898   -783.96187033      69       0      23
  270      5.34616841   -737.50641116   -783.96187033      45       0       4
  271      1.68883194   -751.33343464   -783.96187033      15       0       0
  272      0.00000000   -783.96187033   -783.96187033       3       0       0
  273      9.51250030   -647.53458706   -783.96187033       0       0      10
  274      8.04008231   -701.63971687   -783.96187033      10       0      15
  275     11.80988653   -642.32169916   -783.96187033      15       0      18
  276     23.94640583   -297.92331318   -783.96187033      20       0      26
  277     36.32801279   -339.25964147   -783.96187033      26       0      31
  278     24.93364450   -295.70778047   -783.96187033      32       0      32
  279  48659.21652562 1088364.66590318   -783.96187033      33       0      38
  280     26.84196362   -282.44379623   -783.96187033      42       0      47
  281     14.98766709   -656.43525591   -783.96187033      57       0      40
  282     38.88428336   -181.26686091   -783.96187033      54       0      51
  283     43.51229532   -202.54667667   -783.96187033      55       0      38
  284     37.18171032   -222.31864634   -783.96187033      53       0      56
  285     36.03926088   -351.65585381   -783.96187033      61       0      55
  286     60.54456594    -80.88699390   -783.96187033      73       0      33
  287     21.78776038   -325.80464754   -783.96187033      52       0      10
  288      1.59592935   -757.63951623   -783.96187033      24       0       0
  289      0.00000000   -783.96187033   -783.96187033       3       0       0
  290     39.80038646   -128.05382792   -783.96187033       0       0      10
  291      6.42967879   -715.75485985   -783.96187033      10       0      13
  292     36.28193778   -153.78678483   -783.96187033      13       0      19
  293     22.83874662   -315.40888448   -783.96187033      17       0      23
  294     25.97587196   -258.22210797   -783.96187033      27       0      32
  295     22.85584993   -343.02882950   -783.96187033      34       0      32
  296     11.61421035   -718.11845421   -783.96187033      33       0      30
  297  14503.68283128 323857.88307318   -783.96187033      34       0      45
  298     26.23818470   -297.83038837   -783.96187033      42       0      46
  299     40.68760676   -167.40965676   -783.96187033      50       0      46
  300 2845938.36590761 63700073.46624351   -783.96187033      56       0      40
  301     40.23861612   -262.22597067   -783.96187033      57       0      53
  302 7152290.72458698 160089477.71556029   -783.96187033      57       0      49
  303     28.61251336   -314.57989284   -783.96187033      70       0      41
  304     23.28820777   -313.20359528   -783.96187033      54       0      20
  305      3.70862434   -735.78646086   -783.96187033      32       0       1
  306      0.00000000   -783.96187033   -783.96187033       7       0       0
  307      7.12473981   -709.55143596   -783.96187033       0       0      10
  308      7.11168785   -720.35292444   -783.96187033      10       0      13
  309     32.16549510   -287.99441423   -783.96187033      13       0      16
  310     21.39167998   -350.68088897   -783.96187033      16       0      23
  311     35.05544710   -306.25233074   -783.96187033      23       0      32
  312     17.66397762   -486.42011738   -783.96187033      35       0      29
  313     49.47648197   -168.41599441   -783.96187033      29       0      34
  314     41.85036403   -194.28198576   -783.96187033      41       0      42
  315     49.04669767   -185.86839450   -783.96187033      41       0      39
  316     33.96709155   -247.07425085   -783.96187033      49       0      43
  317     37.98032543   -180.06299998   -783.96187033      48       0      43
  318     28.47859117   -293.61764741   -783.96187033      47       0      54
  319     31.65642123   -326.12706737   -783.96187033      56       0      50
  320 255416.33040156 5716226.20176623   -783.96187033      59       0      42
  321     36.49464630   -182.81724646   -783.96187033      65       0      27
  322      6.42040424   -706.00711833   -783.96187033      43       0       3
  323      0.00000001   -783.96187033   -783.96187033      18       0       0
  324      5.88149651   -729.79921461   -783.96187033       0       0      10
  325     22.63839592   -305.68279557   -783.96187033      10       0      13
  326     24.91203800   -277.35356782   -783.96187033      14       0      15
  327     39.08671878   -182.50463430   -783.96187033      14       0      21
  328     33.20613149   -269.49515497   -783.96187033      22       0      32
  329     27.83271564   -335.61280997   -783.96187033      36       0      27
  330     55.85751900   -143.87701782   -783.96187033      33       0      33
  331     36.96460808   -277.46327591   -783.96187033      34       0      40
  332 102926.72775543 2303037.10144868   -783.96187033      45       0      42
  333 931143.50350839 20841075.30303179   -783.96187033      48       0      40
  334     36.91928581   -245.27895182   -783.96187033      49       0      46
  335 151542.74637778 3391215.54376547   -783.96187033      52       0      46
  336     37.36123698   -198.88576702   -783.96187033      58       0      47
  337     32.19155398   -346.28768512   -783.96187033      62       0      44
  338     26.63624881   -343.72917265   -783.96187033      51       0      35
  339     15.84742476   -464.32379551   -783.96187033      47       0       9
  340      1.31764276   -755.22692938   -783.96187033      22       0       0
  341     32.64753921    -65.65940361   -783.96187033       2       0       9
  342     16.97863696   -451.20131848   -783.96187033       9       0      14
  343     20.28877434   -397.64746359   -783.96187033      14       0      13
  344      9.12577744   -716.00793649   -783.96187033      13       0      17
  345     24.68537750   -301.65274745   -783.96187033      19       0      35
  346     38.56905300   -187.85008532   -783.96187033      33       0      27
  347     13.95363592   -679.57026846   -783.96187033      30       0      33
  348     26.07213761   -287.29859381   -783.96187033      38       0      34
  349     42.82500148   -223.86915594   -783.96187033      43       0      38
  350     26.47783304   -377.81277953   -783.96187033      43       0      43
  351     43.74610717   -120.13103169   -783.96187033      51       0      46
  352     18.54138957   -583.22801587   -783.96187033      53       0      45
  353     39.34171836   -253.78846853   -783.96187033      58       0      48
  354     40.20803455   -255.13145078   -783.96187033      56       0      42
  355     35.96172347    -96.34337130   -783.96187033      52       0      42
  356     10.27571485   -701.55820711   -783.96187033      60       0      13
  357      3.55424282   -724.16968583   -783.96187033      34       0       1
  358     12.37398884   -541.24398583   -783.96187033       7       0       9
  359     22.11497562   -335.70423626   -783.96187033       9       0      13
  360     23.55423298   -276.13398378   -783.96187033      12       0      13
  361   1698.84060646  37242.20112737   -783.96187033      14       0      15
  362     16.17904521   -546.72967844   -783.96187033      15       0      33
  363     29.53591942   -204.40634910   -783.96187033      34       0      30
  364     11.88892881   -684.80863576   -783.96187033      34       0      28
  365     30.72955258   -148.90830278   -783.96187033      31       0      32
  366     49.73667670   -205.11282954   -783.96187033      37       0      40
  367     35.84323856   -144.71356787   -783.96187033      49       0      40
  368     38.58586193   -125.10182632   -783.96187033      51       0      42
  369     46.19455982   -134.72738801   -783.96187033      50       0      48
  370     45.70516637   -178.09410762   -783.96187033      59       0      48
  371 76494894.09670925 1712190101.97609925   -783.96187033      59       0      38
  372     33.58779861   -305.41877344   -783.96187033      57       0      40
  373 6324212.10213304 141554527.88353348   -783.96187033      50       0      30
  374     11.99877962   -549.13199563   -783.96187033      38       0       1
  375      7.27201933   -695.38407587   -783.96187033      15       0       9
  376     43.39940305   -107.11090327   -783.96187033      11       0      13
  377     28.54666707   -169.24448356   -783.96187033      12       0      12
  378     43.56431616   -158.48270309   -783.96187033      13       0      15
  379     42.36047501   -195.49507779   -783.96187033      15       0      30
  380     41.50123982    -98.94095120   -783.96187033      31       0      27
  381 619668.15394326 13869297.26252426   -783.96187033      31       0      31
  382 233520.03620617 5226116.50246561   -783.96187033      32       0      28
  383     17.21735160   -520.02952461   -783.96187033      37       0      39
  384   1005.67910652  21719.03084731   -783.96187033      48       0      32
  385     31.14713490   -183.56811978   -783.96187033      41       0      50
  386 107763.61408398 2411302.89140914   -783.96187033      51       0      44
  387     38.92428641   -271.70574988   -783.96187033      55       0      45
  388     38.04430930   -242.39473556   -783.96187033      55       0      46
  389     20.66907804   -480.64645913   -783.96187033      58       0      37
  390     60.41386706   -204.34312825   -783.96187033      50       0      33
  391      8.55143525   -698.54081244   -783.96187033      42       0       9
  392      5.70516285   -729.35022549   -783.96187033      22       0       9
  393 16578885.99384090 371085651.03411651   -783.96187033       9       0      13
  394      6.74439324   -708.66183917   -783.96187033      13       0      11
  395      8.10607703   -704.37790425   -783.96187033      12       0      15
  396     30.90280225   -325.43241072   -783.96187033      15       0      24
  397 154180.72266662 3450258.34251004   -783.96187033      23       0      29
  398  59716.51474034 1335859.66092044   -783.96187033      32       0      29
  399     29.10323127   -247.24230750   -783.96187033      29       0      29
  400     22.01794732   -356.28830710   -783.96187033      37       0      34
  401     43.77210570    -96.86742329   -783.96187033      33       0      41
  402     30.55786104   -345.12670421   -783.96187033      44       0      43
  403     29.98648106   -306.25836335   -783.96187033      49       0      38
  404     48.72837639   -200.15096315   -783.96187033      43       0      53
  405 1033110.79126000 23123416.74100927   -783.96187033      58       0      41
  406     14.46672321   -674.26229334   -783.96187033      58       0      39
  407  65339.21707388 1461713.35606333   -783.96187033      56       0      34
  408     10.57565128   -690.78044500   -783.96187033      51       0      18
  409      6.55192137   -703.92315519   -783.96187033      29       0       9
  410     17.56435890   -442.20189834   -783.96187033      12       0      12
  411  94853.20946861 2122324.46051435   -783.96187033      12       0      12
  412     48.57513045   -174.21743688   -783.96187033      12       0      15
  413     19.29762470   -418.79000812   -783.96187033      14       0      22
  414     14.68021110   -543.42166716   -783.96187033      23       0      27
  415     25.08978678   -287.89406759   -783.96187033      28       0      28
  416     39.07284791    -82.68495764   -783.96187033      30       0      32
  417     27.21925814   -374.38767434   -783.96187033      31       0      32
  418     26.08627021   -319.98099658   -783.96187033      38       0      41
  419     40.23284795   -237.02780328   -783.96187033      45       0      41
  420 27724625.68808611 620561571.23698878   -783.96187033      48       0      36
  421 5078883.04153901 113680237.86821465   -783.96187033      46       0      46
  422     22.98243138   -410.82346281   -783.96187033      47       0      37
  423     39.40427600   -191.27065166   -783.96187033      48       0      40
  424     56.26422684   -100.86241094   -783.96187033      53       0      47
  425     21.42516601   -404.09211312   -783.96187033      42       0      22
  426     29.68450128   -143.57237897   -783.96187033      41       0      10
  427      6.28121858   -723.69387911   -783.96187033      13       0      12
  428     24.74547470   -251.55602681   -783.96187033      11       0      12
  429     22.73077590   -306.32843609   -783.96187033      14       0      15
  430      9.47751753   -703.14568410   -783.96187033      15       0      21
  431     10.14875116   -700.32150008   -783.96187033      20       0      24
  432  17846.96016973 398690.67749430   -783.96187033      25       0      31
  433    120.20963499   1766.81802828   -783.96187033      34       0      30
  434     11.89154220   -669.17715667   -783.96187033      33       0      30
  435     24.62661409   -421.01483460   -783.96187033      32       0      38
  436     31.67517016   -323.80308569   -783.96187033      37       0      36
  437     42.02043007   -249.44416023   -783.96187033      41       0      45
  438 881352.57725119 19726601.00223042   -783.96187033      49       0      40
  439     33.42140345   -294.44657186   -783.96187033      44       0      39
  440     38.54754471   -226.65171688   -783.96187033      46       0      42
  441     40.37939954   -158.63911552   -783.96187033      52       0      46
  442     29.35673542   -257.27888229   -783.96187033      53       0      28
  443     26.45962102   -218.57326997   -783.96187033      40       0      11
  444      6.51130501   -699.66813978   -783.96187033      22       0      11
  445     41.77228436   -190.34352904   -783.96187033      12       0      13
  446     24.74012242   -261.05787515   -783.96187033      13       0      15
  447 4062921.87570480 90939899.12153496   -783.96187033      16       0      19
  448     28.45807515   -403.78957148   -783.96187033      21       0      24
  449     36.04521935   -264.29377813   -783.96187033      25       0      29
  450     37.76783708   -212.40823583   -783.96187033      30       0      29
  451     29.57096311   -209.02131228   -783.96187033      34       0      32
  452 10518838.17627210 235443155.39402112   -783.96187033      33       0      39
  453     34.64565609   -204.72430064   -783.96187033      44       0      33
  454     32.66043182   -144.50790683   -783.96187033      39       0      43
  455     48.79913722   -218.36167392   -783.96187033      45       0      44
  456     13.16736531   -701.34436291   -783.96187033      52       0      34
  457     37.61228425   -115.21990660   -783.96187033      53       0      39
  458     36.70662677   -286.70044362   -783.96187033      46       0      48
  459 886009.34543715 19830833.45923978   -783.96187033      57       0      31
  460     32.45415341   -214.16657600   -783.96187033      44       0      16
  461      6.46819237   -721.88421480   -783.96187033      23       0      12
  462     32.15627927   -214.55787239   -783.96187033      15       0      11
  463      9.12596542   -706.28840133   -783.96187033      12       0      16
  464     12.98304989   -594.17578283   -783.96187033      16       0      19
  465     20.93398319   -475.14935766   -783.96187033      20       0      22
  466     34.51239339   -219.91554041   -783.96187033      24       0      27
  467     18.92800419   -442.05381442   -783.96187033      27       0      30
  468 5658515.64130290 126654193.88790122   -783.96187033      32       0      30
  469     30.49846585   -382.62833900   -783.96187033      30       0      39
  470     34.09546906   -246.48631974   -783.96187033      46       0      32
  471     39.73669369   -305.80411588   -783.96187033      40       0      41
  472     12.53836055   -702.77317798   -783.96187033      49       0      36
  473 169127.96935338 3784826.02707340   -783.96187033      42       0      44
  474     38.39816014   -262.54818750   -783.96187033      46       0      39
  475     48.61408005   -222.90033601   -783.96187033      52       0      45
  476 281889190.36335146 6309548557.43064213   -783.96187033      51       0      35
  477      9.57049735   -713.79500788   -783.96187033      46       0      22
  478      7.30108699   -707.01470469   -783.96187033      33       0      12
  479 390705.53857245 8744409.06124864   -783.96187033      15       0      10
  480     29.25858735   -229.10067657   -783.96187033      11       0      17
  481     28.81682964   -163.44451253   -783.96187033      17       0      17
  482      9.56286374   -702.76542858   -783.96187033      17       0      22
  483     12.03810675   -675.19747610   -783.96187033      22       0      28
  484     39.21103694   -280.28990973   -783.96187033      27       0      28
  485     12.24559364   -668.40523464   -783.96187033      33       0      26
  486     35.20803315   -167.75556160   -783.96187033      30       0      36
  487     42.62609374   -222.13795730   -783.96187033      35       0      39
  488     20.60578467   -441.51746718   -783.96187033      44       0      36
  489  18415.16105366 411411.83122161   -783.96187033      40       0      38
  490     27.59895477   -341.18407742   -783.96187033      45       0      40
  491     36.17632818   -183.88009487   -783.96187033      42       0      42
  492     54.40428823   -149.81806381   -783.96187033      43       0      42
  493     23.22877661   -411.29846658   -783.96187033      48       0      38
  494     13.40736932   -664.23796576   -783.96187033      44       0      26
  495  41520.58026170 928576.65064344   -783.96187033      37       0      14
  496      5.65277738   -722.80967729   -783.96187033      19       0      10
  497     14.22662215   -539.69539414   -783.96187033      10       0      18
  498     10.09004250   -698.23766071   -783.96187033      17       0      17
  499     15.12000787   -516.21652927   -783.96187033      18       0      20
  500     44.74145760   -177.46688429   -783.96187033      23       0      25
  501     54.13592630   -191.28744170   -783.96187033      26       0      32
  502     42.09890658   -130.72050313   -783.96187033      36       0      25
  503     12.35530921   -696.12200137   -783.96187033      25       0      33
  504     31.73788597   -290.06124933   -783.96187033      35       0      39
  505     29.60630676   -216.43623085   -783.96187033      41       0      37
  506     26.99648949   -269.20121839   -783.96187033      44       0      38
  507     37.05450146   -273.35129982   -783.96187033      42       0      40
  508     72.62652553    597.83365458   -783.96187033      47       0      42
  509     25.65625600   -309.28144167   -783.96187033      46       0      37
  510     47.45881371   -194.05962916   -783.96187033      47       0      41
  511     37.43321625   -119.02316581   -783.96187033      48       0      30
  512     27.64055026   -195.91554882   -783.96187033      39       0      16
  513      7.45817862   -693.66958327   -783.96187033      22       0      10
  514     24.08716331   -270.67961266   -783.96187033      11       0      17
  515      7.85233130   -704.10759645   -783.96187033      17       0      16
  516     14.51202545   -543.96841082   -783.96187033      15       0      20
  517 2631227.11396075 58894170.88612917   -783.96187033      20       0      23
  518     30.98040766   -330.21805311   -783.96187033      27       0      34
  519     33.26189145   -324.09699146   -783.96187033      38       0      26
  520 324692.63095598 7266839.75069271   -783.96187033      30       0      27
  521     39.54403393   -216.11496631   -783.96187033      26       0      41
  522     33.12031767   -362.66761911   -783.96187033      49       0      38
  523     45.64866042   -157.37623693   -783.96187033      46       0      35
  524     58.07152378   -203.57130851   -783.96187033      47       0      41
  525 1007014.13298479 22536456.50239231   -783.96187033      50       0      42
  526     33.51139681   -313.63635144   -783.96187033      52       0      34
  527     35.64623064   -268.48116136   -783.96187033      45       0      44
  528 230270.76548090 5153388.76064127   -783.96187033      43       0      32
  529     21.95958849   -349.44410237   -783.96187033      40       0      19
  530      7.43910412   -707.93959483   -783.96187033      27       0      11
  531     38.01259698    -81.65858285   -783.96187033      15       0      17
  532      7.89715500   -703.10145773   -783.96187033      17       0      16
  533     19.26828698   -397.21200400   -783.96187033      18       0      16
  534 4268297.09708404 95536828.23197226   -783.96187033      17       0      24
  535     11.22092404   -689.74728547   -783.96187033      25       0      32
  536     37.91155583   -212.44831241   -783.96187033      31       0      29
  537     28.12704980   -191.93054791   -783.96187033      37       0      22
  538     54.31608689    -50.39911172   -783.96187033      23       0      38
  539     32.38882968   -172.92403047   -783.96187033      35       0      38
  540     28.21046638   -418.54686794   -783.96187033      46       0      31
  541     27.16265409   -347.64708610   -783.96187033      34       0      49
  542     29.60029821   -225.32332266   -783.96187033      55       0      37
  543     42.28310894   -205.20055934   -783.96187033      50       0      40
  544     42.95728782   -259.13526616   -783.96187033      51       0      43
  545     39.42534859   -279.40405389   -783.96187033      49       0      35
  546     26.15007099   -279.40405389   -783.96187033      45       0      21
  547 412935.97386840 9241993.74974287   -783.96187033      31       0      11
  548     18.38416398   -458.65833184   -783.96187033      14       0      17
  549     10.04136516   -673.94900383   -783.96187033      17       0      15
  550      8.33215347   -706.36807937   -783.96187033      18       0      17
  551      9.14337418   -722.68005855   -783.96187033      18       0      24
  552     37.50428838   -130.07224206   -783.96187033      23       0      28
  553     27.11724188   -414.24618357   -783.96187033      29       0      33
  554     29.68707417   -298.58508870   -783.96187033      39       0      20
  555     39.78967141   -219.42522474   -783.96187033      27       0      35
  556     22.60565290   -364.41092789   -783.96187033      36       0      34
  557     37.03000359   -248.91147369   -783.96187033      39       0      36
  558     18.33803183   -560.85037976   -783.96187033      44       0      42
  559     19.52923107   -517.70994901   -783.96187033      46       0      40
  560     23.51912180   -494.78642623   -783.96187033      46       0      40
  561     40.16905906   -151.14446712   -783.96187033      44       0      47
  562     53.53221726   -239.86288192   -783.96187033      56       0      33
  563     30.28903447   -160.67776633   -783.96187033      48       0      26
  564     18.74000883   -405.50373149   -783.96187033      30       0      12
  565     19.88911588   -374.96694455   -783.96187033      18       0      16
  566      8.12952384   -718.34212174   -783.96187033      17       0      16
  567 9388838.60835614 210150287.44936040   -783.96187033      18       0      17
  568     24.25043362   -291.01133735   -783.96187033      19       0      21
  569     24.21357350   -301.89159324   -783.96187033      18       0      29
  570     22.09580594   -360.45520438   -783.96187033      31       0      30
  571     32.18861241   -152.78428297   -783.96187033      32       0      25
  572     30.31394267   -273.20247398   -783.96187033      32       0      31
  573     30.86033740   -322.38930737   -783.96187033      33       0      30
  574  73633.96508885 1647377.72794339   -783.96187033      37       0      42
  575     48.75035893   -210.96369061   -783.96187033      46       0      37
  576     48.62136430   -206.38939103   -783.96187033      45       0      40
  577  40496.40287965 905655.14450427   -783.96187033      40       0      41
  578     37.72983215   -202.36662565   -783.96187033      57       0      41
  579     38.42470413   -124.07481641   -783.96187033      45       0      42
  580     15.41609734   -568.20252838   -783.96187033      48       0      27
  581     24.73321867   -300.64456950   -783.96187033      37       0      14
  582     34.86253918   -189.94052792   -783.96187033      17       0      15
  583     23.93954583   -290.97646170   -783.96187033      14       0      17
  584     31.10963411   -172.72229983   -783.96187033      18       0      17
  585     35.73161241   -168.31850745   -783.96187033      21       0      20
  586     34.70664725   -210.57840628   -783.96187033      24       0      30
  587     13.80756935   -599.97356071   -783.96187033      28       0      26
  588     32.37441111   -246.04642142   -783.96187033      27       0      28
  589     11.64025808   -691.61837116   -783.96187033      33       0      26
  590     27.73916055   -289.89043493   -783.96187033      28       0      29
  591  21318.22377191 476388.70678964   -783.96187033      34       0      42
  592     40.80849988   -151.23336790   -783.96187033      42       0      37
  593 138575.85595628 3100977.24392484   -783.96187033      41       0      40
  594 174897.96659618 2895819.69279107   -783.96187033      49       0      44
  595     35.25580781   -221.12041527   -783.96187033      51       0      40
  596  35881.55752661 802361.48306823   -783.96187033      50       0      43
  597     40.30926540   -231.90889797   -783.96187033      49       0      29
  598     27.91490535   -189.46087520   -783.96187033      38       0      17
  599     22.79912565   -294.91030984   -783.96187033      19       0      14
  600      8.43077458   -690.43752409   -783.96187033      15       0      16
  601     12.94620770   -550.59386969   -783.96187033      18       0      15
  602     35.30392974   -229.90811367   -783.96187033      16       0      23
  603     45.17546553   -181.81763270   -783.96187033      25       0      30
  604     50.68502482   -150.58385481   -783.96187033      31       0      25
  605 708268.53891759 15852446.61705221   -783.96187033      31       0      27
  606     21.56797615   -371.52247143   -783.96187033      29       0      25
  607     45.51468555   -178.32656799   -783.96187033      29       0      27
  608     13.74123181   -596.36864113   -783.96187033      28       0      42
  609     30.00124253   -173.10585935   -783.96187033      42       0      31
  610     29.04906692   -347.82924808   -783.96187033      35       0      48
  611     56.06574832   -175.54942233   -783.96187033      53       0      40
  612 1002651.24744505 22441638.51591723   -783.96187033      50       0      43
  613     33.91623321   -297.35987374   -783.96187033      56       0      42
  614 1391032.06730541 31134855.35862405   -783.96187033      48       0      34
  615     28.78120379   -175.77791236   -783.96187033      44       0      17
  616     28.48671854   -260.88945564   -783.96187033      26       0      13
  617 336265.34358668 7525869.75209358   -783.96187033      15       0      18
  618     14.00800661   -513.88224222   -783.96187033      20       0      13
  619      9.81826132   -698.95081105   -783.96187033      14       0      22
  620     11.59945062   -687.33608116   -783.96187033      21       0      28
  621     21.69304205   -462.36900613   -783.96187033      28       0      27
  622     31.70944443   -152.30558592   -783.96187033      27       0      27
  623     16.16761332   -502.67114961   -783.96187033      33       0      25
  624     12.15721979   -695.59025527   -783.96187033      27       0      29
  625     41.78716925   -256.32307635   -783.96187033      33       0      38
  626     32.51372119   -220.52256509   -783.96187033      40       0      31
  627     48.73268516    -89.46123640   -783.96187033      39       0      45
  628     34.57139710   -291.25586993   -783.96187033      51       0      35
  629     31.09897575   -219.20681379   -783.96187033      41       0      46
  630     45.73997435   -235.63549463   -783.96187033      50       0      46
  631     51.57215922   -143.80022696   -783.96187033      53       0      33
  632 163714.88638545 3663663.44282788   -783.96187033      40       0      22
  633     22.90942250   -476.11717685   -783.96187033      38       0      14
  634      9.41126653   -711.04343954   -783.96187033      17       0      18
  635      6.34045392   -727.74830094   -783.96187033      20       0      14
  636     36.07731153   -198.25706133   -783.96187033      16       0      20
  637     23.13580093   -363.13385877   -783.96187033      20       0      28
  638     28.01472130   -209.55311153   -783.96187033      28       0      26
  639 2173419.62938015 48647032.05098819   -783.96187033      29       0      27
  640     36.05269285   -273.22490633   -783.96187033      29       0      25
  641     11.31822727   -703.78830205   -783.96187033      26       0      28
  642     32.58835573   -256.84150214   -783.96187033      33       0      36
  643     51.22234864   -182.10388599   -783.96187033      37       0      31
  644 347930.13830197 7786969.14109087   -783.96187033      39       0      45
  645     13.20278379   -691.51357258   -783.96187033      46       0      35
  646     27.61308288   -443.19333189   -783.96187033      46       0      40
  647 166828.02061193 3733347.40595716   -783.96187033      48       0      48
  648     36.50949599   -276.47487998   -783.96187033      53       0      37
  649     18.08200640   -464.88462848   -783.96187033      46       0      25
  650      9.30341862   -702.68226579   -783.96187033      32       0      17
  651     23.23570456   -299.18365433   -783.96187033      22       0      16
  652      8.53234646   -703.17292852   -783.96187033      17       0      16
  653     43.90395307   -128.88056872   -783.96187033      17       0      20
  654     24.46745068   -294.17455253   -783.96187033      20       0      24
  655     20.80005234   -443.52664087   -783.96187033      24       0      27
  656     29.43657368   -213.27394823   -783.96187033      29       0      28
  657     31.18737326   -118.99121981   -783.96187033      29       0      23
  658     32.90919597   -221.92330038   -783.96187033      28       0      29
  659     15.16669785   -654.72323391   -783.96187033      33       0      34
  660     26.43768244   -282.51424634   -783.96187033      38       0      29
  661     21.69269000   -490.31765317   -783.96187033      33       0      42
  662     49.23252749   -193.73060057   -783.96187033      47       0      40
  663     41.33373859   -186.30390488   -783.96187033      45       0      37
  664     46.97977379   -190.53744810   -783.96187033      44       0      50
  665     25.13959383   -332.89663607   -783.96187033      52       0      38
  666     11.69731936   -698.83872612   -783.96187033      52       0      26
  667     39.07753357   -233.45623933   -783.96187033      37       0      20
  668     27.83579637   -362.61439174   -783.96187033      24       0      16
  669      9.68342188   -709.90121271   -783.96187033      20       0      16
  670     37.35947537   -189.58286357   -783.96187033      16       0      20
  671     49.37503164    -59.45966809   -783.96187033      20       0      24
  672     27.76600773   -325.47349344   -783.96187033      25       0      25
  673 165757.28046010 3709377.88932110   -783.96187033      30       0      27
  674     22.32345875   -420.39227290   -783.96187033      32       0      24
  675     24.79418077   -324.05750351   -783.96187033      28       0      27
  676     37.29043427   -282.83865956   -783.96187033      31       0      33
  677     38.95858186   -214.04787138   -783.96187033      35       0      32
  678     38.42625779   -159.65553948   -783.96187033      36       0      37
  679 774803.07135495 17341696.39078413   -783.96187033      39       0      42
  680     27.04604171   -413.19604360   -783.96187033      45       0      38
  681  20303.23194123 453669.38504024   -783.96187033      44       0      41
  682     40.80463370   -195.53189653   -783.96187033      45       0      45
  683     12.91788894   -693.08919138   -783.96187033      52       0      31
  684     39.72823969   -125.08071132   -783.96187033      40       0      19
  685     22.32529260   -328.32272811   -783.96187033      26       0      19
  686 156879.11885771 3510654.63855654   -783.96187033      20       0      16
  687     18.70829619   -404.32362860   -783.96187033      20       0      18
  688      9.54741803   -686.78832160   -783.96187033      20       0      21
  689     31.60700990   -269.61979212   -783.96187033      23       0      24
  690     28.49464072   -368.18898832   -783.96187033      23       0      29
  691     11.49573412   -709.77238167   -783.96187033      33       0      23
  692     13.30398689   -685.85425780   -783.96187033      32       0      31
  693     11.01554107   -689.28010460   -783.96187033      32       0      28
  694     27.90473735   -229.16143116   -783.96187033      29       0      36
  695     34.92626871   -280.76974975   -783.96187033      36       0      35
  696     44.90840213   -200.40927531   -783.96187033      38       0      41
  697     33.63571607   -248.47020278   -783.96187033      46       0      39
  698     40.03608093   -189.61184013   -783.96187033      43       0      39
  699     39.27747823     41.09653056   -783.96187033      47       0      40
  700     29.75815623   -186.24345654   -783.96187033      47       0      36
  701     37.32972662   -285.37171078   -783.96187033      46       0      24
  702     11.11002795   -699.40250733   -783.96187033      35       0      19
  703 625317.80983153 13995753.60322524   -783.96187033      25       0      16
  704      9.06950605   -701.98850778   -783.96187033      19       0      17
  705 4713679.78812930 105505863.24561757   -783.96187033      17       0      22
  706 1571647.56630990 35177523.09330595   -783.96187033      20       0      21
  707     26.20744581   -255.55521720   -783.96187033      25       0      26
  708     20.77524618   -454.83889307   -783.96187033      27       0      29
  709     23.65190961   -357.98996907   -783.96187033      31       0      30
  710     25.81598513   -273.73233762   -783.96187033      33       0      29
  711 1067727.11549069 23898234.33235472   -783.96187033      36       0      30
  712 1254000.73315060 28067611.89621938   -783.96187033      33       0      38
  713     40.60102941   -145.58661885   -783.96187033      40       0      40
  714     16.16080207   -606.10419623   -783.96187033      45       0      38
  715  64830.41021325 1450325.90051033   -783.96187033      42       0      37
  716     30.76125590   -322.11943627   -783.96187033      46       0      37
  717 109679.22778615 2454182.93739733   -783.96187033      47       0      40
  718  32921.61254093 736106.18692267   -783.96187033      46       0      26
  719     30.76695861   -278.37471827   -783.96187033      37       0      21
  720     34.08963383   -237.04713758   -783.96187033      26       0      19
  721     23.56486399   -294.41211514   -783.96187033      22       0      17
  722      9.32692147   -696.87109946   -783.96187033      16       0      20
  723  38637.86100577 864053.64189550   -783.96187033      22       0      22
  724      9.84047058   -695.70392917   -783.96187033      24       0      23
  725 170212.23167514 3809094.76406997   -783.96187033      22       0      28
  726 4598316.25760341 102898904.15208586   -783.96187033      31       0      31
  727     28.26654805   -305.78935075   -783.96187033      35       0      30
  728     12.09425720   -672.42666469   -783.96187033      36       0      29
  729     26.01538230   -338.26008444   -783.96187033      32       0      36
  730     37.40780179   -150.92613044   -783.96187033      39       0      40
  731     35.12788774   -278.26072579   -783.96187033      43       0      36
  732 291876.43770137 6532312.12238167   -783.96187033      45       0      36
  733     26.58791329   -264.01805052   -783.96187033      37       0      38
  734     30.22892785   -194.39421649   -783.96187033      44       0      40
  735     11.56592165   -718.76084485   -783.96187033      47       0      29
  736     34.85657194   -214.09328391   -783.96187033      34       0      26
  737     21.26120592   -341.02280613   -783.96187033      31       0      19
  738     18.93208819   -412.17674094   -783.96187033      27       0      16
  739     32.69072900    -90.69411280   -783.96187033      19       0      20
  740     21.80948845   -380.60565798   -783.96187033      23       0      23
  741     32.06676205   -237.28120449   -783.96187033      25       0      20
  742     23.39043176   -376.60560660   -783.96187033      23       0      25
  743     14.05112811   -672.88443216   -783.96187033      27       0      32
  744 156248.57281773 3496545.24822564   -783.96187033      33       0      32
  745     22.31185680   -359.93659442   -783.96187033      37       0      29
  746     38.88049791   -215.94283312   -783.96187033      39       0      35
  747 4511354.71697247 100977208.86008635   -783.96187033      41       0      36
  748     40.39993412   -243.35123435   -783.96187033      42       0      40
  749     35.12128971   -176.62405658   -783.96187033      43       0      33
  750     60.21130076   -192.58049887   -783.96187033      48       0      42
  751     37.70810574   -175.67872790   -783.96187033      41       0      36
  752     37.57528838   -268.03604909   -783.96187033      44       0      34
  753     11.98488019   -673.88561617   -783.96187033      45       0      21
  754     23.02035736   -336.13275159   -783.96187033      27       0      22
  755      9.04519547   -704.88999720   -783.96187033      22       0      17
  756 34581176.15159750 774033328.06152797   -783.96187033      22       0      22
  757     37.64496680   -294.77095106   -783.96187033      27       0      19
  758     38.62062943   -187.69756336   -783.96187033      19       0      24
  759 1194575.39315618 26737487.58034734   -783.96187033      23       0      23
  760     19.98125286   -487.11140439   -783.96187033      24       0      31
  761     25.15216802   -396.94601320   -783.96187033      30       0      25
  762     44.21760978    -10.63221502   -783.96187033      28       0      35
  763     20.89932093   -426.54377153   -783.96187033      33       0      34
  764     27.12304066   -241.37724719   -783.96187033      39       0      33
  765 2677687.53807280 59934099.33405712   -783.96187033      34       0      40
  766     45.85279603   -201.34448917   -783.96187033      40       0      38
  767     28.13402470   -241.13362023   -783.96187033      43       0      38
  768     30.59670787   -176.61554791   -783.96187033      52       0      36
  769     36.77311151   -279.85328314   -783.96187033      51       0      38
  770     30.27778466   -150.43715445   -783.96187033      54       0      23
  771     10.00212143   -708.11930914   -783.96187033      29       0      21
  772     13.86081113   -515.92714114   -783.96187033      28       0      17
  773     10.29547226   -704.99200188   -783.96187033      19       0      25
  774     16.49924596   -514.47563447   -783.96187033      27       0      19
  775 407548.08877091 9121398.32220600   -783.96187033      20       0      24
  776     40.20725081   -263.86235561   -783.96187033      26       0      20
  777     36.55098287   -250.78689668   -783.96187033      22       0      34
  778 1552489.00967680 34748695.62214825   -783.96187033      38       0      22
  779     39.20841946   -230.28996443   -783.96187033      25       0      34
  780     22.58518735   -370.11700548   -783.96187033      35       0      36
  781     12.60203162   -704.26943120   -783.96187033      42       0      29
  782     33.66999176   -174.06099313   -783.96187033      34       0      38
  783     28.67259574   -359.88698779   -783.96187033      40       0      36
  784     15.83490135   -639.15782360   -783.96187033      49       0      38
  785     41.51729067   -161.19098213   -783.96187033      48       0      35
  786 122755.61900939 2746871.24503215   -783.96187033      44       0      43
  787     32.47871116   -252.86904041   -783.96187033      46       0      23
  788     27.58532858   -215.12557885   -783.96187033      35       0      24
  789      8.41168903   -714.46272604   -783.96187033      28       0      18
  790     26.95630989   -412.24474853   -783.96187033      19       0      26
  791      8.62537701   -693.58760588   -783.96187033      28       0      18
  792     23.21822847   -305.65642622   -783.96187033      24       0      22
  793     10.17029022   -699.55356348   -783.96187033      27       0      22
  794     40.83082961   -156.15186491   -783.96187033      24       0      33
  795     27.41069337   -205.81116170   -783.96187033      32       0      24
  796     41.10582851   -157.87258796   -783.96187033      27       0      29
  797     17.40022713   -511.35617705   -783.96187033      31       0      35
  798     51.59809244   -134.63734141   -783.96187033      39       0      30
  799     39.28129597   -327.88897172   -783.96187033      34       0      34
  800     48.24661012   -115.11473470   -783.96187033      38       0      37
  801     43.69228391   -248.30183941   -783.96187033      42       0      40
  802     27.66949596   -253.31979532   -783.96187033      44       0      34
  803   9127.65185863 203525.05435685   -783.96187033      37       0      42
  804 2097228.89760854 46941650.06149845   -783.96187033      45       0      29
  805     27.37594777   -347.96741317   -783.96187033      36       0      25
  806     13.61906178   -554.84456251   -783.96187033      30       0      19
  807     35.74535403   -194.28565664   -783.96187033      22       0      22
  808     19.83414094   -390.29694563   -783.96187033      25       0      17
  809     22.32377992   -363.48200590   -783.96187033      18       0      28
  810     10.06119242   -703.84717869   -783.96187033      28       0      20
  811     11.44050421   -683.54806815   -783.96187033      22       0      30
  812     36.44150753   -265.70940966   -783.96187033      30       0      28
  813     29.24092739   -332.92268219   -783.96187033      29       0      27
  814     12.52461301   -694.51216074   -783.96187033      32       0      32
  815 1951714.96731442 43684602.03798574   -783.96187033      33       0      33
  816     29.99980903   -284.78442963   -783.96187033      38       0      36
  817     23.66092800   -330.00006429   -783.96187033      41       0      29
  818     40.08007240   -217.70331140   -783.96187033      34       0      46
  819     49.02637663   -203.98540491   -783.96187033      47       0      34
  820     33.99622583   -156.19864246   -783.96187033      42       0      40
  821     46.75264683   -201.53803562   -783.96187033      49       0      30
  822     18.23806870   -469.59075234   -783.96187033      39       0      27
  823     26.74009226   -220.93504614   -783.96187033      30       0      18
  824     18.55341811   -432.78516945   -783.96187033      19       0      24
  825     28.94439839   -177.74712256   -783.96187033      22       0      18
  826   2443.33310115  53902.98234187   -783.96187033      26       0      25
  827     13.63416131   -599.43166286   -783.96187033      25       0      23
  828     44.91339590   -199.70013467   -783.96187033      26       0      27
  829     21.67501647   -379.72712835   -783.96187033      30       0      26
  830 473655.57803013 10601087.74037948   -783.96187033      34       0      31
  831  52929.87663057 1183952.61727806   -783.96187033      34       0      27
  832     30.80899025   -344.67260903   -783.96187033      29       0      34
  833     25.34277811   -287.48561873   -783.96187033      35       0      37
  834     22.61985152   -369.76390591   -783.96187033      43       0      31
  835     61.56657755   -183.89175615   -783.96187033      35       0      38
  836     53.93380644   -128.46631088   -783.96187033      42       0      37
  837 24539980.32970099 549279420.01997352   -783.96187033      46       0      42
  838 1180490.25531193 26422221.25432196   -783.96187033      50       0      31
  839     25.42294459   -284.83801039   -783.96187033      44       0      30
  840     11.33127161   -680.41359911   -783.96187033      38       0      18
  841     18.46407418   -507.62578174   -783.96187033      25       0      19
  842     29.15864896   -182.31007164   -783.96187033      23       0      23
  843     26.74497905   -229.05053639   -783.96187033      26       0      24
  844     34.54579765   -242.71614337   -783.96187033      24       0      23
  845     40.50821376   -226.42305932   -783.96187033      27       0      21
  846 13394310.88223427 299805074.45313555   -783.96187033      26       0      32
  847     45.32263611   -108.82169545   -783.96187033      34       0      30
  848     36.29746001   -185.55461105   -783.96187033      34       0      24
  849     36.51291192   -228.56729637   -783.96187033      25       0      33
  850     17.31814470   -564.67819230   -783.96187033      37       0      42
  851     17.18735411   -510.36646055   -783.96187033      45       0      24
  852     32.55958504   -218.34851833   -783.96187033      36       0      41
  853     18.51336270   -488.78424124   -783.96187033      43       0      34
  854     51.13600859    -94.23322750   -783.96187033      45       0      43
  855     34.94655419   -214.27515528   -783.96187033      51       0      30
  856     32.10973233   -295.27804748   -783.96187033      34       0      35
  857     31.95438982   -121.93562210   -783.96187033      40       0      18
  858     17.32888204   -463.41008944   -783.96187033      27       0      21
  859     21.94704650   -367.58160820   -783.96187033      25       0      23
  860      9.69008261   -716.43081664   -783.96187033      25       0      23
  861     29.49644285   -169.00109500   -783.96187033      27       0      23
  862     10.36934298   -713.37333887   -783.96187033      26       0      21
  863     30.17991521   -257.98440410   -783.96187033      27       0      32
  864     26.41365596   -283.19329576   -783.96187033      32       0      30
  865     35.34994600   -216.20038648   -783.96187033      33       0      22
  866     33.79067034    -80.78531500   -783.96187033      27       0      35
  867     43.51243261   -143.57998193   -783.96187033      41       0      31
  868     28.26316482   -290.97973751   -783.96187033      37       0      31
  869     38.02847688   -161.48632412   -783.96187033      39       0      40
  870     33.95579129   -233.92890416   -783.96187033      43       0      35
  871     54.67289155   -184.01872518   -783.96187033      40       0      45
  872     31.51467384   -339.36441918   -783.96187033      50       0      32
  873     37.92768804   -194.33090846   -783.96187033      45       0      33
  874     12.55849201   -632.31036052   -783.96187033      40       0      19
  875     10.84365996   -692.98278887   -783.96187033      28       0      23
  876     20.08821628   -378.41788064   -783.96187033      27       0      21
  877     19.41255302   -422.10964138   -783.96187033      19       0      23
  878     44.51462215   -113.66463969   -783.96187033      27       0      22
  879     22.46022222   -326.52785150   -783.96187033      24       0      25
  880     30.30380414   -162.73126322   -783.96187033      29       0      30
  881     40.59529030   -264.17610806   -783.96187033      32       0      27
  882   6258.45273109 139301.71810087   -783.96187033      30       0      23
  883     31.79392102   -270.99453463   -783.96187033      28       0      34
  884     48.51285766    -41.10917682   -783.96187033      32       0      29
  885     31.24486178   -323.59094684   -783.96187033      36       0      35
  886   1497.12796610  32719.83500377   -783.96187033      40       0      36
  887     48.99516208   -205.30845746   -783.96187033      39       0      35
  888     39.36131880   -137.72906674   -783.96187033      49       0      43
  889     32.01819632   -291.43509640   -783.96187033      47       0      37
  890    122.91375074   1877.39083903   -783.96187033      40       0      31
  891     29.59803403   -237.08509123   -783.96187033      39       0      22
  892     38.93008933   -209.03635016   -783.96187033      32       0      27
  893     29.90849777   -149.68443819   -783.96187033      27       0      20
  894     30.64394270   -301.59511719   -783.96187033      28       0      22
  895     37.19647862   -164.19252481   -783.96187033      24       0      21
  896     33.37690805   -267.23398580   -783.96187033      23       0      24
  897     40.42464531   -234.92617166   -783.96187033      27       0      30
  898     13.14907019   -663.19160111   -783.96187033      37       0      29
  899     58.12478888    -79.36197672   -783.96187033      31       0      22
  900     25.37055017   -263.27974720   -783.96187033      25       0      32
  901     12.22817334   -681.90713215   -783.96187033      33       0      29
  902     17.50536522   -530.12309883   -783.96187033      36       0      36
  903     20.21242590   -400.36553698   -783.96187033      39       0      28
  904     53.20471642   -157.93702995   -783.96187033      35       0      40
  905     44.84016340   -163.52048916   -783.96187033      37       0      45
  906     28.88586927   -204.81923922   -783.96187033      48       0      34
  907     44.64778080   -132.78670412   -783.96187033      43       0      34
  908     30.24227640   -176.04349293   -783.96187033      39       0      27
  909 1916151.89103991 42888605.76258648   -783.96187033      37       0      21
  910     31.88879275   -104.47312584   -783.96187033      27       0      23
  911     34.95854688   -182.54228612   -783.96187033      26       0      22
  912 2617773.05966881 58593026.05056433   -783.96187033      24       0      21
  913     24.17201186   -316.65802647   -783.96187033      20       0      22
  914     12.43671250   -694.27691269   -783.96187033      26       0      32
  915  60217.31431033 1347068.18756369   -783.96187033      33       0      29
  916     50.75532975   -186.82210281   -783.96187033      34       0      23
  917     35.11604354    -30.37553916   -783.96187033      28       0      27
  918     27.17436776   -297.31818009   -783.96187033      29       0      33
  919     24.00005448   -402.99677380   -783.96187033      42       0      33
  920     26.62345486   -273.33450813   -783.96187033      40       0      31
  921     26.34208292   -281.35618603   -783.96187033      32       0      39
  922     40.11228991   -199.19568402   -783.96187033      43       0      43
  923     30.28332388   -327.70094120   -783.96187033      48       0      34
  924     27.88072338   -277.28644000   -783.96187033      44       0      35
  925     31.78945848   -307.96780025   -783.96187033      45       0      26
  926     32.37858849   -150.96002355   -783.96187033      35       0      25
  927     24.33335939   -297.49404763   -783.96187033      33       0      23
  928     12.02773548   -649.45914745   -783.96187033      25       0      22
  929     18.42620243   -450.23853550   -783.96187033      26       0      20
  930     11.52318587   -616.26907308   -783.96187033      21       0      23
  931     25.68019371   -259.17399727   -783.96187033      23       0      28
  932     20.42443001   -451.08346035   -783.96187033      29       0      32
  933     17.53668089   -562.21398143   -783.96187033      35       0      22
  934     37.01611761   -136.41188911   -783.96187033      26       0      23
  935     32.35593002   -268.90530253   -783.96187033      27       0      34
  936     34.26906530   -276.30743994   -783.96187033      37       0      36
  937     72.49220161    -46.74619183   -783.96187033      41       0      29
  938     38.44934902    -81.44218041   -783.96187033      35       0      40
  939     51.07657281    -74.25666387   -783.96187033      38       0      40
  940 157482.07160108 2649759.89629752   -783.96187033      54       0      34
  941     48.60816323   -239.59018561   -783.96187033      43       0      36
  942 144633.29952497 3149694.93660762   -783.96187033      45       0      24
  943     45.15512529   -266.54292365   -783.96187033      34       0      32
  944      9.89207864   -707.26527369   -783.96187033      35       0      24
  945     15.14323545   -548.44455437   -783.96187033      31       0      21
  946     38.37006284   -222.29707257   -783.96187033      27       0      21
  947     33.98803249   -236.10884924   -783.96187033      25       0      22
  948     27.63184038   -211.63692937   -783.96187033      24       0      27
  949 268815.18922004 6016129.96141150   -783.96187033      27       0      32
  950 249982.88350643 5594605.03214631   -783.96187033      30       0      22
  951     37.85301197   -158.83075857   -783.96187033      26       0      22
  952 212444.56547290 4754382.40655176   -783.96187033      26       0      34
  953     35.39905037   -245.23657751   -783.96187033      35       0      33
  954     20.75463752   -384.21019918   -783.96187033      36       0      31
  955     43.88297664   -169.45913747   -783.96187033      34       0      35
  956 300703.08906803 6729880.70963537   -783.96187033      39       0      40
  957 6858265.57738646 153508290.30859154   -783.96187033      46       0      38
  958 181327.44960284 3989509.64764381   -783.96187033      35       0      33
  959     50.52355959    -85.54799383   -783.96187033      46       0      28
  960 403040.32265908 9020502.02138365   -783.96187033      34       0      32
  961     40.18985204   -236.07889776   -783.96187033      39       0      24
  962 330844.33083673 7404532.52591897   -783.96187033      34       0      21
  963     21.13806429   -397.52225846   -783.96187033      26       0      25
  964     10.16186389   -692.61275700   -783.96187033      27       0      22
  965     29.91909916   -355.41218206   -783.96187033      25       0      27
  966     29.81964912   -216.30341314   -783.96187033      30       0      32
  967      8.59845540   -706.55246284   -783.96187033      34       0      20
  968     12.28564047   -691.23735824   -783.96187033      22       0      25
  969     28.27316216   -218.60965617   -783.96187033      25       0      28
  970     29.76090735   -178.56577229   -783.96187033      30       0      37
  971     11.43525705   -699.16320498   -783.96187033      38       0      28
  972  99659.44221908 2229904.78253774   -783.96187033      32       0      37
  973     14.43244556   -695.78285170   -783.96187033      45       0      39
  974 3503412.35032128 78416358.08225785   -783.96187033      45       0      32
  975     28.44365858   -224.46311459   -783.96187033      42       0      38
  976     27.47779099   -350.07937540   -783.96187033      40       0      27
  977 4869965.19618784 109004012.98777144   -783.96187033      35       0      28
  978     28.57823341   -200.36683337   -783.96187033      34       0      30
  979     29.96650881   -310.47975593   -783.96187033      32       0      21
  980     42.22496650   -292.30810087   -783.96187033      20       0      27
  981     35.30219056   -145.27474669   -783.96187033      28       0      21
  982     39.14776002   -247.05470827   -783.96187033      28       0      28
  983 1188730.38729437 26606659.61494496   -783.96187033      31       0      33
  984     26.82895439   -401.40839907   -783.96187033      36       0      21
  985     29.78033148   -282.81655448   -783.96187033      24       0      24
  986     40.56603279    -75.21950285   -783.96187033      25       0      25
  987     43.67385424   -215.61704955   -783.96187033      24       0      38
  988     17.78558576   -525.91005330   -783.96187033      38       0      25
  989     13.70051685   -677.98368602   -783.96187033      34       0      35
  990     12.88308637   -710.11843115   -783.96187033      35       0      38
  991     51.59769710   -149.77508183   -783.96187033      44       0      35
  992     42.65904282   -159.29205378   -783.96187033      40       0      38
  993     10.83749027   -709.31376073   -783.96187033      45       0      29
  994     33.45682519    -89.27209482   -783.96187033      29       0      31
  995     51.01474815    -77.55448269   -783.96187033      40       0      29
  996     31.94347647   -218.90201402   -783.96187033      36       0      22
  997     10.01681589   -708.20377259   -783.96187033      35       0      22
  998     28.84150383   -249.80504179   -783.96187033      25       0      25
  999     10.68923823   -700.41171282   -783.96187033      26       0      28
 1000     49.38767666   -149.50874230   -783.96187033      29       0      30
----------------------------------------------------------------------------------
Artificial Bee Colony Optimization Finished!

 -- Results Report --
 * 100 LMs will be saved in [ so4_8_waters-LM ].
      #          Energy
      0   -783.96187033
      1   -783.85127320
      2   -783.11278887
      3   -782.88752692
      4   -782.78743621
      5   -781.97932532
      6   -781.42635768
      7   -781.41164774
      8   -781.30148875
      9   -781.28329901
     10   -781.19323546
     11   -781.09188205
     12   -780.47167864
     13   -779.22973875
     14   -779.19445600
     15   -779.19152031
     16   -779.07817604
     17   -778.99188708
     18   -778.87319091
     19   -778.78607698
     20   -778.27022218
     21   -778.26349411
     22   -778.14314166
     23   -778.10990629
     24   -778.02959280
     25   -778.01333935
     26   -777.99888337
     27   -777.90877796
     28   -777.90661749
     29   -777.78463706
     30   -777.70780993
     31   -777.54086929
     32   -777.26856328
     33   -777.26068960
     34   -777.22921177
     35   -777.00589969
     36   -776.89354986
     37   -776.81942025
     38   -776.77011735
     39   -776.21906004
     40   -775.88260595
     41   -775.72100590
     42   -775.24133218
     43   -774.66283339
     44   -774.61150966
     45   -774.36580629
     46   -774.22670770
     47   -774.21870520
     48   -774.21637457
     49   -774.19304134
     50   -774.12148319
     51   -774.08176798
     52   -774.08088835
     53   -773.91470578
     54   -773.89003409
     55   -773.77897348
     56   -773.54360845
     57   -773.50610230
     58   -773.45914565
     59   -773.32619352
     60   -773.32286931
     61   -773.18941909
     62   -773.12722409
     63   -773.09554548
     64   -773.08528925
     65   -773.05416676
     66   -773.04614433
     67   -773.03519727
     68   -773.00915848
     69   -772.94910789
     70   -772.77437350
     71   -772.73319162
     72   -772.67389582
     73   -772.63114551
     74   -772.60704441
     75   -772.59265233
     76   -772.58619809
     77   -772.55589873
     78   -772.47903488
     79   -772.46433525
     80   -772.41178052
     81   -772.38184315
     82   -772.20377141
     83   -771.89506137
     84   -771.87659813
     85   -771.76095187
     86   -771.72949377
     87   -771.56636683
     88   -771.55821421
     89   -771.41370589
     90   -771.39056483
     91   -771.35463367
     92   -771.28729975
     93   -771.22794869
     94   -771.06478469
     95   -771.05535073
     96   -771.04695265
     97   -771.00442645
     98   -770.92402539
     99   -770.84476691

 * Final Global Minimal Energy:   -783.96187033
 * The Global Minimum is saved as: [ so4_8_waters-OPT.(cluster/xyz/gjf) ]

===== (^ _ ^) =====
Normal termination at Fri Sep 14 17:25:34 2018.
Total run time: 5369 seconds = 0 days 1 hours 29 minutes 29 seconds.
