    * * * * * * * * * * * * * * * * * * * * *
    *       __    ____    ______            *
    *      /  \  |  _ \  |  ___/  luster !  *
     *    / _  \ | |_| | | |               *
     *   / /_\ | |  _ <  | |     < @  @ >  * 
     *  / ___  | | |_| | | |___ _ _  o     * 
    *  /_/   |_| |____/  |_____ _ __ __  _  *
    *                                       *
    * * * * * * * * * * * * * * * * * * * * *

ABCluster 1.5.1
Specific flag:  official version
Platform:       LINUX/UNIX
Compiled by:    junzhang@gellmann.scs.illinois.edu
Compiling date: Dec 18 2017 20:33:35
C++ compiler:   g++
C++ options:    -O3 -Os -fno-exceptions --std=c++0x -fopenmp 

Contributors:
Jun Zhang(University of Cologne): Design and coding.

For any suggestions, comments, and questions on the theory and
implementation of ABCluster, please feel free to contact:

Dr. Jun Zhang, ZhangJunQcc@gmail.com

If you used this program in your work, please cite this reference:

[1] Zhang, J.; Dolg, M.; ABCluster: The Artificial Bee Colony Algorithm for
    Cluster Global Optimization. Phys. Chem. Chem. Phys. 2015, 17, 24173-24181.
[2] Zhang, J.; Dolg, M.; Global Optimization of Clusters of Rigid Molecules by the
    Artificial Bee Colony Algorithm. Phys. Chem. Chem. Phys. 2016, 18, 3003-3010.

Program starts at Fri Sep 14 15:57:18 2018.
Command line: " /ihome/jkeith/yab16/ABC/ABCluster-Linux/lib/rigidmol-optimizer so4_12_waters.inp "
Process ID:   177410
Run by:       yab16@smp-n53.crc.pitt.edu
Available CPU cores:    24
Read "OMP_NUM_THREADS": Unset

Random number testing (integers): 773051872...389643286
Random number testing (fractals): 0.36101794...0.20368662

 -- Input/Output Parameters --
Input file name:      so4_12_waters.inp
Cluster file name:    input.cluster
Result file name:     so4_12_waters.(cluster/xyz/gjf)
Temporary file name:  abclusteryab16smp-n53.crc.pitt.edu177410-OPT
# of saved LMs:       100
LMs are stored in:    so4_12_waters-LM

 -- ABC Control Parameters --
Population size:                  500
Maximal generation:              1000
Scout limit:                       15
Amplitude:                15.00000000

 -- Cluster Components: from [ input.cluster ] --
 -----------------------------------------------------------
   Source                                       #   Charge
 -----------------------------------------------------------
   /ihome/jkeith/yab16/ABC/ABCluster-Linux-0/rigidmolecularcluster/charmm36/tip4p.xyz    12    0.000
   /ihome/jkeith/yab16/ABC/ABCluster-Linux-0/rigidmolecularcluster/charmm36/so4.xyz     1   -2.000
 -----------------------------------------------------------
   Dimension: 0, an isolate cluster.
 -----------------------------------------------------------

Artificial Bee Colony Optimization Starts!
----------------------------------------------------------------------------------
 * Population: 500; Maximal cycles: 1000
 * EM = Employed Bee; Trigonometric mutation
 * OL = Onlooker Bee; ABC/best/2(0.5)+ABC/current/2(0.5);
        Tournament selection from 5 nectars.
 * SC = Scout Bee; Random nectar; Limit = 15
----------------------------------------------------------------------------------
    #       Diversity            maxE            minE    byEM    byOL    bySC
----------------------------------------------------------------------------------
    1     35.50955634   -662.17112697  -1099.64508432     323      63       0
    2     19.26687462  -1011.98120562  -1110.40323113     204      65       0
    3     19.82939419  -1017.15679706  -1110.40323113     160      56       0
    4     19.77608170  -1028.07440148  -1111.59302088     130      45       0
    5     20.22428311  -1028.30262820  -1111.59302088      99      50       0
    6     20.41766502  -1037.05811620  -1111.59302088      83      41       0
    7     20.22550218  -1037.05811620  -1111.59302088      77      20       0
    8     19.93538464  -1046.26550057  -1111.59302088      88      12       0
    9     19.49899268  -1047.48749367  -1111.59302088      86      13       0
   10     18.82272753  -1049.52504311  -1111.59302088      95       9       0
   11     16.91832089  -1052.28970612  -1111.59302088     130       5       0
   12     13.07880987  -1052.28970612  -1111.59302088     149       0       0
   13      6.99174213  -1066.84068581  -1111.59302088     135       0       0
   14      0.77828652  -1098.85607057  -1111.59302088      61       0       0
   15      0.00000000  -1111.59302088  -1111.59302088       3       0       0
   16      0.00000000  -1111.59302088  -1111.59302088       0       0       0
   17      0.00000000  -1111.59302088  -1111.59302088       0       0       0
   18     10.17846127   -923.48953173  -1111.59302088       0       0       4
   19     51.07442294   -250.82309737  -1111.59302088       4       0      29
   20    113.35083828     72.36529980  -1111.59302088      28       0      90
   21    159.53864570    -79.34182144  -1111.59302088      77       0     152
   22 1344521.37806147 30093468.24406043  -1111.59302088     139       0     126
   23     57.91976343   -328.52463530  -1111.59302088     166       2      67
   24     79.20182446   -180.60428602  -1111.59302088     152       5      26
   25     66.93570225   -226.70397583  -1111.59302088     158       2       6
   26     18.62180285  -1027.42394833  -1111.59302088     162       0       0
   27     10.13027622  -1054.77011346  -1111.59302088     132       0       0
   28      1.27005497  -1091.81934843  -1111.59302088      63       0       0
   29      0.00000000  -1111.59302088  -1111.59302088       4       0       0
   30      0.00000000  -1111.59302088  -1111.59302088       0       0       0
   31      0.00000000  -1111.59302088  -1111.59302088       0       0       0
   32      0.00000000  -1111.59302088  -1111.59302088       0       0       0
   33      0.00000000  -1111.59302088  -1111.59302088       0       0       0
   34      0.00000000  -1111.59302088  -1111.59302088       0       0       0
   35     42.66332263   -165.82630529  -1111.59302088       0       0       4
   36     50.57356151   -405.56804286  -1111.59302088       4       0      27
   37     69.97097078   -247.53260137  -1111.59302088      26       0      47
   38    124.31227499   -127.47426595  -1111.59302088      49       0      61
   39     89.75188174   -267.60443374  -1111.59302088      65       0      78
   40    117.02640844   -124.17908185  -1111.59302088      90       0     119
   41    105.25858677   -226.07095350  -1111.59302088     118       0      84
   42   1911.07810372  41663.55595451  -1111.59302088     139       0      62
   43     65.14917025   -219.53612555  -1111.59302088     126       3      15
   44     15.46588682  -1027.49437532  -1111.59302088     111       0       3
   45      5.97987111  -1040.66539491  -1111.59302088      72       0       0
   46      0.00000000  -1111.59302088  -1111.59302088      16       0       0
   47      0.00000000  -1111.59302088  -1111.59302088       0       0       0
   48      0.00000000  -1111.59302088  -1111.59302088       0       0       0
   49      0.00000000  -1111.59302088  -1111.59302088       0       0       0
   50      0.00000000  -1111.59302088  -1111.59302088       0       0       0
   51      0.00000000  -1111.59302088  -1111.59302088       0       0       0
   52      6.29546299  -1028.46570197  -1111.59302088       0       0       4
   53     73.82875805   -181.75914169  -1111.59302088       4       0      26
   54 479577.42638922 10733316.77266262  -1111.59302088      25       0      39
   55     90.06154110   -210.54642970  -1111.59302088      39       0      48
   56    108.86844433   -149.75235521  -1111.59302088      57       0      61
   57 756251.11067766 16926136.67153831  -1111.59302088      65       0      79
   58    108.03445286    122.83230310  -1111.59302088      90       0      75
   59  66185.99792708 1480369.41165669  -1111.59302088      90       0      90
   60    118.50366720    122.83230310  -1111.59302088     110       0      55
   61     32.10245704   -620.99227416  -1111.59302088     113       0      22
   62     12.39891496  -1003.25483854  -1111.59302088      90       0       1
   63      2.09748735  -1082.32161153  -1111.59302088      47       0       0
   64      0.00000000  -1111.59302088  -1111.59302088       7       0       0
   65      0.00000000  -1111.59302088  -1111.59302088       0       0       0
   66      0.00000000  -1111.59302088  -1111.59302088       0       0       0
   67      0.00000000  -1111.59302088  -1111.59302088       0       0       0
   68      0.00000000  -1111.59302088  -1111.59302088       0       0       0
   69     14.79655145   -808.31121977  -1111.59302088       0       0       4
   70     54.83726596   -243.10956663  -1111.59302088       4       0      20
   71     81.52839638   -196.87721611  -1111.59302088      19       0      38
   72     54.36260363   -219.32975456  -1111.59302088      39       0      45
   73     68.95426568   -166.43905046  -1111.59302088      52       0      51
   74    104.66059465   -172.19857014  -1111.59302088      59       0      72
   75    101.95911369    -12.04440235  -1111.59302088      76       0      56
   76     98.02523641   -182.63184772  -1111.59302088      78       0      72
   77    122.70216602    -76.88795725  -1111.59302088      93       0      79
   78     78.33822744   -170.81958055  -1111.59302088     119       0      47
   79     62.10367760   -150.68640447  -1111.59302088     110       0      14
   80     33.82473195   -373.36469326  -1111.59302088      73       0       2
   81      2.25608909  -1061.09481170  -1111.59302088      14       0       0
   82      0.00000000  -1111.59302088  -1111.59302088       1       0       0
   83      0.00000000  -1111.59302088  -1111.59302088       0       0       0
   84      0.00000000  -1111.59302088  -1111.59302088       0       0       0
   85      0.00000000  -1111.59302088  -1111.59302088       0       0       0
   86      6.11487626  -1020.34500304  -1111.59302088       0       0       4
   87     44.09568586   -203.78615759  -1111.59302088       4       0      19
   88     60.41927275   -189.39260605  -1111.59302088      19       0      29
   89     79.39606959   -252.52342691  -1111.59302088      29       0      43
   90    111.22973667    -84.66600761  -1111.59302088      48       0      50
   91    107.55342141   -166.88956661  -1111.59302088      56       0      55
   92     72.17935036   -374.79463976  -1111.59302088      65       0      51
   93    100.49034569   -143.74359254  -1111.59302088      69       0      63
   94     89.90621776   -115.48097387  -1111.59302088      79       0      66
   95 10415683.32836055 233133920.48493075  -1111.59302088      83       0      73
   96     89.05043962    -17.16373543  -1111.59302088      87       0      41
   97     45.71444372   -206.15103785  -1111.59302088      75       0       6
   98      5.46044862  -1045.19544747  -1111.59302088      51       0       0
   99      0.00000000  -1111.59302088  -1111.59302088       9       0       0
  100      0.00000000  -1111.59302088  -1111.59302088       0       0       0
  101      0.00000000  -1111.59302088  -1111.59302088       0       0       0
  102      0.00000000  -1111.59302088  -1111.59302088       0       0       0
  103      6.64359707  -1020.89103134  -1111.59302088       0       0       4
  104     54.52380266   -158.95674007  -1111.59302088       4       0      18
  105     57.83560879   -354.40530452  -1111.59302088      17       0      24
  106     50.87634409   -305.33896341  -1111.59302088      26       0      39
  107     95.47669707   -215.03438950  -1111.59302088      40       0      46
  108     89.63468267   -141.10272246  -1111.59302086      50       0      50
  109    107.20905190   -205.27959980  -1111.59302088      57       0      48
  110     91.44433151     34.01503619  -1111.59302088      63       0      66
  111 109498.41449588 2449818.92492465  -1111.59302088      72       0      60
  112 102645.71998952 2296437.86989796  -1111.59302088      80       0      64
  113     73.88813655   -199.51179735  -1111.59302088      88       0      53
  114     50.79300565   -345.44458566  -1111.59302088      89       0      26
  115     30.72768527   -462.79908009  -1111.59302088      56       0       2
  116      1.42168793  -1088.01716183  -1111.59302088      29       0       0
  117      0.00000000  -1111.59302088  -1111.59302088       2       0       0
  118      0.00000000  -1111.59302088  -1111.59302088       0       0       0
  119      0.00000000  -1111.59302088  -1111.59302088       0       0       0
  120     51.08090380   -283.11912707  -1111.59302088       0       0       4
  121     59.77066705   -140.74204379  -1111.59302088       4       0      16
  122     55.10238730   -215.75629154  -1111.59302088      16       0      24
  123     77.44851252   -141.63108475  -1111.59302088      22       0      34
  124     45.33054849   -414.72363151  -1111.59302088      35       0      43
  125     63.57208149   -325.07332201  -1111.59302088      45       0      46
  126     82.19263056   -127.47702416  -1111.59302088      52       0      46
  127    116.53415361   -109.50900343  -1111.59302088      54       0      60
  128     84.98157682   -212.96514699  -1111.59302088      70       0      53
  129     67.52462206   -147.62200210  -1111.59302088      69       0      61
  130 172667.73450382 3863745.45135914  -1111.59302088      80       0      57
  131     57.21839542   -194.49852079  -1111.59302088      78       0      43
  132     18.67691019   -983.37415592  -1111.59302088      77       0      13
  133      4.03961788  -1055.63257157  -1111.59302088      44       0       0
  134      0.00000000  -1111.59302088  -1111.59302088       4       0       0
  135      0.00000000  -1111.59302088  -1111.59302088       0       0       0
  136      0.00000000  -1111.59302088  -1111.59302088       0       0       0
  137      7.01616304  -1006.18497800  -1111.59302088       0       0       4
  138     52.10643950   -255.91344283  -1111.59302088       4       0      16
  139     78.21728268   -183.46570503  -1111.59302088      16       0      23
  140  59225.40672279 1324546.13114282  -1111.59302088      23       0      34
  141 3771641.74465512 84419838.70656089  -1111.59302088      35       0      35
  142     72.23760459   -209.98463023  -1111.59302088      35       0      42
  143    103.73236663    -98.34099312  -1111.59302088      46       0      43
  144    113.22141610   -118.63898628  -1111.59302088      52       0      53
  145     56.01109445   -303.99208344  -1111.59302088      57       0      52
  146     86.60312096   -213.72286593  -1111.59302088      58       0      65
  147    115.69327296   -137.74142547  -1111.59302088      87       0      53
  148  63631.30297784 1423173.08173103  -1111.59302088      77       0      49
  149     31.18633975   -624.66482892  -1111.59302088      75       0      30
  150     10.54812286  -1014.49763545  -1111.59302088      54       0       1
  151      0.74829589  -1099.73768964  -1111.59302088      21       0       0
  152      0.00000000  -1111.59302088  -1111.59302088       2       0       0
  153      0.00000000  -1111.59302088  -1111.59302088       0       0       0
  154      9.97400556   -960.21711129  -1111.59302088       0       0       4
  155     77.20813118   -221.87985981  -1111.59302088       4       0      14
  156     35.26800554   -438.63992241  -1111.59302088      14       0      25
  157     75.16050033   -216.29672428  -1111.59302088      23       0      32
  158     46.90526267   -196.64729349  -1111.59302088      34       0      33
  159     45.32230884   -348.96602914  -1111.59302088      40       0      36
  160     67.54343329   -189.94218643  -1111.59302088      36       0      49
  161 1215862.16662445 27213636.77440093  -1111.59302088      57       0      40
  162     66.27478640     -1.57062373  -1111.59302088      50       0      47
  163    107.61297122   -146.24404960  -1111.59302088      53       0      57
  164 29315316.36078996 656165809.21124172  -1111.59302088      64       0      59
  165  44532.14169211 995675.08497056  -1111.59302088      65       0      56
  166     73.61842323   -190.79878722  -1111.59302088      71       0      37
  167     28.50730592   -599.12658887  -1111.59302088      63       0      11
  168      2.24469549  -1068.27194882  -1111.59302088      38       0       0
  169      0.00000000  -1111.59302088  -1111.59302088       4       0       0
  170      0.00000000  -1111.59302088  -1111.59302088       0       0       0
  171     23.42783584   -599.37009074  -1111.59302088       0       0       4
  172     20.23882041   -758.01437703  -1111.59302088       4       0      13
  173     39.91062864   -504.32937954  -1111.59302088      13       0      24
  174     80.95686521   -113.37872639  -1111.59302088      23       0      30
  175 449301.50354256 10055646.16571716  -1111.59302088      32       0      31
  176     73.87360552   -200.68403339  -1111.59302088      32       0      33
  177     88.76427981   -190.41628394  -1111.59302088      33       0      48
  178     63.55818474   -274.09035900  -1111.59302088      50       0      43
  179     83.38880905   -185.61878764  -1111.59302088      52       0      44
  180     51.80369314   -268.89417172  -1111.59302088      57       0      54
  181     94.33062623    -83.12438349  -1111.59302088      57       0      58
  182     70.85223564   -170.96954963  -1111.59302088      64       0      47
  183     71.53558201   -256.27095906  -1111.59302088      72       0      44
  184     58.71814366   -210.02308447  -1111.59302088      65       0      26
  185      8.68887833  -1008.21293904  -1111.59302088      48       0       1
  186      0.00000000  -1111.59302088  -1111.59302088      12       0       0
  187      0.00000000  -1111.59302088  -1111.59302088       0       0       0
  188      7.02427374  -1022.73143433  -1111.59302088       0       0       4
  189     39.50672586   -389.17589799  -1111.59302088       4       0      13
  190     16.30539203   -999.07871987  -1111.59302088      13       0      23
  191     43.42930398   -547.98722307  -1111.59302088      23       0      28
  192     39.25604248   -423.26703357  -1111.59302088      31       0      33
  193     74.31410774   -177.16550667  -1111.59302088      33       0      30
  194     53.35452281   -321.33897884  -1111.59302088      37       0      39
  195     62.21253504   -354.35619789  -1111.59302088      41       0      47
  196     59.24342871   -259.91074036  -1111.59302088      51       0      43
  197     77.60046527   -230.22960669  -1111.59302088      55       0      48
  198 110151.79874051 2464446.75039594  -1111.59302088      56       0      55
  199     93.13841169    -62.30606744  -1111.59302088      62       0      46
  200     78.43773640   -159.81421723  -1111.59302088      64       0      51
  201     65.67102620   -195.74189211  -1111.59302088      64       0      34
  202     12.61248908  -1010.57034684  -1111.59302088      54       0       6
  203      3.06330454  -1068.39329262  -1111.59302088      22       0       0
  204      0.00000000  -1111.59302088  -1111.59302088       5       0       0
  205      9.91182679   -975.71082971  -1111.59302088       0       0       4
  206     12.37694457  -1008.57587496  -1111.59302088       4       0      13
  207     33.83740220   -428.73569733  -1111.59302088      13       0      20
  208     58.97647960   -127.40374734  -1111.59302088      21       0      28
  209 175540.70856570 3928040.37322742  -1111.59302088      29       0      31
  210     70.55070873   -196.22798325  -1111.59302088      34       0      34
  211     67.05100855   -268.71068097  -1111.59302088      36       0      30
  212 3632685.61738186 81309573.17647967  -1111.59302088      35       0      47
  213     51.40221708   -220.68986747  -1111.59302088      47       0      43
  214     80.56913527   -208.15443038  -1111.59302088      57       0      42
  215 898646.37850592 20021668.02619134  -1111.59302088      50       0      57
  216     74.98894576   -102.72606281  -1111.59302088      66       0      46
  217     56.73657009   -267.31696442  -1111.59302088      63       0      50
  218     73.93172794   -225.53621837  -1111.59302088      62       0      37
  219    111.20034062   1335.68596266  -1111.59302088      47       0      16
  220      6.62599528  -1022.72305803  -1111.59302088      29       0       2
  221      0.00000000  -1111.59302088  -1111.59302088       5       0       0
  222      7.15181266  -1006.30411828  -1111.59302088       0       0       4
  223     56.71752969   -250.40151618  -1111.59302088       4       0      12
  224     56.50254588   -314.14693884  -1111.59302088      12       0      19
  225    103.59189779    -69.18899660  -1111.59302088      18       0      27
  226     49.07487021   -223.29199779  -1111.59302088      30       0      30
  227     67.07319759   -282.60062366  -1111.59302088      32       0      31
  228     67.94878721   -156.77600163  -1111.59302088      34       0      34
  229     90.91169332    -41.62201780  -1111.59302088      41       0      39
  230     81.74453566   -155.03303563  -1111.59302088      46       0      41
  231     73.36056314   -189.23641786  -1111.59302088      45       0      44
  232 213430.00953700 4776126.26150870  -1111.59302088      55       0      53
  233    102.16517207   -210.85985048  -1111.59302088      58       0      53
  234     94.86328078   -175.01564297  -1111.59302088      65       0      48
  235     71.09202071   -141.28228202  -1111.59302088      68       0      39
  236     53.99295440   -273.40361955  -1111.59302088      59       0      22
  237      9.87124885  -1016.45229475  -1111.59302088      43       0       4
  238      0.00000000  -1111.59302088  -1111.59302088      13       0       0
  239     41.53723554   -188.59666790  -1111.59302088       0       0       4
  240     32.66442977   -430.57011004  -1111.59302088       4       0      12
  241     15.85995160   -973.94078129  -1111.59302088      12       0      16
  242     58.53068196   -221.33112663  -1111.59302088      17       0      28
  243     62.09098928   -200.34508243  -1111.59302088      27       0      27
  244     89.73185917   -100.36819916  -1111.59302088      31       0      31
  245     72.60583989   -138.08789694  -1111.59302088      36       0      28
  246    110.18822066   -148.08518444  -1111.59302088      35       0      41
  247     54.87852745   -342.73591737  -1111.59302088      43       0      45
  248     88.50133203   -163.66024436  -1111.59302088      54       0      38
  249     56.41135435   -385.03631787  -1111.59302088      49       0      47
  250     95.86893288   -174.15365685  -1111.59302088      57       0      52
  251     53.07824910   -412.84462630  -1111.59302088      62       0      46
  252     75.72631512    -74.02389649  -1111.59302088      60       0      48
  253     51.58692572   -232.47529944  -1111.59302088      67       0      27
  254     56.95948127   -162.13730054  -1111.59302088      49       0      10
  255      3.35619548  -1062.19343827  -1111.59302088      21       0       0
  256      8.77391971  -1000.32875740  -1111.59302088       3       0       4
  257     13.05202671   -977.94197273  -1111.59302088       4       0      11
  258     49.28746383   -337.16249600  -1111.59302088      11       0      14
  259     77.57724456   -198.93215488  -1111.59302088      16       0      27
  260     75.89889624   -305.30061300  -1111.59302088      28       0      27
  261 812069.15525370 18175497.89140650  -1111.59302088      28       0      30
  262     29.85393458   -724.95294213  -1111.59302088      35       0      27
  263     82.96895355   -165.13967725  -1111.59302088      32       0      42
  264     75.69152495   -187.08152562  -1111.59302088      43       0      34
  265     83.86220354   -135.07521154  -1111.59302088      43       0      46
  266     66.10857771    -89.75418856  -1111.59302088      48       0      39
  267    105.19445668    -85.96000107  -1111.59302088      52       0      52
  268     90.98270516   -279.42496246  -1111.59302088      61       0      40
  269     77.09592464    -81.16336667  -1111.59302088      57       0      55
  270     63.46243682   -296.28363573  -1111.59302088      60       0      37
  271  52738.08152759 1179332.33519409  -1111.59302088      54       0      14
  272      5.40562689  -1026.52484007  -1111.59302088      28       0       1
  273     44.79859836   -303.06008888  -1111.59302088       6       0       4
  274     12.53018278   -963.18247643  -1111.59302088       4       0       9
  275     42.13004220   -266.47958140  -1111.59302088       9       0      15
  276     61.10322024   -306.30057341  -1111.59302088      15       0      25
  277     58.19772444   -172.31479871  -1111.59302088      25       0      23
  278     93.95390436   -138.22588287  -1111.59302088      24       0      32
  279     55.34294885   -220.87822321  -1111.59302088      34       0      27
  280 6332081.34788189 141730346.86964035  -1111.59302088      30       0      41
  281     57.78976659   -157.25191868  -1111.59302088      39       0      35
  282 3356421.73895259 75125941.10874487  -1111.59302088      36       0      37
  283     80.59365190   -109.23807268  -1111.59302088      49       0      43
  284     83.12655822   -152.28982888  -1111.59302088      49       0      47
  285     54.62752791   -217.27131712  -1111.59302088      59       0      45
  286     83.66646099   -168.14756632  -1111.59302088      55       0      54
  287     80.02605935   -111.45403801  -1111.59302088      59       0      38
  288     25.65411807   -741.33413580  -1111.59302088      45       0      22
  289      8.31942209  -1008.16815512  -1111.59302088      38       0       3
  290      7.53136620  -1006.02734746  -1111.59302088       8       0       4
  291     47.26192321   -467.29696282  -1111.59302088       4       0       9
  292     50.00465560   -256.90436319  -1111.59302088       9       0      14
  293     83.11996747   -270.76325739  -1111.59302088      14       0      26
  294     81.22089735   -188.93644362  -1111.59302088      28       0      21
  295     21.24400706   -914.92340718  -1111.59302088      21       0      30
  296     61.79923183   -264.21278539  -1111.59302088      31       0      28
  297     85.92629774   -131.26243611  -1111.59302088      31       0      40
  298     86.35517507   -250.80363656  -1111.59302088      41       0      32
  299     57.50469258   -159.50584586  -1111.59302088      33       0      36
  300     33.32596105   -612.41581039  -1111.59302088      40       0      40
  301     68.20549701   -160.46753408  -1111.59302088      47       0      50
  302     88.36283334   -150.79669986  -1111.59302088      58       0      45
  303     71.68783041   -244.58943003  -1111.59302088      64       0      53
  304     51.23465859   -144.06018832  -1111.59302088      69       0      38
  305     59.23560425   -187.08829936  -1111.59302088      53       0      27
  306     12.97531138  -1017.68742195  -1111.59302088      42       0       7
  307      5.79023471  -1020.18745747  -1111.59302088      18       0       4
  308     45.50133339   -114.20201830  -1111.59302088       6       0       9
  309     44.52583676   -313.13432340  -1111.59302088       9       0      12
  310     47.86989471   -420.17669626  -1111.59302088      12       0      28
  311     43.55127648   -470.46885607  -1111.59302088      28       0      19
  312     94.02072946   -157.25921861  -1111.59302088      22       0      30
  313     43.55381608   -435.36910031  -1111.59302088      31       0      29
  314     37.36127679   -453.13340092  -1111.59302088      29       0      37
  315 7067192.03602115 158184383.24280310  -1111.59302088      39       0      31
  316     68.07851208   -162.72081658  -1111.59302088      44       0      35
  317     60.73594445   -164.27268972  -1111.59302088      41       0      33
  318     75.96214868   -126.54227047  -1111.59302088      37       0      41
  319     73.28072234   -120.85004326  -1111.59302088      47       0      55
  320     43.44989350   -531.81711260  -1111.59302088      61       0      46
  321 169625.13674716 3795633.09390297  -1111.59302088      65       0      50
  322     64.03657857   -175.12421958  -1111.59302088      64       0      26
  323     59.07615047   -235.21652256  -1111.59302088      38       0      13
  324     17.95991448   -751.12430870  -1111.59302088      26       0       6
  325     54.59692152   -305.78629480  -1111.59302088       8       0       9
  326     41.63846406   -217.07641433  -1111.59302088       9       0      12
  327     52.94847972   -321.89446458  -1111.59302088      11       0      25
  328     64.09365260   -275.87892305  -1111.59302088      26       0      21
  329     44.44567529   -213.25883883  -1111.59302088      21       0      27
  330     21.41078164   -898.35539530  -1111.59302088      28       0      29
  331     79.81164201    -79.15389717  -1111.59302088      27       0      31
  332     61.73458365   -302.76774108  -1111.59302088      37       0      35
  333     78.56524693   -160.66312070  -1111.59302088      39       0      36
  334     72.11233236   -140.92731775  -1111.59302088      43       0      31
  335     43.49340288   -271.42009109  -1111.59302088      38       0      35
  336    105.28626430   -168.57252996  -1111.59302088      39       0      49
  337     86.90057909   -138.49901557  -1111.59302088      54       0      55
  338     64.94287585   -212.77891383  -1111.59302088      62       0      50
  339     42.47896797   -423.98173506  -1111.59302088      64       0      29
  340     17.97451789   -981.37654442  -1111.59302088      51       0      18
  341     10.73607167  -1015.80638941  -1111.59302088      34       0       8
  342     47.32589450   -375.86060742  -1111.59302088      13       0       9
  343     56.41798856   -258.75485409  -1111.59302088      10       0      12
  344     30.20714609   -605.75203786  -1111.59302088      12       0      25
  345  28287.99790347 632066.53552202  -1111.59302088      25       0      20
  346     52.26225855   -336.02036049  -1111.59302088      22       0      26
  347     74.24629073   -204.61780268  -1111.59302088      23       0      29
  348     69.30763946   -110.81272178  -1111.59302088      33       0      27
  349     96.15337894   -126.58710700  -1111.59302088      35       0      35
  350 330064519.87559944 7387857488.40866661  -1111.59302088      34       0      34
  351     54.14364891   -202.70038970  -1111.59302088      42       0      34
  352 1395167.99418203 31227049.92768745  -1111.59302088      40       0      35
  353     97.62426777    -95.81212461  -1111.59302088      39       0      45
  354 711666.09897728 15928181.65634550  -1111.59302088      49       0      46
  355     70.21362780   -240.55343832  -1111.59302088      55       0      49
  356 375153.35786938 8395987.36700284  -1111.59302088      58       0      36
  357     83.74781714   -213.96457307  -1111.59302088      52       0      27
  358     39.22898535   -291.83411328  -1111.59302088      35       0      10
  359     39.35942094   -257.07283528  -1111.59302088      19       0      10
  360     45.83948426   -343.84594199  -1111.59302088      10       0      12
  361     60.79395143   -143.08169769  -1111.59302088      12       0      23
  362     78.85346152    -64.93957980  -1111.59302088      20       0      22
  363     63.41478330   -176.48088093  -1111.59302088      26       0      22
  364     43.49165308   -368.92321406  -1111.59302088      28       0      25
  365     93.81102604   -108.36482946  -1111.59302088      27       0      33
  366     76.06190626   -232.04353158  -1111.59302088      41       0      31
  367     65.10988641   -127.67712254  -1111.59302088      37       0      36
  368     73.33291653   -122.17456589  -1111.59302088      41       0      34
  369     68.70303029   -200.15573971  -1111.59302088      38       0      29
  370     79.96042847   -256.06003237  -1111.59302088      35       0      47
  371     90.67223076    -57.67541210  -1111.59302088      45       0      43
  372     95.29883978   -165.60807055  -1111.59302088      49       0      50
  373     77.38227603   -171.65022239  -1111.59302088      57       0      35
  374     82.20917878   -183.64199578  -1111.59302088      46       0      35
  375     59.30065155   -196.63811639  -1111.59302088      42       0      13
  376     36.18676280   -345.83409608  -1111.59302088      23       0      10
  377     54.10126682   -111.58709174  -1111.59302088      14       0      12
  378     52.66245198   -265.52511896  -1111.59302088      12       0      19
  379    506.65844167  10176.93171891  -1111.59302088      19       0      21
  380     53.48353547    -94.06664902  -1111.59302088      21       0      24
  381     73.94725992   -144.05061737  -1111.59302088      24       0      22
  382     92.93256552    -40.52892813  -1111.59302088      30       0      30
  383     88.17180712    -87.58919071  -1111.59302088      34       0      35
  384     68.79286602   -231.76677258  -1111.59302088      42       0      37
  385     64.13661673   -193.96629803  -1111.59302088      39       0      36
  386     54.94964432   -220.92346225  -1111.59302088      43       0      30
  387     72.82243449   -271.36097603  -1111.59302088      38       0      40
  388     71.23521623   -178.48880899  -1111.59302088      47       0      41
  389     70.52640091   -202.93052142  -1111.59302088      49       0      49
  390     79.08591393   -253.94579476  -1111.59302088      53       0      43
  391     58.80417640   -216.81865644  -1111.59302088      57       0      31
  392     62.06393454   -209.08662270  -1111.59302088      48       0      17
  393     50.60291993   -283.02146521  -1111.59302088      25       0      13
  394     59.32036217   -129.14752786  -1111.59302087      21       0      12
  395     82.68678011   -153.94217212  -1111.59302088      17       0      18
  396     52.35184205   -255.90667809  -1111.59302088      18       0      20
  397     61.64947395   -223.86437083  -1111.59302088      19       0      20
  398     61.85224146   -231.94925122  -1111.59302088      23       0      24
  399     42.28433702   -267.10418599  -1111.59302088      24       0      28
  400     77.27886191   -163.31010133  -1111.59302088      34       0      36
  401     88.52030752   -169.29086882  -1111.59302088      37       0      34
  402     59.17445535   -159.91437962  -1111.59302088      40       0      35
  403     49.66110962   -254.30806186  -1111.59302087      44       0      36
  404     68.31899722   -159.46324745  -1111.59302088      43       0      31
  405     77.91990388   -226.59481085  -1111.59302088      38       0      43
  406     71.07997644   -229.90220151  -1111.59302088      49       0      45
  407     82.82911001   -230.63021896  -1111.59302088      50       0      45
  408     56.44584099   -158.25147157  -1111.59302088      59       0      36
  409     70.10860706   -134.39216614  -1111.59302088      42       0      20
  410     44.30391853   -286.98413727  -1111.59302088      28       0      13
  411     17.66554708   -859.50121141  -1111.59302088      19       0      15
  412  17886.86681945 399255.94402900  -1111.59302088      16       0      19
  413 139817.56287814 3128438.89779402  -1111.59302088      22       0      17
  414     55.26329907   -184.81200579  -1111.59302088      18       0      22
  415     47.93438212   -154.10707147  -1111.59302088      22       0      21
  416     54.66052257   -137.56081233  -1111.59302088      21       0      27
  417     78.96804268   -199.38311674  -1111.59302088      26       0      34
  418     67.48723474   -248.98746422  -1111.59302088      35       0      34
  419     91.47516541    -95.36841080  -1111.59302088      40       0      32
  420     85.38807197   -123.45374891  -1111.59302088      32       0      42
  421     76.05725297   -176.06455766  -1111.59302087      48       0      29
  422 642453.30297696 14378978.79003885  -1111.59302088      38       0      40
  423     69.79182458   -171.48165131  -1111.59302088      50       0      43
  424    104.63836552   -170.58520753  -1111.59302087      48       0      48
  425     72.15884855   -188.33191275  -1111.59302088      57       0      39
  426     57.20079865   -219.27800511  -1111.59302088      49       0      23
  427     33.63370617   -420.16117497  -1111.59302088      42       0      13
  428     35.34647448   -570.06398677  -1111.59302088      25       0      15
  429     54.77218430   -106.94697463  -1111.59302088      20       0      20
  430     36.11797963   -586.75584959  -1111.59302088      20       0      18
  431     18.77081830   -916.61433452  -1111.59302088      18       0      22
  432     38.67939231   -348.44231108  -1111.59302088      22       0      20
  433     67.78836413   -204.67676203  -1111.59302088      25       0      26
  434     61.43075734   -160.46129454  -1111.59302088      28       0      32
  435     51.47338231   -353.17378703  -1111.59302088      34       0      34
  436     52.31615747   -210.56858270  -1111.59302088      34       0      28
  437     75.11168625   -285.44375097  -1111.59302088      36       0      41
  438     43.86202325   -425.10315867  -1111.59302088      43       0      34
  439     54.33619098   -127.22974136  -1111.59302088      39       0      37
  440     72.46041731   -141.77426920  -1111.59302088      47       0      39
  441     77.29761650   -257.58488447  -1111.59302088      52       0      44
  442     60.73732755   -150.23047835  -1111.59302088      49       0      37
  443     73.51055946   -136.77356623  -1111.59302088      49       0      32
  444     47.84760039   -501.92716536  -1111.59302088      42       0      20
  445     71.43775420   -185.59572021  -1111.59302088      25       0      15
  446     46.83744277   -382.23150930  -1111.59302088      17       0      21
  447     15.38888620   -980.47079316  -1111.59302088      21       0      18
  448     34.31572419   -419.08364313  -1111.59302087      19       0      17
  449     49.91267499   -242.92971169  -1111.59302088      16       0      24
  450     71.68434404   -255.20513799  -1111.59302088      25       0      25
  451     68.72219995   -265.52381693  -1111.59302088      28       0      29
  452     84.69944890   -191.09277356  -1111.59302088      29       0      33
  453     70.22528808   -193.03770021  -1111.59302088      33       0      32
  454     48.25961672   -316.08665944  -1111.59302088      37       0      33
  455     53.67670361   -205.47206038  -1111.59302088      42       0      34
  456     62.25960194   -250.53637342  -1111.59302088      37       0      37
  457    101.72668982   -143.59965837  -1111.59302088      44       0      43
  458 1652198.78559862 36980191.28099653  -1111.59302088      52       0      39
  459     56.08338629   -244.78595300  -1111.59302088      44       0      42
  460     57.15542932   -234.08425440  -1111.59302088      48       0      33
  461     52.51533779   -157.63853636  -1111.59302088      43       0      23
  462     50.53973546   -328.54315070  -1111.59302088      32       0      17
  463     54.28481592   -351.77741388  -1111.59302088      17       0      21
  464     66.83708227   -167.14306408  -1111.59302088      23       0      18
  465     66.45026553      8.60220659  -1111.59302088      20       0      15
  466     51.65886667   -294.36886307  -1111.59302088      13       0      25
  467     19.54755078   -993.74968252  -1111.59302088      24       0      25
  468     73.80343734   -201.65763835  -1111.59302088      27       0      28
  469     89.44825663    -18.43241512  -1111.59302088      32       0      27
  470     72.33067660   -212.38102316  -1111.59302088      28       0      34
  471     71.53822908   -119.40764826  -1111.59302088      42       0      36
  472     36.62770879   -517.50292314  -1111.59302088      41       0      30
  473     77.48094563   -263.73951147  -1111.59302088      38       0      34
  474     94.23782219   -172.78594554  -1111.59302088      43       0      46
  475 51868329.94021777 1160971578.49511027  -1111.59302088      53       0      40
  476     86.97115014   -188.97162761  -1111.59302088      51       0      41
  477     46.94226022   -218.48715913  -1111.59302088      52       0      33
  478     61.22618801   -304.68194515  -1111.59302088      45       0      28
  479     70.36430952   -109.31031817  -1111.59302087      38       0      19
  480     45.97042501   -330.63678193  -1111.59302088      31       0      20
  481     15.48111235   -988.45670114  -1111.59302088      21       0      19
  482     15.71623449   -912.59259920  -1111.59302088      20       0      15
  483 488269.65151098 10927871.41981278  -1111.59302088      17       0      22
  484     40.01794539   -498.88044752  -1111.59302088      26       0      26
  485     48.32820316   -414.47692664  -1111.59302088      27       0      26
  486     55.93442991   -251.83994767  -1111.59302088      32       0      22
  487     48.78333673   -374.95477014  -1111.59302088      24       0      38
  488     20.66951118   -961.90438377  -1111.59302088      38       0      33
  489     21.98511405   -910.61053746  -1111.59302088      41       0      34
  490     45.97223125   -390.63022053  -1111.59302088      39       0      28
  491     85.57975249   -228.05468166  -1111.59302088      34       0      44
  492     67.17353011   -348.22473167  -1111.59302088      48       0      39
  493    115.45800452   -138.12384309  -1111.59302088      49       0      41
  494     65.53680547   -214.19853797  -1111.59302088      48       0      39
  495     76.07814194   -169.42522793  -1111.59302088      48       0      28
  496     72.37377285   -146.25109219  -1111.59302088      36       0      23
  497     18.27346994   -952.97740181  -1111.59302088      30       0      22
  498     17.70128432   -903.85062923  -1111.59302088      24       0      19
  499     20.67709765   -778.83432389  -1111.59302088      23       0      13
  500     66.63221485   -188.39542448  -1111.59302088      19       0      23
  501     56.95868471   -184.99158508  -1111.59302088      24       0      23
  502     96.52845881    -57.54329874  -1111.59302088      24       0      28
  503     71.83045550   -148.89225004  -1111.59302088      33       0      21
  504     52.39871411   -234.55975437  -1111.59302088      25       0      34
  505     72.28841957   -186.04140862  -1111.59302088      34       0      38
  506     64.28982260   -168.95686799  -1111.59302088      42       0      30
  507     68.80215010   -214.04687745  -1111.59302088      41       0      31
  508     66.55404618   -262.46538160  -1111.59302088      40       0      39
  509    114.66381885   -132.45752644  -1111.59302088      45       0      42
  510     88.89565689   -227.92323124  -1111.59302088      49       0      35
  511     71.65900410   -124.23669875  -1111.59302088      43       0      43
  512 675133.95239949 15110471.78670731  -1111.59302088      52       0      33
  513     31.58656373   -531.30005709  -1111.59302088      36       0      23
  514     50.97922725   -195.74443124  -1111.59302088      32       0      22
  515     55.50343237   -146.81740337  -1111.59302088      23       0      17
  516     42.23232678   -234.92754328  -1111.59302088      19       0      16
  517     51.69118811   -218.50860946  -1111.59302088      17       0      22
  518     46.59110688   -377.68102707  -1111.59302088      23       0      22
  519 5742161.81038954 128526125.87090784  -1111.59302088      22       0      27
  520     26.18120975   -753.60842978  -1111.59302088      28       0      25
  521     33.30520118   -539.37729634  -1111.59302088      29       0      32
  522     80.99925258   -128.17479610  -1111.59302088      35       0      29
  523     44.77376034   -361.30418001  -1111.59302088      36       0      35
  524     85.87105872   -231.66254807  -1111.59302088      38       0      31
  525     69.48683141   -175.85644935  -1111.59302088      36       0      39
  526    109.48776704    260.71136657  -1111.59302088      45       0      43
  527     64.33825987   -138.52637938  -1111.59302088      47       0      31
  528 162060.54174177 3626314.38417950  -1111.59302088      44       0      47
  529     95.91896984   -110.60368764  -1111.59302088      53       0      34
  530     93.25443831   -200.66262739  -1111.59302088      46       0      27
  531     54.34178817   -213.45485757  -1111.59302088      36       0      21
  532 20430682.65543456 457300378.23237264  -1111.59302088      23       0      19
  533     64.69055587   -240.17013796  -1111.59302088      25       0      15
  534     55.12076513   -270.97078066  -1111.59302088      16       0      22
  535     34.70548678   -434.25491627  -1111.59302088      22       0      20
  536     17.56129429   -948.18623707  -1111.59302088      20       0      26
  537     61.72181724   -232.41480966  -1111.59302088      26       0      28
  538     95.69006685   -133.51963001  -1111.59302088      29       0      26
  539    105.12324382   -170.41992520  -1111.59302088      32       0      29
  540     86.04304444   -161.16213193  -1111.59302088      31       0      38
  541     72.53530083   -170.43501197  -1111.59302088      37       0      26
  542     78.02146631   -177.63318296  -1111.59302088      31       0      41
  543     87.61252453   -102.76390030  -1111.59302088      49       0      41
  544     44.34167757   -245.94007223  -1111.59302088      49       0      35
  545     36.49744985   -628.75039632  -1111.59302088      45       0      42
  546     88.37811315   -156.17342638  -1111.59302088      48       0      37
  547     30.36373848   -639.51019986  -1111.59302088      41       0      31
  548     52.13115201   -224.94714883  -1111.59302088      40       0      20
  549     48.37921120   -320.57381537  -1111.59302088      26       0      22
  550     29.97080455   -522.21106667  -1111.59302088      23       0      15
  551     38.11947972   -431.85111516  -1111.59302088      17       0      22
  552     69.46362632    -87.70799297  -1111.59302088      25       0      21
  553     65.39015838   -197.27418127  -1111.59302088      23       0      24
  554     65.24017538    -85.06942151  -1111.59302088      24       0      27
  555     19.68909738   -980.47796003  -1111.59302088      28       0      27
  556     67.29331600   -209.63088210  -1111.59302088      31       0      28
  557     56.81357185   -220.58905552  -1111.59302088      33       0      35
  558     48.42474619   -254.26528087  -1111.59302087      42       0      25
  559  32728.67342115 731470.83510965  -1111.59302088      31       0      37
  560     94.06840162   -246.32281809  -1111.59302088      49       0      46
  561     67.63792637   -172.32407157  -1111.59302088      50       0      35
  562     77.30118189   -189.03831814  -1111.59302088      51       0      40
  563     83.25626114   -158.23649101  -1111.59302088      48       0      39
  564     57.78922237   -161.72764029  -1111.59302088      51       0      32
  565     78.12530137    -99.74407545  -1111.59302088      47       0      23
  566     50.35127304   -189.91139234  -1111.59302088      39       0      23
  567     45.06391005   -150.20731084  -1111.59302088      30       0      15
  568 6582243.44049690 147329738.91603693  -1111.59302088      22       0      22
  569     80.20554041   -134.37748966  -1111.59302088      24       0      21
  570     49.06273076   -138.33027429  -1111.59302088      24       0      21
  571     46.62474755   -160.45370617  -1111.59302088      25       0      29
  572 2603042.58487023 58262987.88288910  -1111.59302088      32       0      23
  573     55.42818227   -271.60950026  -1111.59302088      26       0      26
  574     80.69799482   -191.37281923  -1111.59302088      30       0      37
  575     38.21300827   -550.13999643  -1111.59302088      42       0      22
  576     85.30152569   -144.75621820  -1111.59302088      26       0      37
  577     79.15684548   -259.79497678  -1111.59302088      39       0      41
  578     79.22793751   -195.81551977  -1111.59302088      50       0      35
  579     80.03524470   -121.74854673  -1111.59302087      44       0      42
  580     69.11107350   -155.06508518  -1111.59302088      52       0      37
  581     93.78352870    -32.44804894  -1111.59302088      46       0      33
  582     74.86786203   -228.50177022  -1111.59302088      45       0      32
  583     46.09160803   -224.73773326  -1111.59302088      35       0      23
  584     17.47936340   -975.28151286  -1111.59302088      32       0      16
  585     69.74872599   -192.23240907  -1111.59302088      21       0      22
  586     14.25279343  -1016.12824053  -1111.59302088      26       0      20
  587     40.64544000   -318.90826478  -1111.59302088      21       0      22
  588     81.21603552   -190.67173709  -1111.59302088      17       0      30
  589     50.19529163   -329.33889069  -1111.59302088      35       0      19
  590     44.15816694   -205.59921593  -1111.59302088      28       0      25
  591     76.77644338   -138.50579479  -1111.59302088      29       0      41
  592     50.73443646   -201.26335749  -1111.59302088      38       0      23
  593     56.10243594   -109.88847663  -1111.59302088      37       0      29
  594     53.45108744   -250.36594402  -1111.59302088      30       0      38
  595     54.34742632   -265.92665705  -1111.59302088      45       0      40
  596     84.80093019   -120.56860555  -1111.59302088      42       0      42
  597     37.19373647   -487.06790348  -1111.59302088      43       0      34
  598    103.80480588   -146.48368207  -1111.59302088      44       0      39
  599     54.79022159   -307.97563965  -1111.59302088      51       0      30
  600     51.06437164   -186.34711392  -1111.59302088      34       0      28
  601     44.10579308   -315.06313385  -1111.59302088      35       0      15
  602  30266.56173365 676352.25477058  -1111.59302088      15       0      24
  603     54.56066384   -119.41071596  -1111.59302088      26       0      21
  604     57.53358292   -175.32198116  -1111.59302088      25       0      21
  605     79.40120373   -130.14502864  -1111.59302088      23       0      23
  606     57.52581197   -311.02430245  -1111.59302088      26       0      23
  607     77.14826959   -141.78220546  -1111.59302088      27       0      27
  608     59.76891679   -342.70667753  -1111.59302088      29       0      31
  609     72.41881005    -81.09389188  -1111.59302088      31       0      33
  610     48.02591236   -414.68164890  -1111.59302088      36       0      25
  611     83.97432958   -246.24573925  -1111.59302088      31       0      40
  612     84.22438326     10.72415527  -1111.59302088      42       0      40
  613     51.76439430   -306.16249676  -1111.59302088      47       0      39
  614     45.54878949   -207.65751144  -1111.59302088      48       0      32
  615     41.67889617   -410.34050498  -1111.59302088      40       0      43
  616     60.81390223   -193.79044953  -1111.59302088      45       0      31
  617     57.46774485   -321.54254376  -1111.59302088      37       0      31
  618     19.77435942   -815.62750841  -1111.59302088      41       0      13
  619     63.84772746    -91.18509747  -1111.59302088      24       0      24
  620     32.59718355   -554.40158408  -1111.59302088      31       0      23
  621     50.77558270   -199.30369679  -1111.59302088      26       0      18
  622     59.45557837   -117.14152008  -1111.59302088      20       0      24
  623     42.63599197   -233.37061021  -1111.59302088      26       0      23
  624  45237.73098325 1011457.02426554  -1111.59302088      24       0      29
  625     74.34251164   -204.35771162  -1111.59302088      31       0      28
  626     63.78399619   -124.99157130  -1111.59302088      33       0      31
  627     60.27077155   -330.69015591  -1111.59302088      33       0      30
  628     50.16004508   -388.19314481  -1111.59302088      29       0      33
  629     87.70917176   -187.73619366  -1111.59302088      36       0      39
  630     85.17626103   -147.18241125  -1111.59302088      45       0      43
  631     47.43766196   -355.90890899  -1111.59302088      49       0      32
  632     84.19754113    -97.82277192  -1111.59302088      38       0      40
  633 5284159.90550747 118274638.94871396  -1111.59302088      49       0      31
  634     20.50623808   -982.58778529  -1111.59302088      38       0      29
  635     74.92508751    -86.31436633  -1111.59302088      34       0      17
  636     50.66642715   -401.41623418  -1111.59302088      23       0      28
  637     21.95900625   -832.80653032  -1111.59302088      30       0      22
  638     50.63365154   -268.86968871  -1111.59302088      24       0      19
  639     81.80541536   -125.29449499  -1111.59302088      24       0      26
  640     59.85738513   -245.62234107  -1111.59302088      26       0      19
  641     45.15305887   -430.31549770  -1111.59302088      21       0      29
  642     60.93540606   -392.41660741  -1111.59302088      29       0      31
  643     84.34190753    -19.73195988  -1111.59302088      33       0      31
  644     19.04197730   -994.68785513  -1111.59302088      35       0      28
  645     74.42139165   -289.18635845  -1111.59302088      33       0      30
  646     93.85134642    -66.85848989  -1111.59302088      35       0      37
  647     56.86352035   -372.66114170  -1111.59302088      45       0      41
  648     81.33827523   -183.06738665  -1111.59302088      48       0      34
  649     82.39979095   -142.00371133  -1111.59302088      38       0      42
  650     85.73908070    -83.28425767  -1111.59302088      47       0      35
  651     76.83536479   -206.78273290  -1111.59302088      44       0      27
  652     35.41441178   -502.81918785  -1111.59302088      35       0      19
  653     41.80529364   -578.84469472  -1111.59302088      29       0      25
  654     30.52967949   -607.61858708  -1111.59302088      25       0      24
  655     71.06954116   -152.97882224  -1111.59302088      27       0      22
  656     66.61842592   -135.40032954  -1111.59302088      27       0      26
  657     56.29092049   -270.79762186  -1111.59302088      28       0      19
  658     38.62646319   -511.82328274  -1111.59302088      19       0      25
  659     51.51005775   -144.61821969  -1111.59302088      25       0      30
  660     64.06585107   -226.74937810  -1111.59302088      30       0      32
  661     70.05729587    -74.96834390  -1111.59302088      33       0      26
  662     51.89697845   -193.22617873  -1111.59302088      32       0      27
  663     61.11465091   -120.99258151  -1111.59302088      31       0      37
  664     77.24501304    -84.83554818  -1111.59302088      41       0      46
  665 1795840.34156329 40195325.03506254  -1111.59302088      54       0      33
  666 77625125.63556173 1737474001.65542388  -1111.59302088      38       0      40
  667     86.67449136   -185.39151161  -1111.59302088      43       0      33
  668     66.44983337   -361.71698340  -1111.59302088      39       0      30
  669     88.85908279   -162.63460219  -1111.59302088      40       0      23
  670     91.44214592    -24.71420533  -1111.59302088      35       0      25
  671     51.80000338   -314.36471232  -1111.59302088      30       0      22
  672     19.13216496   -933.20822629  -1111.59302088      24       0      25
  673     76.80792136   -182.39480144  -1111.59302088      28       0      27
  674     54.66332700   -255.31779249  -1111.59302088      24       0      19
  675     59.66675699   -204.04402558  -1111.59302088      28       0      24
  676     70.62118358   -155.87114235  -1111.59302088      27       0      27
  677     92.25135663   -262.73995225  -1111.59302088      32       0      32
  678     49.03852655   -200.50366707  -1111.59302088      34       0      28
  679     85.94704426   -216.13524789  -1111.59302088      36       0      22
  680     40.05052822   -535.17971611  -1111.59302088      27       0      37
  681 3978391.49071231 77516395.00717317  -1111.59302088      36       0      46
  682     63.77805820   -165.78450733  -1111.59302088      49       0      35
  683     76.86153236   -139.75180268  -1111.59302088      47       0      38
  684     53.04761107   -467.18540857  -1111.59302088      48       0      32
  685     69.12153533   -279.98116763  -1111.59302088      42       0      29
  686     56.55239516   -348.65187847  -1111.59302088      41       0      28
  687     56.32751820   -410.16941042  -1111.59302088      34       0      27
  688     39.62817563   -399.59017743  -1111.59302088      29       0      22
  689     84.56323317   -125.76415318  -1111.59302087      25       0      24
  690     27.08632868   -704.82120176  -1111.59302088      29       0      24
  691     46.82062212   -472.73745431  -1111.59302088      27       0      22
  692     59.91284281    -92.58944977  -1111.59302087      26       0      24
  693     38.95674422   -353.34674816  -1111.59302087      25       0      26
  694     77.28719461   -184.97184146  -1111.59302088      30       0      31
  695     98.34165325   -172.29165073  -1111.59302088      38       0      28
  696     75.28014291    -52.36593776  -1111.59302088      33       0      26
  697     67.61553271   -262.97549301  -1111.59302087      34       0      32
  698     81.53870285   -179.90617831  -1111.59302088      33       0      40
  699     83.59096413   -157.83826756  -1111.59302088      38       0      38
  700     66.77225360   -366.20794568  -1111.59302088      46       0      35
  701     61.27591617   -322.24627790  -1111.59302088      43       0      37
  702 448790.11863444 10044202.40702029  -1111.59302088      46       0      31
  703     83.63709028   -135.64537753  -1111.59302088      42       0      30
  704     84.39749178   -128.79583713  -1111.59302088      39       0      28
  705     44.10617539   -271.56279256  -1111.59302088      33       0      19
  706     64.23377359   -201.72665305  -1111.59302088      25       0      25
  707     82.68537106   -119.94457351  -1111.59302088      29       0      24
  708     43.97796642   -271.72122687  -1111.59302088      26       0      22
  709     53.99815445   -164.59926506  -1111.59302088      26       0      23
  710 156519.91552119 3502228.85013997  -1111.59302088      24       0      28
  711     55.80048584   -309.94826120  -1111.59302088      32       0      28
  712     36.61935347   -403.39610216  -1111.59302088      31       0      26
  713     68.41992019   -203.40030808  -1111.59302088      29       0      31
  714     57.75709842   -141.65867899  -1111.59302088      33       0      32
  715     91.19186453    -91.13108370  -1111.59302088      34       0      40
  716     29.18000362   -769.57156194  -1111.59302088      46       0      33
  717     71.36541364   -291.40695259  -1111.59302087      41       0      32
  718     75.22939581   -192.56394667  -1111.59302088      41       0      39
  719     75.94718589   -146.45148174  -1111.59302087      36       0      35
  720     57.11854658   -209.06761794  -1111.59302087      43       0      27
  721     52.93568739   -209.29583525  -1111.59302088      35       0      31
  722     43.62288196   -358.33064142  -1111.59302088      34       0      22
  723     31.77727531   -660.73537707  -1111.59302088      29       0      23
  724     56.49018791   -132.23380000  -1111.59302087      27       0      25
  725     68.09214344   -148.16651950  -1111.59302088      27       0      23
  726     51.79739377    -90.94626352  -1111.59302088      24       0      23
  727     17.14380316  -1008.85286784  -1111.59302088      28       0      25
  728     53.92760869   -462.31286463  -1111.59302088      25       0      29
  729     70.87785550   -216.36218026  -1111.59302088      31       0      28
  730     68.52116630   -232.39343972  -1111.59302088      31       0      32
  731     69.00700979    -59.97812393  -1111.59302088      37       0      24
  732     84.90385325   -176.20493567  -1111.59302088      28       0      41
  733     70.14779027   -158.17735111  -1111.59302088      42       0      37
  734     57.73676968   -271.16199851  -1111.59302088      48       0      34
  735  20854.14542366 465677.55672704  -1111.59302088      37       0      35
  736  26861.37146095 600137.94079197  -1111.59302088      46       0      35
  737     57.60420669   -100.50855787  -1111.59302088      48       0      28
  738     67.20393877   -207.19031189  -1111.59302088      33       0      30
  739     52.51017067   -192.78220870  -1111.59302088      37       0      26
  740 129520734.51182650 2899071093.51227856  -1111.59302088      31       0      22
  741     35.90891611   -439.01630203  -1111.59302087      28       0      26
  742     73.38606479   -149.63999553  -1111.59302088      27       0      22
  743     18.11181124   -990.09584407  -1111.59302088      29       0      24
  744     52.41313360    -92.01906565  -1111.59302087      28       0      26
  745     40.03029298   -417.58850654  -1111.59302088      31       0      26
  746     39.88971402   -323.51074759  -1111.59302088      26       0      28
  747     76.55019706   -304.86842009  -1111.59302088      31       0      31
  748     25.51733854   -763.55543628  -1111.59302087      33       0      25
  749     67.37458077   -140.21469957  -1111.59302088      35       0      36
  750    101.09522225   -117.69652386  -1111.59302087      40       0      41
  751     85.67655326   -117.35785659  -1111.59302088      41       0      27
  752     82.32627993   -216.29764406  -1111.59302088      40       0      38
  753     25.46603591   -904.77284189  -1111.59302088      43       0      38
  754     73.50739552   -216.19921139  -1111.59302088      39       0      29
  755     48.56458769   -482.35097539  -1111.59302088      39       0      29
  756     58.84186420   -151.75492591  -1111.59302088      36       0      28
  757     45.47894901   -190.17719027  -1111.59302088      34       0      23
  758     71.97345408   -104.61621759  -1111.59302087      27       0      22
  759     65.70787415   -125.90618311  -1111.59302088      24       0      24
  760     44.79305318   -326.48216894  -1111.59302088      22       0      27
  761     59.07013526   -260.05577877  -1111.59302088      31       0      25
  762     53.87292279    -62.04475270  -1111.59302088      29       0      27
  763     57.67436716   -358.09380431  -1111.59302087      32       0      27
  764 2442360.76361687 54666437.55579949  -1111.59302088      31       0      26
  765     55.80915439   -279.28838244  -1111.59302088      31       0      26
  766     76.93384517   -178.20670166  -1111.59302088      28       0      38
  767     67.06417767   -170.61769461  -1111.59302088      43       0      39
  768     77.86838685   -152.09241963  -1111.59302088      41       0      30
  769     72.30065355   -202.59139937  -1111.59302088      34       0      37
  770     68.44417080   -148.58449375  -1111.59302088      39       0      35
  771     46.71895514   -204.93469139  -1111.59302088      44       0      31
  772     70.85337864   -135.66405347  -1111.59302088      40       0      30
  773     74.46673358   -106.32040170  -1111.59302088      36       0      29
  774     87.71727621   -162.31622341  -1111.59302088      33       0      26
  775     39.31936848   -347.24653311  -1111.59302088      26       0      22
  776     51.81108792   -337.08934543  -1111.59302088      27       0      22
  777     60.11989391   -202.61084351  -1111.59302088      24       0      27
  778     42.21145030   -592.86178158  -1111.59302088      28       0      23
  779     84.85363169   -202.08812899  -1111.59302088      27       0      29
  780     88.81975265   -101.67335551  -1111.59302088      34       0      26
  781     37.33639387   -398.42938290  -1111.59302088      31       0      25
  782     72.06143020   -257.46846419  -1111.59302088      37       0      28
  783     60.77505881   -171.04811097  -1111.59302088      29       0      35
  784     86.87001730    -85.07442250  -1111.59302088      40       0      43
  785     99.60035522   -152.45077937  -1111.59302088      51       0      30
  786     29.84113257   -614.83405871  -1111.59302088      42       0      31
  787     60.38888384   -114.13108942  -1111.59302088      34       0      36
  788     60.91026733   -231.19657323  -1111.59302088      38       0      31
  789 109821.35915488 2457035.75637026  -1111.59302088      38       0      34
  790     55.41272378   -314.69890265  -1111.59302088      38       0      29
  791 1946562.26847296 43568944.35681075  -1111.59302088      33       0      27
  792     37.08034418   -383.49575986  -1111.59302088      33       0      21
  793     19.33685215   -960.76682824  -1111.59302088      27       0      22
  794     77.91805685   -111.18614855  -1111.59302088      26       0      28
  795     55.78313388   -255.87860240  -1111.59302088      27       0      17
  796     67.15596648   -150.73718071  -1111.59302088      21       0      30
  797     58.45414936   -220.60281275  -1111.59302088      28       0      25
  798     80.68722326   -206.42696556  -1111.59302088      31       0      33
  799     82.61988460   -128.60697869  -1111.59302088      44       0      22
  800     76.68759210   -198.45890412  -1111.59302088      25       0      30
  801     83.80545840   -145.32760050  -1111.59302088      35       0      43
  802     75.39075970   -128.89940052  -1111.59302088      42       0      39
  803     59.37082736   -230.32221110  -1111.59302088      47       0      30
  804     73.39046721   -159.47668647  -1111.59302088      40       0      34
  805     70.50352973   -224.37295193  -1111.59302088      39       0      31
  806     67.08396333   -116.34597132  -1111.59302088      34       0      33
  807     62.66947184   -207.22508262  -1111.59302088      37       0      32
  808     45.93232766   -237.91180541  -1111.59302088      44       0      26
  809     73.95231741   -117.12905891  -1111.59302088      32       0      21
  810     57.02990566   -224.23338770  -1111.59302088      24       0      25
  811     85.34980158   -172.79996689  -1111.59302088      29       0      27
  812     62.11416513   -174.84781306  -1111.59302088      28       0      17
  813     62.36586801    -97.18084501  -1111.59302088      21       0      27
  814     47.42853132   -353.62746228  -1111.59302088      30       0      21
  815     78.01214184   -209.32618903  -1111.59302088      22       0      36
  816     77.87310683   -257.79150368  -1111.59302088      37       0      25
  817  50348.34839016 1125851.36311218  -1111.59302088      34       0      29
  818     68.02609517   -271.12241523  -1111.59302088      32       0      39
  819     57.01914532   -129.18525380  -1111.59302088      41       0      40
  820     70.00085958   -133.07511099  -1111.59302088      45       0      32
  821     66.76945880   -153.68718230  -1111.59302088      40       0      35
  822     59.90361336   -168.14242333  -1111.59302088      37       0      32
  823     85.40114821   -106.04344280  -1111.59302088      38       0      24
  824     57.26504925   -209.51344395  -1111.59302088      36       0      38
  825     85.89448296   -188.79039334  -1111.59302088      39       0      29
  826     69.23004148   -208.01719163  -1111.59302088      38       0      23
  827     56.92823722   -256.82863375  -1111.59302088      30       0      26
  828     28.96153056   -569.00438197  -1111.59302088      26       0      22
  829     18.40751183   -955.00128313  -1111.59302088      25       0      20
  830     55.46284312   -400.06136165  -1111.59302088      24       0      27
  831     26.13014405   -677.42498508  -1111.59302088      31       0      21
  832     50.13641518   -197.34431780  -1111.59302088      23       0      29
  833     52.70436771   -276.46349739  -1111.59302088      26       0      31
  834     82.67437845   -228.43560351  -1111.59302088      34       0      27
  835     60.98351248   -156.13216078  -1111.59302088      34       0      40
  836     84.29810473   -153.64676273  -1111.59302088      45       0      38
  837     96.63762063    -96.67473815  -1111.59302088      46       0      34
  838     82.31927994   -169.72259730  -1111.59302088      36       0      31
  839     71.91248753    -99.96999903  -1111.59302088      44       0      31
  840     57.23806767   -226.97284902  -1111.59302088      39       0      30
  841     67.73629972   -199.61359877  -1111.59302088      32       0      34
  842     49.35448086   -268.01173747  -1111.59302088      41       0      32
  843     28.07957459   -622.74234510  -1111.59302088      35       0      24
  844     61.88393964   -158.78184989  -1111.59302088      28       0      27
  845 220168.57834146 4926947.26274507  -1111.59302088      31       0      21
  846     57.00638277   -193.60598116  -1111.59302088      25       0      19
  847     72.96823541   -155.06369956  -1111.59302088      19       0      30
  848     49.03698135   -244.34979504  -1111.59302088      32       0      22
  849     52.24696489   -310.32232639  -1111.59302088      24       0      26
  850     63.30381431   -259.39436099  -1111.59302088      24       0      29
  851     51.60733352   -108.35525205  -1111.59302088      31       0      27
  852     66.95863333   -253.37586963  -1111.59302088      32       0      35
  853     74.93467484   -144.60087863  -1111.59302088      35       0      40
  854     35.38410058   -611.44977967  -1111.59302088      49       0      32
  855     83.11009626   -124.86582256  -1111.59302088      37       0      39
  856     52.85678114   -210.75022853  -1111.59302088      47       0      27
  857     55.81656235   -275.85653023  -1111.59302088      33       0      33
  858     42.83978605   -308.10669669  -1111.59302088      40       0      32
  859     50.20553943   -358.84295417  -1111.59302088      35       0      31
  860     72.89541826    -66.82488443  -1111.59302087      38       0      28
  861     43.69413936   -377.03670351  -1111.59302088      32       0      27
  862     62.46883114   -315.83239822  -1111.59302088      30       0      21
  863     50.45956070   -239.21476122  -1111.59302088      34       0      20
  864     70.31536417   -289.59922384  -1111.59302088      26       0      30
  865     67.87539695   -180.57154875  -1111.59302088      29       0      22
  866     48.97697345   -251.16020621  -1111.59302088      28       0      26
  867     84.97829791   -122.59537650  -1111.59302088      32       0      26
  868     59.19252152   -172.20953929  -1111.59302088      29       0      28
  869    108.22318922   -152.40893262  -1111.59302088      31       0      33
  870     60.75413463   -130.17518849  -1111.59302088      35       0      36
  871     77.70926298   -224.02725258  -1111.59302088      46       0      36
  872     87.25129926   -117.25019356  -1111.59302088      44       0      37
  873     35.73172997   -450.69986723  -1111.59302088      49       0      28
  874     21.05117202   -940.09282590  -1111.59302088      36       0      35
  875     59.73853617   -211.44747175  -1111.59302088      36       0      30
  876     43.77720469   -235.95361510  -1111.59302088      38       0      30
  877     90.04370890   -130.56222057  -1111.59302088      35       0      29
  878     31.54782608   -579.08160469  -1111.59302088      35       0      25
  879     70.03342633    -72.63486996  -1111.59302088      33       0      24
  880     80.90044174   -189.35295275  -1111.59302088      26       0      24
  881     38.88251646   -324.60724828  -1111.59302088      27       0      25
  882     53.24917986   -344.23769914  -1111.59302088      27       0      25
  883     62.64850370   -124.26882828  -1111.59302088      29       0      26
  884     55.10831251   -359.89055777  -1111.59302088      28       0      24
  885     76.44611382   -258.63778126  -1111.59302088      29       0      29
  886     64.53149080   -229.37517618  -1111.59302088      30       0      28
  887     68.49429260   -198.60515620  -1111.59302088      32       0      35
  888     94.79944030   -115.84595870  -1111.59302088      38       0      36
  889     64.32460708   -200.42163469  -1111.59302088      44       0      38
  890     67.05511890   -228.12197505  -1111.59302088      46       0      33
  891     59.21882585   -334.53303863  -1111.59302088      45       0      34
  892 3099684.43998943 69379365.55194424  -1111.59302088      43       0      31
  893     62.01688309   -243.52119876  -1111.59302088      36       0      26
  894     71.44807414    -59.91281992  -1111.59302087      32       0      33
  895     61.23328179   -155.27856463  -1111.59302087      38       0      27
  896     38.16715564   -338.11112884  -1111.59302088      37       0      22
  897     67.89598962    -64.39190881  -1111.59302087      31       0      27
  898     66.30396533   -235.14039365  -1111.59302087      30       0      22
  899     63.59674390   -275.06274994  -1111.59302088      27       0      27
  900     98.97042707   -137.65105383  -1111.59302088      28       0      23
  901     47.68054417   -325.58233542  -1111.59302088      27       0      27
  902     22.04227724   -873.52391505  -1111.59302088      28       0      27
  903     93.91375465    -33.90891259  -1111.59302088      33       0      28
  904     52.50942634   -190.13986333  -1111.59302088      30       0      33
  905     71.11167796    -88.30858790  -1111.59302088      35       0      33
  906     75.36423390   -151.52674737  -1111.59302088      39       0      34
  907     92.25769837   -229.16345879  -1111.59302088      38       0      35
  908     82.98755938   -305.50673647  -1111.59302088      39       0      40
  909     44.37365614   -455.77616220  -1111.59302088      49       0      30
  910     84.04518754   -159.36459327  -1111.59302088      38       0      27
  911     94.64764816   -162.78422208  -1111.59302088      29       0      30
  912     59.85721592   -203.56649224  -1111.59302088      35       0      27
  913     38.86994374   -350.80034679  -1111.59302088      33       0      27
  914     61.80087336   -128.92117137  -1111.59302088      34       0      26
  915     54.45573297   -300.36992307  -1111.59302088      28       0      25
  916     62.23858209   -144.12332176  -1111.59302088      34       0      24
  917     80.63236063   -222.39707000  -1111.59302088      29       0      25
  918     46.53921790   -518.61136720  -1111.59302088      28       0      24
  919     49.41386328   -155.55072796  -1111.59302088      28       0      30
  920     63.99746628    -96.66117696  -1111.59302088      31       0      28
  921 640685.43000206 14339402.58607939  -1111.59302087      32       0      29
  922  69090.14741307 1545348.00632758  -1111.59302088      28       0      33
  923     30.52380604   -719.86498748  -1111.59302087      42       0      32
  924     64.39708656   -277.51726998  -1111.59302088      39       0      36
  925     25.51848037   -982.40654143  -1111.59302088      38       0      41
  926     41.53116604   -309.76640734  -1111.59302088      46       0      29
  927     71.92963762   -201.50309316  -1111.59302088      42       0      31
  928     64.70100064   -201.67998552  -1111.59302088      37       0      28
  929     56.49560358   -350.90239393  -1111.59302088      33       0      25
  930     91.52914640   -145.08641189  -1111.59302088      32       0      29
  931     59.56056006   -248.63820833  -1111.59302088      33       0      28
  932     70.44594532   -178.09256259  -1111.59302088      34       0      24
  933     18.43964037   -959.83124516  -1111.59302088      29       0      24
  934     62.29545855   -145.37905574  -1111.59302088      25       0      26
  935     44.10758549   -378.02225050  -1111.59302088      29       0      25
  936     72.83033596   -180.59677099  -1111.59302088      29       0      29
  937     60.05732176   -240.65846018  -1111.59302088      28       0      30
  938     68.74159718   -278.31214502  -1111.59302088      34       0      21
  939     68.75809652   -196.72095014  -1111.59302088      25       0      34
  940     34.40951295   -611.60391554  -1111.59302088      39       0      34
  941 6800548.85035427 152216090.02447143  -1111.59302088      35       0      37
  942     73.40250206   -263.15669568  -1111.59302088      42       0      39
  943     55.59333879   -291.70660870  -1111.59302088      47       0      29
  944     73.15888219   -225.12818440  -1111.59302088      36       0      32
  945     85.81205650   -151.64848346  -1111.59302088      39       0      30
  946     69.19233995   -179.24370828  -1111.59302088      31       0      24
  947     48.69861462   -338.75000838  -1111.59302088      33       0      29
  948     51.00388632   -307.77365209  -1111.59302088      35       0      26
  949     72.82451359   -204.37379711  -1111.59302088      28       0      30
  950     17.61574059   -974.66018893  -1111.59302088      28       0      22
  951     78.52740193   -188.67528389  -1111.59302088      29       0      27
  952     86.88954465    -95.30484553  -1111.59302087      29       0      26
  953     48.99894065   -500.46609421  -1111.59302088      34       0      29
  954     51.41424143   -143.22286781  -1111.59302088      31       0      26
  955     54.72231828   -188.20953283  -1111.59302087      26       0      22
  956    112.54652819   -105.12473794  -1111.59302088      30       0      34
  957     21.46251440   -988.53341349  -1111.59302088      36       0      32
  958     73.64047083   -187.86829611  -1111.59302088      36       0      37
  959     67.89758421   -204.25380295  -1111.59302088      43       0      38
  960     60.44100656   -140.94996957  -1111.59302087      39       0      29
  961     82.97860092    -35.56715161  -1111.59302088      41       0      35
  962     50.78952597   -274.49902257  -1111.59302088      36       0      27
  963     69.19771122   -203.10455490  -1111.59302088      35       0      28
  964     55.48805450   -284.93110827  -1111.59302088      33       0      30
  965     31.70021814   -540.20260667  -1111.59302088      33       0      26
  966     45.15449511   -174.06810108  -1111.59302088      30       0      26
  967     66.20729712   -167.88495261  -1111.59302088      28       0      25
  968     68.10969376   -142.02146600  -1111.59302088      27       0      26
  969     29.61097371   -628.25439803  -1111.59302088      29       0      28
  970     61.02973973   -182.36815824  -1111.59302088      30       0      28
  971     63.24925081   -309.98781275  -1111.59302088      30       0      24
  972     48.25993401   -461.02551606  -1111.59302088      27       0      24
  973     72.60334157   -253.61062289  -1111.59302088      30       0      32
  974 163394.03661951 3656159.47363229  -1111.59302088      34       0      29
  975     65.36535028   -118.54861081  -1111.59302088      36       0      41
  976 764046.50885174 17100613.97059186  -1111.59302088      43       0      36
  977     76.29098679   -153.57275000  -1111.59302088      46       0      30
  978     71.93508796    -84.84453172  -1111.59302088      35       0      34
  979     36.58342236   -428.88307313  -1111.59302087      40       0      29
  980     53.77913506   -192.55656282  -1111.59302088      37       0      31
  981     87.49039917   -167.76790141  -1111.59302088      31       0      27
  982     63.69773263   -228.78570397  -1111.59302088      32       0      26
  983     63.97453697   -314.32253717  -1111.59302087      29       0      29
  984     37.65077093   -348.30181026  -1111.59302087      32       0      22
  985     52.87511719   -376.08534124  -1111.59302088      24       0      29
  986  65286.59422399 1460209.66580407  -1111.59302088      31       0      25
  987     59.71617541   -125.27956487  -1111.59302088      29       0      28
  988     60.46721167   -147.99174709  -1111.59302088      36       0      24
  989     47.66794494   -258.53008027  -1111.59302088      33       0      27
  990     77.73432230    -50.28424421  -1111.59302088      30       0      27
  991     51.92115829   -162.65249376  -1111.59302087      32       0      31
  992     64.88946206   -272.89482357  -1111.59302088      35       0      34
  993    113.73179873    -53.33924068  -1111.59302088      36       0      40
  994     48.15768528   -391.03679509  -1111.59302088      47       0      32
  995     83.42203262   -207.56117613  -1111.59302088      34       0      35
  996     53.38050537   -220.95590561  -1111.59302088      41       0      29
  997     64.32899012   -130.42220075  -1111.59302088      43       0      31
  998     45.24094137   -389.23232041  -1111.59302088      33       0      28
  999     47.44507141   -420.95102925  -1111.59302088      30       0      27
 1000     96.29863181    -68.22002066  -1111.59302088      30       0      28
----------------------------------------------------------------------------------
Artificial Bee Colony Optimization Finished!

 -- Results Report --
 * 100 LMs will be saved in [ so4_12_waters-LM ].
      #          Energy
      0  -1111.59302088
      1  -1111.32720516
      2  -1111.03982167
      3  -1110.40323113
      4  -1109.99485909
      5  -1103.83894840
      6  -1103.69478874
      7  -1103.05397755
      8  -1103.04181609
      9  -1102.56014003
     10  -1102.30497250
     11  -1100.83062302
     12  -1100.58319347
     13  -1100.52287494
     14  -1100.24168390
     15  -1099.81264629
     16  -1099.75076531
     17  -1099.73768954
     18  -1099.64508443
     19  -1099.44732931
     20  -1099.37274683
     21  -1099.33789834
     22  -1099.32600685
     23  -1099.25054267
     24  -1099.23321684
     25  -1099.15693919
     26  -1099.13481575
     27  -1099.08665343
     28  -1098.95634766
     29  -1098.91255285
     30  -1098.85607057
     31  -1098.68463986
     32  -1098.64519355
     33  -1098.51547230
     34  -1098.39175716
     35  -1098.38898080
     36  -1098.37586514
     37  -1098.35710837
     38  -1098.17377647
     39  -1098.08542792
     40  -1098.02148718
     41  -1097.85634141
     42  -1097.78953334
     43  -1097.66188239
     44  -1097.65085592
     45  -1097.57658462
     46  -1097.51756598
     47  -1097.51025488
     48  -1097.49901725
     49  -1096.91272451
     50  -1096.86569716
     51  -1096.82453055
     52  -1096.76560197
     53  -1096.74594237
     54  -1096.69771958
     55  -1096.61870846
     56  -1096.59766862
     57  -1096.52847108
     58  -1096.48164249
     59  -1096.46235652
     60  -1096.46043771
     61  -1096.44351361
     62  -1096.41849386
     63  -1096.38644669
     64  -1096.36297626
     65  -1096.26902006
     66  -1096.25666027
     67  -1096.21527233
     68  -1096.21469023
     69  -1096.11536304
     70  -1096.08501561
     71  -1096.05123256
     72  -1096.03358807
     73  -1095.84708665
     74  -1095.78775659
     75  -1095.74830320
     76  -1095.57984803
     77  -1095.53592606
     78  -1095.48303543
     79  -1095.45303742
     80  -1095.39274806
     81  -1095.29068234
     82  -1095.26356599
     83  -1095.21876278
     84  -1095.21686724
     85  -1095.20540803
     86  -1095.19070108
     87  -1095.18979446
     88  -1095.13718190
     89  -1095.04758532
     90  -1095.01339808
     91  -1095.01163433
     92  -1094.94912054
     93  -1094.91307366
     94  -1094.81645520
     95  -1094.77182312
     96  -1094.76814242
     97  -1094.66807687
     98  -1094.56638784
     99  -1094.53935342

 * Final Global Minimal Energy:  -1111.59302088
 * The Global Minimum is saved as: [ so4_12_waters-OPT.(cluster/xyz/gjf) ]

===== (^ _ ^) =====
Normal termination at Fri Sep 14 19:37:36 2018.
Total run time: 13218 seconds = 0 days 3 hours 40 minutes 18 seconds.
