################################################################################

 PACKMOL - Packing optimization for the automated generation of
 starting configurations for molecular dynamics simulations.
 
                                                              Version 20.2.2 

################################################################################

  Packmol must be run with: packmol < inputfile.inp 

  Userguide at: http://m3g.iqm.unicamp.br/packmol 

  Reading input file... (Control-C aborts)
  Seed for random number generator:      1234567
  Output file: 39mecn.box-packmol.xyz
  Reading coordinate file: 1mecn.abc.mp2.xyz
  Number of independent structures:            1
  The structures are: 
  Structure            1 :(           6  atoms)
  Maximum number of GENCAN loops for all molecule packing:          200
  Total number of restrictions:            1
  Distance tolerance:    2.0000000000000000     
  Number of molecules of type            1 :           39
  Total number of atoms:          234
  Total number of molecules:           39
  Number of fixed molecules:            0
  Number of free molecules:           39
  Number of variables:          234
  Total number of fixed atoms:            0
  Maximum internal distance of type            1 :    3.1682542866083203     
  All atoms must be within these coordinates: 
   x: [   -999.42242189114575      ,    1000.5775781088543       ] 
   y: [   -999.39200696738578      ,    1000.6079930326142       ] 
   z: [   -998.39999999999998      ,    1001.6000000000000       ] 
  If the system is larger than this, increase the sidemax parameter. 

################################################################################

  Building initial approximation ... 

################################################################################

  Adjusting initial point to fit the constraints 

--------------------------------------------------------------------------------

--------------------------------------------------------------------------------

  Molecules of type:            1

  Packing:|0                                                             100%|
          |***********************************

  Restraint-only function value:    1.1661055561192501E-004
  Maximum violation of the restraints:    3.6148253488616565E-005

--------------------------------------------------------------------------------

  Rescaling maximum and minimum coordinates... 
  Computing size of patches... 
  Add fixed molecules to permanent arrays... 
  Reseting center of mass... 

--------------------------------------------------------------------------------

  Setting initial trial coordinates ... 

--------------------------------------------------------------------------------

--------------------------------------------------------------------------------

  Molecules of type:            1
  Adjusting random positions to fit the constraints. 
  Packing:|0                                                             100%|
          |
  Restraint-only function value:    4.9489264591580525E-005
  Maximum violation of the restraints:    4.9489264591580525E-005

################################################################################

  Objective function at initial point:    1162.3806249586380     

################################################################################

  Packing molecules of type:            1

################################################################################


--------------------------------------------------------------------------------

  Starting GENCAN loop:            0
  Scaling radii by:    1.1000000000000001     

  Packing:|0                                                             100%|
          |******************************************************************|
          |*******

  Function value from last GENCAN loop: f = .83826E-04
  Best function value before: f = .11624E+04
  Improvement from best function value:    99.99 %
  Improvement from last loop:    99.99 %
  Maximum violation of target distance:     0.000000
  Maximum violation of the constraints: .59918E-04
  Current structure written to file: 39mecn.box-packmol.xyz
--------------------------------------------------------------------------------
  Packing solved for molecules of type           1
  Objective function value:    8.3826467615789914E-005
  Maximum violation of target distance:    0.0000000000000000     
  Max. constraint violation:    5.9918331751171982E-005
--------------------------------------------------------------------------------

################################################################################

  Packing all molecules together 

################################################################################


  Initial approximation is a solution. Nothing to do. 

  Solution written to file: 39mecn.box-packmol.xyz

################################################################################

                                 Success! 
              Final objective function value: .44410E-01
              Maximum violation of target distance:   0.000000
              Maximum violation of the constraints: .59918E-04

--------------------------------------------------------------------------------

              Please cite this work if Packmol was useful: 

           L. Martinez, R. Andrade, E. G. Birgin, J. M. Martinez, 
         PACKMOL: A package for building initial configurations for
                   molecular dynamics simulations. 
          Journal of Computational Chemistry, 30:2157-2164,2009.

################################################################################

   Running time:    3.72339971E-02  seconds. 

--------------------------------------------------------------------------------

