    * * * * * * * * * * * * * * * * * * * * *
    *       __    ____    ______            *
    *      /  \  |  _ \  |  ___/  luster !  *
     *    / _  \ | |_| | | |               *
     *   / /_\ | |  _ <  | |     < @  @ >  * 
     *  / ___  | | |_| | | |___ _ _  o     * 
    *  /_/   |_| |____/  |_____ _ __ __  _  *
    *                                       *
    * * * * * * * * * * * * * * * * * * * * *

ABCluster 1.5.1
Specific flag:  official version
Platform:       LINUX/UNIX
Compiled by:    junzhang@gellmann.scs.illinois.edu
Compiling date: Dec 18 2017 20:33:35
C++ compiler:   g++
C++ options:    -O3 -Os -fno-exceptions --std=c++0x -fopenmp 

Contributors:
Jun Zhang(University of Cologne): Design and coding.

For any suggestions, comments, and questions on the theory and
implementation of ABCluster, please feel free to contact:

Dr. Jun Zhang, ZhangJunQcc@gmail.com

If you used this program in your work, please cite this reference:

[1] Zhang, J.; Dolg, M.; ABCluster: The Artificial Bee Colony Algorithm for
    Cluster Global Optimization. Phys. Chem. Chem. Phys. 2015, 17, 24173-24181.
[2] Zhang, J.; Dolg, M.; Global Optimization of Clusters of Rigid Molecules by the
    Artificial Bee Colony Algorithm. Phys. Chem. Chem. Phys. 2016, 18, 3003-3010.

Program starts at Wed Nov 13 11:47:43 2019.
Command line: " /ihome/jkeith/amm503/codes/ABCluster/rigidmol-optimizer 3wat-2acn.inp "
Process ID:   93876
Run by:       amm503@smp-n63.crc.pitt.edu
Available CPU cores:    24
Read "OMP_NUM_THREADS": Unset

Random number testing (integers): 328005164...273728804
Random number testing (fractals): 0.16839054...0.82413092

 -- Input/Output Parameters --
Input file name:      3wat-2acn.inp
Cluster file name:    3wat-2acn.cluster
Result file name:     lm-3wat-2acn.(cluster/xyz/gjf)
Temporary file name:  abclusteramm503smp-n63.crc.pitt.edu93876-OPT
# of saved LMs:       100
LMs are stored in:    lm-3wat-2acn-LM

 -- ABC Control Parameters --
Population size:                  500
Maximal generation:              1000
Scout limit:                       15
Amplitude:                20.00000000

 -- Cluster Components: from [ 3wat-2acn.cluster ] --
 -----------------------------------------------------------
   Source                                       #   Charge
 -----------------------------------------------------------
   charmm36/tip4p.xyz                           3    0.000
   charmm36/ch3cn.xyz                           2   -0.000
 -----------------------------------------------------------
   Dimension: 0, an isolate cluster.
 -----------------------------------------------------------

Artificial Bee Colony Optimization Starts!
----------------------------------------------------------------------------------
 * Population: 500; Maximal cycles: 1000
 * EM = Employed Bee; Trigonometric mutation
 * OL = Onlooker Bee; ABC/best/2(0.5)+ABC/current/2(0.5);
        Tournament selection from 5 nectars.
 * SC = Scout Bee; Random nectar; Limit = 15
----------------------------------------------------------------------------------
    #       Diversity            maxE            minE    byEM    byOL    bySC
----------------------------------------------------------------------------------
    1     12.99252675    -21.71600525   -129.40324755     322      37       0
    2      4.63241772   -108.47812881   -129.40324755     253      38       0
    3      3.40356252   -112.67504930   -129.40324755     163      22       0
    4      2.86995857   -112.67504930   -129.40324774     110       4       0
    5      2.39064746   -113.11661146   -129.40324706      94       8       0
    6      1.96360174   -119.68378517   -129.40324717      61       6       0
    7      1.62887732   -119.88656175   -129.40324774      55       1       0
    8      1.46296878   -119.88656175   -129.40324711      51       1       0
    9      1.31721516   -119.88656175   -129.40324718      43       1       0
   10      1.15924941   -121.54864427   -129.40324719      35       0       0
   11      1.06297009   -121.54864427   -129.40324755      28       0       0
   12      1.00079445   -121.57382368   -129.40324755      25       0       0
   13      0.92761093   -121.57382258   -129.40324711      21       0       0
   14      0.85676770   -121.57382328   -129.40324716      23       0       0
   15      0.75859099   -121.57382258   -129.40324725      19       0       0
   16      0.71803013   -121.57382368   -129.40324711      15       0       0
   17      8.69245108    -23.83475801   -129.40324711      13       0      18
   18     15.88424666     -4.72235359   -129.40324725      23       0      48
   19     23.60489141     -4.55064177   -129.40324755      54       0     118
   20     27.65267175     -2.44026071   -129.40324717     117       0     150
   21     23.41524816     -1.62407275   -129.40324711     166       5     109
   22     15.32908549     -6.60254690   -129.40324755     181      22      44
   23      8.80774877    -24.20952681   -129.40324711     173      20       9
   24      5.98887815    -25.74396084   -129.40324719     114       6       3
   25      4.79245805    -46.33479287   -129.40324774     101       4       1
   26      2.27257022   -112.90848962   -129.40324767      78       2       0
   27      1.65109564   -119.37573710   -129.40324773      77       1       0
   28      1.39942057   -119.68378717   -129.40324711      52       0       0
   29      1.06265410   -121.54864428   -129.40324705      50       0       0
   30      0.95654245   -121.54864428   -129.40324768      30       1       0
   31      0.76000415   -126.08683585   -129.40324768      29       0       0
   32      0.67690713   -126.08683692   -129.40324705      22       0       0
   33      0.55680605   -126.08683692   -129.40324768      25       0       1
   34      4.81335682    -59.50570104   -129.40324754      14       0       5
   35     11.66641638     -4.56094392   -129.40324755      12       0      22
   36     15.52917270     -3.53836733   -129.40324707      34       0      44
   37     18.38266320     -6.10065501   -129.40324768      50       0      65
   38     18.07135771     -5.80250204   -129.40324773      80       0      92
   39     19.60028010     -9.53304659   -129.40324768     115       2      97
   40     21.09997504     -1.41332268   -129.40324711     138       4      86
   41     17.78121698     -7.66195412   -129.40324705     149       4      53
   42      8.83470703     -7.05847055   -129.40324697     144       4      21
   43      5.21119958    -35.14657411   -129.40324698     117       1       7
   44      4.83050238    -47.20105172   -129.40324755      96       0       6
   45      2.13467420   -108.47812912   -129.40324774      75       0       1
   46      1.39745847   -116.67186461   -129.40324774      60       0       0
   47      0.96754440   -119.88656125   -129.40324710      40       0       0
   48      0.54094251   -121.54864466   -129.40324774      35       0       0
   49      0.40213341   -123.12127673   -129.40324755      10       0       0
   50      0.36573719   -123.12127673   -129.40324755       5       0       0
   51      5.36598695    -28.44011973   -129.40324717       6       0       3
   52      7.01560478    -24.06058977   -129.40324698       5       0      11
   53     13.34705254     -3.14522269   -129.40324774      13       0      19
   54     15.66314607     -6.43670336   -129.40324755      20       0      33
   55     14.58263100     -7.92736506   -129.40324711      33       0      50
   56     21.09688618     -4.77050027   -129.40324719      56       0      85
   57     21.79016139     -1.88443820   -129.40324719      88       0      80
   58     20.77802995     -6.42931025   -129.40324774     112       0      96
   59 290519.50303990 6502596.10892982   -129.40324698     123       1      63
   60     18.86308675     -8.78844705   -129.40324768     133       0      40
   61      5.39089276    -37.13972688   -129.40324774     117       0      11
   62      6.38201668     -7.56540738   -129.40324711      76       0       6
   63      1.46931501   -108.25483742   -129.40324725      41       0       2
   64      5.17367157    -13.64360425   -129.40324717      23       0       1
   65      0.00000028   -129.40324773   -129.40324774       5       0       0
   66      0.00000028   -129.40324773   -129.40324774       0       0       0
   67      0.00000028   -129.40324773   -129.40324774       0       0       0
   68      4.62508139    -28.37855937   -129.40324717       0       0       3
   69     10.21801316     -4.72238454   -129.40324768       3       0       9
   70      8.36084583    -27.48203718   -129.40324768       9       0      14
   71      9.33290209    -22.85973454   -129.40324711      16       0      26
   72     15.66755069     -5.65897525   -129.40324774      28       0      36
   73     16.11891085     -8.12889011   -129.40324774      34       0      58
   74     19.99429554     -6.07442325   -129.40324773      61       0      70
   75     17.44355109    -11.47797525   -129.40324715      78       0      89
   76     18.71802532     -6.79735923   -129.40324717     101       0      72
   77     23.73672771     -1.88070930   -129.40324768     101       0      75
   78     13.79721374    -15.33901078   -129.40324715     114       0      33
   79     10.22098246     -6.67078530   -129.40324767      91       0      11
   80      3.51244654    -55.14447999   -129.40324767      58       0       3
   81      1.19873080   -104.57547887   -129.40324774      17       0       1
   82      0.14816608   -126.08683520   -129.40324774       7       0       0
   83      0.00000024   -129.40324711   -129.40324706       1       0       0
   84      0.00000024   -129.40324711   -129.40324706       0       0       0
   85      4.66089324    -27.46275402   -129.40324774       0       0       3
   86      3.55103183    -59.51356321   -129.40324774       3       0       6
   87      8.54069900     -3.45074830   -129.40324774       5       0      16
   88      9.64111953    -11.14954421   -129.40324773      14       0      24
   89     16.25985380     -4.15289316   -129.40324774      24       0      33
   90     17.05324052     -7.07666774   -129.40324725      35       0      48
   91     15.49256682     -7.40073148   -129.40324774      57       0      55
   92     19.67291612     -6.06070500   -129.40324774      62       0      76
   93     21.69961870     -3.67600251   -129.40324772      92       0      77
   94     17.46299823     -3.76099893   -129.40324773      97       0      69
   95     17.21891843     -4.51699153   -129.40324768      94       0      53
   96     12.44442224     -5.80113573   -129.40324774      99       0      30
   97      4.43844231    -47.72612797   -129.40324774      80       0       9
   98      5.20881333    -13.73073659   -129.40324773      33       0       1
   99      0.27234194   -126.08683638   -129.40324767       6       0       0
  100      0.00000020   -129.40324774   -129.40324717       5       0       0
  101      0.00000020   -129.40324774   -129.40324717       0       0       0
  102      5.58047970    -30.66175591   -129.40324767       0       0       4
  103      5.34262193    -16.51748812   -129.40324773       4       0       6
  104      8.52907646    -12.73284521   -129.40324773       5       0      13
  105      7.32697000    -11.47027581   -129.40324774      13       0      22
  106     13.51842385     -7.31365681   -129.40324774      23       0      26
  107     16.63382471     -6.88720792   -129.40324773      29       0      43
  108     13.15631811    -12.47788678   -129.40324774      44       0      48
  109     20.81171529     -3.78468923   -129.40324773      55       0      73
  110     17.34079061     -4.35840930   -129.40324773      75       0      68
  111     18.01562891     -5.17624974   -129.40324774      86       0      59
  112     16.97068706     -2.31867746   -129.40324774      98       0      65
  113     17.33139964    -10.29736469   -129.40324774     101       0      53
  114      8.56701616    -15.77823198   -129.40324774      83       0      16
  115      1.97264192   -108.25483795   -129.40324773      57       0       4
  116      0.48572772   -121.05870829   -129.40324774      22       0       0
  117      0.24536850   -123.91114644   -129.40324773       6       0       0
  118      0.00000017   -129.40324774   -129.40324773       1       0       0
  119      5.62531294    -33.40634952   -129.40324774       0       0       5
  120      4.84201957    -31.96714831   -129.40324773       5       0       2
  121      7.71155905    -24.38634982   -129.40324774       4       0      15
  122      9.06016077     -8.86941456   -129.40324774      14       0      20
  123     13.31550769     -6.21750426   -129.40324774      18       0      27
  124     14.84807447     -2.52780057   -129.40324774      30       0      32
  125     13.50256960     -3.79869207   -129.40324774      37       0      46
  126     17.71521799     -6.50419191   -129.40324774      50       0      59
  127     16.29878800     -3.16003319   -129.40324766      74       0      60
  128     20.73592575     -9.82464914   -129.40324774      79       0      65
  129     19.11007311     -5.30269192   -129.40324767      78       0      64
  130     18.78080201     -4.50770953   -129.40324773      79       0      59
  131     12.82790441    -17.92626433   -129.40324774      81       0      32
  132      6.57327238    -28.73722590   -129.40324774      57       0      13
  133      0.59581427   -121.57382329   -129.40324773      32       0       1
  134      0.00000017   -129.40324774   -129.40324774       7       0       0
  135      0.00000017   -129.40324774   -129.40324774       0       0       0
  136      4.17794814    -49.49993331   -129.40324774       0       0       3
  137      5.86159296    -25.16839278   -129.40324774       3       0       4
  138     12.41871046     -3.07467811   -129.40324774       4       0      16
  139      5.96623392    -29.70895001   -129.40324774      16       0      17
  140     11.95365471    -12.05235731   -129.40324774      17       0      24
  141     10.88981504     -7.60257899   -129.40324774      24       0      26
  142     14.39245540     -2.84045820   -129.40324773      25       0      39
  143     16.56703619    -10.48228448   -129.40324773      45       0      57
  144     16.47167198     -4.63206596   -129.40324774      65       0      57
  145     17.83339314     -7.02529766   -129.40324774      68       0      70
  146     18.93417409     -5.74989941   -129.40324773      84       0      62
  147     20.56738143     -2.42683566   -129.40324774      80       0      63
  148     19.12784803     -1.59912616   -129.40324774      90       0      39
  149     14.59924426     -5.76378939   -129.40324774      63       0      20
  150      5.82203047    -29.03134929   -129.40324774      44       0       3
  151      0.20620309   -126.08683638   -129.40324774      10       0       0
  152      0.05622764   -128.14470014   -129.40324773       3       0       0
  153      2.16382729    -81.48935432   -129.40324774       1       0       3
  154      2.84580524    -69.16894777   -129.40324774       2       0       4
  155     12.02149032     -8.43221713   -129.40324774       5       0      16
  156      6.58381170     -5.82029139   -129.40324774      16       0      17
  157     14.57093716     -6.12878165   -129.40324774      15       0      23
  158      7.77444677    -22.87791444   -129.40324774      24       0      19
  159     11.08151838    -18.61519298   -129.40324774      18       0      35
  160     18.97019443     -5.38023084   -129.40324773      34       0      54
  161     15.90679428     -6.48461505   -129.40324773      59       0      56
  162     19.74820800     -6.23240686   -129.40324774      70       0      61
  163     19.16901106     -6.36720200   -129.40324773      78       0      64
  164     21.12808970     -8.06917006   -129.40324773      85       0      65
  165     14.76437331     -6.22935684   -129.40324774     101       0      47
  166     14.56293600     -4.17224572   -129.40324711      81       0      27
  167      4.71437819    -36.75708890   -129.40324774      62       0       7
  168      0.82856418   -116.42186250   -129.40324774      20       0       2
  169      1.14759736   -104.93111871   -129.40324774       7       0       1
  170      0.00000018   -129.40324774   -129.40324774       2       0       1
  171      3.52150029    -56.97408633   -129.40324774       0       0       5
  172      7.94361559     -6.63463409   -129.40324725       5       0      16
  173      8.05204220    -28.26434914   -129.40324773      16       0      16
  174     10.30212025     -9.81004937   -129.40324725      18       0      25
  175      7.14199322     -8.92432638   -129.40324725      28       0      13
  176     12.87439856     -5.55034792   -129.40324725      19       0      28
  177     10.16533460     -5.09383881   -129.40324773      27       0      44
  178     17.47650773     -7.37989357   -129.40324770      43       0      57
  179     16.04208840    -11.60799487   -129.40324774      69       0      62
  180     14.52829860     -6.22488701   -129.40324774      68       0      52
  181     17.05936157     -9.42510812   -129.40324773      70       0      60
  182     19.71189649     -5.59509816   -129.40324774      83       0      65
  183     12.01404918    -11.07477013   -129.40324773      83       0      38
  184      6.72129467    -37.92794037   -129.40324774      68       0      14
  185      5.62569114     -4.75964176   -129.40324772      39       0       2
  186      1.33446839   -105.02398998   -129.40324774      14       0       3
  187      0.00000019   -129.40324774   -129.40324773       3       0       0
  188      4.72590072    -27.78220951   -129.40324774       0       0       4
  189      6.08910693     -4.07978285   -129.40324772       4       0      14
  190      8.22054679     -7.80666239   -129.40324774      14       0      15
  191     11.02067781     -9.62448807   -129.40324774      16       0      25
  192      7.12848406    -15.63470219   -129.40324774      26       0      15
  193     13.62256934     -9.01026049   -129.40324774      20       0      27
  194     16.96070133     -6.96482653   -129.40324774      25       0      34
  195     15.36718764    -10.02194804   -129.40324774      38       0      54
  196     17.47134402     -1.62343676   -129.40324768      53       0      52
  197     15.93942258     -7.62058668   -129.40324768      61       0      59
  198     17.50315555     -5.08896064   -129.40324755      75       0      55
  199     16.70392059     -6.66902578   -129.40324774      75       0      63
  200     15.48571777    -10.20264504   -129.40324717      72       0      55
  201      7.33432029    -44.13094397   -129.40324774      70       0      20
  202      6.76324093     -4.89249891   -129.40324774      49       0       5
  203      5.18311057    -36.44046873   -129.40324774      32       0       3
  204      0.00000019   -129.40324773   -129.40324774       4       0       0
  205      3.19254237    -62.46188611   -129.40324772       0       0       4
  206      6.10963172    -28.02592102   -129.40324773       4       0      12
  207     11.04110775     -8.48840574   -129.40324772      11       0      16
  208     10.04246285     -3.13016960   -129.40324774      18       0      19
  209     12.46616133     -1.72973367   -129.40324773      23       0      25
  210     10.20658189     -5.51857275   -129.40324774      29       0      19
  211     13.56187415     -6.48290477   -129.40324771      22       0      36
  212     16.69766679     -8.49834680   -129.40324773      40       0      41
  213     17.39721332     -4.70546005   -129.40324706      49       0      51
  214     16.13324888     -6.50370288   -129.40324772      54       0      56
  215     14.40798427     -7.89149596   -129.40324754      68       0      58
  216     15.87144396     -5.35235721   -129.40324773      72       0      61
  217     17.50548900     -3.05254467   -129.40324774      77       0      52
  218     14.13567165    -14.73537913   -129.40324774      82       0      34
  219     10.15759994     -3.02200628   -129.40324774      57       0      13
  220      1.16343192   -108.25483883   -129.40324774      31       0       3
  221      0.00000020   -129.40324774   -129.40324755       7       0       0
  222      1.86445832    -93.25777273   -129.40324774       0       0       4
  223      8.73067572    -11.43698553   -129.40324774       3       0      10
  224      8.52992563     -9.02465775   -129.40324774       9       0      12
  225      7.17450888    -15.96812046   -129.40324774      15       0      20
  226     13.24546420     -7.82729441   -129.40324773      22       0      28
  227     10.25316205    -14.73946082   -129.40324774      31       0      19
  228     14.57277720     -1.73257789   -129.40324774      24       0      29
  229     14.11410084     -6.81588593   -129.40324771      31       0      43
  230     17.53164422     -5.86590061   -129.40324773      46       0      44
  231     12.32770608     -5.92734402   -129.40324774      48       0      45
  232     18.55615346     -5.94300160   -129.40324774      57       0      64
  233     13.08671113     -5.51285188   -129.40324774      66       0      53
  234     16.63976371     -8.52089806   -129.40324725      68       0      62
  235     13.95593475     -7.15465425   -129.40324774      81       0      43
  236      6.48690001    -48.81042683   -129.40324774      64       0      20
  237      2.12057709   -105.28592279   -129.40324774      40       0       4
  238      0.95761612   -108.25483937   -129.40324706      13       0       0
  239      1.40807458   -108.47812839   -129.40324774       3       0       4
  240      8.48138110     -8.74589959   -129.40324774       3       0       9
  241      9.10635968     -2.17514033   -129.40324774       9       0      11
  242      7.45902909    -17.64726985   -129.40324774      11       0      16
  243     12.74849928     -8.53593888   -129.40324773      14       0      29
  244     10.94592356    -14.52684558   -129.40324774      33       0      21
  245     15.33732831     -3.41037089   -129.40324773      28       0      28
  246     15.35786123     -6.80330742   -129.40324773      33       0      38
  247     14.96992575     -7.43347327   -129.40324768      39       0      42
  248     19.07235317     -4.20219929   -129.40324773      52       0      48
  249     15.42579237     -3.32004468   -129.40324774      55       0      56
  250     18.22247056    -10.34522761   -129.40324773      75       0      49
  251     20.35449351     -7.39504155   -129.40324774      71       0      57
  252     19.76806497     -3.88927097   -129.40324774      66       0      61
  253     11.72220569     -6.70388354   -129.40324774      78       0      23
  254      7.64232906     -5.91713993   -129.40324768      53       0       8
  255      4.45245668    -30.58726124   -129.40324773      30       0       1
  256      5.42029446     -8.71663774   -129.40324773      10       0       3
  257      9.50785332    -19.07384255   -129.40324773       5       0       9
  258     11.84250055    -11.46836473   -129.40324773       8       0      11
  259      5.32276635    -21.45744499   -129.40324774      13       0      12
  260     14.15096327     -5.30268198   -129.40324772      12       0      26
  261     12.59978611     -8.75863409   -129.40324774      27       0      23
  262     11.80718382    -19.48254364   -129.40324773      26       0      29
  263     15.36753273     -6.45531817   -129.40324773      34       0      31
  264     13.07523113     -4.37308682   -129.40324773      34       0      40
  265     15.46390756    -11.18340536   -129.40324774      41       0      44
  266     18.38391810     -4.82049985   -129.40324773      49       0      51
  267     16.82220294    -11.06948070   -129.40324774      57       0      56
  268     17.03212995     -3.07268597   -129.40324774      63       0      54
  269     17.71930706     -5.55108335   -129.40324774      68       0      53
  270     15.09781175     -5.92670550   -129.40324773      64       0      33
  271      7.67901376    -27.79582927   -129.40324774      58       0      20
  272      6.06254573    -18.19402472   -129.40324774      34       0       5
  273      4.32970854    -35.68125459   -129.40324774      14       0       2
  274      5.94664844    -23.54789143   -129.40324774       6       0      10
  275      5.97609221    -36.08870827   -129.40324774      11       0      11
  276      9.65588071     -5.56646651   -129.40324774      12       0      10
  277      9.78271999    -16.93130635   -129.40324774      12       0      26
  278     10.24853725     -7.03754185   -129.40324774      26       0      20
  279     15.38600944     -8.27909652   -129.40324774      23       0      31
  280     12.47664568    -16.72748594   -129.40324774      35       0      31
  281     11.57639564    -10.74533407   -129.40324774      34       0      35
  282     14.01681407    -14.18468340   -129.40324774      38       0      48
  283     14.55141093     -7.54719703   -129.40324774      56       0      45
  284     16.03830758     -5.99540754   -129.40324774      55       0      47
  285     16.13428461     -5.97143844   -129.40324773      59       0      56
  286     16.79994432     -1.38313942   -129.40324774      70       0      53
  287     15.15946933     -6.73362778   -129.40324774      81       0      38
  288     15.09045756     -5.59682413   -129.40324774      67       0      27
  289      3.72192424    -64.90503700   -129.40324706      41       0       8
  290      5.16569589    -14.64466360   -129.40324706      15       0       3
  291      9.51507035     -4.09695513   -129.40324774       7       0      11
  292      5.46250625    -29.07970109   -129.40324706      11       0       8
  293      6.25211911    -43.46028607   -129.40324774      11       0      13
  294      8.74636221     -6.45859052   -129.40324774      13       0      21
  295     10.05015447    -15.57852209   -129.40324774      23       0      21
  296     12.75217846     -5.73226549   -129.40324774      24       0      31
  297     15.87177309     -7.52919356   -129.40324774      32       0      30
  298     12.44241701     -6.76390100   -129.40324774      34       0      31
  299     16.57307467     -5.48219468   -129.40324774      40       0      42
  300     14.59504263     -6.08433022   -129.40324774      45       0      46
  301     15.55804440    -10.29301533   -129.40324773      50       0      45
  302     15.10068546     -6.95601629   -129.40324774      54       0      48
  303     18.38471949     -9.79198682   -129.40324774      51       0      53
  304     12.75769655     -9.98233240   -129.40324774      61       0      48
  305     12.22676287     -6.28312647   -129.40324774      60       0      37
  306      6.76342267    -37.47187500   -129.40324774      53       0      11
  307      6.89026701    -18.35917816   -129.40324774      25       0       4
  308      5.19783889    -30.36272706   -129.40324774       5       0       9
  309      5.84016090    -16.34036796   -129.40324773       9       0       9
  310      6.73620422    -14.30977187   -129.40324774       8       0      12
  311      7.96209773    -21.30728213   -129.40324774      12       0      21
  312      9.19351790    -25.51659550   -129.40324774      18       0      19
  313     13.08967348     -8.60705659   -129.40324774      25       0      31
  314     14.86423737     -7.89204390   -129.40324774      35       0      26
  315     15.28198180     -4.16258359   -129.40324774      30       0      33
  316     12.92533333     -4.24253947   -129.40324774      33       0      42
  317     14.38376486     -5.58615447   -129.40324772      49       0      45
  318     16.71763360     -5.23034835   -129.40324772      53       0      47
  319     13.33252915     -5.99838755   -129.40324774      59       0      46
  320     17.26148487     -8.70022071   -129.40324774      61       0      44
  321     18.23824978     -7.51635250   -129.40324772      54       0      53
  322     17.43266158     -4.16589793   -129.40324774      66       0      39
  323      9.64294719    -14.12741262   -129.40324774      63       0      19
  324      1.91721523   -105.28592226   -129.40324771      39       0       5
  325     10.01002293    -14.55088738   -129.40324771      17       0      10
  326      9.24346070    -11.67406249   -129.40324755      12       0       8
  327      9.45793046     -8.11610251   -129.40324771       9       0      13
  328      9.26944091     -9.19360008   -129.40324773      11       0      15
  329     10.15255351    -13.81153189   -129.40324773      16       0      20
  330     10.19220623     -3.73927171   -129.40324755      23       0      29
  331     11.54254183    -21.56686464   -129.40324697      32       0      29
  332     10.52705248     -7.03617324   -129.40324771      32       0      31
  333     16.35291473     -8.60484038   -129.40324698      34       0      37
  334     17.52689983     -1.29312056   -129.40324698      37       0      37
  335     17.34663389     -2.55172354   -129.40324773      44       0      53
  336     13.70658109     -5.16545935   -129.40324773      58       0      50
  337     12.98983283    -22.07090029   -129.40324773      65       0      36
  338     14.74192275     -7.06629568   -129.40324773      61       0      45
  339     12.46378687     -5.54311143   -129.40324698      57       0      44
  340     13.12948436     -2.25772646   -129.40324774      52       0      35
  341      8.36892816    -10.87467813   -129.40324774      44       0       6
  342      6.40543794    -17.85877007   -129.40324774      23       0      11
  343      9.89911967     -2.09739161   -129.40324774      12       0      10
  344      2.86703795    -83.18131994   -129.40324773      13       0       9
  345     12.12644939     -9.49782524   -129.40324774      11       0      16
  346      7.67024345     -8.65714673   -129.40324773      16       0      21
  347     12.47835400     -8.63639442   -129.40324773      20       0      26
  348     12.58587212     -9.09061747   -129.40324698      27       0      28
  349     11.30756636    -13.50342600   -129.40324773      32       0      31
  350     13.17453127     -8.61052817   -129.40324774      36       0      34
  351     13.80866573     -4.71734804   -129.40324698      33       0      37
  352     15.79521961     -7.07345784   -129.40324774      42       0      46
  353     14.14279983     -7.10987756   -129.40324699      55       0      50
  354     12.42867316     -6.00444139   -129.40324774      56       0      37
  355     12.95483824    -11.91847548   -129.40324699      50       0      47
  356     16.26992355     -4.57557558   -129.40324706      48       0      41
  357     12.28496328     -6.47646811   -129.40324698      52       0      44
  358     11.16851444     -7.05340854   -129.40324699      60       0      13
  359      6.79456880    -18.16120855   -129.40324774      38       0       8
  360      8.59629101     -4.96791786   -129.40324698      15       0      10
  361      7.06540356    -11.39501287   -129.40324698      10       0      11
  362     10.13123784    -10.61556253   -129.40324699      12       0      17
  363      9.80545505    -11.67421164   -129.40324774      19       0      17
  364     12.50677574     -9.84229690   -129.40324698      15       0      27
  365     10.14204623     -8.28719975   -129.40324699      26       0      24
  366     12.01126449     -5.36699903   -129.40324698      30       0      36
  367     12.37076317     -8.11225562   -129.40324774      34       0      28
  368     17.03864625     -3.68243205   -129.40324698      35       0      36
  369     13.73436135     -6.54643572   -129.40324755      39       0      46
  370     13.50997715     -7.58126857   -129.40324774      46       0      46
  371     16.31177035    -10.87412668   -129.40324698      55       0      43
  372     12.11863023    -21.40975834   -129.40324699      54       0      40
  373     15.58722903     -3.63010709   -129.40324699      50       0      41
  374     11.20961005    -10.09910182   -129.40324698      52       0      39
  375     12.75376660    -12.46658671   -129.40324698      40       0      25
  376      9.92088706    -13.14005462   -129.40324697      34       0      14
  377      6.00080470     -5.36566845   -129.40324698      22       0       8
  378     12.17035404     -4.13649100   -129.40324698      15       0      13
  379      9.44168919     -8.38146811   -129.40324698      15       0      17
  380      7.22571487    -13.44466464   -129.40324706      15       0      16
  381     11.32884129    -15.96988665   -129.40324698      19       0      26
  382      7.16858916    -45.13000791   -129.40324697      28       0      22
  383     15.75898221     -9.08031472   -129.40324697      28       0      36
  384     11.50091964    -13.72043992   -129.40324698      38       0      31
  385 2146277.84909308 48040168.98558626   -129.40324697      33       0      34
  386     16.13821816     -6.31371673   -129.40324699      39       0      41
  387     12.43320555     -5.44381651   -129.40324698      45       0      42
  388     13.60249952    -13.59727396   -129.40324697      56       0      43
  389     12.56071228     -5.60335736   -129.40324699      54       0      45
  390     12.99418255     -4.18430410   -129.40324698      57       0      42
  391     11.46518786     -6.07512273   -129.40324699      56       0      37
  392     12.52811815     -6.78110313   -129.40324698      44       0      29
  393      8.83761224     -5.84529679   -129.40324719      38       0      11
  394     11.12484746     -5.81579382   -129.40324698      14       0      15
  395      9.71603686     -8.49338445   -129.40324698      15       0      12
  396     12.58133969     -9.01461879   -129.40324719      13       0      16
  397      6.88253616    -17.06873763   -129.40324698      20       0      13
  398     14.78173609     -5.87486351   -129.40324698      14       0      29
  399     11.63382701    -11.58537348   -129.40324698      28       0      20
  400     13.38884356     -5.93901152   -129.40324698      21       0      37
  401     12.91388624     -5.63339783   -129.40324719      42       0      27
  402     12.12044617     -3.98347309   -129.40324698      34       0      35
  403     11.84260668     -6.43799150   -129.40324719      39       0      31
  404     14.47266392    -13.07831804   -129.40324698      31       0      47
  405     17.20235469     -6.75391698   -129.40324699      47       0      47
  406     13.90241568    -13.28109900   -129.40324698      54       0      39
  407     15.16072361     -7.97422485   -129.40324697      50       0      46
  408     11.97997566    -17.95796263   -129.40324699      48       0      40
  409     16.45003257     -4.01905044   -129.40324697      47       0      34
  410     12.39567731     -1.82368788   -129.40324698      45       0      12
  411      8.96053549    -14.92778550   -129.40324698      22       0      14
  412      8.83807069     -3.65763827   -129.40324698      17       0      10
  413      8.63084614    -10.45352705   -129.40324698      13       0      18
  414      7.18906061    -23.76117426   -129.40324698      20       0      14
  415     12.27009891    -11.61592740   -129.40324698      11       0      26
  416      7.28798554     -8.73769249   -129.40324698      26       0      18
  417     11.26975304    -19.15477786   -129.40324698      24       0      36
  418     10.78437342    -12.77300094   -129.40324698      37       0      31
  419     13.81141475     -6.60879065   -129.40324698      37       0      34
  420     14.98704910     -2.41546411   -129.40324698      40       0      34
  421     14.59296302    -10.52722795   -129.40324698      38       0      39
  422     15.57257177     -7.05630677   -129.40324697      43       0      43
  423     17.07539751     -5.86812009   -129.40324698      43       0      48
  424     17.90963980     -2.80144830   -129.40324698      55       0      41
  425     15.56587256    -10.17206648   -129.40324698      53       0      40
  426 5815500.43461762 130168651.03532028   -129.40324698      54       0      34
  427     11.18163895     -9.10286091   -129.40324698      53       0      19
  428      6.08670848     -4.69575778   -129.40324698      26       0      12
  429      8.05691375    -23.01528119   -129.40324698      16       0      11
  430     10.47285774     -3.97543472   -129.40324698      14       0      22
  431      8.16480637    -11.71269552   -129.40324698      20       0      11
  432      9.51817836    -14.77597578   -129.40324698      14       0      21
  433     10.52099293     -9.80080813   -129.40324698      23       0      21
  434     12.24735565    -14.03826047   -129.40324698      21       0      33
  435     12.55125024     -9.12984768   -129.40324698      37       0      34
  436     12.76527493     -6.06766426   -129.40324774      35       0      31
  437     13.74664631     -3.40319226   -129.40324698      29       0      35
  438     13.77734746    -10.43036348   -129.40324698      42       0      40
  439     15.67192914     -8.13817383   -129.40324698      50       0      39
  440     13.96445730     -7.51576222   -129.40324717      48       0      40
  441     14.42868440     -6.84389277   -129.40324698      46       0      46
  442     12.56108104    -10.11961618   -129.40324698      51       0      35
  443     14.11371360     -4.84264469   -129.40324698      47       0      46
  444      7.18974887     -6.35586251   -129.40324697      43       0      20
  445      6.15787251    -41.81073907   -129.40324699      38       0      14
  446      8.92349540     -9.34104376   -129.40324698      22       0      14
  447      8.58264649    -10.76695848   -129.40324698      17       0      17
  448      8.33436017     -7.07913194   -129.40324698      19       0      12
  449      8.73494876     -8.22728391   -129.40324698      13       0      22
  450     10.11007413    -11.48573166   -129.40324698      21       0      19
  451     11.15733052    -29.24582194   -129.40324697      26       0      33
  452     13.73834330     -6.30660473   -129.40324698      31       0      36
  453     12.99327017     -5.57225291   -129.40324698      39       0      27
  454     12.74051803     -7.61011180   -129.40324698      37       0      28
  455     16.23346020    -13.05754840   -129.40324699      28       0      46
  456     14.82923356     -7.35761500   -129.40324698      45       0      37
  457     17.33374491     -3.68878444   -129.40324698      46       0      41
  458     15.09657167     -5.02920883   -129.40324755      45       0      42
  459     12.93171640     -8.48958734   -129.40324698      48       0      39
  460     17.13498212     -4.90065756   -129.40324755      50       0      44
  461     11.94951608     -8.18495678   -129.40324698      47       0      26
  462      8.70356669     -9.42260290   -129.40324698      32       0      15
  463     11.68264056     -5.50215638   -129.40324697      24       0      15
  464     13.18521441     -8.82855492   -129.40324698      20       0      17
  465      6.38160224     -9.71074139   -129.40324697      19       0      12
  466      8.16300574     -4.68669629   -129.40324697      16       0      18
  467     10.35967705     -9.52813899   -129.40324698      19       0      23
  468      8.22717381    -23.31379730   -129.40324697      23       0      30
  469     15.32040849     -2.92460113   -129.40324698      34       0      32
  470     13.27353915     -6.89715587   -129.40324697      36       0      33
  471     10.31299759     -4.52918309   -129.40324706      40       0      28
  472     14.43583913    -12.11794044   -129.40324706      29       0      40
  473     13.10114820     -6.86047286   -129.40324698      43       0      42
  474     11.68375449    -10.50376160   -129.40324698      47       0      37
  475     14.77267722     -4.38137995   -129.40324698      48       0      42
  476     15.55701420     -8.34645957   -129.40324697      48       0      41
  477     17.79660443     -4.58252255   -129.40324698      43       0      42
  478     10.39533978    -15.12211202   -129.40324698      52       0      28
  479     10.55562973     -6.06160474   -129.40324698      43       0      15
  480      7.70827581    -23.51313433   -129.40324697      21       0      18
  481     10.18409801     -2.16564758   -129.40324698      27       0      16
  482      8.48450022    -12.36717277   -129.40324698      20       0      13
  483      9.32776967    -16.03123252   -129.40324698      13       0      18
  484     12.70206919     -7.48304803   -129.40324697      20       0      23
  485     11.69967785    -11.49337629   -129.40324697      22       0      26
  486     11.02705836     -5.03416427   -129.40324698      24       0      31
  487     13.46426431     -2.69680771   -129.40324698      36       0      38
  488     13.77250932     -8.54434854   -129.40324698      42       0      29
  489     13.29152032    -11.90543874   -129.40324698      38       0      32
  490     13.95882806    -10.43862577   -129.40324698      37       0      42
  491     14.43614162     -4.35986182   -129.40324698      47       0      38
  492     15.11919629     -6.33055557   -129.40324697      46       0      45
  493      7.53352192    -37.11956977   -129.40324698      48       0      38
  494     12.62016070     -6.32616095   -129.40324697      50       0      36
  495     11.77428422    -10.83834983   -129.40324698      44       0      35
  496     10.09307416     -9.17890930   -129.40324698      44       0      19
  497      9.07685861    -14.63732939   -129.40324698      31       0      18
  498     10.04744750    -11.38421612   -129.40324699      21       0      18
  499      8.67009686     -7.11360873   -129.40324699      21       0      13
  500      8.43119105     -5.70122481   -129.40324698      16       0      18
  501     11.62327427     -7.84716432   -129.40324698      19       0      24
  502     12.10196939     -5.03858045   -129.40324698      28       0      24
  503      9.32343874    -22.17411017   -129.40324699      28       0      24
  504     11.83390885     -4.65697456   -129.40324698      26       0      39
  505     14.18005814     -8.06839413   -129.40324698      42       0      34
  506     14.06620844     -4.43241653   -129.40324697      40       0      30
  507     15.48092223     -5.52501873   -129.40324698      38       0      38
  508     15.70273542     -6.94536271   -129.40324698      36       0      41
  509     14.95281903     -8.01686499   -129.40324698      55       0      39
  510     15.20193639     -4.24289959   -129.40324698      58       0      41
  511     13.77625907     -5.52034082   -129.40324699      50       0      37
  512     15.87293390     -4.14925781   -129.40324698      51       0      37
  513      8.88789803     -8.85973082   -129.40324699      46       0      21
  514      9.64358823    -15.47805988   -129.40324698      35       0      19
  515     11.20682065     -6.62792440   -129.40324698      26       0      19
  516      8.16905999    -21.96238898   -129.40324698      19       0      13
  517      3.57347302    -87.64901592   -129.40324698      18       0      15
  518     12.95496073     -6.06972185   -129.40324698      18       0      28
  519      9.01799053     -9.20713799   -129.40324697      26       0      22
  520      8.91129109    -31.47237292   -129.40324698      23       0      24
  521     14.52203905     -3.73937311   -129.40324697      25       0      33
  522     15.92815248     -5.71063605   -129.40324699      38       0      35
  523     10.54485508    -15.27347826   -129.40324699      34       0      36
  524     10.85255231    -18.60097194   -129.40324698      43       0      23
  525     12.46022451     -6.76579043   -129.40324697      28       0      44
  526     14.58933221     -4.91814435   -129.40324697      48       0      39
  527     13.51456231    -13.72583753   -129.40324698      48       0      45
  528     11.88095403     -8.58893621   -129.40324711      52       0      37
  529     13.26192126     -9.43114134   -129.40324711      39       0      35
  530     14.22936592     -4.48480892   -129.40324698      44       0      31
  531     12.05225219     -4.10399342   -129.40324699      42       0      20
  532     11.31352332     -8.39627882   -129.40324699      23       0      15
  533      7.32646081     -5.79552264   -129.40324699      20       0      17
  534     11.40634185     -4.80995495   -129.40324698      17       0      17
  535      9.65260165    -15.05370476   -129.40324699      18       0      24
  536     11.92043706     -8.74029070   -129.40324699      28       0      25
  537      9.10807555    -18.25987021   -129.40324719      29       0      20
  538     16.58595440     -5.42709885   -129.40324698      23       0      37
  539     14.20748363     -7.23112555   -129.40324699      37       0      28
  540     11.43693988     -8.60258412   -129.40324698      33       0      37
  541     10.89215255     -5.56208958   -129.40324698      43       0      24
  542     15.82937025     -3.10428448   -129.40324697      34       0      38
  543     16.68110142     -5.30516861   -129.40324699      43       0      41
  544     16.23126232     -7.36565664   -129.40324717      56       0      48
  545     17.00782447     -4.40653375   -129.40324719      57       0      37
  546     12.94660297     -8.37025539   -129.40324698      51       0      34
  547     13.70703651    -12.16901557   -129.40324698      44       0      36
  548     10.34035521     -6.95734486   -129.40324717      48       0      20
  549      7.50288126    -13.76487416   -129.40324698      26       0      16
  550      6.27969327    -15.62119656   -129.40324698      20       0      17
  551      8.06066600     -7.26561264   -129.40324698      22       0      13
  552      9.95941737    -11.87356591   -129.40324717      14       0      24
  553     10.62471020     -6.59526016   -129.40324698      25       0      28
  554     11.54613066    -12.13926894   -129.40324698      26       0      21
  555     10.76216958    -17.34836302   -129.40324711      27       0      33
  556     12.64122089     -4.62286905   -129.40324699      32       0      28
  557     10.88861505    -16.13796301   -129.40324698      34       0      32
  558     12.51142771     -6.00251863   -129.40324698      34       0      26
  559     14.93105086     -6.23617355   -129.40324698      33       0      33
  560     16.17861686     -3.58207511   -129.40324698      36       0      43
  561     15.51362572     -4.46890832   -129.40324699      44       0      48
  562     11.53647688     -5.27254844   -129.40324698      51       0      36
  563     16.04018018    -11.50662511   -129.40324699      51       0      37
  564     15.49672619     -7.48692293   -129.40324699      47       0      40
  565      9.06327439    -13.23677516   -129.40324699      49       0      20
  566      9.68561453     -3.44621481   -129.40324699      34       0      18
  567      9.00201559    -26.83171307   -129.40324698      26       0      18
  568      9.60019789     -4.72017939   -129.40324774      16       0      15
  569     11.07301347     -3.74407730   -129.40324696      18       0      23
  570     11.52301705     -6.67314558   -129.40324774      23       0      24
  571      9.80905317    -16.63278313   -129.40324696      29       0      25
  572     10.60220849     -7.64735326   -129.40324698      29       0      27
  573     13.67886976     -5.47685054   -129.40324774      35       0      31
  574     12.36830346    -18.27317995   -129.40324699      38       0      30
  575     12.81857517     -5.90054042   -129.40324696      32       0      31
  576     13.76169707     -4.63178562   -129.40324774      42       0      33
  577     11.73059759     -9.77138281   -129.40324698      34       0      35
  578     15.29213644     -2.20409698   -129.40324698      41       0      47
  579     16.67901680     -4.99135237   -129.40324699      54       0      34
  580      9.92329113     -5.58164713   -129.40324699      43       0      37
  581     15.03672827     -9.30984461   -129.40324698      40       0      42
  582     10.82815626    -25.45823361   -129.40324696      43       0      27
  583      7.10205930    -47.20875695   -129.40324696      34       0      21
  584      8.33449280    -31.15099958   -129.40324698      30       0      17
  585      6.94246825     -3.35067272   -129.40324774      23       0      15
  586      9.71657357     -3.26908796   -129.40324699      14       0      17
  587      8.96238348    -13.70914303   -129.40324774      22       0      27
  588     12.99044355     -7.62766625   -129.40324699      22       0      21
  589     10.76671665     -8.83408379   -129.40324699      31       0      30
  590     13.79511827     -7.24484649   -129.40324774      29       0      30
  591     13.56644202     -5.63768121   -129.40324698      31       0      29
  592     12.57407234    -14.16071905   -129.40324699      36       0      37
  593     12.08969141     -3.97995850   -129.40324698      35       0      28
  594     11.18632192    -23.02145070   -129.40324698      39       0      35
  595     16.00527035     -4.39925006   -129.40324698      40       0      42
  596     16.92062906     -4.09341304   -129.40324697      47       0      42
  597      9.98045129     -6.12676266   -129.40324697      48       0      36
  598     13.53226793    -11.60479398   -129.40324697      41       0      41
  599     13.40639064     -6.92418893   -129.40324699      45       0      25
  600     10.02886071    -12.33959712   -129.40324698      37       0      22
  601     13.08138601     -1.57765985   -129.40324698      28       0      22
  602     10.68655145     -5.38508463   -129.40324697      26       0      15
  603      7.21806979    -10.54036201   -129.40324698      20       0      17
  604     12.85969232     -2.76248994   -129.40324698      18       0      24
  605     10.87750606     -4.54034625   -129.40324699      24       0      25
  606     11.34678442    -10.64150428   -129.40324698      27       0      25
  607     13.58690517     -6.29906197   -129.40324765      29       0      30
  608     13.81611836    -16.56384788   -129.40324697      35       0      34
  609     13.61009911     -7.65632690   -129.40324699      34       0      30
  610     14.32826951     -4.19497310   -129.40324697      36       0      31
  611     13.96114369     -4.07286998   -129.40324698      39       0      33
  612     13.22661837    -10.62073999   -129.40324699      47       0      38
  613     15.68009814     -4.68101517   -129.40324698      47       0      45
  614     16.22230108     -8.87674456   -129.40324698      49       0      39
  615     14.52955616     -5.46392320   -129.40324698      52       0      35
  616     14.04132039     -5.23890523   -129.40324698      50       0      31
  617     13.74717019     -5.44832345   -129.40324698      45       0      23
  618     12.46856020    -11.03172761   -129.40324699      27       0      22
  619      8.56918517     -9.66795063   -129.40324698      25       0      16
  620      8.67089995    -12.90302177   -129.40324698      21       0      19
  621     12.64870446     -7.08674123   -129.40324699      20       0      21
  622     14.14301909    -12.60548195   -129.40324698      23       0      24
  623     12.78750064     -8.37164626   -129.40324698      26       0      24
  624     14.52484895     -4.39999410   -129.40324698      32       0      33
  625     14.82508570     -8.34631421   -129.40324698      35       0      30
  626     11.70199930     -5.96232118   -129.40324699      34       0      25
  627     13.00425399     -5.99769579   -129.40324699      33       0      30
  628     13.33096011     -7.00515745   -129.40324699      37       0      37
  629     14.48110993     -8.00572137   -129.40324698      42       0      35
  630     13.15743941     -6.05859812   -129.40324698      47       0      48
  631     14.48706670     -8.58976188   -129.40324698      55       0      30
  632     17.18666081     -3.03590579   -129.40324698      49       0      43
  633     14.28248248     -7.24135139   -129.40324698      54       0      37
  634      7.51870979    -18.19176007   -129.40324698      48       0      23
  635     10.90979351     -9.03912300   -129.40324698      42       0      21
  636      4.71600364    -53.69110913   -129.40324698      33       0      18
  637      9.67330795     -3.36973905   -129.40324698      27       0      19
  638     12.39685029     -4.43560362   -129.40324698      24       0      19
  639     10.35083735    -14.01299050   -129.40324698      24       0      21
  640     10.06432240     -7.60416429   -129.40324698      27       0      29
  641     11.64286623    -17.23330441   -129.40324699      39       0      29
  642     13.01831339     -7.60589409   -129.40324699      31       0      31
  643      9.88164055    -12.78209089   -129.40324698      36       0      23
  644     10.75245708     -3.03573203   -129.40324698      29       0      28
  645     12.00963475    -13.26243733   -129.40324699      34       0      31
  646     12.57114059    -10.51654751   -129.40324698      39       0      40
  647     17.36438519     -5.28662968   -129.40324698      50       0      43
  648     12.28352079     -3.78062644   -129.40324698      52       0      31
  649     18.83153101     -5.58692153   -129.40324699      41       0      45
  650     14.46064824     -8.00409691   -129.40324699      47       0      34
  651      9.32268564     -8.99130435   -129.40324698      47       0      31
  652      9.01851106    -13.50431070   -129.40324699      39       0      18
  653      8.80347858    -35.08585725   -129.40324706      22       0      23
  654     11.81639671     -3.20378833   -129.40324698      28       0      19
  655     11.19859523     -2.91922426   -129.40324698      27       0      15
  656     12.97048832     -1.77619627   -129.40324698      21       0      25
  657     10.88373001     -3.24484340   -129.40324697      27       0      28
  658     15.64206035     -3.56173888   -129.40324697      35       0      32
  659     11.54607913     -2.85318717   -129.40324698      34       0      28
  660     10.84375423    -12.15731215   -129.40324697      36       0      21
  661      9.36676787    -24.04774975   -129.40324725      25       0      27
  662     10.64310997     -7.05756572   -129.40324698      27       0      31
  663     15.09006660     -3.42108910   -129.40324697      30       0      44
  664     16.19635332     -7.52791577   -129.40324698      48       0      37
  665     18.31061868     -3.93580811   -129.40324698      47       0      34
  666     16.01794516     -5.96691067   -129.40324698      43       0      45
  667     13.79166804     -7.95614379   -129.40324698      54       0      31
  668     11.96252853     -6.53417106   -129.40324707      47       0      35
  669     14.14744472    -16.07002827   -129.40324719      42       0      24
  670      9.75019619    -11.12663918   -129.40324719      32       0      19
  671      9.56329475    -17.47441731   -129.40324707      28       0      21
  672     12.56670670    -11.53235989   -129.40324707      24       0      15
  673     11.53707725     -5.71445503   -129.40324698      20       0      21
  674     12.10554956    -17.75421546   -129.40324699      25       0      33
  675     11.68716752     -5.27941067   -129.40324698      36       0      25
  676     12.19382834    -11.92859206   -129.40324707      28       0      32
  677      8.14765902    -27.31571300   -129.40324698      32       0      23
  678     10.59680226     -7.86013573   -129.40324698      30       0      31
  679     12.48433837     -5.12617921   -129.40324698      34       0      26
  680     13.61940153     -3.91265033   -129.40324698      30       0      35
  681     14.36734741      0.04812050   -129.40324698      40       0      41
  682     14.72598907     -4.05079986   -129.40324698      43       0      36
  683     13.44374968    -16.54726795   -129.40324698      46       0      37
  684     16.58906505     -3.76694463   -129.40324698      50       0      38
  685     14.27790706     -5.10685646   -129.40324698      44       0      37
  686     10.93349913     -8.20704002   -129.40324698      49       0      24
  687     10.14414663     -4.24377807   -129.40324698      40       0      22
  688     13.43961690     -7.57133340   -129.40324698      33       0      18
  689      8.88011560     -3.29469273   -129.40324698      24       0      19
  690      8.57183809    -25.27619350   -129.40324698      20       0      20
  691     13.17819866     -6.01508644   -129.40324698      23       0      32
  692      9.38510313    -11.18733365   -129.40324698      36       0      27
  693     14.99746451     -6.03952532   -129.40324698      32       0      30
  694     13.76371293     -9.52892514   -129.40324698      34       0      22
  695     10.68449385    -11.13563911   -129.40324768      28       0      31
  696     11.56831095     -4.89123648   -129.40324698      33       0      28
  697     11.56354883     -9.22436356   -129.40324698      32       0      31
  698     14.53090024     -5.65013405   -129.40324698      37       0      40
  699     13.00317942     -3.37059417   -129.40324698      42       0      30
  700     14.15270811     -4.12674133   -129.40324698      46       0      37
  701     15.11525857     -4.96930967   -129.40324698      44       0      41
  702     14.41674270    -10.34138737   -129.40324698      41       0      38
  703     12.24734830     -2.79801936   -129.40324698      47       0      28
  704     11.72432094     -9.50288104   -129.40324698      38       0      24
  705      8.46947803    -11.89707274   -129.40324698      32       0      20
  706      7.92908587    -12.29548427   -129.40324698      22       0      17
  707     11.96440049     -8.15813983   -129.40324698      21       0      21
  708     12.61824565    -13.35731321   -129.40324697      23       0      31
  709     11.41597933     -3.76727360   -129.40324698      31       0      27
  710     16.97661397     -4.10653041   -129.40324698      30       0      28
  711     11.31271151    -10.71507043   -129.40324698      30       0      24
  712     11.44478378     -8.64796432   -129.40324698      33       0      29
  713      8.61027921    -10.00038450   -129.40324697      31       0      29
  714     14.28175790    -13.20589121   -129.40324697      29       0      32
  715     14.74731317     -8.27281748   -129.40324697      36       0      31
  716     13.53386139     -6.78184107   -129.40324698      39       0      36
  717     15.70205994     -7.20630796   -129.40324711      36       0      39
  718     12.59901205     -8.58720792   -129.40324711      42       0      38
  719     14.33499347    -10.15117790   -129.40324698      47       0      36
  720     12.61274975     -7.49373517   -129.40324698      43       0      35
  721      9.48320846    -10.48479164   -129.40324706      47       0      25
  722     11.10825280     -5.79832756   -129.40324698      40       0      18
  723     12.76513712     -7.58162788   -129.40324699      24       0      20
  724      8.10876580    -32.91488366   -129.40324696      20       0      17
  725     13.71187596     -8.77842609   -129.40324698      22       0      32
  726     10.02508909     -1.64766807   -129.40324698      33       0      29
  727      9.37665519     -8.22613803   -129.40324696      29       0      24
  728     14.50377839     -3.13851806   -129.40324698      29       0      29
  729     12.00195894     -5.32554826   -129.40324698      30       0      30
  730      9.83336932    -15.09840912   -129.40324698      31       0      25
  731     14.33640580     -9.39339502   -129.40324698      30       0      30
  732     14.23709691     -4.39218718   -129.40324696      32       0      32
  733     14.26329664     -9.07156874   -129.40324699      35       0      38
  734     14.05533533     -4.04018523   -129.40324698      42       0      36
  735     15.25029419     -8.99099393   -129.40324698      45       0      34
  736     14.59332416     -5.54296233   -129.40324698      40       0      35
  737     10.10150404    -29.45174688   -129.40324698      44       0      33
  738     16.40753393     -4.75765200   -129.40324698      40       0      33
  739     13.22285524     -9.31051762   -129.40324698      40       0      21
  740     10.68195462    -10.31662121   -129.40324699      32       0      18
  741     12.15094447     -4.25719785   -129.40324698      29       0      21
  742     11.91821908     -6.06563216   -129.40324699      29       0      29
  743      8.42496820    -30.79786866   -129.40324698      24       0      29
  744     11.01489297     -7.22131984   -129.40324699      35       0      27
  745     10.23131064     -2.18468149   -129.40324698      33       0      26
  746     10.10230815     -2.57524268   -129.40324698      32       0      30
  747     14.65250134     -3.70910564   -129.40324699      33       0      22
  748     12.80382169    -12.72828823   -129.40324698      32       0      32
  749     12.96356972     -1.74362626   -129.40324698      35       0      34
  750     14.04389104     -5.72022711   -129.40324698      36       0      31
  751     12.29778970    -11.95700935   -129.40324698      37       0      39
  752     12.38879795     -5.87411521   -129.40324698      47       0      30
  753     14.82252470     -4.50792549   -129.40324698      38       0      36
  754     14.46810673     -9.81989443   -129.40324698      39       0      33
  755     13.94651491     -5.62885840   -129.40324697      42       0      34
  756      7.77222455    -13.80263865   -129.40324697      42       0      21
  757     10.03772562     -6.20571567   -129.40324699      30       0      21
  758      9.48245098    -11.38611439   -129.40324698      19       0      27
  759     11.94154421     -9.87207788   -129.40324698      30       0      25
  760     13.23154319     -3.13489845   -129.40324698      26       0      24
  761      7.30376829    -18.26863398   -129.40324698      34       0      30
  762      8.60882827    -27.89310977   -129.40324697      31       0      27
  763      9.20589494    -15.27243262   -129.40324699      31       0      25
  764     12.46037446     -9.48541222   -129.40324698      26       0      29
  765     14.05100915     -7.64818620   -129.40324697      32       0      29
  766      6.95053034    -53.31658182   -129.40324698      33       0      31
  767     12.63630810    -13.63589596   -129.40324768      37       0      32
  768     14.89391661     -3.48594207   -129.40324698      33       0      40
  769     12.31256930     -7.50154421   -129.40324768      41       0      31
  770     13.95814558     -9.47405956   -129.40324698      40       0      34
  771     11.29320269     -3.99908211   -129.40324698      37       0      30
  772      9.81042484    -16.13350049   -129.40324696      40       0      38
  773     10.97058843    -12.52308500   -129.40324698      50       0      26
  774     10.83827975     -4.69317643   -129.40324699      37       0      21
  775     12.48734455     -2.30776211   -129.40324697      25       0      26
  776     11.14276188     -7.95348323   -129.40324697      28       0      21
  777      9.99125013     -5.43114719   -129.40324699      20       0      28
  778     15.90087416     -5.48455279   -129.40324697      31       0      29
  779     11.89781877     -7.73771436   -129.40324698      37       0      28
  780     11.65337563     -6.12584811   -129.40324699      35       0      23
  781     11.79960150     -6.29995757   -129.40324716      32       0      26
  782     12.71846864     -3.97853123   -129.40324698      27       0      30
  783     14.59958948     -6.30620254   -129.40324698      32       0      34
  784     12.50052273     -8.38771724   -129.40324717      38       0      32
  785     13.94610171    -10.05172443   -129.40324698      41       0      33
  786     17.28900835     -5.96739309   -129.40324698      37       0      40
  787     11.22467632     -7.22917543   -129.40324697      48       0      27
  788     13.16354756     -9.54472946   -129.40324698      37       0      30
  789     12.77326558     -9.08258182   -129.40324717      38       0      35
  790     14.28157550     -7.56340475   -129.40324699      38       0      34
  791     12.81200897     -2.19862828   -129.40324698      43       0      22
  792     10.44183888    -10.10464168   -129.40324706      28       0      26
  793      7.43185876    -28.52964282   -129.40324697      33       0      22
  794      9.45277775     -9.24930324   -129.40324706      28       0      21
  795     12.31038836     -7.71904435   -129.40324697      22       0      30
  796     12.58621771     -5.34367090   -129.40324697      32       0      24
  797      6.16881783    -72.59167539   -129.40324697      28       0      33
  798      8.86761886     -8.45822909   -129.40324697      33       0      26
  799     13.23302025     -4.73366263   -129.40324698      34       0      25
  800     14.42511083    -14.26633428   -129.40324698      29       0      32
  801     15.99113237     -4.02482428   -129.40324698      33       0      34
  802     11.01538539    -11.62544793   -129.40324697      37       0      30
  803     12.79596560     -6.13766644   -129.40324697      37       0      39
  804      8.03726025    -29.20284044   -129.40324697      40       0      32
  805     14.34526386     -3.66998361   -129.40324697      42       0      30
  806     15.65986811     -5.08127378   -129.40324698      32       0      33
  807     15.51622136     -2.92263029   -129.40324698      41       0      34
  808     12.83619716    -11.32241885   -129.40324698      43       0      26
  809     11.98147499     -2.30872601   -129.40324698      34       0      23
  810     10.62829494     -3.13075067   -129.40324698      30       0      27
  811      7.27262148    -29.04256115   -129.40324698      29       0      20
  812     12.84451344     -7.86943773   -129.40324699      21       0      26
  813     14.09965361     -8.35979606   -129.40324698      29       0      28
  814     15.87812312     -6.93411786   -129.40324698      33       0      31
  815     11.87740153     -5.53876269   -129.40324698      35       0      26
  816     13.12235638     -9.45628871   -129.40324699      30       0      25
  817     15.40142345    -12.55382905   -129.40324698      28       0      34
  818     13.91405233     -6.73213187   -129.40324695      32       0      30
  819     10.77090961    -14.24689062   -129.40324698      34       0      32
  820     13.81013263     -5.34856302   -129.40324698      37       0      36
  821     10.78720897     -7.84826878   -129.40324697      40       0      33
  822     14.30255039     -5.53665325   -129.40324698      38       0      29
  823     11.07487531    -13.00378147   -129.40324698      28       0      31
  824     11.71419863     -9.88918614   -129.40324698      40       0      33
  825     14.93758379     -8.49844588   -129.40324697      42       0      32
  826     13.51221408     -9.06919012   -129.40324697      35       0      28
  827     10.64280936    -10.85830086   -129.40324697      40       0      24
  828     11.09297519    -13.08542628   -129.40324697      28       0      20
  829     10.03474864     -4.23428856   -129.40324698      24       0      23
  830     10.28746067    -12.13381229   -129.40324698      26       0      28
  831     13.22869916     -6.96062891   -129.40324697      31       0      32
  832     14.18436404     -4.08611776   -129.40324697      38       0      29
  833     12.59392221     -7.90345241   -129.40324697      31       0      23
  834     15.32217084     -4.83113911   -129.40324697      27       0      35
  835      8.28601429    -13.70155617   -129.40324706      41       0      27
  836     15.16199293     -2.93994299   -129.40324698      29       0      34
  837     13.94525957     -6.80007963   -129.40324698      39       0      35
  838     14.95842514     -9.98768673   -129.40324698      40       0      36
  839     11.12067198     -5.60791695   -129.40324699      43       0      21
  840      9.32323982    -20.23457931   -129.40324698      31       0      32
  841     12.42730432     -7.89782273   -129.40324697      31       0      34
  842     12.15391348     -6.86863289   -129.40324697      37       0      32
  843     11.06740934     -4.88272298   -129.40324699      38       0      30
  844     11.02462137    -11.96487944   -129.40324699      37       0      26
  845      7.95482092    -23.97341872   -129.40324699      30       0      18
  846      8.08015829     -4.60983145   -129.40324699      20       0      26
  847     10.25309239     -3.89648574   -129.40324699      27       0      25
  848     13.11271583     -4.82564081   -129.40324697      29       0      34
  849     13.08881019     -6.73030647   -129.40324699      36       0      26
  850     14.40704265     -8.83178917   -129.40324698      33       0      26
  851     13.87806564     -3.32268063   -129.40324698      32       0      35
  852     10.78631586     -9.24556832   -129.40324699      39       0      25
  853     11.68437703     -5.55368518   -129.40324698      33       0      33
  854     11.34444913    -14.31806050   -129.40324717      37       0      33
  855     11.83470877    -17.68157033   -129.40324699      41       0      35
  856     11.44622583     -3.93774533   -129.40324698      38       0      31
  857     10.87440314     -8.71868218   -129.40324699      41       0      27
  858     11.96420363    -24.11766191   -129.40324698      33       0      34
  859     12.67593692     -6.23327023   -129.40324717      41       0      31
  860     12.19682283    -25.38606033   -129.40324698      40       0      28
  861     15.78295306     -5.90028185   -129.40324706      30       0      33
  862      9.60692387     -3.33481289   -129.40324698      37       0      15
  863     12.49575708     -4.50617248   -129.40324698      21       0      26
  864     10.35050255     -9.26944072   -129.40324698      23       0      24
  865      9.45424174    -15.24569843   -129.40324698      31       0      31
  866     14.25324786     -3.29517691   -129.40324706      37       0      28
  867     12.83033814     -2.41358347   -129.40324698      30       0      27
  868     13.11216529    -15.57514006   -129.40324698      27       0      30
  869     15.11951982     -4.29735879   -129.40324698      33       0      32
  870     10.64086493     -2.67373271   -129.40324698      33       0      27
  871     14.38732104    -14.60723129   -129.40324698      31       0      35
  872     12.74600386     -5.28091683   -129.40324698      39       0      33
  873     12.40677381     -9.65255286   -129.40324698      35       0      31
  874     13.08456733     -5.71965777   -129.40324698      37       0      29
  875     11.30451294     -6.94768422   -129.40324698      43       0      33
  876     15.61357105     -5.98011049   -129.40324698      35       0      35
  877     12.69499582    -11.78361883   -129.40324698      38       0      27
  878     10.05665208    -13.09076912   -129.40324698      37       0      33
  879      9.28823453    -16.67426684   -129.40324699      41       0      18
  880     10.89247516     -6.37146051   -129.40324698      19       0      23
  881     12.65164681     -2.76826467   -129.40324698      26       0      24
  882     14.09501475    -16.45551696   -129.40324698      27       0      33
  883     12.08600550     -8.35778685   -129.40324698      38       0      27
  884     13.96041919     -2.77876299   -129.40324698      29       0      27
  885     13.19399920     -3.86680007   -129.40324698      30       0      32
  886     13.14690774     -6.97791243   -129.40324695      32       0      27
  887     10.10011927    -17.72844347   -129.40324695      31       0      30
  888     15.03241674     -6.15117281   -129.40324694      38       0      35
  889     11.73429337    -25.47722978   -129.40324698      41       0      29
  890     12.92932863     -6.78213303   -129.40324699      33       0      30
  891     13.02029425     -8.92435599   -129.40324698      33       0      34
  892     10.33359824    -12.41855341   -129.40324698      32       0      30
  893     14.07054932     -4.35428500   -129.40324698      38       0      32
  894      9.92237330     -8.46148604   -129.40324698      36       0      30
  895     12.11006586    -11.66951980   -129.40324698      37       0      37
  896      8.79287348    -24.98590683   -129.40324699      41       0      18
  897     10.11000707    -17.70711795   -129.40324698      18       0      22
  898      8.76376557    -30.26349356   -129.40324699      25       0      22
  899     14.33374012     -7.03642994   -129.40324706      24       0      35
  900     12.87166944     -3.70985370   -129.40324698      41       0      28
  901     14.13674531     -5.60419455   -129.40324698      37       0      26
  902     15.13130165     -3.47767677   -129.40324699      34       0      27
  903     14.64391585     -5.32461284   -129.40324698      27       0      32
  904     13.03432289     -9.17908422   -129.40324698      37       0      28
  905     17.27332384     -2.23387416   -129.40324698      34       0      38
  906     11.83283655    -17.26797325   -129.40324706      46       0      26
  907     12.58907918     -6.25465734   -129.40324698      33       0      33
  908     12.40750559    -14.32733164   -129.40324717      34       0      27
  909     12.18013212    -11.65455445   -129.40324698      32       0      38
  910      8.30250729    -29.88351758   -129.40324706      46       0      27
  911     10.04734846    -11.14888370   -129.40324717      33       0      34
  912     15.79685436     -5.21374551   -129.40324717      34       0      38
  913      7.53012496    -14.56742305   -129.40324697      42       0      17
  914      8.65152072    -24.73926773   -129.40324717      28       0      22
  915      6.24214495    -14.84915921   -129.40324698      22       0      17
  916      9.29639407    -12.62984964   -129.40324717      20       0      32
  917     10.28857270     -1.68309987   -129.40324697      30       0      30
  918     15.18998859     -2.52330644   -129.40324717      33       0      34
  919      7.71409365     -7.51910764   -129.40324695      39       0      22
  920     13.74803204     -5.40925872   -129.40324698      28       0      29
  921     12.93140799    -16.80360262   -129.40324698      31       0      27
  922     14.44546619     -6.59862327   -129.40324698      36       0      38
  923     14.81880512     -9.91971966   -129.40324698      36       0      35
  924     12.58354482     -3.50731405   -129.40324698      40       0      30
  925      8.41956113    -11.52482533   -129.40324698      35       0      25
  926     14.34753975     -7.34997962   -129.40324698      35       0      39
  927     12.98421655     -9.72912876   -129.40324698      42       0      29
  928     11.31280478     -7.70613495   -129.40324698      28       0      30
  929     14.18501810     -4.45681166   -129.40324698      38       0      35
  930      9.21153367    -22.30589337   -129.40324695      42       0      25
  931     10.26794807    -10.28830189   -129.40324698      34       0      23
  932     11.85671514     -5.67745562   -129.40324698      28       0      17
  933     11.43550959     -5.41783416   -129.40324698      23       0      25
  934     10.99714870    -10.62628994   -129.40324698      25       0      34
  935     13.79098048     -4.20457247   -129.40324698      35       0      32
  936     10.47986351     -6.70404485   -129.40324699      41       0      23
  937     13.33317985     -6.29956672   -129.40324698      29       0      26
  938     16.07248950     -4.23510565   -129.40324699      29       0      33
  939     11.99422663     -2.81368414   -129.40324698      40       0      33
  940     11.98199197     -6.73286730   -129.40324698      40       0      37
  941     11.68311530     -6.43790700   -129.40324698      40       0      25
  942     10.47307641     -6.79389195   -129.40324698      34       0      32
  943     12.58385313    -19.30837057   -129.40324699      34       0      37
  944     11.43069551     -7.67757390   -129.40324717      46       0      30
  945      9.06814830    -26.55846264   -129.40324717      39       0      28
  946     10.67718464     -9.41926974   -129.40324699      32       0      29
  947     10.52785252     -9.50873649   -129.40324699      38       0      33
  948     11.30778905     -3.68809424   -129.40324717      31       0      22
  949      8.78035846    -13.68430010   -129.40324698      22       0      18
  950     11.51536458     -6.56429589   -129.40324698      21       0      24
  951     11.33358238     -3.22934408   -129.40324717      26       0      33
  952      9.10241966    -18.16629502   -129.40324698      33       0      31
  953     12.79241601     -8.73720314   -129.40324697      29       0      24
  954     13.02028199     -3.15801424   -129.40324717      33       0      25
  955      7.49889005    -41.94234831   -129.40324697      27       0      33
  956     12.79464998     -6.60135053   -129.40324697      37       0      29
  957     13.08208323    -11.33398167   -129.40324697      36       0      38
  958     13.18802212    -12.62290337   -129.40324699      38       0      35
  959      9.08990866     -9.77791605   -129.40324698      45       0      23
  960     15.34231717     -1.29778540   -129.40324697      28       0      38
  961     13.77962326     -8.25574375   -129.40324698      41       0      33
  962     12.78842470     -5.48731290   -129.40324698      41       0      25
  963     16.65693291     -4.10921057   -129.40324698      32       0      35
  964     13.95341259    -12.16098473   -129.40324697      39       0      34
  965      8.57415854     -6.02463271   -129.40324699      36       0      21
  966     10.96065727    -13.71095864   -129.40324698      29       0      16
  967      9.54447018    -10.32037296   -129.40324706      19       0      27
  968     14.55177838     -4.31912817   -129.40324698      27       0      31
  969      9.19073976    -14.21836490   -129.40324706      34       0      28
  970     11.27258756    -13.01490951   -129.40324698      33       0      26
  971     13.85448708     -6.05346780   -129.40324698      33       0      25
  972     10.89062082     -6.25284610   -129.40324698      27       0      30
  973     14.99607676     -6.85248594   -129.40324698      30       0      31
  974     12.66779558     -3.97997814   -129.40324698      38       0      35
  975     12.72577098     -4.20732975   -129.40324698      33       0      37
  976      9.82937022    -31.71755116   -129.40324698      44       0      26
  977     13.15520637    -13.44623090   -129.40324755      34       0      31
  978     13.80434111     -3.94039993   -129.40324698      32       0      34
  979     13.68691741     -5.57694349   -129.40324706      44       0      29
  980     13.45839905     -7.04236424   -129.40324698      41       0      34
  981     13.05738170    -17.22338524   -129.40324698      38       0      36
  982      8.84228987    -17.60917650   -129.40324698      44       0      21
  983     10.28394914     -7.45996472   -129.40324698      31       0      17
  984     11.32988322    -10.73431448   -129.40324698      20       0      25
  985     11.81181642     -9.64694798   -129.40324698      26       0      32
  986     12.18515793    -14.67607387   -129.40324698      32       0      27
  987     11.54361784     -4.85719382   -129.40324715      36       0      26
  988     14.57679995     -7.14421271   -129.40324698      29       0      28
  989     11.61958889     -2.83284570   -129.40324698      33       0      25
  990     16.09892755     -6.30896925   -129.40324698      28       0      38
  991     13.14176031     -6.42983314   -129.40324699      37       0      28
  992     10.50461820    -28.18640534   -129.40324711      37       0      34
  993 239543.72228023 5361597.67480848   -129.40324699      40       0      32
  994     14.69722640     -9.97385839   -129.40324698      33       0      26
  995     13.47651891     -7.77124688   -129.40324698      31       0      30
  996     13.08150520     -6.74128115   -129.40324773      33       0      37
  997     14.62380843     -5.80321876   -129.40324697      41       0      30
  998     12.11153564     -4.85562012   -129.40324697      36       0      36
  999     14.09774552     -4.98329385   -129.40324697      36       0      26
 1000      7.60276782    -27.77757913   -129.40324711      34       0      19
----------------------------------------------------------------------------------
Artificial Bee Colony Optimization Finished!

 -- Results Report --
 * 100 LMs will be saved in [ lm-3wat-2acn-LM ].
      #          Energy
      0   -129.40324694
      1   -128.14469910
      2   -127.91607781
      3   -126.71276351
      4   -126.22243078
      5   -126.08683622
      6   -125.82653486
      7   -125.02526187
      8   -124.88827814
      9   -124.82965997
     10   -124.76858110
     11   -124.54899092
     12   -124.30747527
     13   -124.27789041
     14   -123.91114770
     15   -123.66133379
     16   -123.12127640
     17   -122.95838299
     18   -122.62517051
     19   -122.45956159
     20   -122.23377016
     21   -121.57382257
     22   -121.54864427
     23   -121.40309771
     24   -121.23237537
     25   -121.05870642
     26   -121.00099682
     27   -120.91586819
     28   -120.83773988
     29   -120.77149441
     30   -120.75370050
     31   -120.63429794
     32   -120.62086591
     33   -120.61734754
     34   -120.56520715
     35   -120.51438888
     36   -120.50145479
     37   -120.49984596
     38   -120.48169482
     39   -120.45942492
     40   -120.35355376
     41   -120.34692013
     42   -120.21501962
     43   -120.19200912
     44   -120.11411458
     45   -120.04358085
     46   -120.01063992
     47   -119.93941105
     48   -119.93505955
     49   -119.88656175
     50   -119.84743212
     51   -119.77149904
     52   -119.75493212
     53   -119.74040423
     54   -119.73629911
     55   -119.69264688
     56   -119.68378587
     57   -119.62554677
     58   -119.60303314
     59   -119.57508716
     60   -119.54706728
     61   -119.41392447
     62   -119.37573750
     63   -119.34443342
     64   -119.31704938
     65   -119.31004900
     66   -119.28172794
     67   -119.26120180
     68   -119.23129261
     69   -119.16176153
     70   -119.13449977
     71   -119.11096396
     72   -119.05938065
     73   -119.02520502
     74   -119.01617567
     75   -118.95859171
     76   -118.91771032
     77   -118.73472229
     78   -118.72065643
     79   -118.69322386
     80   -118.65844672
     81   -118.39397941
     82   -118.27833501
     83   -118.13352513
     84   -118.07115307
     85   -118.05365743
     86   -118.00037925
     87   -117.88155157
     88   -117.83066927
     89   -117.79539749
     90   -117.75422631
     91   -117.71307375
     92   -117.57406267
     93   -117.48491408
     94   -117.42237657
     95   -117.41602282
     96   -117.36776982
     97   -117.30571302
     98   -117.30551271
     99   -117.16331324

 * Final Global Minimal Energy:   -129.40324755
 * The Global Minimum is saved as: [ lm-3wat-2acn-OPT.(cluster/xyz/gjf) ]

===== (^ _ ^) =====
Normal termination at Wed Nov 13 12:50:02 2019.
Total run time: 3739 seconds = 0 days 1 hours 2 minutes 19 seconds.
