    * * * * * * * * * * * * * * * * * * * * *
    *       __    ____    ______            *
    *      /  \  |  _ \  |  ___/  luster !  *
     *    / _  \ | |_| | | |               *
     *   / /_\ | |  _ <  | |     < @  @ >  * 
     *  / ___  | | |_| | | |___ _ _  o     * 
    *  /_/   |_| |____/  |_____ _ __ __  _  *
    *                                       *
    * * * * * * * * * * * * * * * * * * * * *

ABCluster 1.5.1
Specific flag:  official version
Platform:       LINUX/UNIX
Compiled by:    junzhang@gellmann.scs.illinois.edu
Compiling date: Dec 18 2017 20:33:35
C++ compiler:   g++
C++ options:    -O3 -Os -fno-exceptions --std=c++0x -fopenmp 

Contributors:
Jun Zhang(University of Cologne): Design and coding.

For any suggestions, comments, and questions on the theory and
implementation of ABCluster, please feel free to contact:

Dr. Jun Zhang, ZhangJunQcc@gmail.com

If you used this program in your work, please cite this reference:

[1] Zhang, J.; Dolg, M.; ABCluster: The Artificial Bee Colony Algorithm for
    Cluster Global Optimization. Phys. Chem. Chem. Phys. 2015, 17, 24173-24181.
[2] Zhang, J.; Dolg, M.; Global Optimization of Clusters of Rigid Molecules by the
    Artificial Bee Colony Algorithm. Phys. Chem. Chem. Phys. 2016, 18, 3003-3010.

Program starts at Fri Dec 13 16:01:05 2019.
Command line: " /ihome/jkeith/amm503/codes/ABCluster/rigidmol-optimizer solvent.inp "
Process ID:   25301
Run by:       amm503@smp-n38.crc.pitt.edu
Available CPU cores:    24
Read "OMP_NUM_THREADS": Unset

Random number testing (integers): 1067669618...910717534
Random number testing (fractals): 0.15005958...0.72476647

 -- Input/Output Parameters --
Input file name:      solvent.inp
Cluster file name:    solvent.cluster
Result file name:     lm-solvent.(cluster/xyz/gjf)
Temporary file name:  abclusteramm503smp-n38.crc.pitt.edu25301-OPT
# of saved LMs:       100
LMs are stored in:    lm-solvent-LM

 -- ABC Control Parameters --
Population size:                  500
Maximal generation:              1000
Scout limit:                       15
Amplitude:                30.00000000

 -- Cluster Components: from [ solvent.cluster ] --
 -----------------------------------------------------------
   Source                                       #   Charge
 -----------------------------------------------------------
   charmm36/ch3cn.xyz                          15   -0.000
 -----------------------------------------------------------
   Dimension: 0, an isolate cluster.
 -----------------------------------------------------------

Artificial Bee Colony Optimization Starts!
----------------------------------------------------------------------------------
 * Population: 500; Maximal cycles: 1000
 * EM = Employed Bee; Trigonometric mutation
 * OL = Onlooker Bee; ABC/best/2(0.5)+ABC/current/2(0.5);
        Tournament selection from 5 nectars.
 * SC = Scout Bee; Random nectar; Limit = 15
----------------------------------------------------------------------------------
    #       Diversity            maxE            minE    byEM    byOL    bySC
----------------------------------------------------------------------------------
    1     85.42476250    -36.23694142   -413.64097957     311      62       0
    2     36.11113610    -77.29628392   -415.87513860     270      77       0
    3      8.41268381   -307.12309471   -416.27989736     211      65       0
    4      6.64475106   -382.42965838   -420.28888328     143      54       0
    5      6.54782963   -387.91761410   -420.85946779     124      41       0
    6      6.31052104   -390.10982666   -420.85946782      97      32       0
    7      6.34200626   -390.10982666   -420.85946778      81      24       0
    8      6.20416973   -396.29234432   -420.85946780      85      25       0
    9      6.18818468   -398.57595785   -420.85946779      66      21       0
   10      6.18330351   -399.73130250   -420.85946781      68      22       0
   11      6.03642705   -400.05643558   -420.85946782      57      12       0
   12      6.01698728   -400.05643558   -420.85946780      49       8       0
   13      6.01655183   -401.38766564   -420.85946779      65      13       0
   14      5.87693149   -401.38766564   -420.85946780      70      11       0
   15      5.64238604   -401.38766564   -420.85946984      81       5       0
   16      4.97786748   -403.65608520   -421.35136846     110       2       0
   17      3.93525035   -404.66287379   -421.39389911     106     170       0
   18      1.96760566   -405.74122112   -421.39389910     142      66       0
   19     27.83499422    -23.97051632   -421.39389479     145      13       7
   20     28.17659041    -36.53872361   -421.39389480     187       2       9
   21     46.86148361    -38.62310158   -421.39389478     108       0      27
   22     71.03903339    -39.11559159   -421.39389478      63       0      70
   23     88.54426092     -8.88628553   -421.39389480      87       0     114
   24     88.24993762    -13.90419285   -421.39389427     126       1     124
   25     79.00259898    -21.98822368   -421.39389480     152       0      88
   26     53.48975340    -37.97067384   -421.39389480     181       5      41
   27     28.45276025    -99.88014974   -421.39389424     158       3      14
   28     21.29038386   -127.13278158   -421.39389480     151       1       3
   29     20.06444719    -79.41367571   -421.39389479     144       0       2
   30      8.72526160   -227.82368304   -421.39389560      88       0       1
   31      0.01620625   -421.03842010   -421.39389479      39       0       0
   32      0.00000075   -421.39389479   -421.39389425       4       0       0
   33      0.00000075   -421.39389479   -421.39389425       0       0       0
   34      0.00000075   -421.39389479   -421.39389425       0       0       0
   35      0.00000075   -421.39389479   -421.39389425       0       0       0
   36     10.88530071   -194.51690639   -421.39389479       0       0       4
   37     27.89177494    -45.76349066   -421.39389425       4       0       9
   38     34.46223121    -71.77538772   -421.39389481      10       0      17
   39     57.44569989    -19.88055513   -421.39389479      18       0      33
   40     81.37880876    -14.99713362   -421.39389481      33       0      69
   41 20313176.69508988 454670945.29238302   -421.39389481      62       0      73
   42 4800545.82266879 107450576.74982494   -421.39389475      97       0      75
   43     66.52147880    -71.68759807   -421.39389478     122       0      80
   44     75.38772488    -10.37466976   -421.39389479     126       0      79
   45     59.56768405    -48.05439720   -421.39389478     136       0      36
   46     39.68980475    -88.15145960   -421.39389480     123       1      20
   47     21.03688515    -66.96940098   -421.39389477      93       0       5
   48      2.92044770   -396.25302262   -421.39389481      66       0       0
   49      0.00189997   -421.35136758   -421.39389479      22       0       0
   50      0.00000041   -421.39389478   -421.39389479       1       0       0
   51      0.00000041   -421.39389478   -421.39389479       0       0       0
   52      0.00000041   -421.39389478   -421.39389479       0       0       0
   53     15.61344261    -74.67193233   -421.39389479       0       0       3
   54     39.24457366     -7.07594636   -421.39389479       3       0       9
   55     41.42656904    -33.08328099   -421.39389479       9       0      15
   56     40.59218582    -69.92588144   -421.39389477      16       0      26
   57     57.94248009    -26.74517079   -421.39389630      26       0      41
   58 10669145.88290058 238807876.22962636   -421.39389477      39       0      50
   59     68.25464909    -25.92285902   -421.39389480      57       0      62
   60   1339.39418551  29533.04194806   -421.39389478      71       0      74
   61     80.14593605    -11.97779739   -421.39389479      91       0      81
   62 8111974.41926601 181570537.04762375   -421.39389481      88       0      72
   63     56.94831558    -20.34682542   -421.39389479     117       0      42
   64     42.22518364    -50.11635445   -421.39389478     109       0      20
   65     22.78468235    -97.65170497   -421.39389479      85       0       4
   66      9.72085631   -210.56413893   -421.39389479      63       0       1
   67      0.00000022   -421.39389480   -421.39389478      26       0       0
   68      0.00000022   -421.39389480   -421.39389478       0       0       0
   69      0.00000022   -421.39389480   -421.39389478       0       0       0
   70      8.14199847   -241.23935232   -421.39389477       0       0       3
   71     18.31764026   -190.71975590   -421.39389477       3       0       8
   72     27.90693400   -117.49300403   -421.39389477       8       0      15
   73     43.48562776    -10.65327939   -421.39389478      16       0      25
   74     62.26493155    -18.25743688   -421.39389479      23       0      36
   75     61.57632740    -14.18988696   -421.39389480      41       0      41
   76     72.61756130    -37.49420563   -421.39389473      46       0      59
   77     69.54717497    -21.92768386   -421.39389480      67       0      54
   78     62.72579541    -20.34415946   -421.39389478      63       0      59
   79     70.66260440    -33.94717234   -421.39389480      79       0      66
   80     65.20849405    -23.70272637   -421.39389480      84       0      56
   81     55.29173939    -34.58346466   -421.39389479      89       0      42
   82     48.20989998    -38.02261925   -421.39389478      69       0      32
   83     25.69174169    -72.31921418   -421.39389480      52       0       4
   84      1.49969059   -397.57757682   -421.39389480      31       0       0
   85      0.00000002   -421.39389480   -421.39389478       4       0       0
   86      0.00000002   -421.39389480   -421.39389478       0       0       0
   87     15.82850374    -69.10525789   -421.39389480       0       0       3
   88     23.56480165    -49.40571438   -421.39389480       3       0       7
   89     36.90594349    -37.02112360   -421.39389480       7       0      16
   90     42.97670176    -37.73746977   -421.39389478      14       0      21
   91     48.60735237    -51.77845792   -421.39389480      22       0      33
   92     59.58652019    -35.46947246   -421.39389478      34       0      36
   93 7655912.22266603 171362447.32295892   -421.39389478      45       0      56
   94     65.83276156    -25.83391215   -421.39389479      67       0      47
   95     67.84865463    -17.24627828   -421.39389479      64       0      57
   96     69.51672289    -20.13600514   -421.39389482      63       0      62
   97     79.28819869    -11.11448471   -421.39389479      77       0      57
   98     58.95669901    -33.12633224   -421.39389479      69       0      48
   99     65.09675110    -20.37798362   -421.39389479      69       0      41
  100     33.00663542   -119.01941413   -421.39389475      59       0      14
  101     13.15579387   -133.00686755   -421.39389479      41       0       2
  102      0.87200126   -404.57987976   -421.39389481      13       0       0
  103      0.00000012   -421.39389478   -421.39389480       2       0       0
  104     24.68920326    -28.79645668   -421.39389481       0       0       3
  105     21.73806547   -140.77905450   -421.39389481       3       0       7
  106     38.86262370    -47.05392296   -421.39389481       7       0      15
  107 20855176.54736817 466802545.01072568   -421.39389479      14       0      17
  108     48.73783834    -15.86275888   -421.39389481      18       0      30
  109     50.90491827    -27.35146453   -421.39389479      28       0      33
  110 19904924.98710869 370100707.61462885   -421.39389479      40       0      48
  111     65.85141272    -22.77072604   -421.39389475      47       0      56
  112 2231053.54915146 49937433.46230677   -421.39389479      69       0      52
  113     71.93036786    -22.81871327   -421.39389478      62       0      59
  114     56.68790916    -28.07156854   -421.39389477      72       0      56
  115     53.28249632    -29.62835751   -421.39389477      85       0      46
  116     54.78853235    -38.05419165   -421.39389480      80       0      46
  117     48.02859728    -19.75402327   -421.39389478      73       0      25
  118     29.44946300    -65.50219834   -421.39389477      47       0       6
  119      7.62988181   -254.42205611   -421.39389477      15       0       1
  120      0.00000025   -421.39389479   -421.39389478       4       0       0
  121     19.69290728    -43.26676426   -421.39389477       0       0       3
  122     18.27692386    -20.85178431   -421.39389477       3       0       7
  123     32.68166229    -65.81092360   -421.39389477       7       0      15
  124 21979454.78172973 491967345.30125231   -421.39389482      14       0      16
  125     47.84181792    -24.01491872   -421.39389481      18       0      25
  126     59.92657691     -7.81943508   -421.39389479      26       0      35
  127 10651802.62572485 238419680.30294785   -421.39389479      33       0      39
  128     66.10910478    -18.56063329   -421.39389479      44       0      54
  129     53.07818324    -71.75191368   -421.39389481      59       0      42
  130     59.65244296    -33.64314358   -421.39389479      55       0      52
  131     73.83969456    -20.75460783   -421.39389479      65       0      52
  132     83.79429968    -14.95333730   -421.39389479      57       0      67
  133     60.79849428    -16.08687862   -421.39389479      81       0      49
  134     60.51315854    -19.49767764   -421.39389477      83       0      33
  135     41.91239188    -43.41333181   -421.39389481      64       0       9
  136     13.18466310   -148.33626585   -421.39389481      38       0       2
  137      0.01588132   -421.03842195   -421.39389477      13       0       0
  138     19.05416024    -66.02967917   -421.39389480       1       0       3
  139     18.91920252    -40.67819098   -421.39389480       3       0       7
  140     30.01186086    -68.54721559   -421.39389480       7       0      13
  141     29.82949604    -89.60722575   -421.39389480      13       0      17
  142     53.18017877     -9.54878075   -421.39389479      18       0      26
  143     47.02379373    -22.20834527   -421.39389476      27       0      27
  144     59.09506113    -52.49988840   -421.39389481      31       0      42
  145     65.52740826    -54.17011357   -421.39389479      45       0      46
  146     58.43585511    -17.38209685   -421.39389479      50       0      42
  147     66.62679614    -41.37962976   -421.39389476      53       0      52
  148     52.29210684    -28.97455926   -421.39389480      64       0      42
  149     62.63081781    -32.18390735   -421.39389477      60       0      56
  150     72.82145239    -16.77719689   -421.39389477      63       0      57
  151     62.36826861    -23.07393970   -421.39389476      76       0      40
  152     45.19064910    -38.32574621   -421.39389481      58       0      25
  153     13.92141937   -122.97279422   -421.39389479      48       0       4
  154     13.46594315   -119.98469213   -421.39389479      18       0       1
  155      1.87457832   -389.20633633   -421.39389479       1       0       3
  156     22.78336713   -157.19323423   -421.39389479       3       0       7
  157     42.89611586    -19.88232061   -421.39389479       7       0      12
  158     40.70115216    -20.94660776   -421.39389478      13       0      16
  159     48.78914927    -25.03751887   -421.39389477      16       0      23
  160     56.04400902    -28.10876927   -421.39389477      25       0      28
  161     54.24243430    -26.63429639   -421.39389481      31       0      37
  162     60.92048382    -35.27352218   -421.39389481      40       0      45
  163     59.62298364    -31.18638769   -421.39389480      47       0      41
  164     65.38779983    -40.10798849   -421.39389478      52       0      48
  165     54.08906972    -46.46785887   -421.39389480      54       0      43
  166     54.92008012    -36.36111599   -421.39389477      61       0      51
  167     70.15295671    -11.68924575   -421.39389477      56       0      56
  168 34872314.80134553 780549200.82332706   -421.39389480      76       0      44
  169     46.65968884    -14.26105227   -421.39389477      82       0      32
  170     36.01682964    -58.37692872   -421.39389480      58       0      13
  171      3.25112337   -366.90619087   -421.39389479      27       0       1
  172     11.38361678   -168.37964113   -421.39389479       6       0       3
  173     10.91125036   -191.26402716   -421.39389479       3       0       6
  174     39.26212541    -26.19975419   -421.39389479       6       0      13
  175     36.47700572    -31.42164440   -421.39389480      13       0      14
  176     38.97934302    -46.37979919   -421.39389480      14       0      22
  177     55.16310018    -13.65132273   -421.39389480      23       0      26
  178     50.96693222    -16.45162040   -421.39389480      28       0      36
  179     55.61449933    -20.68755741   -421.39389478      37       0      39
  180     58.01757303    -20.55674299   -421.39389480      42       0      43
  181     60.81262752    -27.26061755   -421.39389480      52       0      46
  182     60.76594632    -51.71285276   -421.39389480      60       0      42
  183     63.97319198    -23.73930714   -421.39389478      50       0      41
  184     69.20290792    -29.08343043   -421.39389476      52       0      48
  185 143830.41173711 3218965.33067144   -421.39389480      58       0      55
  186     53.82824133    -47.01389102   -421.39389480      63       0      38
  187     51.49983347    -23.66273330   -421.39389480      56       0      25
  188     17.44168921    -83.45935000   -421.39389481      46       0       3
  189     19.11287128    -36.34209809   -421.39389481      13       0       3
  190     17.71074189    -79.10611443   -421.39389481       4       0       6
  191     37.92071005    -21.99518060   -421.39389481       7       0      12
  192     24.32725062   -102.33252170   -421.39389479      12       0      14
  193 1430973.85595536 32029178.87510557   -421.39389479      13       0      20
  194     39.83163013    -15.38529165   -421.39389479      20       0      24
  195     59.19170346    -16.73366607   -421.39389479      25       0      35
  196     54.87926400    -50.95613112   -421.39389479      34       0      40
  197     62.00420020    -16.97993901   -421.39389480      45       0      33
  198     62.79592890    -40.97560296   -421.39389481      41       0      51
  199     55.96884246    -16.96875857   -421.39389480      52       0      41
  200     69.52096359    -10.59836178   -421.39389481      54       0      44
  201 14352401.72088343 321250463.10314053   -421.39389480      49       0      43
  202     62.60441791    -16.28391898   -421.39389478      55       0      50
  203     59.03854021    -20.85473685   -421.39389481      59       0      40
  204     54.78878922    -30.15778139   -421.39389480      50       0      37
  205     26.85881451    -31.08941973   -421.39389480      48       0       6
  206     20.84512911    -52.24687755   -421.39389481      23       0       3
  207     23.42370849   -109.48554672   -421.39389478       6       0       7
  208     27.61190060    -48.66585823   -421.39389478       7       0      12
  209     32.28585641    -71.29548445   -421.39389480      12       0      14
  210     38.84921756    -32.13816886   -421.39389480      14       0      19
  211     50.27705889    -22.75257956   -421.39389480      18       0      25
  212     45.34170881    -22.86952141   -421.39389480      26       0      31
  213     48.80619507    -27.59112328   -421.39389480      34       0      35
  214     52.19652199    -49.26622019   -421.39389480      35       0      38
  215     64.50463918    -40.39585657   -421.39389480      44       0      43
  216     65.27593416    -26.33986555   -421.39389480      47       0      47
  217     49.83398301    -34.10642515   -421.39389480      55       0      40
  218     66.59046730     -8.09359853   -421.39389481      51       0      44
  219     59.06638994    -18.59924445   -421.39389480      53       0      44
  220     56.48164024    -35.88485507   -421.39389480      60       0      45
  221     49.67837067    -48.17552208   -421.39389480      59       0      37
  222     33.47844979    -86.59520323   -421.39389481      54       0      13
  223     16.03634355   -123.18052693   -421.39389480      26       0       6
  224     20.39557917    -67.44466792   -421.39389480      11       0       7
  225     39.24551302    -25.33065346   -421.39389480       7       0      12
  226     33.72130678    -85.80262038   -421.39389480      12       0      14
  227     32.56036158    -56.77645346   -421.39389480      15       0      16
  228     38.69972374    -29.70273811   -421.39389480      16       0      27
  229     40.49709653   -100.12532055   -421.39389481      26       0      28
  230     49.79556213    -53.91312125   -421.39389480      29       0      32
  231     52.52031266    -44.81521656   -421.39389481      34       0      41
  232     60.99238659    -29.18562749   -421.39389480      45       0      39
  233     62.48207114    -22.45647543   -421.39389480      52       0      46
  234     51.51957810    -41.48058626   -421.39389480      51       0      38
  235     47.98207408    -32.43240333   -421.39389480      57       0      36
  236     62.11023474    -31.15525734   -421.39389480      41       0      51
  237     69.61293639    -40.31077255   -421.39389480      64       0      37
  238     65.12569121    -22.10747010   -421.39389480      63       0      53
  239     37.86534968    -24.24524846   -421.39389480      70       0      13
  240     30.93091653    -51.27896409   -421.39389480      35       0      10
  241     22.29954924    -32.72409561   -421.39389480      18       0       7
  242     28.63733497    -47.92112409   -421.39389479       8       0      11
  243     30.71487264   -135.15338371   -421.39389480      11       0      15
  244     42.00871247    -20.72185298   -421.39389480      16       0      16
  245     49.79036870    -40.41777323   -421.39389480      16       0      26
  246     48.26522938    -27.61366722   -421.39389480      26       0      24
  247     47.18180248    -31.70931631   -421.39389480      29       0      31
  248     52.61779558    -31.31218396   -421.39389480      33       0      34
  249     55.42784615    -25.05059629   -421.39389479      38       0      46
  250  79761.99628443 1784909.40581345   -421.39389480      52       0      33
  251     56.66935589    -40.09322370   -421.39389479      47       0      47
  252     40.68975004    -33.67770191   -421.39389479      55       0      30
  253     62.89389774    -18.84542363   -421.39389480      47       0      49
  254     51.96693707    -22.20879246   -421.39389480      57       0      37
  255     67.30851382    -17.27266025   -421.39389480      58       0      50
  256     54.31310940    -31.17347513   -421.39389480      61       0      32
  257     33.78625822    -34.41117390   -421.39389480      51       0      12
  258     20.87298111   -103.07216600   -421.39389480      23       0       7
  259     30.37923442    -24.33993999   -421.39389480       9       0      10
  260     32.87328364   -149.63868260   -421.39389480      10       0      16
  261     40.68898196    -23.89121279   -421.39389480      16       0      15
  262     51.57823195    -43.68209461   -421.39389480      15       0      22
  263     46.69178984    -23.89279953   -421.39389480      22       0      27
  264     53.15907240    -25.91419600   -421.39389480      30       0      27
  265     49.55003866    -24.15305228   -421.39389480      28       0      29
  266     63.97370427    -29.58959000   -421.39389480      33       0      46
  267     51.90852644    -27.65543653   -421.39389479      50       0      33
  268     60.96794340     -5.50943883   -421.39389479      38       0      43
  269     58.10653441    -12.51167617   -421.39389479      46       0      32
  270     65.32121907    -16.63865068   -421.39389479      42       0      44
  271     62.50818840    -39.11951851   -421.39389479      46       0      45
  272     70.27265430    -23.00957144   -421.39389475      56       0      44
  273     55.41432392    -19.34183963   -421.39389479      53       0      40
  274     35.96813863    -75.04136729   -421.39389480      48       0      19
  275     25.62405809    -32.13434357   -421.39389480      30       0       8
  276     29.93199709    -60.40144555   -421.39389480      15       0      10
  277     35.74027326    -67.53507002   -421.39389480      12       0      15
  278     40.71858778    -40.08648095   -421.39389480      15       0      16
  279     34.96390094    -30.83532752   -421.39389481      19       0      20
  280     40.09453583    -96.58127924   -421.39389473      23       0      27
  281     44.78454316    -22.63174289   -421.39389480      23       0      24
  282     45.68272911    -33.04911367   -421.39389480      30       0      28
  283     54.25141023    -57.72956000   -421.39389480      29       0      46
  284     54.45004270    -22.28157382   -421.39389480      46       0      34
  285     57.36381806    -43.66157999   -421.39389481      44       0      40
  286     47.48105208    -21.00458042   -421.39389479      47       0      36
  287     57.85243095    -35.59195921   -421.39389479      41       0      41
  288     68.25684668    -17.63019052   -421.39389480      50       0      39
  289   3720.87580025  82868.56279730   -421.39389479      48       0      48
  290     66.05337494    -38.66989949   -421.39389480      55       0      45
  291     33.92402539    -32.93312659   -421.39389481      63       0      15
  292     31.99350053    -70.37477351   -421.39389477      34       0      16
  293     23.75454987    -50.27278938   -421.39389478      22       0      10
  294     29.54599283    -56.91310062   -421.39389478      13       0      12
  295     36.85807636    -19.26316032   -421.39389480      14       0      16
  296     42.72144547    -20.26992827   -421.39389480      15       0      23
  297     46.19231697    -42.92530607   -421.39389477      24       0      24
  298     40.33470911    -30.85840280   -421.39389478      25       0      24
  299     60.15669697    -13.93872479   -421.39389480      25       0      29
  300 141534644.72670010 3167980023.87468576   -421.39389479      29       0      40
  301     58.61284197    -23.05531539   -421.39389478      40       0      34
  302     54.50573330    -17.06857272   -421.39389479      48       0      42
  303     55.11332885    -23.05256873   -421.39389478      50       0      35
  304     51.46271474    -53.35620186   -421.39389479      45       0      39
  305     53.88056827    -18.44001409   -421.39389479      53       0      34
  306     56.45921179    -10.71558920   -421.39389480      47       0      45
  307     60.43559920    -41.44884067   -421.39389478      46       0      50
  308     50.90257187    -40.93100192   -421.39389480      52       0      22
  309     33.27646453    -32.79421499   -421.39389480      40       0      19
  310     27.34337581    -39.52763446   -421.39389479      21       0      10
  311     27.11625300    -83.01283837   -421.39389479      17       0      14
  312     36.40558601    -28.59120932   -421.39389480      14       0      16
  313     39.76471768    -40.91361881   -421.39389480      17       0      22
  314     40.31585868    -33.19873291   -421.39389480      23       0      23
  315     49.20145779    -47.28252702   -421.39389479      25       0      25
  316     52.83440972     -9.52496858   -421.39389480      27       0      29
  317     43.36954418    -59.70608320   -421.39389480      33       0      25
  318     67.34284035    -13.15645852   -421.39389480      29       0      40
  319     60.38273964    -12.89026726   -421.39389481      40       0      39
  320     54.36239150    -18.17508711   -421.39389480      43       0      41
  321 312425278.48878980 6993037734.28104782   -421.39389480      47       0      33
  322     60.51916425    -33.72499504   -421.39389480      36       0      40
  323     63.59161754    -16.92216022   -421.39389480      43       0      46
  324     66.37376595    -35.67870051   -421.39389478      52       0      45
  325     52.76314377    -61.59890269   -421.39389480      55       0      31
  326     40.29256350    -30.67527942   -421.39389480      46       0      19
  327     26.21583238    -33.71385024   -421.39389480      33       0      11
  328     37.17943342    -24.21040164   -421.39389480      15       0      15
  329     41.45368749    -24.47794182   -421.39389480      15       0      16
  330     39.49250324    -57.57152056   -421.39389480      18       0      19
  331     44.48026454    -21.59593884   -421.39389481      23       0      24
  332     45.71484005    -25.79476103   -421.39389481      22       0      23
  333     52.12622464    -17.15102940   -421.39389480      27       0      29
  334     42.43682102    -24.44065409   -421.39389480      33       0      28
  335     47.79802387    -34.51412919   -421.39389478      32       0      35
  336     58.70918482    -52.92712257   -421.39389480      40       0      40
  337     50.81175668    -18.14459883   -421.39389479      46       0      41
  338     51.29725343    -22.12522404   -421.39389480      45       0      33
  339     56.70256095    -23.65421357   -421.39389480      46       0      40
  340     49.75030987    -23.18066006   -421.39389480      45       0      38
  341     55.51861210    -28.37314631   -421.39389480      40       0      43
  342 126728391.83850637 2836570568.59328556   -421.39389480      52       0      39
  343     40.01005464    -49.01050544   -421.39389480      49       0      24
  344     35.31034833    -91.82323574   -421.39389480      45       0      13
  345     30.35142114    -72.47736692   -421.39389481      18       0      13
  346     34.32135322    -52.23551325   -421.39389480      13       0      14
  347     38.54540598    -45.39559761   -421.39389480      15       0      22
  348     46.46947175    -50.38069219   -421.39389481      24       0      23
  349     37.00387560    -45.81837904   -421.39389480      24       0      20
  350     51.83716374    -23.08595914   -421.39389480      25       0      30
  351     42.03824781    -12.36671305   -421.39389480      30       0      27
  352     52.71558105    -20.01650994   -421.39389480      33       0      32
  353     61.02301492    -39.16657693   -421.39389480      36       0      41
  354     53.25107598    -43.80072643   -421.39389480      43       0      39
  355     52.96223334    -48.79553976   -421.39389480      47       0      36
  356     52.46219328    -32.68148307   -421.39389480      49       0      38
  357     60.54169181    -19.32475534   -421.39389480      51       0      39
  358     48.28062610    -61.21900916   -421.39389480      48       0      37
  359     58.03950831    -20.95387504   -421.39389480      49       0      41
  360     59.70945961    -20.04893000   -421.39389480      49       0      30
  361     47.24281077    -11.10400217   -421.39389480      43       0      18
  362     22.17192670   -117.14443890   -421.39389475      31       0      12
  363     28.31604283    -42.04527664   -421.39389480      14       0      13
  364     34.95564297    -70.47143278   -421.39389480      14       0      22
  365     45.59652070    -23.93967989   -421.39389480      21       0      22
  366     42.91858030     -9.27067942   -421.39389480      25       0      21
  367     59.11086042    -36.96915015   -421.39389480      25       0      28
  368     48.48254408    -36.58977037   -421.39389480      31       0      26
  369     49.69036693    -28.53291260   -421.39389480      27       0      32
  370     56.94139586    -31.19849406   -421.39389480      36       0      35
  371 64834686.18217072 1451199173.27597356   -421.39389480      36       0      38
  372     58.71028133    -24.01563869   -421.39389480      46       0      35
  373     66.62038668    -16.88909729   -421.39389480      44       0      41
  374     64.80725015    -14.09014185   -421.39389480      54       0      38
  375     53.68578432    -35.61867194   -421.39389480      48       0      37
  376     62.91816086    -12.81389035   -421.39389480      44       0      39
  377     53.27651710    -43.00411696   -421.39389480      47       0      38
  378     40.69412906    -30.21237598   -421.39389480      50       0      22
  379     36.98246639    -40.40514226   -421.39389480      35       0      12
  380     37.75677331    -59.20266979   -421.39389480      19       0      14
  381     35.15600810    -89.49488696   -421.39389479      14       0      19
  382     38.53318522    -21.74021230   -421.39389480      20       0      21
  383     31.33639834    -28.04530756   -421.39389480      22       0      23
  384     42.47825439    -50.11730415   -421.39389480      24       0      27
  385     44.92344392    -55.50016247   -421.39389479      29       0      27
  386     51.42948753    -27.97078343   -421.39389478      26       0      29
  387     53.91848249    -23.94647932   -421.39389478      30       0      34
  388     53.54436958    -34.66759885   -421.39389480      39       0      34
  389     56.76237486    -31.93028048   -421.39389480      37       0      32
  390     42.37594975   -125.69077503   -421.39389476      38       0      43
  391     60.67748516    -46.50199636   -421.39389480      46       0      43
  392     45.72528342    -48.70852679   -421.39389480      60       0      34
  393   6472.93834077 144469.44792902   -421.39389477      45       0      34
  394     48.22991688    -40.98737752   -421.39389480      40       0      42
  395     46.49377149    -22.48456576   -421.39389480      52       0      28
  396     30.85519118    -21.31935717   -421.39389480      38       0      15
  397     34.58120383    -66.14435701   -421.39389481      18       0      15
  398     40.67340202    -38.33719098   -421.39389480      16       0      18
  399     44.69205016    -22.76618267   -421.39389480      18       0      20
  400     40.17902442    -70.23320492   -421.39389481      22       0      23
  401     35.29952447   -117.97969835   -421.39389479      24       0      28
  402     37.44196883    -42.20771421   -421.39389480      30       0      26
  403     47.30955981    -29.51017768   -421.39389481      30       0      28
  404     56.53099002    -16.73519911   -421.39389479      34       0      33
  405     46.09712623    -43.05292919   -421.39389479      36       0      29
  406     49.71922099    -28.57469339   -421.39389480      35       0      33
  407     58.01653309    -32.30318058   -421.39389479      39       0      40
  408     66.85795558    -14.93953659   -421.39389480      41       0      46
  409     46.52202391    -45.32388877   -421.39389480      56       0      33
  410     57.55798890    -31.10824642   -421.39389479      46       0      33
  411     60.25206150    -24.13614355   -421.39389480      40       0      46
  412     41.05294814    -32.26811506   -421.39389479      54       0      31
  413     37.62011070    -32.92823740   -421.39389479      45       0      17
  414     29.18790939    -37.60326547   -421.39389480      19       0      16
  415     45.84331576    -15.68763617   -421.39389481      18       0      17
  416     31.68994931    -65.93426937   -421.39389478      19       0      19
  417     42.41549170    -13.45570129   -421.39389479      20       0      22
  418     48.30470765    -33.36620052   -421.39389481      23       0      26
  419     44.44108972    -27.63570969   -421.39389480      27       0      28
  420     47.41030655    -43.18965442   -421.39389478      31       0      26
  421     48.15155412    -22.58378559   -421.39389478      27       0      31
  422     50.99270414    -24.26035083   -421.39389479      29       0      30
  423     53.68094756    -32.64595733   -421.39389480      37       0      35
  424     59.16150405    -13.34622624   -421.39389480      42       0      35
  425     54.65180123    -27.69739810   -421.39389479      43       0      44
  426     63.26234056    -28.08312980   -421.39389475      46       0      36
  427     53.89752361    -36.88144435   -421.39389479      49       0      35
  428 83691220.50677137 1873266376.61700678   -421.39389479      46       0      40
  429     53.41025310    -36.98084558   -421.39389479      50       0      39
  430     47.74736331    -33.61094512   -421.39389479      45       0      20
  431     26.70545127    -45.11105873   -421.39389479      28       0      16
  432     29.95105969    -55.28416429   -421.39389480      24       0      17
  433     43.50638015    -29.07529348   -421.39389480      21       0      18
  434     44.99363541    -63.84453207   -421.39389480      18       0      23
  435     44.36026108    -50.99829548   -421.39389479      24       0      24
  436     55.05728899    -19.74765229   -421.39389480      27       0      30
  437     50.39293106    -11.14654067   -421.39389480      34       0      25
  438     44.11238860    -57.33741505   -421.39389480      27       0      26
  439     60.43191315    -40.03861931   -421.39389480      28       0      33
  440     58.39394525    -21.94610145   -421.39389480      33       0      30
  441     56.49319704    -35.96655313   -421.39389480      35       0      37
  442     64.89348779    -10.33616419   -421.39389480      42       0      39
  443     43.27642772    -46.85069380   -421.39389480      44       0      39
  444     56.17810535    -17.41154070   -421.39389480      53       0      36
  445 3836592.58263227 85874329.15711074   -421.39389481      46       0      40
  446     55.64108658    -11.14567015   -421.39389480      46       0      41
  447     39.63800227    -93.69029711   -421.39389479      52       0      20
  448     34.76908824    -91.64506727   -421.39389479      33       0      19
  449     46.12912926    -30.95912988   -421.39389479      21       0      20
  450     39.96816621    -44.60702640   -421.39389479      21       0      16
  451     45.44915930    -47.58088055   -421.39389480      16       0      23
  452     46.07260070    -40.69816476   -421.39389479      23       0      22
  453     51.54433667    -77.20663857   -421.39389481      23       0      31
  454     54.37653750    -30.37716546   -421.39389481      35       0      26
  455     54.95378138    -21.61295789   -421.39389481      31       0      27
  456     48.84757458    -23.31315279   -421.39389481      32       0      30
  457     50.31653701    480.98548971   -421.39389481      36       0      25
  458     70.03044744    480.98548971   -421.39389480      31       0      38
  459     65.18904547    -20.65327764   -421.39389480      37       0      38
  460     56.74450619    -31.27935707   -421.39389479      38       0      33
  461     57.70490643    -45.52841902   -421.39389480      41       0      45
  462     49.52478595    -45.23768073   -421.39389480      46       0      39
  463     52.57422309    -19.94987916   -421.39389480      50       0      39
  464     46.65541340    -44.45226931   -421.39389480      50       0      25
  465     44.35760841    -66.30763829   -421.39389480      39       0      23
  466     38.54343936    -70.08715130   -421.39389480      35       0      20
  467     39.73984543    -76.72145397   -421.39389480      25       0      16
  468     38.40541850    -23.82451036   -421.39389480      20       0      21
  469     40.93595996    -32.68472206   -421.39389480      20       0      20
  470     42.12352599    -15.81894342   -421.39389480      24       0      29
  471     39.08585039    -29.04063003   -421.39389480      31       0      26
  472     47.84795562    -42.64669161   -421.39389480      32       0      29
  473     43.04718331    -55.54751080   -421.39389480      33       0      27
  474     47.76641813    -46.46384083   -421.39389480      30       0      30
  475     55.55790576    -52.32573244   -421.39389480      34       0      39
  476     47.63866690    -22.25578510   -421.39389480      45       0      38
  477    145.96120607   2645.99484196   -421.39389480      48       0      29
  478    145.84237202   2645.99484196   -421.39389480      36       0      39
  479     50.82899711    -21.34469904   -421.39389480      38       0      37
  480     52.22829900    -32.11906906   -421.39389480      50       0      40
  481     48.30771287     -5.63713967   -421.39389480      44       0      27
  482     46.28356430    -25.18892149   -421.39389480      44       0      28
  483     48.80766199    -34.97986123   -421.39389480      38       0      23
  484     27.11805649    -43.91154678   -421.39389480      28       0      17
  485     31.43380285    -54.95831408   -421.39389480      22       0      20
  486     35.63373320    -74.61485392   -421.39389479      20       0      17
  487     42.05710648    -45.60831044   -421.39389480      18       0      29
  488     55.08783119    -23.19393904   -421.39389480      30       0      28
  489     50.96639507    -19.25394826   -421.39389480      34       0      29
  490     48.97853689    -17.73504365   -421.39389480      35       0      24
  491     53.62053760    -32.13519364   -421.39389480      32       0      31
  492     45.96734000    -68.34454791   -421.39389480      35       0      34
  493 9606378.84141229 215019882.63388565   -421.39389480      43       0      40
  494     57.91310212    -25.28795702   -421.39389480      49       0      32
  495     54.99446745    -33.22196115   -421.39389480      45       0      37
  496     59.62049168    -27.12935361   -421.39389480      49       0      37
  497     52.65686310    -24.71312933   -421.39389480      45       0      35
  498     54.30609516    -28.09460918   -421.39389480      48       0      30
  499     48.04499945    -41.40200723   -421.39389480      39       0      30
  500     45.95070241    -22.83047312   -421.39389480      40       0      27
  501     39.96432046    -27.48416440   -421.39389480      32       0      20
  502     37.09839416    -34.38822334   -421.39389480      23       0      19
  503     37.04553157    -45.11034372   -421.39389480      21       0      15
  504     51.87811052    -44.92523281   -421.39389480      19       0      27
  505     44.79870937    -80.77026192   -421.39389480      27       0      25
  506     51.56034644    -38.42115111   -421.39389480      29       0      30
  507     52.92974513    -48.46695830   -421.39389480      33       0      27
  508     41.48019005    -71.00179807   -421.39389480      33       0      24
  509     46.83149898    -23.32341308   -421.39389480      27       0      34
  510     58.18133657    -46.20094899   -421.39389480      39       0      38
  511     57.40110245    -26.43778246   -421.39389480      40       0      35
  512    168.48557449   3175.77228637   -421.39389480      42       0      37
  513     58.27170122    -42.45998294   -421.39389480      43       0      36
  514     51.65944739    -23.69157604   -421.39389480      45       0      36
  515     58.14549567    -27.71537484   -421.39389480      46       0      31
  516     49.59797988    -42.37879609   -421.39389480      40       0      35
  517     49.10485842    -19.40637044   -421.39389480      43       0      29
  518     42.31581244    -24.56724689   -421.39389480      37       0      21
  519     36.64150062    -46.08159040   -421.39389480      27       0      17
  520     42.03463837    -23.31309226   -421.39389480      19       0      17
  521     39.23215770    -19.30719166   -421.39389480      17       0      25
  522     41.83198130    -88.01801163   -421.39389480      28       0      24
  523     45.90942287    -67.37825178   -421.39389480      29       0      28
  524     54.83499415    -28.02450640   -421.39389480      29       0      28
  525     34.46606524    -20.52553531   -421.39389479      34       0      27
  526     57.38006711    -21.59915317   -421.39389480      30       0      30
  527     50.26303877    -36.44700570   -421.39389480      36       0      37
  528     49.64916765    -29.55777386   -421.39389479      41       0      35
  529     50.91962475    -47.06796211   -421.39389480      43       0      36
  530     54.66900442    -30.14148264   -421.39389480      47       0      33
  531     58.73331638    -51.37151639   -421.39389480      40       0      39
  532     56.20332300    -33.32246148   -421.39389479      42       0      31
  533     65.01322010    -25.36428399   -421.39389480      40       0      35
  534     59.49833282    -47.82289605   -421.39389480      45       0      35
  535     45.79293780    -62.03885049   -421.39389480      43       0      21
  536     37.58156417    -28.68628571   -421.39389480      27       0      17
  537     35.26197316    -63.14177196   -421.39389480      20       0      16
  538     52.44879151    -10.34327142   -421.39389480      17       0      24
  539     42.66787235    -20.91276716   -421.39389480      25       0      26
  540     47.00514727    -21.25785444   -421.39389480      31       0      23
  541 7024585.48511696 157231403.11226770   -421.39389479      31       0      30
  542     47.35909077    -63.38129966   -421.39389480      34       0      27
  543 122109062.51311441 2733175776.90850735   -421.39389480      33       0      31
  544     42.23718511    -34.96554699   -421.39389479      32       0      32
  545     58.38027849    -24.16794930   -421.39389480      37       0      34
  546     62.56627615    -17.45264182   -421.39389480      37       0      41
  547     44.07339456    -38.34888031   -421.39389480      43       0      34
  548     55.32699195    -10.16073090   -421.39389480      45       0      34
  549     56.07764435    -34.06392513   -421.39389480      40       0      30
  550     42.76360723    -35.08871936   -421.39389479      39       0      37
  551     58.93985094    -25.11621303   -421.39389479      42       0      40
  552     39.84051029    -91.65302217   -421.39389479      51       0      21
  553     43.80614206    -35.00101796   -421.39389479      27       0      19
  554     42.37818754    -25.26175240   -421.39389480      27       0      15
  555     48.09262974    -21.80919815   -421.39389479      21       0      21
  556     43.78641455    -25.01705767   -421.39389479      21       0      24
  557     54.06756447    -25.36406821   -421.39389480      25       0      26
  558     42.65414674    -27.27793901   -421.39389479      28       0      28
  559     46.09360273    -28.88719264   -421.39389480      31       0      30
  560     40.25271214    -74.40161723   -421.39389480      33       0      31
  561     52.02020762    -50.01785588   -421.39389478      42       0      29
  562     59.66286516    -27.23694668   -421.39389479      36       0      33
  563     65.61251762    -19.90189009   -421.39389480      44       0      42
  564     53.15168062    -33.88132185   -421.39389480      45       0      31
  565     58.62132112    -21.47485073   -421.39389480      40       0      36
  566     51.02351689    -30.68407002   -421.39389479      38       0      29
  567     59.64233602    -36.90447873   -421.39389479      37       0      37
  568     62.22874917    -17.05820201   -421.39389479      37       0      43
  569     31.36328485    -51.53914448   -421.39389479      47       0      18
  570     44.78822503    -23.37578074   -421.39389480      30       0      24
  571     33.74621951    -71.75206348   -421.39389478      27       0      17
  572     41.26295354    -47.36544350   -421.39389479      22       0      21
  573     38.08565315    -32.96733505   -421.39389479      23       0      23
  574     43.76983383    -56.92185486   -421.39389478      26       0      24
  575     48.20813531    -39.09034246   -421.39389479      25       0      28
  576     44.71767639    -52.43950791   -421.39389479      29       0      24
  577     44.31686424    -57.76520143   -421.39389479      27       0      31
  578     48.63099007    -46.76128351   -421.39389478      36       0      33
  579     51.47184920    -48.98868083   -421.39389478      35       0      35
  580     60.35497050    -14.78569822   -421.39389479      41       0      37
  581     60.76991481     -8.24084826   -421.39389478      46       0      36
  582     51.41343753    -52.85969173   -421.39389479      39       0      33
  583     46.79669598    -35.48463818   -421.39389478      43       0      34
  584     51.16714841    -47.96405350   -421.39389478      43       0      34
  585 219874532.21711764 4921467528.40239716   -421.39389479      39       0      39
  586     39.05055786    -23.07245023   -421.39389479      51       0      23
  587     42.04632365    -17.68393530   -421.39389479      39       0      26
  588     28.46505273   -124.59170065   -421.39389479      32       0      16
  589     40.64093764    -66.52770729   -421.39389479      24       0      22
  590     40.38774440    -35.83176724   -421.39389479      24       0      23
  591     52.01059114    -51.06010078   -421.39389479      28       0      25
  592     45.99852265    -20.87769518   -421.39389479      29       0      26
  593     41.37396443    -30.97526201   -421.39389479      27       0      21
  594     48.26414602    -27.82917568   -421.39389479      26       0      32
  595     51.12348625    -52.73095468   -421.39389479      32       0      35
  596     43.91179185    -25.69414157   -421.39389479      42       0      28
  597     61.15167736    -33.63978303   -421.39389479      34       0      43
  598     51.41875694    -25.91456878   -421.39389479      49       0      31
  599   9299.76843801 207743.80085281   -421.39389479      41       0      32
  600     57.64634939    -21.91095594   -421.39389479      38       0      35
  601     48.23506556    -14.71660533   -421.39389479      44       0      34
  602     60.95351760    -12.29903428   -421.39389479      42       0      35
  603 8892543.68265852 199042053.98591119   -421.39389479      47       0      30
  604     44.51707442    -64.00858519   -421.39389479      44       0      26
  605     40.46111026    -55.83662896   -421.39389479      35       0      19
  606     42.57229329    -16.99127857   -421.39389479      28       0      20
  607     46.45806571    -33.74070929   -421.39389479      24       0      25
  608     36.43401722    -76.28502759   -421.39389479      27       0      24
  609     59.24110849    -19.01941685   -421.39389479      27       0      28
  610     36.10733862    -63.72505492   -421.39389479      27       0      20
  611     49.30337522    -63.59784736   -421.39389479      24       0      29
  612     51.56249984    -33.68504178   -421.39389479      33       0      35
  613     49.50600367    -35.20398218   -421.39389479      33       0      27
  614     52.57955338    -17.92067615   -421.39389479      36       0      41
  615     43.27945230    -18.94186872   -421.39389479      46       0      29
  616     59.91177080    -30.00497100   -421.39389479      42       0      34
  617     49.94761616    -61.91520430   -421.39389479      39       0      36
  618 6208290.96781916 138960224.42370614   -421.39389479      45       0      30
  619     54.06967026    -43.40469570   -421.39389479      39       0      37
  620     45.63668420    -29.96437715   -421.39389479      42       0      31
  621     49.79407827    -39.95514243   -421.39389479      41       0      28
  622     46.87223649    -34.73696305   -421.39389479      38       0      22
  623     39.17982675    -55.23002938   -421.39389479      29       0      23
  624     41.75957340    -43.05821610   -421.39389479      25       0      23
  625     50.79976875    -36.73885310   -421.39389479      24       0      25
  626     47.57527027    -28.17193659   -421.39389479      27       0      29
  627     29.44036202   -103.45461927   -421.39389479      31       0      16
  628 3106155.99196899 69524908.43985215   -421.39389479      22       0      31
  629     53.95886178    -19.92774504   -421.39389479      30       0      32
  630     36.32369708    -66.47986592   -421.39389479      34       0      26
  631     50.75319821    -26.24041887   -421.39389479      30       0      38
  632     52.08884841    -19.82376283   -421.39389479      41       0      34
  633     46.62499102    -32.68076718   -421.39389479      36       0      31
  634     53.27989552    -11.79899133   -421.39389479      33       0      33
  635     40.96716632    -69.54930788   -421.39389479      41       0      33
  636 253736.84300944 5678998.29685442   -421.39389479      38       0      35
  637     62.91783623    -29.67763249   -421.39389479      42       0      35
  638     48.73229198    -34.84797827   -421.39389479      45       0      29
  639     36.08044784    -97.66409287   -421.39389479      39       0      25
  640     39.07071827    -45.07313999   -421.39389479      36       0      23
  641     46.89543202    -46.07937440   -421.39389479      27       0      24
  642     43.71702223    -16.37853520   -421.39389479      29       0      23
  643     47.49557121    -18.97641395   -421.39389479      28       0      27
  644     39.98194892    -32.25541681   -421.39389479      31       0      20
  645     50.16470118    -22.80183781   -421.39389479      25       0      32
  646     54.37778275    -22.80183781   -421.39389479      31       0      28
  647     43.62445231    -52.69398680   -421.39389479      32       0      26
  648     58.22647635    -36.40204458   -421.39389479      33       0      39
  649     53.98439251    -62.14184783   -421.39389479      41       0      34
  650     49.47138105    -29.87553325   -421.39389479      39       0      29
  651     46.56437052    -18.16155129   -421.39389479      37       0      28
  652     53.94614933    -28.62466437   -421.39389479      31       0      37
  653     43.09242990    -24.13752477   -421.39389479      38       0      27
  654     59.90374780    -52.10629093   -421.39389479      34       0      43
  655     42.21631818    -71.77057611   -421.39389479      46       0      27
  656     42.77744475    -78.54595175   -421.39389479      37       0      26
  657     53.61307939    -16.84203579   -421.39389479      33       0      27
  658     51.80740174    -21.63804285   -421.39389479      29       0      23
  659     35.50765781    -25.97871766   -421.39389479      30       0      23
  660     50.96373125    -22.62841125   -421.39389479      27       0      27
  661     40.44073530    -43.75515943   -421.39389479      27       0      22
  662     53.88625177    -36.27962627   -421.39389479      27       0      31
  663     53.62324857    -32.34543567   -421.39389479      31       0      26
  664     51.97550846    -25.37696529   -421.39389479      33       0      27
  665     52.25276688    -21.41741578   -421.39389479      35       0      38
  666     48.19918180    -16.27456365   -421.39389479      44       0      32
  667     57.79426825    -15.71659322   -421.39389479      40       0      34
  668     53.58024476    -32.07407898   -421.39389479      41       0      27
  669     55.86627009    -32.14663065   -421.39389479      37       0      34
  670     46.40848829    -13.62180766   -421.39389479      40       0      27
  671     46.31277173   -100.04394305   -421.39389479      35       0      36
  672 1475886.52515869 33034465.69112391   -421.39389479      37       0      36
  673     49.29062526    -27.16168932   -421.39389479      43       0      27
  674     48.65528591    -33.02733572   -421.39389479      40       0      25
  675     41.89252808    -33.35206264   -421.39389479      30       0      25
  676     45.55896450    -80.32395817   -421.39389479      27       0      24
  677     53.19897852    139.66670674   -421.39389479      27       0      27
  678     31.76848790   -129.49631117   -421.39389479      31       0      20
  679     51.02633301    -41.50829382   -421.39389479      26       0      26
  680     55.38569251    -30.31657342   -421.39389479      26       0      30
  681     53.57487157    -16.00098410   -421.39389479      34       0      25
  682     58.43660917    -49.06726661   -421.39389479      26       0      36
  683     49.03840093    -20.87027262   -421.39389479      42       0      36
  684     47.65530466    -41.11258516   -421.39389479      47       0      31
  685     46.34430340    -54.28089082   -421.39389477      40       0      28
  686 5449213.80300497 121969746.89194633   -421.39389479      32       0      36
  687     55.53862743    -25.04019252   -421.39389479      37       0      28
  688     53.55885414    -43.48163421   -421.39389479      44       0      31
  689     54.29859682    -33.82631523   -421.39389479      38       0      34
  690 13634584.51993800 305183502.67938280   -421.39389479      36       0      33
  691     54.66670474    -25.89321491   -421.39389479      37       0      28
  692     40.33428207    -67.51205117   -421.39389479      36       0      24
  693     36.07389160    -93.69789214   -421.39389477      28       0      24
  694     49.86054656    -57.16947131   -421.39389479      29       0      26
  695 110104946.52438673 2464486755.43592262   -421.39389479      27       0      21
  696     53.04055710    -18.76845464   -421.39389479      26       0      27
  697     42.10473888    -25.12252496   -421.39389479      30       0      28
  698     42.87669411    -43.80558136   -421.39389477      32       0      23
  699 58709737.07939710 1314103981.65577722   -421.39389477      27       0      33
  700     62.40630126    -24.47325470   -421.39389479      36       0      37
  701     53.17664387    -19.45348975   -421.39389479      42       0      33
  702     53.99835340    -29.08024426   -421.39389479      41       0      32
  703     48.67399386    -25.08264030   -421.39389476      44       0      23
  704     57.35057768    -43.98482592   -421.39389479      33       0      37
  705     50.19813630    -22.99885986   -421.39389479      37       0      35
  706     49.08041977    -21.97112434   -421.39389479      33       0      28
  707     55.49496017    -14.55206879   -421.39389477      31       0      35
  708     46.20994059    -37.38456543   -421.39389478      37       0      30
  709     44.21784659    -58.75896165   -421.39389477      33       0      25
  710     36.05510723    -17.06823359   -421.39389479      31       0      23
  711     49.85395647    -26.23055811   -421.39389479      30       0      27
  712     40.06977415    -44.10352767   -421.39389479      33       0      22
  713     49.96201436    -36.50231587   -421.39389479      26       0      26
  714     50.10026984    -42.13390709   -421.39389478      33       0      27
  715     47.86308386    -32.86079468   -421.39389479      33       0      25
  716     55.40733753    -19.55137925   -421.39389479      29       0      28
  717     52.09724538    -64.11912711   -421.39389478      31       0      32
  718     56.91754232     -9.96914427   -421.39389479      36       0      35
  719     57.47675319    -19.13072345   -421.39389479      37       0      36
  720     56.81182291    -21.67380168   -421.39389479      47       0      28
  721     57.24744878    -13.41655532   -421.39389480      34       0      38
  722     54.05792063    -37.70967477   -421.39389479      44       0      33
  723     54.69410682    -20.55569407   -421.39389479      40       0      27
  724     54.96754707    -18.17254874   -421.39389474      36       0      35
  725     46.05802088    -21.05130778   -421.39389479      37       0      29
  726     37.39644177    -31.75422246   -421.39389479      37       0      21
  727     54.20749824    -15.48536401   -421.39389479      29       0      26
  728     30.60333105   -122.99826490   -421.39389479      30       0      28
  729     35.11647487    -25.71601100   -421.39389479      33       0      20
  730     36.13300403    -55.46472743   -421.39389479      23       0      25
  731     54.57073236    -18.52904207   -421.39389478      27       0      30
  732 5980062.91041836 133851778.21783261   -421.39389479      37       0      26
  733     38.98915715    -37.18553838   -421.39389479      35       0      26
  734     46.64451464    -22.66386460   -421.39389479      32       0      34
  735 3287833.19547572 73591400.72689761   -421.39389479      33       0      27
  736     62.20992432    -18.88143274   -421.39389477      28       0      42
  737     52.97602010    -23.45800434   -421.39389477      49       0      28
  738     52.73574605     -8.49559107   -421.39389477      31       0      34
  739     51.14221232    -72.02811093   -421.39389479      42       0      35
  740     50.81709509    -39.07444919   -421.39389479      41       0      31
  741     51.50993689    -17.22188433   -421.39389479      40       0      28
  742     53.26193588    -29.69074876   -421.39389479      32       0      33
  743     59.63799113    358.27919540   -421.39389479      41       0      22
  744     26.62347655   -159.65072508   -421.39389479      27       0      27
  745 23079761.50519074 516595599.96837807   -421.39389479      31       0      29
  746     48.03642393    -30.51479231   -421.39389477      31       0      22
  747     48.50015233    -11.85820801   -421.39389479      26       0      19
  748     48.47744286    -32.72461902   -421.39389479      23       0      29
  749     45.97151176    -23.87960519   -421.39389479      33       0      28
  750     47.74972134    -40.17189709   -421.39389479      31       0      31
  751     47.42902042    -41.82104837   -421.39389478      32       0      31
  752     41.66676829    -17.91065934   -421.39389479      40       0      27
  753    468.64818182  10008.14596630   -421.39389479      30       0      41
  754     53.84163027    -49.38962442   -421.39389478      47       0      27
  755     57.80652629    -42.56229309   -421.39389479      34       0      34
  756 2210745.02398353 49482856.75623792   -421.39389478      35       0      31
  757     49.49270783    -16.38884197   -421.39389479      34       0      35
  758     43.06782259    -32.22032036   -421.39389478      51       0      29
  759 65745931.22112971 1471595635.72762465   -421.39389479      37       0      33
  760     48.62077962     -8.18355372   -421.39389478      39       0      25
  761     43.04321683    -94.07949452   -421.39389479      30       0      26
  762     48.45539346    -40.43155603   -421.39389479      32       0      26
  763 227300602.56383166 5087685806.97848034   -421.39389479      30       0      26
  764     31.62844015    -44.10647465   -421.39389479      32       0      17
  765     56.21620274    -23.06806655   -421.39389479      21       0      30
  766     37.05357042    -31.34298562   -421.39389478      29       0      25
  767     50.20413650    -37.66907776   -421.39389479      32       0      33
  768     54.71550117    -46.54228560   -421.39389479      42       0      30
  769     50.86458420    -32.68385159   -421.39389472      34       0      26
  770     63.72392460    -11.57018394   -421.39389479      27       0      41
  771     52.12865187    -20.34447207   -421.39389479      42       0      31
  772     39.01939504    -87.72599155   -421.39389479      36       0      29
  773     47.45576873    -36.37290542   -421.39389479      37       0      27
  774 5244758.39159652 117393404.65003359   -421.39389479      35       0      37
  775     56.33060305    -22.58492581   -421.39389478      42       0      32
  776 8439495.66056522 188901445.81974357   -421.39389478      39       0      34
  777     45.63358511    -26.51651980   -421.39389479      42       0      26
  778 2814677.55367263 63000724.84892523   -421.39389478      34       0      27
  779     39.85797938    -65.67499697   -421.39389478      35       0      21
  780     55.54387403    -33.29141729   -421.39389478      27       0      32
  781     32.14954123    -40.44007639   -421.39389473      33       0      17
  782     47.05428907    -41.01528671   -421.39389478      24       0      26
  783     46.67842707    -26.35731233   -421.39389473      25       0      23
  784     57.41243601    -34.73413283   -421.39389478      27       0      37
  785     58.89398986    -22.10482182   -421.39389478      35       0      32
  786     50.74364704    -33.94345092   -421.39389477      38       0      26
  787     56.86436909    -23.27170157   -421.39389477      29       0      35
  788     50.42588794    -26.94168005   -421.39389478      37       0      32
  789     49.19461422    -27.66997649   -421.39389478      42       0      31
  790     43.69196544    -37.00309687   -421.39389478      36       0      24
  791     54.06818026    -33.47130041   -421.39389477      31       0      38
  792     50.88951369    -43.26327169   -421.39389477      43       0      33
  793     52.96824750    -24.72912287   -421.39389477      40       0      33
  794     58.74155933    -18.36109668   -421.39389477      36       0      26
  795     40.30382671    -19.58359115   -421.39389477      29       0      28
  796     47.31226049    -25.46995910   -421.39389477      33       0      24
  797     51.39936722    -44.89980347   -421.39389477      31       0      31
  798     40.16233421    -52.67910545   -421.39389478      32       0      20
  799     54.42277688    -24.40862796   -421.39389477      25       0      24
  800     42.82655376    -48.25430100   -421.39389478      28       0      25
  801     54.95668417    -66.86544980   -421.39389477      26       0      33
  802     47.24527118    -24.95557728   -421.39389478      37       0      34
  803     53.00223473    -39.85327803   -421.39389478      37       0      25
  804     54.56135762    -17.11687529   -421.39389478      29       0      31
  805     48.91362540    -32.79535897   -421.39389478      37       0      37
  806 6666927.60665251 149225920.95404142   -421.39389478      42       0      26
  807     38.69881845    -38.68039686   -421.39389478      36       0      26
  808     50.66521760    -41.81546693   -421.39389478      27       0      39
  809     48.95544504    -50.93186735   -421.39389478      42       0      32
  810     52.78690464    -81.54577140   -421.39389477      38       0      35
  811     49.15250490    -26.86156039   -421.39389478      35       0      26
  812     55.10660111    -12.95628130   -421.39389478      34       0      28
  813     45.67670529    -29.04967138   -421.39389478      35       0      24
  814     56.99422412    -21.52781751   -421.39389478      25       0      34
  815     38.03003572   -109.35824874   -421.39389477      39       0      17
  816     46.43862153    -80.09957545   -421.39389478      26       0      25
  817     44.00454855    -41.50029255   -421.39389478      26       0      23
  818     58.38049213    -18.80573627   -421.39389478      27       0      35
  819     49.71160048    -22.37291565   -421.39389478      38       0      32
  820     47.58771078    -21.54590803   -421.39389476      37       0      24
  821     51.67315320    -56.97540998   -421.39389478      29       0      32
  822     61.20836374    -26.29592901   -421.39389477      33       0      36
  823     56.08527980    -37.19157348   -421.39389480      41       0      31
  824     41.03797853    -45.85008481   -421.39389478      42       0      23
  825     47.08256246    -22.88684460   -421.39389478      30       0      35
  826     60.70167134    -26.81385784   -421.39389479      35       0      37
  827     49.71990141    -35.31843590   -421.39389478      43       0      33
  828     52.03756518    -37.30528319   -421.39389477      43       0      27
  829     54.12299315     -2.42725680   -421.39389478      37       0      28
  830     50.05020519    -32.99241309   -421.39389478      33       0      24
  831     58.71585214    -13.56666184   -421.39389477      27       0      31
  832     35.75483571    -66.13215351   -421.39389477      33       0      22
  833     36.93538238    -36.81384532   -421.39389477      25       0      24
  834     39.73490293    -75.64804524   -421.39389478      30       0      22
  835     56.58204924    -17.32561139   -421.39389478      27       0      33
  836     63.67547615    -30.97637563   -421.39389478      39       0      34
  837     33.70137145    -62.19543592   -421.39389477      41       0      24
  838     48.14304746    -81.57070489   -421.39389478      28       0      31
  839     58.07429817    -21.70613720   -421.39389478      33       0      33
  840     45.22956995    -69.10796837   -421.39389478      39       0      33
  841     45.81105311    -15.60418969   -421.39389477      39       0      25
  842     44.63573311    -74.48414764   -421.39389478      33       0      33
  843     55.26225449    -33.18964942   -421.39389478      36       0      33
  844     45.97058464    -16.55152177   -421.39389478      42       0      33
  845     50.38592698    -22.89822475   -421.39389478      40       0      35
  846     45.96480074    -27.36788346   -421.39389477      48       0      26
  847     49.67174234    -38.48487397   -421.39389477      31       0      25
  848     46.19912573    -57.13861883   -421.39389478      29       0      31
  849     40.61732697    -29.89949435   -421.39389477      35       0      19
  850     49.12736467    -29.43777120   -421.39389477      27       0      26
  851     43.24822413    -27.56678761   -421.39389478      27       0      22
  852     52.05240739    -25.49690758   -421.39389478      26       0      29
  853     61.76364240    -44.49193141   -421.39389478      36       0      37
  854     52.17346456    -55.70698840   -421.39389478      37       0      28
  855     47.00477306    -24.64545784   -421.39389478      34       0      24
  856     45.47549875    -70.22858407   -421.39389478      32       0      35
  857     50.27032330    -20.70981657   -421.39389478      35       0      34
  858     40.23478992    -83.44713236   -421.39389478      41       0      24
  859     44.13817802    -54.52514932   -421.39389478      34       0      29
  860     47.17630778    -53.14197449   -421.39389478      32       0      35
  861     55.14858871    -24.53243177   -421.39389478      34       0      32
  862     51.48059741    -10.42245968   -421.39389478      39       0      38
  863     54.47866147    -27.89349049   -421.39389477      43       0      28
  864 55962744.32499569 1252617836.28128457   -421.39389478      35       0      24
  865     50.98836283    -21.94758140   -421.39389477      31       0      29
  866     49.92871453    -51.27215426   -421.39389478      32       0      24
  867     32.26364668    -75.44439117   -421.39389478      32       0      22
  868     49.55942745    -52.18388058   -421.39389477      26       0      25
  869     51.96890912    -24.82621864   -421.39389478      28       0      30
  870 28856717.45209047 645901634.77748609   -421.39389478      28       0      33
  871     54.59649476    -42.87548223   -421.39389477      40       0      29
  872     43.31317585    -16.88139803   -421.39389478      34       0      27
  873     45.97818074    -30.09992701   -421.39389478      34       0      29
  874     57.30297343    -13.95969153   -421.39389476      41       0      34
  875     51.83960706    -25.35203432   -421.39389478      40       0      29
  876     50.43617872    -31.51339486   -421.39389478      34       0      31
  877     51.20792153    -48.31533557   -421.39389478      35       0      30
  878     47.48226128    -18.42097941   -421.39389478      37       0      31
  879     53.32010690    -19.92538941   -421.39389477      35       0      40
  880     49.89849124    -28.88838402   -421.39389478      41       0      26
  881     44.21770357    -51.66089375   -421.39389478      41       0      28
  882     42.22360275    -33.62216962   -421.39389478      32       0      25
  883     44.77354943    -11.93810607   -421.39389478      32       0      27
  884     36.71095592    -71.27175243   -421.39389478      28       0      23
  885     44.49037838    -64.71548671   -421.39389478      26       0      27
  886     38.61180703    -50.70938209   -421.39389478      31       0      28
  887     49.28993448    -27.77667003   -421.39389480      29       0      29
  888     40.95907725    -44.99997910   -421.39389477      32       0      29
  889     41.85916499    -20.72179221   -421.39389478      32       0      22
  890     55.21701234    -30.51842475   -421.39389478      27       0      34
  891 5806727.66916858 129972007.80701774   -421.39389478      31       0      36
  892     51.61366878    -76.53215481   -421.39389478      37       0      29
  893     46.56934721    -47.71221336   -421.39389478      40       0      33
  894     50.94706211    -25.03395516   -421.39389478      48       0      29
  895     53.43512736    -20.97357540   -421.39389480      36       0      30
  896     55.81552074    -32.77390832   -421.39389478      35       0      32
  897     46.26857707    -45.49062537   -421.39389478      40       0      35
  898     48.31497819    -15.99931778   -421.39389478      39       0      27
  899     42.69546334    -20.24690946   -421.39389478      32       0      27
  900     41.51903076    -49.47257045   -421.39389478      34       0      28
  901     42.78878908    -30.37820353   -421.39389478      29       0      21
  902     55.58992592    -31.81997714   -421.39389478      23       0      30
  903     46.66845118    -46.40374233   -421.39389478      32       0      27
  904     55.89384389    -21.87682696   -421.39389478      29       0      27
  905     43.73861037    -35.19836753   -421.39389478      33       0      29
  906     51.01923234    -29.60496394   -421.39389478      31       0      26
  907     45.49663448    -14.04107397   -421.39389478      28       0      25
  908     49.27832442    -51.73748938   -421.39389477      31       0      37
  909     45.34972270    -33.81036770   -421.39389478      37       0      27
  910     49.46951952    -28.19863478   -421.39389478      33       0      36
  911     50.70900493    -22.22589810   -421.39389478      37       0      30
  912     52.85342400    -29.51739526   -421.39389477      34       0      28
  913     40.40995264    -73.94509103   -421.39389478      38       0      35
  914     51.91319207     -4.48176195   -421.39389478      36       0      36
  915     53.10243945    -41.83219741   -421.39389478      47       0      27
  916     50.11074517    -44.33600428   -421.39389477      39       0      30
  917 238173.50031224 5330642.54402043   -421.39389478      36       0      28
  918     42.62660423    -35.81557876   -421.39389478      35       0      19
  919     42.63370434    -50.94930664   -421.39389477      22       0      28
  920     42.79001171    -41.71973105   -421.39389477      29       0      30
  921     31.02379029    -58.74846756   -421.39389477      36       0      27
  922     53.63306942    -39.70484378   -421.39389477      35       0      27
  923     45.52516076    -41.05525167   -421.39389478      30       0      26
  924     52.13194833    -30.79711753   -421.39389477      34       0      27
  925     53.02215227    -26.16190798   -421.39389477      34       0      34
  926     53.34790688    -45.18332102   -421.39389477      37       0      31
  927     43.69628475    -35.75164084   -421.39389478      35       0      30
  928     56.73632324    -28.93353781   -421.39389478      30       0      29
  929     57.22689540    -40.10872600   -421.39389478      31       0      33
  930     37.26732734    -30.32765012   -421.39389477      37       0      29
  931     46.65945154    -63.93788196   -421.39389477      30       0      33
  932     49.64137683    -18.97670720   -421.39389477      41       0      32
  933     43.57410209    -40.81922276   -421.39389477      38       0      33
  934     49.63237703    -45.41963060   -421.39389480      42       0      28
  935     49.40533170    -33.34464605   -421.39389480      32       0      22
  936     41.23636731    -31.60861892   -421.39389477      28       0      22
  937     55.32908855    -25.75960325   -421.39389478      26       0      30
  938 18114148.53431363 405449914.35636169   -421.39389478      33       0      28
  939     40.00489094    -36.93202522   -421.39389478      31       0      23
  940     55.71263483    -23.64801096   -421.39389478      29       0      32
  941 6240301.95240259 139676729.53879040   -421.39389478      36       0      28
  942     54.26242015    -26.77349896   -421.39389477      31       0      35
  943     44.95677643    -39.86866414   -421.39389478      44       0      32
  944     57.18662354    -39.13989164   -421.39389479      38       0      29
  945     47.53173268    -17.98755243   -421.39389477      36       0      27
  946     55.63460071    -29.03349079   -421.39389478      28       0      32
  947     49.00292548    -25.15726030   -421.39389477      37       0      30
  948     49.30955067    -35.11441820   -421.39389480      37       0      30
  949     52.67864551    -53.63110129   -421.39389477      37       0      31
  950     51.54349174    -34.67857960   -421.39389480      38       0      35
  951     46.19381987    -51.69068084   -421.39389480      41       0      30
  952     43.49141210    -37.01698351   -421.39389478      35       0      24
  953     40.31257853    -36.38721966   -421.39389480      28       0      21
  954     53.41515149      1.36785738   -421.39389477      27       0      29
  955     49.44900156    -45.93042204   -421.39389478      32       0      26
  956     49.07945779    -28.90286086   -421.39389480      32       0      25
  957     54.87745113    -24.76537874   -421.39389480      25       0      33
  958     47.67570139    -60.46781891   -421.39389478      36       0      22
  959     48.86599724    -35.88872265   -421.39389478      29       0      38
  960     53.48356065    -15.07191823   -421.39389478      37       0      30
  961     53.21950853    -49.26398809   -421.39389480      33       0      33
  962     48.94522151    -29.07652379   -421.39389481      40       0      27
  963     51.80470178     -7.13534774   -421.39389480      32       0      28
  964     51.48175282    -41.42904638   -421.39389478      35       0      34
  965     49.37080689    -81.57822853   -421.39389478      36       0      27
  966     43.51407012    -48.36240977   -421.39389480      33       0      32
  967     52.86483343    -23.77586234   -421.39389478      43       0      35
  968     49.56123138    -23.26709648   -421.39389479      43       0      31
  969     47.60098215    -45.57261751   -421.39389479      39       0      27
  970     35.07078820    -32.45184763   -421.39389479      37       0      18
  971     44.75368473    -21.00506722   -421.39389480      23       0      28
  972     58.00664203    -17.60820723   -421.39389480      30       0      31
  973     51.73555422    -16.07057034   -421.39389480      31       0      24
  974 822689.49370898 18413908.75609283   -421.39389479      31       0      29
  975     54.80082666    -26.41089255   -421.39389480      29       0      28
  976     52.07151852    -55.96240829   -421.39389478      28       0      35
  977     37.37546188   -106.89640004   -421.39389479      38       0      28
  978     54.07355678    -36.11465177   -421.39389479      29       0      31
  979     37.26787457    -34.55057674   -421.39389479      32       0      29
  980     49.59414106    -41.42883012   -421.39389479      38       0      26
  981     56.77064434     -1.06543608   -421.39389479      30       0      34
  982     48.81999412    -30.96868355   -421.39389480      34       0      25
  983     49.44292168    -58.33914642   -421.39389479      34       0      35
  984     55.88032515    -27.91462621   -421.39389479      39       0      34
  985     50.17277920    -21.05691666   -421.39389479      39       0      27
  986     50.55978319    -20.85943470   -421.39389480      33       0      34
  987     45.24118969    -60.78958421   -421.39389479      37       0      20
  988 304368004.38110501 6812691166.45943928   -421.39389479      30       0      27
  989     49.43176677    -27.55718100   -421.39389479      27       0      31
  990 4232658.45416424 94739494.30458716   -421.39389479      38       0      27
  991     50.93468566    -31.93030495   -421.39389479      28       0      27
  992     53.16993564    -14.13417743   -421.39389479      34       0      27
  993     44.25032368    -60.26113002   -421.39389479      27       0      36
  994     42.03670648    -70.17389346   -421.39389479      43       0      27
  995     50.61285668    -43.11764882   -421.39389479      30       0      29
  996     45.31516713    -52.92830739   -421.39389479      33       0      30
  997     46.44326391    -39.17538190   -421.39389479      36       0      25
  998     54.66591929    -28.70525152   -421.39389479      33       0      34
  999     40.29478993    -46.11528150   -421.39389479      34       0      26
 1000     46.11563054    -39.96188887   -421.39389480      35       0      32
----------------------------------------------------------------------------------
Artificial Bee Colony Optimization Finished!

 -- Results Report --
 * 100 LMs will be saved in [ lm-solvent-LM ].
      #          Energy
      0   -421.39389479
      1   -421.35136958
      2   -421.25737921
      3   -421.11765299
      4   -421.04707052
      5   -421.03842195
      6   -421.00167143
      7   -420.85946741
      8   -420.76294322
      9   -420.67257864
     10   -420.63824863
     11   -420.40632619
     12   -420.28888734
     13   -420.26233728
     14   -419.98808125
     15   -419.97681485
     16   -419.81574132
     17   -419.78998691
     18   -419.67786939
     19   -419.60769623
     20   -419.59222552
     21   -419.53997267
     22   -419.29351038
     23   -419.26443098
     24   -419.23147267
     25   -419.21953170
     26   -419.19061305
     27   -419.18332179
     28   -419.16559214
     29   -419.13948950
     30   -418.48352476
     31   -418.46476073
     32   -418.43067487
     33   -418.35861761
     34   -418.02685397
     35   -418.00196437
     36   -417.91746476
     37   -417.91425673
     38   -417.75499290
     39   -417.72800682
     40   -417.68255883
     41   -417.65038352
     42   -417.53873376
     43   -417.49113392
     44   -417.46743186
     45   -417.38405846
     46   -417.33077658
     47   -417.32292111
     48   -417.31944449
     49   -417.30413695
     50   -417.29026810
     51   -417.18193841
     52   -417.13018595
     53   -417.10288141
     54   -417.08831350
     55   -417.07101298
     56   -417.05121432
     57   -417.01988677
     58   -416.95374379
     59   -416.94000564
     60   -416.90562045
     61   -416.80500695
     62   -416.77917603
     63   -416.75426330
     64   -416.55898065
     65   -416.55814835
     66   -416.55111558
     67   -416.54574506
     68   -416.54552600
     69   -416.53860572
     70   -416.45868675
     71   -416.44512882
     72   -416.41732928
     73   -416.41176565
     74   -416.39426183
     75   -416.39267274
     76   -416.38052238
     77   -416.34389994
     78   -416.33189132
     79   -416.27989736
     80   -416.27348701
     81   -416.25033686
     82   -416.23910216
     83   -416.23051710
     84   -416.06306243
     85   -416.02933093
     86   -416.02377104
     87   -416.01157659
     88   -416.00387319
     89   -415.99598288
     90   -415.98865267
     91   -415.93855210
     92   -415.89523988
     93   -415.87819992
     94   -415.87767126
     95   -415.87513860
     96   -415.78671911
     97   -415.77961917
     98   -415.77629902
     99   -415.76655457

 * Final Global Minimal Energy:   -421.39389911
 * The Global Minimum is saved as: [ lm-solvent-OPT.(cluster/xyz/gjf) ]

===== (^ _ ^) =====
Normal termination at Fri Dec 13 23:57:59 2019.
Total run time: 28614 seconds = 0 days 7 hours 56 minutes 54 seconds.
