    * * * * * * * * * * * * * * * * * * * * *
    *       __    ____    ______            *
    *      /  \  |  _ \  |  ___/  luster !  *
     *    / _  \ | |_| | | |               *
     *   / /_\ | |  _ <  | |     < @  @ >  * 
     *  / ___  | | |_| | | |___ _ _  o     * 
    *  /_/   |_| |____/  |_____ _ __ __  _  *
    *                                       *
    * * * * * * * * * * * * * * * * * * * * *

ABCluster 1.5.1
Specific flag:  official version
Platform:       LINUX/UNIX
Compiled by:    junzhang@gellmann.scs.illinois.edu
Compiling date: Dec 18 2017 20:33:35
C++ compiler:   g++
C++ options:    -O3 -Os -fno-exceptions --std=c++0x -fopenmp 

Contributors:
Jun Zhang(University of Cologne): Design and coding.

For any suggestions, comments, and questions on the theory and
implementation of ABCluster, please feel free to contact:

Dr. Jun Zhang, ZhangJunQcc@gmail.com

If you used this program in your work, please cite this reference:

[1] Zhang, J.; Dolg, M.; ABCluster: The Artificial Bee Colony Algorithm for
    Cluster Global Optimization. Phys. Chem. Chem. Phys. 2015, 17, 24173-24181.
[2] Zhang, J.; Dolg, M.; Global Optimization of Clusters of Rigid Molecules by the
    Artificial Bee Colony Algorithm. Phys. Chem. Chem. Phys. 2016, 18, 3003-3010.

Program starts at Mon Sep 17 20:35:33 2018.
Command line: " /ihome/jkeith/yab16/ABC/ABCluster-Linux/lib/rigidmol-optimizer 4_waters.inp "
Process ID:   369003
Run by:       yab16@smp-n38.crc.pitt.edu
Available CPU cores:    24
Read "OMP_NUM_THREADS": Unset

Random number testing (integers): 1906493401...759259130
Random number testing (fractals): 0.11279957...0.66722870

 -- Input/Output Parameters --
Input file name:      4_waters.inp
Cluster file name:    input.cluster
Result file name:     4_waters.(cluster/xyz/gjf)
Temporary file name:  abclusteryab16smp-n38.crc.pitt.edu369003-OPT
# of saved LMs:       100
LMs are stored in:    4_waters-LM

 -- ABC Control Parameters --
Population size:                  500
Maximal generation:              1000
Scout limit:                       15
Amplitude:                 5.00000000

 -- Cluster Components: from [ input.cluster ] --
 -----------------------------------------------------------
   Source                                       #   Charge
 -----------------------------------------------------------
   /ihome/jkeith/yab16/ABC/ABCluster-Linux-0/rigidmolecularcluster/charmm36/tip4p.xyz     4    0.000
 -----------------------------------------------------------
   Dimension: 0, an isolate cluster.
 -----------------------------------------------------------

Artificial Bee Colony Optimization Starts!
----------------------------------------------------------------------------------
 * Population: 500; Maximal cycles: 1000
 * EM = Employed Bee; Trigonometric mutation
 * OL = Onlooker Bee; ABC/best/2(0.5)+ABC/current/2(0.5);
        Tournament selection from 5 nectars.
 * SC = Scout Bee; Random nectar; Limit = 15
----------------------------------------------------------------------------------
    #       Diversity            maxE            minE    byEM    byOL    bySC
----------------------------------------------------------------------------------
    1      4.63252385    -93.08137488   -116.61231060     104       0       0
    2      2.09463393    -95.04739951   -116.61231060      25       0       0
    3      1.20087372    -95.04739951   -116.61231060       5       0       0
    4      0.71877859   -100.52383623   -116.61231060       2       0       0
    5      0.71877859   -100.52383623   -116.61231060       0       0       0
    6      0.00000000   -116.61231060   -116.61231060       1       0       0
    7      0.00000000   -116.61231060   -116.61231060       0       0       0
    8      0.00000000   -116.61231060   -116.61231060       0       0       0
    9      0.00000000   -116.61231060   -116.61231060       0       0       0
   10      0.00000000   -116.61231060   -116.61231060       0       0       0
   11      0.00000000   -116.61231060   -116.61231060       0       0       0
   12      0.00000000   -116.61231060   -116.61231060       0       0       0
   13      0.00000000   -116.61231060   -116.61231060       0       0       0
   14      0.00000000   -116.61231060   -116.61231060       0       0       0
   15      0.00000000   -116.61231060   -116.61231060       0       0       0
   16      0.00000000   -116.61231060   -116.61231060       0       0       0
   17      9.81488738    -53.65156219   -116.61231060       0       0     383
   18      7.92974206    -42.16539218   -116.61231060      77       0      98
   19      3.62464479    -93.08137488   -116.61231060      43       0      18
   20      2.51042423    -93.69476583   -116.61231060      13       0       1
   21      0.71877859   -100.52383623   -116.61231060       7       0       0
   22      0.00000000   -116.61231060   -116.61231060       1       0       0
   23      0.00000000   -116.61231060   -116.61231060       0       0       0
   24      0.00000000   -116.61231060   -116.61231060       0       0       0
   25      0.00000000   -116.61231060   -116.61231060       0       0       0
   26      0.00000000   -116.61231060   -116.61231060       0       0       0
   27      0.00000000   -116.61231060   -116.61231060       0       0       0
   28      0.00000000   -116.61231060   -116.61231060       0       0       0
   29      0.00000000   -116.61231060   -116.61231060       0       0       0
   30      0.00000000   -116.61231060   -116.61231060       0       0       0
   31      0.00000000   -116.61231060   -116.61231060       0       0       0
   32      0.00000000   -116.61231060   -116.61231060       0       0       0
   33     11.56174631    -35.75549170   -116.61231060       0       0     291
   34      7.67345730    -40.97099409   -116.61231060      69       0     149
   35      5.98736066    -41.29429592   -116.61231060      55       0      52
   36      2.73463521    -93.08137488   -116.61231060      27       0       7
   37      2.11626067    -85.46768191   -116.61231060       6       0       1
   38      0.71877859   -100.52383623   -116.61231060       5       0       0
   39      0.00000000   -116.61231060   -116.61231060       1       0       0
   40      0.00000000   -116.61231060   -116.61231060       0       0       0
   41      0.00000000   -116.61231060   -116.61231060       0       0       0
   42      0.00000000   -116.61231060   -116.61231060       0       0       0
   43      0.00000000   -116.61231060   -116.61231060       0       0       0
   44      0.00000000   -116.61231060   -116.61231060       0       0       0
   45      0.00000000   -116.61231060   -116.61231060       0       0       0
   46      0.00000000   -116.61231060   -116.61231060       0       0       0
   47      0.00000000   -116.61231060   -116.61231060       0       0       0
   48      0.00000000   -116.61231060   -116.61231060       0       0       0
   49      8.34500318    -29.83502018   -116.61231060       0       0     212
   50      9.33508498    -23.96733861   -116.61231060      43       0     171
   51      5.53947472    -78.80730865   -116.61231060      60       0      89
   52      3.55668673    -85.46768191   -116.61231060      29       0      21
   53      2.18864931    -85.46768191   -116.61231060      13       0       6
   54      0.00000000   -116.61231060   -116.61231060       5       0       1
   55      0.00000000   -116.61231060   -116.61231060       0       0       0
   56      0.00000000   -116.61231060   -116.61231060       0       0       0
   57      0.00000000   -116.61231060   -116.61231060       0       0       0
   58      0.00000000   -116.61231060   -116.61231060       0       0       0
   59      0.00000000   -116.61231060   -116.61231060       0       0       0
   60      0.00000000   -116.61231060   -116.61231060       0       0       0
   61      0.00000000   -116.61231060   -116.61231060       0       0       0
   62      0.00000000   -116.61231060   -116.61231060       0       0       0
   63      0.00000000   -116.61231060   -116.61231060       0       0       0
   64      0.00000000   -116.61231060   -116.61231060       0       0       0
   65      7.78066935    -22.14974187   -116.61231060       0       0     160
   66      7.94912343    -43.78878970   -116.61231060      40       0     163
   67      6.30958789    -71.53698761   -116.61231060      39       0     121
   68      3.70625006    -93.08137487   -116.61231060      36       0      42
   69      1.86282328    -93.69476583   -116.61231060      17       0      10
   70      1.14633144    -96.59215726   -116.61231060       3       0       4
   71      0.00000000   -116.61231060   -116.61231060       2       0       0
   72      0.00000000   -116.61231060   -116.61231060       0       0       0
   73      0.00000000   -116.61231060   -116.61231060       0       0       0
   74      0.00000000   -116.61231060   -116.61231060       0       0       0
   75      0.00000000   -116.61231060   -116.61231060       0       0       0
   76      0.00000000   -116.61231060   -116.61231060       0       0       0
   77      0.00000000   -116.61231060   -116.61231060       0       0       0
   78      0.00000000   -116.61231060   -116.61231060       0       0       0
   79      0.00000000   -116.61231060   -116.61231060       0       0       0
   80      0.00000000   -116.61231060   -116.61231060       0       0       0
   81      5.96481386    -61.27174249   -116.61231060       0       0     115
   82      6.90148353    -53.51114233   -116.61231060      21       0     164
   83      6.33743909    -54.69268764   -116.61231060      42       0     131
   84      6.55358332     -1.35186341   -116.61231060      35       0      65
   85      2.22209172    -93.69476583   -116.61231060      18       0      19
   86      1.42455822    -93.08137488   -116.61231060       5       0       5
   87      1.20087372    -95.04739951   -116.61231060       1       0       1
   88      0.00000000   -116.61231060   -116.61231060       2       0       0
   89      0.00000000   -116.61231060   -116.61231060       0       0       0
   90      0.00000000   -116.61231060   -116.61231060       0       0       0
   91      0.00000000   -116.61231060   -116.61231060       0       0       0
   92      0.00000000   -116.61231060   -116.61231060       0       0       0
   93      0.00000000   -116.61231060   -116.61231060       0       0       0
   94      0.00000000   -116.61231060   -116.61231060       0       0       0
   95      0.00000000   -116.61231060   -116.61231060       0       0       0
   96      0.00000000   -116.61231060   -116.61231060       0       0       0
   97      6.34830184    -23.66172477   -116.61231060       0       0      87
   98      5.69882938    -85.46768191   -116.61231060      24       0     151
   99      8.56224776    -37.36030770   -116.61231060      34       0     136
  100      6.19993345    -50.00304515   -116.61231060      45       0      88
  101      3.01752430    -93.08137488   -116.61231060      22       0      28
  102      1.87059987    -93.69476583   -116.61231060      11       0       8
  103      0.00000000   -116.61231060   -116.61231060       5       0       1
  104      0.00000000   -116.61231060   -116.61231060       0       0       1
  105      0.00000000   -116.61231060   -116.61231060       0       0       0
  106      0.00000000   -116.61231060   -116.61231060       0       0       0
  107      0.00000000   -116.61231060   -116.61231060       0       0       0
  108      0.00000000   -116.61231060   -116.61231060       0       0       0
  109      0.00000000   -116.61231060   -116.61231060       0       0       0
  110      0.00000000   -116.61231060   -116.61231060       0       0       0
  111      0.00000000   -116.61231060   -116.61231060       0       0       0
  112      0.00000000   -116.61231060   -116.61231060       0       0       0
  113      3.42181651    -84.31722462   -116.61231060       0       0      60
  114      7.27913047    -42.76298871   -116.61231060       8       0     143
  115      8.48861803    -34.20454174   -116.61231060      30       0     127
  116      6.10185626    -36.68556159   -116.61231060      35       0     108
  117      4.89572525    -61.86556393   -116.61231060      24       0      43
  118      2.53665760    -93.69476583   -116.61231060      20       0      15
  119      1.02387834    -93.69476583   -116.61231060       9       0       3
  120      0.71877859   -100.52383623   -116.61231060       1       0       1
  121      0.00000000   -116.61231060   -116.61231060       1       0       0
  122      0.00000000   -116.61231060   -116.61231060       0       0       0
  123      0.00000000   -116.61231060   -116.61231060       0       0       0
  124      0.00000000   -116.61231060   -116.61231060       0       0       0
  125      0.00000000   -116.61231060   -116.61231060       0       0       0
  126      0.00000000   -116.61231060   -116.61231060       0       0       0
  127      0.00000000   -116.61231060   -116.61231060       0       0       0
  128      0.00000000   -116.61231060   -116.61231060       0       0       0
  129      3.07948282    -85.46768191   -116.61231060       0       0      50
  130      5.26504406    -79.04352858   -116.61231060       9       0     119
  131      6.41704979    -66.66274330   -116.61231060      27       0     126
  132      7.38570358    -33.11452117   -116.61231060      31       0     116
  133      4.69554695    -93.08137488   -116.61231060      31       0      55
  134      4.13834925    -51.87441000   -116.61231060      27       0      25
  135      4.47585240    -23.98410753   -116.61231060      10       0       7
  136      1.39781761    -95.04739951   -116.61231060       3       0       1
  137      0.00000000   -116.61231060   -116.61231060       3       0       1
  138      0.00000000   -116.61231060   -116.61231060       0       0       0
  139      0.00000000   -116.61231060   -116.61231060       0       0       0
  140      0.00000000   -116.61231060   -116.61231060       0       0       0
  141      0.00000000   -116.61231060   -116.61231060       0       0       0
  142      0.00000000   -116.61231060   -116.61231060       0       0       0
  143      0.00000000   -116.61231060   -116.61231060       0       0       0
  144      0.00000000   -116.61231060   -116.61231060       0       0       0
  145      3.43579491    -67.77337793   -116.61231060       0       0      40
  146      7.31475663    -43.46346401   -116.61231060       8       0     101
  147      6.51231181    -58.40615288   -116.61231060      26       0     119
  148      5.36805547    -64.80977022   -116.61231060      27       0     114
  149      5.59111419    -41.97400207   -116.61231060      29       0      73
  150      2.79169823    -93.08137488   -116.61231060      22       0      37
  151      3.42473796    -43.41615717   -116.61231060      10       0       9
  152      1.20087372    -95.04739951   -116.61231060       2       0       6
  153      0.71877859   -100.52383623   -116.61231060       1       0       1
  154      0.71877859   -100.52383623   -116.61231060       0       0       0
  155      0.00000000   -116.61231060   -116.61231060       1       0       0
  156      0.00000000   -116.61231060   -116.61231060       0       0       0
  157      0.00000000   -116.61231060   -116.61231060       0       0       0
  158      0.00000000   -116.61231060   -116.61231060       0       0       0
  159      0.00000000   -116.61231060   -116.61231060       0       0       0
  160      0.00000000   -116.61231060   -116.61231060       0       0       0
  161      2.02470347    -93.69476583   -116.61231060       0       0      31
  162      6.17888718    -36.22466804   -116.61231060       7       0      84
  163      6.39278709    -48.64681946   -116.61231060      17       0     113
  164      6.37552247    -52.87137177   -116.61231060      29       0     120
  165      6.49588708    -38.01113942   -116.61231060      27       0      77
  166      6.43890886    -27.06349271   -116.61231060      31       0      52
  167      2.88893028    -85.46768191   -116.61231060      15       0      14
  168 1851592.28221338 41444210.72159940   -116.61231060       8       0       6
  169      1.01548737   -100.52383623   -116.61231060       4       0       3
  170      0.71877859   -100.52383623   -116.61231060       1       0       0
  171      0.00000000   -116.61231060   -116.61231060       1       0       0
  172      0.00000000   -116.61231060   -116.61231060       0       0       0
  173      0.00000000   -116.61231060   -116.61231060       0       0       0
  174      0.00000000   -116.61231060   -116.61231060       0       0       0
  175      0.00000000   -116.61231060   -116.61231060       0       0       0
  176      0.00000000   -116.61231060   -116.61231060       0       0       0
  177      1.72373858    -95.04739951   -116.61231060       0       0      24
  178      5.71536691    -41.81782018   -116.61231060       2       0      71
  179 1578529.05150016 35332217.08765586   -116.61231060      16       0     103
  180      7.77483204    -22.79339693   -116.61231060      24       0     119
  181      7.61561723    -17.82401975   -116.61231060      26       0      82
  182      4.47649799    -85.46768191   -116.61231060      26       0      61
  183      3.01789264    -93.08137488   -116.61231060      13       0      25
  184      2.04436811    -93.08137488   -116.61231060      10       0      10
  185      1.72025967    -85.46768191   -116.61231060       5       0       4
  186      0.00000000   -116.61231060   -116.61231060       3       0       1
  187      0.00000000   -116.61231060   -116.61231060       0       0       0
  188      0.00000000   -116.61231060   -116.61231060       0       0       0
  189      0.00000000   -116.61231060   -116.61231060       0       0       0
  190      0.00000000   -116.61231060   -116.61231060       0       0       0
  191      0.00000000   -116.61231060   -116.61231060       0       0       0
  192      0.00000000   -116.61231060   -116.61231060       0       0       0
  193      2.96791136    -60.19846897   -116.61231060       0       0      19
  194      6.34222291    -30.67390169   -116.61231060       2       0      62
  195      6.49449585    -41.80640758   -116.61231060      13       0      93
  196      7.88478542    -32.81294973   -116.61231060      25       0     113
  197      5.43456508    -59.54249672   -116.61231060      34       0      87
  198      5.48589227    -46.71706337   -116.61231060      22       0      70
  199      4.38043525    -62.52239173   -116.61231060      17       0      36
  200      2.60110041    -86.87697693   -116.61231060      10       0      11
  201      2.81010860    -69.78933488   -116.61231060       5       0       6
  202      0.71877859   -100.52383623   -116.61231060       5       0       3
  203      0.00000000   -116.61231060   -116.61231060       1       0       0
  204      0.00000000   -116.61231060   -116.61231060       0       0       0
  205      0.00000000   -116.61231060   -116.61231060       0       0       0
  206      0.00000000   -116.61231060   -116.61231060       0       0       0
  207      0.00000000   -116.61231060   -116.61231060       0       0       0
  208      0.00000000   -116.61231060   -116.61231060       0       0       0
  209      0.71877859   -100.52383623   -116.61231060       0       0      15
  210      2.78579591    -93.08137488   -116.61231060       1       0      51
  211      5.15113892    -42.42613394   -116.61231060       9       0      82
  212      6.61351879    -55.56899269   -116.61231060      16       0     102
  213      5.45723320    -48.00450544   -116.61231060      26       0     101
  214      3.82708111    -93.69476583   -116.61231060      20       0      80
  215      4.80083213    -66.21285147   -116.61231060      17       0      41
  216      2.36936439    -93.08137488   -116.61231060      17       0      13
  217      0.71877859   -100.52383623   -116.61231060       7       0      10
  218      0.00000000   -116.61231060   -116.61231060       1       0       5
  219      0.00000000   -116.61231060   -116.61231060       0       0       0
  220      0.00000000   -116.61231060   -116.61231060       0       0       0
  221      0.00000000   -116.61231060   -116.61231060       0       0       0
  222      0.00000000   -116.61231060   -116.61231060       0       0       0
  223      0.00000000   -116.61231060   -116.61231060       0       0       0
  224      0.00000000   -116.61231060   -116.61231060       0       0       0
  225      1.90627434    -93.08137488   -116.61231060       0       0      14
  226      3.38954571    -47.38783449   -116.61231060       4       0      43
  227      4.20283594    -85.46768191   -116.61231060       4       0      73
  228      5.00795491    -65.45545520   -116.61231060      14       0      93
  229      6.25105936    -78.76069228   -116.61231060      23       0     104
  230      6.13704386    -47.48217526   -116.61231060      35       0      88
  231      5.36471613    -40.61054796   -116.61231060      27       0      44
  232      2.70260530    -93.69476583   -116.61231060      18       0      21
  233      1.96649241    -90.16248704   -116.61231060      10       0      14
  234      1.02387834    -93.69476583   -116.61231060       4       0       6
  235      0.00000000   -116.61231060   -116.61231060       1       0       0
  236      0.00000000   -116.61231060   -116.61231060       0       0       0
  237      0.00000000   -116.61231060   -116.61231060       0       0       0
  238      0.00000000   -116.61231060   -116.61231060       0       0       0
  239      0.00000000   -116.61231060   -116.61231060       0       0       0
  240      0.00000000   -116.61231060   -116.61231060       0       0       0
  241      0.71877859   -100.52383623   -116.61231060       0       0      10
  242      2.81427284    -85.46768191   -116.61231060       1       0      43
  243      5.15801525    -31.80976994   -116.61231060       8       0      58
  244      5.21039891    -80.96978517   -116.61231060      10       0      91
  245      5.96351063    -40.57083271   -116.61231060      27       0      86
  246      6.50676620    -39.97276396   -116.61231060      22       0     102
  247      4.09924435    -66.62128698   -116.61231060      22       0      51
  248      4.43628991    -59.27391188   -116.61231060      14       0      33
  249      2.47826670    -93.08137488   -116.61231060      14       0      17
  250      1.99647741    -93.08137488   -116.61231060       7       0       8
  251      1.46601765    -93.08137488   -116.61231060       3       0       1
  252      0.71877859   -100.52383623   -116.61231060       2       0       0
  253      0.00000000   -116.61231060   -116.61231060       1       0       0
  254      0.00000000   -116.61231060   -116.61231060       0       0       0
  255      0.00000000   -116.61231060   -116.61231060       0       0       0
  256      0.00000000   -116.61231060   -116.61231060       0       0       0
  257      2.34245719    -73.85467544   -116.61231060       0       0       9
  258      5.53135543    -45.37661200   -116.61231060       3       0      36
  259      4.11649888    -55.41821651   -116.61231060      12       0      53
  260      5.54470571    -50.01261090   -116.61231060      13       0      76
  261      6.11158492    -58.26160568   -116.61231060      17       0      93
  262      7.32102426    -39.17648490   -116.61231060      28       0     101
  263      4.53413445    -72.29395395   -116.61231060      26       0      59
  264      3.22007011    -87.21211829   -116.61231060      22       0      35
  265      1.88564827    -93.08137488   -116.61231060      11       0      22
  266      1.87059987    -93.69476582   -116.61231060       4       0      12
  267      0.71877859   -100.52383623   -116.61231060       4       0       3
  268      0.00000000   -116.61231060   -116.61231060       1       0       0
  269      0.00000000   -116.61231060   -116.61231060       0       0       1
  270      0.00000000   -116.61231060   -116.61231060       0       0       0
  271      0.00000000   -116.61231060   -116.61231060       0       0       0
  272      0.00000000   -116.61231060   -116.61231060       0       0       0
  273      0.00000000   -116.61231060   -116.61231060       0       0       6
  274      4.74199541    -27.15545721   -116.61231060       0       0      25
  275      4.61976429    -47.93623519   -116.61231060       6       0      55
  276      3.98451366    -71.19410657   -116.61231060      14       0      70
  277      6.76999769    -44.38277682   -116.61231060      11       0      82
  278      4.62821343    -84.31722463   -116.61231060      25       0     103
  279      4.63750063    -91.30031802   -116.61231060      20       0      65
  280      3.64201755    -93.08137488   -116.61231060      20       0      47
  281      3.59670751    -93.08137488   -116.61231060      13       0      27
  282      1.45957269    -93.08137488   -116.61231060      16       0      12
  283      1.97670768    -93.69476583   -116.61231060       2       0       7
  284      0.00000000   -116.61231060   -116.61231060       5       0       0
  285      0.00000000   -116.61231060   -116.61231060       0       0       1
  286      0.00000000   -116.61231060   -116.61231060       0       0       0
  287      0.00000000   -116.61231060   -116.61231060       0       0       0
  288      0.00000000   -116.61231060   -116.61231060       0       0       0
  289      2.49116181    -63.19164404   -116.61231060       0       0       6
  290      1.53747597    -95.04739951   -116.61231060       2       0      16
  291      4.65507807    -51.59531747   -116.61231060       2       0      49
  292      4.06066551    -88.75703346   -116.61231060      11       0      74
  293      5.71977503    -33.52868631   -116.61231060      22       0      69
  294      6.12856249    -45.84002247   -116.61231060      15       0     105
  295      3.95279606    -84.31722462   -116.61231060      20       0      64
  296      5.70108106    -30.72858426   -116.61231060      19       0      59
  297      2.96157972    -93.69476583   -116.61231060      17       0      28
  298      2.80883605    -73.12046565   -116.61231060       9       0      19
  299      1.39781761    -95.04739951   -116.61231060       7       0       6
  300      0.71877859   -100.52383623   -116.61231060       2       0       4
  301      0.71877859   -100.52383623   -116.61231060       1       0       1
  302      0.00000000   -116.61231060   -116.61231060       1       0       0
  303      0.00000000   -116.61231060   -116.61231060       0       0       0
  304      0.00000000   -116.61231060   -116.61231060       0       0       0
  305      0.00000000   -116.61231060   -116.61231060       0       0       4
  306      1.56004618    -93.08137488   -116.61231060       0       0      15
  307      3.21325155    -72.29691994   -116.61231060       3       0      39
  308      3.98432415    -72.32069334   -116.61231060       8       0      65
  309      4.79364629    -56.46068210   -116.61231060      15       0      76
  310      5.02359305    -74.05565155   -116.61231060      15       0      99
  311      4.60384894    -67.26715128   -116.61231060      25       0      68
  312      5.07984227    -47.89155935   -116.61231060      12       0      56
  313      3.76218917    -85.46768191   -116.61231060      11       0      41
  314      2.34657787    -85.46768191   -116.61231060      14       0      21
  315      1.01548737   -100.52383623   -116.61231060       5       0       9
  316      1.01548737   -100.52383623   -116.61231060       2       0       6
  317      0.00000000   -116.61231060   -116.61231060       2       0       0
  318      0.00000000   -116.61231060   -116.61231060       0       0       1
  319      0.00000000   -116.61231060   -116.61231060       0       0       0
  320      0.00000000   -116.61231060   -116.61231060       0       0       0
  321      3.10402315    -47.13473055   -116.61231060       0       0       4
  322      2.90602579    -68.86974776   -116.61231060       1       0      12
  323      3.55161262    -51.03570447   -116.61231060       5       0      33
  324      5.52213626    -36.66962920   -116.61231060       5       0      55
  325      4.80104455    -79.66558419   -116.61231060      10       0      81
  326      6.36879742    -39.95735069   -116.61231060      24       0      90
  327      4.43333504    -84.31722463   -116.61231060      28       0      77
  328      5.32778314    -33.11543878   -116.61231060      18       0      59
  329      2.66276452    -93.08137486   -116.61231060      15       0      41
  330      3.04488747    -93.08137488   -116.61231060       9       0      26
  331      2.23836500    -93.08137488   -116.61231060       9       0      15
  332      0.08669214   -114.67187396   -116.61231060       8       0       4
  333      0.71877859   -100.52383623   -116.61231060       1       0       2
  334      0.00000000   -116.61231060   -116.61231060       1       0       1
  335      0.00000000   -116.61231060   -116.61231060       0       0       0
  336      0.00000000   -116.61231060   -116.61231060       0       0       0
  337      0.00000000   -116.61231060   -116.61231060       0       0       3
  338      1.02387834    -93.69476583   -116.61231060       0       0       8
  339      3.26043694    -67.93792205   -116.61231060       1       0      32
  340      2.61934723    -93.08137488   -116.61231060       6       0      47
  341      4.01388054    -91.17572554   -116.61231060       8       0      72
  342      5.17548527    -77.70622880   -116.61231060      17       0      85
  343      7.21782930    -21.63980348   -116.61231060      27       0      87
  344      5.26637499    -73.42330235   -116.61231060      23       0      62
  345      5.10049947    -42.51320276   -116.61231060      25       0      49
  346      3.65963765    -58.24866189   -116.61231060      14       0      23
  347      3.22164676    -82.21083495   -116.61231060       7       0      19
  348      3.30794974    -66.66112176   -116.61231060       7       0      10
  349      0.71877859   -100.52383623   -116.61231060       8       0       1
  350      1.42455822    -93.08137488   -116.61231060       1       0       2
  351      1.01548737   -100.52383623   -116.61231060       2       0       0
  352      0.00000000   -116.61231060   -116.61231060       2       0       0
  353      1.02387834    -93.69476583   -116.61231060       0       0       3
  354      2.61101610    -64.64229179   -116.61231060       1       0       7
  355      4.63930784    -45.97504974   -116.61231060       3       0      25
  356      4.80833854    -62.02052786   -116.61231060      12       0      49
  357      4.36831354    -65.90010237   -116.61231060      16       0      58
  358      4.66048392    -85.46768191   -116.61231060      12       0      78
  359      4.87397209    -76.10771772   -116.61231060      22       0      90
  360      4.73357306    -39.55707802   -116.61231060      20       0      60
  361      4.62499507    -42.74422104   -116.61231060      11       0      61
  362      2.97589686    -93.08137488   -116.61231060      16       0      32
  363      4.03317724    -41.21796293   -116.61231060      10       0      17
  364      1.85953750    -93.08137488   -116.61231060       7       0      11
  365      3.16101494    -51.45869513   -116.61231060       3       0       7
  366      0.71909518   -100.51675002   -116.61231060       3       0       0
  367      0.00000000   -116.61231060   -116.61231060       1       0       0
  368      0.96344725    -95.04739951   -116.61231060       0       0       2
  369      0.00000000   -116.61231060   -116.61231060       1       0       2
  370      0.00000000   -116.61231060   -116.61231060       0       0       5
  371      1.54514193    -93.69476583   -116.61231060       0       0      14
  372      3.32305306    -93.08137488   -116.61231060       3       0      46
  373      4.85023520    -55.42950582   -116.61231060      10       0      60
  374      6.61166331    -28.23869051   -116.61231060      19       0      72
  375      4.60592353    -85.46768191   -116.61231060      24       0      93
  376      3.82794204    -74.70101428   -116.61231060      25       0      68
  377      3.11860485    -93.08137488   -116.61231060      12       0      56
  378      3.84911315    -92.70608924   -116.61231060       8       0      38
  379      2.28198451    -93.08137488   -116.61231060      14       0      19
  380      1.88564827    -93.08137488   -116.61231060       5       0      14
  381      1.63091144    -93.08137487   -116.61231060       4       0       8
  382      0.00000000   -116.61231060   -116.61231060       3       0       3
  383      0.00000000   -116.61231060   -116.61231060       0       0       0
  384      0.00000000   -116.61231060   -116.61231060       0       0       1
  385      0.96344725    -95.04739951   -116.61231060       0       0       3
  386      1.05128257    -93.08137488   -116.61231060       1       0       5
  387      1.74613068    -93.08137488   -116.61231060       1       0      11
  388      3.47048893    -58.81062716   -116.61231060       3       0      36
  389      6.04815507    -38.87904784   -116.61231060       7       0      53
  390      5.52602407    -85.46768191   -116.61231060      14       0      71
  391      7.16870169    -30.19658534   -116.61231060      31       0      89
  392      3.94638548    -85.46768191   -116.61231060      26       0      79
  393      5.03297671    -56.98045423   -116.61231060      15       0      60
  394      3.20922920    -93.08137488   -116.61231060      15       0      33
  395      2.36936439    -93.08137488   -116.61231060      11       0      33
  396      3.54565489    -51.09164803   -116.61231060       3       0      12
  397      1.01548737   -100.52383623   -116.61231060       6       0       9
  398      2.23093594    -81.54843053   -116.61231060       1       0       5
  399      0.00000000   -116.61231060   -116.61231060       4       0       0
  400      0.00000000   -116.61231060   -116.61231060       0       0       1
  401      0.00000000   -116.61231060   -116.61231060       0       0       2
  402      1.02387834    -93.69476582   -116.61231060       0       0       5
  403      3.53021565    -56.61640031   -116.61231060       1       0       8
  404      4.19293419    -43.94125206   -116.61231060       3       0      34
  405      3.86282953    -70.68862262   -116.61231060       8       0      39
  406      3.76069753    -82.76937919   -116.61231060      12       0      61
  407      5.59794837    -57.82822438   -116.61231060      10       0      94
  408      5.25796781    -84.31722462   -116.61231060      26       0      90
  409      4.61502091    -66.83487726   -116.61231060      31       0      60
  410      2.91035808    -85.46768191   -116.61231060      17       0      36
  411      4.77748657    -47.96556585   -116.61231060       8       0      39
  412      2.27501966    -93.69476583   -116.61231060      13       0      14
  413      0.71877859   -100.52383623   -116.61231060       5       0      11
  414      1.20087372    -95.04739951   -116.61231060       0       0       3
  415      1.79729654    -79.70817994   -116.61231060       1       0       3
  416      1.02387834    -93.69476582   -116.61231060       2       0       1
  417      0.00000000   -116.61231060   -116.61231060       1       0       2
  418      0.00000000   -116.61231060   -116.61231060       0       0       4
  419      0.71877859   -100.52383623   -116.61231060       0       0       6
  420      2.80921578    -85.46768191   -116.61231060       1       0      29
  421      4.24516621    -35.21423936   -116.61231060       7       0      34
  422      7.89549441    -15.91875323   -116.61231060       7       0      61
  423      5.96103844    -45.14206369   -116.61231060      22       0      81
  424      5.85286494    -55.67053783   -116.61231060      17       0      86
  425      4.03407906    -84.31722463   -116.61231060      24       0      75
  426      4.62846008    -31.35545028   -116.61231060      15       0      43
  427      3.90655396    -84.31722463   -116.61231060       9       0      34
  428      2.56170165    -84.31722462   -116.61231060      14       0      22
  429      2.69233557    -75.65407631   -116.61231060       7       0      16
  430      0.96344725    -95.04739951   -116.61231060       4       0       2
  431      0.96344725    -95.04739951   -116.61231060       0       0       3
  432      0.00000000   -116.61231060   -116.61231060       1       0       1
  433      0.71877859   -100.52383623   -116.61231060       0       0       3
  434      0.00000000   -116.61231060   -116.61231060       1       0       4
  435      1.75237101    -95.04739951   -116.61231060       0       0       5
  436      5.17606054    -22.71813186   -116.61231060       3       0      21
  437      4.62906374    -57.21105961   -116.61231060       4       0      38
  438      3.64172339    -78.70016143   -116.61231060      16       0      43
  439      6.19378548    -32.10840441   -116.61231060      13       0      83
  440      5.17005136    -67.93896950   -116.61231060      14       0      85
  441      4.98428045    -74.85887521   -116.61231060      19       0      81
  442      5.18655406    -50.29422078   -116.61231060      22       0      52
  443      3.34103407    -93.69476583   -116.61231060      19       0      28
  444      3.18387701    -93.08137488   -116.61231060      10       0      29
  445      2.36392935    -93.08137488   -116.61231060       8       0      17
  446      3.40728949    -57.45472387   -116.61231060       6       0       7
  447      1.53747597    -95.04739951   -116.61231060       5       0       3
  448      1.02387834    -93.69476583   -116.61231060       3       0       1
  449      1.01548737   -100.52383623   -116.61231060       1       0       2
  450      0.71877859   -100.52383623   -116.61231060       1       0       5
  451      0.00000000   -116.61231060   -116.61231060       1       0       1
  452      3.52025699    -59.26703495   -116.61231060       0       0      21
  453      2.81674350    -93.15880232   -116.61231060       5       0      27
  454      4.82728935    -37.30268053   -116.61231060       7       0      44
  455      4.10708632    -93.08137487   -116.61231060      13       0      75
  456      5.08222290    -69.59945928   -116.61231060      17       0      84
  457      6.80195094    -24.76946307   -116.61231060      24       0      88
  458      4.62853813    -47.42002335   -116.61231060      26       0      51
  459   3532.38813988  78949.69410162   -116.61231060      13       0      35
  460      4.15690773    -63.50295011   -116.61231060      14       0      31
  461      3.82304366    -65.62835114   -116.61231060      14       0      22
  462      1.74613068    -93.08137488   -116.61231060       7       0       7
  463      0.00000000   -116.61231060   -116.61231060       4       0       3
  464      0.96344725    -95.04739951   -116.61231060       0       0       3
  465      0.96344725    -95.04739951   -116.61231060       0       0       1
  466      2.01834849    -85.46768191   -116.61231060       1       0       7
  467      0.96344725    -95.04739951   -116.61231060       3       0       1
  468      4.51050518    -27.55406865   -116.61231060       1       0      13
  469      2.50021270    -93.69476583   -116.61231060       4       0      29
  470   6439.51960186 144020.10574555   -116.61231060       5       0      36
  471      4.18808303    -84.31722463   -116.61231060      10       0      72
  472      4.63929503    -93.08137488   -116.61231060      15       0      78
  473      6.98643638    -16.47322378   -116.61231060      26       0      83
  474      4.91820206    -78.16028378   -116.61231060      19       0      69
  475      2.14714263    -93.08137488   -116.61231060      22       0      30
  476      2.75050755    -93.08137488   -116.61231060       5       0      33
  477      3.61638771    -53.19185383   -116.61231060       8       0      28
  478      2.03108550    -84.31722462   -116.61231060       5       0      11
  479      0.71877859   -100.52383623   -116.61231060       6       0       6
  480      0.71877859   -100.52383623   -116.61231060       1       0       2
  481      0.71877859   -100.52383623   -116.61231060       0       0       2
  482      1.72025967    -85.46768191   -116.61231060       0       0       4
  483      1.72424744    -81.49936738   -116.61231060       3       0       3
  484      1.59380193    -93.08137488   -116.61231060       2       0       9
  485      2.73279695    -93.08137488   -116.61231060       1       0      28
  486      4.68137836    -50.14053666   -116.61231060       7       0      32
  487      3.74216560    -85.46768191   -116.61231060      10       0      66
  488      3.58705394    -93.08137488   -116.61231060      13       0      69
  489      4.45745823    -87.88336525   -116.61231060      17       0      90
  490      3.12905761    -93.08137488   -116.61231060      24       0      66
  491      4.12585774    -68.71487772   -116.61231060      14       0      46
  492      2.42946347    -90.16331719   -116.61231060      14       0      30
  493      1.72984620    -93.69476583   -116.61231060       6       0      28
  494      1.90627434    -93.08137488   -116.61231060       3       0      16
  495      1.59380193    -93.08137488   -116.61231060       3       0       8
  496      1.39781761    -95.04739950   -116.61231060       1       0       2
  497      0.00000000   -116.61231060   -116.61231060       3       0       3
  498      0.00000000   -116.61231060   -116.61231060       0       0       2
  499      0.00000000   -116.61231060   -116.61231060       0       0       3
  500      1.05128257    -93.08137488   -116.61231060       0       0       8
  501      3.62581394    -48.68684658   -116.61231060       1       0      24
  502      2.95786644    -93.08137488   -116.61231060       5       0      31
  503      5.00180569    -55.53743649   -116.61231060       8       0      59
  504      8.20355861    -19.75315727   -116.61231060      14       0      68
  505      4.08414849    -93.08137488   -116.61231060      23       0      82
  506      3.90113870    -93.08137488   -116.61231060      19       0      77
  507      2.99143619    -93.08137488   -116.61231060      18       0      45
  508      3.42565665    -79.78899993   -116.61231060       9       0      37
  509      2.91765561    -89.98305369   -116.61231060       8       0      32
  510      1.87059987    -93.69476583   -116.61231060       9       0      16
  511      1.97423820    -85.46768191   -116.61231060       5       0       9
  512      1.02387834    -93.69476583   -116.61231060       3       0       3
  513      1.20087372    -95.04739951   -116.61231060       1       0       4
  514      0.71877859   -100.52383623   -116.61231060       1       0       2
  515      0.00000000   -116.61231060   -116.61231060       1       0       3
  516      0.00000000   -116.61231060   -116.61231060       0       0       7
  517      3.79016621    -44.64081112   -116.61231060       0       0      20
  518      3.39694774    -59.95595316   -116.61231060       4       0      27
  519      3.48642861    -93.08137488   -116.61231060       7       0      51
  520      5.92287537    -47.85295917   -116.61231060      12       0      65
  521      5.95172509    -56.18811748   -116.61231060      18       0      83
  522      6.62857154    -39.79162974   -116.61231060      19       0      79
  523      5.36796023    -57.78238085   -116.61231060      29       0      52
  524      5.15783431    -44.82175072   -116.61231060      13       0      37
  525      3.60990443    -68.00473449   -116.61231060      23       0      35
  526      2.33153105    -85.46768190   -116.61231060       8       0      19
  527      2.05538999    -93.08137488   -116.61231060       3       0      10
  528      1.76404874    -93.69476582   -116.61231060       3       0       5
  529      1.24980793    -93.69476583   -116.61231060       4       0       3
  530      1.20087372    -95.04739951   -116.61231060       2       0       4
  531      0.00000000   -116.61231060   -116.61231060       2       0       3
  532      1.42455822    -93.08137488   -116.61231060       0       0       7
  533      1.87059987    -93.69476583   -116.61231060       2       0      15
  534      3.13625703    -93.08137488   -116.61231060       4       0      25
  535      5.21814862    -47.22617622   -116.61231060       8       0      45
  536      5.15510821    -37.36731761   -116.61231060      17       0      57
  537      4.88710075    -65.92041548   -116.61231060      16       0      80
  538      3.73026618    -87.59594864   -116.61231060      19       0      76
  539      4.56290276    -74.52799508   -116.61231060      18       0      65
  540      3.44500719    -79.70711678   -116.61231060      17       0      36
  541      5.31693556    -41.36740231   -116.61231060      13       0      40
  542      2.59939573    -93.69476583   -116.61231060      11       0      25
  543      1.20087372    -95.04739951   -116.61231060       8       0      12
  544      1.20087372    -95.04739951   -116.61231060       2       0       5
  545      1.57591915    -93.69476583   -116.61231060       1       0       4
  546      0.71877859   -100.52383623   -116.61231060       3       0       3
  547      1.39143661    -85.46768191   -116.61231060       1       0       5
  548      0.96344725    -95.04739951   -116.61231060       1       0       5
  549      1.59380193    -93.08137488   -116.61231060       1       0      12
  550      1.97095982    -95.04739951   -116.61231060       2       0      18
  551      3.05390268    -93.08137488   -116.61231060       3       0      43
  552      7.16965879    -40.25790375   -116.61231060       9       0      56
  553      6.02328612    -38.52901693   -116.61231060      21       0      72
  554      5.41221540    -51.57190976   -116.61231060      17       0      84
  555      6.21882870    -33.34613608   -116.61231060      14       0      60
  556   1189.65861254  26512.34764434   -116.61231060      23       0      45
  557      3.95770225    -59.52939499   -116.61231060      20       0      40
  558      3.77225654    -93.08137488   -116.61231060      11       0      31
  559      2.78868684    -85.46768191   -116.61231060      12       0      15
  560      1.57591915    -93.69476583   -116.61231060      10       0       5
  561      0.96344725    -95.04739951   -116.61231060       2       0       4
  562      0.71877859   -100.52383623   -116.61231060       1       0       4
  563      0.96344725    -95.04739951   -116.61231060       1       0       5
  564      0.96344725    -95.04739951   -116.61231060       1       0       5
  565      1.39143661    -85.46768191   -116.61231060       1       0      10
  566      3.57407818    -63.36743872   -116.61231060       1       0      16
  567      2.58290609    -93.08137487   -116.61231060       7       0      40
  568      4.70462798    -63.87673025   -116.61231060       7       0      45
  569      6.92265858    -30.58702592   -116.61231060      12       0      72
  570      5.42393153    -60.91252023   -116.61231060      20       0      85
  571      5.48850439    -31.22663882   -116.61231060      30       0      59
  572      4.31392552    -56.50831783   -116.61231060      20       0      43
  573      4.17212687    -81.98242163   -116.61231060      12       0      50
  574      3.60329377    -69.78774561   -116.61231060      14       0      26
  575      3.37731334    -85.46768191   -116.61231060      10       0      27
  576      1.27232429    -93.08137488   -116.61231060      13       0       7
  577      1.88282593    -85.46768191   -116.61231060       2       0       5
  578      1.72398663    -84.56910187   -116.61231060       3       0       5
  579      0.71877859   -100.52383623   -116.61231060       2       0       4
  580      0.71877859   -100.52383623   -116.61231060       1       0       5
  581      3.22077575    -52.01774992   -116.61231060       1       0      10
  582      2.61253543    -58.13573672   -116.61231060       4       0       9
  583      4.95202806    -45.77079970   -116.61231060       1       0      41
  584      3.89119039    -60.10959477   -116.61231060      10       0      40
  585      4.81046095    -44.42547061   -116.61231060       9       0      61
  586      6.95131292    -41.58142611   -116.61231060      15       0      80
  587      4.91257044    -68.23340705   -116.61231060      25       0      69
  588      3.42084552    -82.86951024   -116.61231060      17       0      48
  589      5.47396504    -15.46542950   -116.61231060      12       0      49
  590      2.88591729    -85.46768191   -116.61231060       9       0      29
  591      3.17943400    -54.44414835   -116.61231060       9       0      27
  592      1.46601765    -93.08137488   -116.61231060       5       0      16
  593      0.00000000   -116.61231060   -116.61231060       2       0       4
  594      0.00000000   -116.61231060   -116.61231060       0       0       6
  595      0.96344725    -95.04739951   -116.61231060       0       0       5
  596      0.71877859   -100.52383623   -116.61231060       1       0       5
  597      0.71877859   -100.52383623   -116.61231060       1       0       7
  598      3.94447090    -51.56029704   -116.61231060       1       0      12
  599      3.77904143    -68.63804071   -116.61231060       4       0      31
  600      2.82546995    -93.69476583   -116.61231060      10       0      41
  601      6.49470171     -1.45000465   -116.61231060       7       0      55
  602      4.17383712    -76.79352160   -116.61231060      15       0      72
  603      4.43490152    -65.06058197   -116.61231060      18       0      74
  604      5.28481704    -29.80811848   -116.61231060      16       0      57
  605      4.71074852    -49.32308043   -116.61231060      15       0      51
  606      6.37280953    -49.15553407   -116.61231060      15       0      28
  607      2.62684509    -93.69476582   -116.61231060      15       0      32
  608      1.72373858    -95.04739951   -116.61231060       8       0      18
  609      0.71877859   -100.52383623   -116.61231060       4       0       6
  610      0.00000000   -116.61231060   -116.61231060       1       0       6
  611      1.24246362   -100.52383623   -116.61231060       0       0       4
  612      1.39781761    -95.04739951   -116.61231060       1       0       5
  613      1.53747597    -95.04739951   -116.61231060       2       0       7
  614      1.78578238    -93.08137488   -116.61231060       3       0       9
  615      1.34378602    -93.69476583   -116.61231060       3       0      24
  616      3.90934222    -43.04653008   -116.61231060       2       0      40
  617      5.22495731    -27.84133718   -116.61231060       5       0      55
  618      3.97615451    -57.46494163   -116.61231060      14       0      66
  619      6.36767860    -29.97543701   -116.61231060      10       0      74
  620      5.85471468    -37.01918022   -116.61231060      20       0      59
  621      6.60682505    -38.68013582   -116.61231060      23       0      56
  622      4.25613538    -56.55384935   -116.61231060      20       0      24
  623      4.67829182    -56.40080889   -116.61231060      13       0      38
  624      4.95460930    -34.80311464   -116.61231060      13       0      25
  625      2.10032704    -93.69476583   -116.61231060      12       0       8
  626      1.39781761    -95.04739951   -116.61231060       5       0       6
  627      0.00000000   -116.61231060   -116.61231060       3       0       1
  628      2.47934192    -67.98544201   -116.61231060       0       0       7
  629      1.56959222    -95.04739951   -116.61231060       2       0       6
  630      1.63091144    -93.08137488   -116.61231060       3       0       8
  631      2.58015751    -93.08137488   -116.61231060       3       0      25
  632      2.82791553    -93.69476583   -116.61231060       6       0      37
  633      8.64391356     55.97583316   -116.61231060       7       0      46
  634      4.72904338    -63.84293199   -116.61231060      17       0      67
  635   1404.11516759  31312.73423611   -116.61231060      19       0      67
  636      4.18775203    -82.88456479   -116.61231060      23       0      56
  637      3.65390165    -93.69476583   -116.61231060      15       0      58
  638      3.88688228    -76.63063793   -116.61231060      15       0      35
  639      3.29371060    -84.25264075   -116.61231060      11       0      33
  640      2.52390719    -93.08137488   -116.61231060      10       0      27
  641      2.79951505    -90.03935051   -116.61231060       7       0      19
  642      1.90222760    -93.69476583   -116.61231060       6       0       6
  643      0.71877859   -100.52383623   -116.61231060       5       0       3
  644      0.71877859   -100.52383623   -116.61231060       0       0       4
  645      0.00000000   -116.61231060   -116.61231060       1       0       6
  646      0.00000000   -116.61231060   -116.61231060       0       0       9
  647      2.22841090    -85.46768191   -116.61231060       0       0      20
  648      4.60955618    -37.43236498   -116.61231060       5       0      34
  649      2.80743014    -93.08137488   -116.61231060       7       0      40
  650      3.87135372    -72.07958845   -116.61231060       8       0      64
  651      5.16100103    -55.54037297   -116.61231060      11       0      63
  652      6.03900753    -40.70478890   -116.61231060      17       0      62
  653      3.94395995    -93.08137488   -116.61231060      17       0      59
  654      3.90564949    -76.57088600   -116.61231060      16       0      43
  655      2.55486749    -93.08137488   -116.61231060       9       0      33
  656      2.93263324    -93.69476583   -116.61231060       6       0      29
  657      1.45957269    -93.08137488   -116.61231060      11       0      16
  658      1.46601765    -93.08137488   -116.61231060       2       0      13
  659      1.02387834    -93.69476583   -116.61231060       2       0       4
  660      1.24980793    -93.69476583   -116.61231060       1       0       5
  661      0.71877859   -100.52383623   -116.61231060       2       0       6
  662      1.59380193    -93.08137488   -116.61231060       1       0       9
  663      3.02965497    -63.91096985   -116.61231060       2       0      15
  664      2.22209172    -93.69476583   -116.61231060       6       0      29
  665      3.01621420    -93.08137488   -116.61231060       6       0      42
  666      4.10489858    -85.46768191   -116.61231060       8       0      60
  667      6.49427480    -35.06023198   -116.61231060      20       0      60
  668      5.66103588    -35.69113802   -116.61231060      22       0      58
  669      5.55556857    -58.86698516   -116.61231060      16       0      62
  670      6.16033944    -31.47446603   -116.61231060      19       0      49
  671      3.41442796    -93.08137488   -116.61231060      19       0      38
  672      2.20720534    -85.46768191   -116.61231060      11       0      25
  673      2.60987510    -93.08137488   -116.61231060       5       0      24
  674      2.83913470    -77.39527453   -116.61231060       8       0      13
  675      1.01548737   -100.52383623   -116.61231060       7       0       4
  676      0.00000000   -116.61231060   -116.61231060       2       0       4
  677      1.63669791    -83.66751520   -116.61231060       0       0       7
  678      0.71877859   -100.52383623   -116.61231060       1       0       7
  679      2.38747805    -85.46768191   -116.61231060       1       0      13
  680      2.73398725    -93.08137488   -116.61231060       6       0      28
  681      4.43171475    -39.61442984   -116.61231060       7       0      37
  682      3.89338349    -84.31722462   -116.61231060      11       0      53
  683      3.73921864    -74.98450928   -116.61231060      15       0      54
  684      3.18227457    -86.35039816   -116.61231060      12       0      67
  685      7.19077896    -20.86446120   -116.61231060       9       0      57
  686      3.24641500    -93.08137488   -116.61231060      18       0      50
  687      4.03033442    -62.83933083   -116.61231060      11       0      46
  688      5.27233140    -41.37121330   -116.61231060      15       0      33
  689      3.91337715    -49.61364168   -116.61231060       9       0      20
  690      2.71220681    -93.69476583   -116.61231060       6       0      12
  691      1.90627434    -93.08137488   -116.61231060       9       0      11
  692      0.00000000   -116.61231060   -116.61231060       4       0       5
  693      1.36115423    -95.04739951   -116.61231060       0       0       5
  694      1.96890826    -85.46768190   -116.61231060       2       0       9
  695      2.02614964    -93.08137488   -116.61231060       3       0       7
  696      4.60713120    -34.09850395   -116.61231060       3       0      25
  697      3.80508839    -67.33599055   -116.61231060       9       0      37
  698      4.97095814    -55.09304603   -116.61231060       8       0      46
  699      3.59334250    -93.08137488   -116.61231060      15       0      59
  700      4.80907190    -78.09282393   -116.61231060      13       0      68
  701      5.15497771    -31.88131077   -116.61231060      19       0      45
  702      5.45268856    -48.81726271   -116.61231060      14       0      63
  703      2.85667836    -93.08137488   -116.61231060      17       0      42
  704      3.59485051    -85.46768191   -116.61231060       7       0      37
  705      3.24499542    -85.46768191   -116.61231060      11       0      21
  706      2.06370051    -93.08137488   -116.61231060      11       0      14
  707      1.44653103    -93.69476582   -116.61231060       5       0      13
  708      1.01548737   -100.52383623   -116.61231060       2       0       9
  709      1.80398075    -79.54500232   -116.61231060       1       0       3
  710      0.00000000   -116.61231060   -116.61231060       2       0       7
  711      0.71877859   -100.52383623   -116.61231060       0       0       8
  712      2.00427736    -85.46768191   -116.61231060       1       0      19
  713      1.20087372    -95.04739951   -116.61231060       3       0      39
  714      2.52972321    -93.08137488   -116.61231060       2       0      36
  715      5.89029589    -46.13379228   -116.61231060       7       0      62
  716      4.52062924    -49.50399232   -116.61231060      13       0      62
  717      3.61090636    -83.13668127   -116.61231060      14       0      53
  718      4.68992938    -70.33292313   -116.61231060      12       0      59
  719      5.46788976    -49.82264715   -116.61231060      19       0      48
  720      4.00230777    -93.08137488   -116.61231060      17       0      37
  721      3.03063493    -93.08137488   -116.61231060      18       0      21
  722      2.06370051    -93.08137488   -116.61231060       9       0      21
  723      1.95473076    -90.39448750   -116.61231060       3       0      14
  724      4.50401521    -35.93100107   -116.61231060       3       0       9
  725      1.39781761    -95.04739951   -116.61231060       4       0       4
  726      2.21570837    -85.46768128   -116.61231060       0       0       8
  727      2.06460193    -93.69476583   -116.61231060       4       0       7
  728      2.88975561    -78.16309978   -116.61231060       4       0      17
  729      3.10805344    -84.84226792   -116.61231060       7       0      40
  730      4.29234535    -41.34100199   -116.61231060      11       0      30
  731      5.36777596    -38.21256115   -116.61231060       7       0      56
  732      4.65332520    -56.68270524   -116.61231060      11       0      64
  733      3.55791532    -93.08137486   -116.61231060      18       0      51
  734      3.23670930    -84.31722463   -116.61231060      13       0      53
  735      4.18801394    -52.25599862   -116.61231060      10       0      51
  736      4.42241327    -39.59600677   -116.61231060      11       0      36
  737      2.33996014    -93.69476583   -116.61231060      10       0      32
  738      2.91872620    -78.42264213   -116.61231060       4       0      24
  739      1.69792522    -97.03288756   -116.61231060       7       0      15
  740      1.88738707    -85.46768191   -116.61231060       4       0       8
  741      2.56551657    -85.46768191   -116.61231060       2       0       7
  742      4.10238899    -36.23328744   -116.61231060       6       0       7
  743      4.02197713    -41.35873486   -116.61231060       6       0       5
  744      1.97670768    -93.69476583   -116.61231060       4       0      15
  745      2.32012013    -93.08137488   -116.61231060       5       0      34
  746      3.57374072    -63.25159982   -116.61231060       6       0      36
  747      3.66396535    -71.95652775   -116.61231060       8       0      49
  748      5.10372863    -71.00924114   -116.61231060      11       0      59
  749      3.86391288    -74.63830334   -116.61231060      20       0      55
  750      4.75688989    -61.55774603   -116.61231060      12       0      59
  751      3.02070037    -93.08137488   -116.61231060      13       0      48
  752      4.73758971    -33.24722753   -116.61231060      12       0      37
  753      6.32914215    -26.17150586   -116.61231060      10       0      36
  754      3.27567057    -84.31722462   -116.61231060      11       0      25
  755      2.78176735    -93.08137488   -116.61231060      10       0      16
  756      1.78001848    -93.08137487   -116.61231060       9       0      10
  757      1.23578184    -94.07961070   -116.61231060       3       0       3
  758      1.45957269    -93.08137487   -116.61231060       2       0       7
  759      1.27232429    -93.08137488   -116.61231060       3       0       7
  760      5.79933735    -28.89664803   -116.61231060       1       0      15
  761      5.99218076    -21.15229441   -116.61231060       7       0      31
  762      3.08759758    -67.19785534   -116.61231060       9       0      35
  763      3.47997472    -64.30626584   -116.61231060       7       0      45
  764      3.94911152    -73.64704863   -116.61231060      10       0      49
  765      5.70638576    -63.61344652   -116.61231060       9       0      66
  766      4.54866978    -66.01158307   -116.61231060      25       0      55
  767      5.42851829    -40.70424061   -116.61231060      17       0      54
  768      3.95210147    -51.53947624   -116.61231060      11       0      38
  769      4.43296074    -63.72013545   -116.61231060       5       0      29
  770      2.90321432    -93.08137488   -116.61231060      13       0      31
  771      1.88564827    -93.08137488   -116.61231060       9       0      18
  772      2.45846136    -66.53778657   -116.61231060       5       0      14
  773      0.00000000   -116.61231060   -116.61231060       2       0       5
  774      0.00000000   -116.61231060   -116.61231060       0       0       5
  775      1.74224797    -85.46768191   -116.61231060       0       0       8
  776      3.76097213    -35.73863521   -116.61231060       2       0      11
  777      3.30309837    -85.46768191   -116.61231060       2       0      28
  778      4.77996276    -46.79677755   -116.61231060       7       0      37
  779      3.18518535    -93.08137488   -116.61231060      13       0      42
  780      4.27595912    -60.06909146   -116.61231060      11       0      48
  781      3.39759113    -84.31722462   -116.61231060      17       0      50
  782      5.84377208    -30.59239821   -116.61231060      12       0      65
  783      3.74125685    -93.08137488   -116.61231060      14       0      64
  784      3.45368915    -85.46768191   -116.61231060      16       0      37
  785      2.40603449    -93.08137488   -116.61231060      11       0      25
  786      2.54029515    -92.51524188   -116.61231060       5       0      34
  787      2.02067612    -93.08137488   -116.61231060       7       0      24
  788      4.30239269    -31.24043353   -116.61231060       4       0      15
  789      3.68324064    -35.72287224   -116.61231060       4       0       7
  790      1.44001463    -93.69476583   -116.61231060       1       0       5
  791      0.71877859   -100.52383623   -116.61231060       2       0       6
  792      3.98041900    -38.05033786   -116.61231060       1       0      11
  793      2.81400232    -82.14395178   -116.61231060       5       0      21
  794      3.51440922    -70.25419938   -116.61231060       8       0      33
  795      3.50584789    -85.46768191   -116.61231060       9       0      42
  796      5.22120896    -43.09375466   -116.61231060      10       0      47
  797      3.44614434    -93.69476583   -116.61231060      15       0      52
  798      3.51273413    -88.97149886   -116.61231060      11       0      63
  799      3.76031785    -85.46768191   -116.61231060      12       0      61
  800      3.07216544    -78.69591633   -116.61231060      13       0      43
  801      2.74524823    -93.08137488   -116.61231060      10       0      31
  802      3.94205138    -80.73163432   -116.61231060       7       0      33
  803      7.17367631     -1.36348446   -116.61231060      12       0      26
  804      2.33211114    -93.69476583   -116.61231060      12       0      15
  805      3.74100769    -48.26140910   -116.61231060       6       0      10
  806      2.10032704    -93.69476583   -116.61231060       4       0       4
  807      1.69494931    -95.04739951   -116.61231060       4       0       8
  808      3.68408281    -36.97770534   -116.61231060       4       0       6
  809      4.17653734    -39.99293498   -116.61231060       2       0      17
  810      4.46046852    -46.37133586   -116.61231060       8       0      33
  811      3.44731948    -60.41563499   -116.61231060       9       0      38
  812      4.56868561    -57.12957951   -116.61231060       4       0      45
  813      4.67210604    -65.27941217   -116.61231060      15       0      54
  814      3.65644850    -75.89281686   -116.61231060      18       0      67
  815      5.59268062    -23.06889953   -116.61231060      12       0      56
  816      7.02861256    -28.31809818   -116.61231060      10       0      51
  817      2.70746211    -93.69476583   -116.61231060      22       0      28
  818      1.60723169    -93.69476583   -116.61231060       9       0      27
  819      4.33794937    -44.12123827   -116.61231060       3       0      32
  820      4.11648159    -43.54413092   -116.61231060       9       0      19
  821      2.21659725    -93.69476583   -116.61231060       6       0      10
  822      0.00000000   -116.61231060   -116.61231060       7       0       5
  823      1.02387834    -93.69476583   -116.61231060       0       0      10
  824      0.71877859   -100.52383623   -116.61231060       1       0       6
  825      1.02387834    -93.69476583   -116.61231060       1       0      10
  826      4.51659760    -53.74069830   -116.61231060       1       0      34
  827      4.56821407    -37.83777289   -116.61231060       9       0      39
  828      2.44825463    -93.08137488   -116.61231060       8       0      39
  829      4.32548887    -45.76731351   -116.61231060       6       0      50
  830      3.89855630    -93.08137488   -116.61231060      11       0      71
  831      4.64224806    -46.22097392   -116.61231060      18       0      56
  832      5.44652772    -57.61080326   -116.61231060      10       0      42
  833      2.97647779    -93.08137488   -116.61231060      18       0      44
  834      5.86294699    -36.01990640   -116.61231060      10       0      30
  835      2.66421523    -93.08137488   -116.61231060      15       0      26
  836      1.89120673    -83.83475589   -116.61231060       8       0      20
  837      2.62156712    -85.46768191   -116.61231060       3       0      14
  838      2.22514597    -85.46768191   -116.61231060       3       0       9
  839      3.28776928    -46.20929781   -116.61231060       4       0       9
  840      1.20087372    -95.04739951   -116.61231060       2       0       6
  841      1.40449412    -93.69476583   -116.61231060       2       0      10
  842      2.85962692    -82.67618214   -116.61231060       2       0      26
  843      3.47352301    -77.40646225   -116.61231060       5       0      39
  844      3.59629790    -84.31722463   -116.61231060      11       0      41
  845      5.49904943    -55.38131997   -116.61231060      12       0      47
  846      5.86337135    -47.78605793   -116.61231060      12       0      62
  847      4.66768891    -85.46768191   -116.61231060      19       0      64
  848      2.89297631    -93.69476583   -116.61231060      23       0      38
  849      3.39357100    -85.46768191   -116.61231060      11       0      46
  850      3.78041700    -66.42498188   -116.61231060      10       0      31
  851      5.04713077    -41.03915053   -116.61231060      10       0      30
  852      3.13651813    -79.04853087   -116.61231060      11       0      25
  853      3.31180624    -55.73703836   -116.61231060       9       0      13
  854      1.34204052    -93.69476582   -116.61231060       5       0      10
  855      1.68571321    -93.69476583   -116.61231060       1       0      10
  856      0.71877859   -100.52383623   -116.61231060       3       0       6
  857      1.38197505    -95.56677020   -116.61231060       0       0      10
  858      2.97224013    -62.62029017   -116.61231060       3       0      22
  859      3.97713455    -66.22884872   -116.61231060       4       0      34
  860      5.38445534    -20.88091797   -116.61231060      10       0      37
  861      5.74122342    -45.07796116   -116.61231060       9       0      50
  862      6.66111304    -34.55899392   -116.61231060      21       0      54
  863      5.52303176    -72.58505582   -116.61231060      18       0      64
  864      4.05250696    -85.46768191   -116.61231060      25       0      49
  865     41.06159259    797.74389655   -116.61231060      13       0      42
  866      3.09094081    -92.81164606   -116.61231060      15       0      34
  867      2.97665209    -88.08273232   -116.61231060      12       0      31
  868      2.63122667    -93.08137488   -116.61231060       9       0      25
  869      2.44208297    -84.31722463   -116.61231060       8       0      17
  870      1.95979575    -93.69476583   -116.61231060       5       0      14
  871      1.70092923    -93.69476583   -116.61231060       2       0       9
  872      1.98137808    -86.98761124   -116.61231060       3       0       7
  873      1.89245793    -85.46768191   -116.61231060       3       0       9
  874      2.51373040    -91.63059777   -116.61231060       3       0      19
  875      3.07948282    -85.46768191   -116.61231060       6       0      28
  876      3.31634289    -85.46768191   -116.61231060      10       0      39
  877      3.60464190    -85.46768191   -116.61231060       8       0      40
  878      5.27450068    -55.17167457   -116.61231060      14       0      51
  879      3.58954840    -93.08137488   -116.61231060      14       0      59
  880      6.22002617    -35.91333785   -116.61231060      15       0      62
  881      4.59704838    -46.88525860   -116.61231060      14       0      46
  882      3.42243241    -85.46768191   -116.61231060      12       0      33
  883      3.92510205    -48.83319188   -116.61231060      12       0      32
  884      3.52910071    -85.46768191   -116.61231060       7       0      29
  885      3.57614244    -93.08137488   -116.61231060      10       0      17
  886      2.22601301    -93.08137488   -116.61231060      13       0      17
  887      2.79124340    -63.08814165   -116.61231060       5       0      11
  888      1.02387834    -93.69476583   -116.61231060       2       0       4
  889      1.53747597    -95.04739951   -116.61231060       1       0      10
  890      1.37779348    -93.69476583   -116.61231060       3       0      15
  891      2.47118103    -85.46768191   -116.61231060       2       0      27
  892      5.06684546    -32.70292410   -116.61231060       5       0      34
  893      3.67702972    -77.08063980   -116.61231060      12       0      43
  894      4.19193583    -62.52231220   -116.61231060       8       0      47
  895      4.94499634    -55.03657682   -116.61231060      11       0      58
  896      5.72660846    -34.11708291   -116.61231060      17       0      62
  897      3.48277346    -93.08137488   -116.61231060      19       0      48
  898      3.34970044    -85.46768191   -116.61231060      16       0      34
  899      4.17761773    -51.56055233   -116.61231060      12       0      37
  900      3.33582794    -93.08137488   -116.61231060       9       0      25
  901      1.83629080    -93.08137488   -116.61231060      10       0      17
  902      3.91468692    -58.88676908   -116.61231060       4       0      25
  903      2.78364356    -85.90113084   -116.61231060       8       0      11
  904      0.71877859   -100.52383623   -116.61231060       7       0       6
  905      0.00000000   -116.61231060   -116.61231060       1       0       9
  906      2.06370051    -93.08137488   -116.61231060       0       0      15
  907      2.00096206    -93.69476583   -116.61231060       4       0      23
  908      4.73712956    -34.46828998   -116.61231060       6       0      28
  909      5.38343465    -25.94172880   -116.61231060       8       0      43
  910      3.15494890    -93.08137488   -116.61231060      12       0      51
  911      4.15349098    -47.16831209   -116.61231060      11       0      48
  912      4.01589103    -64.20395569   -116.61231060      11       0      61
  913      5.85638236    -22.23663809   -116.61231060      11       0      53
  914      3.55328463    -85.46768191   -116.61231060      14       0      37
  915      4.11827442    -61.74476784   -116.61231060      11       0      38
  916      3.92293280    -58.79622503   -116.61231060      12       0      23
  917      4.42703401    -63.68191046   -116.61231060       9       0      28
  918      2.45358555    -93.08137488   -116.61231060       9       0      16
  919      2.43648141    -84.31722463   -116.61231060       5       0      15
  920      1.39781761    -95.04739951   -116.61231060       4       0      12
  921      1.56959222    -95.04739951   -116.61231060       2       0       9
  922      2.05665461    -70.57805822   -116.61231060       4       0      10
  923      4.28459027    -61.06194139   -116.61231060       1       0      23
  924      2.87391813    -76.53042901   -116.61231060       9       0      24
  925      3.24759826    -84.31722462   -116.61231060       7       0      39
  926      2.90754830    -83.31632718   -116.61231060      12       0      53
  927      2.86629021    -93.69476583   -116.61231060       9       0      50
  928      4.16075233    -84.31722462   -116.61231060       6       0      58
  929      4.28267266    -43.67991852   -116.61231060      19       0      46
  930      4.57614613    -54.69406172   -116.61231060      10       0      48
  931      3.90761480    -59.36315017   -116.61231060      11       0      35
  932      1.87059987    -93.69476583   -116.61231060       9       0      24
  933      2.72574936    -85.46768191   -116.61231060       4       0      30
  934      2.48114446    -83.35799408   -116.61231060       7       0      19
  935      3.15394674    -66.02063959   -116.61231060       5       0      17
  936      2.24732307    -93.08137488   -116.61231060       6       0      13
  937      1.05128257    -93.08137488   -116.61231060       5       0       8
  938      1.75197748    -93.08137488   -116.61231060       1       0      12
  939      2.15334795    -85.46768191   -116.61231060       3       0      14
  940      3.04345103    -69.94296789   -116.61231060       4       0      26
  941      3.68409518    -84.31722463   -116.61231060       7       0      37
  942      4.19769608    -80.56944904   -116.61231060      10       0      52
  943      3.99349327    -85.46768191   -116.61231060      16       0      52
  944      6.23185154    -45.07692920   -116.61231060      13       0      50
  945      4.47724648    -42.92981245   -116.61231060      20       0      53
  946      3.44364069    -84.31722463   -116.61231060      12       0      48
  947      3.53948395    -93.08137488   -116.61231060      10       0      36
  948      2.60567221    -85.46768191   -116.61231060      14       0      30
  949      3.94501296    -84.31722462   -116.61231060       8       0      26
  950      2.79820835    -87.35218329   -116.61231060      13       0      21
  951      2.01214932    -93.69476583   -116.61231060       6       0      16
  952      2.23893187    -84.82218292   -116.61231060       2       0      14
  953      3.69247145    -56.87930991   -116.61231060       4       0      13
  954      1.24246362   -100.52383623   -116.61231060       5       0       9
  955      4.28369645    -30.41353403   -116.61231060       3       0      13
  956      2.70574129    -93.08137488   -116.61231060       4       0      23
  957      4.17345414    -39.46976833   -116.61231060       8       0      31
  958      3.34233567    -93.69476583   -116.61231060       6       0      49
  959    142.68521463   3075.49202151   -116.61231060      13       0      54
  960      3.92299516    -93.69476583   -116.61231060      17       0      45
  961      4.26872350    -84.31722463   -116.61231060      18       0      63
  962      4.01075911    -71.17366049   -116.61231060      20       0      43
  963      3.47011136    -85.46768191   -116.61231060      17       0      37
  964      3.24021752    -85.46768191   -116.61231060      11       0      37
  965      3.29512340    -93.08137487   -116.61231060      10       0      20
  966      2.14269333    -87.95183697   -116.61231060      14       0      25
  967      2.14170011    -93.08137488   -116.61231060       5       0      22
  968      3.64640552    -65.77835292   -116.61231060       4       0      14
  969      2.45841292    -85.57348376   -116.61231060       6       0       9
  970      1.60723169    -93.69476583   -116.61231060       6       0      13
  971      1.27232429    -93.08137488   -116.61231060       4       0      10
  972      2.26121426    -93.08137488   -116.61231060       2       0      21
  973      3.14161312    -84.31722463   -116.61231060       3       0      32
  974      5.04994593    -50.65411237   -116.61231060       9       0      39
  975      3.58863231    -85.46768191   -116.61231060      12       0      51
  976      4.26515854    -79.59005100   -116.61231060      11       0      48
  977      3.62992846    -93.08137488   -116.61231060      16       0      60
  978      4.40688118    -46.96063277   -116.61231060      16       0      47
  979      4.53475636    -52.92807118   -116.61231060       9       0      39
  980      2.98732663    -93.08137488   -116.61231060      14       0      41
  981      1.91702601    -93.08137488   -116.61231060      10       0      15
  982      1.91702601    -93.08137488   -116.61231060       5       0      34
  983      2.95377605    -93.08137488   -116.61231060       4       0      22
  984      2.71437792    -85.46768191   -116.61231060       8       0      14
  985      0.00000000   -116.61231060   -116.61231060       7       0       9
  986      1.76404874    -93.69476583   -116.61231060       0       0      14
  987      0.96344725    -95.04739951   -116.61231060       4       0      12
  988      1.27232429    -93.08137488   -116.61231060       1       0      17
  989      2.24871305    -93.69476583   -116.61231060       2       0      30
  990      5.62853177    -44.54575469   -116.61231060       4       0      33
  991      5.55848541    -37.71297117   -116.61231060      10       0      54
  992      3.46088702    -83.19548614   -116.61231060      12       0      45
  993      4.74564610    -84.31722462   -116.61231060      11       0      59
  994      4.20766267    -93.08137487   -116.61231060      23       0      53
  995      3.61801551    -55.61727348   -116.61231060      22       0      35
  996      6.07123358    -32.66801185   -116.61231060       7       0      43
  997      3.00519548    -84.31722462   -116.61231060      16       0      22
  998      4.37477507    -47.08017880   -116.61231060       8       0      33
  999      4.75259095    -42.60841265   -116.61231060      11       0      17
 1000      2.41225948    -85.46768191   -116.61231060       6       0      20
----------------------------------------------------------------------------------
Artificial Bee Colony Optimization Finished!

 -- Results Report --
 * 100 LMs will be saved in [ 4_waters-LM ].
      #          Energy
      0   -116.61231060
      1   -114.90376532
      2   -114.70581806
      3   -114.67187452
      4   -105.66540903
      5   -105.04217737
      6   -104.32910671
      7   -103.79270273
      8   -103.30357081
      9   -103.24645535
     10   -102.95989738
     11   -101.90578082
     12   -101.84926200
     13   -101.82602379
     14   -101.73779631
     15   -101.67324221
     16   -101.66070999
     17   -101.37896519
     18   -101.24554082
     19   -101.06264114
     20   -100.84840826
     21   -100.60033205
     22   -100.52964555
     23   -100.52629445
     24   -100.52383623
     25   -100.51675002
     26   -100.22464170
     27   -100.20321748
     28   -100.15249761
     29   -100.11764864
     30   -100.04690414
     31    -99.81473825
     32    -99.73640623
     33    -99.49702274
     34    -99.48322183
     35    -99.40557552
     36    -99.39843060
     37    -99.21250632
     38    -99.20766738
     39    -99.13852223
     40    -99.09937335
     41    -99.04141193
     42    -98.96506329
     43    -98.87757746
     44    -98.83063260
     45    -98.58987390
     46    -98.47583191
     47    -98.47150498
     48    -98.37464468
     49    -98.36641828
     50    -98.23714952
     51    -98.21046991
     52    -98.20719038
     53    -98.18697163
     54    -98.02322519
     55    -97.97426239
     56    -97.96955271
     57    -97.96457176
     58    -97.93567462
     59    -97.89487245
     60    -97.85255091
     61    -97.75991748
     62    -97.71329663
     63    -97.70631525
     64    -97.68842995
     65    -97.65247755
     66    -97.57227592
     67    -97.51069091
     68    -97.43189071
     69    -97.42352531
     70    -97.41424266
     71    -97.40468731
     72    -97.38998449
     73    -97.37815533
     74    -97.28793810
     75    -97.27124668
     76    -97.23987381
     77    -97.20057861
     78    -97.14656628
     79    -97.09415419
     80    -97.08618694
     81    -97.07463234
     82    -97.04593446
     83    -97.03397523
     84    -97.03288756
     85    -97.03280569
     86    -97.00651665
     87    -96.98999655
     88    -96.94625180
     89    -96.94589617
     90    -96.93408089
     91    -96.91261563
     92    -96.90210677
     93    -96.85853238
     94    -96.79586375
     95    -96.73638878
     96    -96.73349661
     97    -96.72910360
     98    -96.71519288
     99    -96.70712636

 * Final Global Minimal Energy:   -116.61231060
 * The Global Minimum is saved as: [ 4_waters-OPT.(cluster/xyz/gjf) ]

===== (^ _ ^) =====
Normal termination at Mon Sep 17 21:09:44 2018.
Total run time: 2051 seconds = 0 days 0 hours 34 minutes 11 seconds.
