    * * * * * * * * * * * * * * * * * * * * *
    *       __    ____    ______            *
    *      /  \  |  _ \  |  ___/  luster !  *
     *    / _  \ | |_| | | |               *
     *   / /_\ | |  _ <  | |     < @  @ >  * 
     *  / ___  | | |_| | | |___ _ _  o     * 
    *  /_/   |_| |____/  |_____ _ __ __  _  *
    *                                       *
    * * * * * * * * * * * * * * * * * * * * *

ABCluster 1.5.1
Specific flag:  official version
Platform:       LINUX/UNIX
Compiled by:    junzhang@gellmann.scs.illinois.edu
Compiling date: Dec 18 2017 20:33:35
C++ compiler:   g++
C++ options:    -O3 -Os -fno-exceptions --std=c++0x -fopenmp 

Contributors:
Jun Zhang(University of Cologne): Design and coding.

For any suggestions, comments, and questions on the theory and
implementation of ABCluster, please feel free to contact:

Dr. Jun Zhang, ZhangJunQcc@gmail.com

If you used this program in your work, please cite this reference:

[1] Zhang, J.; Dolg, M.; ABCluster: The Artificial Bee Colony Algorithm for
    Cluster Global Optimization. Phys. Chem. Chem. Phys. 2015, 17, 24173-24181.
[2] Zhang, J.; Dolg, M.; Global Optimization of Clusters of Rigid Molecules by the
    Artificial Bee Colony Algorithm. Phys. Chem. Chem. Phys. 2016, 18, 3003-3010.

Program starts at Fri Sep 14 15:08:18 2018.
Command line: " /ihome/jkeith/yab16/ABC/ABCluster-Linux/lib/rigidmol-optimizer k_1_waters.inp "
Process ID:   233444
Run by:       yab16@smp-n42.crc.pitt.edu
Available CPU cores:    24
Read "OMP_NUM_THREADS": Unset

Random number testing (integers): 1970060898...99287897
Random number testing (fractals): 0.42325089...0.07826639

 -- Input/Output Parameters --
Input file name:      k_1_waters.inp
Cluster file name:    input.cluster
Result file name:     k_1_waters.(cluster/xyz/gjf)
Temporary file name:  abclusteryab16smp-n42.crc.pitt.edu233444-OPT
# of saved LMs:       100
LMs are stored in:    k_1_waters-LM

 -- ABC Control Parameters --
Population size:                  500
Maximal generation:              1000
Scout limit:                       15
Amplitude:                 5.00000000

 -- Cluster Components: from [ input.cluster ] --
 -----------------------------------------------------------
   Source                                       #   Charge
 -----------------------------------------------------------
   /ihome/jkeith/yab16/ABC/ABCluster-Linux-0/rigidmolecularcluster/charmm36/tip4p.xyz     1    0.000
   /ihome/jkeith/yab16/ABC/ABCluster-Linux-0/rigidmolecularcluster/charmm36/k.xyz     1    1.000
 -----------------------------------------------------------
   Dimension: 0, an isolate cluster.
 -----------------------------------------------------------

Artificial Bee Colony Optimization Starts!
----------------------------------------------------------------------------------
 * Population: 500; Maximal cycles: 1000
 * EM = Employed Bee; Trigonometric mutation
 * OL = Onlooker Bee; ABC/best/2(0.5)+ABC/current/2(0.5);
        Tournament selection from 5 nectars.
 * SC = Scout Bee; Random nectar; Limit = 15
----------------------------------------------------------------------------------
    #       Diversity            maxE            minE    byEM    byOL    bySC
----------------------------------------------------------------------------------
    1      0.00000000    -71.36735700    -71.36735700      15       0       0
    2      0.00000000    -71.36735700    -71.36735700       0       0       0
    3      0.00000000    -71.36735700    -71.36735700       0       0       0
    4      0.00000000    -71.36735700    -71.36735700       0       0       0
    5      0.00000000    -71.36735700    -71.36735700       0       0       0
    6      0.00000000    -71.36735700    -71.36735700       0       0       0
    7      0.00000000    -71.36735700    -71.36735700       0       0       0
    8      0.00000000    -71.36735700    -71.36735700       0       0       0
    9      0.00000000    -71.36735700    -71.36735700       0       0       0
   10      0.00000000    -71.36735700    -71.36735700       0       0       0
   11      0.00000000    -71.36735700    -71.36735700       0       0       0
   12      0.00000000    -71.36735700    -71.36735700       0       0       0
   13      0.00000000    -71.36735700    -71.36735700       0       0       0
   14      0.00000000    -71.36735700    -71.36735700       0       0       0
   15      0.00000000    -71.36735700    -71.36735700       0       0       0
   16      0.00000000    -71.36735700    -71.36735700       0       0       0
   17      3.92184375    -15.92642320    -71.36735700       0       0     485
   18      0.00000000    -71.36735700    -71.36735700      14       0      15
   19      0.00000000    -71.36735700    -71.36735700       0       0       0
   20      0.00000000    -71.36735700    -71.36735700       0       0       0
   21      0.00000000    -71.36735700    -71.36735700       0       0       0
   22      0.00000000    -71.36735700    -71.36735700       0       0       0
   23      0.00000000    -71.36735700    -71.36735700       0       0       0
   24      0.00000000    -71.36735700    -71.36735700       0       0       0
   25      0.00000000    -71.36735700    -71.36735700       0       0       0
   26      0.00000000    -71.36735700    -71.36735700       0       0       0
   27      0.00000000    -71.36735700    -71.36735700       0       0       0
   28      0.00000000    -71.36735700    -71.36735700       0       0       0
   29      0.00000000    -71.36735700    -71.36735700       0       0       0
   30      0.00000000    -71.36735700    -71.36735700       0       0       0
   31      0.00000000    -71.36735700    -71.36735700       0       0       0
   32      0.00000000    -71.36735700    -71.36735700       0       0       0
   33      6.34391657     -6.50443788    -71.36735700       0       0     471
   34      2.58468815    -13.78800750    -71.36735700      17       0      29
   35      0.00000000    -71.36735700    -71.36735700       2       0       0
   36      0.00000000    -71.36735700    -71.36735700       0       0       0
   37      0.00000000    -71.36735700    -71.36735700       0       0       0
   38      0.00000000    -71.36735700    -71.36735700       0       0       0
   39      0.00000000    -71.36735700    -71.36735700       0       0       0
   40      0.00000000    -71.36735700    -71.36735700       0       0       0
   41      0.00000000    -71.36735700    -71.36735700       0       0       0
   42      0.00000000    -71.36735700    -71.36735700       0       0       0
   43      0.00000000    -71.36735700    -71.36735700       0       0       0
   44      0.00000000    -71.36735700    -71.36735700       0       0       0
   45      0.00000000    -71.36735700    -71.36735700       0       0       0
   46      0.00000000    -71.36735700    -71.36735700       0       0       0
   47      0.00000000    -71.36735700    -71.36735700       0       0       0
   48      0.00000000    -71.36735700    -71.36735700       0       0       0
   49      4.43545402    -21.49419086    -71.36735700       0       0     454
   50      0.00000000    -71.36735700    -71.36735700      14       0      44
   51      0.00000000    -71.36735700    -71.36735700       0       0       2
   52      0.00000000    -71.36735700    -71.36735700       0       0       0
   53      0.00000000    -71.36735700    -71.36735700       0       0       0
   54      0.00000000    -71.36735700    -71.36735700       0       0       0
   55      0.00000000    -71.36735700    -71.36735700       0       0       0
   56      0.00000000    -71.36735700    -71.36735700       0       0       0
   57      0.00000000    -71.36735700    -71.36735700       0       0       0
   58      0.00000000    -71.36735700    -71.36735700       0       0       0
   59      0.00000000    -71.36735700    -71.36735700       0       0       0
   60      0.00000000    -71.36735700    -71.36735700       0       0       0
   61      0.00000000    -71.36735700    -71.36735700       0       0       0
   62      0.00000000    -71.36735700    -71.36735700       0       0       0
   63      0.00000000    -71.36735700    -71.36735700       0       0       0
   64      0.00000000    -71.36735700    -71.36735700       0       0       0
   65      3.81148243    -22.43171077    -71.36735700       0       0     440
   66      0.39901203    -62.43624111    -71.36735700       7       0      58
   67      0.00000000    -71.36735700    -71.36735700       1       0       2
   68      0.00000000    -71.36735700    -71.36735700       0       0       0
   69      0.00000000    -71.36735700    -71.36735700       0       0       0
   70      0.00000000    -71.36735700    -71.36735700       0       0       0
   71      0.00000000    -71.36735700    -71.36735700       0       0       0
   72      0.00000000    -71.36735700    -71.36735700       0       0       0
   73      0.00000000    -71.36735700    -71.36735700       0       0       0
   74      0.00000000    -71.36735700    -71.36735700       0       0       0
   75      0.00000000    -71.36735700    -71.36735700       0       0       0
   76      0.00000000    -71.36735700    -71.36735700       0       0       0
   77      0.00000000    -71.36735700    -71.36735700       0       0       0
   78      0.00000000    -71.36735700    -71.36735700       0       0       0
   79      0.00000000    -71.36735700    -71.36735700       0       0       0
   80      0.00000000    -71.36735700    -71.36735700       0       0       0
   81      2.77408145    -27.28004951    -71.36735700       0       0     433
   82      0.73265567    -58.29460664    -71.36735700       7       0      64
   83      0.44352288    -61.43995163    -71.36735700       1       0       3
   84      0.00000000    -71.36735700    -71.36735700       1       0       0
   85      0.00000000    -71.36735700    -71.36735700       0       0       0
   86      0.00000000    -71.36735700    -71.36735700       0       0       0
   87      0.00000000    -71.36735700    -71.36735700       0       0       0
   88      0.00000000    -71.36735700    -71.36735700       0       0       0
   89      0.00000000    -71.36735700    -71.36735700       0       0       0
   90      0.00000000    -71.36735700    -71.36735700       0       0       0
   91      0.00000000    -71.36735700    -71.36735700       0       0       0
   92      0.00000000    -71.36735700    -71.36735700       0       0       0
   93      0.00000000    -71.36735700    -71.36735700       0       0       0
   94      0.00000000    -71.36735700    -71.36735700       0       0       0
   95      0.00000000    -71.36735700    -71.36735700       0       0       0
   96      0.00000000    -71.36735700    -71.36735700       0       0       0
   97      5.00149186    -15.49669190    -71.36735700       0       0     426
   98      1.24212368    -46.04116679    -71.36735700      15       0      69
   99      1.37065042    -40.68798724    -71.36735700       3       0       5
  100      0.00000000    -71.36735700    -71.36735700       1       0       0
  101      0.00000000    -71.36735700    -71.36735700       0       0       0
  102      0.00000000    -71.36735700    -71.36735700       0       0       0
  103      0.00000000    -71.36735700    -71.36735700       0       0       0
  104      0.00000000    -71.36735700    -71.36735700       0       0       0
  105      0.00000000    -71.36735700    -71.36735700       0       0       0
  106      0.00000000    -71.36735700    -71.36735700       0       0       0
  107      0.00000000    -71.36735700    -71.36735700       0       0       0
  108      0.00000000    -71.36735700    -71.36735700       0       0       0
  109      0.00000000    -71.36735700    -71.36735700       0       0       0
  110      0.00000000    -71.36735700    -71.36735700       0       0       0
  111      0.00000000    -71.36735700    -71.36735700       0       0       0
  112      0.00000000    -71.36735700    -71.36735700       0       0       0
  113      2.90141035    -25.45913382    -71.36735700       0       0     411
  114      0.00000000    -71.36735700    -71.36735700       6       0      81
  115      0.00000000    -71.36735700    -71.36735700       0       0       7
  116      0.00000000    -71.36735700    -71.36735700       0       0       1
  117      0.00000000    -71.36735700    -71.36735700       0       0       0
  118      0.00000000    -71.36735700    -71.36735700       0       0       0
  119      0.00000000    -71.36735700    -71.36735700       0       0       0
  120      0.00000000    -71.36735700    -71.36735700       0       0       0
  121      0.00000000    -71.36735700    -71.36735700       0       0       0
  122      0.00000000    -71.36735700    -71.36735700       0       0       0
  123      0.00000000    -71.36735700    -71.36735700       0       0       0
  124      0.00000000    -71.36735700    -71.36735700       0       0       0
  125      0.00000000    -71.36735700    -71.36735700       0       0       0
  126      0.00000000    -71.36735700    -71.36735700       0       0       0
  127      0.00000000    -71.36735700    -71.36735700       0       0       0
  128      0.00000000    -71.36735700    -71.36735700       0       0       0
  129      4.54783043    -20.95588684    -71.36735700       0       0     405
  130      1.84974196    -31.45531083    -71.36735700      12       0      87
  131      0.40559326    -62.28893310    -71.36735700       3       0       7
  132      0.00000000    -71.36735700    -71.36735700       1       0       1
  133      0.00000000    -71.36735700    -71.36735700       0       0       0
  134      0.00000000    -71.36735700    -71.36735700       0       0       0
  135      0.00000000    -71.36735700    -71.36735700       0       0       0
  136      0.00000000    -71.36735700    -71.36735700       0       0       0
  137      0.00000000    -71.36735700    -71.36735700       0       0       0
  138      0.00000000    -71.36735700    -71.36735700       0       0       0
  139      0.00000000    -71.36735700    -71.36735700       0       0       0
  140      0.00000000    -71.36735700    -71.36735700       0       0       0
  141      0.00000000    -71.36735700    -71.36735700       0       0       0
  142      0.00000000    -71.36735700    -71.36735700       0       0       0
  143      0.00000000    -71.36735700    -71.36735700       0       0       0
  144      0.00000000    -71.36735700    -71.36735700       0       0       0
  145      4.01455438     -8.29036487    -71.36735700       0       0     393
  146      2.45405725    -21.29584317    -71.36735700       9       0      96
  147      1.03704311    -48.15514423    -71.36735700       3       0       9
  148      0.00000000    -71.36735700    -71.36735700       1       0       2
  149      0.00000000    -71.36735700    -71.36735700       0       0       0
  150      0.00000000    -71.36735700    -71.36735700       0       0       0
  151      0.00000000    -71.36735700    -71.36735700       0       0       0
  152      0.00000000    -71.36735700    -71.36735700       0       0       0
  153      0.00000000    -71.36735700    -71.36735700       0       0       0
  154      0.00000000    -71.36735700    -71.36735700       0       0       0
  155      0.00000000    -71.36735700    -71.36735700       0       0       0
  156      0.00000000    -71.36735700    -71.36735700       0       0       0
  157      0.00000000    -71.36735700    -71.36735700       0       0       0
  158      0.00000000    -71.36735700    -71.36735700       0       0       0
  159      0.00000000    -71.36735700    -71.36735700       0       0       0
  160      0.00000000    -71.36735700    -71.36735700       0       0       0
  161      4.65899765    -15.83929926    -71.36735700       0       0     384
  162      2.84875959    -34.79303174    -71.36735700       9       0     102
  163      0.00000000    -71.36735700    -71.36735700       6       0      11
  164      0.00000000    -71.36735700    -71.36735700       0       0       3
  165      0.00000000    -71.36735700    -71.36735700       0       0       0
  166      0.00000000    -71.36735700    -71.36735700       0       0       0
  167      0.00000000    -71.36735700    -71.36735700       0       0       0
  168      0.00000000    -71.36735700    -71.36735700       0       0       0
  169      0.00000000    -71.36735700    -71.36735700       0       0       0
  170      0.00000000    -71.36735700    -71.36735700       0       0       0
  171      0.00000000    -71.36735700    -71.36735700       0       0       0
  172      0.00000000    -71.36735700    -71.36735700       0       0       0
  173      0.00000000    -71.36735700    -71.36735700       0       0       0
  174      0.00000000    -71.36735700    -71.36735700       0       0       0
  175      0.00000000    -71.36735700    -71.36735700       0       0       0
  176      0.00000000    -71.36735700    -71.36735700       0       0       0
  177      3.97272575    -18.63662378    -71.36735700       0       0     375
  178      2.87573824    -27.97198000    -71.36735700       7       0     105
  179      2.39651135    -17.72606591    -71.36735700       5       0      17
  180      0.68909505    -55.94329155    -71.36735700       1       0       3
  181      0.00000000    -71.36735700    -71.36735700       1       0       0
  182      0.00000000    -71.36735700    -71.36735700       0       0       0
  183      0.00000000    -71.36735700    -71.36735700       0       0       0
  184      0.00000000    -71.36735700    -71.36735700       0       0       0
  185      0.00000000    -71.36735700    -71.36735700       0       0       0
  186      0.00000000    -71.36735700    -71.36735700       0       0       0
  187      0.00000000    -71.36735700    -71.36735700       0       0       0
  188      0.00000000    -71.36735700    -71.36735700       0       0       0
  189      0.00000000    -71.36735700    -71.36735700       0       0       0
  190      0.00000000    -71.36735700    -71.36735700       0       0       0
  191      0.00000000    -71.36735700    -71.36735700       0       0       0
  192      0.00000000    -71.36735700    -71.36735700       0       0       0
  193      5.50988180    -12.51603418    -71.36735700       0       0     368
  194      1.53013938    -40.81334177    -71.36735700       9       0     107
  195      0.00000000    -71.36735700    -71.36735700       3       0      21
  196      0.68169533    -56.10891986    -71.36735700       0       0       3
  197      0.44696930    -61.36281017    -71.36735700       1       0       1
  198      0.00000000    -71.36735700    -71.36735700       1       0       0
  199      0.00000000    -71.36735700    -71.36735700       0       0       0
  200      0.00000000    -71.36735700    -71.36735700       0       0       0
  201      0.00000000    -71.36735700    -71.36735700       0       0       0
  202      0.00000000    -71.36735700    -71.36735700       0       0       0
  203      0.00000000    -71.36735700    -71.36735700       0       0       0
  204      0.00000000    -71.36735700    -71.36735700       0       0       0
  205      0.00000000    -71.36735700    -71.36735700       0       0       0
  206      0.00000000    -71.36735700    -71.36735700       0       0       0
  207      0.00000000    -71.36735700    -71.36735700       0       0       0
  208      0.00000000    -71.36735700    -71.36735700       0       0       0
  209      3.18994843    -16.47437091    -71.36735700       0       0     359
  210      2.15316004    -23.17301638    -71.36735700       9       0     113
  211      0.00000000    -71.36735700    -71.36735700       1       0      24
  212      0.00000000    -71.36735700    -71.36735700       0       0       2
  213      0.00000000    -71.36735700    -71.36735700       0       0       1
  214      0.00000000    -71.36735700    -71.36735700       0       0       1
  215      0.00000000    -71.36735700    -71.36735700       0       0       0
  216      0.00000000    -71.36735700    -71.36735700       0       0       0
  217      0.00000000    -71.36735700    -71.36735700       0       0       0
  218      0.00000000    -71.36735700    -71.36735700       0       0       0
  219      0.00000000    -71.36735700    -71.36735700       0       0       0
  220      0.00000000    -71.36735700    -71.36735700       0       0       0
  221      0.00000000    -71.36735700    -71.36735700       0       0       0
  222      0.00000000    -71.36735700    -71.36735700       0       0       0
  223      0.00000000    -71.36735700    -71.36735700       0       0       0
  224      0.00000000    -71.36735700    -71.36735700       0       0       0
  225      3.46453286    -29.10907424    -71.36735700       0       0     350
  226      2.37555850    -22.22968994    -71.36735700      11       0     121
  227      1.73317785    -32.57350893    -71.36735700       4       0      25
  228      0.00000000    -71.36735700    -71.36735700       1       0       2
  229      0.00000000    -71.36735700    -71.36735700       0       0       1
  230      0.00000000    -71.36735700    -71.36735700       0       0       1
  231      0.00000000    -71.36735700    -71.36735700       0       0       0
  232      0.00000000    -71.36735700    -71.36735700       0       0       0
  233      0.00000000    -71.36735700    -71.36735700       0       0       0
  234      0.00000000    -71.36735700    -71.36735700       0       0       0
  235      0.00000000    -71.36735700    -71.36735700       0       0       0
  236      0.00000000    -71.36735700    -71.36735700       0       0       0
  237      0.00000000    -71.36735700    -71.36735700       0       0       0
  238      0.00000000    -71.36735700    -71.36735700       0       0       0
  239      0.00000000    -71.36735700    -71.36735700       0       0       0
  240      0.00000000    -71.36735700    -71.36735700       0       0       0
  241      3.10960670    -27.32565159    -71.36735700       0       0     339
  242      1.83510849    -30.29198787    -71.36735700       8       0     128
  243      0.00000000    -71.36735700    -71.36735700       1       0      28
  244      0.00000000    -71.36735700    -71.36735700       0       0       3
  245      0.00000000    -71.36735700    -71.36735700       0       0       1
  246      0.00000000    -71.36735700    -71.36735700       0       0       1
  247      0.00000000    -71.36735700    -71.36735700       0       0       0
  248      0.00000000    -71.36735700    -71.36735700       0       0       0
  249      0.00000000    -71.36735700    -71.36735700       0       0       0
  250      0.00000000    -71.36735700    -71.36735700       0       0       0
  251      0.00000000    -71.36735700    -71.36735700       0       0       0
  252      0.00000000    -71.36735700    -71.36735700       0       0       0
  253      0.00000000    -71.36735700    -71.36735700       0       0       0
  254      0.00000000    -71.36735700    -71.36735700       0       0       0
  255      0.00000000    -71.36735700    -71.36735700       0       0       0
  256      0.00000000    -71.36735700    -71.36735700       0       0       0
  257      4.06550952    -22.66826128    -71.36735700       0       0     331
  258      1.48587205    -38.10919019    -71.36735700       8       0     135
  259      2.63882887    -14.15940093    -71.36735700       2       0      29
  260      0.00000000    -71.36735700    -71.36735700       2       0       3
  261      0.00000000    -71.36735700    -71.36735700       0       0       1
  262      0.00000000    -71.36735700    -71.36735700       0       0       1
  263      0.00000000    -71.36735700    -71.36735700       0       0       0
  264      0.00000000    -71.36735700    -71.36735700       0       0       0
  265      0.00000000    -71.36735700    -71.36735700       0       0       0
  266      0.00000000    -71.36735700    -71.36735700       0       0       0
  267      0.00000000    -71.36735700    -71.36735700       0       0       0
  268      0.00000000    -71.36735700    -71.36735700       0       0       0
  269      0.00000000    -71.36735700    -71.36735700       0       0       0
  270      0.00000000    -71.36735700    -71.36735700       0       0       0
  271      0.00000000    -71.36735700    -71.36735700       0       0       0
  272      0.00000000    -71.36735700    -71.36735700       0       0       0
  273      3.67097864    -30.67210748    -71.36735700       0       0     323
  274      0.97701368    -58.86211204    -71.36735700       7       0     141
  275      0.57516421    -62.16869961    -71.36735700       3       0      29
  276      0.00000000    -71.36735700    -71.36735700       2       0       5
  277      0.00000000    -71.36735700    -71.36735700       0       0       1
  278      0.00000000    -71.36735700    -71.36735700       0       0       1
  279      0.00000000    -71.36735700    -71.36735700       0       0       0
  280      0.00000000    -71.36735700    -71.36735700       0       0       0
  281      0.00000000    -71.36735700    -71.36735700       0       0       0
  282      0.00000000    -71.36735700    -71.36735700       0       0       0
  283      0.00000000    -71.36735700    -71.36735700       0       0       0
  284      0.00000000    -71.36735700    -71.36735700       0       0       0
  285      0.00000000    -71.36735700    -71.36735700       0       0       0
  286      0.00000000    -71.36735700    -71.36735700       0       0       0
  287      0.00000000    -71.36735700    -71.36735700       0       0       0
  288      0.00000000    -71.36735700    -71.36735700       0       0       0
  289      4.09084666    -13.03204013    -71.36735700       0       0     316
  290      1.69370779    -36.05244447    -71.36735700      12       0     144
  291      0.61853033    -57.52274677    -71.36735700       4       0      32
  292      0.17055640    -67.54978037    -71.36735700       1       0       6
  293      0.00000000    -71.36735700    -71.36735700       1       0       1
  294      0.00000000    -71.36735700    -71.36735700       0       0       1
  295      0.00000000    -71.36735700    -71.36735700       0       0       0
  296      0.00000000    -71.36735700    -71.36735700       0       0       0
  297      0.00000000    -71.36735700    -71.36735700       0       0       0
  298      0.00000000    -71.36735700    -71.36735700       0       0       0
  299      0.00000000    -71.36735700    -71.36735700       0       0       0
  300      0.00000000    -71.36735700    -71.36735700       0       0       0
  301      0.00000000    -71.36735700    -71.36735700       0       0       0
  302      0.00000000    -71.36735700    -71.36735700       0       0       0
  303      0.00000000    -71.36735700    -71.36735700       0       0       0
  304      0.00000000    -71.36735700    -71.36735700       0       0       0
  305      1.85591192    -36.39884526    -71.36735700       0       0     304
  306      0.94331328    -53.00819394    -71.36735700       4       0     152
  307      0.00000000    -71.36735700    -71.36735700       2       0      35
  308      0.00000000    -71.36735700    -71.36735700       0       0       6
  309      0.00000000    -71.36735700    -71.36735700       0       0       2
  310      0.00000000    -71.36735700    -71.36735700       0       0       1
  311      0.00000000    -71.36735700    -71.36735700       0       0       0
  312      0.00000000    -71.36735700    -71.36735700       0       0       0
  313      0.00000000    -71.36735700    -71.36735700       0       0       0
  314      0.00000000    -71.36735700    -71.36735700       0       0       0
  315      0.00000000    -71.36735700    -71.36735700       0       0       0
  316      0.00000000    -71.36735700    -71.36735700       0       0       0
  317      0.00000000    -71.36735700    -71.36735700       0       0       0
  318      0.00000000    -71.36735700    -71.36735700       0       0       0
  319      0.00000000    -71.36735700    -71.36735700       0       0       0
  320      0.00000000    -71.36735700    -71.36735700       0       0       0
  321      3.27239828    -15.93628129    -71.36735700       0       0     300
  322      2.10771455    -24.78837474    -71.36735700       6       0     154
  323      2.22752452    -33.09395234    -71.36735700       2       0      37
  324      0.00000000    -71.36735700    -71.36735700       2       0       6
  325      0.00000000    -71.36735700    -71.36735700       0       0       2
  326      0.00000000    -71.36735700    -71.36735700       0       0       1
  327      0.00000000    -71.36735700    -71.36735700       0       0       0
  328      0.00000000    -71.36735700    -71.36735700       0       0       0
  329      0.00000000    -71.36735700    -71.36735700       0       0       0
  330      0.00000000    -71.36735700    -71.36735700       0       0       0
  331      0.00000000    -71.36735700    -71.36735700       0       0       0
  332      0.00000000    -71.36735700    -71.36735700       0       0       0
  333      0.00000000    -71.36735700    -71.36735700       0       0       0
  334      0.00000000    -71.36735700    -71.36735700       0       0       0
  335      0.00000000    -71.36735700    -71.36735700       0       0       0
  336      0.00000000    -71.36735700    -71.36735700       0       0       0
  337      2.09109159    -36.73449413    -71.36735700       0       0     294
  338      2.47031073    -31.15577178    -71.36735700       4       0     158
  339      0.51383454    -59.86616037    -71.36735700       4       0      37
  340      0.00000000    -71.36735700    -71.36735700       1       0       8
  341      0.00000000    -71.36735700    -71.36735700       0       0       2
  342      0.00000000    -71.36735700    -71.36735700       0       0       1
  343      0.00000000    -71.36735700    -71.36735700       0       0       0
  344      0.00000000    -71.36735700    -71.36735700       0       0       0
  345      0.00000000    -71.36735700    -71.36735700       0       0       0
  346      0.00000000    -71.36735700    -71.36735700       0       0       0
  347      0.00000000    -71.36735700    -71.36735700       0       0       0
  348      0.00000000    -71.36735700    -71.36735700       0       0       0
  349      0.00000000    -71.36735700    -71.36735700       0       0       0
  350      0.00000000    -71.36735700    -71.36735700       0       0       0
  351      0.00000000    -71.36735700    -71.36735700       0       0       0
  352      0.00000000    -71.36735700    -71.36735700       0       0       0
  353      3.72058521    -11.72952334    -71.36735700       0       0     290
  354      3.02447760    -22.16557250    -71.36735700       4       0     158
  355      3.01377141    -25.32948915    -71.36735700       5       0      40
  356      0.00000000    -71.36735700    -71.36735700       5       0       9
  357      0.00000000    -71.36735700    -71.36735700       0       0       2
  358      0.00000000    -71.36735700    -71.36735700       0       0       1
  359      0.00000000    -71.36735700    -71.36735700       0       0       0
  360      0.00000000    -71.36735700    -71.36735700       0       0       0
  361      0.00000000    -71.36735700    -71.36735700       0       0       0
  362      0.00000000    -71.36735700    -71.36735700       0       0       0
  363      0.00000000    -71.36735700    -71.36735700       0       0       0
  364      0.00000000    -71.36735700    -71.36735700       0       0       0
  365      0.00000000    -71.36735700    -71.36735700       0       0       0
  366      0.00000000    -71.36735700    -71.36735700       0       0       0
  367      0.00000000    -71.36735700    -71.36735700       0       0       0
  368      0.00000000    -71.36735700    -71.36735700       0       0       0
  369      4.70040020    -21.04931437    -71.36735700       0       0     286
  370      3.18392305    -23.26151057    -71.36735700      14       0     157
  371      1.81107287    -30.82997884    -71.36735700       6       0      40
  372      0.00000000    -71.36735700    -71.36735700       1       0      14
  373      0.00000000    -71.36735700    -71.36735700       0       0       2
  374      0.00000000    -71.36735700    -71.36735700       0       0       1
  375      0.00000000    -71.36735700    -71.36735700       0       0       0
  376      0.00000000    -71.36735700    -71.36735700       0       0       0
  377      0.00000000    -71.36735700    -71.36735700       0       0       0
  378      0.00000000    -71.36735700    -71.36735700       0       0       0
  379      0.00000000    -71.36735700    -71.36735700       0       0       0
  380      0.00000000    -71.36735700    -71.36735700       0       0       0
  381      0.00000000    -71.36735700    -71.36735700       0       0       0
  382      0.00000000    -71.36735700    -71.36735700       0       0       0
  383      0.00000000    -71.36735700    -71.36735700       0       0       0
  384      0.00000000    -71.36735700    -71.36735700       0       0       0
  385      3.92797811    -16.88538511    -71.36735700       0       0     272
  386      1.63168102    -37.92243534    -71.36735700       6       0     165
  387      2.99984663     -7.04622410    -71.36735700       3       0      45
  388      0.00000000    -71.36735700    -71.36735700       2       0      15
  389      0.00000000    -71.36735700    -71.36735700       0       0       2
  390      0.00000000    -71.36735700    -71.36735700       0       0       1
  391      0.00000000    -71.36735700    -71.36735700       0       0       0
  392      0.00000000    -71.36735700    -71.36735700       0       0       0
  393      0.00000000    -71.36735700    -71.36735700       0       0       0
  394      0.00000000    -71.36735700    -71.36735700       0       0       0
  395      0.00000000    -71.36735700    -71.36735700       0       0       0
  396      0.00000000    -71.36735700    -71.36735700       0       0       0
  397      0.00000000    -71.36735700    -71.36735700       0       0       0
  398      0.00000000    -71.36735700    -71.36735700       0       0       0
  399      0.00000000    -71.36735700    -71.36735700       0       0       0
  400      0.00000000    -71.36735700    -71.36735700       0       0       0
  401      1.42045499    -46.93159614    -71.36735700       0       0     266
  402      0.46872826    -60.87577767    -71.36735700       5       0     168
  403      2.15659677    -26.85877040    -71.36735700       1       0      46
  404      1.20551845    -44.38414830    -71.36735700       2       0      17
  405      0.00000000    -71.36735700    -71.36735700       1       0       2
  406      0.00000000    -71.36735700    -71.36735700       0       0       1
  407      0.00000000    -71.36735700    -71.36735700       0       0       0
  408      0.00000000    -71.36735700    -71.36735700       0       0       0
  409      0.00000000    -71.36735700    -71.36735700       0       0       0
  410      0.00000000    -71.36735700    -71.36735700       0       0       0
  411      0.00000000    -71.36735700    -71.36735700       0       0       0
  412      0.00000000    -71.36735700    -71.36735700       0       0       0
  413      0.00000000    -71.36735700    -71.36735700       0       0       0
  414      0.00000000    -71.36735700    -71.36735700       0       0       0
  415      0.00000000    -71.36735700    -71.36735700       0       0       0
  416      0.00000000    -71.36735700    -71.36735700       0       0       0
  417      3.66511934    -20.75598249    -71.36735700       0       0     261
  418      5.29352241      0.00046266    -71.36735700       4       0     172
  419      0.00000000    -71.36735700    -71.36735700      10       0      45
  420      3.07970653    -14.87047949    -71.36735700       0       0      18
  421      0.00000000    -71.36735700    -71.36735700       2       0       3
  422      0.00000000    -71.36735700    -71.36735700       0       0       1
  423      0.00000000    -71.36735700    -71.36735700       0       0       0
  424      0.00000000    -71.36735700    -71.36735700       0       0       0
  425      0.00000000    -71.36735700    -71.36735700       0       0       0
  426      0.00000000    -71.36735700    -71.36735700       0       0       0
  427      0.00000000    -71.36735700    -71.36735700       0       0       0
  428      0.00000000    -71.36735700    -71.36735700       0       0       0
  429      0.00000000    -71.36735700    -71.36735700       0       0       0
  430      0.00000000    -71.36735700    -71.36735700       0       0       0
  431      0.00000000    -71.36735700    -71.36735700       0       0       0
  432      0.00000000    -71.36735700    -71.36735700       0       0       0
  433      4.08670862    -15.54904479    -71.36735700       0       0     257
  434      3.39030012    -26.02494540    -71.36735700       8       0     166
  435      0.85213748    -54.61972091    -71.36735700       5       0      55
  436      0.62332526    -57.41542149    -71.36735700       2       0      16
  437      0.00000000    -71.36735700    -71.36735700       1       0       5
  438      0.00000000    -71.36735700    -71.36735700       0       0       1
  439      0.00000000    -71.36735700    -71.36735700       0       0       0
  440      0.00000000    -71.36735700    -71.36735700       0       0       0
  441      0.00000000    -71.36735700    -71.36735700       0       0       0
  442      0.00000000    -71.36735700    -71.36735700       0       0       0
  443      0.00000000    -71.36735700    -71.36735700       0       0       0
  444      0.00000000    -71.36735700    -71.36735700       0       0       0
  445      0.00000000    -71.36735700    -71.36735700       0       0       0
  446      0.00000000    -71.36735700    -71.36735700       0       0       0
  447      0.00000000    -71.36735700    -71.36735700       0       0       0
  448      0.00000000    -71.36735700    -71.36735700       0       0       0
  449      2.19359591    -30.11636656    -71.36735700       0       0     249
  450      2.45816112    -27.12706028    -71.36735700       4       0     169
  451      1.60164411    -35.51763828    -71.36735700       4       0      58
  452      0.00000000    -71.36735700    -71.36735700       1       0      17
  453      0.00000000    -71.36735700    -71.36735700       0       0       6
  454      0.00000000    -71.36735700    -71.36735700       0       0       1
  455      0.00000000    -71.36735700    -71.36735700       0       0       0
  456      0.00000000    -71.36735700    -71.36735700       0       0       0
  457      0.00000000    -71.36735700    -71.36735700       0       0       0
  458      0.00000000    -71.36735700    -71.36735700       0       0       0
  459      0.00000000    -71.36735700    -71.36735700       0       0       0
  460      0.00000000    -71.36735700    -71.36735700       0       0       0
  461      0.00000000    -71.36735700    -71.36735700       0       0       0
  462      0.00000000    -71.36735700    -71.36735700       0       0       0
  463      0.00000000    -71.36735700    -71.36735700       0       0       0
  464      0.00000000    -71.36735700    -71.36735700       0       0       0
  465      2.18624223    -35.41148146    -71.36735700       0       0     245
  466      2.67960302    -30.14486421    -71.36735700       7       0     169
  467      0.24864661    -65.80188156    -71.36735700       6       0      61
  468      1.82107695    -30.60605681    -71.36735700       1       0      18
  469      0.00000000    -71.36735700    -71.36735700       1       0       6
  470      0.00000000    -71.36735700    -71.36735700       0       0       1
  471      0.00000000    -71.36735700    -71.36735700       0       0       0
  472      0.00000000    -71.36735700    -71.36735700       0       0       0
  473      0.00000000    -71.36735700    -71.36735700       0       0       0
  474      0.00000000    -71.36735700    -71.36735700       0       0       0
  475      0.00000000    -71.36735700    -71.36735700       0       0       0
  476      0.00000000    -71.36735700    -71.36735700       0       0       0
  477      0.00000000    -71.36735700    -71.36735700       0       0       0
  478      0.00000000    -71.36735700    -71.36735700       0       0       0
  479      0.00000000    -71.36735700    -71.36735700       0       0       0
  480      0.00000000    -71.36735700    -71.36735700       0       0       0
  481      4.03056895    -20.13555472    -71.36735700       0       0     238
  482      1.77806172    -40.95196979    -71.36735700       7       0     170
  483      0.63881373    -60.16275360    -71.36735700       4       0      66
  484      0.27685606    -65.17046741    -71.36735700       2       0      18
  485      1.46545792    -38.56590392    -71.36735700       1       0       7
  486      0.00000000    -71.36735700    -71.36735700       1       0       1
  487      0.00000000    -71.36735700    -71.36735700       0       0       0
  488      0.00000000    -71.36735700    -71.36735700       0       0       0
  489      0.00000000    -71.36735700    -71.36735700       0       0       0
  490      0.00000000    -71.36735700    -71.36735700       0       0       0
  491      0.00000000    -71.36735700    -71.36735700       0       0       0
  492      0.00000000    -71.36735700    -71.36735700       0       0       0
  493      0.00000000    -71.36735700    -71.36735700       0       0       0
  494      0.00000000    -71.36735700    -71.36735700       0       0       0
  495      0.00000000    -71.36735700    -71.36735700       0       0       0
  496      0.00000000    -71.36735700    -71.36735700       0       0       0
  497      2.49548323    -32.27116106    -71.36735700       0       0     231
  498      3.84895688    -16.90015641    -71.36735700       6       0     173
  499      0.00000000    -71.36735700    -71.36735700       5       0      68
  500      0.00000000    -71.36735700    -71.36735700       0       0      19
  501      0.00000000    -71.36735700    -71.36735700       0       0       7
  502      0.00000000    -71.36735700    -71.36735700       0       0       2
  503      0.00000000    -71.36735700    -71.36735700       0       0       0
  504      0.00000000    -71.36735700    -71.36735700       0       0       0
  505      0.00000000    -71.36735700    -71.36735700       0       0       0
  506      0.00000000    -71.36735700    -71.36735700       0       0       0
  507      0.00000000    -71.36735700    -71.36735700       0       0       0
  508      0.00000000    -71.36735700    -71.36735700       0       0       0
  509      0.00000000    -71.36735700    -71.36735700       0       0       0
  510      0.00000000    -71.36735700    -71.36735700       0       0       0
  511      0.00000000    -71.36735700    -71.36735700       0       0       0
  512      0.00000000    -71.36735700    -71.36735700       0       0       0
  513      2.98010777    -25.21551678    -71.36735700       0       0     225
  514      4.55976812    -15.23545359    -71.36735700       5       0     174
  515      1.14788906    -49.55779975    -71.36735700       7       0      73
  516      1.14708635    -51.20777276    -71.36735700       2       0      19
  517      0.00000000    -71.36735700    -71.36735700       2       0       7
  518      0.00000000    -71.36735700    -71.36735700       0       0       2
  519      0.00000000    -71.36735700    -71.36735700       0       0       0
  520      0.00000000    -71.36735700    -71.36735700       0       0       0
  521      0.00000000    -71.36735700    -71.36735700       0       0       0
  522      0.00000000    -71.36735700    -71.36735700       0       0       0
  523      0.00000000    -71.36735700    -71.36735700       0       0       0
  524      0.00000000    -71.36735700    -71.36735700       0       0       0
  525      0.00000000    -71.36735700    -71.36735700       0       0       0
  526      0.00000000    -71.36735700    -71.36735700       0       0       0
  527      0.00000000    -71.36735700    -71.36735700       0       0       0
  528      0.00000000    -71.36735700    -71.36735700       0       0       0
  529      4.18261337    -12.49119079    -71.36735700       0       0     220
  530      2.13906566    -29.52671750    -71.36735700       8       0     172
  531      1.31945935    -50.09659575    -71.36735700       3       0      78
  532      0.00000000    -71.36735700    -71.36735700       3       0      19
  533      0.58612891    -58.24799030    -71.36735700       0       0       9
  534      0.00000000    -71.36735700    -71.36735700       1       0       2
  535      0.00000000    -71.36735700    -71.36735700       0       0       0
  536      0.00000000    -71.36735700    -71.36735700       0       0       0
  537      0.00000000    -71.36735700    -71.36735700       0       0       0
  538      0.00000000    -71.36735700    -71.36735700       0       0       0
  539      0.00000000    -71.36735700    -71.36735700       0       0       0
  540      0.00000000    -71.36735700    -71.36735700       0       0       0
  541      0.00000000    -71.36735700    -71.36735700       0       0       0
  542      0.00000000    -71.36735700    -71.36735700       0       0       0
  543      0.00000000    -71.36735700    -71.36735700       0       0       0
  544      0.00000000    -71.36735700    -71.36735700       0       0       0
  545      3.90582996     -8.54684222    -71.36735700       0       0     212
  546      4.21638374    -21.28082022    -71.36735700       5       0     177
  547      0.74296264    -54.99189481    -71.36735700       9       0      78
  548      0.00000000    -71.36735700    -71.36735700       2       0      22
  549      0.00000000    -71.36735700    -71.36735700       0       0       8
  550      0.00000000    -71.36735700    -71.36735700       0       0       3
  551      0.00000000    -71.36735700    -71.36735700       0       0       0
  552      0.00000000    -71.36735700    -71.36735700       0       0       0
  553      0.00000000    -71.36735700    -71.36735700       0       0       0
  554      0.00000000    -71.36735700    -71.36735700       0       0       0
  555      0.00000000    -71.36735700    -71.36735700       0       0       0
  556      0.00000000    -71.36735700    -71.36735700       0       0       0
  557      0.00000000    -71.36735700    -71.36735700       0       0       0
  558      0.00000000    -71.36735700    -71.36735700       0       0       0
  559      0.00000000    -71.36735700    -71.36735700       0       0       0
  560      0.00000000    -71.36735700    -71.36735700       0       0       0
  561      1.50736261    -45.89221472    -71.36735700       0       0     207
  562      2.59893492    -28.66058801    -71.36735700       4       0     173
  563      2.59880892    -35.51988840    -71.36735700       7       0      85
  564      0.00000000    -71.36735700    -71.36735700       4       0      24
  565      0.00000000    -71.36735700    -71.36735700       0       0       8
  566      0.00000000    -71.36735700    -71.36735700       0       0       3
  567      0.00000000    -71.36735700    -71.36735700       0       0       0
  568      0.00000000    -71.36735700    -71.36735700       0       0       0
  569      0.00000000    -71.36735700    -71.36735700       0       0       0
  570      0.00000000    -71.36735700    -71.36735700       0       0       0
  571      0.00000000    -71.36735700    -71.36735700       0       0       0
  572      0.00000000    -71.36735700    -71.36735700       0       0       0
  573      0.00000000    -71.36735700    -71.36735700       0       0       0
  574      0.00000000    -71.36735700    -71.36735700       0       0       0
  575      0.00000000    -71.36735700    -71.36735700       0       0       0
  576      0.00000000    -71.36735700    -71.36735700       0       0       0
  577      3.69178822    -15.43120855    -71.36735700       0       0     203
  578      2.52377731    -35.56201677    -71.36735700       7       0     170
  579      3.27869321    -27.52487905    -71.36735700       4       0      88
  580      1.08919928    -53.92448209    -71.36735700       8       0      28
  581      0.00000000    -71.36735700    -71.36735700       2       0       8
  582      0.00000000    -71.36735700    -71.36735700       0       0       3
  583      0.00000000    -71.36735700    -71.36735700       0       0       0
  584      0.00000000    -71.36735700    -71.36735700       0       0       0
  585      0.00000000    -71.36735700    -71.36735700       0       0       0
  586      0.00000000    -71.36735700    -71.36735700       0       0       0
  587      0.00000000    -71.36735700    -71.36735700       0       0       0
  588      0.00000000    -71.36735700    -71.36735700       0       0       0
  589      0.00000000    -71.36735700    -71.36735700       0       0       0
  590      0.00000000    -71.36735700    -71.36735700       0       0       0
  591      0.00000000    -71.36735700    -71.36735700       0       0       0
  592      0.00000000    -71.36735700    -71.36735700       0       0       0
  593      1.84372973    -46.64781308    -71.36735700       0       0     196
  594      4.80282329     -4.28362138    -71.36735700       9       0     173
  595      1.76288043    -32.00160735    -71.36735700       7       0      84
  596      1.93070809    -28.15217488    -71.36735700       2       0      34
  597      0.00000000    -71.36735700    -71.36735700       1       0      10
  598      0.00000000    -71.36735700    -71.36735700       0       0       3
  599      0.00000000    -71.36735700    -71.36735700       0       0       0
  600      0.00000000    -71.36735700    -71.36735700       0       0       0
  601      0.00000000    -71.36735700    -71.36735700       0       0       0
  602      0.00000000    -71.36735700    -71.36735700       0       0       0
  603      0.00000000    -71.36735700    -71.36735700       0       0       0
  604      0.00000000    -71.36735700    -71.36735700       0       0       0
  605      0.00000000    -71.36735700    -71.36735700       0       0       0
  606      0.00000000    -71.36735700    -71.36735700       0       0       0
  607      0.00000000    -71.36735700    -71.36735700       0       0       0
  608      0.00000000    -71.36735700    -71.36735700       0       0       0
  609      2.38799994    -35.12511570    -71.36735700       0       0     187
  610      4.08019274    -11.85643178    -71.36735700       4       0     175
  611      3.15084113    -25.18309885    -71.36735700       8       0      89
  612      0.77045359    -54.12223722    -71.36735700       4       0      35
  613      0.00000000    -71.36735700    -71.36735700       1       0      11
  614      0.00000000    -71.36735700    -71.36735700       0       0       3
  615      0.00000000    -71.36735700    -71.36735700       0       0       0
  616      0.00000000    -71.36735700    -71.36735700       0       0       0
  617      0.00000000    -71.36735700    -71.36735700       0       0       0
  618      0.00000000    -71.36735700    -71.36735700       0       0       0
  619      0.00000000    -71.36735700    -71.36735700       0       0       0
  620      0.00000000    -71.36735700    -71.36735700       0       0       0
  621      0.00000000    -71.36735700    -71.36735700       0       0       0
  622      0.00000000    -71.36735700    -71.36735700       0       0       0
  623      0.00000000    -71.36735700    -71.36735700       0       0       0
  624      0.00000000    -71.36735700    -71.36735700       0       0       0
  625      2.18896551    -37.43003637    -71.36735700       0       0     183
  626      2.81890603    -21.56209916    -71.36735700       5       0     171
  627      1.44663715    -38.98717059    -71.36735700       5       0      93
  628      1.01708424    -51.19979045    -71.36735700       1       0      38
  629      0.00000000    -71.36735700    -71.36735700       2       0      12
  630      0.00000000    -71.36735700    -71.36735700       0       0       3
  631      0.00000000    -71.36735700    -71.36735700       0       0       0
  632      0.00000000    -71.36735700    -71.36735700       0       0       0
  633      0.00000000    -71.36735700    -71.36735700       0       0       0
  634      0.00000000    -71.36735700    -71.36735700       0       0       0
  635      0.00000000    -71.36735700    -71.36735700       0       0       0
  636      0.00000000    -71.36735700    -71.36735700       0       0       0
  637      0.00000000    -71.36735700    -71.36735700       0       0       0
  638      0.00000000    -71.36735700    -71.36735700       0       0       0
  639      0.00000000    -71.36735700    -71.36735700       0       0       0
  640      0.00000000    -71.36735700    -71.36735700       0       0       0
  641      3.04065524    -18.58013453    -71.36735700       0       0     178
  642      2.71916328    -19.60006310    -71.36735700       7       0     171
  643      1.46083906    -38.66928816    -71.36735700       4       0      97
  644      0.00000000    -71.36735700    -71.36735700       1       0      37
  645      0.00000000    -71.36735700    -71.36735700       0       0      14
  646      0.00000000    -71.36735700    -71.36735700       0       0       3
  647      0.00000000    -71.36735700    -71.36735700       0       0       0
  648      0.00000000    -71.36735700    -71.36735700       0       0       0
  649      0.00000000    -71.36735700    -71.36735700       0       0       0
  650      0.00000000    -71.36735700    -71.36735700       0       0       0
  651      0.00000000    -71.36735700    -71.36735700       0       0       0
  652      0.00000000    -71.36735700    -71.36735700       0       0       0
  653      0.00000000    -71.36735700    -71.36735700       0       0       0
  654      0.00000000    -71.36735700    -71.36735700       0       0       0
  655      0.00000000    -71.36735700    -71.36735700       0       0       0
  656      0.00000000    -71.36735700    -71.36735700       0       0       0
  657      4.47768978      3.26705245    -71.36735700       0       0     171
  658      3.30696741     -7.76182712    -71.36735700       5       0     174
  659      0.00000000    -71.36735700    -71.36735700       3       0     100
  660      0.00000000    -71.36735700    -71.36735700       0       0      38
  661      0.00000000    -71.36735700    -71.36735700       0       0      14
  662      0.00000000    -71.36735700    -71.36735700       0       0       3
  663      0.00000000    -71.36735700    -71.36735700       0       0       0
  664      0.00000000    -71.36735700    -71.36735700       0       0       0
  665      0.00000000    -71.36735700    -71.36735700       0       0       0
  666      0.00000000    -71.36735700    -71.36735700       0       0       0
  667      0.00000000    -71.36735700    -71.36735700       0       0       0
  668      0.00000000    -71.36735700    -71.36735700       0       0       0
  669      0.00000000    -71.36735700    -71.36735700       0       0       0
  670      0.00000000    -71.36735700    -71.36735700       0       0       0
  671      0.00000000    -71.36735700    -71.36735700       0       0       0
  672      0.00000000    -71.36735700    -71.36735700       0       0       0
  673      0.21375017    -66.58297105    -71.36735700       0       0     166
  674      1.89899637    -32.64216176    -71.36735700       1       0     176
  675      0.00000000    -71.36735700    -71.36735700       4       0     103
  676      1.62007833    -41.07918693    -71.36735700       0       0      38
  677      0.00000000    -71.36735700    -71.36735700       2       0      14
  678      0.00000000    -71.36735700    -71.36735700       0       0       3
  679      0.00000000    -71.36735700    -71.36735700       0       0       0
  680      0.00000000    -71.36735700    -71.36735700       0       0       0
  681      0.00000000    -71.36735700    -71.36735700       0       0       0
  682      0.00000000    -71.36735700    -71.36735700       0       0       0
  683      0.00000000    -71.36735700    -71.36735700       0       0       0
  684      0.00000000    -71.36735700    -71.36735700       0       0       0
  685      0.00000000    -71.36735700    -71.36735700       0       0       0
  686      0.00000000    -71.36735700    -71.36735700       0       0       0
  687      0.00000000    -71.36735700    -71.36735700       0       0       0
  688      0.00000000    -71.36735700    -71.36735700       0       0       0
  689      1.13664048    -48.41313417    -71.36735700       0       0     165
  690      0.11731738    -68.74143350    -71.36735700       2       0     173
  691      1.64591115    -35.19483209    -71.36735700       1       0     107
  692      0.90910721    -51.01874310    -71.36735700       2       0      36
  693      0.00000000    -71.36735700    -71.36735700       1       0      16
  694      0.00000000    -71.36735700    -71.36735700       0       0       3
  695      0.00000000    -71.36735700    -71.36735700       0       0       0
  696      0.00000000    -71.36735700    -71.36735700       0       0       0
  697      0.00000000    -71.36735700    -71.36735700       0       0       0
  698      0.00000000    -71.36735700    -71.36735700       0       0       0
  699      0.00000000    -71.36735700    -71.36735700       0       0       0
  700      0.00000000    -71.36735700    -71.36735700       0       0       0
  701      0.00000000    -71.36735700    -71.36735700       0       0       0
  702      0.00000000    -71.36735700    -71.36735700       0       0       0
  703      0.00000000    -71.36735700    -71.36735700       0       0       0
  704      0.00000000    -71.36735700    -71.36735700       0       0       0
  705      2.40042100    -20.49671282    -71.36735700       0       0     163
  706      2.20324897    -37.33592848    -71.36735700       2       0     174
  707      2.74264679    -12.64433389    -71.36735700       4       0     106
  708      0.81831128    -53.83690991    -71.36735700       2       0      37
  709      0.33769436    -63.80871915    -71.36735700       2       0      17
  710      0.00000000    -71.36735700    -71.36735700       1       0       3
  711      0.00000000    -71.36735700    -71.36735700       0       0       0
  712      0.00000000    -71.36735700    -71.36735700       0       0       0
  713      0.00000000    -71.36735700    -71.36735700       0       0       0
  714      0.00000000    -71.36735700    -71.36735700       0       0       0
  715      0.00000000    -71.36735700    -71.36735700       0       0       0
  716      0.00000000    -71.36735700    -71.36735700       0       0       0
  717      0.00000000    -71.36735700    -71.36735700       0       0       0
  718      0.00000000    -71.36735700    -71.36735700       0       0       0
  719      0.00000000    -71.36735700    -71.36735700       0       0       0
  720      0.00000000    -71.36735700    -71.36735700       0       0       0
  721      0.39350187    -62.55957546    -71.36735700       0       0     161
  722      3.60318699    -12.27880060    -71.36735700       1       0     172
  723      2.82529200    -25.68463424    -71.36735700       9       0     108
  724      0.00000000    -71.36735700    -71.36735700       5       0      37
  725      2.20388322    -22.03767575    -71.36735700       0       0      18
  726      0.00000000    -71.36735700    -71.36735700       1       0       4
  727      0.00000000    -71.36735700    -71.36735700       0       0       0
  728      0.00000000    -71.36735700    -71.36735700       0       0       0
  729      0.00000000    -71.36735700    -71.36735700       0       0       0
  730      0.00000000    -71.36735700    -71.36735700       0       0       0
  731      0.00000000    -71.36735700    -71.36735700       0       0       0
  732      0.00000000    -71.36735700    -71.36735700       0       0       0
  733      0.00000000    -71.36735700    -71.36735700       0       0       0
  734      0.00000000    -71.36735700    -71.36735700       0       0       0
  735      0.00000000    -71.36735700    -71.36735700       0       0       0
  736      0.00000000    -71.36735700    -71.36735700       0       0       0
  737      0.83371066    -53.69485271    -71.36735700       0       0     160
  738      2.48122597    -31.64621558    -71.36735700       2       0     164
  739      2.25718375    -25.31513768    -71.36735700       4       0     112
  740      1.32662571    -41.67339558    -71.36735700       4       0      42
  741      0.00000000    -71.36735700    -71.36735700       1       0      17
  742      0.00000000    -71.36735700    -71.36735700       0       0       5
  743      0.00000000    -71.36735700    -71.36735700       0       0       0
  744      0.00000000    -71.36735700    -71.36735700       0       0       0
  745      0.00000000    -71.36735700    -71.36735700       0       0       0
  746      0.00000000    -71.36735700    -71.36735700       0       0       0
  747      0.00000000    -71.36735700    -71.36735700       0       0       0
  748      0.00000000    -71.36735700    -71.36735700       0       0       0
  749      0.00000000    -71.36735700    -71.36735700       0       0       0
  750      0.00000000    -71.36735700    -71.36735700       0       0       0
  751      0.00000000    -71.36735700    -71.36735700       0       0       0
  752      0.00000000    -71.36735700    -71.36735700       0       0       0
  753      4.12124338    -20.36569266    -71.36735700       0       0     158
  754      3.13784004    -18.95307400    -71.36735700       9       0     162
  755      0.31695601    -64.27290719    -71.36735700       6       0     112
  756      3.44814097    -17.75672603    -71.36735700       1       0      45
  757      0.00000000    -71.36735700    -71.36735700       4       0      18
  758      0.00000000    -71.36735700    -71.36735700       0       0       5
  759      0.00000000    -71.36735700    -71.36735700       0       0       0
  760      0.00000000    -71.36735700    -71.36735700       0       0       0
  761      0.00000000    -71.36735700    -71.36735700       0       0       0
  762      0.00000000    -71.36735700    -71.36735700       0       0       0
  763      0.00000000    -71.36735700    -71.36735700       0       0       0
  764      0.00000000    -71.36735700    -71.36735700       0       0       0
  765      0.00000000    -71.36735700    -71.36735700       0       0       0
  766      0.00000000    -71.36735700    -71.36735700       0       0       0
  767      0.00000000    -71.36735700    -71.36735700       0       0       0
  768      0.00000000    -71.36735700    -71.36735700       0       0       0
  769      4.38300304     -8.78767698    -71.36735700       0       0     149
  770      1.21034966    -45.69096518    -71.36735700       5       0     165
  771      0.92980242    -55.66309537    -71.36735700       3       0     117
  772      1.99405206    -26.73434212    -71.36735700       2       0      42
  773      0.00000000    -71.36735700    -71.36735700       1       0      22
  774      0.00000000    -71.36735700    -71.36735700       0       0       5
  775      0.00000000    -71.36735700    -71.36735700       0       0       0
  776      0.00000000    -71.36735700    -71.36735700       0       0       0
  777      0.00000000    -71.36735700    -71.36735700       0       0       0
  778      0.00000000    -71.36735700    -71.36735700       0       0       0
  779      0.00000000    -71.36735700    -71.36735700       0       0       0
  780      0.00000000    -71.36735700    -71.36735700       0       0       0
  781      0.00000000    -71.36735700    -71.36735700       0       0       0
  782      0.00000000    -71.36735700    -71.36735700       0       0       0
  783      0.00000000    -71.36735700    -71.36735700       0       0       0
  784      0.00000000    -71.36735700    -71.36735700       0       0       0
  785      1.33830479    -49.79816589    -71.36735700       0       0     144
  786      3.55550096    -20.44371805    -71.36735700       3       0     167
  787      0.89287810    -51.38200036    -71.36735700       5       0     118
  788      1.16768330    -45.23101534    -71.36735700       1       0      43
  789      0.00000000    -71.36735700    -71.36735700       1       0      23
  790      1.60892140    -35.35475009    -71.36735700       0       0       5
  791      0.00000000    -71.36735700    -71.36735700       1       0       0
  792      0.00000000    -71.36735700    -71.36735700       0       0       0
  793      0.00000000    -71.36735700    -71.36735700       0       0       0
  794      0.00000000    -71.36735700    -71.36735700       0       0       0
  795      0.00000000    -71.36735700    -71.36735700       0       0       0
  796      0.00000000    -71.36735700    -71.36735700       0       0       0
  797      0.00000000    -71.36735700    -71.36735700       0       0       0
  798      0.00000000    -71.36735700    -71.36735700       0       0       0
  799      0.00000000    -71.36735700    -71.36735700       0       0       0
  800      0.00000000    -71.36735700    -71.36735700       0       0       0
  801      1.34208381    -42.52880609    -71.36735700       0       0     141
  802      3.33199004    -20.89126106    -71.36735700       2       0     165
  803      1.60910251    -43.57611259    -71.36735700       6       0     122
  804      1.24726974    -51.06336202    -71.36735700       2       0      43
  805      0.00000000    -71.36735700    -71.36735700       2       0      24
  806      0.00000000    -71.36735700    -71.36735700       0       0       4
  807      0.00000000    -71.36735700    -71.36735700       0       0       1
  808      0.00000000    -71.36735700    -71.36735700       0       0       0
  809      0.00000000    -71.36735700    -71.36735700       0       0       0
  810      0.00000000    -71.36735700    -71.36735700       0       0       0
  811      0.00000000    -71.36735700    -71.36735700       0       0       0
  812      0.00000000    -71.36735700    -71.36735700       0       0       0
  813      0.00000000    -71.36735700    -71.36735700       0       0       0
  814      0.00000000    -71.36735700    -71.36735700       0       0       0
  815      0.00000000    -71.36735700    -71.36735700       0       0       0
  816      0.00000000    -71.36735700    -71.36735700       0       0       0
  817      1.03493546    -53.28765323    -71.36735700       0       0     139
  818      0.08718451    -69.41589957    -71.36735700       3       0     161
  819      3.00633631    -10.68766693    -71.36735700       1       0     126
  820      1.90281366    -29.70800798    -71.36735700       4       0      43
  821      0.00000000    -71.36735700    -71.36735700       2       0      26
  822      0.00000000    -71.36735700    -71.36735700       0       0       4
  823      0.00000000    -71.36735700    -71.36735700       0       0       1
  824      0.00000000    -71.36735700    -71.36735700       0       0       0
  825      0.00000000    -71.36735700    -71.36735700       0       0       0
  826      0.00000000    -71.36735700    -71.36735700       0       0       0
  827      0.00000000    -71.36735700    -71.36735700       0       0       0
  828      0.00000000    -71.36735700    -71.36735700       0       0       0
  829      0.00000000    -71.36735700    -71.36735700       0       0       0
  830      0.00000000    -71.36735700    -71.36735700       0       0       0
  831      0.00000000    -71.36735700    -71.36735700       0       0       0
  832      0.00000000    -71.36735700    -71.36735700       0       0       0
  833      1.97230718    -34.63682177    -71.36735700       0       0     136
  834      0.66475424    -58.43283948    -71.36735700       4       0     163
  835      1.15047798    -53.08803566    -71.36735700       2       0     123
  836      3.39861173    -16.28463240    -71.36735700       3       0      45
  837      0.00000000    -71.36735700    -71.36735700       4       0      28
  838      0.00000000    -71.36735700    -71.36735700       0       0       4
  839      0.00000000    -71.36735700    -71.36735700       0       0       1
  840      0.00000000    -71.36735700    -71.36735700       0       0       0
  841      0.00000000    -71.36735700    -71.36735700       0       0       0
  842      0.00000000    -71.36735700    -71.36735700       0       0       0
  843      0.00000000    -71.36735700    -71.36735700       0       0       0
  844      0.00000000    -71.36735700    -71.36735700       0       0       0
  845      0.00000000    -71.36735700    -71.36735700       0       0       0
  846      0.00000000    -71.36735700    -71.36735700       0       0       0
  847      0.00000000    -71.36735700    -71.36735700       0       0       0
  848      0.00000000    -71.36735700    -71.36735700       0       0       0
  849      4.22501164     -9.41806903    -71.36735700       0       0     132
  850      4.75585198     -5.02415112    -71.36735700       6       0     165
  851      2.55126032    -23.82246666    -71.36735700       6       0     122
  852      2.40098593    -22.31355336    -71.36735700       5       0      44
  853      0.58630318    -58.24408944    -71.36735700       2       0      32
  854      0.00000000    -71.36735700    -71.36735700       1       0       4
  855      0.00000000    -71.36735700    -71.36735700       0       0       1
  856      0.00000000    -71.36735700    -71.36735700       0       0       0
  857      0.00000000    -71.36735700    -71.36735700       0       0       0
  858      0.00000000    -71.36735700    -71.36735700       0       0       0
  859      0.00000000    -71.36735700    -71.36735700       0       0       0
  860      0.00000000    -71.36735700    -71.36735700       0       0       0
  861      0.00000000    -71.36735700    -71.36735700       0       0       0
  862      0.00000000    -71.36735700    -71.36735700       0       0       0
  863      0.00000000    -71.36735700    -71.36735700       0       0       0
  864      0.00000000    -71.36735700    -71.36735700       0       0       0
  865      1.55021981    -51.36577558    -71.36735700       0       0     126
  866      1.66383571    -44.94932432    -71.36735700       5       0     165
  867      3.22451182     -7.02102251    -71.36735700       5       0     123
  868      2.53767414    -19.83212832    -71.36735700       3       0      47
  869      0.44662084    -61.37060976    -71.36735700       3       0      33
  870      0.00000000    -71.36735700    -71.36735700       1       0       5
  871      0.00000000    -71.36735700    -71.36735700       0       0       1
  872      0.00000000    -71.36735700    -71.36735700       0       0       0
  873      0.00000000    -71.36735700    -71.36735700       0       0       0
  874      0.00000000    -71.36735700    -71.36735700       0       0       0
  875      0.00000000    -71.36735700    -71.36735700       0       0       0
  876      0.00000000    -71.36735700    -71.36735700       0       0       0
  877      0.00000000    -71.36735700    -71.36735700       0       0       0
  878      0.00000000    -71.36735700    -71.36735700       0       0       0
  879      0.00000000    -71.36735700    -71.36735700       0       0       0
  880      0.00000000    -71.36735700    -71.36735700       0       0       0
  881      3.62692051    -14.59120026    -71.36735700       0       0     121
  882      2.75461365    -26.23270849    -71.36735700       3       0     165
  883      3.76540610    -12.10562975    -71.36735700       3       0     125
  884      0.69932678    -59.29052179    -71.36735700       7       0      47
  885      0.00000000    -71.36735700    -71.36735700       2       0      35
  886      0.23687515    -66.06536293    -71.36735700       0       0       6
  887      0.00000000    -71.36735700    -71.36735700       1       0       1
  888      0.00000000    -71.36735700    -71.36735700       0       0       0
  889      0.00000000    -71.36735700    -71.36735700       0       0       0
  890      0.00000000    -71.36735700    -71.36735700       0       0       0
  891      0.00000000    -71.36735700    -71.36735700       0       0       0
  892      0.00000000    -71.36735700    -71.36735700       0       0       0
  893      0.00000000    -71.36735700    -71.36735700       0       0       0
  894      0.00000000    -71.36735700    -71.36735700       0       0       0
  895      0.00000000    -71.36735700    -71.36735700       0       0       0
  896      0.00000000    -71.36735700    -71.36735700       0       0       0
  897      2.40979925    -26.77816898    -71.36735700       0       0     118
  898      3.04651901    -18.85230986    -71.36735700       4       0     165
  899      2.78198535    -18.27895911    -71.36735700       5       0     121
  900      0.78709939    -58.49433684    -71.36735700       2       0      52
  901      2.60599081    -13.27560478    -71.36735700       3       0      37
  902      0.00000000    -71.36735700    -71.36735700       2       0       5
  903      0.00000000    -71.36735700    -71.36735700       0       0       2
  904      0.00000000    -71.36735700    -71.36735700       0       0       0
  905      0.00000000    -71.36735700    -71.36735700       0       0       0
  906      0.00000000    -71.36735700    -71.36735700       0       0       0
  907      0.00000000    -71.36735700    -71.36735700       0       0       0
  908      0.00000000    -71.36735700    -71.36735700       0       0       0
  909      0.00000000    -71.36735700    -71.36735700       0       0       0
  910      0.00000000    -71.36735700    -71.36735700       0       0       0
  911      0.00000000    -71.36735700    -71.36735700       0       0       0
  912      0.00000000    -71.36735700    -71.36735700       0       0       0
  913      3.78615309    -13.97194350    -71.36735700       0       0     114
  914      3.19349143    -37.35954065    -71.36735700       4       0     164
  915      1.52766353    -46.21970653    -71.36735700       9       0     124
  916      0.08097902    -69.55479770    -71.36735700       4       0      51
  917      1.83323931    -30.33382574    -71.36735700       1       0      38
  918      0.00000000    -71.36735700    -71.36735700       1       0       7
  919      0.75859791    -54.38760370    -71.36735700       0       0       2
  920      0.00000000    -71.36735700    -71.36735700       1       0       0
  921      0.00000000    -71.36735700    -71.36735700       0       0       0
  922      0.00000000    -71.36735700    -71.36735700       0       0       0
  923      0.00000000    -71.36735700    -71.36735700       0       0       0
  924      0.00000000    -71.36735700    -71.36735700       0       0       0
  925      0.00000000    -71.36735700    -71.36735700       0       0       0
  926      0.00000000    -71.36735700    -71.36735700       0       0       0
  927      0.00000000    -71.36735700    -71.36735700       0       0       0
  928      0.00000000    -71.36735700    -71.36735700       0       0       0
  929      2.44423568    -22.20848131    -71.36735700       0       0     110
  930      4.84051630    -11.05056026    -71.36735700       3       0     159
  931      0.00000000    -71.36735700    -71.36735700       9       0     129
  932      1.09007220    -46.96819031    -71.36735700       0       0      54
  933      1.07033236    -47.41002862    -71.36735700       1       0      38
  934      0.00000000    -71.36735700    -71.36735700       1       0       8
  935      0.00000000    -71.36735700    -71.36735700       0       0       1
  936      0.00000000    -71.36735700    -71.36735700       0       0       1
  937      0.00000000    -71.36735700    -71.36735700       0       0       0
  938      0.00000000    -71.36735700    -71.36735700       0       0       0
  939      0.00000000    -71.36735700    -71.36735700       0       0       0
  940      0.00000000    -71.36735700    -71.36735700       0       0       0
  941      0.00000000    -71.36735700    -71.36735700       0       0       0
  942      0.00000000    -71.36735700    -71.36735700       0       0       0
  943      0.00000000    -71.36735700    -71.36735700       0       0       0
  944      0.00000000    -71.36735700    -71.36735700       0       0       0
  945      1.00694998    -52.55134936    -71.36735700       0       0     107
  946      2.89453627    -22.45021716    -71.36735700       3       0     153
  947      1.87400506    -29.58721679    -71.36735700       4       0     138
  948      0.00000000    -71.36735700    -71.36735700       2       0      53
  949      0.00000000    -71.36735700    -71.36735700       0       0      38
  950      0.00000000    -71.36735700    -71.36735700       0       0       9
  951      0.00000000    -71.36735700    -71.36735700       0       0       1
  952      0.00000000    -71.36735700    -71.36735700       0       0       1
  953      0.00000000    -71.36735700    -71.36735700       0       0       0
  954      0.00000000    -71.36735700    -71.36735700       0       0       0
  955      0.00000000    -71.36735700    -71.36735700       0       0       0
  956      0.00000000    -71.36735700    -71.36735700       0       0       0
  957      0.00000000    -71.36735700    -71.36735700       0       0       0
  958      0.00000000    -71.36735700    -71.36735700       0       0       0
  959      0.00000000    -71.36735700    -71.36735700       0       0       0
  960      0.00000000    -71.36735700    -71.36735700       0       0       0
  961      2.00726697    -32.01329941    -71.36735700       0       0     104
  962      1.97961250    -27.05754374    -71.36735700       5       0     152
  963      2.90081136    -17.93031721    -71.36735700       1       0     140
  964      0.00000000    -71.36735700    -71.36735700       5       0      55
  965      1.29074115    -50.40599592    -71.36735700       0       0      38
  966      0.00000000    -71.36735700    -71.36735700       2       0       9
  967      0.00000000    -71.36735700    -71.36735700       0       0       1
  968      0.00000000    -71.36735700    -71.36735700       0       0       1
  969      0.00000000    -71.36735700    -71.36735700       0       0       0
  970      0.00000000    -71.36735700    -71.36735700       0       0       0
  971      0.00000000    -71.36735700    -71.36735700       0       0       0
  972      0.00000000    -71.36735700    -71.36735700       0       0       0
  973      0.00000000    -71.36735700    -71.36735700       0       0       0
  974      0.00000000    -71.36735700    -71.36735700       0       0       0
  975      0.00000000    -71.36735700    -71.36735700       0       0       0
  976      0.00000000    -71.36735700    -71.36735700       0       0       0
  977      3.65593656    -16.37515120    -71.36735700       0       0      99
  978      4.59907527    -18.24814391    -71.36735700       5       0     156
  979      3.26061618    -10.36418979    -71.36735700       9       0     136
  980      1.00798240    -52.31776090    -71.36735700       4       0      60
  981      0.00000000    -71.36735700    -71.36735700       2       0      36
  982      0.00000000    -71.36735700    -71.36735700       0       0      11
  983      0.00000000    -71.36735700    -71.36735700       0       0       1
  984      0.00000000    -71.36735700    -71.36735700       0       0       1
  985      0.00000000    -71.36735700    -71.36735700       0       0       0
  986      0.00000000    -71.36735700    -71.36735700       0       0       0
  987      0.00000000    -71.36735700    -71.36735700       0       0       0
  988      0.00000000    -71.36735700    -71.36735700       0       0       0
  989      0.00000000    -71.36735700    -71.36735700       0       0       0
  990      0.00000000    -71.36735700    -71.36735700       0       0       0
  991      0.00000000    -71.36735700    -71.36735700       0       0       0
  992      0.00000000    -71.36735700    -71.36735700       0       0       0
  993      3.50606819    -14.14411818    -71.36735700       0       0      94
  994      1.61906065    -40.28208058    -71.36735700       5       0     152
  995      3.43744036    -29.44414469    -71.36735700       5       0     141
  996      1.42454749    -39.48323931    -71.36735700       9       0      62
  997      0.00000000    -71.36735700    -71.36735700       2       0      38
  998      0.00000000    -71.36735700    -71.36735700       0       0      11
  999      0.00000000    -71.36735700    -71.36735700       0       0       1
 1000      0.00000000    -71.36735700    -71.36735700       0       0       1
----------------------------------------------------------------------------------
Artificial Bee Colony Optimization Finished!

 -- Results Report --
 * 100 LMs will be saved in [ k_1_waters-LM ].
      #          Energy
      0    -71.36735700
      1    -71.23093261
      2    -71.16325441
      3    -70.97437146
      4    -70.88745844
      5    -70.75264216
      6    -70.49853775
      7    -70.49644110
      8    -70.48573460
      9    -70.40478846
     10    -70.21198058
     11    -70.16043920
     12    -70.15372951
     13    -70.03734856
     14    -69.95264117
     15    -69.93735826
     16    -69.90166539
     17    -69.89407948
     18    -69.86843945
     19    -69.84036197
     20    -69.77407593
     21    -69.76223696
     22    -69.69410023
     23    -69.66916529
     24    -69.66389011
     25    -69.62089370
     26    -69.55479770
     27    -69.51991397
     28    -69.48789523
     29    -69.41589957
     30    -69.34476679
     31    -69.32713968
     32    -69.23193185
     33    -69.20568484
     34    -69.20154728
     35    -69.11529653
     36    -69.04315797
     37    -68.97161820
     38    -68.92328618
     39    -68.84279718
     40    -68.81183681
     41    -68.78142655
     42    -68.78040049
     43    -68.74143350
     44    -68.68670873
     45    -68.64056399
     46    -68.64042630
     47    -68.60699949
     48    -68.58076288
     49    -68.54440959
     50    -68.46787145
     51    -68.43710031
     52    -68.42386880
     53    -68.41926394
     54    -68.40717763
     55    -68.38753897
     56    -68.36122374
     57    -68.35449777
     58    -68.26782379
     59    -68.22445467
     60    -68.18426177
     61    -68.17329589
     62    -68.15091331
     63    -67.89794125
     64    -67.78861535
     65    -67.64863929
     66    -67.55625563
     67    -67.54978037
     68    -67.52510187
     69    -67.41245495
     70    -67.36683480
     71    -67.34734852
     72    -67.12483761
     73    -66.98614790
     74    -66.93391210
     75    -66.92979085
     76    -66.86287265
     77    -66.74414416
     78    -66.70407996
     79    -66.60831870
     80    -66.58297105
     81    -66.49543487
     82    -66.46909294
     83    -66.44174749
     84    -66.38437595
     85    -66.36153861
     86    -66.28165150
     87    -66.27430244
     88    -66.26359365
     89    -66.25589214
     90    -66.23646169
     91    -66.23065242
     92    -66.09788459
     93    -66.06536293
     94    -66.02446640
     95    -66.01542780
     96    -66.00096298
     97    -65.98209564
     98    -65.85847667
     99    -65.84871735

 * Final Global Minimal Energy:    -71.36735700
 * The Global Minimum is saved as: [ k_1_waters-OPT.(cluster/xyz/gjf) ]

===== (^ _ ^) =====
Normal termination at Fri Sep 14 15:09:18 2018.
Total run time: 60 seconds = 0 days 0 hours 1 minutes 0 seconds.
