    * * * * * * * * * * * * * * * * * * * * *
    *       __    ____    ______            *
    *      /  \  |  _ \  |  ___/  luster !  *
     *    / _  \ | |_| | | |               *
     *   / /_\ | |  _ <  | |     < @  @ >  * 
     *  / ___  | | |_| | | |___ _ _  o     * 
    *  /_/   |_| |____/  |_____ _ __ __  _  *
    *                                       *
    * * * * * * * * * * * * * * * * * * * * *

ABCluster 1.5.1
Specific flag:  official version
Platform:       LINUX/UNIX
Compiled by:    junzhang@gellmann.scs.illinois.edu
Compiling date: Dec 18 2017 20:33:35
C++ compiler:   g++
C++ options:    -O3 -Os -fno-exceptions --std=c++0x -fopenmp 

Contributors:
Jun Zhang(University of Cologne): Design and coding.

For any suggestions, comments, and questions on the theory and
implementation of ABCluster, please feel free to contact:

Dr. Jun Zhang, ZhangJunQcc@gmail.com

If you used this program in your work, please cite this reference:

[1] Zhang, J.; Dolg, M.; ABCluster: The Artificial Bee Colony Algorithm for
    Cluster Global Optimization. Phys. Chem. Chem. Phys. 2015, 17, 24173-24181.
[2] Zhang, J.; Dolg, M.; Global Optimization of Clusters of Rigid Molecules by the
    Artificial Bee Colony Algorithm. Phys. Chem. Chem. Phys. 2016, 18, 3003-3010.

Program starts at Wed May  6 10:10:43 2020.
Command line: " /ihome/jkeith/amm503/codes/ABCluster151/rigidmol-optimizer solvent.inp "
Process ID:   172795
Run by:       amm503@smp-n64.crc.pitt.edu
Available CPU cores:    24
Read "OMP_NUM_THREADS": Unset

Random number testing (integers): 838268999...904495457
Random number testing (fractals): 0.96563774...0.93038410

 -- Input/Output Parameters --
Input file name:      solvent.inp
Cluster file name:    solvent.cluster
Result file name:     lm.(cluster/xyz/gjf)
Temporary file name:  abclusteramm503smp-n64.crc.pitt.edu172795-OPT
# of saved LMs:       100
LMs are stored in:    lm-LM

 -- ABC Control Parameters --
Population size:                  500
Maximal generation:              1000
Scout limit:                       15
Amplitude:                20.00000000

 -- Cluster Components: from [ solvent.cluster ] --
 -----------------------------------------------------------
   Source                                       #   Charge
 -----------------------------------------------------------
   charmm36/ch3oh.xyz                          12   -0.000
 -----------------------------------------------------------
   Dimension: 0, an isolate cluster.
 -----------------------------------------------------------

Artificial Bee Colony Optimization Starts!
----------------------------------------------------------------------------------
 * Population: 500; Maximal cycles: 1000
 * EM = Employed Bee; Trigonometric mutation
 * OL = Onlooker Bee; ABC/best/2(0.5)+ABC/current/2(0.5);
        Tournament selection from 5 nectars.
 * SC = Scout Bee; Random nectar; Limit = 15
----------------------------------------------------------------------------------
    #       Diversity            maxE            minE    byEM    byOL    bySC
----------------------------------------------------------------------------------
    1     54.25614350    -22.31879645   -416.11902017     282      56       0
    2     25.16793726   -115.08277997   -416.11902016     173      57       0
    3     15.62212422   -326.13240677   -416.11902016     105      34       0
    4     14.67406994   -340.75348300   -420.74498742     108      33       0
    5     14.36287988   -343.87288933   -420.74498741      87      44       0
    6     13.89106879   -355.80127425   -420.74498741      73      43       0
    7     13.53461758   -369.59732208   -420.74498741      59      20       0
    8     13.05998813   -370.84588272   -420.74498742      64      18       0
    9     12.48554182   -370.84588272   -422.43772181      57      14       0
   10     11.89938660   -374.51399854   -422.43772181      72      45       0
   11     11.70628899   -374.51399854   -422.43772181      49      21       0
   12     11.42540421   -374.51399854   -422.63057626      47      20       0
   13     11.23854348   -380.62528258   -422.63057626      44      34       0
   14     10.82244392   -380.62528258   -422.63057626      39      22       0
   15     10.71478602   -380.62528258   -422.63057626      24      18       0
   16     10.49392902   -380.62528258   -422.63057626      37      19       0
   17     28.92373001     -8.92653633   -422.63057626      29      13       5
   18     32.89588824    -69.12985490   -422.63057626      39      10      30
   19 31985305.76719849 715929066.66764367   -422.63057626      54       9      64
   20 31846919.37701549 712831563.90301788   -422.63057626      70      10     101
   21    124.99166624   1870.82098042   -422.63057626      98      10     104
   22 487318.06180073 10907296.39506135   -422.63057625     121      10     103
   23     56.98466575    -24.71264926   -422.63057627     115      14      53
   24     38.41984736    -24.11042469   -422.63057625     108      35      22
   25     30.02342149    -32.18013824   -422.63057626     102      34      15
   26     15.67668733   -346.83251050   -422.63057627      95      22       1
   27     22.58986185    -17.19600020   -422.63057627      63      15       2
   28     14.22340289   -348.43309753   -422.63057626      74      12       0
   29     13.41330496   -366.42135027   -422.63057625      67      14       0
   30     13.31233327   -366.42135027   -422.63057625      49      11       0
   31     12.98839785   -366.42135027   -422.63057626      62      13       0
   32     12.76797771   -366.42135027   -422.63057626      56       9       0
   33     12.34136053   -369.09371750   -422.63057627      64       6       0
   34     11.57520218   -369.09371750   -422.63057625      84       4       1
   35     12.23601467   -302.27576944   -422.63057627      79       3       3
   36     25.32879974    -45.83564768   -422.63057626     107       0      15
   37     36.25908838    -51.78277552   -422.63057626     110       1      35
   38     27.16188720    -11.39144737   -422.63057626     117       0      40
   39     46.68724672    -34.64823237   -422.63057626      89       0      68
   40     56.25053864    -29.87921262   -422.63057626      83       0      73
   41     62.02813465    -30.07246418   -422.63057626      95       0      88
   42     58.02815745    -18.31881682   -422.63057626     103       0      55
   43     47.68141039    -35.42970574   -422.63057626     104       0      56
   44     32.39772265   -139.97383657   -422.63057626      93       0      35
   45     27.60511601    -50.08325007   -422.63057626      88       0      18
   46     18.60576699   -141.01865388   -422.63057627      81       0       7
   47     12.76073103   -175.66003440   -422.63057626      61       0       4
   48     17.16890861    -45.69675490   -422.63057626      27       0       2
   49      0.00000001   -422.63057627   -422.63057626       8       0       0
   50      0.00000001   -422.63057627   -422.63057626       0       0       0
   51     16.33595093    -56.98177688   -422.63057626       0       0       1
   52      5.06025357   -337.23648710   -422.63057626       1       0       2
   53      7.46022582   -316.16769126   -422.63057626       2       0       7
   54     22.62232876   -110.82331641   -422.63057626       7       0      24
   55     43.62461333    -40.39668662   -422.63057626      22       0      45
   56 3787491.92600182 84775306.21954457   -422.63057626      44       0      55
   57     45.41215232    -20.64752189   -422.63057625      53       0      60
   58     64.36794059     -7.89783535   -422.63057625      57       0      72
   59     61.16761907    -26.40631161   -422.63057627      77       0      60
   60     47.93426396    -78.66672471   -422.63057626      73       0      56
   61 103303000.50383484 2312238303.96979856   -422.63057626      72       0      57
   62     47.82516799    -27.20593233   -422.63057626      70       0      38
   63     24.13896721    -95.56975874   -422.63057626      82       0      13
   64     20.27912057    -43.21017584   -422.63057626      50       0       7
   65      4.35228294   -365.80700477   -422.63057626      34       0       3
   66      0.00000001   -422.63057626   -422.63057626       7       0       0
   67      0.00000001   -422.63057626   -422.63057626       0       0       0
   68      8.66635150   -228.65098892   -422.63057626       0       0       1
   69     19.11938969    -66.23569535   -422.63057626       1       0       2
   70     26.70956990    -42.87735828   -422.63057626       2       0       7
   71 1022697.13117616 22890687.63299493   -422.63057627       7       0      24
   72     45.13952623    -19.48059724   -422.63057626      24       0      43
   73     34.47096647    -66.45140460   -422.63057627      44       0      47
   74     50.14338833    -21.76448360   -422.63057626      49       0      55
   75     62.72621487    -26.38077855   -422.63057626      58       0      62
   76     60.07426483    -35.80630183   -422.63057626      64       0      59
   77     51.90379698    -20.21638465   -422.63057626      78       0      60
   78     51.32565148    -23.64315645   -422.63057627      86       0      56
   79     43.59270317    -40.46414484   -422.63057626      83       0      39
   80     48.66241705    -28.80352894   -422.63057627      71       0      29
   81 1187324.13870367 26575544.72164780   -422.63057627      46       0      13
   82 1187324.22756298 26575544.72164780   -422.63057627      29       0       3
   83      1.97877689   -378.33946666   -422.63057627       9       0       0
   84      0.00000001   -422.63057627   -422.63057627       1       0       0
   85      1.74416898   -383.59071283   -422.63057627       0       0       1
   86     13.82976791   -114.71879705   -422.63057627       1       0       2
   87     10.31553665   -260.30618176   -422.63057627       2       0       6
   88     34.86985957    -40.81200232   -422.63057627       6       0      20
   89     33.37959228    -41.52278179   -422.63057626      19       0      39
   90     44.79497790    -36.37994875   -422.63057626      36       0      43
   91     61.80359581    -23.31080042   -422.63057626      40       0      49
   92     45.88237180    -40.61865813   -422.63057626      65       0      63
   93 5541744.43435659 124040867.39702198   -422.63057625      64       0      54
   94     53.41692582    -19.07327936   -422.63057626      72       0      62
   95     48.82613504    -31.49968092   -422.63057625      80       0      54
   96     48.09717478    -17.50638919   -422.63057626      74       0      54
   97     31.74690836    -72.50280975   -422.63057625      66       0      27
   98     34.33990999    -35.58706232   -422.63057626      69       0      21
   99     16.85448717   -137.03107873   -422.63057626      37       0       5
  100      2.51818837   -366.26577943   -422.63057625      16       0       0
  101      0.00000001   -422.63057626   -422.63057625       1       0       0
  102      0.81503220   -404.38765006   -422.63057626       0       0       1
  103     15.87879287    -73.30787644   -422.63057626       1       0       2
  104     21.78721415    -41.87291817   -422.63057625       2       0       6
  105     40.12846362    -26.64725527   -422.63057627       6       0      20
  106     43.25317777    -24.65899921   -422.63057626      19       0      36
  107 76806131.18562156 1719156909.94004607   -422.63057627      38       0      36
  108     32.56864655    -41.23326127   -422.63057622      38       0      39
  109     44.35310161    -40.20367142   -422.63057622      43       0      65
  110     46.85487587    -12.22547588   -422.63057626      65       0      49
  111     47.70073224    -21.04268880   -422.63057627      62       0      60
  112     45.92149466    -22.73742257   -422.63057627      68       0      61
  113     38.48726455    -61.69301789   -422.63057627      62       0      54
  114     40.96410725    -23.95181912   -422.63057626      74       0      35
  115     40.94350036     41.63086704   -422.63057625      68       0      28
  116     22.73500165    -28.79252468   -422.63057626      57       0       8
  117      2.08295896   -387.12700728   -422.63057626      19       0       0
  118      0.00000001   -422.63057626   -422.63057626       3       0       0
  119     13.13333064   -128.66626397   -422.63057624       0       0       1
  120      1.40783534   -399.03628893   -422.63057624       1       0       2
  121     30.20801467    -32.12162091   -422.63057626       2       0       6
  122     24.38047216    -30.47793144   -422.63057626       6       0      17
  123  46257.88795793 1034977.15596047   -422.63057626      17       0      35
  124     36.04835483    -30.21065815   -422.63057626      33       0      32
  125 7573557.47668335 169519084.96305326   -422.63057627      29       0      38
  126 109529493.24486983 2430506263.50849533   -422.63057626      45       0      66
  127 16702475.95497740 373852343.24355721   -422.63057627      60       0      41
  128 38321768.04712905 857758562.58999157   -422.63057626      55       0      54
  129     47.08540692    -43.91595032   -422.63057626      53       0      69
  130     54.50627481    -15.18960030   -422.63057625      69       0      49
  131     46.68792579    -30.21960744   -422.63057626      72       0      41
  132     36.18576313    -24.59008969   -422.63057626      62       0      32
  133     34.87841559    -42.07670686   -422.63057627      53       0      17
  134      6.02227216   -359.16832489   -422.63057626      39       0       0
  135      0.46020969   -415.33942527   -422.63057626      13       0       0
  136      2.93965734   -356.83200833   -422.63057626       2       0       1
  137      1.68778263   -385.88159836   -422.63057626       1       0       2
  138     19.65405235   -116.90536570   -422.63057626       2       0       6
  139      8.95487955   -312.14098804   -422.63057627       5       0      17
  140     50.02378257    -34.48695510   -422.63057627      17       0      34
  141     34.31256571    -31.76530310   -422.63057626      33       0      30
  142     37.54955333    -30.86838176   -422.63057626      33       0      34
  143     46.33522852    -51.75537295   -422.63057627      37       0      56
  144     54.23388803    -19.66703629   -422.63057626      53       0      50
  145     53.34539075    -12.01174302   -422.63057626      63       0      47
  146     53.51066271    272.52333255   -422.63057626      60       0      69
  147     47.57533000    -22.88875625   -422.63057625      70       0      48
  148     54.10235444    -20.27334412   -422.63057626      78       0      44
  149 496075.98263085 11103291.30183423   -422.63057626      67       0      35
  150     32.33423843    -31.68997344   -422.63057625      49       0      22
  151      7.40114914   -337.51940950   -422.63057626      37       0       4
  152      2.17442104   -387.81341814   -422.63057626      17       0       1
  153      0.45216634   -412.50970349   -422.63057626       2       0       1
  154      2.40298208   -381.47336536   -422.63057626       1       0       2
  155     16.82052529    -66.73441597   -422.63057626       2       0       6
  156     23.53715647   -102.51006686   -422.63057626       6       0      16
  157 67361681.04860903 1507761080.54491878   -422.63057626      14       0      33
  158     32.42081893    -29.01289306   -422.63057626      33       0      29
  159     47.88169253    -62.81946404   -422.63057625      28       0      32
  160     39.83161569    -46.19797627   -422.63057626      38       0      46
  161     51.40595676    -16.88706478   -422.63057626      43       0      50
  162     39.73045534    -52.72321670   -422.63057625      56       0      44
  163 314745364.70327282 7044968398.12812996   -422.63057626      50       0      64
  164     40.39548975    -16.37461844   -422.63057626      66       0      52
  165     40.88259579    -79.46060790   -422.63057626      74       0      50
  166     33.40537652    -44.42354336   -422.63057626      75       0      41
  167     42.23669013     84.29147094   -422.63057625      61       0      26
  168     10.30612543   -309.46719962   -422.63057626      43       0       7
  169     17.59836141    -33.35441078   -422.63057627      16       0       1
  170      3.53635241   -343.47613836   -422.63057626       4       0       1
  171      3.69292901   -341.43929689   -422.63057626       1       0       2
  172     12.67689970   -186.19006839   -422.63057627       2       0       6
  173     19.05937970   -106.73724851   -422.63057626       6       0      15
  174     39.38342901    -37.42569400   -422.63057626      15       0      32
  175     33.17388875    -30.72477275   -422.63057625      30       0      29
  176     45.46027523    -12.70859760   -422.63057626      30       0      28
  177     40.01042325    -14.21987617   -422.63057626      30       0      41
  178     59.59022494    -12.93078217   -422.63057626      40       0      51
  179     38.54288289    -43.36983025   -422.63057626      56       0      43
  180     54.71204524    -18.08036755   -422.63057627      53       0      54
  181     46.48271656    -28.28508618   -422.63057626      63       0      56
  182     50.65292921    -47.29460206   -422.63057626      66       0      55
  183 263362327.17257822 5894858061.18533134   -422.63057625      64       0      41
  184     41.21990007    -13.04510389   -422.63057625      50       0      35
  185     12.73595499   -331.04205005   -422.63057626      57       0       8
  186     17.55799073    -57.17712824   -422.63057625      39       0       3
  187      1.19301694   -395.92718978   -422.63057626      14       0       1
  188      3.05618092   -361.72429482   -422.63057626       1       0       2
  189     19.48716553    -56.46305918   -422.63057625       2       0       6
  190     32.06999574    -37.12595163   -422.63057626       6       0      15
  191     35.84882345    -15.43450786   -422.63057626      14       0      28
  192     39.14867356    -35.23924452   -422.63057626      27       0      31
  193     40.23757885    -43.80510427   -422.63057626      33       0      29
  194     37.26337093    -34.68912752   -422.63057625      32       0      33
  195     46.35276189    -22.09296785   -422.63057624      39       0      52
  196     37.12100661    -49.39169572   -422.63057626      49       0      40
  197 19296585.94225381 431916502.72036791   -422.63057624      47       0      52
  198     45.23686529    -18.41613374   -422.63057626      55       0      50
  199     53.86567068    -25.80048133   -422.63057625      59       0      56
  200     34.27702686   -109.22745327   -422.63057626      67       0      44
  201     36.11920773    -67.89221906   -422.63057626      51       0      35
  202     27.75915530    -79.48499684   -422.63057624      62       0      22
  203     18.71722470    -68.68113854   -422.63057626      41       0       4
  204      3.08926701   -359.37334291   -422.63057626      18       0       1
  205      2.16573796   -388.12747824   -422.63057626       4       0       2
  206     33.56459042    -35.41075360   -422.63057626       2       0       6
  207     20.85616319    -57.14397671   -422.63057625       6       0      15
  208     27.57350524    -36.51186626   -422.63057625      15       0      26
  209     34.93993017    -38.80784258   -422.63057626      25       0      29
  210     35.11402335    -52.70407344   -422.63057626      30       0      28
  211     30.86484244    -76.51639292   -422.63057626      32       0      35
  212     34.22356212    -70.34878529   -422.63057625      36       0      44
  213     47.86404927    -23.68904925   -422.63057624      45       0      45
  214     44.92318106     17.82950135   -422.63057626      48       0      49
  215 570233.50431827 12763168.62773380   -422.63057626      54       0      47
  216     44.37594132    -17.26857693   -422.63057625      55       0      49
  217 5402165.70730581 120916664.46843886   -422.63057626      57       0      45
  218     41.97006041    -31.46400111   -422.63057626      58       0      42
  219     45.33545968    -29.10215201   -422.63057625      63       0      27
  220     24.27469641    -38.71498464   -422.63057626      48       0      10
  221     10.62395845   -191.79020759   -422.63057625      23       0       1
  222      2.60183862   -371.60593913   -422.63057626       5       0       2
  223      5.52807066   -348.32558835   -422.63057626       2       0       5
  224     33.11874269    -31.62620703   -422.63057625       5       0      16
  225     38.96135149    -35.79198713   -422.63057626      16       0      24
  226     19.32480304   -119.88603169   -422.63057625      24       0      25
  227     42.91483696    -14.10994108   -422.63057626      25       0      33
  228     47.88555870    -33.23093658   -422.63057626      37       0      35
  229     39.97054676    -72.71656686   -422.63057626      37       0      42
  230     42.10866056    -24.43519401   -422.63057626      41       0      37
  231     36.63654528    -45.76747509   -422.63057626      43       0      50
  232     55.64636827    -16.31475622   -422.63057625      50       0      46
  233     44.48081371    -22.03754829   -422.63057626      60       0      46
  234     36.44330104    -27.11615970   -422.63057625      58       0      37
  235     47.74889095    -17.62914292   -422.63057626      52       0      51
  236     43.53550543    -30.82245885   -422.63057625      49       0      35
  237     15.96829433   -134.62783120   -422.63057626      51       0      13
  238      6.44967106   -302.11924864   -422.63057626      28       0       3
  239      3.44787895   -367.90170000   -422.63057626       4       0       2
  240     21.21823257   -130.14437234   -422.63057626       2       0       5
  241     30.14323762    -36.91694328   -422.63057626       5       0      14
  242     31.42904407    -38.63222282   -422.63057626      12       0      24
  243     38.23276493    -50.97948879   -422.63057626      22       0      24
  244     39.04348703    -17.71389925   -422.63057626      31       0      33
  245     33.30780548    -31.49328084   -422.63057626      34       0      34
  246     40.20707910    -28.79665398   -422.63057626      39       0      41
  247 5829903.22910778 130490742.08798295   -422.63057625      41       0      35
  248 174734148.73933485 3911086978.17730999   -422.63057625      42       0      46
  249 298266.93011285 6675718.82527174   -422.63057625      50       0      46
  250     48.65766281    -25.66779091   -422.63057626      53       0      45
  251     41.13178279    -53.68480743   -422.63057626      59       0      42
  252     46.35630730    -29.78429634   -422.63057626      63       0      47
  253 292851284.06822741 6554911563.44346046   -422.63057626      54       0      42
  254     27.77003598    -94.80520239   -422.63057627      60       0      17
  255     13.19373809   -154.94632195   -422.63057627      33       0       3
  256     13.49072134   -122.11077681   -422.63057627      12       0       2
  257     22.40126062   -102.76369270   -422.63057626       2       0       5
  258      7.71111025   -336.35064420   -422.63057626       5       0      12
  259 127437999.02538285 2852453751.82657146   -422.63057627      12       0      24
  260     32.60109243    -76.58449439   -422.63057625      22       0      22
  261     41.12606128    -33.20207165   -422.63057626      24       0      31
  262     35.88211827    -62.39843419   -422.63057626      32       0      34
  263 2656142.52214851 59452220.78193472   -422.63057626      41       0      37
  264     43.45852786    -25.95025340   -422.63057626      41       0      39
  265 205428.57847885 4597709.99387457   -422.63057627      46       0      41
  266     37.95070102    -70.37766372   -422.63057626      43       0      41
  267     50.77232218    -26.54716434   -422.63057626      48       0      51
  268     46.14955735    -39.48631564   -422.63057626      53       0      42
  269     44.80375722    -21.71187307   -422.63057627      53       0      40
  270     56.35972052    -13.10483168   -422.63057626      67       0      50
  271     30.14570992    -25.98174746   -422.63057626      57       0      23
  272      6.93742898   -356.08717655   -422.63057626      47       0       6
  273      1.73473885   -388.96608639   -422.63057626      19       0       2
  274      4.61463673   -364.90969536   -422.63057626       3       0       5
  275     25.41814544     -9.76453105   -422.63057626       5       0      12
  276     30.38273324    -73.79653958   -422.63057626      12       0      21
  277     28.41644502    -52.67711827   -422.63057626      22       0      23
  278     32.21578312    -32.12240845   -422.63057626      21       0      29
  279     26.97130419   -111.80391526   -422.63057626      31       0      33
  280     47.14725274    -13.60431877   -422.63057626      38       0      35
  281     42.85911850    -39.12180116   -422.63057626      37       0      39
  282     35.91611697    -48.03957443   -422.63057626      45       0      37
  283     48.06584407    -28.23929580   -422.63057626      44       0      44
  284     47.16612209    -42.62262663   -422.63057626      48       0      43
  285     53.85854030    -31.48233111   -422.63057626      53       0      45
  286     32.52673514   -121.52500316   -422.63057626      52       0      40
  287     46.88873787    -47.40225637   -422.63057626      55       0      43
  288     46.23877776    -44.47570977   -422.63057626      53       0      39
  289    163.10816778   3218.05121785   -422.63057626      52       0      10
  290      7.45544245   -259.29990084   -422.63057626      20       0       2
  291     16.35773506    -66.41507342   -422.63057626       3       0       5
  292     26.72021098    -87.47746661   -422.63057626       5       0      10
  293 42679636.87084702 955301054.98431885   -422.63057626      10       0      22
  294 113715847.65518476 2542132669.84595299   -422.63057626      23       0      21
  295     37.38976303    -28.78149373   -422.63057626      19       0      29
  296     32.65928315    -29.99853675   -422.63057626      28       0      30
  297     33.81608988    -23.72267494   -422.63057626      33       0      30
  298     52.94031633    -38.29389742   -422.63057627      32       0      45
  299     42.91421380    -29.79620192   -422.63057626      48       0      34
  300     47.90252831    -37.42655861   -422.63057627      39       0      43
  301     36.84795568    -41.71543973   -422.63057626      48       0      43
  302     49.14384081    -41.48635552   -422.63057626      49       0      44
  303     29.11966610    -37.21514929   -422.63057625      51       0      42
  304     54.38990924    -28.55382549   -422.63057626      62       0      41
  305     38.08248025    -19.53817864   -422.63057627      47       0      44
  306     25.58234663    -73.41452560   -422.63057626      49       0      14
  307      5.23032094   -380.19135318   -422.63057627      27       0       3
  308     13.29290319   -148.85531717   -422.63057626      13       0       5
  309     20.80943309    -72.27302261   -422.63057627       5       0       9
  310     35.53923820    -88.24582261   -422.63057626       9       0      23
  311     26.69501828    -63.11991532   -422.63057626      21       0      20
  312     35.08222338    -68.30380126   -422.63057626      22       0      27
  313 31051430.23474126 695026043.73075140   -422.63057625      31       0      29
  314     39.82741371    -11.86063329   -422.63057627      29       0      31
  315 1263505.45971081 28280723.46582275   -422.63057623      35       0      40
  316 77939568.30413295 1744526714.11056399   -422.63057627      41       0      34
  317     46.21665919    -18.15248486   -422.63057626      40       0      42
  318     56.24618966    -19.35280431   -422.63057626      39       0      42
  319 43613155.57023423 976196081.44511569   -422.63057626      53       0      45
  320     41.84916898    -40.13503307   -422.63057626      50       0      46
  321     51.19407705    -13.40903092   -422.63057626      52       0      39
  322     35.05099679   -101.19414200   -422.63057626      57       0      39
  323     33.16627646    -46.88224103   -422.63057627      48       0      23
  324      9.11286470   -332.19386301   -422.63057626      42       0       6
  325     16.84416700    -93.24349570   -422.63057626      14       0       5
  326     36.63040622    -18.94691978   -422.63057626       6       0       9
  327     30.72254315    -45.12387378   -422.63057627       9       0      20
  328     30.02079281    -39.88876954   -422.63057626      18       0      22
  329     35.85983942    -13.28851583   -422.63057626      23       0      26
  330     24.83409282   -132.20545460   -422.63057626      28       0      26
  331     33.93985248    -20.67766673   -422.63057626      30       0      31
  332     49.77488955    -26.17047685   -422.63057625      32       0      39
  333     26.82396351    -54.32569289   -422.63057625      36       0      34
  334     49.02404633    -20.49583192   -422.63057626      40       0      39
  335     38.18831672    -65.67831870   -422.63057626      44       0      44
  336     44.33192444    -48.56515209   -422.63057626      53       0      43
  337     47.14277905    -25.97065030   -422.63057626      51       0      44
  338     36.38485710    -58.64026432   -422.63057626      50       0      39
  339     32.36070308    -58.64026432   -422.63057626      45       0      42
  340     30.18523348    -38.83624670   -422.63057626      49       0      26
  341     36.01200342    -25.75013985   -422.63057626      37       0      10
  342     19.87952385    -31.77215469   -422.63057626      17       0       6
  343     16.19055345   -187.50082671   -422.63057626       7       0       9
  344     19.94148525    -92.96712175   -422.63057626       9       0      18
  345     29.17446139    -29.93974873   -422.63057626      18       0      23
  346     36.63354627    -29.21805662   -422.63057626      23       0      23
  347     36.47927259    -66.46004913   -422.63057626      23       0      27
  348     45.43144254    -18.67543336   -422.63057626      34       0      34
  349     43.98294585    -17.58770604   -422.63057626      38       0      32
  350 395871722.00639856 8860825652.29884720   -422.63057626      32       0      35
  351     41.28676477    -42.58924753   -422.63057626      44       0      38
  352     47.48034350    -32.94052993   -422.63057626      38       0      42
  353     44.96621311    -25.54560598   -422.63057626      46       0      46
  354     45.41116142    -36.36304998   -422.63057625      56       0      43
  355     47.09983517    -22.52970718   -422.63057626      51       0      38
  356     36.48343603    -42.99705830   -422.63057626      42       0      45
  357     35.79332099    -26.15532210   -422.63057625      45       0      27
  358     26.43478497    -79.37476819   -422.63057626      46       0      14
  359      6.27202090   -338.62495606   -422.63057626      23       0       6
  360     20.86819617    -54.09663549   -422.63057626      10       0       8
  361 6410293.94477569 143481665.97818464   -422.63057626       8       0      18
  362     40.41123590    -31.29453880   -422.63057626      18       0      19
  363 41788622.94900084 935357424.30883551   -422.63057626      19       0      26
  364     26.92032907    -36.61810380   -422.63057625      28       0      25
  365     36.71245384    -15.71058410   -422.63057625      25       0      34
  366     40.48618104    -49.47023274   -422.63057625      36       0      31
  367     42.23117447    -28.21286541   -422.63057625      35       0      35
  368     47.41503512    -36.90687273   -422.63057626      36       0      35
  369     50.81481592    -30.56909854   -422.63057625      37       0      40
  370     56.11734464    -51.57040797   -422.63057626      45       0      51
  371     36.73629747    -45.89184031   -422.63057625      54       0      41
  372     46.88879515    -19.43375836   -422.63057627      43       0      40
  373     47.95464792    -19.43375836   -422.63057626      51       0      40
  374     39.91073601    -52.88574491   -422.63057625      46       0      32
  375     28.04776026    -27.25423907   -422.63057626      42       0      18
  376     10.48958275   -249.38677148   -422.63057627      33       0       7
  377     23.10545901   -110.43075034   -422.63057627      10       0       8
  378     24.07773183    -63.96492612   -422.63057627      10       0      18
  379     30.16511939    -55.56507351   -422.63057627      17       0      15
  380     24.67978212    -28.70501955   -422.63057627      16       0      27
  381     28.45710435    -54.41595962   -422.63057627      25       0      28
  382     46.64986124    -23.38738893   -422.63057625      30       0      31
  383     38.80363525    -37.05813259   -422.63057627      38       0      31
  384     42.97757626    -11.46536042   -422.63057627      33       0      34
  385     37.54692427    -43.01180147   -422.63057627      32       0      36
  386     36.57482302    -38.48952628   -422.63057627      42       0      35
  387     42.64027907    -33.08110032   -422.63057627      40       0      50
  388     34.09209337    -36.97807103   -422.63057627      54       0      44
  389     34.78471903    -49.07642492   -422.63057627      50       0      41
  390     45.14074428    -15.95009178   -422.63057627      54       0      38
  391     39.52280794    -58.88999593   -422.63057627      48       0      30
  392     21.34826649   -124.04290322   -422.63057627      40       0      23
  393      8.16748274   -346.99431747   -422.63057627      28       0      11
  394 36183019.77265992 809886789.93017781   -422.63057627      17       0       8
  395     31.18377629    -75.46425867   -422.63057627       9       0      17
  396     17.11421914   -215.81537440   -422.63057627      15       0      16
  397 4235184.86569542 94796039.05467404   -422.63057627      18       0      23
  398     31.13085139    -42.10963240   -422.63057627      20       0      29
  399     42.65103974    -58.21608925   -422.63057627      29       0      30
  400     31.35101789   -105.16957496   -422.63057627      35       0      31
  401     52.61993621    -33.37247400   -422.63057627      30       0      32
  402     42.29530437    -30.42940952   -422.63057627      36       0      37
  403 827446.75375628 18520387.98292664   -422.63057627      43       0      36
  404     45.31670592    -37.21123094   -422.63057627      43       0      46
  405     51.49233370    -25.87344299   -422.63057627      54       0      38
  406     42.37681441      1.93773837   -422.63057627      45       0      49
  407 265438659.16886052 5941332750.91987133   -422.63057627      58       0      37
  408     37.73334818    -14.53780640   -422.63057627      44       0      31
  409     28.86332734    -35.37531747   -422.63057627      38       0      28
  410     29.33656821    -37.67060059   -422.63057627      32       0      12
  411     20.65693100   -103.88832215   -422.63057627      23       0       8
  412     28.32458939      0.05609251   -422.63057627      12       0      17
  413     36.70537896    -37.10947616   -422.63057627      17       0      15
  414     24.29555103   -164.89851495   -422.63057627      15       0      24
  415     39.90832955    -30.95149989   -422.63057627      25       0      26
  416     33.80739515    -22.21234678   -422.63057627      28       0      31
  417 16923242.15127302 378793766.05907673   -422.63057627      31       0      27
  418     40.69676810    -33.72722810   -422.63057627      34       0      34
  419     41.19242163    -44.68890047   -422.63057626      32       0      33
  420     43.12327104    -27.24249651   -422.63057627      35       0      35
  421     42.10633652    -42.00949777   -422.63057627      35       0      46
  422     39.51404587    -51.64274194   -422.63057627      48       0      41
  423     51.70474558    -20.17396478   -422.63057627      48       0      45
  424     33.94372284    -26.24093431   -422.63057627      54       0      41
  425     44.50567481    -25.56449866   -422.63057626      48       0      30
  426     44.31847415    -34.99231898   -422.63057627      49       0      32
  427     14.34941320   -169.77639841   -422.63057627      43       0      14
  428     15.46828800   -123.33893434   -422.63057627      20       0       8
  429     29.41416751    -21.94349061   -422.63057627      13       0      18
  430     23.15480245    -50.90675501   -422.63057627      20       0      15
  431     13.66739243   -222.27158158   -422.63057627      18       0      20
  432     34.03428803    -48.30829397   -422.63057627      19       0      28
  433     34.12846714    -36.90484298   -422.63057627      28       0      28
  434     28.79539803    -56.63939771   -422.63057627      29       0      32
  435     29.05769524    -73.75910933   -422.63057627      32       0      31
  436     35.18816714    -59.62832635   -422.63057627      34       0      36
  437     37.02735694    -16.23612200   -422.63057627      40       0      29
  438     41.97350501    -34.20989512   -422.63057627      37       0      42
  439     30.90043230    -24.53660063   -422.63057627      44       0      40
  440     46.76944240    -19.28641874   -422.63057627      43       0      42
  441     47.31176133    -27.46442593   -422.63057627      50       0      48
  442     48.00092957    -18.08781181   -422.63057627      52       0      30
  443 18579678.90524828 415869913.99648398   -422.63057627      45       0      32
  444     30.02324524   -104.38402639   -422.63057627      38       0      20
  445     21.31200103    -62.23211255   -422.63057627      35       0       8
  446     26.90087393    -56.88490161   -422.63057627       9       0      17
  447     30.24431244    -18.08840370   -422.63057627      17       0      16
  448     39.03983732    -17.16708172   -422.63057627      16       0      20
  449     41.19139761    -40.86852276   -422.63057627      21       0      28
  450     41.63703533    -23.31680187   -422.63057627      27       0      27
  451     39.44237872    -33.51037194   -422.63057627      27       0      27
  452     34.95371327    -28.09003878   -422.63057627      29       0      36
  453     38.60695088    -59.59707221   -422.63057627      38       0      35
  454     39.18025677    -38.16834808   -422.63057627      38       0      28
  455     54.88410585    -14.46784813   -422.63057627      42       0      38
  456     50.50948297    -21.91845974   -422.63057627      43       0      41
  457  32179.30010091 719858.48632794   -422.63057627      43       0      35
  458     37.99542167    -78.97958573   -422.63057627      40       0      55
  459 282679590.21635586 6327237785.68397331   -422.63057627      56       0      32
  460     37.96589425    -48.11644755   -422.63057627      51       0      31
  461     37.95056344    -26.00546031   -422.63057627      44       0      25
  462     13.68276549   -256.65807041   -422.63057627      37       0       9
  463     17.65959859   -159.48982482   -422.63057627      20       0      16
  464     31.14904549    -47.72655413   -422.63057627      17       0      17
  465     15.25190194   -150.60858857   -422.63057627      20       0      19
  466 185007290.30169651 4141031463.07156324   -422.63057627      19       0      27
  467     38.42307656    -14.52419045   -422.63057627      26       0      26
  468 2178946.91492495 48771113.19353031   -422.63057627      28       0      25
  469     36.42655818    -17.61656065   -422.63057627      28       0      33
  470     46.09017694    -37.53324042   -422.63057627      31       0      38
  471     41.10066003    -24.05484517   -422.63057627      40       0      27
  472     39.07535947    -41.33922435   -422.63057627      36       0      38
  473     47.31261695    -32.58330319   -422.63057627      42       0      43
  474     44.38877915    -26.85391308   -422.63057627      47       0      31
  475     49.07487128    -11.95806980   -422.63057627      43       0      49
  476     51.56296741    -28.99368662   -422.63057627      48       0      35
  477     45.48324959    -44.33570054   -422.63057627      53       0      32
  478  55227.84529650 1187911.62609562   -422.63057627      47       0      29
  479     19.25703517    -52.91196606   -422.63057627      37       0      13
  480     29.19279196    -53.56855158   -422.63057627      21       0      17
  481     11.56556752   -295.75693940   -422.63057627      18       0      17
  482     27.06037005    -65.21115190   -422.63057627      18       0      20
  483     36.38873024    -53.91395186   -422.63057627      22       0      26
  484     25.19350329   -122.21728392   -422.63057627      26       0      22
  485     33.90269142    -24.52667726   -422.63057627      24       0      29
  486     28.78091440    -33.33826804   -422.63057627      32       0      26
  487     42.75508394    -39.59457945   -422.63057627      31       0      41
  488     41.71883627    -24.96806864   -422.63057627      39       0      27
  489     37.77245876    -37.86290625   -422.63057627      36       0      35
  490     45.78754150    -26.24571741   -422.63057627      36       0      44
  491     28.12761022    -34.79766575   -422.63057627      47       0      32
  492     55.83514571    -23.64578399   -422.63057627      40       0      46
  493     41.52237641    -40.91359301   -422.63057627      50       0      32
  494 294439643.30033082 6590463924.75121212   -422.63057627      47       0      35
  495     42.05659039    -21.62007077   -422.63057627      45       0      32
  496 24565901.36931786 549859973.24412525   -422.63057627      40       0      19
  497     21.70815746    -46.05502167   -422.63057627      25       0      16
  498     34.37258796    -15.35713359   -422.63057627      21       0      17
  499     32.81770220    -20.21166206   -422.63057627      20       0      21
  500     33.04420282    -71.66552719   -422.63057627      21       0      21
  501     39.99415042    -30.19085577   -422.63057627      21       0      25
  502     31.06583008    -80.29912954   -422.63057627      25       0      28
  503     41.01547333    -29.39080314   -422.63057627      28       0      26
  504     51.87997266    -31.30574005   -422.63057627      28       0      38
  505     34.85695049    -40.82905017   -422.63057627      40       0      30
  506     29.81874007   -102.88345442   -422.63057627      33       0      27
  507     51.37588589    -21.74799347   -422.63057627      35       0      46
  508     32.34667041    -65.94046363   -422.63057627      46       0      36
  509     38.99119648    -52.72630459   -422.63057627      46       0      39
  510     47.51170597    -14.05789702   -422.63057627      36       0      38
  511     40.67757668     -2.73479008   -422.63057627      47       0      36
  512     42.42298750    -10.20733611   -422.63057627      46       0      30
  513     31.82005797    -43.44624884   -422.63057627      40       0      24
  514     32.83816612    -64.06985618   -422.63057627      30       0      17
  515     29.05648854    -54.90735415   -422.63057627      23       0      16
  516     39.34073925    -32.21425372   -422.63057627      16       0      23
  517     26.46258208    -62.98912139   -422.63057627      23       0      20
  518     45.05298450    -29.80398322   -422.63057627      23       0      26
  519     27.39046617    -55.49110806   -422.63057627      30       0      25
  520     32.89956600    -26.13833030   -422.63057627      24       0      25
  521     50.32965249    -40.55595007   -422.63057627      26       0      39
  522     37.53228359    -21.75140221   -422.63057627      41       0      25
  523     45.90584873    -11.16102124   -422.63057627      33       0      32
  524     24.89345874    -83.19821197   -422.63057627      36       0      39
  525     47.17318228    -17.18811318   -422.63057627      42       0      43
  526     44.04630308    -38.05834986   -422.63057627      48       0      34
  527     37.03524823    -38.05834986   -422.63057627      37       0      40
  528     38.49795654     -8.40330728   -422.63057627      46       0      35
  529     43.30724683    -18.59064594   -422.63057626      50       0      32
  530     31.45594415    -46.02785442   -422.63057627      38       0      28
  531     23.68572296    -36.71735911   -422.63057627      32       0      17
  532     35.58980896     -9.18212251   -422.63057627      24       0      17
  533     27.30363250    -92.67191135   -422.63057627      17       0      21
  534     24.21485169    -78.36292585   -422.63057627      21       0      18
  535     40.97374143    -41.47086999   -422.63057627      19       0      28
  536     36.79857457    -15.07942591   -422.63057627      28       0      25
  537     33.28905358   -113.47687225   -422.63057625      25       0      25
  538     44.18060892    -10.28607668   -422.63057627      29       0      35
  539     35.97765806    -48.61985981   -422.63057627      39       0      26
  540     33.59717051    -32.44545343   -422.63057627      34       0      36
  541     40.66068599    -37.88463258   -422.63057627      31       0      33
  542     41.86449421    -43.37128327   -422.63057627      39       0      41
  543     36.39257825    -80.29809846   -422.63057627      45       0      37
  544     48.80060586    -22.16432295   -422.63057627      46       0      39
  545     44.17139030    -31.81565979   -422.63057627      48       0      37
  546     39.01987775    -94.20523394   -422.63057627      47       0      31
  547     30.57110991    -33.92599343   -422.63057627      40       0      30
  548     28.62500697    -55.91333924   -422.63057627      38       0      20
  549 23290967.40991728 521323029.16738945   -422.63057626      23       0      18
  550     35.05523328    -40.06285462   -422.63057627      21       0      20
  551     25.28599405    -25.33414378   -422.63057627      21       0      18
  552 36270323.75151240 811840925.91732228   -422.63057626      20       0      28
  553     31.10336412    -56.38580588   -422.63057627      29       0      22
  554     39.32987460    -26.28896639   -422.63057627      27       0      26
  555     43.88599812    -54.49613620   -422.63057627      22       0      31
  556     38.39129871    -21.08944962   -422.63057627      33       0      31
  557     29.77203780    -70.91825749   -422.63057627      38       0      33
  558     33.93532272    -21.16516544   -422.63057627      39       0      29
  559     38.54704769    -26.95279345   -422.63057627      30       0      41
  560     52.13486929    -25.58099923   -422.63057626      47       0      41
  561     29.65068908    -22.84478000   -422.63057627      49       0      35
  562     36.08092634    -54.80210893   -422.63057626      50       0      37
  563     35.60274389    -24.58430141   -422.63057627      43       0      33
  564     35.14971000    -27.47382394   -422.63057626      41       0      36
  565     41.69852588    -15.94577235   -422.63057627      37       0      19
  566     34.95160422     -8.59810576   -422.63057627      22       0      20
  567 141440991.22156921 3165883761.31510973   -422.63057627      22       0      19
  568     35.81168632    -19.57511335   -422.63057627      21       0      16
  569     39.72143199    -20.71183422   -422.63057627      16       0      28
  570     38.66239969    -58.08092510   -422.63057627      28       0      24
  571     36.56787501    -50.82137124   -422.63057626      28       0      26
  572     37.20914185    -51.54663108   -422.63057626      27       0      28
  573     39.52361816    -23.54121579   -422.63057627      30       0      28
  574     35.11588345    -18.96222960   -422.63057626      33       0      36
  575     34.35230366    -33.63300163   -422.63057626      34       0      30
  576     33.40139878    -23.27810693   -422.63057627      39       0      31
  577     46.07236700    -31.47228979   -422.63057626      35       0      40
  578     43.35521667    -40.24126711   -422.63057626      47       0      43
  579     47.77384717    -13.30397184   -422.63057627      44       0      38
  580     45.30455502    -14.46585266   -422.63057626      46       0      35
  581     37.31274564    -63.77023401   -422.63057626      44       0      39
  582     30.15404355    -54.58282596   -422.63057626      44       0      19
  583     26.21219791    -97.22965013   -422.63057626      26       0      19
  584     21.79004825    -84.56075258   -422.63057626      24       0      18
  585     31.09525873    -12.53895123   -422.63057627      16       0      18
  586     37.10055325    -11.35155743   -422.63057626      21       0      25
  587     32.37529180    -27.74120378   -422.63057626      26       0      24
  588     30.70414950    -38.62719856   -422.63057627      23       0      26
  589     41.63280903    -66.71672755   -422.63057626      30       0      26
  590     47.92193917    -27.11898519   -422.63057626      28       0      31
  591     38.20740683    -37.32079131   -422.63057626      36       0      33
  592     32.34506029    -55.07020943   -422.63057627      32       0      32
  593  16968.49755212 379388.82879120   -422.63057626      39       0      25
  594     41.99107344    -18.05060993   -422.63057626      32       0      45
  595     36.92674917    -41.59300268   -422.63057626      43       0      41
  596     51.07021695    -28.25757857   -422.63057626      47       0      35
  597     31.17320720    -36.28923112   -422.63057626      43       0      39
  598     40.83806755    -49.67665887   -422.63057626      45       0      40
  599     32.41231956    -10.67061335   -422.63057626      48       0      21
  600     20.28334020    -29.49765342   -422.63057626      37       0      19
  601     23.50001613   -144.28024207   -422.63057626      22       0      19
  602     24.43727284    -37.59007316   -422.63057626      21       0      18
  603 764513.60299683 17111746.39973637   -422.63057626      21       0      23
  604     25.80014669    -58.10717113   -422.63057626      22       0      26
  605     28.81752723    -24.08243674   -422.63057626      28       0      25
  606     40.34011285    -24.03758947   -422.63057626      23       0      24
  607     27.99493492   -112.98284302   -422.63057626      27       0      31
  608     37.39543144    -25.42577053   -422.63057626      30       0      30
  609     38.96296166    -47.69657509   -422.63057626      33       0      35
  610     30.49636465    -68.34576347   -422.63057627      36       0      26
  611     36.04810547    -61.33786661   -422.63057626      31       0      38
  612     52.97824699    -21.56740405   -422.63057626      40       0      48
  613 247353.52027109 5536117.61431057   -422.63057626      51       0      32
  614     44.13834472    -17.64468020   -422.63057626      42       0      38
  615     37.23744589    -34.56469004   -422.63057626      43       0      36
  616     30.00292912    -50.87937248   -422.63057626      48       0      29
  617     25.44249336    -32.25246219   -422.63057626      34       0      21
  618     31.09449299    -54.72861641   -422.63057626      31       0      18
  619 13663174.51202206 305823427.44936597   -422.63057626      21       0      20
  620     31.91561539    -53.27587083   -422.63057626      23       0      22
  621     43.76776655    -38.35810142   -422.63057626      24       0      26
  622     41.01745136    -32.02955519   -422.63057626      25       0      25
  623     38.12051142    -32.02955519   -422.63057626      26       0      24
  624     49.50530822    -24.15852917   -422.63057626      26       0      28
  625     47.43869129    -31.86507356   -422.63057626      30       0      31
  626 1616967.24630994 36192283.39780101   -422.63057626      31       0      34
  627     36.96760380    -40.66478119   -422.63057626      34       0      26
  628     48.25667252    -32.75984349   -422.63057626      36       0      37
  629 1716318.90888260 38416081.13503693   -422.63057626      39       0      44
  630     48.45872742    -33.40040330   -422.63057626      54       0      35
  631 40428322.54213786 904909723.20998108   -422.63057626      46       0      34
  632     44.35530467    -33.32040282   -422.63057626      43       0      41
  633 7716448.66584537 172717426.31757516   -422.63057626      45       0      29
  634     31.24476916    -64.29187840   -422.63057626      34       0      23
  635     32.55982757    -75.82662472   -422.63057626      28       0      19
  636     35.20910713    -43.59679820   -422.63057626      26       0      21
  637     33.60909480    -50.35895967   -422.63057626      26       0      22
  638     25.61314047   -107.83442199   -422.63057626      21       0      25
  639     40.31786839    -35.04408510   -422.63057626      26       0      27
  640     35.96680772    -29.34471525   -422.63057626      28       0      23
  641     39.82468343    -22.87862462   -422.63057626      28       0      27
  642     44.50007393    -32.55880583   -422.63057626      27       0      29
  643     31.49111643    -23.69356518   -422.63057626      33       0      30
  644     42.78474848    -41.96975277   -422.63057626      34       0      31
  645     41.89345193    -26.36087667   -422.63057626      33       0      30
  646     46.18262060    -33.08050890   -422.63057626      29       0      44
  647     34.98285752    -54.44060812   -422.63057626      43       0      37
  648     28.58143443    -63.20905093   -422.63057626      45       0      37
  649    142.38241173   2632.00582831   -422.63057626      41       0      41
  650     38.64097499    -14.23784501   -422.63057626      47       0      31
  651     26.40599754    -30.71723745   -422.63057626      41       0      20
  652     32.45944692    -63.20432994   -422.63057626      27       0      21
  653     39.92044535    -31.08231198   -422.63057626      21       0      24
  654 1938574.12364479 43390829.91792270   -422.63057626      28       0      22
  655     33.96929488    -77.15702997   -422.63057626      24       0      23
  656     29.08791762    -14.77297811   -422.63057626      24       0      28
  657     22.42659299    -79.44860248   -422.63057626      27       0      24
  658     35.48287065    -34.48527727   -422.63057626      26       0      24
  659     35.88047413    -59.60236361   -422.63057626      25       0      28
  660     47.44732350    -20.41842946   -422.63057626      32       0      34
  661     30.61638926    -72.25472369   -422.63057626      31       0      30
  662     33.07568977    -22.48650300   -422.63057626      40       0      30
  663    150.55025028   2861.83017977   -422.63057626      32       0      38
  664     48.50118255    -26.09642462   -422.63057626      41       0      40
  665     48.30854683    -17.49199878   -422.63057626      45       0      37
  666     37.08129537    -85.74459527   -422.63057626      45       0      39
  667     41.53920591    -33.38877114   -422.63057626      42       0      35
  668 653211.95839946 14620474.14367785   -422.63057626      42       0      22
  669     24.13943733    -79.93082359   -422.63057626      28       0      18
  670     39.18744221    -14.34470064   -422.63057626      20       0      28
  671     22.21339929   -152.61162882   -422.63057626      29       0      20
  672     31.56464821    -18.01392638   -422.63057626      24       0      24
  673     36.49351664    -13.60307991   -422.63057626      23       0      28
  674     28.83587987    -37.13002579   -422.63057626      31       0      23
  675 352021140.54128879 7879314839.70510769   -422.63057626      25       0      23
  676     36.86139874    -54.55006157   -422.63057626      23       0      30
  677     45.48428591    -19.70983171   -422.63057626      33       0      29
  678     44.18135276    -35.07855143   -422.63057626      31       0      31
  679     46.44710758    -25.55455849   -422.63057626      36       0      33
  680     36.40800192    -53.02829613   -422.63057626      37       0      33
  681 71594612.15650693 1602507090.48763323   -422.63057626      36       0      42
  682     49.28921534    -22.02918024   -422.63057626      40       0      37
  683     34.39428038    -35.94041313   -422.63057626      45       0      37
  684     44.62663425    -43.73716818   -422.63057626      40       0      38
  685     29.22902027    -77.36979541   -422.63057626      48       0      24
  686     31.56662264    -14.94438081   -422.63057626      35       0      20
  687     35.02379296    -35.19528287   -422.63057626      23       0      26
  688     35.54562554    -23.78751856   -422.63057626      29       0      21
  689     28.91218605    -42.72954514   -422.63057626      24       0      23
  690     42.13054566    -37.74623949   -422.63057626      26       0      28
  691     30.80065898    -37.39915925   -422.63057626      29       0      22
  692     27.47229442    -35.17896335   -422.63057626      24       0      25
  693     29.27675678    -44.16300037   -422.63057626      24       0      27
  694     37.18077200    -33.62613948   -422.63057626      28       0      30
  695     30.76224672   -128.49960878   -422.63057626      31       0      30
  696     38.94145688    -39.03352443   -422.63057626      34       0      34
  697     44.62703662     -9.80746474   -422.63057626      37       0      33
  698 3801377.93901708 85086110.29087146   -422.63057626      37       0      37
  699     40.95405658    -56.76401297   -422.63057626      37       0      40
  700     41.32474040    -35.18684262   -422.63057626      46       0      33
  701     40.38552889     -9.92475034   -422.63057626      42       0      39
  702     34.92788156    -46.83139559   -422.63057626      48       0      29
  703     31.28349087    -39.22091594   -422.63057626      36       0      23
  704     30.37169116    -41.06584099   -422.63057626      32       0      22
  705     28.81554296    -37.27631287   -422.63057626      21       0      24
  706     30.92974402    -55.92540944   -422.63057626      28       0      21
  707     45.79518591    -18.71695341   -422.63057626      22       0      30
  708     36.23925304    -36.96916622   -422.63057626      28       0      23
  709     31.27063305    -93.28456729   -422.63057626      24       0      23
  710     22.12405121   -113.30093158   -422.63057626      28       0      27
  711 1583548.04773642 35444257.62892766   -422.63057626      27       0      29
  712     34.11246618    -26.13548212   -422.63057626      34       0      29
  713     39.87578265    -38.58987015   -422.63057626      31       0      36
  714     38.76969424    -21.87320851   -422.63057626      33       0      29
  715     36.74177645    -43.31587931   -422.63057626      36       0      35
  716 446446.15392080 9992425.79798282   -422.63057626      33       0      41
  717     24.33198729   -182.52213043   -422.63057626      39       0      32
  718     43.40867367    -47.09624059   -422.63057626      48       0      44
  719     31.10460220    -34.63747495   -422.63057626      46       0      25
  720     38.94973711    -46.49416269   -422.63057626      33       0      28
  721     29.38383413    -61.25297071   -422.63057626      32       0      24
  722     25.90685670    -48.38969842   -422.63057626      29       0      23
  723     49.85041931    -23.03336107   -422.63057626      26       0      22
  724     32.83244897    -59.71064451   -422.63057626      28       0      29
  725     20.34532588    -78.62636421   -422.63057626      27       0      21
  726     30.99074650    -33.04137009   -422.63057626      23       0      23
  727     22.75517966    -43.78760094   -422.63057626      27       0      29
  728     38.22371152    -34.47505989   -422.63057626      23       0      27
  729     34.35392972    -19.41551036   -422.63057626      34       0      32
  730     33.90946711    -44.02415314   -422.63057626      34       0      32
  731     27.17950353   -126.06610532   -422.63057626      39       0      30
  732     44.89025907    -60.59654077   -422.63057626      30       0      31
  733     42.21825769    -34.40089549   -422.63057626      34       0      40
  734     33.75022134    -58.36250051   -422.63057626      42       0      32
  735     46.17887678    -12.52295365   -422.63057626      35       0      48
  736     45.95899896    -12.52295365   -422.63057626      47       0      27
  737     39.90975168    -20.35766106   -422.63057626      39       0      28
  738     38.42117612    -34.81760564   -422.63057626      31       0      24
  739     32.79279068    -68.53992041   -422.63057626      28       0      22
  740     34.63824972    -28.96849474   -422.63057626      29       0      25
  741     33.82864659    -78.43923899   -422.63057626      28       0      26
  742     34.55370435    -31.29691418   -422.63057626      30       0      22
  743     39.19830278    -33.11237798   -422.63057626      27       0      24
  744     36.34433123    -46.80136280   -422.63057626      27       0      29
  745     26.52388367    -37.19334359   -422.63057626      29       0      23
  746     33.02771343    -53.09704107   -422.63057626      25       0      32
  747     37.09452419    -17.78103582   -422.63057626      30       0      34
  748     36.70415724    -15.99969337   -422.63057626      36       0      31
  749     28.55366394    -30.84328783   -422.63057626      37       0      30
  750     38.12224723    -31.45015344   -422.63057626      36       0      39
  751     47.39389249    -19.84368751   -422.63057626      40       0      32
  752 437957.17739069 9802416.12574953   -422.63057626      47       0      46
  753     49.77757979    -46.68245762   -422.63057626      36       0      31
  754     30.63353935    -90.61706413   -422.63057626      44       0      28
  755     30.46367285    -28.18544470   -422.63057626      42       0      21
  756     36.71979366    -14.89310597   -422.63057626      28       0      22
  757     32.39808431     -6.31508750   -422.63057626      25       0      24
  758     41.36232310    -25.00717841   -422.63057626      25       0      30
  759     34.69420342    -57.02506279   -422.63057626      26       0      21
  760     24.25439304    -31.32755522   -422.63057626      24       0      25
  761     47.95816994    -31.72985403   -422.63057626      28       0      30
  762     29.00373168    -36.88502750   -422.63057626      31       0      24
  763     33.57294739    -20.83648202   -422.63057626      30       0      30
  764     37.14769348    -20.83648202   -422.63057626      29       0      31
  765     37.08458752    -51.40075607   -422.63057626      41       0      29
  766     47.41645088    186.38665631   -422.63057626      33       0      32
  767     33.95404987    -33.05126638   -422.63057626      35       0      34
  768     43.39848285    -18.04683381   -422.63057626      38       0      40
  769     43.45444697    -43.35756875   -422.63057626      45       0      41
  770     36.71323559    -49.03937907   -422.63057626      48       0      31
  771     46.04755566    -32.76894125   -422.63057626      40       0      30
  772     37.02990261    -32.45739968   -422.63057626      37       0      24
  773 1170505.51726061 26199095.54003546   -422.63057626      30       0      21
  774     32.48605942    -19.50663161   -422.63057626      26       0      26
  775     33.52691764    -29.56307184   -422.63057626      30       0      28
  776 47415912.97558415 1061313474.48260295   -422.63057626      31       0      22
  777     34.13213484    -64.17524257   -422.63057626      27       0      25
  778     33.78527714    -45.84560465   -422.63057626      25       0      30
  779     39.40475533    -29.08233908   -422.63057626      29       0      23
  780     42.39354013    -39.98938960   -422.63057626      30       0      27
  781     42.73250797    -44.85638124   -422.63057626      30       0      33
  782 19282404.68799638 431599074.58659565   -422.63057626      34       0      28
  783 1253195.61729850 28049953.93615378   -422.63057626      31       0      32
  784     44.36400354    -49.28682802   -422.63057626      31       0      36
  785     32.72573165    -23.14267933   -422.63057626      39       0      33
  786     44.05976139    -12.78579740   -422.63057626      35       0      42
  787     42.47478306    -20.96787912   -422.63057626      48       0      35
  788     42.35657473    -19.96913761   -422.63057626      47       0      31
  789     38.93309898    -10.09833360   -422.63057626      36       0      22
  790     21.61644267    -74.87965584   -422.63057626      24       0      25
  791     32.93323958    -37.70157418   -422.63057626      29       0      26
  792     29.88152007    -41.66978947   -422.63057626      30       0      25
  793     33.84264754    -41.31498891   -422.63057626      25       0      25
  794     31.10392696    -56.00793310   -422.63057626      26       0      25
  795     43.74453220    -36.20416238   -422.63057626      28       0      29
  796     44.28712084    -16.71599591   -422.63057626      31       0      24
  797     36.14537037    -13.71310910   -422.63057626      29       0      27
  798     30.24471840    -84.05597762   -422.63057626      33       0      31
  799     39.55596267    -31.19564472   -422.63057626      33       0      29
  800     39.87861311    -49.44878519   -422.63057626      34       0      33
  801     32.13863788    -82.03662887   -422.63057626      36       0      34
  802     36.71669755    -25.05905413   -422.63057626      36       0      33
  803 3469114.14897252 77649026.43881965   -422.63057626      40       0      38
  804     47.84222721    -17.58192790   -422.63057626      42       0      38
  805     33.10489718    -82.64909556   -422.63057626      38       0      32
  806     26.64171598    -83.24092609   -422.63057626      40       0      22
  807     32.05717955    -44.52224580   -422.63057626      27       0      26
  808     32.69369245    -11.28954483   -422.63057626      32       0      28
  809     20.34982494    -85.85419233   -422.63057626      29       0      23
  810     29.11147143    -26.43277988   -422.63057626      26       0      26
  811     41.56272792    -22.62156186   -422.63057626      29       0      24
  812    499.30606973  10729.11759996   -422.63057626      26       0      28
  813     31.96728034    -27.99078680   -422.63057626      30       0      25
  814     20.21296213   -173.44694898   -422.63057626      28       0      25
  815     41.43781445    -21.57886169   -422.63057626      34       0      34
  816     35.96800286    -51.33257769   -422.63057626      36       0      27
  817     44.30479646    -24.56568250   -422.63057626      29       0      34
  818     38.64991000    -54.60276616   -422.63057626      38       0      31
  819     45.48680673    -25.68807497   -422.63057626      38       0      32
  820     33.73733681    -16.57546194   -422.63057626      36       0      42
  821     36.75263609    -31.98281409   -422.63057626      51       0      35
  822     39.58753037    -16.43598635   -422.63057626      41       0      35
  823     37.73609181    -19.39003248   -422.63057626      42       0      24
  824     24.64774444   -132.40110114   -422.63057626      35       0      24
  825     35.40614218    -32.41759821   -422.63057626      35       0      26
  826     29.86930178    -55.26440707   -422.63057626      24       0      26
  827     44.80814636    -32.75333132   -422.63057626      26       0      27
  828     41.96920591    -12.31932923   -422.63057626      34       0      23
  829     33.34442085    -29.95305170   -422.63057626      25       0      23
  830  13785.38713671 308141.41242007   -422.63057626      27       0      27
  831     35.95406149    -23.92879845   -422.63057626      28       0      27
  832     49.55429949    -20.06746519   -422.63057626      27       0      34
  833     26.09543346   -114.44949850   -422.63057626      36       0      26
  834     26.18685874    -58.78863807   -422.63057626      31       0      34
  835     35.67518568    -40.25536175   -422.63057626      35       0      26
  836     35.72598409    -16.08914736   -422.63057626      32       0      31
  837     47.38713241     -9.80955638   -422.63057626      33       0      41
  838     44.34720619    -37.90194257   -422.63057626      41       0      42
  839     33.51662021    -48.09571096   -422.63057626      48       0      30
  840 3727080.12583233 83423094.57744773   -422.63057626      36       0      28
  841     43.92460881    -47.06815515   -422.63057626      36       0      29
  842     42.17226519    -38.65110275   -422.63057626      35       0      23
  843     39.55727829    -30.45842635   -422.63057626      31       0      23
  844     35.88786907    -36.99444921   -422.63057626      25       0      32
  845     33.03386566    -20.20599208   -422.63057626      29       0      22
  846     26.21349549    -29.22385241   -422.63057626      31       0      24
  847     36.39374290     -7.55585763   -422.63057626      27       0      26
  848     39.36885460    -30.25713719   -422.63057626      29       0      27
  849     35.85438658    -30.48060182   -422.63057626      29       0      33
  850     24.98167395   -154.85984337   -422.63057626      35       0      25
  851     39.09609601    -36.72792482   -422.63057626      31       0      35
  852     34.34126308    -17.14332882   -422.63057626      38       0      27
  853     32.94872316    -38.24748042   -422.63057627      33       0      31
  854 1178419.45769988 26376237.94730284   -422.63057626      37       0      38
  855     43.28479327    -42.38426834   -422.63057626      38       0      39
  856     34.69291823    -27.65282139   -422.63057626      45       0      33
  857     32.99611545    -42.03249602   -422.63057626      43       0      26
  858     37.24207433    -44.66260657   -422.63057626      35       0      31
  859     35.10131104    -38.46811767   -422.63057626      36       0      25
  860 3879317.30550835 86830629.89885919   -422.63057626      29       0      24
  861     39.66730212    -37.62482261   -422.63057626      29       0      29
  862     42.29135941    -39.49681494   -422.63057626      32       0      23
  863     30.13063662    -76.18607144   -422.63057626      24       0      26
  864     36.93546836    -36.73789940   -422.63057626      30       0      26
  865     37.53796959    -45.29187266   -422.63057626      27       0      26
  866     29.07205824    -73.12146604   -422.63057626      32       0      30
  867     35.68398921    -15.04653084   -422.63057626      34       0      28
  868     45.35879016    -20.69968435   -422.63057626      28       0      32
  869     34.41801003    -43.00990545   -422.63057626      34       0      25
  870     44.41130071    -27.04921518   -422.63057626      29       0      37
  871     31.02458643    -16.38403041   -422.63057626      41       0      35
  872     44.05679035    -32.15208665   -422.63057626      35       0      34
  873 9044007.12081465 202432265.34061611   -422.63057626      38       0      36
  874     39.43237184    -30.54716329   -422.63057626      45       0      28
  875 690270.17459355 15449952.83397147   -422.63057627      36       0      33
  876     27.09755629   -142.10217458   -422.63057626      39       0      24
  877     44.82721705    -20.17664760   -422.63057626      28       0      26
  878     40.02533628    -49.23340041   -422.63057626      29       0      27
  879     36.54889480    -39.24789913   -422.63057626      32       0      26
  880     33.41548174    -15.23241675   -422.63057626      30       0      23
  881     40.61534163    -33.83925890   -422.63057626      25       0      28
  882     28.43367630    -43.44130846   -422.63057626      26       0      22
  883     34.67047796    -18.24665439   -422.63057626      24       0      35
  884     36.48009867    -75.41211113   -422.63057626      38       0      28
  885     29.12324053   -123.09442536   -422.63057626      28       0      29
  886     35.24998632    -44.59565436   -422.63057626      29       0      26
  887     38.56566793    -76.98736018   -422.63057626      26       0      37
  888     38.81842544    -46.09656138   -422.63057626      39       0      33
  889     31.63862311    -45.66712874   -422.63057626      45       0      29
  890     43.88978776    -21.07609492   -422.63057626      29       0      39
  891 13553293.74741830 303363962.51641852   -422.63057626      45       0      29
  892     36.11577851    -54.40725496   -422.63057626      37       0      35
  893     35.09662985    -27.32623672   -422.63057626      39       0      27
  894     39.34462864    -37.05001753   -422.63057626      36       0      24
  895     35.75814595    -30.13808370   -422.63057626      28       0      27
  896    509.58582371  10954.64474993   -422.63057626      27       0      27
  897     26.63522272    -68.46794137   -422.63057626      27       0      24
  898     38.60225940    -32.99893770   -422.63057626      30       0      26
  899     37.45921804    -29.63697019   -422.63057626      30       0      25
  900     34.88949394    -56.09386584   -422.63057626      23       0      33
  901     34.82784849    -36.41351809   -422.63057626      37       0      29
  902     28.23477565    -99.22512888   -422.63057626      33       0      25
  903     44.05655795    -12.10496665   -422.63057626      30       0      29
  904  38384.42267853 858744.02278271   -422.63057626      30       0      30
  905     36.38106076    -37.23826771   -422.63057626      29       0      38
  906     36.79617560    -29.46432027   -422.63057627      43       0      28
  907     44.37314280    -33.09071296   -422.63057627      38       0      38
  908     33.39724198    -24.78414379   -422.63057626      39       0      30
  909     45.65789237     -6.99595906   -422.63057626      38       0      36
  910     38.71992737     -6.99595906   -422.63057627      37       0      29
  911     41.36956061    -15.50351173   -422.63057627      33       0      24
  912     34.10195094    -25.93386073   -422.63057627      27       0      28
  913     28.80451169    -37.35687961   -422.63057626      27       0      26
  914     29.93943746   -101.65449283   -422.63057627      29       0      22
  915     31.12342684    -43.57543686   -422.63057627      30       0      29
  916     18.56102151   -130.97284543   -422.63057626      26       0      23
  917     42.56290442    -25.58510557   -422.63057626      26       0      30
  918     40.21261898    -36.56929428   -422.63057627      34       0      32
  919     33.47533336    -39.60362655   -422.63057627      34       0      26
  920     42.77177868    -57.97742700   -422.63057626      27       0      29
  921     42.33169462    -51.54381218   -422.63057626      32       0      29
  922     37.18606854    -28.38122590   -422.63057627      35       0      33
  923     38.54932123    -18.89954248   -422.63057626      37       0      31
  924 2278985.21668861 51010280.05478717   -422.63057626      38       0      38
  925    640.88345555  13917.75006678   -422.63057626      39       0      33
  926     43.53705902    -61.44149744   -422.63057626      41       0      34
  927     31.66115152    -47.07937268   -422.63057626      37       0      30
  928 28131226.40651783 629662907.89920497   -422.63057626      36       0      27
  929     36.03684301    -20.30783010   -422.63057626      31       0      26
  930     40.36123174    -32.02952951   -422.63057626      33       0      24
  931     35.07195799    -20.57060448   -422.63057626      26       0      23
  932     38.52521710    -13.44839854   -422.63057626      23       0      30
  933     32.79129811    -44.40843118   -422.63057626      30       0      25
  934     42.04308143     -4.45342893   -422.63057626      30       0      26
  935 158243289.99685907 3541970863.63590527   -422.63057626      29       0      33
  936     41.95051404    -40.40906701   -422.63057626      32       0      26
  937 3143120.49496090 70352281.43983097   -422.63057627      33       0      26
  938 13314778.50772791 298025255.36035699   -422.63057626      28       0      29
  939     29.17654663    -57.93529781   -422.63057626      33       0      32
  940     37.58997972    -28.65856925   -422.63057626      33       0      34
  941     33.27807414    -28.78097643   -422.63057627      32       0      39
  942     38.43422455    -16.86455707   -422.63057626      41       0      31
  943 3375500.04219811 75553653.28753479   -422.63057626      43       0      34
  944     32.17908487   -101.36164355   -422.63057627      35       0      32
  945     34.82509700    -33.63736927   -422.63057626      34       0      26
  946     37.34794103    -38.73562756   -422.63057626      32       0      28
  947     30.79049176    -84.56199916   -422.63057626      33       0      25
  948     35.22016489    -16.10345904   -422.63057626      33       0      23
  949 2556460.14835344 57221021.20883498   -422.63057626      25       0      28
  950     43.27323981    -18.22779511   -422.63057626      31       0      25
  951     34.37476197    -71.05881593   -422.63057626      27       0      26
  952 1433498.90802355 32085696.29234652   -422.63057626      30       0      33
  953     34.44420100    -64.80001905   -422.63057627      39       0      26
  954     35.44831513    -66.03946756   -422.63057626      36       0      26
  955     37.33832967    -38.14165905   -422.63057626      30       0      30
  956     45.54304031    -12.72795258   -422.63057626      34       0      33
  957     29.65932931    -47.56798082   -422.63057626      33       0      32
  958     41.57184742    -20.90180715   -422.63057626      39       0      36
  959     37.80518949    -41.51076306   -422.63057626      39       0      34
  960     38.45486638    -32.92575893   -422.63057626      37       0      32
  961     42.26552889    -19.59093757   -422.63057626      41       0      33
  962     27.28828202    -77.18947419   -422.63057626      44       0      25
  963     44.03404597    -23.79165102   -422.63057626      33       0      26
  964     30.53820483    -18.10233410   -422.63057626      34       0      28
  965     31.11281958    -12.88812737   -422.63057626      32       0      26
  966     32.67107714    -57.94172917   -422.63057626      29       0      25
  967     35.88038473    -47.07708926   -422.63057626      28       0      26
  968     30.37854331    -41.41489294   -422.63057626      28       0      23
  969     41.45316375    -44.88666085   -422.63057626      25       0      31
  970     38.40916484    -60.15711210   -422.63057626      33       0      31
  971     34.64631535    -40.47300423   -422.63057626      34       0      24
  972     47.33679585    -22.15012715   -422.63057626      27       0      32
  973     33.45009806    -63.59303214   -422.63057626      29       0      27
  974     28.54051231    -77.07832527   -422.63057626      36       0      38
  975 17599465.17996747 393929717.31386334   -422.63057626      40       0      35
  976 37485819.84201909 839042668.08788013   -422.63057626      38       0      30
  977     43.86899783    -35.07212220   -422.63057626      44       0      33
  978     37.21171519    -28.97060075   -422.63057626      36       0      33
  979     28.60093276    -23.80702878   -422.63057626      37       0      25
  980     46.44843397    -31.25658913   -422.63057626      34       0      29
  981 9408527.13137089 210591344.90259379   -422.63057626      34       0      28
  982     32.24589402    -21.43314003   -422.63057626      33       0      28
  983     31.64102449    -47.45586874   -422.63057626      30       0      24
  984     26.65403150    -61.06442991   -422.63057626      29       0      26
  985 19968814.44855178 446963035.44279319   -422.63057626      30       0      25
  986     33.62304943    -47.78911232   -422.63057626      30       0      28
  987     26.43329339    -56.67668941   -422.63057626      29       0      33
  988     27.46577856    -23.69123796   -422.63057626      37       0      21
  989     33.58229828    -62.13953883   -422.63057626      22       0      32
  990     29.90162253    -38.89217541   -422.63057626      41       0      30
  991     38.09875362    -34.76938727   -422.63057626      30       0      35
  992     36.01584250    -18.96919324   -422.63057626      40       0      33
  993     37.69316869    -32.39663983   -422.63057626      41       0      31
  994 13007902.90101123 291156440.86415917   -422.63057626      33       0      35
  995     27.61709326    -61.15928076   -422.63057626      43       0      31
  996     30.52317683    -56.63872395   -422.63057626      35       0      24
  997     34.58379776    -27.75029754   -422.63057626      26       0      32
  998     46.93233139    -20.87065591   -422.63057626      35       0      27
  999     27.57756298   -164.82074238   -422.63057626      31       0      30
 1000     38.42992993    -19.05473832   -422.63057626      35       0      23
----------------------------------------------------------------------------------
Artificial Bee Colony Optimization Finished!

 -- Results Report --
 * 100 LMs will be saved in [ lm-LM ].
      #          Energy
      0   -422.63057626
      1   -422.43772181
      2   -421.95731040
      3   -421.89764693
      4   -421.07707545
      5   -420.74498742
      6   -420.06038942
      7   -420.05542530
      8   -419.74602745
      9   -419.72147636
     10   -419.69589210
     11   -419.63123479
     12   -419.45396727
     13   -419.40227430
     14   -419.24013841
     15   -419.15588340
     16   -419.03255608
     17   -418.98550100
     18   -418.98229700
     19   -418.51624668
     20   -418.47273083
     21   -418.27042244
     22   -418.26505905
     23   -418.19376272
     24   -418.16834316
     25   -418.10767833
     26   -418.01847024
     27   -417.99510656
     28   -417.95829795
     29   -417.82219991
     30   -417.76682385
     31   -417.75614598
     32   -417.71268040
     33   -417.56163121
     34   -417.52203400
     35   -417.48033249
     36   -417.36951451
     37   -417.36599367
     38   -417.33327240
     39   -417.29371715
     40   -417.27840392
     41   -417.10046495
     42   -417.08068323
     43   -417.04650983
     44   -417.01809960
     45   -417.00139010
     46   -416.96884495
     47   -416.94110994
     48   -416.90884906
     49   -416.89676130
     50   -416.88864249
     51   -416.88102348
     52   -416.78216126
     53   -416.76084754
     54   -416.75769895
     55   -416.63282892
     56   -416.63208269
     57   -416.62395088
     58   -416.61086347
     59   -416.61034836
     60   -416.59591768
     61   -416.59017851
     62   -416.57533017
     63   -416.57399766
     64   -416.55447848
     65   -416.51498210
     66   -416.43506853
     67   -416.42844693
     68   -416.40062324
     69   -416.38701113
     70   -416.36709568
     71   -416.36438734
     72   -416.34904230
     73   -416.34890420
     74   -416.34285035
     75   -416.33901355
     76   -416.33427452
     77   -416.31768700
     78   -416.30125440
     79   -416.29708889
     80   -416.28880124
     81   -416.24590240
     82   -416.24523721
     83   -416.17592740
     84   -416.14322844
     85   -416.13160491
     86   -416.12760042
     87   -416.11902016
     88   -416.11687998
     89   -416.11362869
     90   -416.11199148
     91   -416.06736892
     92   -416.04537810
     93   -416.01003576
     94   -415.98631074
     95   -415.97349087
     96   -415.96586571
     97   -415.93944434
     98   -415.93753831
     99   -415.92294760

 * Final Global Minimal Energy:   -422.63057626
 * The Global Minimum is saved as: [ lm-OPT.(cluster/xyz/gjf) ]

===== (^ _ ^) =====
Normal termination at Wed May  6 17:28:36 2020.
Total run time: 26273 seconds = 0 days 7 hours 17 minutes 53 seconds.
