    * * * * * * * * * * * * * * * * * * * * *
    *       __    ____    ______            *
    *      /  \  |  _ \  |  ___/  luster !  *
     *    / _  \ | |_| | | |               *
     *   / /_\ | |  _ <  | |     < @  @ >  * 
     *  / ___  | | |_| | | |___ _ _  o     * 
    *  /_/   |_| |____/  |_____ _ __ __  _  *
    *                                       *
    * * * * * * * * * * * * * * * * * * * * *

ABCluster 1.5.1
Specific flag:  official version
Platform:       LINUX/UNIX
Compiled by:    junzhang@gellmann.scs.illinois.edu
Compiling date: Dec 18 2017 20:33:35
C++ compiler:   g++
C++ options:    -O3 -Os -fno-exceptions --std=c++0x -fopenmp 

Contributors:
Jun Zhang(University of Cologne): Design and coding.

For any suggestions, comments, and questions on the theory and
implementation of ABCluster, please feel free to contact:

Dr. Jun Zhang, ZhangJunQcc@gmail.com

If you used this program in your work, please cite this reference:

[1] Zhang, J.; Dolg, M.; ABCluster: The Artificial Bee Colony Algorithm for
    Cluster Global Optimization. Phys. Chem. Chem. Phys. 2015, 17, 24173-24181.
[2] Zhang, J.; Dolg, M.; Global Optimization of Clusters of Rigid Molecules by the
    Artificial Bee Colony Algorithm. Phys. Chem. Chem. Phys. 2016, 18, 3003-3010.

Program starts at Fri Sep 14 15:41:40 2018.
Command line: " /ihome/jkeith/yab16/ABC/ABCluster-Linux/lib/rigidmol-optimizer ca_4_waters.inp "
Process ID:   177124
Run by:       yab16@smp-n53.crc.pitt.edu
Available CPU cores:    24
Read "OMP_NUM_THREADS": Unset

Random number testing (integers): 1917089126...1115790455
Random number testing (fractals): 0.42849226...0.24938588

 -- Input/Output Parameters --
Input file name:      ca_4_waters.inp
Cluster file name:    input.cluster
Result file name:     ca_4_waters.(cluster/xyz/gjf)
Temporary file name:  abclusteryab16smp-n53.crc.pitt.edu177124-OPT
# of saved LMs:       100
LMs are stored in:    ca_4_waters-LM

 -- ABC Control Parameters --
Population size:                  500
Maximal generation:              1000
Scout limit:                       15
Amplitude:                 5.00000000

 -- Cluster Components: from [ input.cluster ] --
 -----------------------------------------------------------
   Source                                       #   Charge
 -----------------------------------------------------------
   /ihome/jkeith/yab16/ABC/ABCluster-Linux-0/rigidmolecularcluster/charmm36/tip4p.xyz     4    0.000
   /ihome/jkeith/yab16/ABC/ABCluster-Linux-0/rigidmolecularcluster/charmm36/ca.xyz     1    2.000
 -----------------------------------------------------------
   Dimension: 0, an isolate cluster.
 -----------------------------------------------------------

Artificial Bee Colony Optimization Starts!
----------------------------------------------------------------------------------
 * Population: 500; Maximal cycles: 1000
 * EM = Employed Bee; Trigonometric mutation
 * OL = Onlooker Bee; ABC/best/2(0.5)+ABC/current/2(0.5);
        Tournament selection from 5 nectars.
 * SC = Scout Bee; Random nectar; Limit = 15
----------------------------------------------------------------------------------
    #       Diversity            maxE            minE    byEM    byOL    bySC
----------------------------------------------------------------------------------
    1     12.00584067   -727.43189114   -882.90473191      39       0       0
    2      0.00000000   -882.90473191   -882.90473191       6       0       0
    3      0.00000000   -882.90473191   -882.90473191       0       0       0
    4      0.00000000   -882.90473191   -882.90473191       0       0       0
    5      0.00000000   -882.90473191   -882.90473191       0       0       0
    6      0.00000000   -882.90473191   -882.90473191       0       0       0
    7      0.00000000   -882.90473191   -882.90473191       0       0       0
    8      0.00000000   -882.90473191   -882.90473191       0       0       0
    9      0.00000000   -882.90473191   -882.90473191       0       0       0
   10      0.00000000   -882.90473191   -882.90473191       0       0       0
   11      0.00000000   -882.90473191   -882.90473191       0       0       0
   12      0.00000000   -882.90473191   -882.90473191       0       0       0
   13      0.00000000   -882.90473191   -882.90473191       0       0       0
   14      0.00000000   -882.90473191   -882.90473191       0       0       0
   15      0.00000000   -882.90473191   -882.90473191       0       0       0
   16      0.00000000   -882.90473191   -882.90473191       0       0       0
   17     99.59066797   -214.82177318   -882.90473191       0       0     458
   18     22.50750315   -608.11324881   -882.90473191      49       0      39
   19     24.26127455   -339.86282700   -882.90473191       8       0       3
   20      0.00000000   -882.90473191   -882.90473191       1       0       0
   21      0.00000000   -882.90473191   -882.90473191       0       0       0
   22      0.00000000   -882.90473191   -882.90473191       0       0       0
   23      0.00000000   -882.90473191   -882.90473191       0       0       0
   24      0.00000000   -882.90473191   -882.90473191       0       0       0
   25      0.00000000   -882.90473191   -882.90473191       0       0       0
   26      0.00000000   -882.90473191   -882.90473191       0       0       0
   27      0.00000000   -882.90473191   -882.90473191       0       0       0
   28      0.00000000   -882.90473191   -882.90473191       0       0       0
   29      0.00000000   -882.90473191   -882.90473191       0       0       0
   30      0.00000000   -882.90473191   -882.90473191       0       0       0
   31      0.00000000   -882.90473191   -882.90473191       0       0       0
   32      0.00000000   -882.90473191   -882.90473191       0       0       0
   33   9583.80150647 213644.09131116   -882.90473191       0       0     406
   34     42.96869480   -379.96487964   -882.90473191      36       0      86
   35     32.23340846   -193.01624801   -882.90473191      10       0       7
   36      0.00000000   -882.90473192   -882.90473191       2       0       1
   37      0.00000000   -882.90473192   -882.90473191       0       0       0
   38      0.00000000   -882.90473192   -882.90473191       0       0       0
   39      0.00000000   -882.90473192   -882.90473191       0       0       0
   40      0.00000000   -882.90473192   -882.90473191       0       0       0
   41      0.00000000   -882.90473192   -882.90473191       0       0       0
   42      0.00000000   -882.90473192   -882.90473191       0       0       0
   43      0.00000000   -882.90473192   -882.90473191       0       0       0
   44      0.00000000   -882.90473192   -882.90473191       0       0       0
   45      0.00000000   -882.90473192   -882.90473191       0       0       0
   46      0.00000000   -882.90473192   -882.90473191       0       0       0
   47      0.00000000   -882.90473192   -882.90473191       0       0       0
   48      0.00000000   -882.90473192   -882.90473191       0       0       0
   49     81.32708311   -302.07939952   -882.90473191       0       0     370
   50     41.52238211   -412.94635207   -882.90473192      37       0     112
   51     32.55871543   -354.82583802   -882.90473191      14       0      15
   52      0.00000000   -882.90473191   -882.90473191       3       0       3
   53      0.00000000   -882.90473191   -882.90473191       0       0       0
   54      0.00000000   -882.90473191   -882.90473191       0       0       0
   55      0.00000000   -882.90473191   -882.90473191       0       0       0
   56      0.00000000   -882.90473191   -882.90473191       0       0       0
   57      0.00000000   -882.90473191   -882.90473191       0       0       0
   58      0.00000000   -882.90473191   -882.90473191       0       0       0
   59      0.00000000   -882.90473191   -882.90473191       0       0       0
   60      0.00000000   -882.90473191   -882.90473191       0       0       0
   61      0.00000000   -882.90473191   -882.90473191       0       0       0
   62      0.00000000   -882.90473191   -882.90473191       0       0       0
   63      0.00000000   -882.90473191   -882.90473191       0       0       0
   64      0.00000000   -882.90473191   -882.90473191       0       0       0
   65     68.75479878   -228.42657693   -882.90473192       0       0     333
   66     64.59788943    -59.42037194   -882.90473192      23       0     135
   67      0.00000000   -882.90473192   -882.90473191      19       0      26
   68      0.00000000   -882.90473192   -882.90473191       0       0       6
   69      0.00000000   -882.90473192   -882.90473191       0       0       0
   70      0.00000000   -882.90473192   -882.90473191       0       0       0
   71      0.00000000   -882.90473192   -882.90473191       0       0       0
   72      0.00000000   -882.90473192   -882.90473191       0       0       0
   73      0.00000000   -882.90473192   -882.90473191       0       0       0
   74      0.00000000   -882.90473192   -882.90473191       0       0       0
   75      0.00000000   -882.90473192   -882.90473191       0       0       0
   76      0.00000000   -882.90473192   -882.90473191       0       0       0
   77      0.00000000   -882.90473192   -882.90473191       0       0       0
   78      0.00000000   -882.90473192   -882.90473191       0       0       0
   79      0.00000000   -882.90473192   -882.90473191       0       0       0
   80      0.00000000   -882.90473192   -882.90473191       0       0       0
   81     91.27984999    -71.87688501   -882.90473191       0       0     310
   82     52.05228305   -283.08864124   -882.90473191      33       0     139
   83     50.49759499   -160.34946631   -882.90473191       9       0      45
   84      9.28412461   -675.09748327   -882.90473191       7       0       6
   85      0.00000000   -882.90473191   -882.90473191       1       0       0
   86      0.00000000   -882.90473191   -882.90473191       0       0       0
   87      0.00000000   -882.90473191   -882.90473191       0       0       0
   88      0.00000000   -882.90473191   -882.90473191       0       0       0
   89      0.00000000   -882.90473191   -882.90473191       0       0       0
   90      0.00000000   -882.90473191   -882.90473191       0       0       0
   91      0.00000000   -882.90473191   -882.90473191       0       0       0
   92      0.00000000   -882.90473191   -882.90473191       0       0       0
   93      0.00000000   -882.90473191   -882.90473191       0       0       0
   94      0.00000000   -882.90473191   -882.90473191       0       0       0
   95      0.00000000   -882.90473191   -882.90473191       0       0       0
   96      0.00000000   -882.90473191   -882.90473191       0       0       0
   97     82.86707469   -226.44900836   -882.90473191       0       0     277
   98     36.11670347   -573.08098565   -882.90473191      29       0     162
   99     32.32664379   -276.43832979   -882.90473191      15       0      49
  100     34.97929508   -324.05755455   -882.90473191       7       0      11
  101      0.00000000   -882.90473191   -882.90473191       4       0       1
  102      0.00000000   -882.90473191   -882.90473191       0       0       0
  103      0.00000000   -882.90473191   -882.90473191       0       0       0
  104      0.00000000   -882.90473191   -882.90473191       0       0       0
  105      0.00000000   -882.90473191   -882.90473191       0       0       0
  106      0.00000000   -882.90473191   -882.90473191       0       0       0
  107      0.00000000   -882.90473191   -882.90473191       0       0       0
  108      0.00000000   -882.90473191   -882.90473191       0       0       0
  109      0.00000000   -882.90473191   -882.90473191       0       0       0
  110      0.00000000   -882.90473191   -882.90473191       0       0       0
  111      0.00000000   -882.90473191   -882.90473191       0       0       0
  112      0.00000000   -882.90473191   -882.90473191       0       0       0
  113     82.98028626   -159.00644844   -882.90473191       0       0     247
  114     73.45517900   -270.56407032   -882.90473191      27       0     177
  115     23.52018561   -463.45151336   -882.90473191      23       0      58
  116      9.95207351   -660.14673346   -882.90473192       4       0      13
  117      9.71408107   -665.47373590   -882.90473191       1       0       5
  118      3.97031938   -794.03677920   -882.90473191       1       0       0
  119      0.00000000   -882.90473192   -882.90473192       1       0       0
  120      0.00000000   -882.90473192   -882.90473192       0       0       0
  121      0.00000000   -882.90473192   -882.90473192       0       0       0
  122      0.00000000   -882.90473192   -882.90473192       0       0       0
  123      0.00000000   -882.90473192   -882.90473192       0       0       0
  124      0.00000000   -882.90473192   -882.90473192       0       0       0
  125      0.00000000   -882.90473192   -882.90473192       0       0       0
  126      0.00000000   -882.90473192   -882.90473192       0       0       0
  127      0.00000000   -882.90473192   -882.90473192       0       0       0
  128      0.00000000   -882.90473192   -882.90473192       0       0       0
  129     70.25612042   -221.81994321   -882.90473191       0       0     220
  130     56.70578338   -275.69165449   -882.90473191      21       0     181
  131     45.12513091   -273.93738124   -882.90473191      16       0      77
  132      3.74977712   -798.97319285   -882.90473191       4       0      16
  133     12.54793469   -602.04338047   -882.90473191       1       0       5
  134      0.00000000   -882.90473191   -882.90473191       1       0       0
  135      0.00000000   -882.90473191   -882.90473191       0       0       1
  136      0.00000000   -882.90473191   -882.90473191       0       0       0
  137      0.00000000   -882.90473191   -882.90473191       0       0       0
  138      0.00000000   -882.90473191   -882.90473191       0       0       0
  139      0.00000000   -882.90473191   -882.90473191       0       0       0
  140      0.00000000   -882.90473191   -882.90473191       0       0       0
  141      0.00000000   -882.90473191   -882.90473191       0       0       0
  142      0.00000000   -882.90473191   -882.90473191       0       0       0
  143      0.00000000   -882.90473191   -882.90473191       0       0       0
  144      0.00000000   -882.90473191   -882.90473191       0       0       0
  145     57.25174442   -140.27274886   -882.90473191       0       0     199
  146     46.50765957   -325.81248208   -882.90473191      18       0     186
  147     31.06320197   -479.53164702   -882.90473191      10       0      89
  148     20.41341183   -510.63648394   -882.90473192       8       0      19
  149      4.04599766   -792.34286664   -882.90473192       4       0       5
  150      0.00000000   -882.90473192   -882.90473192       1       0       1
  151      0.00000000   -882.90473192   -882.90473192       0       0       1
  152      0.00000000   -882.90473192   -882.90473192       0       0       0
  153      0.00000000   -882.90473192   -882.90473192       0       0       0
  154      0.00000000   -882.90473192   -882.90473192       0       0       0
  155      0.00000000   -882.90473192   -882.90473192       0       0       0
  156      0.00000000   -882.90473192   -882.90473192       0       0       0
  157      0.00000000   -882.90473192   -882.90473192       0       0       0
  158      0.00000000   -882.90473192   -882.90473192       0       0       0
  159      0.00000000   -882.90473192   -882.90473192       0       0       0
  160      0.00000000   -882.90473192   -882.90473192       0       0       0
  161     37.06217704   -445.16868248   -882.90473191       0       0     181
  162     61.32303535   -295.01990212   -882.90473191      15       0     194
  163     38.18561915   -484.22923651   -882.90473191      22       0      91
  164      0.00000000   -882.90473192   -882.90473191      12       0      23
  165     17.93141895   -487.66990560   -882.90473191       0       0       8
  166      0.00000000   -882.90473192   -882.90473191       2       0       2
  167      0.00000000   -882.90473192   -882.90473191       0       0       1
  168      0.00000000   -882.90473192   -882.90473191       0       0       0
  169      0.00000000   -882.90473192   -882.90473191       0       0       0
  170      0.00000000   -882.90473192   -882.90473191       0       0       0
  171      0.00000000   -882.90473192   -882.90473191       0       0       0
  172      0.00000000   -882.90473192   -882.90473191       0       0       0
  173      0.00000000   -882.90473192   -882.90473191       0       0       0
  174      0.00000000   -882.90473192   -882.90473191       0       0       0
  175      0.00000000   -882.90473192   -882.90473191       0       0       0
  176      0.00000000   -882.90473192   -882.90473191       0       0       0
  177     78.58607304    -75.33346326   -882.90473191       0       0     166
  178     73.65999879   -192.91856812   -882.90473191      12       0     186
  179     57.06678859    -22.96938649   -882.90473191      20       0     103
  180      5.32575930   -774.35725990   -882.90473191      13       0      34
  181      2.21104296   -833.41479355   -882.90473191       1       0       6
  182      0.00000000   -882.90473191   -882.90473191       1       0       4
  183      0.00000000   -882.90473191   -882.90473191       0       0       1
  184      0.00000000   -882.90473191   -882.90473191       0       0       0
  185      0.00000000   -882.90473191   -882.90473191       0       0       0
  186      0.00000000   -882.90473191   -882.90473191       0       0       0
  187      0.00000000   -882.90473191   -882.90473191       0       0       0
  188      0.00000000   -882.90473191   -882.90473191       0       0       0
  189      0.00000000   -882.90473191   -882.90473191       0       0       0
  190      0.00000000   -882.90473191   -882.90473191       0       0       0
  191      0.00000000   -882.90473191   -882.90473191       0       0       0
  192      0.00000000   -882.90473191   -882.90473191       0       0       0
  193     53.97393449   -250.35905050   -882.90473192       0       0     154
  194     54.38074318   -310.85085663   -882.90473191      10       0     177
  195     47.09570903   -448.27599145   -882.90473191      12       0     111
  196     24.48492518   -525.73032917   -882.90473191       9       0      46
  197      0.00000000   -882.90473191   -882.90473191       5       0       7
  198      0.00000000   -882.90473191   -882.90473191       0       0       4
  199      0.00000000   -882.90473191   -882.90473191       0       0       1
  200      0.00000000   -882.90473191   -882.90473191       0       0       0
  201      0.00000000   -882.90473191   -882.90473191       0       0       0
  202      0.00000000   -882.90473191   -882.90473191       0       0       0
  203      0.00000000   -882.90473191   -882.90473191       0       0       0
  204      0.00000000   -882.90473191   -882.90473191       0       0       0
  205      0.00000000   -882.90473191   -882.90473191       0       0       0
  206      0.00000000   -882.90473191   -882.90473191       0       0       0
  207      0.00000000   -882.90473191   -882.90473191       0       0       0
  208      0.00000000   -882.90473191   -882.90473191       0       0       0
  209     64.15663820   -377.16201106   -882.90473192       0       0     144
  210     57.13750465    125.94124376   -882.90473191      21       0     175
  211     47.24995443   -163.92278453   -882.90473191      13       0     114
  212     17.46039949   -639.53372205   -882.90473191      11       0      50
  213     24.22774789   -439.82969835   -882.90473191       5       0      12
  214      0.00000000   -882.90473191   -882.90473191       3       0       4
  215      0.00000000   -882.90473191   -882.90473191       0       0       1
  216      0.00000000   -882.90473191   -882.90473191       0       0       0
  217      0.00000000   -882.90473191   -882.90473191       0       0       0
  218      0.00000000   -882.90473191   -882.90473191       0       0       0
  219      0.00000000   -882.90473191   -882.90473191       0       0       0
  220      0.00000000   -882.90473191   -882.90473191       0       0       0
  221      0.00000000   -882.90473191   -882.90473191       0       0       0
  222      0.00000000   -882.90473191   -882.90473191       0       0       0
  223      0.00000000   -882.90473191   -882.90473191       0       0       0
  224      0.00000000   -882.90473191   -882.90473191       0       0       0
  225     53.38909196   -318.59361292   -882.90473191       0       0     123
  226     76.73012567    -32.08463872   -882.90473191      10       0     183
  227     50.99244444   -138.22926648   -882.90473192      17       0     114
  228     32.67564507   -337.05733186   -882.90473192      12       0      60
  229     21.01585186   -449.16074328   -882.90473192       2       0      12
  230      0.00000000   -882.90473192   -882.90473192       3       0       7
  231      0.00000000   -882.90473192   -882.90473192       0       0       1
  232      0.00000000   -882.90473192   -882.90473192       0       0       0
  233      0.00000000   -882.90473192   -882.90473192       0       0       0
  234      0.00000000   -882.90473192   -882.90473192       0       0       0
  235      0.00000000   -882.90473192   -882.90473192       0       0       0
  236      0.00000000   -882.90473192   -882.90473192       0       0       0
  237      0.00000000   -882.90473192   -882.90473192       0       0       0
  238      0.00000000   -882.90473192   -882.90473192       0       0       0
  239      0.00000000   -882.90473192   -882.90473192       0       0       0
  240      0.00000000   -882.90473192   -882.90473192       0       0       0
  241     46.09070878   -208.10216897   -882.90473192       0       0     113
  242   1632.25288448  35639.50029672   -882.90473191      11       0     176
  243     62.65135654   -163.06938760   -882.90473191       8       0     119
  244     25.75186012   -475.73482307   -882.90473191      15       0      70
  245     24.85763695   -439.45271955   -882.90473191       7       0      11
  246      9.77841998   -664.03363348   -882.90473191       3       0      10
  247      0.00000000   -882.90473191   -882.90473191       1       0       1
  248      0.00000000   -882.90473191   -882.90473191       0       0       0
  249      0.00000000   -882.90473191   -882.90473191       0       0       0
  250      0.00000000   -882.90473191   -882.90473191       0       0       0
  251      0.00000000   -882.90473191   -882.90473191       0       0       0
  252      0.00000000   -882.90473191   -882.90473191       0       0       0
  253      0.00000000   -882.90473191   -882.90473191       0       0       0
  254      0.00000000   -882.90473191   -882.90473191       0       0       0
  255      0.00000000   -882.90473191   -882.90473191       0       0       0
  256      0.00000000   -882.90473191   -882.90473191       0       0       0
  257     43.76596466   -298.59320288   -882.90473191       0       0     102
  258     49.62660261   -362.22344203   -882.90473191      10       0     179
  259     57.90829269   -379.44727482   -882.90473191      14       0     112
  260     31.20725424   -328.47148401   -882.90473191      14       0      78
  261     18.73792027   -475.59941779   -882.90473192       8       0      15
  262      0.00000000   -882.90473192   -882.90473191       2       0      12
  263      0.00000000   -882.90473192   -882.90473191       0       0       2
  264      0.00000000   -882.90473192   -882.90473191       0       0       0
  265      0.00000000   -882.90473192   -882.90473191       0       0       0
  266      0.00000000   -882.90473192   -882.90473191       0       0       0
  267      0.00000000   -882.90473192   -882.90473191       0       0       0
  268      0.00000000   -882.90473192   -882.90473191       0       0       0
  269      0.00000000   -882.90473192   -882.90473191       0       0       0
  270      0.00000000   -882.90473192   -882.90473191       0       0       0
  271      0.00000000   -882.90473192   -882.90473191       0       0       0
  272      0.00000000   -882.90473192   -882.90473191       0       0       0
  273     32.84173860   -408.26861402   -882.90473191       0       0      92
  274     34.37034642   -471.92811119   -882.90473191       8       0     175
  275     38.25076959   -321.75865908   -882.90473192      10       0     112
  276     45.79348435   -350.22972906   -882.90473191      13       0      84
  277      9.70524302   -686.75982643   -882.90473191       9       0      21
  278      6.20320706   -788.91790425   -882.90473191       2       0      14
  279      0.00000000   -882.90473191   -882.90473191       3       0       2
  280      0.00000000   -882.90473191   -882.90473191       0       0       0
  281      0.00000000   -882.90473191   -882.90473191       0       0       0
  282      0.00000000   -882.90473191   -882.90473191       0       0       0
  283      0.00000000   -882.90473191   -882.90473191       0       0       0
  284      0.00000000   -882.90473191   -882.90473191       0       0       0
  285      0.00000000   -882.90473191   -882.90473191       0       0       0
  286      0.00000000   -882.90473191   -882.90473191       0       0       0
  287      0.00000000   -882.90473191   -882.90473191       0       0       0
  288      0.00000000   -882.90473191   -882.90473191       0       0       0
  289     35.73707478   -193.06466085   -882.90473191       0       0      84
  290     56.20720558   -350.59202470   -882.90473191       7       0     173
  291     42.00227110   -194.12084338   -882.90473191      15       0     109
  292     53.32537832   -301.88159178   -882.90473191      11       0      88
  293     24.81150531   -344.78448646   -882.90473192      13       0      28
  294      0.00000000   -882.90473191   -882.90473191       4       0      13
  295      0.00000000   -882.90473191   -882.90473191       0       0       5
  296      0.00000000   -882.90473191   -882.90473191       0       0       0
  297      0.00000000   -882.90473191   -882.90473191       0       0       0
  298      0.00000000   -882.90473191   -882.90473191       0       0       0
  299      0.00000000   -882.90473191   -882.90473191       0       0       0
  300      0.00000000   -882.90473191   -882.90473191       0       0       0
  301      0.00000000   -882.90473191   -882.90473191       0       0       0
  302      0.00000000   -882.90473191   -882.90473191       0       0       0
  303      0.00000000   -882.90473191   -882.90473191       0       0       0
  304      0.00000000   -882.90473191   -882.90473191       0       0       0
  305     30.18517987   -467.85607490   -882.90473191       0       0      77
  306     41.63931384   -351.34892575   -882.90473191       6       0     164
  307     43.38982129   -399.62975650   -882.90473191      10       0     115
  308     36.01648970   -329.91283219   -882.90473192      12       0      85
  309     17.29924035   -495.69455407   -882.90473191       6       0      37
  310      0.00000000   -882.90473192   -882.90473191       1       0      17
  311      0.00000000   -882.90473192   -882.90473191       0       0       5
  312      0.00000000   -882.90473192   -882.90473191       0       0       0
  313      0.00000000   -882.90473192   -882.90473191       0       0       0
  314      0.00000000   -882.90473192   -882.90473191       0       0       0
  315      0.00000000   -882.90473192   -882.90473191       0       0       0
  316      0.00000000   -882.90473192   -882.90473191       0       0       0
  317      0.00000000   -882.90473192   -882.90473191       0       0       0
  318      0.00000000   -882.90473192   -882.90473191       0       0       0
  319      0.00000000   -882.90473192   -882.90473191       0       0       0
  320      0.00000000   -882.90473192   -882.90473191       0       0       0
  321     32.04138505   -404.50275734   -882.90473191       0       0      71
  322     79.12277925   -142.11215295   -882.90473191       5       0     160
  323     33.80160991   -408.72680924   -882.90473191      27       0     113
  324     37.74037510   -413.55224148   -882.90473191       8       0      91
  325     48.34771922   -291.51889060   -882.90473191       8       0      42
  326     10.78793428   -641.43760011   -882.90473191       6       0      18
  327      0.00000000   -882.90473192   -882.90473191       1       0       5
  328      0.00000000   -882.90473192   -882.90473191       0       0       0
  329      0.00000000   -882.90473192   -882.90473191       0       0       0
  330      0.00000000   -882.90473192   -882.90473191       0       0       0
  331      0.00000000   -882.90473192   -882.90473191       0       0       0
  332      0.00000000   -882.90473192   -882.90473191       0       0       0
  333      0.00000000   -882.90473192   -882.90473191       0       0       0
  334      0.00000000   -882.90473192   -882.90473191       0       0       0
  335      0.00000000   -882.90473192   -882.90473191       0       0       0
  336      0.00000000   -882.90473192   -882.90473191       0       0       0
  337     42.54013837   -360.42802187   -882.90473191       0       0      66
  338     33.96705992   -503.39375163   -882.90473191       8       0     138
  339     37.70259370   -462.33891297   -882.90473191      12       0     131
  340     52.23444538   -246.63434344   -882.90473191      14       0      92
  341     10.61435617   -645.32281166   -882.90473192       8       0      45
  342     13.74490640   -641.59823595   -882.90473191       1       0      22
  343      0.00000000   -882.90473192   -882.90473192       4       0       6
  344      0.00000000   -882.90473192   -882.90473192       0       0       0
  345      0.00000000   -882.90473192   -882.90473192       0       0       0
  346      0.00000000   -882.90473192   -882.90473192       0       0       0
  347      0.00000000   -882.90473192   -882.90473192       0       0       0
  348      0.00000000   -882.90473192   -882.90473192       0       0       0
  349      0.00000000   -882.90473192   -882.90473192       0       0       0
  350      0.00000000   -882.90473192   -882.90473192       0       0       0
  351      0.00000000   -882.90473192   -882.90473192       0       0       0
  352      0.00000000   -882.90473192   -882.90473192       0       0       0
  353     29.11656031   -487.43830084   -882.90473191       0       0      58
  354     50.75850380   -203.31813789   -882.90473191       4       0     134
  355     53.26853125   -366.36195862   -882.90473192      13       0     128
  356     74.68886275    -52.92137127   -882.90473192      15       0     100
  357     51.32193731   -167.61935045   -882.90473191      15       0      51
  358      5.21342826   -766.21218109   -882.90473191       6       0      19
  359      3.41500133   -806.46650416   -882.90473191       1       0      10
  360      3.41500133   -806.46650416   -882.90473191       0       0       0
  361      0.00000000   -882.90473191   -882.90473191       1       0       0
  362      0.00000000   -882.90473191   -882.90473191       0       0       0
  363      0.00000000   -882.90473191   -882.90473191       0       0       0
  364      0.00000000   -882.90473191   -882.90473191       0       0       0
  365      0.00000000   -882.90473191   -882.90473191       0       0       0
  366      0.00000000   -882.90473191   -882.90473191       0       0       0
  367      0.00000000   -882.90473191   -882.90473191       0       0       0
  368      0.00000000   -882.90473191   -882.90473191       0       0       0
  369     22.85397523   -565.48512717   -882.90473191       0       0      54
  370     21.96407023   -451.19822336   -882.90473191       5       0     125
  371     49.09206247   -318.02402568   -882.90473191       2       0     126
  372     53.17420755   -224.58281178   -882.90473191      13       0     100
  373     34.39961407   -426.35544285   -882.90473191      14       0      60
  374     10.44078660   -666.30254611   -882.90473191      10       0      24
  375      0.00000000   -882.90473191   -882.90473191       2       0      10
  376      0.00000000   -882.90473191   -882.90473191       0       0       1
  377      0.00000000   -882.90473191   -882.90473191       0       0       0
  378      0.00000000   -882.90473191   -882.90473191       0       0       0
  379      0.00000000   -882.90473191   -882.90473191       0       0       0
  380      0.00000000   -882.90473191   -882.90473191       0       0       0
  381      0.00000000   -882.90473191   -882.90473191       0       0       0
  382      0.00000000   -882.90473191   -882.90473191       0       0       0
  383      0.00000000   -882.90473191   -882.90473191       0       0       0
  384      0.00000000   -882.90473191   -882.90473191       0       0       0
  385     13.87229562   -589.98292759   -882.90473191       0       0      49
  386     30.03659086   -459.96785859   -882.90473191       2       0     128
  387     45.57285935   -429.62630050   -882.90473192       7       0     115
  388     52.12678694   -274.61541800   -882.90473191      14       0      97
  389     38.30930680   -328.67424035   -882.90473191      12       0      68
  390     24.60944035   -483.97941313   -882.90473192       6       0      30
  391     20.97510693   -443.04461949   -882.90473191       2       0      12
  392      0.00000000   -882.90473191   -882.90473191       2       0       1
  393      0.00000000   -882.90473191   -882.90473191       0       0       0
  394      0.00000000   -882.90473191   -882.90473191       0       0       0
  395      0.00000000   -882.90473191   -882.90473191       0       0       0
  396      0.00000000   -882.90473191   -882.90473191       0       0       0
  397      0.00000000   -882.90473191   -882.90473191       0       0       0
  398      0.00000000   -882.90473191   -882.90473191       0       0       0
  399      0.00000000   -882.90473191   -882.90473191       0       0       0
  400      0.00000000   -882.90473191   -882.90473191       0       0       0
  401     30.03583037   -328.19111242   -882.90473192       0       0      47
  402     44.93518162   -273.12602229   -882.90473191       4       0     122
  403     57.24919376     85.21357371   -882.90473192      11       0     110
  404     47.69201416   -172.40402571   -882.90473192       8       0      98
  405    300.17258301   5678.90028541   -882.90473191      11       0      74
  406     30.84154519   -450.87822529   -882.90473192      14       0      34
  407     17.69242510   -495.05178413   -882.90473191       7       0      12
  408      0.00000000   -882.90473192   -882.90473192       2       0       3
  409      0.00000000   -882.90473192   -882.90473192       0       0       0
  410      0.00000000   -882.90473192   -882.90473192       0       0       0
  411      0.00000000   -882.90473192   -882.90473192       0       0       0
  412      0.00000000   -882.90473192   -882.90473192       0       0       0
  413      0.00000000   -882.90473192   -882.90473192       0       0       0
  414      0.00000000   -882.90473192   -882.90473192       0       0       0
  415      0.00000000   -882.90473192   -882.90473192       0       0       0
  416      0.00000000   -882.90473192   -882.90473192       0       0       0
  417     31.47227617   -457.63806587   -882.90473192       0       0      43
  418     59.45395292   -303.01587577   -882.90473191       4       0     114
  419     40.96235037   -308.82082404   -882.90473191      14       0     115
  420     51.12968930   -254.83554596   -882.90473192      12       0      94
  421     31.53484619   -398.41803062   -882.90473191      12       0      71
  422     12.97133082   -698.91390870   -882.90473191       5       0      41
  423     26.62590739   -291.00238701   -882.90473191       5       0      17
  424      0.00000000   -882.90473192   -882.90473191       2       0       5
  425      0.00000000   -882.90473192   -882.90473191       0       0       0
  426      0.00000000   -882.90473192   -882.90473191       0       0       0
  427      0.00000000   -882.90473192   -882.90473191       0       0       0
  428      0.00000000   -882.90473192   -882.90473191       0       0       0
  429      0.00000000   -882.90473192   -882.90473191       0       0       0
  430      0.00000000   -882.90473192   -882.90473191       0       0       0
  431      0.00000000   -882.90473192   -882.90473191       0       0       0
  432      0.00000000   -882.90473192   -882.90473191       0       0       0
  433     32.25699444   -409.78409209   -882.90473191       0       0      39
  434     57.63337356   -251.67648443   -882.90473191       6       0     104
  435     48.24934385   -254.38531463   -882.90473191      13       0     117
  436     36.43855708   -406.68338510   -882.90473191       6       0      94
  437     25.42262449   -568.81262396   -882.90473191       8       0      78
  438     35.85146965   -249.35653512   -882.90473191       9       0      41
  439      4.68077217   -778.13466175   -882.90473192       6       0      20
  440     15.23520529   -541.89400367   -882.90473192       1       0       7
  441      0.00000000   -882.90473191   -882.90473192       1       0       0
  442      0.00000000   -882.90473191   -882.90473192       0       0       0
  443      0.00000000   -882.90473191   -882.90473192       0       0       0
  444      0.00000000   -882.90473191   -882.90473192       0       0       0
  445      0.00000000   -882.90473191   -882.90473192       0       0       0
  446      0.00000000   -882.90473191   -882.90473192       0       0       0
  447      0.00000000   -882.90473191   -882.90473192       0       0       0
  448      0.00000000   -882.90473191   -882.90473192       0       0       0
  449     27.13449869   -474.51564681   -882.90473191       0       0      33
  450     40.71176659   -389.70534279   -882.90473191       3       0      97
  451     48.33574021   -376.80214239   -882.90473191      11       0     124
  452     37.68765973   -395.52523020   -882.90473191      11       0      92
  453     53.97962702   -398.88063888   -882.90473191       5       0      77
  454     12.96434269   -596.32685289   -882.90473192      16       0      44
  455     32.42037384   -250.38922843   -882.90473191       2       0      25
  456      0.00000000   -882.90473192   -882.90473192       2       0       7
  457      0.00000000   -882.90473192   -882.90473192       0       0       1
  458      0.00000000   -882.90473192   -882.90473192       0       0       0
  459      0.00000000   -882.90473192   -882.90473192       0       0       0
  460      0.00000000   -882.90473192   -882.90473192       0       0       0
  461      0.00000000   -882.90473192   -882.90473192       0       0       0
  462      0.00000000   -882.90473192   -882.90473192       0       0       0
  463      0.00000000   -882.90473192   -882.90473192       0       0       0
  464      0.00000000   -882.90473192   -882.90473192       0       0       0
  465     10.77236191   -641.78615758   -882.90473192       0       0      30
  466     21.72622640   -463.53889522   -882.90473191       1       0      88
  467     46.21426779   -237.12054819   -882.90473192       2       0     126
  468     47.74516746   -334.80655686   -882.90473191       8       0      96
  469     34.14804684   -316.88753409   -882.90473191      10       0      68
  470     14.07979508   -579.02860567   -882.90473191       8       0      57
  471      8.89952275   -683.70605511   -882.90473191       2       0      25
  472     11.14989002   -683.70605511   -882.90473191       0       0       9
  473      0.00000000   -882.90473192   -882.90473191       2       0       1
  474      0.00000000   -882.90473192   -882.90473191       0       0       0
  475      0.00000000   -882.90473192   -882.90473191       0       0       0
  476      0.00000000   -882.90473192   -882.90473191       0       0       0
  477      0.00000000   -882.90473192   -882.90473191       0       0       0
  478      0.00000000   -882.90473192   -882.90473191       0       0       0
  479      0.00000000   -882.90473192   -882.90473191       0       0       0
  480      0.00000000   -882.90473192   -882.90473191       0       0       0
  481      9.25286277   -675.79721941   -882.90473191       0       0      29
  482     53.34406010   -372.98889852   -882.90473191       1       0      86
  483     40.69995164   -451.85956558   -882.90473191      10       0     121
  484     43.84730339   -448.71505952   -882.90473191      11       0      95
  485     41.71261771   -307.10032043   -882.90473191      12       0      69
  486     54.58424011   -297.75262861   -882.90473191       7       0      63
  487      0.00000000   -882.90473191   -882.90473191      13       0      26
  488     18.67765792   -464.84133151   -882.90473191       0       0       9
  489      0.00000000   -882.90473191   -882.90473191       1       0       2
  490      0.00000000   -882.90473191   -882.90473191       0       0       0
  491      0.00000000   -882.90473191   -882.90473191       0       0       0
  492      0.00000000   -882.90473191   -882.90473191       0       0       0
  493      0.00000000   -882.90473191   -882.90473191       0       0       0
  494      0.00000000   -882.90473191   -882.90473191       0       0       0
  495      0.00000000   -882.90473191   -882.90473191       0       0       0
  496      0.00000000   -882.90473191   -882.90473191       0       0       0
  497     29.18312225   -374.95790117   -882.90473191       0       0      28
  498     31.50272265   -402.07352566   -882.90473191       2       0      77
  499     62.55486137   -327.78957406   -882.90473192       4       0     119
  500     60.43631846   -266.82743005   -882.90473191      15       0      96
  501     32.99705753   -359.46823484   -882.90473191      14       0      73
  502     28.83237925   -268.94400911   -882.90473191      10       0      57
  503     30.83542515   -387.98827074   -882.90473191       3       0      39
  504      0.00000000   -882.90473191   -882.90473191       3       0       8
  505      4.94723313   -772.17044642   -882.90473191       0       0       3
  506      0.00000000   -882.90473191   -882.90473191       1       0       0
  507      0.00000000   -882.90473191   -882.90473191       0       0       0
  508      0.00000000   -882.90473191   -882.90473191       0       0       0
  509      0.00000000   -882.90473191   -882.90473191       0       0       0
  510      0.00000000   -882.90473191   -882.90473191       0       0       0
  511      0.00000000   -882.90473191   -882.90473191       0       0       0
  512      0.00000000   -882.90473191   -882.90473191       0       0       0
  513     12.09124480   -665.39227349   -882.90473191       0       0      26
  514     45.33701472   -453.17936476   -882.90473191       2       0      75
  515     55.93292305   -256.91376628   -882.90473192      11       0     107
  516     21.12710576   -580.20453762   -882.90473191      18       0      98
  517     57.45753189    -38.27318287   -882.90473191      10       0      78
  518     44.82412967   -250.75366682   -882.90473191       7       0      63
  519     18.43759696   -535.62128840   -882.90473191       9       0      39
  520      0.00000000   -882.90473192   -882.90473191       5       0      11
  521      0.00000000   -882.90473192   -882.90473191       0       0       2
  522      0.00000000   -882.90473192   -882.90473191       0       0       1
  523      0.00000000   -882.90473192   -882.90473191       0       0       0
  524      0.00000000   -882.90473192   -882.90473191       0       0       0
  525      0.00000000   -882.90473192   -882.90473191       0       0       0
  526      0.00000000   -882.90473192   -882.90473191       0       0       0
  527      0.00000000   -882.90473192   -882.90473191       0       0       0
  528      0.00000000   -882.90473192   -882.90473191       0       0       0
  529     10.62335242   -645.12144797   -882.90473191       0       0      24
  530     24.37659962   -502.39250756   -882.90473191       1       0      65
  531     51.31259592   -194.69006740   -882.90473192       5       0     101
  532     40.84726600   -397.24901557   -882.90473192      10       0     107
  533     28.68030072   -430.44003048   -882.90473192      11       0      79
  534     36.03261500   -388.33660633   -882.90473191       7       0      63
  535     35.73006360   -319.48040801   -882.90473192       6       0      42
  536     15.90003151   -566.12944453   -882.90473191       4       0      16
  537      0.00000000   -882.90473191   -882.90473191       2       0       2
  538      0.00000000   -882.90473191   -882.90473191       0       0       1
  539      0.00000000   -882.90473191   -882.90473191       0       0       0
  540      0.00000000   -882.90473191   -882.90473191       0       0       0
  541      0.00000000   -882.90473191   -882.90473191       0       0       0
  542      0.00000000   -882.90473191   -882.90473191       0       0       0
  543      0.00000000   -882.90473191   -882.90473191       0       0       0
  544      0.00000000   -882.90473191   -882.90473191       0       0       0
  545     32.98073821   -395.83338960   -882.90473191       0       0      23
  546     37.38589087   -220.24371665   -882.90473191       5       0      60
  547     58.80322250   -295.87679596   -882.90473191       5       0      98
  548     54.21186706   -250.60066614   -882.90473191      13       0     105
  549     37.59594308   -387.00318163   -882.90473191      13       0      83
  550     52.09728400   -210.39173628   -882.90473192       7       0      64
  551     12.41159242   -671.46734496   -882.90473192       8       0      44
  552     10.87039419   -639.59189383   -882.90473192       2       0      18
  553     16.73855715   -525.47921546   -882.90473191       1       0       4
  554      0.00000000   -882.90473192   -882.90473191       2       0       1
  555      0.00000000   -882.90473192   -882.90473191       0       0       0
  556      0.00000000   -882.90473192   -882.90473191       0       0       0
  557      0.00000000   -882.90473192   -882.90473191       0       0       0
  558      0.00000000   -882.90473192   -882.90473191       0       0       0
  559      0.00000000   -882.90473192   -882.90473191       0       0       0
  560      0.00000000   -882.90473192   -882.90473191       0       0       0
  561     34.41073193   -203.35374549   -882.90473191       0       0      18
  562     26.64345994   -508.82325077   -882.90473191       3       0      60
  563     29.29649413   -510.70615477   -882.90473191       7       0      90
  564     53.77754081   -190.05118498   -882.90473191       5       0     105
  565     29.04091662   -463.90655704   -882.90473191      13       0      89
  566     38.44078045   -235.02264387   -882.90473191       8       0      62
  567     30.23916442   -285.46560403   -882.90473191       4       0      52
  568     16.38513798   -516.15497515   -882.90473191       5       0      18
  569      0.00000000   -882.90473192   -882.90473191       1       0       3
  570     16.07158532   -523.17324760   -882.90473191       0       0       3
  571      0.00000000   -882.90473192   -882.90473191       1       0       0
  572      0.00000000   -882.90473192   -882.90473191       0       0       0
  573      0.00000000   -882.90473192   -882.90473191       0       0       0
  574      0.00000000   -882.90473192   -882.90473191       0       0       0
  575      0.00000000   -882.90473192   -882.90473191       0       0       0
  576      0.00000000   -882.90473192   -882.90473191       0       0       0
  577     21.06690992   -420.44354217   -882.90473191       0       0      15
  578     35.70638372   -370.43644474   -882.90473191       1       0      56
  579     38.58420762   -217.22172050   -882.90473191       5       0      92
  580     48.73778500   -182.99287530   -882.90473191       6       0      97
  581     32.45044767   -398.98101382   -882.90473192      14       0      94
  582     40.16539899   -423.10820682   -882.90473191       7       0      66
  583     29.56737033   -473.22153076   -882.90473191       6       0      51
  584     38.49348492   -234.73669523   -882.90473191       5       0      22
  585      0.00000000   -882.90473191   -882.90473191       6       0       4
  586      0.00000000   -882.90473191   -882.90473191       0       0       2
  587      0.00000000   -882.90473191   -882.90473191       0       0       1
  588      0.00000000   -882.90473191   -882.90473191       0       0       0
  589      0.00000000   -882.90473191   -882.90473191       0       0       0
  590      0.00000000   -882.90473191   -882.90473191       0       0       0
  591      0.00000000   -882.90473191   -882.90473191       0       0       0
  592      0.00000000   -882.90473191   -882.90473191       0       0       0
  593     28.56622353   -299.48497040   -882.90473191       0       0      13
  594     47.71110548   -201.52101494   -882.90473191       3       0      53
  595     33.74737503   -255.65349571   -882.90473191       8       0      90
  596     44.29308212   -393.41097114   -882.90473191       5       0      92
  597     62.64502579   -211.07759171   -882.90473191      10       0      99
  598     39.78071796   -316.06525193   -882.90473191      13       0      67
  599     22.27608885   -652.96773252   -882.90473191       8       0      52
  600     20.13172725   -537.39261364   -882.90473191       7       0      21
  601     33.90219835   -251.09187031   -882.90473191       3       0      10
  602      0.00000000   -882.90473191   -882.90473191       4       0       2
  603      0.00000000   -882.90473191   -882.90473191       0       0       1
  604      0.00000000   -882.90473191   -882.90473191       0       0       0
  605      0.00000000   -882.90473191   -882.90473191       0       0       0
  606      0.00000000   -882.90473191   -882.90473191       0       0       0
  607      0.00000000   -882.90473191   -882.90473191       0       0       0
  608      0.00000000   -882.90473191   -882.90473191       0       0       0
  609     22.64896651   -416.44727136   -882.90473191       0       0      10
  610     24.98060229   -449.15045114   -882.90473192       3       0      48
  611     56.32777628   -240.10817221   -882.90473192       5       0      93
  612     26.16714686   -593.44531517   -882.90473191      11       0      87
  613     47.04878415   -381.09246587   -882.90473191       8       0      96
  614     59.62840225   -109.44730068   -882.90473191      10       0      72
  615     48.78967809   -215.97405149   -882.90473192       9       0      53
  616     30.48011774   -343.93356616   -882.90473191       8       0      25
  617     19.55276163   -455.26837272   -882.90473191       4       0       9
  618     20.78143149   -491.34293282   -882.90473191       2       0       6
  619      0.00000000   -882.90473191   -882.90473191       2       0       1
  620      0.00000000   -882.90473191   -882.90473191       0       0       0
  621      0.00000000   -882.90473191   -882.90473191       0       0       0
  622      0.00000000   -882.90473191   -882.90473191       0       0       0
  623      0.00000000   -882.90473191   -882.90473191       0       0       0
  624      0.00000000   -882.90473191   -882.90473191       0       0       0
  625      6.82304687   -730.18396860   -882.90473191       0       0       7
  626     24.58928691   -498.48342361   -882.90473191       1       0      45
  627     62.27760192   -163.14754553   -882.90473191       4       0      89
  628     36.01138182   -378.34879942   -882.90473191       9       0      89
  629     50.98148029   -300.05394715   -882.90473191       3       0      92
  630     23.97336411   -462.00559489   -882.90473191      11       0      77
  631     18.96590515   -644.29877509   -882.90473192       5       0      52
  632     17.28974693   -548.31862964   -882.90473191       6       0      29
  633      8.38369232   -695.25192585   -882.90473191       2       0      11
  634      9.45309592   -671.31538581   -882.90473191       1       0       6
  635      0.00000000   -882.90473192   -882.90473191       1       0       3
  636      0.00000000   -882.90473192   -882.90473191       0       0       0
  637      0.00000000   -882.90473192   -882.90473191       0       0       0
  638      0.00000000   -882.90473192   -882.90473191       0       0       0
  639      0.00000000   -882.90473192   -882.90473191       0       0       0
  640      0.00000000   -882.90473192   -882.90473191       0       0       0
  641     12.72413310   -598.09951856   -882.90473192       0       0       6
  642     12.96301130   -632.77290389   -882.90473191       1       0      42
  643     27.02349584   -369.13067926   -882.90473191       4       0      84
  644     22.96294698   -441.26976545   -882.90473191       5       0      94
  645     38.84309621   -347.25877275   -882.90473191       4       0      86
  646     39.55512959   -383.30799750   -882.90473191       7       0      82
  647     43.44889734   -205.43625843   -882.90473191       9       0      51
  648     27.39709212   -476.21591706   -882.90473191       4       0      33
  649     18.16947993   -476.21591706   -882.90473191       5       0      12
  650     14.70589733   -553.74154292   -882.90473191       1       0       6
  651      0.00000000   -882.90473191   -882.90473191       1       0       4
  652      0.00000000   -882.90473191   -882.90473191       0       0       0
  653      0.00000000   -882.90473191   -882.90473191       0       0       0
  654      0.00000000   -882.90473191   -882.90473191       0       0       0
  655      0.00000000   -882.90473191   -882.90473191       0       0       0
  656      0.00000000   -882.90473191   -882.90473191       0       0       0
  657      9.51551915   -669.91816204   -882.90473191       0       0       5
  658     35.40175602   -267.11654349   -882.90473191       1       0      39
  659     22.32847871   -563.73283366   -882.90473191       4       0      83
  660     45.88094701   -350.80577168   -882.90473191       7       0      95
  661     40.49156823   -358.21673526   -882.90473192       9       0      82
  662     58.75835782    -47.87294318   -882.90473192       9       0      82
  663   1140.49748023  24643.03782931   -882.90473192       8       0      55
  664     32.33575995   -228.78201133   -882.90473191       6       0      31
  665      8.79879751   -685.96059572   -882.90473191       2       0      18
  666      3.82207210   -797.35500897   -882.90473191       1       0       5
  667      0.00000000   -882.90473191   -882.90473191       1       0       5
  668      0.00000000   -882.90473191   -882.90473191       0       0       0
  669      0.00000000   -882.90473191   -882.90473191       0       0       0
  670      0.00000000   -882.90473191   -882.90473191       0       0       0
  671      0.00000000   -882.90473191   -882.90473191       0       0       0
  672      0.00000000   -882.90473191   -882.90473191       0       0       0
  673      0.00000000   -882.90473191   -882.90473191       0       0       4
  674     33.25960230   -219.21583888   -882.90473191       0       0      36
  675     36.08562089   -457.58627738   -882.90473192       4       0      80
  676     37.72618308   -163.87157051   -882.90473192       8       0      93
  677     43.66111580   -212.54184995   -882.90473192       6       0      81
  678     62.98508533   -196.61513623   -882.90473192       8       0      85
  679     44.94344244   -288.68581560   -882.90473191      10       0      56
  680     35.16034848   -383.49767612   -882.90473192       8       0      35
  681      3.95388335   -794.40466820   -882.90473192       5       0      19
  682     23.01596167   -395.97957558   -882.90473192       1       0       5
  683      0.00000000   -882.90473192   -882.90473192       2       0       6
  684      0.00000000   -882.90473192   -882.90473192       0       0       0
  685      0.00000000   -882.90473192   -882.90473192       0       0       0
  686      0.00000000   -882.90473192   -882.90473192       0       0       0
  687      0.00000000   -882.90473192   -882.90473192       0       0       0
  688      0.00000000   -882.90473192   -882.90473192       0       0       0
  689      0.00000000   -882.90473192   -882.90473192       0       0       4
  690     30.34868810   -253.99914203   -882.90473191       0       0      32
  691     41.13763550   -244.01757667   -882.90473191       4       0      76
  692     48.73506045   -313.83746831   -882.90473191       6       0      95
  693     45.14668192   -147.60883869   -882.90473191       9       0      79
  694     36.93314648   -324.82271479   -882.90473192       9       0      83
  695     39.74969474   -384.00393978   -882.90473191       7       0      58
  696     10.33118425   -672.64542512   -882.90473192       4       0      37
  697     11.48464865   -636.07486010   -882.90473191       3       0      25
  698      2.93708521   -817.16373626   -882.90473191       2       0       3
  699      0.00000000   -882.90473191   -882.90473191       1       0       8
  700      0.00000000   -882.90473191   -882.90473191       0       0       0
  701      0.00000000   -882.90473191   -882.90473191       0       0       0
  702      0.00000000   -882.90473191   -882.90473191       0       0       0
  703      0.00000000   -882.90473191   -882.90473191       0       0       0
  704      0.00000000   -882.90473191   -882.90473191       0       0       0
  705      6.53329151   -736.66958421   -882.90473192       0       0       4
  706     19.15305041   -521.54859671   -882.90473191       1       0      28
  707     35.43819812   -411.94598559   -882.90473192       2       0      74
  708     40.43162917   -411.94598559   -882.90473192       4       0      91
  709     47.81376770   -295.88785925   -882.90473191      12       0      81
  710     52.70262616   -191.65369042   -882.90473192      11       0      84
  711     29.67999192   -372.40968546   -882.90473191       8       0      61
  712     29.95895873   -372.24569001   -882.90473191       4       0      38
  713      9.05408388   -724.10780788   -882.90473191       3       0      26
  714      0.00000000   -882.90473191   -882.90473191       3       0       4
  715     19.63520512   -443.40848167   -882.90473191       0       0       9
  716      0.00000000   -882.90473191   -882.90473191       1       0       0
  717      0.00000000   -882.90473191   -882.90473191       0       0       0
  718      0.00000000   -882.90473191   -882.90473191       0       0       0
  719      0.00000000   -882.90473191   -882.90473191       0       0       0
  720      0.00000000   -882.90473191   -882.90473191       0       0       0
  721      0.00000000   -882.90473191   -882.90473191       0       0       3
  722     45.25485724   -190.75889933   -882.90473191       0       0      27
  723     24.74208605   -590.93416074   -882.90473191       3       0      71
  724     48.73800793   -118.15345445   -882.90473191       7       0      84
  725   1374.85711093  29881.01813161   -882.90473191       5       0      83
  726     40.18170213   -431.13814283   -882.90473191       5       0      86
  727     29.20533837   -337.95873258   -882.90473191       8       0      65
  728     25.00651275   -483.31487830   -882.90473191       3       0      39
  729     16.71691895   -508.72869704   -882.90473192       4       0      26
  730     11.96022036   -648.53627168   -882.90473191       1       0       7
  731     21.92205697   -392.22170730   -882.90473191       2       0       8
  732      0.00000000   -882.90473191   -882.90473191       1       0       1
  733      0.00000000   -882.90473191   -882.90473191       0       0       0
  734      0.00000000   -882.90473191   -882.90473191       0       0       0
  735      0.00000000   -882.90473191   -882.90473191       0       0       0
  736      0.00000000   -882.90473191   -882.90473191       0       0       0
  737      7.56251555   -713.63238630   -882.90473191       0       0       3
  738     23.48747125   -499.14270156   -882.90473191       1       0      24
  739     33.57647461   -260.62859124   -882.90473192       2       0      67
  740     14.34992925   -660.55369111   -882.90473192       6       0      86
  741     44.93923184   -413.17682521   -882.90473191       4       0      83
  742     39.59971167   -372.88109871   -882.90473191      11       0      83
  743     18.92012872   -459.41408971   -882.90473191       6       0      70
  744     11.28449893   -663.87481231   -882.90473191       1       0      38
  745     17.81567603   -484.13513604   -882.90473191       3       0      29
  746      0.00000000   -882.90473192   -882.90473191       1       0       6
  747     19.14632535   -569.50353778   -882.90473191       0       0       9
  748      0.00000000   -882.90473192   -882.90473191       2       0       2
  749      0.00000000   -882.90473192   -882.90473191       0       0       0
  750      0.00000000   -882.90473192   -882.90473191       0       0       0
  751      0.00000000   -882.90473192   -882.90473191       0       0       0
  752      0.00000000   -882.90473192   -882.90473191       0       0       0
  753      0.00000000   -882.90473192   -882.90473191       0       0       2
  754      9.55391914   -669.05865235   -882.90473191       0       0      23
  755     26.13536244   -495.37317528   -882.90473191       1       0      63
  756     39.37078883   -341.39709357   -882.90473191       9       0      87
  757     45.97065734   -303.39923717   -882.90473191       8       0      78
  758     33.25208827   -443.22368923   -882.90473191      10       0      87
  759     49.64424550   -246.56014813   -882.90473191       6       0      75
  760     36.48378729   -406.04066870   -882.90473191       7       0      36
  761     28.82810841   -492.31035500   -882.90473191       4       0      31
  762     15.11939202   -627.43192872   -882.90473191       4       0       7
  763     11.02055040   -636.23093626   -882.90473191       2       0       7
  764      0.00000000   -882.90473191   -882.90473191       1       0       4
  765      0.00000000   -882.90473191   -882.90473191       0       0       0
  766      0.00000000   -882.90473191   -882.90473191       0       0       0
  767      0.00000000   -882.90473191   -882.90473191       0       0       0
  768      0.00000000   -882.90473191   -882.90473191       0       0       0
  769      0.00000000   -882.90473191   -882.90473191       0       0       2
  770     10.98428390   -658.71747814   -882.90473191       0       0      22
  771     28.06771978   -489.29787912   -882.90473191       2       0      55
  772     40.75767300   -409.16966612   -882.90473191       7       0      88
  773     46.92983251   -197.64679837   -882.90473191       5       0      76
  774     43.33433636   -379.78894414   -882.90473191       8       0      91
  775     20.41275720   -620.48260501   -882.90473191       9       0      74
  776     34.11246952   -271.72060892   -882.90473191       5       0      39
  777     42.80158923   -271.50287409   -882.90473191       3       0      31
  778      5.01585400   -801.18132477   -882.90473191       6       0       9
  779      0.00000000   -882.90473192   -882.90473191       2       0       8
  780     10.99732939   -636.75069390   -882.90473191       0       0       5
  781      5.12702559   -768.14613858   -882.90473191       1       0       0
  782      0.00000000   -882.90473192   -882.90473191       1       0       0
  783      0.00000000   -882.90473192   -882.90473191       0       0       0
  784      0.00000000   -882.90473192   -882.90473191       0       0       0
  785      9.12260144   -678.71286839   -882.90473191       0       0       2
  786     17.83072845   -545.01377888   -882.90473191       1       0      20
  787     26.60562428   -472.89273374   -882.90473191       2       0      50
  788     33.01782774   -423.23738256   -882.90473191       5       0      90
  789     30.62801748   -497.77838701   -882.90473191       8       0      73
  790    967.94270644  20772.94126716   -882.90473192       8       0      90
  791     35.09343873   -367.38658262   -882.90473192       8       0      78
  792     37.35962606   -416.12601210   -882.90473191       8       0      41
  793     31.34569656   -273.93223436   -882.90473192       6       0      28
  794      2.37863905   -829.66347794   -882.90473192       3       0      13
  795     15.36265434   -539.04130223   -882.90473191       1       0      10
  796      0.00000000   -882.90473191   -882.90473192       1       0       4
  797      0.00000000   -882.90473191   -882.90473192       0       0       0
  798      3.42424878   -806.25951789   -882.90473192       0       0       1
  799      0.00000000   -882.90473191   -882.90473192       1       0       0
  800      0.00000000   -882.90473191   -882.90473192       0       0       0
  801      0.00000000   -882.90473191   -882.90473192       0       0       1
  802     36.13023117   -316.32358140   -882.90473191       0       0      19
  803     30.37788248   -402.82623747   -882.90473191       4       0      47
  804     43.60942445   -247.91867118   -882.90473192       4       0      87
  805     33.50165333   -378.01089944   -882.90473192      10       0      73
  806     46.33295797   -338.01108170   -882.90473192       5       0      90
  807     55.33520761   -259.56858762   -882.90473191      12       0      78
  808     40.13587657   -276.20149134   -882.90473192      13       0      43
  809     46.92385105   -316.68368433   -882.90473192       6       0      31
  810      6.85577404   -729.45143383   -882.90473191       6       0      15
  811     12.21821661   -609.42348472   -882.90473192       1       0      10
  812     28.12753824   -315.27620691   -882.90473192       0       0       5
  813      0.00000000   -882.90473192   -882.90473191       2       0       0
  814      0.00000000   -882.90473192   -882.90473191       0       0       0
  815      0.00000000   -882.90473192   -882.90473191       0       0       1
  816      0.00000000   -882.90473192   -882.90473191       0       0       0
  817      0.00000000   -882.90473192   -882.90473191       0       0       1
  818      4.22438636   -788.34997929   -882.90473192       0       0      15
  819     29.28026095   -354.85152549   -882.90473191       1       0      47
  820     44.80781781   -263.07384459   -882.90473192       5       0      81
  821     39.39172573   -190.74631074   -882.90473192       7       0      78
  822     43.15259440   -329.83006911   -882.90473191       5       0      83
  823     36.60043249   -435.33493328   -882.90473191       7       0      76
  824     20.04450511   -562.45641700   -882.90473191      10       0      52
  825     31.26159924   -290.45882108   -882.90473191       3       0      30
  826     20.14491958   -530.59852231   -882.90473191       4       0      20
  827     12.91706899   -593.78102025   -882.90473191       4       0      10
  828      0.00000000   -882.90473191   -882.90473191       1       0       5
  829      0.00000000   -882.90473191   -882.90473191       0       0       1
  830      0.00000000   -882.90473191   -882.90473191       0       0       0
  831      0.00000000   -882.90473191   -882.90473191       0       0       1
  832      0.00000000   -882.90473191   -882.90473191       0       0       0
  833      0.00000000   -882.90473191   -882.90473191       0       0       1
  834     20.45115756   -505.47682669   -882.90473191       0       0      14
  835     40.74318223   -358.96668819   -882.90473191       2       0      43
  836     45.76632694   -316.00206146   -882.90473192       5       0      79
  837     20.20861653   -569.28747987   -882.90473191       8       0      80
  838     33.15717781   -398.12754022   -882.90473191       7       0      81
  839     35.64984856   -360.75209292   -882.90473191       9       0      73
  840     27.88558549   -468.18023904   -882.90473192       6       0      59
  841     18.27422466   -473.87140815   -882.90473192       5       0      29
  842     28.14853899   -415.52203558   -882.90473191       1       0      20
  843     31.36272639   -328.86252912   -882.90473191       4       0      13
  844     29.90068197   -334.51393945   -882.90473192       3       0       6
  845      0.00000000   -882.90473191   -882.90473191       2       0       1
  846      0.00000000   -882.90473191   -882.90473191       0       0       0
  847      0.00000000   -882.90473191   -882.90473191       0       0       1
  848      0.00000000   -882.90473191   -882.90473191       0       0       0
  849      0.00000000   -882.90473191   -882.90473191       0       0       1
  850     24.36374751   -440.17735820   -882.90473191       0       0      12
  851    119.74684434   1753.08631206   -882.90473192       3       0      40
  852     34.63043292   -371.56603627   -882.90473192       3       0      76
  853     38.26451231   -287.31136848   -882.90473191       6       0      81
  854     63.57357409      4.03016295   -882.90473191       9       0      79
  855     40.93700587   -243.13014330   -882.90473191      13       0      76
  856     25.94442886   -527.67039701   -882.90473192       6       0      60
  857      8.84873144   -684.84292093   -882.90473191       5       0      33
  858     13.86288575   -650.36627898   -882.90473191       1       0      17
  859      9.97275404   -677.30928831   -882.90473192       2       0      14
  860      3.73263929   -799.35679035   -882.90473192       2       0       7
  861      0.00000000   -882.90473191   -882.90473191       1       0       3
  862      0.00000000   -882.90473191   -882.90473191       0       0       0
  863      0.00000000   -882.90473191   -882.90473191       0       0       1
  864      0.00000000   -882.90473191   -882.90473191       0       0       0
  865      0.00000000   -882.90473191   -882.90473191       0       0       1
  866      0.00000000   -882.90473191   -882.90473191       0       0       9
  867     27.41308729   -488.90147746   -882.90473191       0       0      40
  868     20.03183653   -579.70612502   -882.90473192       6       0      73
  869     45.45378973   -235.19345963   -882.90473192       5       0      78
  870     40.58350130   -404.02270151   -882.90473192       9       0      75
  871     43.63301425   -321.76696197   -882.90473192      10       0      83
  872     43.17894156   -397.29889149   -882.90473192       6       0      61
  873     23.74213841   -414.10855391   -882.90473192       6       0      37
  874     24.93242657   -474.51108428   -882.90473192       3       0      16
  875     31.87000396   -432.56194012   -882.90473192       3       0      14
  876      0.00000000   -882.90473191   -882.90473192       4       0       8
  877      3.14677214   -812.47029804   -882.90473192       0       0       4
  878      0.00000000   -882.90473191   -882.90473192       1       0       0
  879      0.00000000   -882.90473191   -882.90473192       0       0       1
  880      0.00000000   -882.90473191   -882.90473192       0       0       0
  881      0.00000000   -882.90473191   -882.90473192       0       0       1
  882     17.67251263   -487.33957295   -882.90473192       0       0       9
  883     16.00219287   -619.67488485   -882.90473191       1       0      33
  884     20.67763229   -455.99180800   -882.90473191       3       0      76
  885     41.02338569   -245.57671339   -882.90473191       5       0      73
  886     31.49828298   -357.60470211   -882.90473191      10       0      73
  887     44.37817512   -218.51056376   -882.90473191       3       0      89
  888     45.17038935   -208.66514985   -882.90473191       8       0      60
  889     15.04022328   -639.83254928   -882.90473192       9       0      40
  890      0.00000000   -882.90473191   -882.90473191       3       0      16
  891      3.70190731   -800.04466647   -882.90473191       0       0      13
  892      9.96812493   -659.78745336   -882.90473191       1       0      12
  893      0.00000000   -882.90473191   -882.90473191       1       0       3
  894      0.00000000   -882.90473191   -882.90473191       0       0       1
  895      0.00000000   -882.90473191   -882.90473191       0       0       1
  896      0.00000000   -882.90473191   -882.90473191       0       0       0
  897      0.00000000   -882.90473191   -882.90473191       0       0       1
  898      0.00000000   -882.90473191   -882.90473191       0       0       8
  899      3.73324937   -799.34313475   -882.90473191       0       0      31
  900     38.75683923   -425.55688803   -882.90473191       1       0      74
  901     12.95432077   -641.33604931   -882.90473192       9       0      68
  902     34.18154779   -368.89248100   -882.90473191       3       0      80
  903     45.89504197   -361.11652801   -882.90473192       6       0      84
  904     25.73533762   -540.55696723   -882.90473191      11       0      59
  905     34.60004564   -389.15018848   -882.90473191       7       0      46
  906      4.32174647   -786.17076058   -882.90473191       5       0      19
  907      0.00000000   -882.90473191   -882.90473191       1       0      12
  908     25.03034228   -464.91227789   -882.90473191       0       0      12
  909      4.37523346   -784.97355740   -882.90473191       2       0       4
  910      0.00000000   -882.90473191   -882.90473191       1       0       1
  911      0.00000000   -882.90473191   -882.90473191       0       0       1
  912      0.00000000   -882.90473191   -882.90473191       0       0       0
  913      0.00000000   -882.90473191   -882.90473191       0       0       1
  914      0.00000000   -882.90473191   -882.90473191       0       0       8
  915     10.23869579   -653.73124576   -882.90473191       0       0      30
  916     53.02922180   -196.30172573   -882.90473191       1       0      66
  917 121387547.71060312 2717025589.78754997   -882.90473191       8       0      73
  918     37.96118541   -434.63900293   -882.90473191       6       0      79
  919     37.94643518   -443.89643948   -882.90473191       7       0      76
  920     46.60770547   -180.18008552   -882.90473191      10       0      67
  921     33.94648407   -370.20330692   -882.90473191       7       0      46
  922     28.53456846   -433.89786893   -882.90473191       3       0      23
  923     16.16113299   -521.16889533   -882.90473191       3       0      13
  924      0.00000000   -882.90473192   -882.90473191       1       0      10
  925     12.95215796   -592.99562123   -882.90473191       0       0       5
  926      0.00000000   -882.90473192   -882.90473191       1       0       2
  927      0.00000000   -882.90473192   -882.90473191       0       0       1
  928      0.00000000   -882.90473192   -882.90473191       0       0       0
  929      3.84822787   -796.76956264   -882.90473191       0       0       1
  930      0.00000000   -882.90473192   -882.90473191       1       0       8
  931     18.39193661   -557.49528189   -882.90473191       0       0      29
  932     29.18182105   -479.13265338   -882.90473191       2       0      59
  933     42.34095998   -384.88938379   -882.90473192       6       0      75
  934     35.44362713   -412.51566448   -882.90473191       9       0      78
  935     40.49638696   -362.86510606   -882.90473192       7       0      73
  936     47.26077171   -267.96388140   -882.90473191      11       0      70
  937     28.20765322   -480.56314471   -882.90473191       8       0      50
  938     17.91544629   -590.97459562   -882.90473191       4       0      23
  939     21.79186370   -534.00485617   -882.90473191       4       0      15
  940      3.84378148   -796.86908648   -882.90473191       2       0      11
  941      0.00000000   -882.90473192   -882.90473191       1       0       4
  942      0.00000000   -882.90473192   -882.90473191       0       0       3
  943      0.00000000   -882.90473192   -882.90473191       0       0       1
  944      0.00000000   -882.90473192   -882.90473191       0       0       0
  945      0.00000000   -882.90473192   -882.90473191       0       0       0
  946      3.38954719   -807.03624614   -882.90473191       0       0       9
  947     14.57113353   -655.86636184   -882.90473191       1       0      27
  948     51.71841872    -93.29754374   -882.90473191       4       0      55
  949     24.14567918   -524.75888599   -882.90473191       7       0      71
  950     48.52999047   -247.58245431   -882.90473192       9       0      82
  951     38.46729422   -435.45380477   -882.90473191       8       0      68
  952     29.11629148   -492.09501938   -882.90473191      11       0      73
  953     37.71275463   -227.77778731   -882.90473192       3       0      54
  954      0.00000000   -882.90473192   -882.90473192       6       0      23
  955     10.74319230   -642.43906309   -882.90473192       0       0      17
  956      0.00000000   -882.90473192   -882.90473192       1       0      12
  957      0.00000000   -882.90473192   -882.90473192       0       0       5
  958      0.00000000   -882.90473192   -882.90473192       0       0       3
  959      0.00000000   -882.90473192   -882.90473192       0       0       1
  960      0.00000000   -882.90473192   -882.90473192       0       0       0
  961      0.00000000   -882.90473192   -882.90473192       0       0       0
  962      0.00000000   -882.90473192   -882.90473192       0       0       8
  963     22.27312728   -397.43679551   -882.90473192       0       0      24
  964     31.71499967   -400.05697578   -882.90473192       2       0      52
  965     51.85366530   -219.86350561   -882.90473192       5       0      69
  966     61.53536798    289.94855312   -882.90473192       7       0      83
  967     22.29361276   -443.87894232   -882.90473192       6       0      65
  968     59.37468376   -169.25619736   -882.90473191       4       0      81
  969     27.83478898   -425.86594418   -882.90473191      11       0      51
  970     32.82143923   -368.29414990   -882.90473191       4       0      29
  971      0.00000000   -882.90473191   -882.90473191       3       0      16
  972      0.00000000   -882.90473191   -882.90473191       0       0      13
  973      0.00000000   -882.90473191   -882.90473191       0       0       5
  974     12.39413093   -605.48598151   -882.90473191       0       0       3
  975      0.00000000   -882.90473191   -882.90473191       1       0       1
  976      0.00000000   -882.90473191   -882.90473191       0       0       0
  977      0.00000000   -882.90473191   -882.90473191       0       0       0
  978      7.29643932   -719.58799028   -882.90473191       0       0       8
  979     12.21871044   -668.22939877   -882.90473191       1       0      22
  980     21.62713180   -473.08523412   -882.90473191       4       0      49
  981     45.42827531   -400.26701821   -882.90473191       3       0      67
  982     52.99717456   -249.47537435   -882.90473191      10       0      84
  983     15.25747030   -638.43510765   -882.90473192      14       0      67
  984     24.03736026   -604.82838502   -882.90473192       3       0      74
  985     27.44298784   -436.31333056   -882.90473192       6       0      58
  986     15.54210883   -535.02455897   -882.90473192       6       0      30
  987      6.99102101   -763.73058253   -882.90473191       1       0      19
  988      0.00000000   -882.90473191   -882.90473192       3       0      13
  989      0.00000000   -882.90473191   -882.90473192       0       0       5
  990      0.00000000   -882.90473191   -882.90473192       0       0       2
  991      0.00000000   -882.90473191   -882.90473192       0       0       2
  992      0.00000000   -882.90473191   -882.90473192       0       0       0
  993      0.00000000   -882.90473191   -882.90473192       0       0       0
  994      0.00000000   -882.90473191   -882.90473192       0       0       7
  995      0.00000000   -882.90473191   -882.90473192       0       0      19
  996     18.02826735   -624.82515177   -882.90473192       0       0      50
  997     23.77327086   -392.18381473   -882.90473192       5       0      60
  998     33.70832688   -393.32090392   -882.90473192       4       0      80
  999     30.29150169   -513.77286611   -882.90473192       8       0      78
 1000     38.06516590   -261.26112804   -882.90473191       6       0      71
----------------------------------------------------------------------------------
Artificial Bee Colony Optimization Finished!

 -- Results Report --
 * 100 LMs will be saved in [ ca_4_waters-LM ].
      #          Energy
      0   -882.90473191
      1   -839.43371600
      2   -836.73491493
      3   -835.59914294
      4   -834.26497123
      5   -833.42212839
      6   -833.41479355
      7   -833.24015654
      8   -833.21674222
      9   -832.67534329
     10   -830.20587964
     11   -829.66347794
     12   -828.51613203
     13   -828.28256176
     14   -827.25537215
     15   -825.76277213
     16   -825.47202173
     17   -825.20170676
     18   -824.57741482
     19   -823.98014612
     20   -823.76785555
     21   -823.60368374
     22   -823.46695396
     23   -823.20821498
     24   -823.00884300
     25   -822.85970652
     26   -822.46083509
     27   -822.41719793
     28   -822.18822206
     29   -821.69817543
     30   -821.51008549
     31   -821.13499824
     32   -820.59110360
     33   -820.27196452
     34   -819.84045590
     35   -819.58319900
     36   -819.01520973
     37   -818.74189131
     38   -818.67847187
     39   -818.65813749
     40   -818.36768756
     41   -818.05233337
     42   -817.69657806
     43   -817.47442897
     44   -817.34317735
     45   -817.17396999
     46   -817.16373626
     47   -816.69892667
     48   -816.57184048
     49   -816.39654871
     50   -816.32202311
     51   -816.13691008
     52   -816.05873509
     53   -815.87857239
     54   -815.44092916
     55   -815.01495550
     56   -814.87360602
     57   -814.83262244
     58   -814.71895383
     59   -814.64326388
     60   -814.62039411
     61   -814.23280738
     62   -814.23180219
     63   -814.11373172
     64   -814.08160846
     65   -813.89844681
     66   -813.77831816
     67   -813.76094559
     68   -813.73839755
     69   -813.66140552
     70   -813.52802118
     71   -813.37792716
     72   -813.32740782
     73   -813.30778246
     74   -813.29653773
     75   -812.85448861
     76   -812.69569835
     77   -812.47029804
     78   -812.25473425
     79   -812.19983115
     80   -811.88052365
     81   -811.85164271
     82   -811.65012950
     83   -811.38142791
     84   -811.32595989
     85   -811.15202622
     86   -810.87333957
     87   -810.86774614
     88   -810.84756571
     89   -810.78537462
     90   -810.77189239
     91   -810.68378597
     92   -810.64745980
     93   -810.63120761
     94   -810.60480579
     95   -810.55535107
     96   -810.33854995
     97   -810.25866426
     98   -810.18481770
     99   -810.16481913

 * Final Global Minimal Energy:   -882.90473191
 * The Global Minimum is saved as: [ ca_4_waters-OPT.(cluster/xyz/gjf) ]

===== (^ _ ^) =====
Normal termination at Fri Sep 14 16:50:15 2018.
Total run time: 4115 seconds = 0 days 1 hours 8 minutes 35 seconds.
