    * * * * * * * * * * * * * * * * * * * * *
    *       __    ____    ______            *
    *      /  \  |  _ \  |  ___/  luster !  *
     *    / _  \ | |_| | | |               *
     *   / /_\ | |  _ <  | |     < @  @ >  * 
     *  / ___  | | |_| | | |___ _ _  o     * 
    *  /_/   |_| |____/  |_____ _ __ __  _  *
    *                                       *
    * * * * * * * * * * * * * * * * * * * * *

ABCluster 1.5.1
Specific flag:  official version
Platform:       LINUX/UNIX
Compiled by:    junzhang@gellmann.scs.illinois.edu
Compiling date: Dec 18 2017 20:33:35
C++ compiler:   g++
C++ options:    -O3 -Os -fno-exceptions --std=c++0x -fopenmp 

Contributors:
Jun Zhang(University of Cologne): Design and coding.

For any suggestions, comments, and questions on the theory and
implementation of ABCluster, please feel free to contact:

Dr. Jun Zhang, ZhangJunQcc@gmail.com

If you used this program in your work, please cite this reference:

[1] Zhang, J.; Dolg, M.; ABCluster: The Artificial Bee Colony Algorithm for
    Cluster Global Optimization. Phys. Chem. Chem. Phys. 2015, 17, 24173-24181.
[2] Zhang, J.; Dolg, M.; Global Optimization of Clusters of Rigid Molecules by the
    Artificial Bee Colony Algorithm. Phys. Chem. Chem. Phys. 2016, 18, 3003-3010.

Program starts at Fri Sep 14 15:58:30 2018.
Command line: " /ihome/jkeith/yab16/ABC/ABCluster-Linux/lib/rigidmol-optimizer so4_16_waters.inp "
Process ID:   177434
Run by:       yab16@smp-n53.crc.pitt.edu
Available CPU cores:    24
Read "OMP_NUM_THREADS": Unset

Random number testing (integers): 208276654...2111022223
Random number testing (fractals): 0.58398366...0.92512548

 -- Input/Output Parameters --
Input file name:      so4_16_waters.inp
Cluster file name:    input.cluster
Result file name:     so4_16_waters.(cluster/xyz/gjf)
Temporary file name:  abclusteryab16smp-n53.crc.pitt.edu177434-OPT
# of saved LMs:       100
LMs are stored in:    so4_16_waters-LM

 -- ABC Control Parameters --
Population size:                  500
Maximal generation:              1000
Scout limit:                       15
Amplitude:                15.00000000

 -- Cluster Components: from [ input.cluster ] --
 -----------------------------------------------------------
   Source                                       #   Charge
 -----------------------------------------------------------
   /ihome/jkeith/yab16/ABC/ABCluster-Linux-0/rigidmolecularcluster/charmm36/tip4p.xyz    16    0.000
   /ihome/jkeith/yab16/ABC/ABCluster-Linux-0/rigidmolecularcluster/charmm36/so4.xyz     1   -2.000
 -----------------------------------------------------------
   Dimension: 0, an isolate cluster.
 -----------------------------------------------------------

Artificial Bee Colony Optimization Starts!
----------------------------------------------------------------------------------
 * Population: 500; Maximal cycles: 1000
 * EM = Employed Bee; Trigonometric mutation
 * OL = Onlooker Bee; ABC/best/2(0.5)+ABC/current/2(0.5);
        Tournament selection from 5 nectars.
 * SC = Scout Bee; Random nectar; Limit = 15
----------------------------------------------------------------------------------
    #       Diversity            maxE            minE    byEM    byOL    bySC
----------------------------------------------------------------------------------
    1     53.46969673   -225.06120379  -1367.40465180     334      44       0
    2     21.59703826  -1254.99233616  -1377.98002910     217      60       0
    3     21.46034632  -1271.98992323  -1380.17393391     174      52       0
    4     21.04472291  -1283.67373395  -1380.17393391     121      48       0
    5     20.90626987  -1293.53319235  -1380.48008914     105      33       0
    6     20.58733637  -1303.28401787  -1380.48008914      80      26       0
    7     20.93597614  -1303.28401787  -1380.48008914      62      29       0
    8     20.94184084  -1303.28401787  -1382.48423236      70      31       0
    9     21.32804621  -1308.11539464  -1386.93648457      62      44       0
   10     21.59659105  -1311.77369685  -1386.93648458      52      41       0
   11     21.60755114  -1311.77369685  -1393.51328685      56      33       0
   12     22.05087438  -1311.77369685  -1393.51328685      47      26       0
   13     22.62473586  -1311.77369685  -1393.51328685      50      32       0
   14     22.82536514  -1311.77369685  -1393.51328685      52      28       0
   15     22.91058129  -1311.77369685  -1393.51328685      56      30       0
   16     22.46777887  -1311.77369685  -1393.51328685      67      10       0
   17     22.11113678  -1316.12730114  -1393.51328683      80       8       0
   18     22.39572484  -1247.07706594  -1393.51328685      92       7       6
   19  64595.63501295 1444471.20593483  -1393.51328685     133       3      17
   20 541006.01885301 12108002.90689516  -1393.51328685     128       0      36
   21    127.50962159   -185.75550389  -1393.51328685      82       0      96
   22    131.77774510   -176.22233160  -1393.51328686     103       0     122
   23    140.70448411   -171.77619144  -1393.51328685     131       0     116
   24     69.90496477   -295.47409009  -1393.51328685     143       0      66
   25     61.64982119   -550.29300445  -1393.51328685     160       2      25
   26     90.01272137    -93.55248190  -1393.51328685     144       1       9
   27 4167424.84225149 93278394.20043144  -1393.51328685     141       0       6
   28      9.06385012  -1306.27334610  -1393.51328685      86       0       1
   29      0.50701475  -1382.16473825  -1393.51328685      20       0       0
   30      0.00000000  -1393.51328685  -1393.51328685       1       0       0
   31      0.00000000  -1393.51328685  -1393.51328685       0       0       0
   32      0.00000000  -1393.51328685  -1393.51328685       0       0       0
   33      0.00000000  -1393.51328685  -1393.51328685       0       0       0
   34      0.00000000  -1393.51328685  -1393.51328685       0       0       0
   35      7.77651315  -1297.34555451  -1393.51328685       0       0       4
   36     65.06141111   -263.39295659  -1393.51328685       4       0      12
   37     96.69177082   -231.67433056  -1393.51328685      12       0      34
   38     63.79675178   -460.18483160  -1393.51328685      32       0      64
   39 147891.86226523 3308900.07831814  -1393.51328686      67       0      62
   40     71.72317370   -466.33067400  -1393.51328685      72       0      69
   41    149.59401039   -156.85941930  -1393.51328685      95       0     105
   42    118.30201756   -101.79170167  -1393.51328686     122       0      78
   43     63.88506573   -304.50039793  -1393.51328686     125       0      53
   44     65.61318134   -280.24329726  -1393.51328685     120       0      18
   45     18.08073390  -1278.92110639  -1393.51328685     100       0       1
   46      4.78766190  -1336.95158448  -1393.51328685      51       0       0
   47      0.00000001  -1393.51328685  -1393.51328685       8       0       0
   48      0.00000001  -1393.51328685  -1393.51328685       0       0       0
   49      0.00000001  -1393.51328685  -1393.51328685       0       0       0
   50      0.00000001  -1393.51328685  -1393.51328685       0       0       0
   51      0.00000001  -1393.51328685  -1393.51328685       0       0       0
   52     43.73809114   -446.47983375  -1393.51328685       0       0       4
   53     49.05872384   -348.16962840  -1393.51328685       4       0      12
   54     25.22535156  -1227.27170469  -1393.51328685      12       0      27
   55     59.95801147   -388.61769071  -1393.51328685      27       0      51
   56 16367791.69520162 366360115.22088271  -1393.51328709      50       0      49
   57 876393.55891546 19615021.16340946  -1393.51328685      57       0      65
   58 202252.89885968 4525670.91664537  -1393.51328685      73       0      68
   59 551841.68572602 12350554.17372106  -1393.51328685      95       0      81
   60  11764.08992235 261949.16735759  -1393.51328685     114       0      73
   61     84.15574646   -240.89157193  -1393.51328685     134       0      54
   62     29.60793886  -1242.52251399  -1393.64772727     111       2      15
   63     12.88223454  -1254.52544379  -1393.64772727      79     210       1
   64      1.95363784  -1349.88551380  -1393.64772727     101      11       0
   65      0.05252751  -1393.51328685  -1393.64772727     128       0       0
   66      0.01686893  -1393.51328685  -1393.64772727      86       0       0
   67      0.00000000  -1393.64772728  -1393.64772727       8       0       0
   68      0.00000000  -1393.64772728  -1393.64772727       0       0       0
   69      0.00000000  -1393.64772728  -1393.64772727       0       0       0
   70      8.17728512  -1276.87043321  -1393.64772728       0       0       3
   71     68.81591374   -236.90427788  -1393.64772728       3       0      13
   72     49.68807813   -662.90395290  -1393.64772728      13       0      22
   73     79.13130115   -233.31181954  -1393.64772727      23       0      41
   74     73.73276675   -348.40195824  -1393.64772728      39       0      38
   75  93999.55791546 2102625.67328075  -1393.64772728      46       0      50
   76     90.07067775   -154.75875273  -1393.64772727      54       0      62
   77 111248.51920918 2488721.37290349  -1393.64772728      73       0      63
   78    131.28124490   -181.63651793  -1393.64772727      88       0      86
   79    120.95128905   -240.36795755  -1393.64772728     105       0      70
   80     97.47880089   -275.36236542  -1393.64772728      98       0      39
   81     28.41248700  -1183.06824960  -1393.64772728     101       0      12
   82     10.93959831  -1309.23434136  -1393.64772727      61       0       1
   83      0.00000000  -1393.64772727  -1393.64772727      19       0       0
   84      0.00000000  -1393.64772727  -1393.64772727       0       0       0
   85      0.00000000  -1393.64772727  -1393.64772727       0       0       0
   86      0.00000000  -1393.64772727  -1393.64772727       0       0       0
   87      7.48376677  -1260.41527621  -1393.64772727       0       0       3
   88     69.00716249   -299.83537963  -1393.64772727       3       0      12
   89     76.93572836   -157.31942945  -1393.64772727      11       0      22
   90     54.40331626   -368.99627932  -1393.64772728      21       0      31
   91     57.48520378   -526.86944250  -1393.64772728      35       0      40
   92     84.37541197   -296.75085416  -1393.64772728      42       0      48
   93 710974.22441435 15912412.43001541  -1393.64772727      48       0      42
   94 545715.37515170 12213422.41665372  -1393.64772727      50       0      66
   95  71227.17903296 1592909.27725502  -1393.64772728      69       0      57
   96 1917160.46946435 42910587.52897567  -1393.64772727      73       0      80
   97     88.97781659   -268.94452897  -1393.64772728     104       0      63
   98 238418.50766404 5335160.68351166  -1393.64772727     103       0      31
   99     18.64009797  -1277.48869879  -1393.64772728      76       0       5
  100      2.88752334  -1347.90038818  -1393.64772727      38       0       0
  101      0.00000000  -1393.64772727  -1393.64772728       2       0       0
  102      0.00000000  -1393.64772727  -1393.64772728       0       0       0
  103      0.00000000  -1393.64772727  -1393.64772728       0       0       0
  104      7.55441423  -1282.08218251  -1393.64772727       0       0       3
  105     34.87818677   -687.08734097  -1393.64772727       3       0      12
  106     67.25383200   -208.11962971  -1393.64772728      12       0      20
  107    108.27513845   -286.81547246  -1393.64772727      20       0      28
  108     63.81400750   -304.95596970  -1393.64772727      29       0      40
  109     88.13816717   -171.80305691  -1393.64772728      43       0      45
  110     30.38304473  -1248.33477998  -1393.64772727      49       0      40
  111     47.87755308   -753.25879760  -1393.64772727      46       0      57
  112    103.73050038   -293.49036135  -1393.64772728      69       0      49
  113 1363352.41636418 30514647.17940564  -1393.64772727      73       0      64
  114    115.52167045   -201.98640003  -1393.64772727      82       0      62
  115    147.41491150   -201.72839194  -1393.64772728      91       0      63
  116     64.45304632   -135.55449073  -1393.64772728      98       0      17
  117     11.56440764  -1284.77633639  -1393.64772728      65       0       0
  118      0.36988840  -1385.36848789  -1393.64772727      18       0       0
  119      0.00000002  -1393.64772728  -1393.64772727       1       0       0
  120      0.00000002  -1393.64772728  -1393.64772727       0       0       0
  121     25.63975662   -830.72599611  -1393.64772727       0       0       3
  122     47.99017243   -383.81956451  -1393.64772727       3       0      12
  123 1147568.05859208 25684712.77707951  -1393.64772727      12       0      17
  124     77.38579673   -217.58016623  -1393.64772727      16       0      27
  125     64.12231835   -149.72778991  -1393.64772727      25       0      35
  126     62.57747667   -276.45789277  -1393.64772727      38       0      45
  127     59.70352477   -248.81537521  -1393.64772728      46       0      35
  128    113.25387801    -83.65748904  -1393.64772727      47       0      49
  129     67.51082643   -405.75373010  -1393.64772728      47       0      45
  130     58.60766626   -419.62927248  -1393.64772727      60       0      60
  131     76.72562290   -209.08944163  -1393.64772727      85       0      50
  132 290632.80667839 6503885.02427170  -1393.64772727      76       0      72
  133     38.53799650  -1224.52943388  -1393.64772727      84       0      43
  134     23.59287303  -1248.79468240  -1393.64772728      82       0       7
  135      9.99826099  -1291.16440920  -1393.64772728      42       0       0
  136      3.37936084  -1318.00724324  -1393.64772728      12       0       0
  137      0.00000000  -1393.64772728  -1393.64772728       1       0       0
  138      7.62654428  -1285.42420026  -1393.64772727       0       0       3
  139     47.80211348   -369.31297993  -1393.64772727       3       0      12
  140     54.18417525   -259.32008728  -1393.64772728      11       0      17
  141     69.23498331   -121.30225316  -1393.64772727      18       0      24
  142     71.18820066   -368.66705278  -1393.64772728      24       0      32
  143     75.40308233   -351.46939130  -1393.64772728      31       0      38
  144     95.39899790   -155.55641335  -1393.64772728      42       0      41
  145     61.12083595   -254.42263082  -1393.64772727      44       0      42
  146     98.50452030   -244.96494896  -1393.64772728      53       0      39
  147     95.99933118   -240.23568707  -1393.64772727      48       0      53
  148 243523.40499434 5449432.70712534  -1393.64772727      62       0      57
  149     98.30736040   -178.75259675  -1393.64772727      69       0      58
  150     60.13799249   -482.57491227  -1393.64772727      71       0      48
  151     70.96258317   -270.60418618  -1393.64772727      72       0      33
  152     14.37193699  -1272.21023826  -1393.64772727      66       0       3
  153      3.06570671  -1332.58264228  -1393.64772728      22       0       0
  154      0.00000000  -1393.64772728  -1393.64772728       2       0       0
  155     10.84817487  -1223.73632642  -1393.64772728       0       0       3
  156     55.72234807   -196.43929582  -1393.64772728       3       0      12
  157     46.98181560   -435.37129456  -1393.64772728      12       0      17
  158     58.09003559   -177.59488369  -1393.64772727      18       0      21
  159     86.73644681   -255.65550800  -1393.64772728      22       0      32
  160 162196186.26421079 3630447867.21648407  -1393.64772727      34       0      36
  161  63724.95788411 1424979.72947900  -1393.64772727      40       0      35
  162     96.82432291   -153.10461336  -1393.64772727      41       0      45
  163     82.45951820   -298.38670508  -1393.64772728      49       0      39
  164     80.69696158   -236.75423149  -1393.64772728      47       0      45
  165    111.67825213   -236.59105514  -1393.64772728      52       0      47
  166    106.31132925   -194.97294522  -1393.64772728      61       0      55
  167     56.21124130   -425.61449538  -1393.64772727      68       0      57
  168     81.50547650   -274.04214555  -1393.64772727      70       0      44
  169     23.93920814  -1257.59788561  -1393.64772727      63       0      12
  170      8.74388281  -1301.08511324  -1393.64772728      39       0       0
  171      0.00000000  -1393.64772727  -1393.64772727       8       0       0
  172      9.18727782  -1273.44182153  -1393.64772727       0       0       3
  173     15.14906795  -1258.73007514  -1393.64772728       3       0      11
  174     60.74497714   -415.79697422  -1393.64772728      11       0      17
  175     22.56144196  -1243.33415108  -1393.64772727      17       0      20
  176     27.03131137  -1208.80969434  -1393.64772727      21       0      28
  177     63.76818559   -213.85531886  -1393.64772727      28       0      37
  178     61.31768759   -181.79590925  -1393.64772727      37       0      32
  179     64.89648630   -261.70303819  -1393.64772728      39       0      45
  180     49.38444040   -585.51256337  -1393.64772728      50       0      38
  181     79.30442782   -317.03016107  -1393.64772728      52       0      41
  182     86.91548982   -274.87337784  -1393.64772728      50       0      46
  183    103.94621931   -147.06855462  -1393.64772728      59       0      50
  184    111.12479653   -169.53876747  -1393.64772727      58       0      54
  185    129.54200805   -232.07221660  -1393.64772728      81       0      49
  186     74.02372088   -250.33013301  -1393.64772728      69       0      27
  187     11.36766263  -1292.26275790  -1393.64772727      53       0       2
  188      2.16457111  -1345.19797194  -1393.64772728      14       0       0
  189      8.15663521  -1269.24834170  -1393.64772728       1       0       3
  190     14.11863066  -1262.57728526  -1393.64772728       3       0      11
  191     68.66265800   -229.92249137  -1393.64772728      11       0      15
  192     38.52891469   -700.29371883  -1393.64772728      14       0      20
  193     54.76407937   -303.66767419  -1393.64772727      23       0      27
  194     52.32244052   -399.82963229  -1393.64772727      27       0      33
  195    105.47833740   -240.10001003  -1393.64772727      38       0      33
  196    113.45659350   -238.79837280  -1393.64772727      38       0      39
  197     78.57414232   -312.03322359  -1393.64772727      42       0      37
  198     93.62031226   -329.42952420  -1393.64772727      43       0      46
  199     86.02228035   -353.45832659  -1393.64772727      52       0      35
  200     86.14824846   -170.52801494  -1393.64772727      50       0      47
  201    108.06446173   -214.66688521  -1393.64772727      52       0      53
  202     86.80267927   -125.91961250  -1393.64772727      65       0      53
  203     94.55128890   -214.65391079  -1393.64772728      69       0      39
  204     20.68041005  -1266.57066542  -1393.64772727      66       0       9
  205      6.57868371  -1297.18962353  -1393.64772727      32       0       0
  206      8.22066890  -1266.68321470  -1393.64772727       5       0       3
  207 2105266.38719029 47120942.42167743  -1393.64772728       3       0      11
  208     52.71921062   -282.65711057  -1393.64772728      11       0      13
  209     73.14212763   -386.55687318  -1393.64772727      13       0      21
  210     76.77556924   -190.51455589  -1393.64772727      22       0      22
  211     41.06357585   -717.45057481  -1393.64772728      22       0      31
  212     72.15222279   -508.52384201  -1393.64772727      31       0      36
  213    119.03405496     71.03069131  -1393.64772728      41       0      39
  214     31.52103879  -1185.73519781  -1393.64772728      41       0      36
  215     87.01793944    -86.26971024  -1393.64772728      44       0      40
  216     82.04167238   -261.76367224  -1393.64772727      51       0      38
  217     90.04477288   -251.84712775  -1393.64772728      45       0      37
  218     79.00384882   -246.70777717  -1393.64772728      42       0      55
  219     62.17323823   -247.53354409  -1393.64772727      61       0      50
  220     96.20576735   -188.41280441  -1393.64772728      62       0      43
  221     85.58857044   -206.63254582  -1393.64772728      63       0      21
  222     48.50270302   -549.78065208  -1393.64772728      40       0       4
  223      9.79201577  -1237.17944819  -1393.64772727      16       0       3
  224     15.60817360  -1221.74741137  -1393.64772728       3       0      11
  225     17.39766571  -1254.85451498  -1393.64772728      11       0      12
  226     31.06670928   -870.45496905  -1393.64772727      12       0      21
  227     51.25848225   -344.96274179  -1393.64772727      21       0      20
  228     33.04085318  -1013.13850450  -1393.64772727      20       0      29
  229     30.13869946  -1162.78054820  -1393.64772727      32       0      34
  230     89.88916980   -260.77836546  -1393.64772727      35       0      42
  231     93.48164863   -208.31100526  -1393.64772728      53       0      30
  232     81.81885748   -177.56824954  -1393.64772727      41       0      42
  233     85.72230928   -231.80595639  -1393.64772727      48       0      41
  234     53.52351403   -447.97612158  -1393.64772727      53       0      38
  235     82.93991327   -418.51791254  -1393.64772727      48       0      40
  236     48.04977841   -682.68168144  -1393.64772727      43       0      48
  237    113.43415451   -248.65797593  -1393.64772728      61       0      50
  238     31.92340593  -1172.20023935  -1393.64772728      58       0      29
  239     49.82693046   -369.59331483  -1393.64772728      44       0      10
  240     10.18372348  -1223.22290721  -1393.64772728      24       0       3
  241     14.41130730  -1268.77189868  -1393.64772728       5       0      11
  242     18.52888368  -1172.97308203  -1393.64772727      11       0      11
  243     58.56856265   -446.39527114  -1393.64772727      11       0      21
  244     62.76318946   -564.89738413  -1393.64772728      22       0      19
  245     36.15510930   -842.88847063  -1393.64772727      19       0      25
  246     48.10956260   -545.56916507  -1393.64772728      27       0      33
  247     67.96552325   -333.55235808  -1393.64772728      35       0      38
  248     68.34453692   -281.38950613  -1393.64772728      40       0      35
  249     99.47488331   -188.88130264  -1393.64772728      41       0      34
  250     85.65110534   -430.58380847  -1393.64772728      40       0      45
  251     72.21382617   -320.85627028  -1393.64772727      51       0      45
  252     71.25407447   -250.16938672  -1393.64772727      52       0      31
  253     72.89947422   -177.86316084  -1393.64772728      49       0      47
  254     67.45125927   -524.52301249  -1393.64772728      57       0      49
  255  77872.45873749 1741648.73085161  -1393.64772728      59       0      35
  256     42.47802909   -580.37578661  -1393.64772728      60       0      17
  257     13.78247465  -1248.58611642  -1393.64772728      33       0       4
  258     40.31823973   -559.69396009  -1393.64772728      14       0      11
  259     52.24643875   -255.96283513  -1393.64772728      13       0      10
  260     85.09417184   -188.73102997  -1393.64772727      10       0      22
  261     51.86447677   -329.16874338  -1393.64772728      22       0      16
  262 808736.00699916 18100611.47271920  -1393.64772727      21       0      23
  263     89.80437278   -269.51397963  -1393.64772728      25       0      35
  264     83.41555255   -289.83643896  -1393.64772728      37       0      36
  265     84.63440743   -101.63283380  -1393.64772728      45       0      33
  266     60.31095923   -359.55316772  -1393.64772728      38       0      36
  267     70.29415043   -397.23235452  -1393.64772728      43       0      40
  268     59.31041457   -265.11492859  -1393.64772727      47       0      38
  269    101.04874000   -266.61071372  -1393.64772728      48       0      33
  270     61.34482611   -415.62734339  -1393.64772728      44       0      44
  271     63.62851691   -330.23685235  -1393.64772727      50       0      49
  272     73.11462694   -382.96598135  -1393.64772727      58       0      43
  273     37.68656737   -814.57787073  -1393.64772728      53       0      23
  274     16.32785877  -1268.85728849  -1393.64772728      32       0       6
  275     72.17791783   -171.65510101  -1393.64772728      16       0      13
  276     14.95022277  -1253.06174350  -1393.64772728      15       0       9
  277     41.68387263   -602.08577778  -1393.64772728       9       0      19
  278     31.19400687   -872.71052657  -1393.64772728      19       0      18
  279     88.27309710   -184.02121361  -1393.64772728      19       0      21
  280     51.09917170   -411.13867526  -1393.64772728      23       0      29
  281    104.09045106   -286.41412018  -1393.64772728      32       0      39
  282     95.90394151   -237.22012750  -1393.64772728      44       0      34
  283 1319911.98852074 29542309.38243315  -1393.64772728      40       0      34
  284     51.42735722   -440.53583541  -1393.64772728      43       0      38
  285 4176345.61215428 93478077.51674441  -1393.64772728      44       0      38
  286    100.99738236   -247.50388654  -1393.64772728      41       0      37
  287     75.86451942   -214.81602692  -1393.64772728      46       0      40
  288     47.78137274   -603.16672978  -1393.64772728      46       0      48
  289     51.54955041   -506.48063808  -1393.64772728      48       0      47
  290     58.84342228   -527.83634704  -1393.64772727      60       0      23
  291     20.15482448  -1218.08975285  -1393.64772728      35       0      12
  292     30.52216437   -829.88082590  -1393.64772727      18       0      14
  293  22763.60912957 508128.26475359  -1393.64772728      15       0       9
  294     22.78670821  -1218.00055635  -1393.64772728       9       0      18
  295     19.88220336  -1234.28016116  -1393.64772728      18       0      16
  296     23.17168690  -1194.20033380  -1393.64772728      19       0      21
  297  83865.45891221 1875780.47085760  -1393.64772728      21       0      27
  298     91.11716653   -105.25819207  -1393.64772728      27       0      34
  299     49.73097654   -669.82279894  -1393.64772728      39       0      37
  300     45.92487320   -634.87356758  -1393.64772728      38       0      36
  301     31.37937207  -1230.76632940  -1393.64772728      44       0      38
  302     67.60821767    -77.85549067  -1393.64772728      44       0      34
  303     82.22081441   -240.23874730  -1393.64772728      43       0      39
  304     34.68028451  -1026.88030856  -1393.64772728      46       0      40
  305     88.22844965   -267.08870538  -1393.64772727      43       0      49
  306    100.54561961   -272.06074117  -1393.64772727      57       0      41
  307     81.99461932   -147.76145071  -1393.64772727      49       0      33
  308     21.92289455  -1220.27065388  -1393.64772727      47       0      14
  309     53.34465348   -278.94376159  -1393.64772727      23       0      14
  310     13.85242051  -1260.46252748  -1393.64772728      18       0       9
  311     47.55818003   -403.44972176  -1393.64772727      10       0      15
  312     48.95452421   -457.25116208  -1393.64772727      15       0      19
  313     58.50199286   -176.13698291  -1393.64772727      21       0      20
  314     37.93866386   -762.63717533  -1393.64772727      22       0      23
  315     73.31096598   -122.58706999  -1393.64772728      24       0      35
  316     56.99529682   -259.91655268  -1393.64772728      36       0      33
  317     81.04045945   -315.88128285  -1393.64772728      38       0      39
  318     83.24920498   -194.74496225  -1393.64772727      47       0      37
  319     63.76836087   -356.16590135  -1393.64772727      40       0      32
  320     41.87501495   -909.25219073  -1393.64772728      41       0      40
  321     65.60869404   -550.53135741  -1393.64772728      50       0      39
  322     67.83929047   -271.15469566  -1393.64772728      39       0      48
  323 296243.11730367 6629453.39063573  -1393.64772728      56       0      40
  324     54.43377701   -425.93223703  -1393.64772728      52       0      35
  325     54.93804221   -263.26888180  -1393.64772728      43       0      19
  326     19.95254359  -1233.17910390  -1393.64772727      28       0      16
  327     16.18704052  -1242.86049470  -1393.64772728      21       0      10
  328     63.14773758   -259.10089072  -1393.64772728      15       0      12
  329     57.03237118   -218.33650000  -1393.64772728      13       0      21
  330     22.15500928  -1243.96068324  -1393.64772727      23       0      20
  331 849998.10456614 19024186.16260047  -1393.64772728      21       0      22
  332 366272.99812033 8196933.86747817  -1393.64772728      24       0      33
  333  44094.06974478 985575.58388239  -1393.64772728      36       0      28
  334     78.70203377   -186.76328528  -1393.64772728      32       0      40
  335     91.79243430   -230.73933242  -1393.64772728      46       0      36
  336    103.35059878   -231.03201639  -1393.64772728      43       0      35
  337     73.35147881   -338.76347798  -1393.64772727      39       0      42
  338     96.74446329   -221.56533001  -1393.64772728      53       0      34
  339     57.52345096   -376.78449790  -1393.64772728      43       0      44
  340 552811.40662601 12372237.31619216  -1393.64772728      53       0      48
  341     97.45212238   -179.08868441  -1393.64772727      59       0      33
  342     58.57707947   -269.08527215  -1393.64772728      48       0      24
  343     19.58398342  -1218.52800166  -1393.64772728      32       0      13
  344     63.43195796   -256.34458437  -1393.64772728      19       0      13
  345     20.57515804  -1220.66064900  -1393.64772728      13       0      13
  346     59.47023053   -134.34590486  -1393.64772728      17       0      20
  347     71.11537717   -311.56131695  -1393.64772727      19       0      19
  348     55.63911775   -254.06503187  -1393.64772728      20       0      22
  349     77.08272920   -287.22755870  -1393.64772728      21       0      32
  350     45.81163221   -547.47607296  -1393.64772727      31       0      27
  351    100.27843206   -225.14498071  -1393.64772728      32       0      35
  352     64.15194557   -506.84353649  -1393.64772728      37       0      39
  353 139206.00373417 3114474.62477840  -1393.64772728      43       0      35
  354     44.66236045   -700.19963248  -1393.64772728      46       0      40
  355     83.84414341   -107.36712661  -1393.64772728      46       0      33
  356   1383.23178088  29548.70894096  -1393.64772727      43       0      41
  357     82.29851631   -256.31705221  -1393.64772728      41       0      49
  358 1335724.69032217 29896243.59018878  -1393.64772728      57       0      37
  359     43.53849541   -658.84791082  -1393.64772727      51       0      29
  360     73.89750539   -497.01784423  -1393.64772728      40       0      15
  361     16.54310412  -1255.36276087  -1393.64772728      25       0      11
  362     74.12432696   -135.50225714  -1393.64772728      13       0      16
  363     55.96060069   -228.30597310  -1393.64772728      16       0      20
  364     25.35852227  -1103.81255518  -1393.64772727      21       0      19
  365     53.09939997   -272.81966120  -1393.64772728      19       0      21
  366     75.60887448    -83.92019469  -1393.64772727      22       0      31
  367     72.93069836   -290.21438413  -1393.64772728      31       0      25
  368     67.98352874   -311.47832602  -1393.64772728      28       0      36
  369     70.48113311   -343.75448591  -1393.64772727      38       0      32
  370     85.23066983   -231.45392507  -1393.64772727      33       0      38
  371     83.88527504   -236.55936481  -1393.64772727      40       0      37
  372 488210.36387403 10926274.16677653  -1393.64772727      44       0      41
  373 324124.83128372 7253528.08996836  -1393.64772727      51       0      32
  374     69.81440889   -323.07988002  -1393.64772728      42       0      50
  375     90.25056967    -84.46019530  -1393.64772728      56       0      35
  376     75.58662963   -252.37689427  -1393.64772728      48       0      33
  377     49.56140781   -430.82743303  -1393.64772727      42       0      22
  378     19.64508447  -1225.43340733  -1393.64772727      27       0      12
  379     60.52375717   -451.14956492  -1393.64772727      18       0      15
  380     37.70601245   -731.75963343  -1393.64772727      16       0      21
  381     60.15283232   -318.18841363  -1393.64772727      21       0      18
  382     46.85848282   -451.21345755  -1393.64772728      21       0      20
  383     89.92181943   -202.25799506  -1393.64772728      21       0      31
  384     59.07392288   -344.75840797  -1393.64772727      31       0      25
  385     81.20444502   -177.18924450  -1393.64772728      32       0      34
  386     62.11089727   -419.27421140  -1393.64772727      36       0      32
  387     66.09441813   -292.71383308  -1393.64772727      39       0      35
  388     62.34118965   -468.51473020  -1393.64772727      45       0      37
  389     87.63473918   -262.92650705  -1393.64772727      42       0      37
  390     53.43642537   -395.88024519  -1393.64772728      41       0      37
  391     44.29787707   -660.98926165  -1393.64772727      47       0      42
  392 291895.91501253 6532148.26101568  -1393.64772727      52       0      43
  393     60.95833048   -345.87296644  -1393.64772728      48       0      35
  394     59.96536160   -272.16652857  -1393.64772728      49       0      21
  395     21.77246036  -1223.31213055  -1393.64772727      35       0      16
  396     21.22312795  -1096.63566842  -1393.64772727      23       0      14
  397     23.39146354  -1153.49335343  -1393.64772727      15       0      20
  398     55.82157130   -222.03483961  -1393.64772727      21       0      20
  399     58.37831271   -483.64795523  -1393.64772727      20       0      21
  400     75.95500011   -255.06426719  -1393.64772727      23       0      24
  401     24.12366827  -1256.98522022  -1393.64772727      28       0      29
  402     95.91093579   -228.43504972  -1393.64772727      30       0      27
  403     78.40074762   -205.25677801  -1393.64772727      32       0      36
  404     30.88439119  -1188.75705104  -1393.64772727      36       0      35
  405    103.73184373   -271.47726351  -1393.64772728      42       0      37
  406     90.57097732   -179.78873398  -1393.64772728      42       0      36
  407     29.33032159  -1224.41062859  -1393.64772727      40       0      31
  408    101.94619327   -250.68947965  -1393.64772728      38       0      46
  409     76.44885959   -294.98880075  -1393.64772727      49       0      41
  410     45.59630885   -745.95429645  -1393.64772727      56       0      35
  411     55.52077382   -374.66670140  -1393.64772727      45       0      28
  412     57.71572676   -222.86755425  -1393.64772728      38       0      19
  413     54.26537161   -245.59984882  -1393.64772728      25       0      14
  414     92.72036046   -254.40859217  -1393.64772727      17       0      21
  415     20.95789331  -1232.66298996  -1393.64772727      21       0      18
  416     19.96435402  -1257.16225528  -1393.64772727      21       0      19
  417     90.55047785   -188.46726941  -1393.64772727      18       0      25
  418 1916969.17731437 42906278.17913697  -1393.64772728      27       0      28
  419     51.90589420   -412.03001170  -1393.64772727      30       0      29
  420     97.17294685   -151.78601883  -1393.64772727      35       0      31
  421  27386.65771337 611613.78589465  -1393.64772727      35       0      33
  422    111.59531561   -177.80891950  -1393.64772727      42       0      44
  423     89.31292787   -177.80891950  -1393.64772727      46       0      34
  424     71.19579346   -524.61320366  -1393.64772728      45       0      32
  425     53.41076225   -433.91924513  -1393.64772728      44       0      34
  426    106.62618032    -93.53496873  -1393.64772728      37       0      44
  427     73.80291735   -332.32861146  -1393.64772728      50       0      39
  428     28.07632831  -1220.03905943  -1393.64772727      49       0      30
  429     26.10605133  -1229.44768659  -1393.64772727      36       0      23
  430     20.57104229  -1228.80794454  -1393.64772728      27       0      16
  431     58.08061128   -489.38471954  -1393.64772728      24       0      19
  432     20.29297303  -1229.27489753  -1393.64772728      22       0      20
  433     53.10622641   -288.08989141  -1393.64772728      21       0      17
  434     25.85255581  -1232.54199995  -1393.64772728      18       0      25
  435     53.24471673   -324.59465703  -1393.64772728      28       0      22
  436     74.35404718   -331.15979584  -1393.64772728      28       0      31
  437     90.77932161   -201.70223610  -1393.64772728      34       0      30
  438 154442.79880165 3455519.05509192  -1393.64772727      35       0      31
  439 102640.80973135 2296036.15218263  -1393.64772728      34       0      48
  440     73.47590291   -157.45214078  -1393.64772728      47       0      30
  441     32.28936690  -1188.85067570  -1393.64772727      40       0      35
  442     50.44124896   -527.10419431  -1393.64772728      41       0      36
  443     77.86517690   -320.94590966  -1393.64772728      47       0      38
  444    109.04806077   -247.25370199  -1393.64772728      38       0      44
  445     96.79455137   -224.52954613  -1393.64772728      53       0      30
  446     32.18862904   -950.47845004  -1393.64772727      48       0      22
  447     45.61712108   -476.58216855  -1393.64772728      27       0      18
  448     59.71113505   -501.05155638  -1393.64772728      26       0      22
  449     69.09001937   -296.17970812  -1393.64772728      24       0      20
  450     58.40862917   -234.94435890  -1393.64772728      21       0      15
  451     60.15361297   -281.59864054  -1393.64772727      18       0      20
  452     99.48690405   -195.01471331  -1393.64772727      18       0      29
  453     55.90886564   -296.04128656  -1393.64772727      29       0      27
  454     84.09481635   -311.60843098  -1393.64772728      35       0      31
  455     48.77883670   -648.27692495  -1393.64772728      38       0      33
  456     66.33186146   -212.26786728  -1393.64772728      37       0      42
  457     73.67791501   -413.94294579  -1393.64772728      49       0      31
  458     65.96711714   -237.18194819  -1393.64772728      42       0      33
  459    104.07913942    -49.73625249  -1393.64772727      44       0      40
  460     48.90713402   -528.73336262  -1393.64772727      45       0      37
  461     93.97642797   -165.96601512  -1393.64772728      48       0      34
  462     57.36371028   -305.46884469  -1393.64772728      41       0      41
  463     44.29199917   -570.10764608  -1393.64772728      46       0      21
  464     80.12051315   -273.21193666  -1393.64772727      35       0      22
  465 8365407.63383491 187242153.01220584  -1393.64772728      27       0      22
  466     71.99762682   -285.14964518  -1393.64772728      22       0      20
  467     81.89709537   -281.72129830  -1393.64772727      25       0      16
  468     76.15818455   -277.22236439  -1393.64772728      16       0      20
  469 32112887.41811000 718783751.92322659  -1393.64772728      22       0      24
  470     73.71589926   -396.15327523  -1393.64772727      26       0      26
  471     62.76113778   -148.92416028  -1393.64772728      30       0      31
  472     51.74978151   -448.79981649  -1393.64772728      30       0      32
  473     93.27120593   -250.05511197  -1393.64772728      38       0      36
  474     82.22097670   -172.04870125  -1393.64772728      37       0      40
  475     35.96757098   -858.13918867  -1393.64772728      44       0      32
  476     71.94869008   -344.96487380  -1393.64772728      38       0      35
  477     47.44156833   -638.82740015  -1393.64772728      46       0      39
  478     80.50893893   -224.42682378  -1393.64772727      44       0      36
  479     60.11672692   -260.69652007  -1393.64772728      44       0      40
  480     52.36616216   -361.79582033  -1393.64772727      49       0      25
  481     32.50115271   -896.06836817  -1393.64772727      40       0      25
  482     59.80359871   -146.82262013  -1393.64772727      31       0      19
  483     65.91985749   -246.19172194  -1393.64772728      25       0      23
  484     53.56041566   -279.03762347  -1393.64772728      27       0      16
  485     66.49731855   -282.02654654  -1393.64772728      19       0      19
  486     47.24425405   -448.59343468  -1393.64772727      23       0      23
  487 1385404.65703042 31008227.84727880  -1393.64772727      23       0      27
  488     73.46629316   -199.45668721  -1393.64772728      29       0      30
  489    106.25603767   -246.90057845  -1393.64772728      33       0      30
  490 225691.84060571 5050294.89442198  -1393.64772727      33       0      37
  491     74.74771601   -137.61343229  -1393.64772728      40       0      36
  492     27.48736503  -1204.06961559  -1393.64772728      46       0      32
  493     32.30713468  -1188.23507092  -1393.64772728      38       0      32
  494     57.42448330   -326.44109330  -1393.64772728      40       0      46
  495     83.43247449   -270.23701102  -1393.64772727      53       0      31
  496     67.79549494   -438.07237215  -1393.64772728      46       0      37
  497     90.56452682   -150.78633249  -1393.64772728      43       0      31
  498     57.13268735   -230.41892891  -1393.64772728      45       0      27
  499     41.54168110   -598.32181466  -1393.64772728      29       0      19
  500     51.35182902   -403.16322105  -1393.64772728      27       0      24
  501     37.15644490   -671.60973796  -1393.64772728      28       0      15
  502     79.48078984   -146.30347996  -1393.64772728      18       0      21
  503  28444.48588380 635287.29732721  -1393.64772728      21       0      23
  504     46.30582151   -528.23022679  -1393.64772728      23       0      25
  505     80.70581464   -208.59973387  -1393.64772728      26       0      30
  506     70.21883725   -390.86928188  -1393.64772728      36       0      28
  507     64.70963115   -274.12445961  -1393.64772728      33       0      37
  508     87.42155485   -230.36627054  -1393.64772728      43       0      35
  509     79.39257353   -219.73093407  -1393.64772728      40       0      31
  510     86.58424317   -170.52134821  -1393.64772728      38       0      31
  511    104.99708793   -268.51477921  -1393.64772728      44       0      43
  512     70.18135496   -349.24528274  -1393.64772728      46       0      38
  513 4006563.51909636 89677821.87344939  -1393.64772728      47       0      27
  514     80.99946916   -272.29881745  -1393.64772728      37       0      42
  515     93.58404138   -124.50238550  -1393.64772728      45       0      26
  516    104.15719994   -388.75146641  -1393.64772728      37       0      21
  517     71.91578021   -272.84657932  -1393.64772728      28       0      25
  518 445240.61272964 9964465.19183598  -1393.64772728      25       0      17
  519     33.64143159   -795.57644954  -1393.64772728      21       0      19
  520     35.53421750   -860.14284687  -1393.64772728      20       0      24
  521     45.30936112   -507.57052477  -1393.64772728      25       0      22
  522     49.29299782   -702.97534834  -1393.64772728      23       0      28
  523     49.88516844   -432.72633405  -1393.64772728      29       0      27
  524 4367018.97520380 97745923.04608753  -1393.64772728      30       0      37
  525     46.76131592   -615.31448894  -1393.64772728      41       0      35
  526     69.33460923   -300.24196915  -1393.64772727      39       0      27
  527     63.05093786   -275.32592190  -1393.64772728      32       0      37
  528     67.58965365   -489.08623169  -1393.64772728      37       0      41
  529     74.91269828   -162.75412605  -1393.64772728      54       0      36
  530 1924888.15217872 43083530.87836225  -1393.64772728      52       0      29
  531     98.39510637   -204.69870126  -1393.64772728      45       0      39
  532    101.49271752   -245.22665327  -1393.64772728      41       0      33
  533     24.00798729  -1222.42383189  -1393.64772728      40       0      22
  534     52.94055466   -634.54599104  -1393.64772728      27       0      25
  535     22.64167024  -1209.23205018  -1393.64772728      30       0      18
  536     53.36984675   -288.71380270  -1393.64772728      21       0      19
  537     78.34157067   -336.61146640  -1393.64772728      21       0      24
  538     43.03238611   -553.88254683  -1393.64772728      25       0      19
  539     85.70420855   -181.62158737  -1393.64772728      22       0      31
  540     77.36445671   -242.35929563  -1393.64772728      33       0      25
  541     70.40226749    -86.46413329  -1393.64772728      32       0      35
  542     70.97015387   -240.62800559  -1393.64772728      43       0      34
  543     85.01202639   -307.73682069  -1393.64772728      42       0      31
  544     62.91505964   -192.13981180  -1393.64772728      39       0      28
  545     53.71042258   -394.38068435  -1393.64772728      31       0      34
  546     54.73366597   -582.89946498  -1393.64772728      35       0      41
  547     74.83730103   -280.62475523  -1393.64772727      45       0      36
  548     68.57746250   -358.04874736  -1393.64772728      45       0      41
  549     65.03142531   -353.51326524  -1393.64772728      52       0      31
  550     67.31440125   -384.57314944  -1393.64772728      38       0      25
  551     55.38082777   -278.94503923  -1393.64772727      35       0      24
  552     26.40637697  -1125.05721810  -1393.64772728      30       0      21
  553     56.98969950   -256.22400457  -1393.64772728      24       0      20
  554     49.04520179   -421.31228931  -1393.64772728      22       0      21
  555     52.45366888   -362.51672870  -1393.64772728      22       0      19
  556     97.20036267   -296.07410107  -1393.64772728      24       0      27
  557     51.60701201   -380.69115311  -1393.64772728      30       0      23
  558     87.90360233   -262.15543024  -1393.64772728      29       0      34
  559    144.97657739   1025.82371125  -1393.64772728      34       0      38
  560     88.49776874   -192.56908707  -1393.64772727      40       0      33
  561 158410.20208522 3544329.30586124  -1393.64772727      38       0      31
  562     39.40158612   -738.73638514  -1393.64772727      35       0      30
  563     74.81564942   -398.10887680  -1393.64772727      39       0      37
  564     78.11448734   -287.75185846  -1393.64772727      43       0      34
  565    100.05433281   -164.40519350  -1393.64772728      44       0      44
  566 159950.13644889 3578792.83861527  -1393.64772728      50       0      32
  567     50.11059150   -463.25838442  -1393.64772728      38       0      27
  568     97.33048525   -177.46280824  -1393.64772728      34       0      27
  569     80.95012376    -38.51232611  -1393.64772728      38       0      21
  570     74.58123131   -357.06612850  -1393.64772728      26       0      17
  571     51.79078514   -587.48933434  -1393.64772728      17       0      23
  572     43.05470721   -544.81618725  -1393.64772728      27       0      20
  573     56.68130647   -531.76223602  -1393.64772728      19       0      24
  574     84.97624200   -173.05761580  -1393.64772727      26       0      26
  575    114.28034881   -133.99687224  -1393.64772727      27       0      32
  576     92.68335473   -260.72450502  -1393.64772728      39       0      38
  577     48.81557535   -495.06774559  -1393.64772727      47       0      33
  578     26.00840284  -1225.88067214  -1393.64772728      40       0      26
  579    284.94885481   4928.43734688  -1393.64772727      35       0      34
  580     67.30514957   -384.51030431  -1393.64772728      39       0      33
  581     62.92821577   -449.41209127  -1393.64772728      40       0      34
  582    116.98434116   -208.22139553  -1393.64772727      41       0      46
  583     28.34720345  -1243.10512246  -1393.64772728      51       0      28
  584     59.14350163   -550.57755210  -1393.64772727      46       0      33
  585     57.70891035   -251.62177773  -1393.64772728      37       0      29
  586     73.95256562   -332.30837036  -1393.64772728      38       0      23
  587     59.22042835   -401.51756876  -1393.64772727      26       0      16
  588     57.29094195   -449.30910403  -1393.64772727      17       0      25
  589 282247.69097431 6316185.57418947  -1393.64772727      26       0      19
  590     92.51621642   -178.57282550  -1393.64772728      24       0      21
  591     24.73497909  -1221.31475244  -1393.64772728      24       0      25
  592     48.36728246   -561.77703186  -1393.64772727      30       0      26
  593     70.07700636   -414.45407666  -1393.64772727      28       0      40
  594     90.25269761   -158.72404150  -1393.64772728      39       0      34
  595     56.17426761   -306.71244419  -1393.64772728      39       0      29
  596     29.27964511  -1220.43389083  -1393.64772728      32       0      31
  597 433602.17147645 9703968.70662926  -1393.64772728      37       0      35
  598 432158.09562075 9671647.01447904  -1393.64772728      41       0      31
  599    128.49993285   -147.78506367  -1393.64772728      35       0      41
  600     70.80144220   -362.52721050  -1393.64772728      50       0      34
  601     63.08098231   -290.42457034  -1393.64772728      47       0      38
  602     41.19633614   -725.91589683  -1393.64772728      43       0      31
  603     64.65344478   -258.99260778  -1393.64772728      39       0      21
  604     26.76400765  -1033.49768432  -1393.64772728      23       0      17
  605     65.78427165   -396.80676138  -1393.64772728      19       0      24
  606     48.38383107   -438.24641077  -1393.64772728      25       0      20
  607     65.97885624   -235.65477335  -1393.64772728      22       0      18
  608     67.69177216   -215.92961577  -1393.64772728      22       0      28
  609     23.94570957  -1239.06137173  -1393.64772728      30       0      26
  610     88.91741828   -256.37831816  -1393.64772728      26       0      38
  611     74.95325107   -130.70451965  -1393.64772728      39       0      32
  612     80.63353695   -345.65966274  -1393.64772728      37       0      32
  613     46.18596996   -557.79551343  -1393.64772728      39       0      28
  614     57.04133598   -586.33259776  -1393.64772728      36       0      36
  615  75114.21743106 1513808.54038154  -1393.64772728      40       0      28
  616     59.82858065   -222.34513613  -1393.64772728      33       0      35
  617     80.53136548   -175.17030587  -1393.64772728      41       0      40
  618     69.47302426   -285.51662640  -1393.64772728      47       0      42
  619     72.27440442   -309.89735309  -1393.64772728      50       0      34
  620     31.35569306   -938.55600945  -1393.64772727      39       0      21
  621     35.67254953   -737.54847020  -1393.64772728      28       0      17
  622     48.55209888   -422.07196350  -1393.64772728      19       0      22
  623     72.21416183   -120.08136689  -1393.64772728      22       0      20
  624     42.90586012   -610.09797322  -1393.64772728      22       0      19
  625     66.15276733   -359.47047467  -1393.64772728      23       0      29
  626    100.37779964   -224.18545789  -1393.64772728      29       0      25
  627 9190706.67313630 205412413.55468097  -1393.64772728      28       0      34
  628     61.56323502   -162.42546014  -1393.64772727      40       0      30
  629     66.10611378   -339.14911651  -1393.64772728      37       0      32
  630     81.27402506   -387.48543292  -1393.64772728      42       0      32
  631     56.38739405   -484.21295219  -1393.64772728      41       0      36
  632     48.23173048   -516.22684299  -1393.64772728      40       0      27
  633     85.76030275   -243.58642227  -1393.64772728      37       0      32
  634     78.82889717   -292.66770706  -1393.64772728      40       0      40
  635     59.28580799   -302.84152689  -1393.64772728      44       0      45
  636     55.40073227   -644.13131415  -1393.64772728      60       0      33
  637     27.07933114  -1184.17520236  -1393.64772728      50       0      25
  638 823217.85573988 18424759.23809008  -1393.64772728      38       0      19
  639     38.66970618   -676.68122772  -1393.64772728      25       0      20
  640     57.55168371   -273.88616521  -1393.64772728      20       0      19
  641     53.74478998   -371.35706600  -1393.64772728      22       0      19
  642 151107.64220619 3380868.58922503  -1393.64772728      20       0      29
  643     58.36463114   -208.34519231  -1393.64772728      31       0      22
  644 235499.50022264 5269818.94061211  -1393.64772728      28       0      33
  645     80.05320649   -157.58841854  -1393.64772728      33       0      29
  646     28.31952156  -1134.89121876  -1393.64772728      31       0      30
  647     86.49451186   -282.71405407  -1393.64772728      34       0      32
  648     78.41663332   -395.02794982  -1393.64772728      33       0      39
  649     29.52964001  -1111.82829631  -1393.64772728      40       0      27
  650     60.23633425   -367.98006679  -1393.64772728      36       0      31
  651  36131.60404523 807354.81013990  -1393.64772728      35       0      33
  652     80.40675969   -263.55698808  -1393.64772728      35       0      45
  653     83.39120742   -346.90284929  -1393.64772728      48       0      41
  654     77.83307079   -264.69639426  -1393.64772728      56       0      27
  655     38.26820504   -746.47966472  -1393.64772728      34       0      22
  656     58.07521283   -197.54495809  -1393.64772728      31       0      21
  657     77.67334704   -269.53291590  -1393.64772728      27       0      18
  658     49.23171181   -393.17574918  -1393.64772727      22       0      19
  659     62.54983295   -103.02578829  -1393.64772728      21       0      25
  660     54.69368098   -285.21997330  -1393.64772728      27       0      25
  661     28.22258236  -1228.83290785  -1393.64772728      30       0      34
  662     60.99187716   -301.36377278  -1393.64772728      37       0      29
  663    101.15795329   -208.25205176  -1393.64772728      35       0      29
  664     90.77978774   -298.96052609  -1393.64772728      33       0      34
  665     65.24710689    -44.28311323  -1393.64772728      39       0      33
  666     43.10389961   -654.47143717  -1393.64772728      37       0      30
  667    102.54982672   -282.81423861  -1393.64772728      40       0      33
  668     32.57317474   -958.42090825  -1393.64772727      41       0      28
  669     95.72280299   -245.41473634  -1393.64772728      34       0      39
  670 786038.57324016 17592587.77924652  -1393.64772727      47       0      44
  671     46.50075510   -564.04069839  -1393.64772728      48       0      31
  672     25.66726882  -1194.97981871  -1393.64772728      42       0      24
  673     69.13976916   -211.04576395  -1393.64772728      37       0      21
  674  46292.59267273 1034784.46139296  -1393.64772728      29       0      21
  675     69.00346741   -234.15814038  -1393.64772728      27       0      18
  676     71.57087075   -164.08766968  -1393.64772728      18       0      22
  677 1854817.02645021 41515123.88683599  -1393.64772728      22       0      26
  678    102.52312207    -77.44552089  -1393.64772727      30       0      33
  679     60.47943916   -195.80287702  -1393.64772728      39       0      30
  680     55.42698257   -282.18106898  -1393.64772727      40       0      25
  681     61.47403032   -394.39386894  -1393.64772728      28       0      38
  682 24170630.27711353 541011623.09004521  -1393.64772728      41       0      29
  683     71.42693305   -214.91970869  -1393.64772728      38       0      30
  684     41.94378228   -705.14215814  -1393.64772727      31       0      33
  685     54.91386106   -597.96567029  -1393.64772727      40       0      28
  686     70.11578628   -393.21592212  -1393.64772727      34       0      39
  687    102.42550744   -216.55510300  -1393.64772727      44       0      42
  688     63.49954595   -288.70477422  -1393.64772728      48       0      32
  689     24.63315346  -1254.14432046  -1393.64772728      46       0      24
  690     53.53542020   -524.28371288  -1393.64772727      34       0      28
  691     22.48585351  -1246.19779951  -1393.64772728      34       0      21
  692     24.66277762  -1124.44859325  -1393.64772728      26       0      19
  693     37.15585744   -739.70649377  -1393.64772727      21       0      19
  694     74.00885284   -222.10156077  -1393.64772728      19       0      24
  695     79.54241107   -315.44154254  -1393.64772728      24       0      31
  696     73.02575752   -250.19895902  -1393.64772728      33       0      34
  697     83.07136322   -335.94597588  -1393.64772728      41       0      27
  698     74.73169722   -204.71694161  -1393.64772727      32       0      32
  699     82.18292425   -163.24636658  -1393.64772728      37       0      33
  700     48.64603165   -473.51828895  -1393.64772728      37       0      28
  701     48.98609354   -484.32300005  -1393.64772727      31       0      31
  702 903195.86927860 20214920.54973769  -1393.64772727      34       0      31
  703  79992.74471022 1789102.32695241  -1393.64772727      37       0      36
  704 20508463.05679642 459041066.68301427  -1393.64772727      37       0      39
  705 20508462.91937073 459041066.68301427  -1393.64772727      42       0      35
  706     67.14907230   -385.48150130  -1393.64772728      49       0      27
  707     81.58726012   -233.66997835  -1393.64772727      40       0      28
  708     27.87890008  -1136.11640229  -1393.64772728      33       0      23
  709     85.06528196   -309.62793539  -1393.64772727      32       0      22
  710     20.43307660  -1251.92735824  -1393.64772728      22       0      18
  711     58.16033987   -171.56157573  -1393.64772727      23       0      22
  712 194308.89836941 4347850.11249109  -1393.64772728      23       0      30
  713 620126.74521712 13878958.79294096  -1393.64772727      30       0      31
  714     55.18145766   -685.28717866  -1393.64772727      34       0      31
  715     62.37701874   -234.34458925  -1393.64772728      32       0      30
  716     52.79912909   -558.09985378  -1393.64772728      41       0      35
  717     25.71338897  -1223.37488261  -1393.64772728      40       0      27
  718     26.72941541  -1226.30326923  -1393.64772728      34       0      29
  719     53.90864496   -569.85491546  -1393.64772728      30       0      31
  720     69.00739134   -270.93318506  -1393.64772728      36       0      38
  721     51.50837673   -402.68229072  -1393.64772727      39       0      29
  722     84.78565020   -185.11427281  -1393.64772727      38       0      41
  723     64.19571912   -305.86234517  -1393.64772728      43       0      31
  724     58.18488551   -227.13815342  -1393.64772727      41       0      25
  725     27.10704635  -1223.19539835  -1393.64772727      34       0      28
  726     49.31952463   -410.54347972  -1393.64772727      33       0      21
  727     77.98045681   -202.26464120  -1393.64772728      22       0      20
  728     23.81784971  -1238.39732227  -1393.64772728      22       0      22
  729     88.57011953   -200.31514743  -1393.64772728      24       0      27
  730     67.34501192   -193.46685214  -1393.64772727      29       0      30
  731 8127169.48292945 181909655.28514481  -1393.64772727      35       0      31
  732     76.82290250   -408.47502480  -1393.64772727      36       0      28
  733     62.87276001   -332.43574735  -1393.64772727      34       0      37
  734     67.70423499   -165.15394951  -1393.64772727      39       0      29
  735     77.92539307   -204.95977101  -1393.64772728      34       0      29
  736     64.28301600   -220.49178712  -1393.64772727      39       0      29
  737 1384734.61409445 30993234.51381356  -1393.64772728      37       0      36
  738     38.67022697   -815.26641137  -1393.64772727      43       0      33
  739     77.20170670   -213.71801892  -1393.64772728      38       0      32
  740     80.33024560   -191.85807243  -1393.64772728      35       0      36
  741 1457841.69983507 32629599.42553929  -1393.64772728      47       0      30
  742  89940.67971264 2011764.05445932  -1393.64772728      39       0      28
  743     71.01483320   -389.98212954  -1393.64772728      38       0      22
  744 1758332.30655664 39355493.37444030  -1393.64772727      26       0      17
  745     74.66909496   -199.10523910  -1393.64772728      18       0      24
  746     74.22837970   -538.03312571  -1393.64772728      25       0      25
  747     93.30311637   -266.99581247  -1393.64772727      27       0      27
  748     94.19514855   -188.64941867  -1393.64772728      27       0      33
  749     52.65117579   -562.98122242  -1393.64772727      36       0      30
  750     74.13822727   -125.77614391  -1393.64772728      35       0      32
  751     79.95100541   -237.03395963  -1393.64772727      38       0      28
  752 821879.22716218 18394800.11574847  -1393.64772728      35       0      35
  753     51.58167825   -353.67552035  -1393.64772727      34       0      25
  754     90.58461963   -196.93933488  -1393.64772727      30       0      38
  755     71.19449930   -154.81368432  -1393.64772727      34       0      31
  756     44.28439216   -610.85173269  -1393.64772727      38       0      30
  757     80.00425315   -302.43381859  -1393.64772728      39       0      35
  758     35.00862176   -900.15140989  -1393.64772727      41       0      31
  759     81.83120681   -221.35438662  -1393.64772728      35       0      34
  760     58.49485484   -297.03833934  -1393.64772728      36       0      25
  761     50.08668423   -378.59280359  -1393.64772728      32       0      16
  762 728893.13867171 16313483.90403379  -1393.64772728      25       0      23
  763     23.32928173  -1213.93277966  -1393.64772728      23       0      25
  764     58.50427036   -194.81335435  -1393.64772728      25       0      27
  765     55.51133178   -331.99223300  -1393.64772728      28       0      30
  766     98.61039351   -182.91049657  -1393.64772727      33       0      29
  767     70.64412943   -365.79481239  -1393.64772728      34       0      32
  768     72.18609500   -294.88182264  -1393.64772728      30       0      32
  769     58.42260572   -292.42675318  -1393.64772728      36       0      34
  770     82.84075510   -403.12429805  -1393.64772728      40       0      27
  771     41.02186758   -746.55616477  -1393.64772728      35       0      32
  772     73.17054171   -137.67094888  -1393.64772728      35       0      32
  773     57.04743602   -574.81941486  -1393.64772728      36       0      30
  774    100.20264781   -305.35622194  -1393.64772727      34       0      40
  775     43.77963848   -642.85528069  -1393.64772728      44       0      26
  776     67.02131734   -279.99077834  -1393.64772728      38       0      35
  777     59.36514892   -238.71093924  -1393.64772728      40       0      23
  778     73.21822706   -422.40832092  -1393.64772728      29       0      23
  779     60.82100103   -506.82216764  -1393.64772728      32       0      23
  780     23.69163260  -1244.30670736  -1393.64772728      25       0      24
  781     85.93219019   -270.67790413  -1393.64772728      27       0      25
  782     73.87679700   -325.02864233  -1393.64772728      27       0      27
  783     62.53373396   -489.31149840  -1393.64772727      26       0      33
  784     97.89542739   -217.84525133  -1393.64772728      33       0      32
  785     83.92229106   -191.94858688  -1393.64772727      37       0      26
  786     53.33534079   -599.52668463  -1393.64772727      38       0      38
  787     60.21927810   -658.49889018  -1393.64772728      41       0      29
  788     76.42954943   -222.01850864  -1393.64772727      34       0      26
  789     61.87400202   -443.17019813  -1393.64772728      33       0      33
  790     76.93552531   -386.10119668  -1393.64772727      37       0      34
  791     30.04827503  -1223.19880788  -1393.64772728      41       0      33
  792     51.29167096   -642.96788856  -1393.64772728      42       0      32
  793 5591862.92824326 125161702.62256968  -1393.64772728      37       0      33
  794     24.44679074  -1261.77095182  -1393.64772727      35       0      21
  795     59.12658423   -216.28358091  -1393.64772727      29       0      28
  796     86.87606212   -234.60098154  -1393.64772728      30       0      25
  797     61.97134336   -450.90349107  -1393.64772728      32       0      24
  798     77.08598150   -235.65146279  -1393.64772727      24       0      25
  799     96.06530318   -227.52029123  -1393.64772728      28       0      26
  800     74.85978970   -145.27983506  -1393.64772727      32       0      28
  801     71.65452828   -269.16661370  -1393.64772728      32       0      31
  802     41.64157224   -682.47073137  -1393.64772727      38       0      30
  803     65.16972963   -392.67585028  -1393.64772727      41       0      38
  804     86.84319387   -186.20279139  -1393.64772727      43       0      28
  805     59.27345869   -351.76565731  -1393.64772728      35       0      26
  806    100.21833956   -153.32161263  -1393.64772727      26       0      30
  807     78.20512613   -162.03337393  -1393.64772728      37       0      31
  808     30.87881625  -1221.58502377  -1393.64772727      34       0      37
  809     81.03450832   -190.50446816  -1393.64772727      44       0      36
  810     48.65345461   -536.65671621  -1393.64772728      43       0      29
  811    123.31991553   -191.34960434  -1393.64772728      36       0      26
  812     51.61505103   -372.38587132  -1393.64772727      33       0      27
  813 185255.77032549 4145206.06473255  -1393.64772728      31       0      28
  814     57.66371356   -500.88687344  -1393.64772727      32       0      20
  815     24.06935422  -1235.95485514  -1393.64772727      26       0      23
  816     23.72985610  -1236.28511526  -1393.64772727      23       0      25
  817     54.97542404   -542.58765665  -1393.64772728      28       0      29
  818     64.68803773   -328.64382893  -1393.64772727      39       0      27
  819 105433.10881880 2358534.63682069  -1393.64772728      28       0      34
  820     87.44362208   -142.33900279  -1393.64772728      41       0      42
  821 121230092.18709885 2713500746.34986734  -1393.64772728      47       0      26
  822     31.24067313   -935.09051441  -1393.64772728      33       0      26
  823     57.42845783   -270.48176899  -1393.64772728      30       0      29
  824     66.90874406   -341.07965007  -1393.64772728      33       0      30
  825 2113840.64366246 47312866.83360844  -1393.64772728      36       0      37
  826     79.67349855   -260.19008769  -1393.64772727      44       0      33
  827     27.36583315  -1238.87580472  -1393.64772728      38       0      32
  828     43.70105912   -627.22047967  -1393.64772728      38       0      30
  829     71.16820325   -306.52477091  -1393.64772727      37       0      24
  830 562686.36157960 12593264.63333147  -1393.64772728      23       0      25
  831  68628.77854617 1534740.62719711  -1393.64772728      30       0      27
  832     41.43653847   -594.73339931  -1393.64772728      28       0      20
  833     62.56578486   -283.69303344  -1393.64772728      24       0      24
  834     32.99689287   -863.24443830  -1393.64772728      24       0      27
  835     62.02743216   -251.39060743  -1393.64772728      26       0      30
  836     94.93364946   -269.88084653  -1393.64772728      34       0      34
  837 247469.21286804 5537742.84347908  -1393.64772728      42       0      38
  838     54.06046801   -338.03213709  -1393.64772727      46       0      30
  839     70.66524929   -323.37207750  -1393.64772728      42       0      27
  840 42493923.24239914 950619814.17860866  -1393.64772728      32       0      27
  841     64.97831310    -58.61671390  -1393.64772728      32       0      29
  842     53.98583789   -422.68826647  -1393.64772727      31       0      35
  843 591269.44084957 10015783.90962663  -1393.64772728      39       0      36
  844     80.82090605   -311.17708508  -1393.64772728      37       0      30
  845     73.27469144   -208.91773699  -1393.64772728      39       0      36
  846     42.37057642   -649.42682008  -1393.64772728      37       0      23
  847     54.29109349   -324.24639338  -1393.64772728      28       0      25
  848     70.50748902   -387.96053797  -1393.64772728      29       0      26
  849     25.18590473  -1237.96030737  -1393.64772728      33       0      23
  850     48.98917762   -419.11328260  -1393.64772728      29       0      22
  851     55.05885949   -315.92569544  -1393.64772727      26       0      27
  852     73.05928024   -365.86190298  -1393.64772728      32       0      23
  853     28.18703506  -1192.04361150  -1393.64772728      30       0      31
  854     80.35254203   -196.10025478  -1393.64772728      33       0      44
  855     99.46857861   -199.30959739  -1393.64772727      43       0      31
  856     30.16771324  -1189.92026431  -1393.64772728      41       0      27
  857     30.22805639  -1124.10668331  -1393.64772728      38       0      30
  858 1569286.14818671 35124065.44657427  -1393.64772728      36       0      27
  859     98.73893325   -155.28430905  -1393.64772728      30       0      35
  860     63.27893037   -391.39771848  -1393.64772728      39       0      32
  861    111.54231092   -207.50800213  -1393.64772728      42       0      35
  862     81.40431927   -145.05149519  -1393.64772728      43       0      35
  863     82.07696661   -216.99664032  -1393.64772728      45       0      22
  864     57.33523864   -426.71565622  -1393.64772728      33       0      25
  865     60.82505234   -372.28800153  -1393.64772728      25       0      27
  866     74.11794810   -176.73991481  -1393.64772728      28       0      20
  867     53.48584996   -344.31753125  -1393.64772728      27       0      27
  868     36.68402354   -805.67921202  -1393.64772728      31       0      23
  869     25.47377726  -1211.48111696  -1393.64772728      29       0      27
  870     77.37476414    -85.16790657  -1393.64772728      28       0      29
  871     59.48395696   -250.08385145  -1393.64772728      33       0      39
  872     70.22489760   -332.28919219  -1393.64772728      42       0      30
  873     90.59141592   -354.56049958  -1393.64772728      38       0      31
  874     73.01345831   -201.18976287  -1393.64772728      37       0      33
  875     33.57944356   -948.91388457  -1393.64772728      35       0      23
  876     87.50217067   -235.21965530  -1393.64772728      32       0      35
  877     68.31121995   -365.96595951  -1393.64772728      40       0      31
  878     60.69726728   -182.66866296  -1393.64772728      36       0      31
  879     61.44877372   -435.86696649  -1393.64772728      36       0      40
  880     89.26193717   -328.29674227  -1393.64772728      49       0      27
  881     36.00578897   -803.27026518  -1393.64772728      34       0      25
  882     86.66525485   -225.71827282  -1393.64772728      30       0      25
  883     51.02470315   -352.72882911  -1393.64772728      28       0      19
  884     26.59706772  -1215.94005358  -1393.64772728      23       0      28
  885     56.73045384   -292.90130448  -1393.64772728      29       0      26
  886     43.12681980   -577.27527707  -1393.64772728      30       0      24
  887     92.27908668   -166.99811292  -1393.64772728      25       0      28
  888     58.41904204   -265.21815294  -1393.64772728      27       0      37
  889     75.28142479   -275.54786227  -1393.64772728      46       0      31
  890  99265.48198087 2220482.84282652  -1393.64772728      36       0      33
  891     84.38040891   -256.10307900  -1393.64772728      36       0      29
  892     75.70125232    -72.28752563  -1393.64772728      31       0      26
  893     78.79151783   -339.10903812  -1393.64772727      34       0      35
  894     77.49098202   -192.57481365  -1393.64772727      35       0      29
  895     51.23270789   -420.46150324  -1393.64772727      41       0      31
  896     58.73976516   -270.88724029  -1393.64772727      39       0      38
  897     69.61836117   -314.56140973  -1393.64772727      46       0      33
  898     43.58911430   -587.49010887  -1393.64772728      41       0      25
  899     23.83003257  -1253.28633137  -1393.64772728      37       0      23
  900  69400.81177873 1552018.14374009  -1393.64772728      28       0      24
  901     25.97659383  -1089.15011018  -1393.64772728      31       0      24
  902 5153876.44862806 115358211.86772478  -1393.64772728      25       0      29
  903     63.62705089   -400.12152757  -1393.64772728      28       0      21
  904     68.41681230   -409.70485279  -1393.64772728      30       0      27
  905     71.17891399   -320.74615463  -1393.64772727      33       0      39
  906 6066411.52349543 135783554.65024251  -1393.64772727      40       0      30
  907     36.79761151   -810.41235327  -1393.64772727      35       0      33
  908     86.79348721   -241.57645656  -1393.64772727      39       0      25
  909     44.39401714   -624.59130140  -1393.64772727      32       0      31
  910     73.63860095   -154.76460672  -1393.64772728      38       0      31
  911     71.46637916   -223.09982278  -1393.64772728      36       0      24
  912 1796413.39231803 40207870.41313284  -1393.64772727      29       0      37
  913     94.69061204   -181.11229960  -1393.64772727      39       0      37
  914     95.63565073   -327.82376193  -1393.64772728      44       0      28
  915     47.80594136   -640.53573839  -1393.64772728      35       0      32
  916     25.74231424  -1228.13111208  -1393.64772728      40       0      22
  917     56.14605116   -276.73514349  -1393.64772728      30       0      30
  918     64.68345678   -393.03031984  -1393.64772727      31       0      22
  919     70.48073149   -316.71307603  -1393.64772728      28       0      22
  920     63.79534882   -394.11609365  -1393.64772727      26       0      26
  921 16168517.24500140 361899735.23861110  -1393.64772727      31       0      28
  922     69.06568588   -518.93290163  -1393.64772727      29       0      38
  923     35.43060376   -873.74897743  -1393.64772727      46       0      29
  924     52.62681350   -407.30118274  -1393.64772728      37       0      30
  925     62.26699502   -293.46194840  -1393.64772728      35       0      27
  926     91.40741983   -163.51501905  -1393.64772727      31       0      33
  927     58.17859003   -240.29179561  -1393.64772727      38       0      30
  928     48.33197413   -458.54203545  -1393.64772727      32       0      24
  929     30.61473488  -1204.37245839  -1393.64772727      30       0      34
  930     80.65357257   -176.23247236  -1393.64772728      39       0      38
  931     29.93087905  -1207.48925682  -1393.64772728      41       0      29
  932     76.35173673   -327.88062311  -1393.64772727      40       0      33
  933     65.46216319   -265.77066720  -1393.64772727      42       0      24
  934     75.23025930   -258.28608643  -1393.64772728      32       0      28
  935     55.23869459   -287.07768342  -1393.64772728      35       0      22
  936     33.63717935   -955.02577616  -1393.64772727      26       0      24
  937     24.91284342  -1244.26088801  -1393.64772728      25       0      25
  938     80.51904452   -320.54431057  -1393.64772727      27       0      26
  939     69.76120447   -289.08373747  -1393.64772728      29       0      35
  940  27599.79198403 616385.84416458  -1393.64772728      38       0      33
  941     68.51583870   -451.94510916  -1393.64772728      43       0      31
  942     56.52718095   -271.14569262  -1393.64772727      36       0      27
  943     74.21771115   -280.41835371  -1393.64772727      29       0      33
  944     84.89352801   -142.18562362  -1393.64772728      39       0      29
  945     70.48219995   -480.93146063  -1393.64772727      36       0      24
  946     95.66738891   -172.47844062  -1393.64772727      28       0      34
  947  24195.46497648 534570.78166587  -1393.64772728      40       0      34
  948     56.03155504   -472.07518077  -1393.64772728      40       0      28
  949     29.20165685  -1208.06439173  -1393.64772728      38       0      33
  950 2067778.06343835 46281845.56174517  -1393.64772728      36       0      30
  951     42.78322899   -626.87587250  -1393.64772728      41       0      30
  952     64.07023482   -235.07428639  -1393.64772728      37       0      21
  953 1018919.23192431 22805162.23198839  -1393.64772727      32       0      25
  954     23.95204833  -1251.01661406  -1393.64772728      27       0      24
  955     25.95974721  -1130.45991404  -1393.64772728      29       0      22
  956 214299.10633132 4795288.80758136  -1393.64772728      24       0      35
  957     88.59498695   -353.01848924  -1393.64772728      37       0      37
  958     98.68933827   -235.60518592  -1393.64772728      46       0      31
  959     66.70871621   -268.69738911  -1393.64772728      38       0      23
  960     62.71649631   -572.05354843  -1393.64772727      28       0      32
  961     81.96066117    -94.17740997  -1393.64772728      32       0      31
  962     27.21310726  -1173.64998923  -1393.64772727      33       0      25
  963     28.64531201  -1168.58821167  -1393.64772728      32       0      31
  964     58.33897093   -471.45996274  -1393.64772727      36       0      35
  965     76.45212347   -377.34144847  -1393.64772727      42       0      30
  966     86.04803251   -301.10271958  -1393.64772728      36       0      30
  967     28.75117028  -1214.32406555  -1393.64772728      39       0      31
  968     88.35181582   -197.02255696  -1393.64772728      34       0      28
  969     37.26749843   -769.55497750  -1393.64772728      32       0      27
  970     56.30606628   -279.40848039  -1393.64772728      30       0      24
  971     51.66048417   -369.02550017  -1393.64772728      29       0      26
  972     22.45631684  -1237.13157235  -1393.64772728      27       0      21
  973     25.01252345  -1205.76944623  -1393.64772728      23       0      29
  974     64.44846502   -281.07065061  -1393.64772728      31       0      39
  975     91.33117550   -187.71222791  -1393.64772727      41       0      35
  976     25.01503255  -1171.19922962  -1393.64772728      43       0      25
  977     82.04201862   -236.89969963  -1393.64772728      31       0      29
  978     71.83565179   -168.76560241  -1393.64772728      33       0      28
  979     42.19241245   -711.51780824  -1393.64772728      34       0      27
  980     86.69228783   -157.05998460  -1393.64772728      32       0      29
  981     61.29610795   -157.05998460  -1393.64772728      32       0      37
  982     51.59017525   -396.29415574  -1393.64772728      40       0      28
  983     79.35230638   -245.87783295  -1393.64772728      33       0      32
  984     71.62170280   -204.25010260  -1393.64772728      34       0      32
  985     27.66492698  -1207.21784673  -1393.64772728      33       0      29
  986     43.67602905   -603.43607800  -1393.64772728      33       0      27
  987     81.95235588   -126.92512665  -1393.64772727      37       0      25
  988     65.12501004   -230.97769339  -1393.64772728      31       0      26
  989     47.67687662   -427.92097617  -1393.64772727      30       0      22
  990     55.17072178   -289.29987465  -1393.64772727      25       0      26
  991     27.63231022  -1167.39450610  -1393.64772727      30       0      34
  992     97.28547256   -218.21382405  -1393.64772728      34       0      38
  993     26.63980867  -1225.24064030  -1393.64772728      48       0      26
  994     87.37430668   -214.21322993  -1393.64772727      34       0      30
  995     56.34977340   -280.59543944  -1393.64772727      31       0      27
  996     80.48926574   -113.57551095  -1393.64772727      33       0      29
  997     62.65611922   -446.61727247  -1393.64772727      29       0      30
  998     68.07192365   -371.24824484  -1393.64772727      37       0      32
  999     73.73802120   -324.13298876  -1393.64772728      33       0      32
 1000     83.13548069   -274.98585041  -1393.64772728      42       0      33
----------------------------------------------------------------------------------
Artificial Bee Colony Optimization Finished!

 -- Results Report --
 * 100 LMs will be saved in [ so4_16_waters-LM ].
      #          Energy
      0  -1393.64772727
      1  -1393.51328685
      2  -1392.31520350
      3  -1391.90294164
      4  -1391.55965800
      5  -1389.59534147
      6  -1389.35204599
      7  -1388.99408915
      8  -1388.94787823
      9  -1388.85604059
     10  -1387.83099278
     11  -1387.22185362
     12  -1387.04202099
     13  -1386.93648457
     14  -1386.84747814
     15  -1385.61570081
     16  -1385.42069832
     17  -1385.38235048
     18  -1385.36848789
     19  -1385.22001422
     20  -1384.98823102
     21  -1384.82711486
     22  -1384.70897581
     23  -1383.76878529
     24  -1383.74835322
     25  -1383.56258932
     26  -1383.55604079
     27  -1383.50910204
     28  -1383.40918396
     29  -1383.30254743
     30  -1383.02761258
     31  -1382.82856256
     32  -1382.76678327
     33  -1382.48423236
     34  -1382.27653435
     35  -1382.16473825
     36  -1381.95451898
     37  -1381.49425080
     38  -1380.99612727
     39  -1380.81088905
     40  -1380.80462546
     41  -1380.74554323
     42  -1380.48008914
     43  -1380.17393391
     44  -1380.06069499
     45  -1379.99495839
     46  -1379.99047836
     47  -1379.83099778
     48  -1379.82395036
     49  -1379.52980235
     50  -1379.40218379
     51  -1379.17365698
     52  -1379.16095694
     53  -1378.94050116
     54  -1378.89105645
     55  -1378.88219727
     56  -1378.85675358
     57  -1378.79110502
     58  -1378.72958780
     59  -1378.72093817
     60  -1378.68616072
     61  -1378.68363878
     62  -1378.62812233
     63  -1378.61347044
     64  -1378.40643772
     65  -1378.31561408
     66  -1378.26343189
     67  -1378.25883351
     68  -1378.23175740
     69  -1378.17226089
     70  -1378.01432248
     71  -1377.99250752
     72  -1377.98002910
     73  -1377.67046976
     74  -1377.50378820
     75  -1377.45270702
     76  -1377.39037963
     77  -1377.36804805
     78  -1377.34627396
     79  -1377.33807838
     80  -1377.30764459
     81  -1377.27834460
     82  -1377.26993302
     83  -1377.25882239
     84  -1377.12546268
     85  -1376.93914573
     86  -1376.91981499
     87  -1376.84186575
     88  -1376.82728926
     89  -1376.75046142
     90  -1376.63038834
     91  -1376.57787936
     92  -1376.43470619
     93  -1376.35004591
     94  -1376.21505124
     95  -1375.96567960
     96  -1375.84331839
     97  -1375.74312717
     98  -1375.68525314
     99  -1375.67889357

 * Final Global Minimal Energy:  -1393.64772727
 * The Global Minimum is saved as: [ so4_16_waters-OPT.(cluster/xyz/gjf) ]

===== (^ _ ^) =====
Normal termination at Fri Sep 14 22:08:35 2018.
Total run time: 22205 seconds = 0 days 6 hours 10 minutes 5 seconds.
