    * * * * * * * * * * * * * * * * * * * * *
    *       __    ____    ______            *
    *      /  \  |  _ \  |  ___/  luster !  *
     *    / _  \ | |_| | | |               *
     *   / /_\ | |  _ <  | |     < @  @ >  * 
     *  / ___  | | |_| | | |___ _ _  o     * 
    *  /_/   |_| |____/  |_____ _ __ __  _  *
    *                                       *
    * * * * * * * * * * * * * * * * * * * * *

ABCluster 1.5.1
Specific flag:  official version
Platform:       LINUX/UNIX
Compiled by:    junzhang@gellmann.scs.illinois.edu
Compiling date: Dec 18 2017 20:33:35
C++ compiler:   g++
C++ options:    -O3 -Os -fno-exceptions --std=c++0x -fopenmp 

Contributors:
Jun Zhang(University of Cologne): Design and coding.

For any suggestions, comments, and questions on the theory and
implementation of ABCluster, please feel free to contact:

Dr. Jun Zhang, ZhangJunQcc@gmail.com

If you used this program in your work, please cite this reference:

[1] Zhang, J.; Dolg, M.; ABCluster: The Artificial Bee Colony Algorithm for
    Cluster Global Optimization. Phys. Chem. Chem. Phys. 2015, 17, 24173-24181.
[2] Zhang, J.; Dolg, M.; Global Optimization of Clusters of Rigid Molecules by the
    Artificial Bee Colony Algorithm. Phys. Chem. Chem. Phys. 2016, 18, 3003-3010.

Program starts at Wed Nov 13 11:48:14 2019.
Command line: " /ihome/jkeith/amm503/codes/ABCluster/rigidmol-optimizer 5wat-0acn.inp "
Process ID:   61940
Run by:       amm503@smp-n97.crc.pitt.edu
Available CPU cores:    24
Read "OMP_NUM_THREADS": Unset

Random number testing (integers): 965053150...1567590348
Random number testing (fractals): 0.19494523...0.24586154

 -- Input/Output Parameters --
Input file name:      5wat-0acn.inp
Cluster file name:    5wat-0acn.cluster
Result file name:     lm-5wat-0acn.(cluster/xyz/gjf)
Temporary file name:  abclusteramm503smp-n97.crc.pitt.edu61940-OPT
# of saved LMs:       100
LMs are stored in:    lm-5wat-0acn-LM

 -- ABC Control Parameters --
Population size:                  500
Maximal generation:              1000
Scout limit:                       15
Amplitude:                14.00000000

 -- Cluster Components: from [ 5wat-0acn.cluster ] --
 -----------------------------------------------------------
   Source                                       #   Charge
 -----------------------------------------------------------
   charmm36/tip4p.xyz                           5    0.000
 -----------------------------------------------------------
   Dimension: 0, an isolate cluster.
 -----------------------------------------------------------

Artificial Bee Colony Optimization Starts!
----------------------------------------------------------------------------------
 * Population: 500; Maximal cycles: 1000
 * EM = Employed Bee; Trigonometric mutation
 * OL = Onlooker Bee; ABC/best/2(0.5)+ABC/current/2(0.5);
        Tournament selection from 5 nectars.
 * SC = Scout Bee; Random nectar; Limit = 15
----------------------------------------------------------------------------------
    #       Diversity            maxE            minE    byEM    byOL    bySC
----------------------------------------------------------------------------------
    1      7.28808242    -51.78543869   -152.13714495     306      34       0
    2      2.06971477   -135.32161397   -152.13714494     212      23       0
    3      1.65873861   -137.52451871   -152.13714494     125       5       0
    4      1.20204782   -145.68359680   -152.13714495      81       4       0
    5      1.03891778   -148.55068276   -152.13714495      50       3       0
    6      0.85693539   -148.55068275   -152.13714495      59       1       0
    7      0.77447440   -148.58474935   -152.13714495      22       0       0
    8      0.68355187   -148.58474935   -152.13714494      19       2       0
    9      0.63975726   -148.58474935   -152.13714495      22       0       0
   10      0.53116659   -148.72527055   -152.13714495      22       0       0
   11      0.48434494   -148.72527055   -152.13714495      12       0       0
   12      0.44738831   -148.72527055   -152.13714495      19       0       0
   13      0.40682427   -151.11623585   -152.13714495      14       0       0
   14      0.38878277   -151.11623585   -152.13714496      11       0       0
   15      0.37044232   -151.11623585   -152.13714495      10       0       0
   16      0.36252481   -151.11623585   -152.13714496       4       0       0
   17     11.06929980    -10.65564912   -152.13714496      12       0      23
   18     22.92499960     -6.45898193   -152.13714492      22       0     113
   19     25.94479385    -11.23998044   -152.13714496      81       0     180
   20     23.22017346    -13.24957153   -152.13714495     164      10     133
   21     15.09468168    -10.39274243   -152.13714495     175      16      46
   22      2.03098112   -136.67070434   -152.13714495     153       9       4
   23      2.82526275    -99.05457056   -152.13714493      82      13       1
   24      1.12227590   -144.89011341   -152.13714495      78       2       0
   25      0.95524245   -148.55068276   -152.13714495      52       3       0
   26      0.80819909   -148.58474935   -152.13714495      45       1       0
   27      0.69138027   -148.58474935   -152.13714495      27       1       0
   28      0.60054986   -148.58474935   -152.13714495      23       0       0
   29      0.56186544   -148.72527052   -152.13714492      13       1       0
   30      0.54901502   -148.72527055   -152.13714495      15       0       0
   31      0.48373009   -148.98860578   -152.13714495      11       0       0
   32      0.42837536   -148.98860578   -152.13714495      16       0       0
   33      0.48218773   -145.68359681   -152.13714495      11       0       1
   34      7.15941861    -33.94064214   -152.13714495       7       0      17
   35      7.10708159    -46.04539498   -152.13714495      19       0      40
   36     14.12364548     -2.84009828   -152.13714495      38       0      89
   37     23.08436120     -6.08107254   -152.13714482      70       1     133
   38     23.02526503    -11.26612724   -152.13714495     129       0     129
   39     18.02258037     -7.65834091   -152.13714491     168       5      64
   40     10.52447695    -21.54711837   -152.13714496     138      12      21
   41      5.79241735    -64.01369381   -152.13714495     100      11       6
   42      1.22087807   -145.59864648   -152.13714495      84       1       0
   43      1.01623037   -148.55068275   -152.13714494      53       0       0
   44      0.90571406   -148.55068276   -152.13714483      42       2       0
   45      0.82122357   -148.55068276   -152.13714495      21       1       0
   46      0.66249815   -148.58474935   -152.13714494      32       3       0
   47      0.54819536   -148.58474935   -152.13714494      17       0       0
   48      0.47162035   -148.72527055   -152.13714494      25       0       0
   49      0.41582469   -151.11623584   -152.13714495      15       0       0
   50      0.44167018   -148.58474935   -152.13714495      14       0       2
   51      1.23969900   -136.67070434   -152.13714495      23       0       8
   52      7.98252657    -15.74700561   -152.13714495      17       0      23
   53     10.72089858    -29.46722361   -152.13714495      22       0      42
   54     18.60705198     -8.97291230   -152.13714495      41       0      84
   55     20.69639229    -12.42801406   -152.13714495      84       0     107
   56     20.30132018     -9.05404619   -152.13714496     107       1     104
   57     17.37037386    -21.79602859   -152.13714495     140       6      79
   58     10.01701251    -29.92579303   -152.13714494     119       9      38
   59      6.69545655    -22.45763099   -152.13714495     107       6       7
   60      1.58895627   -137.52451871   -152.13714495      76       3       4
   61      1.27977871   -136.67070433   -152.13714495      70       1       2
   62      0.77184306   -147.90127763   -152.13714492      40       1       0
   63      0.65174026   -148.55068275   -152.13714480      33       0       0
   64      0.55252431   -148.98860578   -152.13714495      28       1       0
   65      0.50542149   -148.98860578   -152.13714495      22       0       0
   66      0.47321545   -148.98860578   -152.13714495      16       0       0
   67      0.48405990   -148.55068275   -152.13714495      16       0       2
   68      2.55455463    -99.47952389   -152.13714495      25       0       7
   69     10.47916136     -4.25243251   -152.13714495      22       0      10
   70     10.13380269     -8.47516528   -152.13714495      22       0      26
   71     11.53671076    -11.79575547   -152.13714495      32       0      41
   72     17.52886464    -16.60066593   -152.13714493      45       0      80
   73     17.80557610     -6.15789152   -152.13714495      68       0      95
   74     18.92318089     -8.79136063   -152.13714495     111       0      99
   75     19.94637244     -4.98312168   -152.13714494     126       2      77
   76     15.11643699     -7.61187879   -152.13714492     120       1      35
   77      4.97560867    -73.26648086   -152.13714495     115       0      14
   78      7.85028870    -14.99432673   -152.13714490      83       0      13
   79      0.97628042   -147.90127766   -152.13714495      67       2       0
   80      0.77617845   -148.55068275   -152.13714492      54       0       1
   81      0.63023810   -148.58474935   -152.13714493      37       0       0
   82      0.54177198   -148.72527055   -152.13714495      27       0       0
   83      0.46301160   -148.72527055   -152.13714495      22       0       0
   84      0.87594770   -135.32161396   -152.13714495      19       0       4
   85      0.84201354   -137.52451871   -152.13714495      19       0       3
   86      2.47308473   -101.51155847   -152.13714495      15       0       4
   87      8.92797479    -11.92041813   -152.13714495       8       0      19
   88      9.20312795    -10.05890540   -152.13714495      19       0      28
   89     11.47262065    -30.81582450   -152.13714495      31       0      47
   90     18.70643357    -11.54342632   -152.13714495      54       0      83
   91     15.98061114    -32.39348011   -152.13714493      86       0      74
   92     17.38548219     -5.38935601   -152.13714495      95       0      94
   93     19.19438942     -4.48944228   -152.13714495     126       0      56
   94     12.13874613    -25.28954652   -152.13714492     114       0      42
   95     12.52575356     -6.23556333   -152.13714496     106       0      33
   96      6.54792897    -18.63433247   -152.13714493      95       0       8
   97      5.46623130    -33.03532014   -152.13714494      54       0       4
   98      0.52895963   -148.58474935   -152.13714494      30       0       0
   99      0.38177877   -148.58474935   -152.13714495      21       0       1
  100      0.24157966   -148.58474935   -152.13714490      14       0       0
  101      6.46012008     -7.57932612   -152.13714495       5       0       2
  102      4.83631109    -44.16004264   -152.13714495       4       0       3
  103      5.66064356    -57.18288577   -152.13714495       4       0       2
  104      8.04040910    -20.94184418   -152.13714495       3       0      15
  105     10.33591688    -13.62771947   -152.13714495      16       0      19
  106     11.12347653    -10.94823340   -152.13714494      18       0      36
  107     17.03414625     -6.11851169   -152.13714495      27       0      54
  108     12.58870393    -34.90219221   -152.13714495      51       0      74
  109     12.92429500    -29.17234107   -152.13714495      83       0      74
  110     17.26923080     -9.85393954   -152.13714493      87       0      84
  111     16.98636965     -8.70266762   -152.13714495     104       0      69
  112     10.25237031    -29.66746106   -152.13714493     102       0      34
  113      6.36025122    -23.03551760   -152.13714495      92       0      21
  114      7.46740711    -12.91046554   -152.13714495      65       0      10
  115      4.08263438    -62.31458312   -152.13714492      48       0       2
  116      0.25476788   -147.90127766   -152.13714495      14       0       1
  117      0.04561076   -151.11623584   -152.13714495       3       0       0
  118      0.15870901   -148.58474935   -152.13714495       1       0       1
  119      0.29211798   -145.59864647   -152.13714495       1       0       2
  120      6.07624495    -40.10989147   -152.13714495       1       0       3
  121      2.55065264   -102.05218038   -152.13714495       3       0      13
  122     12.36869730     -6.00532149   -152.13714494      10       0      23
  123     11.17088822    -12.39138200   -152.13714495      26       0      30
  124     14.94865194     -9.88608736   -152.13714495      31       0      39
  125     19.58223230     -3.71978164   -152.13714495      42       0      66
  126     18.86385854     -7.29896409   -152.13714495      76       0      62
  127     16.42616832     -8.54780762   -152.13714483      73       0      76
  128     19.89587431    -10.96898199   -152.13714495      79       0      77
  129     14.37496148    -17.48850929   -152.13714483      99       0      52
  130     11.59764634    -11.15858166   -152.13714495      86       0      34
  131      9.15217141    -13.61638972   -152.13714495      53       0      17
  132      8.47434444    -12.52047675   -152.13714494      38       0       4
  133      0.04561076   -151.11623585   -152.13714494       9       0       1
  134      0.04561076   -151.11623585   -152.13714494       0       0       0
  135      3.45580246    -76.14916285   -152.13714494       1       0       2
  136      2.74322607    -90.83295655   -152.13714495       2       0       1
  137      6.45557030     -9.06545405   -152.13714494       2       0       3
  138     11.47568870    -10.89123687   -152.13714495       3       0      12
  139      5.12714098    -65.52758997   -152.13714495      10       0      19
  140      6.35415017    -60.74291938   -152.13714495      16       0      28
  141     13.21523023    -24.80576512   -152.13714494      27       0      34
  142     16.93590144     -1.91942023   -152.13714494      33       0      64
  143     14.01216220    -18.06825112   -152.13714496      61       0      64
  144     16.27278004     -7.14352407   -152.13714495      79       0      62
  145     15.95657781    -10.35037970   -152.13714495      82       0      76
  146     14.23776983     -7.83616192   -152.13714496      84       0      65
  147     13.90207206    -14.10557187   -152.13714494      86       0      39
  148      6.32720095    -54.67868027   -152.13714495      70       0      23
  149      9.44251950     -6.78697084   -152.13714495      46       0       8
  150      0.41727621   -144.89011340   -152.13714495      20       0       0
  151      0.15870901   -148.58474935   -152.13714495       4       0       0
  152      0.65284269   -137.52451870   -152.13714494       1       0       1
  153      3.45290148    -74.92666697   -152.13714495       1       0       2
  154      8.28346616    -12.08030647   -152.13714495       2       0       5
  155      6.44903902    -22.41954274   -152.13714495       5       0      12
  156      8.21108263    -19.68165675   -152.13714495      10       0      15
  157     10.50311162    -11.19712540   -152.13714494      16       0      27
  158      7.55556011    -32.91149983   -152.13714495      24       0      29
  159     16.21780034     -9.03086094   -152.13714495      31       0      57
  160     15.61228778    -14.72946287   -152.13714495      56       0      59
  161     16.70923381     -5.86806898   -152.13714495      63       0      65
  162     16.18966585     -7.30061263   -152.13714495      83       0      70
  163     16.41151757    -13.41988518   -152.13714495      76       0      62
  164     19.94190295     -7.68354244   -152.13714495      84       0      57
  165      8.64445662    -13.01041367   -152.13714495      78       0      28
  166      7.23706546    -37.63412447   -152.13714495      59       0       7
  167      6.36586534    -33.83494977   -152.13714495      29       0       4
  168      0.17253328   -148.55068276   -152.13714495       8       0       0
  169      0.67450773   -137.03958850   -152.13714495       3       0       1
  170      0.22637367   -148.55068276   -152.13714495       1       0       2
  171      5.42402235    -60.74028852   -152.13714495       2       0       6
  172      8.85762253    -31.44337777   -152.13714495       6       0      11
  173      7.26865461    -35.21674250   -152.13714495      12       0      13
  174      9.14805257    -30.83390742   -152.13714496      13       0      25
  175     13.53096610    -12.53436559   -152.13714495      25       0      31
  176     15.39779321    -18.45250413   -152.13714495      30       0      45
  177     15.36114422     -7.45137776   -152.13714495      42       0      60
  178     20.27466142     -8.74744348   -152.13714495      66       0      61
  179     14.94375635    -10.69540540   -152.13714494      73       0      69
  180      8.20322863    -11.24582710   -152.13714494      77       0      58
  181     13.28292013     -7.94652298   -152.13714495      70       0      58
  182     11.88530812     -9.94056719   -152.13714495      83       0      35
  183     10.98076725     -7.98121568   -152.13714495      54       0      20
  184      4.05706518    -61.70426882   -152.13714495      32       0       4
  185      4.18330537    -58.62564377   -152.13714495       9       0       1
  186      0.67595689   -137.03958850   -152.13714495       3       0       1
  187      0.67935394   -137.52451870   -152.13714495       2       0       2
  188      1.51437637   -118.91011308   -152.13714495       2       0       5
  189      4.98449182    -44.45855529   -152.13714495       5       0      12
  190      3.97972447    -84.85180504   -152.13714495       9       0      11
  191     13.62585747     -3.66158714   -152.13714496      13       0      28
  192      9.98949206    -38.63716128   -152.13714495      29       0      31
  193     10.09806828    -38.45314653   -152.13714495      29       0      34
  194     15.92663309    -11.14778326   -152.13714495      39       0      53
  195     11.56928363    -17.35572442   -152.13714495      54       0      61
  196     17.98465980     -7.06954426   -152.13714496      63       0      75
  197     12.34031464    -18.16602080   -152.13714495      79       0      46
  198     21.31142575     -7.10467908   -152.13714495      64       0      69
  199     10.06304495    -18.51392022   -152.13714495      78       0      43
  200     11.76288012    -36.01001528   -152.13714495      64       0      20
  201      9.44190691     -4.99680149   -152.13714495      35       0       8
  202      0.14778894   -148.98860578   -152.13714495      18       0       1
  203      0.19457420   -147.90127766   -152.13714495       1       0       1
  204      0.16023099   -148.55068276   -152.13714496       2       0       2
  205      6.40154123    -18.98097408   -152.13714495       1       0       7
  206      5.30060059    -37.94344514   -152.13714495       7       0       9
  207      7.24182542    -22.14666333   -152.13714496       9       0      11
  208     15.80663737     -8.15502944   -152.13714495      10       0      27
  209     13.32196845    -23.47326555   -152.13714491      28       0      29
  210     11.86073220    -28.61323649   -152.13714495      33       0      34
  211     18.93145282    -11.66419453   -152.13714495      39       0      50
  212     13.72997235     -9.35609649   -152.13714494      47       0      58
  213     14.41313453    -20.08808899   -152.13714495      59       0      67
  214     12.03726858    -34.80097053   -152.13714495      61       0      52
  215     15.82638577    -12.70307829   -152.13714496      79       0      66
  216     14.17816947    -30.16467008   -152.13714495      72       0      50
  217      8.78805831    -28.68671272   -152.13714495      79       0      23
  218      6.30629439    -49.09253144   -152.13714495      52       0      14
  219      0.23731430   -148.58474935   -152.13714494      25       0       0
  220      0.25476788   -147.90127766   -152.13714496       3       0       2
  221      0.16023099   -148.55068276   -152.13714496       4       0       1
  222      4.25752275    -71.22811208   -152.13714496       1       0       7
  223      2.81233639   -102.12717279   -152.13714495       6       0       9
  224      7.63195657    -43.98892370   -152.13714495      10       0       6
  225     11.46053111     -9.61111844   -152.13714495       7       0      30
  226     11.71615448     -7.30338643   -152.13714495      29       0      28
  227     14.68351613    -14.49425874   -152.13714495      32       0      35
  228     13.79529491     -4.65175799   -152.13714495      41       0      45
  229     10.49286071    -10.88405411   -152.13714495      40       0      57
  230     15.41629284     -5.11692131   -152.13714495      57       0      53
  231     14.77339384     -8.60072698   -152.13714496      68       0      58
  232     16.62103458     -4.95314790   -152.13714495      73       0      59
  233     16.09010735     -7.45610541   -152.13714495      67       0      56
  234      9.35516858     -7.02186512   -152.13714495      64       0      37
  235      7.30694011    -41.40278552   -152.13714493      55       0      17
  236      0.32231361   -148.55068275   -152.13714495      40       0       0
  237      0.36343900   -145.68359681   -152.13714495      11       0       2
  238      0.67441269   -137.52451871   -152.13714495       5       0       2
  239      2.33989228   -104.25285389   -152.13714495       4       0       4
  240      1.48217751   -126.38430892   -152.13714495       4       0       9
  241      5.39827755    -59.28454370   -152.13714495       7       0       9
  242      7.37967713    -44.10146890   -152.13714493       7       0      24
  243     10.15244246    -31.99539764   -152.13714496      21       0      28
  244     15.05028036    -14.87887274   -152.13714495      33       0      37
  245     10.98644485    -26.53457308   -152.13714493      37       0      39
  246     12.69395604     -8.94933066   -152.13714494      41       0      49
  247     15.77717943     -2.68330514   -152.13714495      49       0      61
  248     14.99653164     -7.41626086   -152.13714496      69       0      58
  249     12.38350871    -16.73211893   -152.13714495      67       0      56
  250     13.82454431    -12.25587991   -152.13714495      73       0      54
  251     12.45967679    -20.56320175   -152.13714495      72       0      36
  252      5.60317640    -37.47851828   -152.13714495      59       0      24
  253      7.03365176    -18.87493673   -152.13714494      37       0       8
  254      0.74376647   -137.03958850   -152.13714495      15       0       2
  255      0.73201041   -137.52451870   -152.13714494       6       0       2
  256      9.98118487     -7.26704006   -152.13714495       3       0       6
  257      5.77689691    -52.66562279   -152.13714495       5       0       8
  258      2.43172186   -105.83885392   -152.13714494       9       0       6
  259     12.51134041    -15.20057908   -152.13714495       8       0      25
  260     14.25656784     -5.45745879   -152.13714495      19       0      27
  261     11.66460184     -7.62186219   -152.13714495      23       0      35
  262     11.94624050    -11.21190892   -152.13714495      33       0      35
  263     14.59403737    -13.79395642   -152.13714495      44       0      49
  264     13.51334917    -38.77720592   -152.13714495      47       0      57
  265     12.88626541    -34.13805469   -152.13714495      68       0      52
  266     17.04605525     -7.76903164   -152.13714495      69       0      58
  267     12.83908157     -8.64550609   -152.13714492      67       0      52
  268     10.48797718    -16.53459571   -152.13714492      64       0      45
  269     10.42430777    -16.70128966   -152.13714495      60       0      30
  270      2.65646232    -98.17198348   -152.13714495      46       0       9
  271      2.57833669   -107.42979337   -152.13714495      24       0       4
  272      0.97131034   -130.97487723   -152.13714493       6       0       3
  273      3.34153004    -77.86884612   -152.13714496       3       0       4
  274      5.35818112    -34.14989136   -152.13714496       4       0       6
  275      4.35924630    -60.33617471   -152.13714496       6       0      13
  276      9.41636520    -15.75095413   -152.13714495      12       0      22
  277      6.93404689    -17.31089246   -152.13714495      20       0      22
  278     10.20461370    -20.08098144   -152.13714495      26       0      35
  279      9.87840403    -14.21804154   -152.13714495      30       0      37
  280     14.33760722     -4.22229663   -152.13714495      43       0      41
  281     19.07267292     -7.82232923   -152.13714495      43       0      48
  282     11.84532680    -10.94187117   -152.13714495      56       0      61
  283     14.73621490    -26.59607190   -152.13714495      69       0      56
  284     13.44492310    -11.78943505   -152.13714495      68       0      46
  285     17.45363642     -4.68941565   -152.13714495      57       0      50
  286     15.29146675    -11.38393522   -152.13714495      61       0      39
  287     11.19393064     -9.48108744   -152.13714495      53       0      13
  288      0.51602039   -145.68359680   -152.13714493      29       0       4
  289      2.44869744    -97.55533983   -152.13714495       8       0       3
  290      5.75274805    -36.23005946   -152.13714495       4       0       4
  291      3.83079976    -69.39939647   -152.13714495       5       0       6
  292     10.93960948    -17.64454951   -152.13714495       6       0      13
  293      8.84828475    -32.98291618   -152.13714495      13       0      18
  294     12.05774124    -11.58280435   -152.13714493      20       0      24
  295     11.41971298    -18.40289484   -152.13714494      24       0      31
  296      8.92989443    -14.45192754   -152.13714495      39       0      40
  297     10.48636630    -18.07930115   -152.13714493      43       0      38
  298     13.95061300    -10.70851602   -152.13714495      47       0      43
  299     14.85316085    -15.41573120   -152.13714495      48       0      57
  300     16.69032735    -12.25648448   -152.13714496      56       0      61
  301     11.65696712    -10.60362875   -152.13714495      69       0      45
  302     15.26886666     -9.86746747   -152.13714495      59       0      50
  303     12.98982666     -3.42883511   -152.13714495      57       0      42
  304     12.75808816    -20.31238765   -152.13714496      50       0      18
  305      5.79028351    -39.51704992   -152.13714495      31       0       7
  306      3.46861575    -74.65150156   -152.13714495       9       0       3
  307      0.69014394   -137.03958850   -152.13714495       3       0       4
  308      5.26539836    -35.36525514   -152.13714495       3       0       6
  309      3.39406762    -98.95566211   -152.13714495       5       0      11
  310     10.18643687     -3.08244685   -152.13714495      12       0      17
  311      8.20576500    -12.40697272   -152.13714495      16       0      20
  312      7.17602436     -5.14858232   -152.13714496      23       0      33
  313     15.10973351    -23.12572577   -152.13714495      28       0      38
  314     10.75603541    -13.34581072   -152.13714495      40       0      38
  315     13.43237974     -2.46237071   -152.13714495      41       0      44
  316     13.64702176    -17.37920011   -152.13714493      41       0      56
  317     19.21794968     -6.02902984   -152.13714494      59       0      52
  318     14.99570228    -11.03390959   -152.13714495      61       0      56
  319     16.49828261     -5.00157809   -152.13714495      70       0      49
  320     14.77972675    -10.18920372   -152.13714495      65       0      42
  321      8.91011049    -33.27470822   -152.13714495      56       0      23
  322      6.27806487    -12.74553117   -152.13714494      41       0       7
  323      0.79373828   -137.52451870   -152.13714495       9       0       6
  324      0.25571543   -147.90127766   -152.13714494       9       0       2
  325      0.97333953   -136.67070435   -152.13714494       4       0       5
  326      7.20772319    -30.54448993   -152.13714495       5       0      12
  327      7.24774192    -34.24418860   -152.13714494      11       0      16
  328      7.35572175    -31.06843970   -152.13714495      15       0      22
  329      7.17688210    -35.25082613   -152.13714495      23       0      29
  330     11.46181863    -28.77185837   -152.13714495      23       0      40
  331     11.22739831     -5.80901696   -152.13714493      43       0      37
  332     15.10522564     -7.24542147   -152.13714495      45       0      37
  333     17.78078139     -9.49355842   -152.13714492      40       0      54
  334     11.51629540    -20.53722697   -152.13714495      50       0      49
  335     14.93252576     -5.07025219   -152.13714495      60       0      58
  336     16.33394731     -9.81778721   -152.13714495      76       0      48
  337     18.77331964     -4.61687752   -152.13714495      57       0      44
  338     11.20053881    -16.90192365   -152.13714495      64       0      31
  339      3.91517724    -70.67471024   -152.13714495      42       0      11
  340      0.97882338   -137.52451871   -152.13714495      21       0       4
  341      5.52460156    -28.56814382   -152.13714495       6       0       3
  342      5.34379120    -37.43585694   -152.13714495       3       0       6
  343      2.73415699    -94.83329388   -152.13714495       6       0      11
  344     10.07435248    -12.01517260   -152.13714495       9       0      14
  345      9.23873479    -12.96472848   -152.13714496      15       0      28
  346     11.03381859    -18.27850849   -152.13714495      28       0      21
  347     12.62302174    -18.92200820   -152.13714495      23       0      35
  348     12.07722716    -28.90582039   -152.13714495      33       0      41
  349     12.11265566     -8.72842457   -152.13714494      37       0      41
  350     11.63899393    -20.31327243   -152.13714494      48       0      40
  351     15.68119112     -7.71330358   -152.13714495      49       0      53
  352     17.37373883     -8.63281833   -152.13714495      55       0      50
  353     14.79708957    -36.56806951   -152.13714492      59       0      52
  354     15.56407801    -14.69868542   -152.13714495      64       0      53
  355     12.39318786     -3.69932883   -152.13714495      66       0      35
  356      8.67729902    -25.31127451   -152.13714494      46       0      13
  357      0.78465975   -136.67070434   -152.13714496      16       0       4
  358      0.76473657   -137.52451871   -152.13714495       5       0       3
  359      5.80870574    -35.72333653   -152.13714495       5       0       6
  360     10.04293593    -10.06340539   -152.13714496       7       0      11
  361      7.57390596    -11.86270944   -152.13714493      10       0      14
  362     10.80247741    -14.40532649   -152.13714495      16       0      26
  363      8.38118204    -41.18298686   -152.13714495      27       0      22
  364      9.19249819    -29.64970699   -152.13714495      26       0      37
  365     11.26635795    -13.47240398   -152.13714494      35       0      31
  366     15.14348679     -9.69271545   -152.13714493      34       0      48
  367      9.75208915    -13.82206819   -152.13714495      43       0      36
  368     20.05537328     -7.27194539   -152.13714494      41       0      48
  369     12.38433095     -5.28980751   -152.13714495      52       0      43
  370     17.14640730    -14.06196456   -152.13714495      46       0      66
  371     13.53214246    -14.99229633   -152.13714494      66       0      47
  372     12.68294252    -10.96652894   -152.13714495      59       0      44
  373      8.35263088    -18.40549166   -152.13714494      57       0      12
  374      6.31694460    -11.78424997   -152.13714495      33       0       5
  375      1.01136614   -136.67070435   -152.13714495       8       0       4
  376      8.19490431    -19.45275489   -152.13714494       6       0       7
  377      6.03696776    -17.95318741   -152.13714496       9       0       8
  378      5.65631260    -37.71943149   -152.13714494       6       0      16
  379      8.20116250    -11.72474379   -152.13714494      17       0      21
  380      5.02968680    -51.88159047   -152.13714495      20       0      26
  381      8.48145359    -35.29902820   -152.13714495      23       0      35
  382     11.61553427    -15.39597754   -152.13714494      38       0      37
  383     13.14575157    -11.32558909   -152.13714494      39       0      44
  384     11.76050929     -3.54767444   -152.13714495      43       0      31
  385     12.70113377    -20.14718475   -152.13714495      40       0      49
  386     15.35885294    -11.82706680   -152.13714494      50       0      44
  387     15.32911985     -4.24722775   -152.13714494      49       0      55
  388     15.84826768     -9.45415792   -152.13714495      64       0      50
  389     18.51600102    -16.42339391   -152.13714495      58       0      45
  390      9.43400496    -13.38816060   -152.13714495      59       0      21
  391      6.54589741     -6.98681775   -152.13714495      34       0       4
  392      5.36280228    -33.22579598   -152.13714495      14       0       6
  393      6.77134539     -7.21550278   -152.13714495       7       0      10
  394      2.97725537    -87.43439136   -152.13714495      12       0       6
  395      4.63455039    -53.00946605   -152.13714495       5       0      15
  396      8.70800266     -9.15496448   -152.13714495      14       0      21
  397     11.54858289    -10.14827343   -152.13714495      19       0      27
  398     12.01787351    -14.34516110   -152.13714494      30       0      34
  399     11.68127910    -35.25936277   -152.13714495      33       0      30
  400     16.83194080    -11.00828007   -152.13714494      33       0      47
  401      7.33207321    -34.18300110   -152.13714495      48       0      35
  402     13.10358017    -10.78130228   -152.13714495      44       0      43
  403     14.95351260     -8.08697387   -152.13714495      48       0      41
  404     10.45871417    -15.18392063   -152.13714494      46       0      56
  405     12.94289609    -15.29203785   -152.13714495      54       0      47
  406     17.51248167     -4.14077081   -152.13714495      55       0      48
  407     10.90883171    -19.51618925   -152.13714495      53       0      24
  408      4.96293041    -57.48318022   -152.13714494      36       0       8
  409      1.34646842   -132.32674390   -152.13714494      19       0       7
  410      6.56356529    -39.07986976   -152.13714495      12       0      13
  411      3.71085787    -69.32304527   -152.13714495      13       0       3
  412      7.31335158     -2.75023374   -152.13714495       4       0      18
  413      6.88743963    -36.25395096   -152.13714495      12       0      17
  414      5.23908989    -55.71639553   -152.13714496      21       0      24
  415     13.49893691    -15.72624553   -152.13714495      24       0      37
  416      8.16400755    -48.25199851   -152.13714491      34       0      31
  417      8.09488450    -13.14164130   -152.13714495      40       0      40
  418     11.24586911    -32.82548100   -152.13714495      39       0      37
  419     12.31906124     -4.12270031   -152.13714493      44       0      45
  420     11.96405064    -19.20799721   -152.13714495      41       0      39
  421     14.31651628    -11.12109755   -152.13714495      52       0      59
  422     12.71842999     -5.67778470   -152.13714495      64       0      48
  423     15.84094705     -5.16360223   -152.13714495      64       0      35
  424      9.61798177    -32.16563645   -152.13714496      54       0      31
  425     11.23750624    -20.13304226   -152.13714495      42       0      16
  426      6.68077018    -60.78257996   -152.13714495      28       0       7
  427      8.40957744    -17.11650494   -152.13714495      17       0      12
  428      4.46233341    -69.53062117   -152.13714495      13       0       8
  429      9.72399179    -11.51011706   -152.13714495       7       0      11
  430      5.61690370    -58.90278907   -152.13714494      10       0      18
  431     12.06489584     -4.41553194   -152.13714496      18       0      25
  432     10.29004517    -12.25335416   -152.13714496      27       0      31
  433     13.03034139    -11.35332995   -152.13714496      34       0      40
  434     12.41593748    -23.02985319   -152.13714494      44       0      33
  435     15.51693306    -11.56898296   -152.13714495      38       0      36
  436     11.51721696     -8.17712746   -152.13714496      46       0      39
  437     15.54287847    -10.90031717   -152.13714495      37       0      41
  438     14.59316628     -6.10924234   -152.13714495      41       0      54
  439     14.24058589     -8.65857718   -152.13714495      53       0      51
  440     10.16151435    -16.40404463   -152.13714495      62       0      37
  441      9.94456524     -6.91395408   -152.13714495      60       0      31
  442     10.84184031    -14.20176990   -152.13714494      50       0      20
  443      7.10773853    -22.46431187   -152.13714495      25       0      13
  444      6.43860072    -44.97060404   -152.13714495      17       0      11
  445      5.03232123    -73.12795472   -152.13714495       9       0       9
  446      3.12790621    -90.79653591   -152.13714495      11       0      12
  447     11.58978887    -15.56069181   -152.13714494      16       0      15
  448     13.34178011    -32.97241732   -152.13714496      16       0      22
  449      7.37851119    -59.37339856   -152.13714494      21       0      31
  450     12.67021490     -5.31220722   -152.13714495      28       0      41
  451      7.11809854    -61.43617424   -152.13714495      43       0      29
  452     13.42386680     -4.37764391   -152.13714496      34       0      41
  453     10.01299497    -20.31200531   -152.13714494      48       0      34
  454      9.85144761    -10.39268981   -152.13714495      37       0      47
  455     12.68070702    -20.47340294   -152.13714495      48       0      46
  456     16.84036794     -4.99866371   -152.13714495      60       0      42
  457     15.40664889     -7.87714549   -152.13714495      53       0      44
  458     13.69192996    -12.15012864   -152.13714495      51       0      41
  459      9.35184526    -30.00966102   -152.13714495      48       0      21
  460      6.22351322    -36.54181825   -152.13714493      32       0      14
  461      8.40303910    -30.29846400   -152.13714495      20       0       9
  462      4.87579421    -47.71544041   -152.13714493      12       0       9
  463      8.70892945    -16.04648413   -152.13714495      10       0      13
  464     10.74959418    -35.97684346   -152.13714495      14       0      17
  465     10.49238258    -15.15601303   -152.13714495      18       0      21
  466     11.71630380    -22.53478661   -152.13714495      23       0      27
  467     13.29737484    -10.05022601   -152.13714495      27       0      35
  468     12.38788929     -8.11365093   -152.13714495      35       0      37
  469     12.23738649     -8.13820025   -152.13714495      39       0      37
  470     12.43188461     -4.53534810   -152.13714495      44       0      32
  471     14.34993060    -15.08853452   -152.13714495      35       0      45
  472     12.09102768    -27.93645948   -152.13714495      50       0      45
  473     11.38755730    -14.36580292   -152.13714495      55       0      48
  474     14.23817341    -13.14321357   -152.13714494      58       0      43
  475     10.94249744     -7.00532861   -152.13714495      56       0      41
  476      4.84725177    -60.17635471   -152.13714495      49       0      21
  477      9.53413703    -29.00947133   -152.13714494      41       0      18
  478      2.77459861   -100.57218800   -152.13714495      22       0      11
  479      7.66552735    -19.31111376   -152.13714495      13       0       8
  480      4.93898656    -56.81104939   -152.13714495      12       0      12
  481      7.69148226    -18.14929686   -152.13714496       9       0      17
  482      9.96176829     -4.72595749   -152.13714496      20       0      22
  483     10.68254038    -19.57059454   -152.13714496      25       0      27
  484     12.81233475     -9.89827757   -152.13714494      32       0      34
  485      9.26023920    -13.64685195   -152.13714494      36       0      32
  486     10.71590883    -16.60595565   -152.13714496      32       0      38
  487     12.18445764    -22.34803269   -152.13714495      42       0      34
  488     13.18327156    -28.53531312   -152.13714496      44       0      37
  489     12.71489359     -9.00296823   -152.13714493      41       0      41
  490      9.14470816    -41.62672787   -152.13714495      44       0      49
  491     16.24037063     -7.16905641   -152.13714495      58       0      49
  492     13.19267161     -6.82480752   -152.13714493      60       0      41
  493     10.93192514    -13.90084811   -152.13714493      50       0      30
  494      4.43955659    -72.37286681   -152.13714496      48       0      17
  495      5.67824684    -36.33620796   -152.13714496      23       0       8
  496     13.41597573     -9.50643138   -152.13714495      10       0      11
  497      3.77910947    -74.48658118   -152.13714491      14       0      12
  498      8.19169343    -41.96539401   -152.13714495      14       0      16
  499     10.83620607     -9.09608370   -152.13714495      11       0      19
  500     11.94182467    -11.31918586   -152.13714495      25       0      29
  501     13.40863128     -6.32906855   -152.13714496      23       0      34
  502     11.25177108    -21.08320958   -152.13714496      44       0      26
  503      8.49640058    -31.45269706   -152.13714496      32       0      36
  504     14.45667652     -9.28142597   -152.13714495      36       0      42
  505     11.59568844    -30.00767087   -152.13714495      47       0      37
  506     11.23023193    -34.44914966   -152.13714495      47       0      33
  507     14.44910311     -9.38939122   -152.13714495      42       0      48
  508     17.74718870     -4.50090685   -152.13714495      53       0      53
  509     11.74124637    -17.99921386   -152.13714495      54       0      38
  510     11.99298834    -11.72648837   -152.13714495      57       0      36
  511      9.19609372    -13.81590244   -152.13714494      48       0      21
  512      1.83324771   -122.68998383   -152.13714495      38       0       9
  513      4.01273271    -64.12664657   -152.13714495      14       0       9
  514      3.04394186   -100.14564878   -152.13714495      11       0      16
  515      5.48620622    -42.19971288   -152.13714495      15       0      11
  516      8.02066276    -11.29623883   -152.13714495      13       0      21
  517      9.73839867    -12.18655062   -152.13714495      19       0      23
  518      8.66402130    -35.44050320   -152.13714495      25       0      34
  519     10.99651203    -14.46776759   -152.13714494      35       0      34
  520     11.41952416     -9.73296290   -152.13714495      41       0      25
  521     15.92583637     -5.71408460   -152.13714495      27       0      43
  522     15.65466260    -10.34157835   -152.13714495      48       0      38
  523     12.83246408    -11.41466883   -152.13714495      42       0      36
  524     16.27657887     -4.92734857   -152.13714495      41       0      49
  525     12.86178928    -14.92628476   -152.13714495      56       0      38
  526     12.47312142     -5.90345742   -152.13714495      50       0      45
  527     11.45896733    -11.44664849   -152.13714495      52       0      39
  528     10.30076573    -15.59478427   -152.13714495      43       0      25
  529      6.36945759    -58.98633113   -152.13714496      31       0      15
  530      6.04548264    -18.81643515   -152.13714496      26       0       7
  531      5.57555281    -42.46989940   -152.13714495      10       0      16
  532      2.84599184   -107.44803346   -152.13714494      16       0      15
  533      2.49646900   -103.58809036   -152.13714496      18       0      14
  534     11.99139686     -7.48119179   -152.13714494      11       0      23
  535      5.45077642    -84.95028233   -152.13714495      21       0      32
  536     11.54583482     -7.30698007   -152.13714495      33       0      35
  537      7.64207125    -18.36091742   -152.13714496      42       0      27
  538     13.14260426     -2.72020924   -152.13714495      41       0      42
  539     13.60666551    -11.98164131   -152.13714495      43       0      36
  540     12.62082004    -12.76045503   -152.13714494      44       0      33
  541     12.25678395    -11.08616919   -152.13714495      41       0      46
  542     11.24944684     -5.36852664   -152.13714495      48       0      44
  543     13.19689612    -14.24274068   -152.13714495      53       0      46
  544     13.79890916    -12.03759865   -152.13714495      43       0      39
  545     11.50044661    -28.20894570   -152.13714495      46       0      25
  546      6.89283005     -6.83006235   -152.13714495      31       0      17
  547      2.18801448   -118.54406583   -152.13714495      26       0      10
  548      5.97149888    -60.20431812   -152.13714495      14       0      14
  549     11.71682786    -11.40635794   -152.13714495      16       0      19
  550      4.42092589    -59.15418774   -152.13714495      17       0      12
  551     11.89694615     -4.04910826   -152.13714495      14       0      17
  552     11.00959405     -9.93029162   -152.13714495      18       0      30
  553     10.70395736    -33.99589894   -152.13714495      28       0      32
  554     10.77326423    -16.23240706   -152.13714495      31       0      34
  555     13.77871906    -17.46191275   -152.13714495      38       0      43
  556     12.52368366    -25.69687282   -152.13714495      39       0      29
  557     12.10664139    -10.67181312   -152.13714495      41       0      41
  558     11.08368860     -8.67840156   -152.13714493      46       0      38
  559     14.80140354    -22.11793495   -152.13714495      49       0      54
  560     14.61864114    -10.68853368   -152.13714494      56       0      41
  561      9.08019943    -15.29936507   -152.13714495      55       0      37
  562     15.33777419     -3.46667523   -152.13714495      44       0      28
  563      5.13358340    -62.48851785   -152.13714495      38       0      20
  564     12.50732296     -9.99623265   -152.13714495      32       0      10
  565     11.42693361    -12.96764655   -152.13714495      12       0      16
  566      5.48526627    -55.85029100   -152.13714495      13       0      17
  567      3.73344692    -85.05931372   -152.13714493      15       0      12
  568      6.71229499    -31.64631239   -152.13714495      12       0      15
  569     16.59517432     -6.12223115   -152.13714495      12       0      34
  570     11.36673711    -17.94303783   -152.13714495      30       0      29
  571      7.06382592    -16.77583420   -152.13714495      34       0      32
  572     11.81731689     -8.97383898   -152.13714496      40       0      40
  573      8.30663464    -18.25439609   -152.13714496      44       0      28
  574     12.40736602    -16.41211859   -152.13714495      43       0      37
  575     14.42967085    -12.32781363   -152.13714496      43       0      47
  576     10.84080581    -31.17771554   -152.13714495      46       0      47
  577     17.23647198    -12.89123786   -152.13714495      58       0      43
  578      9.79653263    -12.72848602   -152.13714495      56       0      34
  579     11.46461883    -18.57529132   -152.13714495      41       0      34
  580     12.14364634    -30.80176993   -152.13714494      41       0      25
  581      3.73276617    -83.32936990   -152.13714494      35       0      12
  582      5.75426904    -68.00214536   -152.13714496      21       0      16
  583      8.00358497    -17.21335236   -152.13714495      16       0      14
  584     10.76596126    -33.99992257   -152.13714496      18       0      15
  585     10.35382124    -13.23677626   -152.13714495      14       0      15
  586     10.49937467     -7.02868765   -152.13714493      18       0      26
  587     11.20105948    -12.99205399   -152.13714495      26       0      27
  588      8.89001846    -53.63388889   -152.13714495      29       0      35
  589     10.31333127    -25.76779244   -152.13714493      39       0      33
  590     10.67944525    -30.69744903   -152.13714493      33       0      34
  591     12.20691168    -10.98657595   -152.13714483      34       0      37
  592     17.10759638    -12.24970171   -152.13714495      42       0      44
  593     15.05502320     -4.71673365   -152.13714495      44       0      49
  594     16.49467521    -14.03542351   -152.13714492      56       0      39
  595      7.36337435    -55.43969312   -152.13714495      48       0      36
  596      9.44497858    -12.40878692   -152.13714496      60       0      34
  597     12.44304334     -7.86849840   -152.13714495      42       0      32
  598      6.78349635    -34.07064376   -152.13714495      34       0      13
  599      0.90784354   -137.52451871   -152.13714483      17       0      15
  600      8.33652302    -34.34008512   -152.13714495      20       0      14
  601      8.32022454    -13.98972027   -152.13714495      16       0      14
  602      7.96568654     -3.49458671   -152.13714495      18       0      15
  603      2.12835616   -120.35888423   -152.13714496      16       0      27
  604     11.23071000    -10.44702059   -152.13714495      31       0      30
  605     12.58456148     -7.56627275   -152.13714495      32       0      32
  606     12.72144782     -5.93733665   -152.13714495      34       0      34
  607     10.62773118    -20.29954422   -152.13714495      35       0      32
  608      8.83369223     -9.86084382   -152.13714495      33       0      35
  609     11.02424812    -31.60589545   -152.13714494      36       0      39
  610     12.31814948    -14.18117035   -152.13714495      39       0      45
  611     10.60128244    -19.80925357   -152.13714495      48       0      40
  612     14.85526102     -8.38465917   -152.13714495      52       0      41
  613     14.04377499    -12.13677665   -152.13714495      52       0      42
  614     12.88934288    -10.28890722   -152.13714495      50       0      27
  615      9.71810600    -11.58059788   -152.13714495      32       0      15
  616      6.72354671    -22.74462573   -152.13714492      23       0      16
  617      6.10303633    -35.30050424   -152.13714495      19       0      12
  618     10.21216914     -9.72976653   -152.13714495      13       0      16
  619      9.71270008    -31.55730093   -152.13714495      16       0      13
  620     10.02272886    -13.80760738   -152.13714495      16       0      28
  621     14.82568134     -5.93333414   -152.13714495      28       0      31
  622     10.98583607     -9.46402653   -152.13714495      35       0      33
  623     11.14742702    -14.70780592   -152.13714496      40       0      36
  624     13.70483697     -9.32799899   -152.13714495      40       0      27
  625     11.91298642     -3.97304758   -152.13714495      33       0      36
  626     13.87496718     -9.95181343   -152.13714496      31       0      35
  627     16.83469283     -6.83654057   -152.13714496      45       0      43
  628     15.46525106    -13.41573685   -152.13714495      41       0      38
  629      9.74705607    -11.80741535   -152.13714495      51       0      43
  630     16.16142255     -5.36659252   -152.13714496      55       0      46
  631     11.16859732    -13.31188166   -152.13714496      47       0      30
  632      5.98156958    -71.79049904   -152.13714496      38       0      16
  633     11.03176778    -32.07463402   -152.13714496      29       0      15
  634      6.41202677    -23.47558828   -152.13714495      15       0      15
  635      5.85422414    -64.05800236   -152.13714495      19       0      13
  636      1.69914876   -131.83121164   -152.13714495      13       0      12
  637     14.44135630     -6.40621106   -152.13714495      15       0      25
  638     12.30079034     -6.54249209   -152.13714495      20       0      29
  639     14.04072171    -16.91795234   -152.13714496      34       0      37
  640     14.71856594    -11.32352673   -152.13714496      39       0      37
  641      6.37410611    -30.55138939   -152.13714495      38       0      28
  642     11.41427781    -24.16533244   -152.13714496      33       0      34
  643     12.39458570    -13.32916104   -152.13714495      38       0      36
  644     11.47951587     -7.80138734   -152.13714495      39       0      31
  645     17.68011086     -6.80647131   -152.13714495      38       0      45
  646     16.41948853     -7.88860852   -152.13714495      43       0      48
  647     15.33840083     -3.06379439   -152.13714495      50       0      38
  648     16.56024927    -11.13662122   -152.13714495      48       0      36
  649     12.69650804    -13.61948292   -152.13714495      43       0      23
  650      7.35796285    -30.18573784   -152.13714495      36       0      11
  651      8.78053270    -10.98621152   -152.13714491      21       0      15
  652      9.27035979    -11.37944975   -152.13714491      15       0      13
  653      4.65395831    -59.00155444   -152.13714491      17       0      17
  654      8.21104011    -33.61415912   -152.13714495      18       0      19
  655     12.38650404     -7.62741066   -152.13714491      18       0      29
  656     11.21192071    -38.64263489   -152.13714495      25       0      36
  657      7.99854930    -47.64428527   -152.13714491      38       0      37
  658     12.60891654    -10.86206513   -152.13714495      41       0      31
  659     10.13039786     -5.72328062   -152.13714495      30       0      24
  660     14.64763348    -10.18930511   -152.13714482      28       0      43
  661     12.41324554     -9.70190379   -152.13714491      47       0      34
  662     14.04031708     -9.12657862   -152.13714495      41       0      42
  663     12.24060698     -2.24795987   -152.13714495      44       0      45
  664     15.20292298     -8.19111136   -152.13714495      52       0      39
  665     14.16319111     -8.33672090   -152.13714495      48       0      32
  666     11.02824818    -15.44584631   -152.13714496      38       0      24
  667      9.46151977    -21.27324840   -152.13714495      33       0      20
  668      6.04543555    -59.42909235   -152.13714495      26       0      13
  669      9.31434932    -30.56237558   -152.13714495      19       0      14
  670      4.74127834    -93.91518075   -152.13714494      17       0      19
  671     12.15220320    -13.61600686   -152.13714495      23       0      21
  672      5.98129657    -63.35143403   -152.13714494      24       0      25
  673      9.87372168    -32.72714443   -152.13714494      25       0      32
  674     13.77903765     -4.07730883   -152.13714494      33       0      41
  675     10.48964697    -19.68082906   -152.13714494      47       0      29
  676      8.86817618    -29.17317569   -152.13714495      32       0      23
  677     13.24195399    -15.89000918   -152.13714495      29       0      40
  678     14.23225505     -8.00558579   -152.13714494      45       0      32
  679     10.34524973    -24.43293025   -152.13714495      33       0      41
  680     17.88428541     -4.50171842   -152.13714495      50       0      47
  681     13.45962145     -8.41995094   -152.13714496      45       0      46
  682      8.45846320    -13.77634059   -152.13714494      50       0      27
  683     11.64714778    -10.53943617   -152.13714494      35       0      25
  684     10.83878815    -23.33280412   -152.13714494      29       0      21
  685     10.47153484    -17.28205647   -152.13714494      23       0      14
  686      5.47463442    -33.92594562   -152.13714494      14       0      13
  687     10.51111940    -30.16706112   -152.13714494      16       0      20
  688      4.34533287    -76.64750424   -152.13714494      19       0      22
  689      7.81713819    -28.94654410   -152.13714494      22       0      23
  690     13.50060334     -9.58570149   -152.13714495      26       0      32
  691     12.16093574    -15.71518578   -152.13714494      35       0      42
  692      9.86268896    -35.27473949   -152.13714494      44       0      26
  693      9.80214133    -15.47029082   -152.13714495      28       0      25
  694     15.55971854     -6.20150405   -152.13714495      29       0      36
  695     12.13958829    -33.85652433   -152.13714494      34       0      34
  696     12.71713637    -27.39352598   -152.13714495      48       0      47
  697     11.61754453     -5.46625485   -152.13714496      44       0      43
  698     12.41978051    -32.17075219   -152.13714495      54       0      46
  699      8.35776535    -35.51668846   -152.13714495      47       0      31
  700      8.45363164    -34.14595181   -152.13714495      44       0      22
  701      8.31098634     -9.68462676   -152.13714496      36       0      23
  702      7.41204413    -37.36788463   -152.13714496      27       0      14
  703      7.54078948    -12.86158870   -152.13714496      20       0      13
  704     12.64295824     -6.78433124   -152.13714495      13       0      22
  705     10.66505933     -7.96222684   -152.13714494      23       0      17
  706     14.02756074    -12.53853100   -152.13714495      23       0      25
  707     11.96073561    -14.15455274   -152.13714496      27       0      30
  708     13.79120992    -16.67820074   -152.13714495      27       0      43
  709     10.63266279    -28.30262835   -152.13714495      39       0      23
  710      7.85976974    -13.68970464   -152.13714496      33       0      29
  711     10.03729798    -31.49173339   -152.13714495      30       0      32
  712      9.18328937    -10.99696790   -152.13714495      36       0      37
  713     13.36260668     -5.31948653   -152.13714495      40       0      40
  714     15.86587674     -6.62286531   -152.13714495      46       0      47
  715     14.36612189     -7.51653897   -152.13714495      58       0      42
  716     11.71979272     -9.65438514   -152.13714494      48       0      32
  717     10.18236712    -13.86497730   -152.13714495      39       0      27
  718     11.72205220     -9.24009827   -152.13714495      31       0      22
  719      8.98360951    -13.61989052   -152.13714494      33       0      20
  720      9.42912486    -12.64603178   -152.13714495      19       0      11
  721     10.14235519    -30.76680693   -152.13714495      16       0      18
  722      5.32436731    -77.93954399   -152.13714495      17       0      20
  723      9.54553377    -31.27382545   -152.13714495      21       0      30
  724     11.24823273     -8.24663061   -152.13714495      30       0      25
  725     13.93505515     -9.10848728   -152.13714495      30       0      36
  726      9.70459852    -10.24019298   -152.13714495      36       0      33
  727     10.69104365     -3.60181955   -152.13714495      38       0      23
  728     10.95746821    -18.36210037   -152.13714495      27       0      35
  729     12.07006663    -21.94897535   -152.13714495      33       0      29
  730     11.63344907     -9.27081800   -152.13714495      33       0      45
  731     14.12999240     -6.56874736   -152.13714495      43       0      42
  732     14.70792399    -12.22492120   -152.13714495      47       0      43
  733     15.61768355     -6.95410768   -152.13714495      45       0      38
  734      8.84665475    -10.79354258   -152.13714495      45       0      26
  735     10.95315313    -16.16330221   -152.13714495      32       0      25
  736      9.07409284     -9.48259779   -152.13714495      25       0      19
  737      9.43322850    -12.89770891   -152.13714495      23       0      14
  738     10.50554120     -4.25577133   -152.13714495      18       0      15
  739      3.64750329    -98.47091690   -152.13714495      17       0      21
  740     13.38990204     -9.39931162   -152.13714495      21       0      24
  741     12.07227691    -22.30416452   -152.13714495      25       0      32
  742     12.63306459    -14.45768380   -152.13714495      33       0      31
  743     14.99356518     -5.76053815   -152.13714495      37       0      36
  744     10.32730098     -9.36892011   -152.13714495      42       0      24
  745      9.98006093    -11.33970571   -152.13714495      30       0      32
  746     11.52743249     -8.78392258   -152.13714495      34       0      37
  747     14.60475734     -8.66964961   -152.13714495      38       0      34
  748     18.04031851     -2.38132953   -152.13714496      33       0      48
  749      7.35546496    -59.96686053   -152.13714495      52       0      36
  750     13.30923248    -12.49989767   -152.13714495      49       0      43
  751      4.29709214    -81.11831161   -152.13714495      52       0      27
  752      8.41913802    -13.97574004   -152.13714494      35       0      24
  753     11.49144064    -13.30401489   -152.13714495      26       0      18
  754      8.09123973    -24.33182868   -152.13714494      24       0      18
  755      9.15630930    -37.54195939   -152.13714494      19       0      16
  756      6.41433056    -28.76283296   -152.13714494      19       0      17
  757      7.47105645    -30.12154017   -152.13714495      19       0      24
  758      8.54911177    -15.74309275   -152.13714494      22       0      30
  759     10.08088835    -16.77748692   -152.13714495      33       0      28
  760     14.87904789    -21.32456581   -152.13714495      28       0      38
  761     13.29476191    -18.33976733   -152.13714495      41       0      30
  762     13.58828250     -5.77124524   -152.13714495      37       0      31
  763      7.44745575    -36.20716454   -152.13714495      38       0      34
  764     12.08282340     -6.06852361   -152.13714495      37       0      33
  765     10.53438474    -38.07829246   -152.13714495      40       0      41
  766     15.90717372     -3.18551271   -152.13714495      41       0      41
  767     13.35863702     -8.63337277   -152.13714495      41       0      45
  768     12.18787554    -12.46125510   -152.13714494      53       0      29
  769     11.09357878     -7.33454936   -152.13714495      44       0      23
  770     10.68541819     -8.44996924   -152.13714495      27       0      21
  771     11.56186183     -6.10337597   -152.13714494      28       0      18
  772      6.55843669    -37.48316865   -152.13714494      17       0      15
  773      9.93399695    -31.78510207   -152.13714494      16       0      20
  774     11.83179278    -16.77875971   -152.13714495      19       0      21
  775     11.00644315     -8.05879198   -152.13714494      24       0      30
  776     10.91812782     -7.51362922   -152.13714495      30       0      25
  777     13.59152050    -14.63077636   -152.13714496      29       0      33
  778     11.50078095     -7.47686974   -152.13714495      38       0      34
  779     10.86041632    -14.89121398   -152.13714495      32       0      34
  780      5.93208015    -59.41232354   -152.13714495      41       0      36
  781      9.67420685    -28.74390810   -152.13714494      48       0      30
  782     12.40351353    -13.30111173   -152.13714496      36       0      40
  783     12.81223063    -16.19433849   -152.13714496      41       0      38
  784     14.02096082    -14.92454652   -152.13714495      47       0      45
  785      9.73815796    -21.14002551   -152.13714495      48       0      30
  786     10.33554965    -30.51555105   -152.13714495      40       0      27
  787      8.89370130    -32.01129802   -152.13714495      32       0      26
  788      6.01050545    -71.51000008   -152.13714494      32       0      15
  789      3.21603681   -100.02642609   -152.13714495      19       0      16
  790      5.33432138    -72.35067530   -152.13714495      15       0      17
  791      8.16229772    -42.67657931   -152.13714494      22       0      23
  792      6.72677093    -36.99503031   -152.13714494      23       0      26
  793     10.94021194    -15.95303166   -152.13714495      26       0      27
  794     13.57857538     -8.01293952   -152.13714494      27       0      34
  795     11.86841359    -29.48440813   -152.13714494      36       0      26
  796     13.94074225    -10.03939234   -152.13714495      26       0      36
  797     13.44275851     -5.94400981   -152.13714494      39       0      38
  798     11.93055226    -11.19702099   -152.13714494      39       0      33
  799     10.01035984    -12.63785856   -152.13714495      41       0      37
  800     13.30667720    -15.58955175   -152.13714495      39       0      36
  801     14.17615407     -7.09915731   -152.13714495      39       0      47
  802      9.65141523    -30.84883247   -152.13714493      49       0      32
  803     14.05021368    -10.39517938   -152.13714495      45       0      26
  804      9.78493358    -30.72933192   -152.13714495      31       0      29
  805      5.55077706    -57.81802320   -152.13714494      31       0      16
  806     10.42085734    -12.26880405   -152.13714495      22       0      14
  807     14.06273794     -9.68425685   -152.13714495      16       0      18
  808     11.04739354     -6.80400396   -152.13714495      20       0      25
  809     10.66645797    -13.43944350   -152.13714495      26       0      25
  810     12.33939163    -19.06865428   -152.13714494      28       0      26
  811     12.22899874    -12.40137914   -152.13714494      29       0      34
  812      9.46385799    -21.11312835   -152.13714495      33       0      27
  813      9.88273851    -35.82870903   -152.13714495      38       0      32
  814     12.10190253     -7.51033857   -152.13714493      29       0      38
  815      7.58316259    -56.63424878   -152.13714495      46       0      38
  816      5.89344437    -73.31198769   -152.13714493      39       0      32
  817     14.13338513     -3.23425787   -152.13714493      40       0      35
  818     13.86347702     -4.80749885   -152.13714495      39       0      44
  819     10.77847299     -8.14018012   -152.13714495      44       0      39
  820     13.63203400     -8.52920853   -152.13714495      40       0      23
  821     12.83685553    -15.38576648   -152.13714495      28       0      31
  822     11.14148870    -16.29959344   -152.13714495      34       0      17
  823      7.35560139    -32.47015484   -152.13714495      26       0      14
  824      5.21131114    -67.49786949   -152.13714495      16       0      18
  825     10.61521812    -16.13524899   -152.13714494      18       0      25
  826      8.72736157    -33.01797311   -152.13714495      27       0      24
  827      8.91236563    -25.78011646   -152.13714495      18       0      26
  828     12.13099531     -7.56706629   -152.13714495      30       0      29
  829     10.44488549    -18.67331088   -152.13714495      32       0      33
  830     11.33861405    -28.04438835   -152.13714495      30       0      32
  831     12.90496974    -22.08167718   -152.13714495      31       0      32
  832     12.07786439    -20.11198192   -152.13714495      35       0      41
  833     11.14553682    -34.70494496   -152.13714495      40       0      35
  834     14.67958531     -5.53373019   -152.13714495      42       0      37
  835     14.75572757    -17.13915451   -152.13714495      43       0      39
  836     11.06593668     -9.14812060   -152.13714492      41       0      40
  837      2.34697323   -123.47648112   -152.13714494      39       0      23
  838     11.76867853    -28.87085335   -152.13714494      37       0      30
  839      9.33987833    -17.99484351   -152.13714494      36       0      22
  840      5.10957590    -43.67550228   -152.13714493      31       0      11
  841     12.77050389     -9.29568470   -152.13714495      13       0      21
  842     11.72095579    -22.32864059   -152.13714492      19       0      30
  843      3.16626626    -99.06002421   -152.13714493      28       0      16
  844     13.13578764     -9.95686398   -152.13714495      22       0      26
  845      8.22656547    -34.07389215   -152.13714495      22       0      36
  846      8.49921413    -31.40977421   -152.13714495      39       0      27
  847      5.91358312    -31.87557147   -152.13714495      24       0      31
  848     13.08238819     -7.38801210   -152.13714495      34       0      38
  849     12.06862834    -10.35931945   -152.13714494      46       0      31
  850     11.65503957    -23.30142770   -152.13714495      40       0      34
  851     12.73428374    -17.62961453   -152.13714495      37       0      39
  852     17.84913170    -14.64180406   -152.13714494      38       0      40
  853     10.03990261     -7.52095753   -152.13714494      46       0      38
  854     12.72631452    -12.72849820   -152.13714495      44       0      27
  855      8.06014354    -30.99452423   -152.13714496      34       0      27
  856      8.74914104    -31.53612564   -152.13714494      30       0      27
  857      7.84557817     -6.96189851   -152.13714495      31       0      12
  858     12.25085719    -16.35139322   -152.13714494      15       0      21
  859     10.10899889    -15.97509748   -152.13714496      23       0      28
  860     13.75835590     -8.79687062   -152.13714495      26       0      19
  861      9.85145323    -10.11642615   -152.13714495      23       0      23
  862     13.95737611    -11.39159710   -152.13714496      25       0      32
  863      7.71626112    -77.01323909   -152.13714494      35       0      32
  864     12.31539098     -5.20507662   -152.13714494      37       0      28
  865     13.02880777     -7.13876524   -152.13714495      38       0      36
  866     13.74343570     -6.62109744   -152.13714494      38       0      29
  867     12.62030718    -29.93494946   -152.13714496      31       0      40
  868     13.77525158     -3.71481373   -152.13714495      41       0      39
  869     12.69355803     -8.15225984   -152.13714495      47       0      35
  870     11.69258939     -7.31867402   -152.13714496      38       0      39
  871      8.95887747    -21.34023183   -152.13714495      50       0      30
  872     13.19649707    -11.06924299   -152.13714495      41       0      29
  873      8.92290427    -11.84164282   -152.13714494      43       0      24
  874      4.78080813    -58.23780511   -152.13714492      29       0      17
  875      9.82110625    -10.55689559   -152.13714495      23       0      22
  876      7.59520449     -6.61405534   -152.13714495      24       0      22
  877      7.50387796     -9.63854168   -152.13714496      22       0      20
  878     13.14179710    -11.05624817   -152.13714494      24       0      23
  879     10.38465130    -37.69406151   -152.13714494      25       0      27
  880     11.51757073     -8.12114831   -152.13714496      30       0      33
  881     13.16742308    -11.21228064   -152.13714495      35       0      30
  882     12.91032256     -8.41613069   -152.13714495      36       0      38
  883     14.13512676     -6.90268381   -152.13714495      36       0      27
  884     12.40180005     -6.30061776   -152.13714494      33       0      41
  885      9.90029468    -24.01474144   -152.13714496      45       0      32
  886     16.68402218     -3.95962305   -152.13714495      35       0      36
  887     13.20245345    -13.93237768   -152.13714495      41       0      40
  888      9.41456551    -13.64284418   -152.13714494      47       0      31
  889      7.75242638    -42.30961957   -152.13714495      39       0      33
  890      8.88287598     -5.45762911   -152.13714494      40       0      24
  891     10.76230195    -13.97059518   -152.13714494      26       0      20
  892      8.40851347    -34.90435445   -152.13714494      26       0      21
  893      8.82509299     -9.77380500   -152.13714495      27       0      20
  894      5.03393836    -58.19995793   -152.13714495      17       0      23
  895      7.41014444    -31.68668421   -152.13714495      21       0      22
  896      8.21051005    -16.05422121   -152.13714495      20       0      26
  897      9.77080256    -30.25291352   -152.13714495      33       0      28
  898     19.19496013     -3.54109485   -152.13714494      30       0      39
  899      9.73187652     -8.92399675   -152.13714495      38       0      31
  900     10.24447703     -9.98400732   -152.13714494      39       0      31
  901      9.45625975    -37.22830506   -152.13714495      31       0      34
  902     10.19845382    -54.25374387   -152.13714495      41       0      38
  903     13.36974091    -16.86392263   -152.13714495      48       0      33
  904     11.06742309     -9.00708215   -152.13714495      43       0      37
  905     11.71069873    -20.49305661   -152.13714494      38       0      32
  906     11.37502275    -12.67433978   -152.13714495      38       0      42
  907      9.96741814    -12.19548416   -152.13714495      44       0      15
  908     10.45305827    -10.45202227   -152.13714495      29       0      28
  909      8.97962344    -48.06239078   -152.13714495      31       0      24
  910      5.54991102    -31.99574121   -152.13714495      27       0      15
  911     10.36345536    -13.16319038   -152.13714495      23       0      28
  912      7.33032319    -33.63450913   -152.13714495      28       0      15
  913      8.25218987    -36.94545965   -152.13714495      16       0      28
  914     10.01769988    -38.15502460   -152.13714494      26       0      26
  915     11.94242149    -17.19984307   -152.13714495      28       0      37
  916     13.99908877     -6.06591365   -152.13714496      36       0      34
  917      7.75232675    -45.24453092   -152.13714495      45       0      27
  918     11.93055904    -10.74924482   -152.13714495      36       0      32
  919     11.95769182    -12.50975040   -152.13714495      32       0      39
  920      8.22509662    -13.01826459   -152.13714495      52       0      35
  921     10.38207507    -15.60721611   -152.13714495      38       0      40
  922     10.67721485     -7.51197589   -152.13714495      39       0      31
  923     15.20510662    -12.68731152   -152.13714495      40       0      37
  924      8.69850128    -17.25468543   -152.13714495      37       0      21
  925      6.14404060    -41.37919897   -152.13714494      31       0      27
  926      9.65720345     -7.74009956   -152.13714495      27       0      24
  927      2.78523791   -101.97788701   -152.13714495      28       0      19
  928     12.31752283    -13.35406501   -152.13714495      24       0      27
  929     10.86596443    -11.71641158   -152.13714495      28       0      15
  930     11.39740530    -15.04034501   -152.13714496      16       0      27
  931      9.41542413    -13.07872145   -152.13714495      22       0      24
  932     11.86191310    -14.61704059   -152.13714495      27       0      33
  933     10.34569280    -11.22771904   -152.13714495      38       0      36
  934     10.60455327    -27.56745072   -152.13714495      38       0      31
  935      8.95806605     -9.20338514   -152.13714495      33       0      24
  936     12.08059503    -11.59219086   -152.13714495      34       0      42
  937      9.98553231    -17.13508349   -152.13714495      38       0      41
  938     12.25557297    -16.94341313   -152.13714494      48       0      37
  939     14.60947415    -31.97700321   -152.13714496      56       0      30
  940     16.50894219     -6.40316081   -152.13714495      37       0      39
  941     10.20382834    -30.61650834   -152.13714495      44       0      22
  942      8.61813293    -34.56124807   -152.13714495      30       0      24
  943      4.89650744    -94.72731560   -152.13714495      27       0      24
  944      6.53339041    -15.87608519   -152.13714495      25       0      24
  945     10.41143340    -32.72040153   -152.13714496      27       0      25
  946      9.84250890    -11.57197234   -152.13714496      26       0      21
  947      3.87000293    -94.21322793   -152.13714492      20       0      20
  948     10.45715308    -15.22611920   -152.13714495      20       0      23
  949      8.31073711    -14.92657105   -152.13714494      25       0      32
  950     11.73313784    -12.86385274   -152.13714495      27       0      36
  951      8.69492604    -10.72762271   -152.13714496      34       0      29
  952      9.49613370    -12.74685689   -152.13714495      30       0      30
  953     15.55452331     -8.16610837   -152.13714496      36       0      35
  954      9.62392893    -16.02128348   -152.13714493      39       0      36
  955     13.67005766    -10.96041615   -152.13714495      35       0      43
  956      6.59681402    -34.37593193   -152.13714495      42       0      31
  957     13.94035394     -8.80091672   -152.13714495      38       0      41
  958      7.54300170    -37.61759124   -152.13714496      51       0      25
  959     12.97684457    -13.32610897   -152.13714495      34       0      23
  960      9.13849918    -43.39648722   -152.13714493      26       0      22
  961      8.76360262    -12.15849556   -152.13714495      27       0      30
  962      8.04873614    -25.30684621   -152.13714495      28       0      22
  963     15.10072153     -6.88396991   -152.13714496      28       0      22
  964      7.36770347     -7.92579901   -152.13714495      26       0      19
  965      2.84297112   -104.31032136   -152.13714493      23       0      26
  966     10.12123164    -15.85571412   -152.13714495      30       0      31
  967      9.73327657    -31.49275806   -152.13714495      32       0      34
  968     12.13612732     -7.55088835   -152.13714496      32       0      26
  969     10.93218573     -6.51767311   -152.13714495      27       0      30
  970     11.72838442     -8.56814964   -152.13714495      32       0      37
  971     14.02324262     -3.05127484   -152.13714495      42       0      36
  972     13.81203604     -9.64840798   -152.13714496      39       0      40
  973     10.85622010     -5.96441218   -152.13714495      46       0      29
  974     12.90855203     -7.06508156   -152.13714495      35       0      40
  975      9.84030079    -14.95645700   -152.13714495      44       0      31
  976     10.30783472     -4.07019315   -152.13714495      35       0      21
  977     10.68375053    -35.16236390   -152.13714494      29       0      28
  978     13.33092892    -10.53759985   -152.13714495      30       0      23
  979      4.34665926    -91.95273821   -152.13714495      26       0      21
  980     11.46207983     -9.63432957   -152.13714495      26       0      21
  981     10.59914023    -10.90968826   -152.13714494      24       0      22
  982      8.19015968    -42.30984801   -152.13714494      27       0      31
  983      8.90337960    -42.86172148   -152.13714495      35       0      32
  984      7.54680414    -35.87637387   -152.13714494      38       0      29
  985     11.13552775    -13.07580329   -152.13714495      36       0      27
  986     12.44366128     -4.81264744   -152.13714494      29       0      26
  987     14.00844327     -9.32421348   -152.13714495      33       0      37
  988     15.11444468     -7.77828242   -152.13714495      37       0      41
  989      7.92370317    -58.03909800   -152.13714495      40       0      37
  990     12.27784792    -19.41321153   -152.13714489      39       0      25
  991     12.05577113    -16.10756597   -152.13714494      25       0      48
  992      7.44178204    -20.35629742   -152.13714495      50       0      22
  993     10.43909528     -6.87773611   -152.13714494      28       0      27
  994     10.60296849    -17.83390989   -152.13714495      27       0      27
  995      5.88042002    -95.32722978   -152.13714495      34       0      23
  996     13.74281500     -6.99768077   -152.13714495      24       0      20
  997      9.89206197    -30.48383784   -152.13714495      22       0      23
  998     14.26554917    -14.80309573   -152.13714495      25       0      21
  999     14.47032504    -14.43458345   -152.13714494      23       0      30
 1000     11.04395842    -13.06587301   -152.13714493      35       0      29
----------------------------------------------------------------------------------
Artificial Bee Colony Optimization Finished!

 -- Results Report --
 * 100 LMs will be saved in [ lm-5wat-0acn-LM ].
      #          Energy
      0   -152.13714495
      1   -152.10898964
      2   -151.11623585
      3   -148.98860578
      4   -148.72527055
      5   -148.58474935
      6   -148.55068276
      7   -147.90127766
      8   -145.68359681
      9   -145.67704046
     10   -145.59864648
     11   -145.40129638
     12   -145.27513011
     13   -145.24640306
     14   -145.23455277
     15   -144.89011341
     16   -144.60821205
     17   -144.11398357
     18   -143.78627867
     19   -143.47239316
     20   -143.42984932
     21   -143.42568161
     22   -143.41088116
     23   -143.08655425
     24   -143.00602906
     25   -142.83193711
     26   -142.81875448
     27   -142.81608477
     28   -142.78688663
     29   -142.73188135
     30   -142.70457899
     31   -142.69683276
     32   -142.68779406
     33   -142.67029990
     34   -142.65556431
     35   -142.64825282
     36   -142.62355839
     37   -142.58288466
     38   -142.57718178
     39   -142.57241139
     40   -142.56705354
     41   -142.48951351
     42   -142.48207890
     43   -142.47245919
     44   -142.44741306
     45   -142.38397368
     46   -142.38060497
     47   -142.37908924
     48   -142.37272608
     49   -142.33356718
     50   -142.32598281
     51   -142.31322726
     52   -142.29993567
     53   -142.29522115
     54   -142.29095329
     55   -142.28312835
     56   -142.27787780
     57   -142.26782140
     58   -142.23069656
     59   -142.22384717
     60   -142.17569358
     61   -142.17153454
     62   -142.14721745
     63   -142.12911900
     64   -142.12611979
     65   -142.11692668
     66   -142.09328329
     67   -142.08756998
     68   -142.06972404
     69   -142.06452222
     70   -142.06093098
     71   -142.04915736
     72   -142.04697311
     73   -142.04604070
     74   -142.01259258
     75   -141.99727998
     76   -141.98920628
     77   -141.97853698
     78   -141.97514755
     79   -141.93665076
     80   -141.91801172
     81   -141.91238915
     82   -141.91183134
     83   -141.90975228
     84   -141.89432413
     85   -141.88392916
     86   -141.87326826
     87   -141.86658545
     88   -141.85577883
     89   -141.83791372
     90   -141.83713566
     91   -141.82373468
     92   -141.82075382
     93   -141.81754521
     94   -141.79791555
     95   -141.77850904
     96   -141.76511118
     97   -141.75725466
     98   -141.74390319
     99   -141.72502656

 * Final Global Minimal Energy:   -152.13714495
 * The Global Minimum is saved as: [ lm-5wat-0acn-OPT.(cluster/xyz/gjf) ]

===== (^ _ ^) =====
Normal termination at Wed Nov 13 12:42:18 2019.
Total run time: 3244 seconds = 0 days 0 hours 54 minutes 4 seconds.
