    * * * * * * * * * * * * * * * * * * * * *
    *       __    ____    ______            *
    *      /  \  |  _ \  |  ___/  luster !  *
     *    / _  \ | |_| | | |               *
     *   / /_\ | |  _ <  | |     < @  @ >  * 
     *  / ___  | | |_| | | |___ _ _  o     * 
    *  /_/   |_| |____/  |_____ _ __ __  _  *
    *                                       *
    * * * * * * * * * * * * * * * * * * * * *

ABCluster 1.5.1
Specific flag:  official version
Platform:       LINUX/UNIX
Compiled by:    junzhang@gellmann.scs.illinois.edu
Compiling date: Dec 18 2017 20:33:35
C++ compiler:   g++
C++ options:    -O3 -Os -fno-exceptions --std=c++0x -fopenmp 

Contributors:
Jun Zhang(University of Cologne): Design and coding.

For any suggestions, comments, and questions on the theory and
implementation of ABCluster, please feel free to contact:

Dr. Jun Zhang, ZhangJunQcc@gmail.com

If you used this program in your work, please cite this reference:

[1] Zhang, J.; Dolg, M.; ABCluster: The Artificial Bee Colony Algorithm for
    Cluster Global Optimization. Phys. Chem. Chem. Phys. 2015, 17, 24173-24181.
[2] Zhang, J.; Dolg, M.; Global Optimization of Clusters of Rigid Molecules by the
    Artificial Bee Colony Algorithm. Phys. Chem. Chem. Phys. 2016, 18, 3003-3010.

Program starts at Wed May  6 10:07:33 2020.
Command line: " /ihome/jkeith/amm503/codes/ABCluster151/rigidmol-optimizer solvent.inp "
Process ID:   132302
Run by:       amm503@smp-n29.crc.pitt.edu
Available CPU cores:    24
Read "OMP_NUM_THREADS": Unset

Random number testing (integers): 1950454531...1784558903
Random number testing (fractals): 0.73836708...0.24880933

 -- Input/Output Parameters --
Input file name:      solvent.inp
Cluster file name:    solvent.cluster
Result file name:     lm.(cluster/xyz/gjf)
Temporary file name:  abclusteramm503smp-n29.crc.pitt.edu132302-OPT
# of saved LMs:       100
LMs are stored in:    lm-LM

 -- ABC Control Parameters --
Population size:                  500
Maximal generation:              1000
Scout limit:                       15
Amplitude:                20.00000000

 -- Cluster Components: from [ solvent.cluster ] --
 -----------------------------------------------------------
   Source                                       #   Charge
 -----------------------------------------------------------
   charmm36/ch3oh.xyz                           5   -0.000
 -----------------------------------------------------------
   Dimension: 0, an isolate cluster.
 -----------------------------------------------------------

Artificial Bee Colony Optimization Starts!
----------------------------------------------------------------------------------
 * Population: 500; Maximal cycles: 1000
 * EM = Employed Bee; Trigonometric mutation
 * OL = Onlooker Bee; ABC/best/2(0.5)+ABC/current/2(0.5);
        Tournament selection from 5 nectars.
 * SC = Scout Bee; Random nectar; Limit = 15
----------------------------------------------------------------------------------
    #       Diversity            maxE            minE    byEM    byOL    bySC
----------------------------------------------------------------------------------
    1     23.32259982     -5.41299209   -145.91788923     282      45       0
    2     12.09955437    -41.85091330   -145.91788924     190      53       0
    3     10.23884510    -41.85091330   -145.91788923     126      35       0
    4      8.67994088   -105.16261974   -145.91788922      93      25       0
    5      8.33049420   -105.16261974   -145.91788923      75      17       0
    6      7.84198553   -113.45710794   -145.91788923      56      20       0
    7      7.38888170   -115.59699575   -145.91788921      50      13       0
    8      7.13655903   -115.59699575   -145.91788921      46      10       0
    9      6.71112847   -115.59699575   -145.91788923      57      11       0
   10      6.21456833   -125.63228117   -145.91788923      43       3       0
   11      5.92626195   -125.99885977   -145.91788922      39       4       0
   12      5.64283748   -125.99885977   -145.91788923      38       1       0
   13      5.30835181   -125.99885977   -145.91788923      34       3       0
   14      4.96887893   -125.99885977   -145.91788924      36       4       0
   15      4.76722711   -126.72283195   -145.91788923      26       2       0
   16      4.54906313   -126.72283195   -145.91788923      24       1       0
   17     13.81302840     -3.28247479   -145.91788922      36       0      11
   18     20.02799514     -6.05404234   -145.91788924      37       1      43
   19     31.99494857     -4.10166404   -145.91788923      39       2     119
   20     32.78440127     -2.68622557   -145.91788924     105       2     141
   21     30.98901931     -4.66713949   -145.91788922     139       7     108
   22     19.10558258     -7.17862622   -145.91788922     164      34      42
   23     14.41198514    -13.45096023   -145.91788922     114      23      21
   24     12.21539782     -7.39373819   -145.91788923     113      27      11
   25      8.72843775    -91.35460413   -145.91788921      79      20       2
   26      8.86293964    -70.10370832   -145.91788923      67      13       1
   27      7.69331677   -113.45710795   -145.91788923      56      17       0
   28      7.26864886   -114.38946430   -145.91788924      62       7       1
   29      6.78049420   -122.77276939   -145.91788917      55       4       0
   30      6.56003513   -122.80179886   -145.91788924      39      13       0
   31      6.22878157   -122.80179886   -145.91788923      43       3       0
   32      5.78325110   -124.72994212   -145.91788923      57       3       0
   33      5.35993880   -124.72994212   -145.91788923      53       5       0
   34      8.77087218    -18.77620812   -145.91788923      45       2       4
   35     14.60411436     -6.34001271   -145.91788923      45       4      13
   36     18.33892206     -6.42242817   -145.91788923      46       1      32
   37     21.54466074     -5.20833328   -145.91788923      58       1      47
   38 821630.66602937 18390488.30209133   -145.91788923      61       2     100
   39     27.03995237     -4.05388482   -145.91788924     100       4      96
   40     26.81466229     -2.50339102   -145.91788923     114       4      77
   41     22.52306242     -4.92798081   -145.91788923     111      15      52
   42     21.44942975     -4.93575798   -145.91788923     117      16      43
   43     14.83047104     -9.17010159   -145.91788922     105      11      24
   44     10.02712923    -45.91690707   -145.91788922      93      15       7
   45      9.00385624    -58.77067516   -145.91788923      85       6       2
   46      9.39869454    -17.65342152   -145.91788923      75       8       3
   47      6.87218005   -113.45710793   -145.91788924      92       8       0
   48      5.62067135   -114.77215048   -145.91788923      83       4       0
   49      4.59273099   -124.71952067   -145.91788924      84       3       0
   50      3.59183507   -124.71952067   -145.91788923      74       0       0
   51      2.79814977   -113.97459940   -145.91788923      73       0       1
   52      2.20085117   -111.63705929   -145.91788922      65       0       2
   53     11.74023103     -7.15746420   -145.91788923      40       0      11
   54     15.32854941     -6.24896746   -145.91788922      24       0      26
   55     20.19789202     -4.34884565   -145.91788922      31       0      40
   56     18.04752276     -2.85082040   -145.91788923      42       0      35
   57     26.97586550     -1.81573210   -145.91788922      42       0      74
   58     25.41846461     -2.87117066   -145.91788924      73       0      86
   59     28.95743402     -3.44085491   -145.91788923      98       0      84
   60     22.61521973     -4.53835912   -145.91788924     103       0      57
   61     20.42084622     -5.39344654   -145.91788923     101       0      36
   62     18.35945738     -4.41926123   -145.91788923     102       0      28
   63     13.80606498    -10.86590939   -145.91788924      94       0      12
   64      7.66455346    -30.22112263   -145.91788924      68       0       6
   65      3.37644459    -88.12214067   -145.91788924      35       0       2
   66      1.59898655   -114.84088798   -145.91788923      14       0       0
   67      0.00000001   -145.91788923   -145.91788923       5       0       0
   68      0.00000001   -145.91788923   -145.91788923       0       0       0
   69      3.87969646    -70.87284608   -145.91788923       0       0       3
   70      8.01351505    -16.38587858   -145.91788923       3       0       8
   71     14.98854959     -4.48414219   -145.91788922       8       0      23
   72     17.75253682     -7.77821447   -145.91788923      22       0      32
   73     19.53329284     -4.86093543   -145.91788923      31       0      34
   74     20.04006775     -5.73991311   -145.91788923      35       0      51
   75     26.28587902     -2.84811816   -145.91788923      50       0      70
   76     24.67073040     -2.57643938   -145.91788921      79       0      75
   77     24.96128931     -6.78768498   -145.91788923      86       0      69
   78     21.89147696     -4.07836820   -145.91788924      86       0      47
   79     24.31013803     -4.91000813   -145.91788923      76       0      48
   80     14.76127940    -18.85413771   -145.91788923      79       0      24
   81     12.49756956     -2.76130561   -145.91788922      70       0      11
   82     11.79828422     -9.00289723   -145.91788922      39       0       4
   83      1.97712169   -106.49436613   -145.91788923      17       0       1
   84      0.00000001   -145.91788924   -145.91788923       3       0       0
   85      0.00000001   -145.91788924   -145.91788923       0       0       0
   86      6.40281746    -13.31270472   -145.91788923       0       0       3
   87      7.58947892     -6.34715361   -145.91788923       3       0       8
   88     13.61484599     -6.62283973   -145.91788922       8       0      24
   89     14.34475097     -5.45706868   -145.91788923      22       0      26
   90     17.66481339     -5.42843118   -145.91788923      26       0      31
   91     21.73985412     -3.02486858   -145.91788923      32       0      42
   92     23.58479154     -3.37878708   -145.91788921      45       0      64
   93     28.53773909     -2.80022676   -145.91788923      57       0      66
   94     24.05289921     -5.88103250   -145.91788923      74       0      67
   95     24.03634865     -3.69894886   -145.91788921      87       0      56
   96     21.91884128     -6.08618717   -145.91788924      86       0      47
   97     20.22116526     -4.40507965   -145.91788923      62       0      37
   98     13.02890959     -6.75408544   -145.91788923      70       0      22
   99      7.44560486     -2.41411801   -145.91788923      49       0       6
  100      1.19090929   -125.92666947   -145.91788923      24       0       1
  101      0.00000001   -145.91788923   -145.91788923       4       0       0
  102      0.00000001   -145.91788923   -145.91788923       0       0       0
  103      5.32716192    -30.50472249   -145.91788923       0       0       3
  104      9.29747596     -8.83311786   -145.91788923       3       0       8
  105     15.01891089     -3.34369430   -145.91788923       8       0      24
  106     14.01505558    -19.48680381   -145.91788924      20       0      26
  107     18.26557118    -15.12739651   -145.91788923      22       0      27
  108     18.72723734     -6.31087597   -145.91788922      38       0      39
  109     25.02134226     -3.53186083   -145.91788923      40       0      55
  110     28.04355946     -5.01958451   -145.91788923      57       0      54
  111     23.61552783     -4.74952920   -145.91788924      68       0      69
  112     24.71045389     -5.49656043   -145.91788923      71       0      56
  113     21.55552288     -7.85829592   -145.91788923      72       0      51
  114     19.43115068     -5.74357579   -145.91788923      71       0      44
  115     17.87530520     -8.37193466   -145.91788923      72       0      33
  116     11.24508815     -6.83726224   -145.91788921      67       0       9
  117      9.19239938     -3.65432660   -145.91788923      39       0       2
  118      0.23414385   -140.67702999   -145.91788923      12       0       0
  119      0.00000001   -145.91788922   -145.91788923       1       0       0
  120      6.10179111    -34.21482628   -145.91788923       0       0       2
  121      8.19049908    -21.04577106   -145.91788923       2       0       9
  122     14.47172672     -5.07484721   -145.91788923       9       0      24
  123     11.69192736     -5.73734942   -145.91788923      24       0      22
  124     15.31455582     -7.92536327   -145.91788924      21       0      25
  125     21.96854551     -3.74269762   -145.91788923      27       0      35
  126     22.61176734     -4.24245910   -145.91788923      34       0      50
  127     21.99579687     -4.30922401   -145.91788923      52       0      54
  128     24.54839095     -4.18918627   -145.91788924      61       0      61
  129     24.88218352     -2.92901787   -145.91788924      77       0      52
  130     26.65272389     -2.56675010   -145.91788923      64       0      59
  131     20.44623632     -4.79089344   -145.91788920      78       0      42
  132     24.37231644     -4.52264120   -145.91788924      78       0      38
  133     17.29458377     -1.99807382   -145.91788923      69       0      21
  134      4.85486909    -77.21430453   -145.91788923      45       0       6
  135      1.17025061   -119.72408317   -145.91788923      17       0       0
  136      0.00000001   -145.91788923   -145.91788923       1       0       0
  137      6.23825001     -7.33767991   -145.91788923       0       0       2
  138     10.23240774     -4.66012964   -145.91788923       2       0       9
  139     10.75275099    -31.79699737   -145.91788923       9       0      23
  140     14.05600544     -8.69709532   -145.91788922      21       0      22
  141     14.46994446     -7.30039349   -145.91788923      27       0      22
  142     20.59614699     -6.14906439   -145.91788924      24       0      33
  143     22.97958731     -6.41412011   -145.91788923      36       0      48
  144     21.15935682     -1.19420908   -145.91788924      52       0      41
  145     24.55873405     -1.76847809   -145.91788923      47       0      53
  146     18.65931449     -6.84968700   -145.91788923      63       0      56
  147     25.54321174     -4.67496219   -145.91788923      67       0      60
  148     21.12691474     -3.69675735   -145.91788923      75       0      46
  149     19.35458725     -3.36174878   -145.91788923      75       0      44
  150     17.42357087     -5.52688094   -145.91788923      65       0      30
  151     12.22335256     -3.11146446   -145.91788923      52       0      10
  152      6.52237630     -7.26468026   -145.91788923      24       0       1
  153      0.77361046   -128.60210891   -145.91788923       6       0       0
  154      5.79213406    -17.68018679   -145.91788923       1       0       2
  155      6.25144983    -37.77603973   -145.91788923       2       0       9
  156     14.07485025     -6.64328621   -145.91788923      10       0      20
  157     14.10684134     -4.78910006   -145.91788923      19       0      18
  158     15.71270962     -6.90675286   -145.91788923      19       0      27
  159     16.88170475     -1.93590358   -145.91788923      25       0      31
  160     20.26190018     -1.98955944   -145.91788923      36       0      39
  161     20.39890811     -3.39774658   -145.91788923      39       0      42
  162     17.63059749    -11.80433860   -145.91788923      48       0      47
  163     22.55773771     -0.43993360   -145.91788922      53       0      55
  164     22.25709834     -3.12149835   -145.91788924      59       0      53
  165     24.90405085     -4.38224297   -145.91788923      62       0      49
  166     23.07848749     -3.24640955   -145.91788924      75       0      60
  167     15.45698998     -7.21150224   -145.91788922      73       0      28
  168     13.43399600     -4.20902936   -145.91788923      66       0      16
  169      6.71638064    -11.32246632   -145.91788923      41       0       4
  170      0.00000001   -145.91788923   -145.91788923      13       0       0
  171      0.94660577   -124.72994212   -145.91788923       0       0       1
  172     12.27990269     -0.34790267   -145.91788924       0       0      11
  173     14.17536331     -7.71054815   -145.91788924      12       0      18
  174     10.92753715     -7.86653313   -145.91788924      17       0      17
  175     14.12846333     -5.30060485   -145.91788924      19       0      24
  176     17.65121681     -4.52592860   -145.91788923      27       0      32
  177     18.31905044     -2.48248363   -145.91788923      28       0      39
  178     18.74478408     -5.57724205   -145.91788924      41       0      36
  179     18.28589021     -5.81135099   -145.91788922      42       0      45
  180     19.22077696     -6.37869346   -145.91788922      49       0      49
  181     23.58194758     -3.05786364   -145.91788924      49       0      49
  182     21.22950067     -3.72446203   -145.91788924      54       0      52
  183 307883.62403984 6891243.22104186   -145.91788923      61       0      50
  184     21.59023330     -4.81346517   -145.91788923      67       0      43
  185     15.83914991    -17.95251907   -145.91788924      71       0      30
  186      7.23250731     -8.30933973   -145.91788923      51       0       4
  187      1.49106358   -112.91882488   -145.91788924      23       0       0
  188      1.43526812   -113.79217664   -145.91788924       3       0       1
  189     11.57246072    -10.21886518   -145.91788924       1       0      10
  190     14.91604382     -4.97994118   -145.91788923      10       0      18
  191     11.08057571     -3.43222513   -145.91788924      17       0      16
  192     15.51730488     -4.62141694   -145.91788924      16       0      26
  193     14.31720576     -6.16070561   -145.91788923      29       0      28
  194     18.52817909     -4.62809139   -145.91788923      30       0      38
  195     20.82580754     -5.83785291   -145.91788924      37       0      35
  196     25.71256147     -2.40104722   -145.91788924      32       0      44
  197     20.63351575     -7.25694455   -145.91788923      51       0      47
  198     20.32339729     -3.46377767   -145.91788924      58       0      45
  199     21.59412098     -1.45893857   -145.91788923      54       0      43
  200     25.26706837     -3.20883118   -145.91788924      53       0      52
  201     19.77770312     -7.56882843   -145.91788924      59       0      46
  202     20.82088048     -4.94387112   -145.91788923      61       0      40
  203     12.24548070    -19.97103618   -145.91788924      60       0      11
  204      1.65005665   -123.67454684   -145.91788924      37       0       0
  205      0.99579100   -123.62902543   -145.91788924       5       0       1
  206      9.45194330     -4.08751335   -145.91788924       1       0       9
  207     12.32128702     -8.69785238   -145.91788923       9       0      18
  208     13.58936866     -1.59071296   -145.91788924      18       0      17
  209     14.11429891     -2.07366679   -145.91788923      19       0      23
  210     14.76236127    -18.62700312   -145.91788924      25       0      29
  211     19.93191443     -4.71497258   -145.91788923      31       0      36
  212     18.73692964     -2.01253977   -145.91788924      39       0      33
  213     19.56700264     -2.98659209   -145.91788923      37       0      37
  214     19.31472964     -3.76453640   -145.91788924      40       0      46
  215     14.32683847     -6.61496671   -145.91788924      45       0      46
  216     20.28185941     -4.09247589   -145.91788924      49       0      46
  217     21.53351051     -3.00013564   -145.91788923      58       0      46
  218     23.88942298     -3.21201572   -145.91788924      58       0      47
  219     22.77275861     -3.67228387   -145.91788924      58       0      44
  220     17.79976495     -4.10447470   -145.91788924      58       0      21
  221      6.37033076    -18.44069178   -145.91788923      39       0       1
  222      5.06460128    -33.62234439   -145.91788924      17       0       1
  223      7.92199576    -24.95791153   -145.91788924       2       0       8
  224     17.55781131     -3.35951148   -145.91788923       8       0      17
  225     13.66330692     -7.45257235   -145.91788924      16       0      17
  226     12.13903118    -16.91873180   -145.91788923      18       0      20
  227     13.69730948     -8.25260701   -145.91788923      22       0      31
  228     17.39696206     -6.02459930   -145.91788923      28       0      33
  229     14.01611176    -13.14904743   -145.91788923      32       0      36
  230     16.77643867     -3.24031245   -145.91788924      42       0      35
  231     25.99813370     -4.08125417   -145.91788923      34       0      45
  232     18.90196702     -6.27974256   -145.91788924      46       0      43
  233     18.29694267     -5.45903896   -145.91788923      54       0      45
  234     23.11803179     -1.76564483   -145.91788923      49       0      40
  235     19.46016639     -4.33942284   -145.91788922      52       0      48
  236     19.07528928     -1.45246306   -145.91788922      59       0      47
  237     14.34809854     -2.96514211   -145.91788923      56       0      27
  238      5.41738806    -91.21893636   -145.91788924      44       0       6
  239      2.58976072    -93.99059276   -145.91788922      13       0       2
  240      6.52181187    -40.02184610   -145.91788924       2       0       8
  241     14.88952605     -2.85562727   -145.91788924       8       0      16
  242     12.30802418     -5.93032540   -145.91788922      16       0      17
  243     15.90190685     -2.19843689   -145.91788924      18       0      21
  244     14.70073457    -26.22983315   -145.91788923      22       0      28
  245     16.27601773     -5.80289583   -145.91788923      25       0      34
  246     19.11526344     -9.87902456   -145.91788923      35       0      35
  247     16.44225505     -3.86512383   -145.91788922      41       0      35
  248     22.74332224     -4.20930830   -145.91788923      43       0      39
  249     22.11364704     -3.84165428   -145.91788924      43       0      44
  250     16.48160168     -2.90719162   -145.91788923      49       0      38
  251     21.97626282     -5.05824962   -145.91788922      49       0      48
  252     22.46040052     -6.18162331   -145.91788923      52       0      43
  253     22.58264497     -3.85126720   -145.91788923      55       0      50
  254     19.55567024     -3.13739291   -145.91788923      63       0      33
  255      9.93350972     -7.31155611   -145.91788923      57       0       9
  256      2.79983881    -95.92121426   -145.91788922      24       0       2
  257      8.77907554     -6.94881177   -145.91788922      10       0       8
  258     13.17708100     -6.87486654   -145.91788923       9       0      15
  259     13.65551021    -13.21148716   -145.91788922      13       0      18
  260     16.43364100     -8.11703960   -145.91788922      18       0      19
  261     18.19845835     -2.56047109   -145.91788922      21       0      26
  262     21.03540801     -4.38567406   -145.91788922      25       0      35
  263     13.20134094    -16.31670123   -145.91788922      39       0      30
  264     21.19060660     -2.63638598   -145.91788922      33       0      35
  265     10.51188878    -22.80739626   -145.91788922      40       0      37
  266     17.62308791     -1.90827586   -145.91788923      44       0      47
  267     17.18547012     -1.54888380   -145.91788922      44       0      32
  268 2576521.43157698 57670328.30655749   -145.91788923      43       0      50
  269     20.95229773     -3.48372181   -145.91788922      50       0      40
  270     24.84113961     -3.95174362   -145.91788922      55       0      47
  271     20.78378147     -4.88445935   -145.91788922      55       0      39
  272     15.09453880     -4.70844860   -145.91788923      57       0      19
  273      5.76365350    -36.17676083   -145.91788920      31       0       3
  274      9.01901437     -6.98747984   -145.91788922       9       0       8
  275     11.78344067    -18.12902303   -145.91788920       8       0      14
  276     14.03887046     -1.06736699   -145.91788922      14       0      18
  277     12.97366176     -8.61656065   -145.91788922      19       0      19
  278     14.79812282     -7.63598037   -145.91788922      16       0      25
  279     14.78697026     -7.27460117   -145.91788922      27       0      31
  280     16.63376151     -5.59556606   -145.91788922      28       0      30
  281     19.04886688     -3.45234705   -145.91788922      31       0      35
  282     17.96120940     -9.10525729   -145.91788922      38       0      39
  283     22.59693025     -2.66713350   -145.91788922      40       0      44
  284     17.25994124     -8.56732349   -145.91788922      47       0      32
  285     18.53115696     -4.50966176   -145.91788922      40       0      45
  286     21.70479590     -1.61032646   -145.91788922      46       0      41
  287     20.13387186     -5.27813011   -145.91788922      50       0      46
  288     19.79761118     -3.98300749   -145.91788923      58       0      44
  289     16.07531656     -3.33437239   -145.91788922      53       0      24
  290      7.29258560     -7.01169260   -145.91788922      36       0       5
  291     11.49095673     -2.12234873   -145.91788922      10       0       8
  292     11.21679024    -17.82592318   -145.91788923       9       0      13
  293     13.56627457    -12.64469485   -145.91788922      13       0      20
  294     10.99068288    -10.88396831   -145.91788923      23       0      16
  295     15.11653253     -6.08464677   -145.91788922      15       0      26
  296     14.23948760    -12.86341346   -145.91788923      26       0      30
  297     19.22272752     -4.57235552   -145.91788923      32       0      32
  298     17.97442970     -9.78334577   -145.91788923      33       0      31
  299     21.37459016     -6.93246536   -145.91788922      34       0      38
  300     19.70822049     -9.74782123   -145.91788922      37       0      41
  301     20.97465759     -5.17249754   -145.91788923      47       0      35
  302     17.18904510    -19.68737678   -145.91788922      47       0      40
  303     18.57165472     -3.67404419   -145.91788924      44       0      43
  304     18.09734267     -3.07930977   -145.91788923      60       0      47
  305     18.72605704     -5.76628001   -145.91788924      51       0      44
  306     12.22871689     -3.21642740   -145.91788922      61       0      28
  307      7.68940247     -6.37451995   -145.91788922      34       0       8
  308      8.90040076     -7.33789849   -145.91788923      22       0       8
  309      9.57825935    -32.18108554   -145.91788922       9       0      10
  310     14.47768041     -3.16152041   -145.91788923      11       0      23
  311     14.67720758     -3.05506411   -145.91788922      24       0      14
  312     18.35425745     -6.69624791   -145.91788923      17       0      28
  313     15.49040929     -3.70894149   -145.91788923      27       0      26
  314     19.85237089     -3.91698948   -145.91788923      28       0      34
  315     19.17397821     -4.78659670   -145.91788923      34       0      29
  316     20.65721876     -4.02527060   -145.91788922      35       0      35
  317     17.68439793     -6.05555604   -145.91788924      40       0      38
  318     20.72819329     -3.46852048   -145.91788923      41       0      39
  319     17.62310769    -15.03765114   -145.91788923      45       0      31
  320     21.45725054     -3.58168833   -145.91788923      39       0      47
  321     21.71326223     -3.87855955   -145.91788923      49       0      50
  322     18.27222316    -11.37309971   -145.91788923      54       0      41
  323     21.27743287     -8.42831452   -145.91788923      59       0      33
  324     16.50864504     -5.83222995   -145.91788923      53       0      14
  325     10.72405778     -5.86562052   -145.91788923      32       0       7
  326     10.35020478     -2.22324316   -145.91788923      14       0      10
  327     14.16682850     -1.88287830   -145.91788923      10       0      21
  328     12.74852945    -19.30349879   -145.91788923      20       0      15
  329     16.83994674     -4.72137788   -145.91788923      15       0      27
  330     15.87534464     -4.45567719   -145.91788923      26       0      28
  331     19.29521062     -5.89458606   -145.91788924      28       0      32
  332     17.22322126     -3.71018623   -145.91788923      38       0      27
  333     15.96607327     -6.56207171   -145.91788923      32       0      34
  334     18.20904864     -4.61331595   -145.91788923      41       0      40
  335     17.51161483     -4.91297785   -145.91788923      45       0      34
  336     16.69333892    -18.38826487   -145.91788924      40       0      33
  337     20.50525203     -3.46913899   -145.91788922      46       0      43
  338     18.80039260     -4.45587512   -145.91788923      48       0      42
  339     18.53315347     -1.79124826   -145.91788923      54       0      42
  340     20.98811346     -3.77631320   -145.91788923      45       0      44
  341     12.85747731    -10.41268246   -145.91788923      58       0      19
  342     12.63333057     -6.65518683   -145.91788923      37       0       9
  343     12.90055191     -7.50385708   -145.91788923      15       0      10
  344     12.66918761     -3.67465733   -145.91788923      10       0      20
  345     15.29799950     -4.29358430   -145.91788923      20       0      16
  346     18.16918047     -4.81121553   -145.91788923      17       0      24
  347     14.70434088     -6.78417962   -145.91788923      23       0      29
  348     15.85671379     -6.14505418   -145.91788923      27       0      30
  349     16.01731842     -8.11506973   -145.91788923      35       0      21
  350     17.57386428     -5.69056103   -145.91788922      30       0      36
  351     19.83820180     -6.08257982   -145.91788923      44       0      42
  352     14.28634723    -12.49645955   -145.91788923      45       0      33
  353     15.02635800    -27.90744052   -145.91788923      41       0      31
  354     16.02139351     -6.93951557   -145.91788922      38       0      39
  355     21.39561289     -5.59953857   -145.91788923      44       0      41
  356     20.26755285     -7.61596372   -145.91788922      50       0      47
  357     24.88845818     -2.09365087   -145.91788922      55       0      44
  358     17.08636451     -3.92608468   -145.91788923      53       0      24
  359      9.26880247     -5.86717767   -145.91788923      45       0      13
  360      8.15062315    -18.61687530   -145.91788923      23       0      10
  361     10.00622111    -15.43880423   -145.91788922      13       0      19
  362     14.27733858     -4.71411106   -145.91788922      16       0      17
  363     11.22198379     -3.50508490   -145.91788923      24       0      22
  364     14.12168997    -12.26549205   -145.91788923      20       0      26
  365     17.30935820     -7.63887069   -145.91788923      27       0      27
  366     14.39201985     -8.26049186   -145.91788923      33       0      19
  367     20.15023874     -0.18590487   -145.91788923      21       0      40
  368     17.21635103     -4.11109563   -145.91788923      38       0      37
  369     17.14072294     -7.84947677   -145.91788923      47       0      41
  370     12.68988358     -1.53436251   -145.91788923      44       0      26
  371     18.25662106     -4.43862456   -145.91788923      40       0      39
  372     21.77354452     -2.77409822   -145.91788923      42       0      41
  373     23.88862229     -4.23542538   -145.91788923      47       0      44
  374     21.46765645     -2.59097763   -145.91788924      51       0      41
  375     17.84887777     -5.86330396   -145.91788923      49       0      32
  376     13.66732164     -9.69208762   -145.91788924      44       0      18
  377     11.74845365    -23.89108131   -145.91788923      34       0      10
  378     11.40573403     -8.54221895   -145.91788923      18       0      17
  379     17.07684565     -9.89871001   -145.91788924      19       0      20
  380     16.46059742     -4.08239553   -145.91788923      20       0      22
  381     13.75305302     -6.68996808   -145.91788923      24       0      19
  382     17.66562048     -7.00927511   -145.91788923      22       0      31
  383     15.01316873     -8.96020862   -145.91788923      35       0      22
  384     14.86636840     -4.63074059   -145.91788923      25       0      31
  385     19.99156249     -9.39804002   -145.91788923      34       0      40
  386     16.78203048     -6.43255165   -145.91788923      41       0      37
  387     16.37753048     -4.21097445   -145.91788923      39       0      28
  388     21.01442815     -5.38202449   -145.91788923      32       0      39
  389     22.18691399     -4.79588537   -145.91788923      46       0      39
  390     19.88541445     -5.53219011   -145.91788923      46       0      44
  391     16.38080151     -7.22862278   -145.91788923      52       0      40
  392     15.26520068    -10.30971044   -145.91788923      52       0      34
  393     14.95615471    -17.20519448   -145.91788923      38       0      25
  394      7.72025296    -40.62404285   -145.91788924      29       0      10
  395     15.32171922     -4.31534017   -145.91788924      20       0      19
  396     15.72414023     -4.78347059   -145.91788924      22       0      16
  397     17.80321236     -2.31515938   -145.91788924      20       0      24
  398     16.00627805     -9.64484483   -145.91788924      24       0      19
  399     15.09417601     -6.59986747   -145.91788923      23       0      29
  400     14.28246223     -5.33405006   -145.91788924      29       0      23
  401     18.63264530     -6.56418046   -145.91788923      26       0      32
  402     19.76430766     -4.15871267   -145.91788924      38       0      35
  403     23.38503029     -1.32179299   -145.91788923      40       0      40
  404     16.71511037     -5.49094800   -145.91788923      46       0      26
  405     19.21660293     -3.39133618   -145.91788924      35       0      38
  406     22.62350161     -4.43535643   -145.91788923      42       0      36
  407     15.92438688     -2.64897873   -145.91788924      43       0      44
  408 3014845.09393567 67481359.99856199   -145.91788923      48       0      43
  409     16.86015328     -2.45809694   -145.91788923      50       0      37
  410     11.92552301    -15.30074977   -145.91788924      54       0      27
  411      9.79293564    -19.12494286   -145.91788923      38       0       9
  412     13.38152180     -7.59041282   -145.91788924      21       0      18
  413     12.90868061     -7.21161010   -145.91788922      19       0      19
  414     14.76645287     -4.67827557   -145.91788924      21       0      23
  415     12.60356606     -6.27003791   -145.91788923      20       0      18
  416     17.30523722     -5.15327848   -145.91788924      23       0      27
  417     13.39698916     -4.03096918   -145.91788924      25       0      23
  418     17.07963066     -6.64300250   -145.91788924      27       0      31
  419     18.27800360     -4.40042916   -145.91788924      35       0      35
  420     19.43541619     -5.19623294   -145.91788924      37       0      37
  421     21.96488365     -1.62877290   -145.91788923      39       0      32
  422     17.24722976     -9.22980064   -145.91788921      34       0      31
  423     19.87118821     -3.29132056   -145.91788924      38       0      40
  424     18.02793141     -2.65082926   -145.91788922      44       0      40
  425     19.26264483     -4.55143093   -145.91788923      46       0      35
  426     23.23605139     -4.34593676   -145.91788924      45       0      49
  427     15.45687556     -6.81917435   -145.91788923      57       0      28
  428     10.35355840    -10.70969399   -145.91788923      45       0      13
  429      9.50407446    -19.92489170   -145.91788923      21       0      16
  430     15.18715538     -3.63604601   -145.91788923      19       0      21
  431     17.60028435     -7.82246210   -145.91788922      18       0      24
  432     13.77576337     -5.16962437   -145.91788924      29       0      16
  433     15.52655979     -4.57729081   -145.91788921      18       0      24
  434     16.97863447     -5.87403910   -145.91788923      26       0      29
  435     12.78159822     -6.64390321   -145.91788924      32       0      26
  436     17.02909941     -2.39440373   -145.91788923      28       0      38
  437     15.39766774     -6.77151555   -145.91788924      41       0      32
  438     20.95953585     -2.19230042   -145.91788923      37       0      30
  439     19.05969163     -3.42915667   -145.91788924      34       0      38
  440     16.16863197     -8.15913774   -145.91788922      42       0      32
  441     18.87937804     -2.98023225   -145.91788922      38       0      41
  442     15.48178353     -3.27086760   -145.91788923      43       0      28
  443     19.19071013     -6.26565840   -145.91788924      36       0      50
  444     18.25229364     -8.09454459   -145.91788924      54       0      39
  445     10.97384368    -14.37857173   -145.91788924      46       0      16
  446 920773.70928608 20609601.63510747   -145.91788924      24       0      16
  447     13.50396436     -7.53617713   -145.91788923      17       0      18
  448     13.69914077     -3.28599049   -145.91788923      20       0      24
  449     13.84474069     -3.81146416   -145.91788924      23       0      18
  450     13.18173645     -5.52907077   -145.91788922      20       0      22
  451     15.29788155     -5.22978236   -145.91788923      21       0      30
  452     15.82409831     -7.74227963   -145.91788923      30       0      24
  453     19.17006827     -6.41128816   -145.91788924      28       0      35
  454     16.21695830    -12.40431136   -145.91788922      35       0      34
  455     18.57528413     -0.83138007   -145.91788923      39       0      33
  456     15.99737025     -7.48403403   -145.91788923      39       0      33
  457     16.56798337     -4.74623759   -145.91788923      39       0      33
  458     17.75518394     -6.14811485   -145.91788923      40       0      42
  459     16.77245224     -6.59206570   -145.91788923      42       0      30
  460     21.89162972     -3.76947066   -145.91788923      36       0      48
  461     19.20381503     -6.08129815   -145.91788923      54       0      37
  462     18.18882948     -3.68396821   -145.91788923      48       0      23
  463     13.52834039    -10.43445153   -145.91788923      33       0      15
  464     12.93356436     -4.25032564   -145.91788923      18       0      19
  465     13.77080455     -6.46684587   -145.91788923      23       0      23
  466     10.69363013     -5.63339436   -145.91788923      23       0      18
  467     13.90073096     -4.03921297   -145.91788923      23       0      21
  468     11.93461302    -14.50462721   -145.91788923      20       0      29
  469     14.97794037     -7.70429274   -145.91788923      32       0      25
  470     18.19523343     -4.20339516   -145.91788923      34       0      30
  471     16.31890354     -4.58702349   -145.91788923      35       0      34
  472     18.43389324     -4.46798209   -145.91788923      37       0      35
  473     17.20480006    -10.20720966   -145.91788923      37       0      32
  474     20.96774860     -3.97783622   -145.91788923      39       0      36
  475     19.96032983     -5.86425671   -145.91788923      41       0      44
  476     13.65281078     -8.01474681   -145.91788923      48       0      24
  477     23.60708735     -3.29788420   -145.91788923      32       0      43
  478     21.90670141     -5.47433805   -145.91788923      46       0      43
  479     16.61845396    -10.70400694   -145.91788923      47       0      24
  480     12.35304542    -15.68011725   -145.91788923      43       0      18
  481     13.55124232     -2.18372319   -145.91788923      28       0      18
  482     12.43729333     -7.08019928   -145.91788923      21       0      22
  483     17.78070182     -7.47004290   -145.91788923      24       0      22
  484     16.83459537     -3.92289317   -145.91788924      24       0      16
  485     15.33063125     -4.95910516   -145.91788923      19       0      28
  486     21.52170952     -1.51849395   -145.91788923      27       0      28
  487 20352883.38526128 455559952.53782576   -145.91788923      29       0      28
  488     18.01053683     -6.61168303   -145.91788923      29       0      35
  489     18.73335573     -4.33873412   -145.91788924      39       0      30
  490     18.56819433     -6.51723234   -145.91788922      35       0      36
  491     21.06359333     -2.86641672   -145.91788922      43       0      37
  492     20.56461676     -1.23362282   -145.91788922      43       0      40
  493     17.30816049     -4.12713894   -145.91788923      50       0      29
  494     16.18362461     -4.51158867   -145.91788923      35       0      39
  495     22.04489593     -6.01984104   -145.91788923      41       0      36
  496     18.60911427     -4.42701936   -145.91788923      45       0      33
  497     15.42705373     -6.37248474   -145.91788923      42       0      20
  498     15.40240109     -1.70731384   -145.91788923      28       0      20
  499     14.29028084     -6.66225182   -145.91788923      27       0      19
  500     13.62932277     -7.32254884   -145.91788923      24       0      25
  501     11.83950434     -8.14798600   -145.91788923      28       0      17
  502     17.51413575     -9.34703135   -145.91788923      19       0      28
  503     11.38071518    -39.91081795   -145.91788923      29       0      23
  504     20.39847214     -6.09242684   -145.91788923      29       0      26
  505     18.21480816     -4.29816921   -145.91788923      27       0      40
  506     15.43338473    -15.64974386   -145.91788922      45       0      24
  507     19.70711547     -4.33529144   -145.91788923      33       0      36
  508     18.98311720     -4.11852931   -145.91788923      44       0      37
  509     16.77457712     -6.70503267   -145.91788923      46       0      39
  510     15.84208514     -3.79656329   -145.91788923      39       0      33
  511     20.04164718     -2.43847824   -145.91788924      36       0      40
  512     16.95487591     -6.39072067   -145.91788923      45       0      31
  513     21.56105590     -4.68701614   -145.91788923      40       0      36
  514     14.43517784     -7.20151277   -145.91788924      43       0      19
  515     15.67838059     -5.35919188   -145.91788923      27       0      24
  516     15.80714327     -8.69900051   -145.91788924      28       0      21
  517     18.75052425     -3.86813857   -145.91788923      29       0      23
  518     13.25611463     -5.77998986   -145.91788923      26       0      18
  519     17.50149230     -4.36714865   -145.91788924      23       0      25
  520     14.47532794     -7.70254598   -145.91788923      23       0      23
  521     17.61596929     -7.81807952   -145.91788924      29       0      28
  522     18.25980454     -5.29955618   -145.91788923      30       0      32
  523     12.83037117     -9.06004958   -145.91788923      29       0      26
  524     19.30838447     -5.18523088   -145.91788923      33       0      40
  525     17.60362249     -3.27098361   -145.91788923      41       0      35
  526     24.39813758     -3.08019258   -145.91788923      41       0      43
  527     16.23954249     -5.36323663   -145.91788923      49       0      30
  528     20.08819334     -5.19974861   -145.91788923      40       0      41
  529     18.31229952     -3.38849644   -145.91788923      40       0      30
  530     17.95834940     -1.31007734   -145.91788923      41       0      35
  531     11.08427020     -1.82299571   -145.91788923      47       0      21
  532     15.40550447     -5.31761582   -145.91788923      31       0      26
  533     12.06507285     -9.28007913   -145.91788923      32       0      17
  534     19.45594382     -3.22091022   -145.91788923      24       0      27
  535     15.26569899    -12.48065074   -145.91788923      30       0      21
  536     13.98746068    -20.86950219   -145.91788924      26       0      21
  537     17.19156773     -3.81303126   -145.91788923      22       0      24
  538     14.68739696    -11.95791312   -145.91788923      26       0      31
  539     12.84527514    -21.48999339   -145.91788923      33       0      29
  540     16.28138520     -7.16773847   -145.91788923      33       0      26
  541     15.66078156     -3.24645522   -145.91788923      33       0      33
  542     20.62650371     -6.54655517   -145.91788923      35       0      41
  543     19.61077229     -3.25134679   -145.91788923      40       0      38
  544     20.75791316     -4.22594666   -145.91788923      46       0      32
  545     21.31737076     -3.11077988   -145.91788922      42       0      36
  546     19.83229638     -6.36353732   -145.91788923      37       0      31
  547     18.76774336     -8.64475441   -145.91788923      36       0      41
  548     12.05835372     -2.83360799   -145.91788923      45       0      23
  549     16.32949070     -7.30981888   -145.91788924      30       0      22
  550     12.54454805     -7.80011126   -145.91788922      25       0      21
  551     13.22348871    -11.79692792   -145.91788923      24       0      27
  552     14.74413995     -5.13702239   -145.91788922      27       0      21
  553     17.73776981     -4.29319742   -145.91788923      20       0      23
  554     15.37273503     -4.78942122   -145.91788923      25       0      24
  555     18.85873815     -5.93730921   -145.91788923      24       0      26
  556     19.16868007     -4.77034406   -145.91788923      30       0      31
  557     17.32937974     -5.16625677   -145.91788923      34       0      26
  558     16.74786008     -7.16702027   -145.91788923      24       0      34
  559     21.55905420     -2.96292938   -145.91788923      32       0      36
  560     21.45075107     -5.52953500   -145.91788924      43       0      43
  561     17.18064152     -4.47826776   -145.91788924      49       0      32
  562     18.90896019     -7.08844067   -145.91788924      42       0      32
  563     15.03962917    -10.85665929   -145.91788924      42       0      32
  564     23.36796730     -6.25201824   -145.91788924      36       0      44
  565     15.26205486    -15.00023473   -145.91788923      47       0      24
  566     15.12268276     -2.65785926   -145.91788924      38       0      21
  567     17.08166797     -3.91346725   -145.91788924      26       0      24
  568     17.01245461     -2.32245451   -145.91788923      23       0      27
  569     13.43544880     -7.00154898   -145.91788924      28       0      19
  570     13.24552816     -3.04119343   -145.91788924      30       0      24
  571     18.49383493     -4.07063994   -145.91788923      25       0      22
  572     19.81605740     -2.21584213   -145.91788924      23       0      29
  573     16.87425583     -2.42985207   -145.91788924      36       0      30
  574     16.45281279     -3.19951446   -145.91788924      39       0      26
  575     20.15268716     -6.57105205   -145.91788923      26       0      26
  576     17.13002246     -2.01737308   -145.91788923      30       0      37
  577     20.71309237     -3.05907327   -145.91788923      37       0      42
  578     15.42809958     -6.12755634   -145.91788922      46       0      33
  579     19.65298822     -6.44746180   -145.91788924      40       0      32
  580     20.07876041     -6.19554104   -145.91788924      38       0      39
  581     15.64805526    -10.80019157   -145.91788924      46       0      37
  582     16.36827783     -6.47907831   -145.91788923      41       0      30
  583      9.87547802    -39.92347654   -145.91788924      38       0      22
  584     12.46354516     -7.96748021   -145.91788924      29       0      19
  585     15.92124591     -5.27249418   -145.91788923      21       0      26
  586     16.17540582     -2.62962695   -145.91788923      28       0      22
  587     16.32245738     -3.77687603   -145.91788923      23       0      25
  588     12.34816215     -9.67200484   -145.91788924      26       0      21
  589     16.72863646     -6.46216565   -145.91788924      23       0      27
  590     16.76656336    -12.92732943   -145.91788923      25       0      33
  591     20.05252771     -2.96578548   -145.91788924      37       0      27
  592     17.79452015     -6.77978684   -145.91788923      29       0      24
  593     15.27795384     -1.45533958   -145.91788924      29       0      36
  594     18.49142179     -4.33843902   -145.91788920      30       0      42
  595 300929494.07462233 6735727010.08759689   -145.91788924      45       0      31
  596     23.24893850     -1.97597135   -145.91788924      46       0      35
  597     21.82719764     -5.06280464   -145.91788924      45       0      35
  598     24.00155437     -3.81709991   -145.91788924      39       0      38
  599     18.30728460     -6.28390889   -145.91788924      41       0      33
  600     14.56316081     -6.65867638   -145.91788924      42       0      24
  601     16.92194178     -3.62428727   -145.91788924      33       0      21
  602     15.66253486     -2.95758083   -145.91788924      25       0      25
  603     15.90707928     -7.51854136   -145.91788923      28       0      23
  604     16.50799934     -6.92699115   -145.91788923      23       0      23
  605     12.02116695     -4.32329556   -145.91788924      26       0      22
  606     17.77941791     -5.88113861   -145.91788924      19       0      25
  607     18.57908640     -1.01987371   -145.91788924      29       0      34
  608     16.84937790     -3.53405351   -145.91788924      34       0      27
  609     16.00959886     -0.89311560   -145.91788924      33       0      23
  610     19.89714743     -3.37850505   -145.91788924      29       0      34
  611     16.59697346     -6.32705884   -145.91788924      38       0      37
  612     17.09767484     -5.72667235   -145.91788924      44       0      33
  613     19.17073154     -5.25289375   -145.91788924      41       0      38
  614     15.07215160     -3.60579763   -145.91788924      36       0      33
  615     16.89708842     -3.55989951   -145.91788924      43       0      37
  616     20.14896369     -2.17037920   -145.91788924      42       0      36
  617     16.18516118     -3.98828111   -145.91788924      39       0      27
  618     10.49315751     -9.11265237   -145.91788924      40       0      20
  619     11.41871533    -12.18750765   -145.91788924      21       0      27
  620     14.63124492     -3.82901300   -145.91788924      25       0      22
  621     15.23438090     -9.85601987   -145.91788924      30       0      27
  622     10.90323854    -15.91600893   -145.91788924      26       0      17
  623     16.94285125     -3.62037087   -145.91788923      22       0      24
  624     18.55681596    -11.58068706   -145.91788924      26       0      32
  625     18.57540708     -1.78058951   -145.91788924      34       0      28
  626     17.39025997     -3.17591865   -145.91788924      33       0      24
  627     17.04489896     -7.52820359   -145.91788924      33       0      30
  628     21.51744106     -3.78834476   -145.91788924      32       0      38
  629     20.34660314     -5.10255783   -145.91788924      38       0      35
  630     17.18544221    -13.03091644   -145.91788924      35       0      41
  631     16.50179679     -7.53600607   -145.91788919      43       0      29
  632     15.63413027     -5.21325426   -145.91788924      35       0      39
  633     17.29976768     -3.38489579   -145.91788919      39       0      31
  634     14.51188724     -3.40088209   -145.91788924      42       0      33
  635     15.24129856     -5.48101874   -145.91788924      44       0      23
  636     18.32464334     -2.45213014   -145.91788922      36       0      25
  637     14.56656320     -2.12876315   -145.91788924      28       0      23
  638     13.64534152     -9.39000264   -145.91788922      27       0      23
  639     10.44146336     -5.57920300   -145.91788924      23       0      21
  640     12.34973285    -10.14639378   -145.91788922      19       0      22
  641     17.26191566    -14.91546375   -145.91788924      25       0      27
  642     17.17326337     -4.69679808   -145.91788922      30       0      29
  643     15.34535273     -5.00178459   -145.91788924      36       0      27
  644     16.15311289     -8.58342031   -145.91788919      32       0      33
  645     20.68632305     -5.67844566   -145.91788924      34       0      37
  646     14.54558577    -12.03046556   -145.91788924      44       0      33
  647     19.66750093     -3.24185723   -145.91788924      38       0      42
  648     16.70858096     -7.04244833   -145.91788924      47       0      29
  649     15.18616018     -4.97174881   -145.91788924      38       0      30
  650     18.02893842    -13.06711278   -145.91788924      35       0      34
  651     13.41901571     -6.67804413   -145.91788924      36       0      35
  652     16.99673178     -6.14419438   -145.91788924      34       0      30
  653     13.01885609     -3.24812064   -145.91788924      29       0      20
  654     16.37074138    -13.02407202   -145.91788924      31       0      27
  655     17.41012177     -3.79460358   -145.91788924      34       0      23
  656     14.09793275     -5.55662810   -145.91788924      31       0      18
  657     15.76688387     -4.65425221   -145.91788924      24       0      25
  658     16.09523820     -2.96401914   -145.91788924      27       0      22
  659     18.22983859     -7.00206657   -145.91788924      24       0      29
  660     16.71365458     -4.35756589   -145.91788924      30       0      30
  661     18.54435690     -6.20898171   -145.91788924      32       0      30
  662     20.08612119     -2.98650117   -145.91788924      32       0      38
  663     19.98729987     -1.74809993   -145.91788924      38       0      31
  664     17.60635608     -4.98049130   -145.91788924      42       0      43
  665 212841691.79573014 4764051206.32051373   -145.91788924      43       0      29
  666     18.73204827     -2.52111299   -145.91788924      37       0      34
  667     17.24379225     -7.45874503   -145.91788924      38       0      36
  668     15.56948082     -2.69586422   -145.91788924      39       0      28
  669     16.15116900     -3.55386171   -145.91788924      42       0      33
  670     16.26481704     -6.60476772   -145.91788924      39       0      21
  671     17.47644664     -4.02881758   -145.91788924      29       0      23
  672     11.79997533    -30.42416538   -145.91788924      29       0      25
  673     15.96457030     -9.76808293   -145.91788924      27       0      22
  674     14.93161184     -3.41271580   -145.91788924      23       0      23
  675     16.74409720     -3.79985754   -145.91788924      22       0      23
  676     17.35490153     -3.18887189   -145.91788924      24       0      29
  677     17.31503366     -5.58453664   -145.91788924      33       0      28
  678     18.95941432     -2.60902501   -145.91788924      36       0      32
  679     17.52967533     -5.34804825   -145.91788924      35       0      33
  680     17.82861007     -6.72811957   -145.91788924      43       0      32
  681 198635557.60477158 4446074254.95129776   -145.91788924      41       0      45
  682     16.21107290     -3.17497083   -145.91788924      46       0      29
  683     18.06609225     -4.13157782   -145.91788924      38       0      31
  684     20.57024617     -1.82541822   -145.91788924      44       0      33
  685 197712177.96263441 4425406177.83220005   -145.91788924      39       0      31
  686     17.61576909     -3.23421920   -145.91788924      34       0      34
  687     16.72412477     -5.71505882   -145.91788924      37       0      23
  688     16.18919201     -6.27234138   -145.91788924      28       0      25
  689     15.91473968     -7.25173477   -145.91788924      33       0      27
  690     15.57874777     -2.96851960   -145.91788924      33       0      22
  691     15.35989244     -2.48997087   -145.91788924      27       0      20
  692     15.89198376     -9.03291035   -145.91788924      21       0      22
  693      7.04137000    -87.87859369   -145.91788924      25       0      25
  694 49901881.50166194 1116957366.10624909   -145.91788924      26       0      29
  695     19.76406149     -3.79662010   -145.91788924      32       0      29
  696     15.51030887    -10.21652786   -145.91788924      30       0      35
  697     16.87862059    -15.66771931   -145.91788924      32       0      35
  698     18.26047863     -5.33924164   -145.91788924      38       0      39
  699     19.48282572     -3.02511690   -145.91788924      50       0      33
  700     18.69694114    -11.59780616   -145.91788924      40       0      35
  701     16.88609705     -5.25121796   -145.91788924      35       0      32
  702     20.44148485     -4.08670618   -145.91788922      46       0      33
  703     15.22717520     -4.68999739   -145.91788924      41       0      33
  704     12.55513237     -2.65523956   -145.91788924      39       0      19
  705     12.71697028    -31.19820289   -145.91788924      30       0      26
  706     14.92238937    -17.62677096   -145.91788924      30       0      27
  707     15.83706383     -3.82346720   -145.91788922      26       0      24
  708     14.14012031     -4.31368373   -145.91788924      28       0      23
  709     13.54972153     -7.02792587   -145.91788924      25       0      21
  710     13.15623771     -9.97039786   -145.91788924      27       0      26
  711     20.41402871     -5.12124727   -145.91788924      28       0      28
  712     14.69751755     -3.35673472   -145.91788924      32       0      30
  713     15.53824115     -3.54954663   -145.91788924      34       0      31
  714     17.92543578     -3.86432914   -145.91788924      35       0      31
  715     19.12348837     -6.96587321   -145.91788924      37       0      39
  716     14.38541674     -1.85273347   -145.91788924      40       0      36
  717     18.65646469     -2.73335199   -145.91788924      41       0      33
  718     19.16182066     -2.78791137   -145.91788924      37       0      33
  719     15.15353672     -7.65225944   -145.91788924      35       0      35
  720     18.24986977     -4.47931976   -145.91788924      39       0      31
  721     17.31833901     -5.43663670   -145.91788924      37       0      24
  722     14.29957625     -6.09980683   -145.91788924      33       0      24
  723     20.99373772     -7.34634345   -145.91788924      26       0      30
  724     14.81247059     -5.01025915   -145.91788924      35       0      21
  725     14.94519184    -10.60844077   -145.91788924      28       0      20
  726     13.81062995    -13.78011291   -145.91788923      26       0      27
  727     10.88090673     -5.00132183   -145.91788924      30       0      26
  728     15.12415136     -4.37361726   -145.91788923      26       0      22
  729     17.03165443     -1.60177536   -145.91788924      26       0      32
  730     13.45921227     -4.28425505   -145.91788923      31       0      30
  731     21.41420072     -2.00492620   -145.91788924      38       0      37
  732     18.74540247     -4.24593873   -145.91788924      38       0      34
  733     15.96357597     -7.08830276   -145.91788924      38       0      33
  734     15.41268606     -5.43875991   -145.91788924      36       0      38
  735     20.02054428     -5.75427341   -145.91788924      49       0      33
  736     17.02286049     -2.57902990   -145.91788924      41       0      31
  737     18.34334444    -12.14138108   -145.91788924      38       0      35
  738     16.87761763     -5.07284324   -145.91788924      43       0      24
  739     15.55287865     -6.25346853   -145.91788924      31       0      25
  740 2718522.84516972 60848754.47209589   -145.91788924      27       0      24
  741     13.62450184     -4.90530793   -145.91788924      24       0      25
  742     12.24391739    -11.20670752   -145.91788924      25       0      19
  743     16.66673159     -6.42097565   -145.91788924      28       0      31
  744     15.73856940     -6.70292931   -145.91788924      29       0      24
  745     10.46408881    -35.15124029   -145.91788924      27       0      22
  746     16.04504049     -8.18329765   -145.91788924      24       0      32
  747     18.35989212     -8.34376012   -145.91788924      28       0      26
  748     17.27720325     -1.40013473   -145.91788924      33       0      37
  749     18.37748092     -6.30130787   -145.91788924      39       0      36
  750     17.90844137     -4.00584542   -145.91788924      39       0      30
  751     23.08523292     -1.35222608   -145.91788922      36       0      39
  752     13.80012932     -4.93490113   -145.91788924      41       0      32
  753     19.13248646     -2.22395524   -145.91788924      36       0      36
  754     14.70327140    -14.55501615   -145.91788924      37       0      32
  755     19.64978456     -4.04206090   -145.91788924      35       0      29
  756     17.10924675     -1.84858383   -145.91788924      36       0      24
  757     15.96968274     -7.19201959   -145.91788924      29       0      24
  758     13.98262678     -5.15477475   -145.91788924      27       0      24
  759     17.12088887     -2.92346199   -145.91788924      24       0      20
  760     16.22299803     -5.52219571   -145.91788924      23       0      32
  761     15.32435757    -14.88540064   -145.91788924      34       0      24
  762     16.75637271     -3.32100245   -145.91788924      26       0      22
  763     18.36703988     -3.73364375   -145.91788923      26       0      29
  764     18.20731887     -7.58910082   -145.91788924      28       0      27
  765     16.55523374    -12.40141515   -145.91788923      32       0      36
  766     21.70840156     -1.99248017   -145.91788924      40       0      37
  767     16.56134653     -7.48080995   -145.91788924      43       0      29
  768     18.81555871     -4.36206137   -145.91788924      36       0      40
  769     18.83043750     -7.81694123   -145.91788924      38       0      33
  770     19.54336481     -7.19107400   -145.91788924      42       0      33
  771     16.42409525     -5.86168411   -145.91788923      40       0      33
  772     18.31599418     -6.33141907   -145.91788923      42       0      29
  773     16.45050761     -4.79847517   -145.91788924      38       0      26
  774     17.42990585     -3.69817941   -145.91788924      31       0      24
  775     13.40358510    -12.10696458   -145.91788924      29       0      23
  776     14.75326506     -6.35659517   -145.91788924      28       0      21
  777     17.36736755     -8.23121565   -145.91788923      22       0      32
  778     15.66710197     -7.75776872   -145.91788923      33       0      22
  779     17.86776369     -2.60049789   -145.91788923      25       0      26
  780     15.94205145     -3.78831075   -145.91788924      31       0      23
  781     17.79454144     -5.66116200   -145.91788924      27       0      28
  782 33339984.89787701 746251209.07454967   -145.91788923      31       0      35
  783     19.84375291     -4.60882350   -145.91788923      35       0      38
  784     16.47520847     -2.88107285   -145.91788924      42       0      33
  785     19.98284730     -1.15071846   -145.91788924      35       0      32
  786     19.51897093     -1.94958265   -145.91788924      39       0      34
  787     16.68504142     -5.21378009   -145.91788924      42       0      30
  788     17.35828954     -4.14323161   -145.91788923      35       0      40
  789     16.47848179     -6.80837062   -145.91788923      45       0      28
  790     18.84859437     -4.23596104   -145.91788924      33       0      28
  791     17.11390129     -1.76401506   -145.91788924      33       0      24
  792     14.24946546     -2.25746708   -145.91788924      27       0      25
  793     12.03892536    -15.62854654   -145.91788924      31       0      21
  794     15.85456681    -11.32318268   -145.91788924      22       0      28
  795     17.08919811     -5.66520537   -145.91788924      28       0      24
  796     15.52501588     -2.53461532   -145.91788924      27       0      25
  797      8.94123328    -21.24341860   -145.91788924      29       0      23
  798     15.16150078     -2.74400159   -145.91788924      24       0      27
  799     15.89552253     -5.17339279   -145.91788924      26       0      36
  800     19.94337166     -2.31211905   -145.91788924      35       0      40
  801     18.11275511     -7.06426008   -145.91788924      42       0      29
  802     18.21520506     -1.71897882   -145.91788924      35       0      34
  803     15.12083665     -6.67535599   -145.91788924      38       0      29
  804     20.39559970     -4.07310887   -145.91788924      36       0      36
  805     21.37724181     -3.27466487   -145.91788924      41       0      36
  806     21.83019793     -3.11245450   -145.91788924      43       0      31
  807     17.45633165     -2.69873883   -145.91788924      43       0      29
  808     17.22868555     -4.73603165   -145.91788924      36       0      24
  809     18.22414714      1.91191059   -145.91788924      27       0      28
  810     12.40167120     -5.17548789   -145.91788924      29       0      20
  811     19.01071156     -3.29832618   -145.91788924      28       0      27
  812     15.98094851     -5.52182946   -145.91788924      32       0      23
  813     20.38095678     -3.60283218   -145.91788924      23       0      26
  814     15.35752280     -7.07217832   -145.91788924      28       0      24
  815     15.98989620     -4.59568304   -145.91788924      31       0      26
  816     14.90599697    -15.88630776   -145.91788924      29       0      34
  817     19.96868328     -4.77943095   -145.91788924      36       0      42
  818     16.30899993     -5.54415684   -145.91788924      46       0      28
  819     17.75357844     -5.51032405   -145.91788924      35       0      29
  820     18.54153744     -2.47663731   -145.91788924      42       0      31
  821     19.05738096     -7.01442242   -145.91788924      41       0      36
  822     20.61469206     -6.99649811   -145.91788924      39       0      31
  823     19.99138919     -5.93441805   -145.91788924      35       0      36
  824     16.09295786     -9.03131328   -145.91788924      38       0      33
  825     15.95856761     -5.01554168   -145.91788924      38       0      22
  826     14.27415207    -23.69255437   -145.91788924      32       0      26
  827     18.82943103     -2.45928379   -145.91788924      28       0      23
  828     20.70168528     -2.73698818   -145.91788924      29       0      29
  829     13.58704564     -9.68122465   -145.91788924      31       0      17
  830     10.67434674    -29.58752740   -145.91788924      23       0      29
  831     16.43239630     -5.58910866   -145.91788924      35       0      25
  832     14.50403093     -4.39180661   -145.91788924      26       0      23
  833     19.39972967     -2.87170636   -145.91788924      24       0      34
  834     21.83786734     -2.86884450   -145.91788924      39       0      38
  835     20.86410081     -2.57930091   -145.91788924      44       0      32
  836     18.37172899     -3.10746927   -145.91788924      42       0      29
  837     20.28421279     -2.03729219   -145.91788924      33       0      33
  838     18.35080303     -3.93541117   -145.91788924      33       0      37
  839     16.25662827     -9.25783381   -145.91788924      43       0      28
  840     19.82982671     -5.85492305   -145.91788924      36       0      35
  841     18.91312829     -2.82054815   -145.91788924      42       0      37
  842     14.33531243     -5.34894478   -145.91788924      45       0      18
  843     14.64399966     -4.39399823   -145.91788924      23       0      28
  844     16.93364863     -2.61678307   -145.91788924      28       0      26
  845     18.52610839     -3.55199913   -145.91788924      31       0      26
  846     13.65516214     -3.36526409   -145.91788924      28       0      17
  847     18.70687781     -6.68782770   -145.91788924      20       0      32
  848     13.13256765     -4.86221707   -145.91788924      32       0      23
  849     12.35825923    -16.92140767   -145.91788924      28       0      22
  850     17.10915801     -3.28664488   -145.91788924      22       0      31
  851     23.09057418     -3.82633214   -145.91788924      28       0      42
  852     21.69008589     -1.69061141   -145.91788924      46       0      32
  853     17.84095817     -1.37898886   -145.91788924      40       0      31
  854     14.36168932     -8.54152649   -145.91788924      34       0      27
  855     19.56032219     -2.22665224   -145.91788924      30       0      36
  856     22.66694154     -2.28153669   -145.91788924      38       0      32
  857     18.13625229     -5.10226982   -145.91788924      42       0      35
  858     17.79685181     -9.98288945   -145.91788924      40       0      36
  859     15.38699793     -4.92127076   -145.91788923      39       0      23
  860     11.55244337     -9.40692648   -145.91788922      36       0      28
  861     14.16846962     -7.75835959   -145.91788922      32       0      25
  862     15.81826856    -10.33166468   -145.91788924      29       0      23
  863     14.76596616     -4.55612808   -145.91788924      27       0      21
  864     14.48038289     -5.13098629   -145.91788924      25       0      31
  865     17.09054016     -6.73601506   -145.91788923      30       0      24
  866     13.09455578     -4.67905423   -145.91788924      29       0      21
  867     18.36806159     -5.01183814   -145.91788924      27       0      29
  868     22.03515534     -6.61475766   -145.91788924      27       0      41
  869     19.67566737     -1.70359574   -145.91788924      43       0      32
  870     20.22766071     -3.50803879   -145.91788923      40       0      33
  871     15.15998577     -3.51012567   -145.91788923      44       0      26
  872     19.65870372     -3.31690265   -145.91788923      40       0      32
  873     13.67696373     -2.23428326   -145.91788923      34       0      34
  874     18.30516564     -3.82673696   -145.91788924      37       0      34
  875     22.14772232     -4.11203095   -145.91788923      35       0      35
  876     18.80629940     -5.04664631   -145.91788923      45       0      29
  877     17.64773347     -3.99442588   -145.91788924      37       0      25
  878     13.84359505     -5.85404780   -145.91788924      33       0      28
  879     17.04471476     -3.62399249   -145.91788924      29       0      22
  880     14.83783470    -10.66548216   -145.91788923      29       0      22
  881     16.02803538     -4.71431259   -145.91788923      24       0      29
  882     15.82803994     -4.98121165   -145.91788924      33       0      21
  883     19.22416230     -4.86998054   -145.91788923      25       0      28
  884     14.37824009     -8.21539840   -145.91788923      31       0      24
  885     20.95535663     -1.78376426   -145.91788924      34       0      37
  886     15.37275645     -6.13727280   -145.91788924      40       0      32
  887     18.55508169     -9.55501224   -145.91788924      33       0      35
  888     19.12438399     -2.67896341   -145.91788924      37       0      30
  889     16.53964264     -6.15529646   -145.91788923      39       0      30
  890     19.56333442     -2.33340253   -145.91788924      39       0      34
  891     20.85536904     -2.45226554   -145.91788924      37       0      32
  892     18.04745142     -8.79125106   -145.91788924      41       0      33
  893     21.95868761     -4.68798185   -145.91788923      40       0      36
  894     15.08222460     -9.22845902   -145.91788924      44       0      23
  895     14.89154493     -8.37395025   -145.91788924      29       0      28
  896     12.82914715    -12.34159382   -145.91788923      37       0      23
  897     15.46152349     -8.79564152   -145.91788924      25       0      19
  898     14.71491467     -9.52268915   -145.91788923      21       0      32
  899     13.55060888     -5.95838688   -145.91788924      31       0      20
  900     18.15135850     -3.11648607   -145.91788924      23       0      24
  901     15.20524911     -5.28816124   -145.91788923      27       0      29
  902     16.59510396     -7.22652693   -145.91788924      28       0      36
  903     16.80739056     -2.43891837   -145.91788924      38       0      32
  904     16.08279910     -2.80404178   -145.91788924      36       0      31
  905     16.80295407     -2.25876478   -145.91788924      38       0      29
  906     17.40830220    -20.91552287   -145.91788924      32       0      36
  907     18.33075918     -4.15425478   -145.91788923      46       0      27
  908     21.46602914     -4.62384298   -145.91788924      40       0      35
  909     17.87315553     -1.67613505   -145.91788924      46       0      31
  910     19.98880062     -3.73885045   -145.91788924      33       0      39
  911     17.76972013     -3.30196522   -145.91788924      44       0      24
  912     16.80413867    -16.74893962   -145.91788923      39       0      33
  913     15.91460722     -6.33303643   -145.91788924      33       0      20
  914     13.58934331     -6.60167052   -145.91788924      33       0      21
  915     15.62742048    -11.58143419   -145.91788924      29       0      31
  916     17.04373370     -1.42141894   -145.91788923      31       0      21
  917     13.93989549    -13.78125247   -145.91788924      23       0      23
  918     15.78770220     -8.80003696   -145.91788924      24       0      28
  919     13.48150895     -6.66237519   -145.91788923      32       0      33
  920     18.63975048     -4.01173505   -145.91788924      34       0      32
  921     19.04314565     -3.98301153   -145.91788924      37       0      28
  922     18.42416634     -5.50575468   -145.91788923      36       0      31
  923     11.61293996    -17.47465008   -145.91788922      32       0      31
  924     14.68180109    -11.77932528   -145.91788924      30       0      27
  925     20.07986905     -2.49244550   -145.91788923      27       0      40
  926     21.29025640     -2.49244550   -145.91788923      40       0      33
  927     15.64843300     -6.76219904   -145.91788924      44       0      35
  928     12.55983908     -8.80352358   -145.91788924      44       0      28
  929     18.92915043     -2.74634592   -145.91788923      39       0      35
  930     15.16170103     -5.86882678   -145.91788923      43       0      18
  931     16.27943774     -5.98839404   -145.91788924      29       0      24
  932     16.54291244     -3.84674145   -145.91788924      30       0      29
  933     18.67400024     -2.88340537   -145.91788924      34       0      23
  934     12.97438126     -8.39551170   -145.91788923      28       0      22
  935     17.55288033     -2.86369411   -145.91788924      22       0      27
  936     14.53401017    -10.15250396   -145.91788924      28       0      33
  937     17.07706680     -5.89828855   -145.91788924      33       0      32
  938 198334468.42008945 4439334951.53840542   -145.91788923      32       0      31
  939     15.80338484     -6.71504020   -145.91788923      37       0      31
  940     17.20080693     -7.48469515   -145.91788923      41       0      29
  941     17.30471992     -1.56988259   -145.91788923      35       0      28
  942     18.13692933     -2.10420166   -145.91788923      33       0      31
  943     18.64511399     -5.99634776   -145.91788923      33       0      34
  944     18.97338517     -4.32396911   -145.91788924      38       0      38
  945     13.68662744     -5.61776998   -145.91788923      36       0      27
  946     19.06754867     -4.73424808   -145.91788923      28       0      34
  947     11.67700562     -1.60579772   -145.91788924      40       0      21
  948     16.51201109     -7.30022787   -145.91788924      25       0      26
  949 21128772.94139834 472926747.25078577   -145.91788923      27       0      30
  950     11.61237067    -23.01480007   -145.91788924      30       0      24
  951     15.80102983     -3.08887173   -145.91788923      30       0      23
  952     18.03295515     -3.37566509   -145.91788923      25       0      27
  953     19.59966825     -3.42471574   -145.91788924      31       0      30
  954     18.42046638     -7.73938953   -145.91788923      34       0      33
  955     16.09113613     -5.24673544   -145.91788923      35       0      27
  956     16.33138072     -1.78605238   -145.91788924      27       0      31
  957     17.35290903     -2.72709296   -145.91788924      31       0      33
  958     18.15813575     -2.55256301   -145.91788923      34       0      28
  959     11.43627733    -21.45115257   -145.91788924      32       0      29
  960     19.17362664     -4.88402176   -145.91788924      35       0      36
  961     20.41513685     -3.88904387   -145.91788924      45       0      40
  962     14.51584584     -4.56086149   -145.91788924      43       0      25
  963     19.21005130     -5.08402447   -145.91788923      34       0      37
  964     13.35739162    -13.88737315   -145.91788924      41       0      20
  965     14.98984720     -5.48207977   -145.91788923      28       0      25
  966     15.87089214     -2.44440799   -145.91788924      29       0      27
  967     15.83487286    -13.82124371   -145.91788924      29       0      25
  968     14.79497119     -2.41451015   -145.91788924      29       0      25
  969     17.08823270     -6.67290329   -145.91788924      31       0      25
  970     21.87288512     -4.39203504   -145.91788923      29       0      33
  971     14.56550176     -4.20319031   -145.91788923      35       0      33
  972     17.37959908     -3.05295404   -145.91788924      36       0      26
  973     17.44423217     -4.57851461   -145.91788924      34       0      31
  974     15.98520302     -7.02210504   -145.91788923      34       0      28
  975     17.94367664     -3.53709808   -145.91788924      35       0      29
  976     18.59623931     -7.30446526   -145.91788924      41       0      30
  977     19.99456452     -4.95623718   -145.91788924      34       0      37
  978     18.09803608     -4.81452966   -145.91788923      36       0      35
  979 76558684.99176519 1713618574.02585006   -145.91788924      36       0      32
  980     16.59453717     -4.69935450   -145.91788924      41       0      32
  981     12.80038207    -30.39539818   -145.91788924      38       0      24
  982     12.40588839     -5.21896715   -145.91788924      30       0      24
  983     15.56783901     -4.97830571   -145.91788924      27       0      27
  984     13.07640478    -12.96847222   -145.91788924      29       0      23
  985     17.05705326     -4.64212644   -145.91788924      26       0      28
  986     14.52509048     -9.79801224   -145.91788924      27       0      24
  987     17.23741580    -10.81123307   -145.91788924      28       0      30
  988     20.38474040     -2.21908600   -145.91788924      33       0      36
  989     17.04229044     -1.93794449   -145.91788924      38       0      25
  990     17.31933581    -10.72288970   -145.91788924      29       0      29
  991     19.50972985     -5.92096970   -145.91788924      36       0      28
  992     20.15641722     -9.46019424   -145.91788924      42       0      32
  993     17.97838825     -7.36465001   -145.91788924      41       0      31
  994     18.69568385     -5.50090349   -145.91788924      39       0      38
  995     16.79159575     -5.25932776   -145.91788923      40       0      28
  996     21.46244401     -3.13881183   -145.91788923      34       0      35
  997 1317047.24179590 29479424.46504486   -145.91788923      36       0      34
  998     15.30829337     -3.60418464   -145.91788923      38       0      25
  999     17.26859006     -2.09353427   -145.91788923      32       0      26
 1000     17.53091789     -4.16658728   -145.91788923      36       0      28
----------------------------------------------------------------------------------
Artificial Bee Colony Optimization Finished!

 -- Results Report --
 * 100 LMs will be saved in [ lm-LM ].
      #          Energy
      0   -145.91788924
      1   -145.90275788
      2   -145.87390516
      3   -145.81766815
      4   -145.09871038
      5   -140.85864103
      6   -140.75455734
      7   -140.68316410
      8   -140.67702998
      9   -140.52715381
     10   -139.93194191
     11   -139.67229220
     12   -139.61943277
     13   -139.53540064
     14   -132.20872424
     15   -131.65428173
     16   -130.96567092
     17   -130.75318091
     18   -130.74156422
     19   -130.70634426
     20   -130.62869481
     21   -130.59831776
     22   -130.40393448
     23   -130.26621332
     24   -130.18298253
     25   -130.10007363
     26   -130.02802818
     27   -129.77980136
     28   -129.77970963
     29   -129.66979203
     30   -129.53679438
     31   -129.52719721
     32   -129.36053649
     33   -129.08902334
     34   -129.08095898
     35   -128.99510560
     36   -128.97453627
     37   -128.89422233
     38   -128.88426821
     39   -128.86861665
     40   -128.60210891
     41   -128.53818365
     42   -128.52396142
     43   -128.51583427
     44   -128.43710783
     45   -128.40648840
     46   -128.36807306
     47   -128.27379668
     48   -128.23691134
     49   -128.21351154
     50   -128.17521938
     51   -128.14012863
     52   -128.13814335
     53   -127.96273529
     54   -127.88769357
     55   -127.67016479
     56   -127.61864596
     57   -127.50574791
     58   -127.37385072
     59   -127.28897278
     60   -127.27745503
     61   -127.26874314
     62   -127.11270435
     63   -126.93500204
     64   -126.90807649
     65   -126.72283195
     66   -126.67741715
     67   -126.60355919
     68   -126.60212680
     69   -126.57058151
     70   -126.48247516
     71   -126.35385973
     72   -126.35006127
     73   -126.18927260
     74   -126.14605035
     75   -126.13476671
     76   -126.05892141
     77   -126.02671156
     78   -126.01808682
     79   -126.00828652
     80   -126.00621097
     81   -125.99885988
     82   -125.93071081
     83   -125.92666946
     84   -125.91855874
     85   -125.79412210
     86   -125.79071981
     87   -125.73639726
     88   -125.64001871
     89   -125.63228117
     90   -125.55284229
     91   -125.49152325
     92   -125.46642964
     93   -125.44511655
     94   -125.44427047
     95   -125.28863142
     96   -125.26351191
     97   -125.16136236
     98   -125.10605025
     99   -125.10469034

 * Final Global Minimal Energy:   -145.91788923
 * The Global Minimum is saved as: [ lm-OPT.(cluster/xyz/gjf) ]

===== (^ _ ^) =====
Normal termination at Wed May  6 11:05:04 2020.
Total run time: 3451 seconds = 0 days 0 hours 57 minutes 31 seconds.
