################################################################################

 PACKMOL - Packing optimization for the automated generation of
 starting configurations for molecular dynamics simulations.
 
                                                              Version 20.2.2 

################################################################################

  Packmol must be run with: packmol < inputfile.inp 

  Userguide at: http://m3g.iqm.unicamp.br/packmol 

  Reading input file... (Control-C aborts)
  Seed for random number generator:      1234567
  Output file: 50meoh.box.pm.xyz
  Reading coordinate file: 1meoh.abc.mp2.def2tzvp.xyz
  Number of independent structures:            1
  The structures are: 
  Structure            1 :(           6  atoms)
  Maximum number of GENCAN loops for all molecule packing:          200
  Total number of restrictions:            1
  Distance tolerance:    2.0000000000000000     
  Number of molecules of type            1 :           50
  Total number of atoms:          300
  Total number of molecules:           50
  Number of fixed molecules:            0
  Number of free molecules:           50
  Number of variables:          300
  Total number of fixed atoms:            0
  Maximum internal distance of type            1 :    2.8177140235348586     
  All atoms must be within these coordinates: 
   x: [   -998.09869445672609      ,    1001.9013055432739       ] 
   y: [   -996.79999999999995      ,    1003.2000000000000       ] 
   z: [   -998.84467896473541      ,    1001.1553210352646       ] 
  If the system is larger than this, increase the sidemax parameter. 

################################################################################

  Building initial approximation ... 

################################################################################

  Adjusting initial point to fit the constraints 

--------------------------------------------------------------------------------

--------------------------------------------------------------------------------

  Molecules of type:            1

  Packing:|0                                                             100%|
          |******************************************************************|


  Restraint-only function value:    1.0507017965605572E-004
  Maximum violation of the restraints:    1.0180333877734050E-004

--------------------------------------------------------------------------------

  Rescaling maximum and minimum coordinates... 
  Computing size of patches... 
  Add fixed molecules to permanent arrays... 
  Reseting center of mass... 

--------------------------------------------------------------------------------

  Setting initial trial coordinates ... 

--------------------------------------------------------------------------------

--------------------------------------------------------------------------------

  Molecules of type:            1
  Adjusting random positions to fit the constraints. 
  Packing:|0                                                             100%|
          |
  Restraint-only function value:    0.0000000000000000     
  Maximum violation of the restraints:    0.0000000000000000     

################################################################################

  Objective function at initial point:    2123.6830304606920     

################################################################################

  Packing molecules of type:            1

################################################################################


--------------------------------------------------------------------------------

  Starting GENCAN loop:            0
  Scaling radii by:    1.1000000000000001     

  Packing:|0                                                             100%|
          |******************************************************************|
          |*************************************************

  Function value from last GENCAN loop: f = .74799E-02
  Best function value before: f = .21237E+04
  Improvement from best function value:    99.99 %
  Improvement from last loop:    99.99 %
  Maximum violation of target distance:     0.000000
  Maximum violation of the constraints: .69000E-02
  Current structure written to file: 50meoh.box.pm.xyz
--------------------------------------------------------------------------------
  Packing solved for molecules of type           1
  Objective function value:    7.4799468940922780E-003
  Maximum violation of target distance:    0.0000000000000000     
  Max. constraint violation:    6.8999918630909488E-003
--------------------------------------------------------------------------------

################################################################################

  Packing all molecules together 

################################################################################


  Initial approximation is a solution. Nothing to do. 

  Solution written to file: 50meoh.box.pm.xyz

################################################################################

                                 Success! 
              Final objective function value: .20461E+00
              Maximum violation of target distance:   0.000000
              Maximum violation of the constraints: .69000E-02

--------------------------------------------------------------------------------

              Please cite this work if Packmol was useful: 

           L. Martinez, R. Andrade, E. G. Birgin, J. M. Martinez, 
         PACKMOL: A package for building initial configurations for
                   molecular dynamics simulations. 
          Journal of Computational Chemistry, 30:2157-2164,2009.

################################################################################

   Running time:    6.36160001E-02  seconds. 

--------------------------------------------------------------------------------

