    * * * * * * * * * * * * * * * * * * * * *
    *       __    ____    ______            *
    *      /  \  |  _ \  |  ___/  luster !  *
     *    / _  \ | |_| | | |               *
     *   / /_\ | |  _ <  | |     < @  @ >  * 
     *  / ___  | | |_| | | |___ _ _  o     * 
    *  /_/   |_| |____/  |_____ _ __ __  _  *
    *                                       *
    * * * * * * * * * * * * * * * * * * * * *

ABCluster 1.5.1
Specific flag:  official version
Platform:       LINUX/UNIX
Compiled by:    junzhang@gellmann.scs.illinois.edu
Compiling date: Dec 18 2017 20:33:35
C++ compiler:   g++
C++ options:    -O3 -Os -fno-exceptions --std=c++0x -fopenmp 

Contributors:
Jun Zhang(University of Cologne): Design and coding.

For any suggestions, comments, and questions on the theory and
implementation of ABCluster, please feel free to contact:

Dr. Jun Zhang, ZhangJunQcc@gmail.com

If you used this program in your work, please cite this reference:

[1] Zhang, J.; Dolg, M.; ABCluster: The Artificial Bee Colony Algorithm for
    Cluster Global Optimization. Phys. Chem. Chem. Phys. 2015, 17, 24173-24181.
[2] Zhang, J.; Dolg, M.; Global Optimization of Clusters of Rigid Molecules by the
    Artificial Bee Colony Algorithm. Phys. Chem. Chem. Phys. 2016, 18, 3003-3010.

Program starts at Tue Nov 27 16:05:20 2018.
Command line: " /ihome/jkeith/yab16/ABC/ABCluster-Linux/lib/rigidmol-optimizer co3_16_waters.inp "
Process ID:   10874
Run by:       yab16@smp-n26.crc.pitt.edu
Available CPU cores:    24
Read "OMP_NUM_THREADS": Unset

Random number testing (integers): 2090351108...1313834337
Random number testing (fractals): 0.05262461...0.76516051

 -- Input/Output Parameters --
Input file name:      co3_16_waters.inp
Cluster file name:    input.cluster
Result file name:     co3_16_waters.(cluster/xyz/gjf)
Temporary file name:  abclusteryab16smp-n26.crc.pitt.edu10874-OPT
# of saved LMs:       100
LMs are stored in:    co3_16_waters-LM

 -- ABC Control Parameters --
Population size:                  500
Maximal generation:              1000
Scout limit:                       15
Amplitude:                15.00000000

 -- Cluster Components: from [ input.cluster ] --
 -----------------------------------------------------------
   Source                                       #   Charge
 -----------------------------------------------------------
   /ihome/jkeith/yab16/ABC/ABCluster-Linux-0/rigidmolecularcluster/charmm36/tip4p.xyz    16    0.000
   /ihome/jkeith/yab16/ABC/ABCluster-Linux-0/rigidmolecularcluster/charmm36/co3.xyz     1   -2.000
 -----------------------------------------------------------
   Dimension: 0, an isolate cluster.
 -----------------------------------------------------------

Artificial Bee Colony Optimization Starts!
----------------------------------------------------------------------------------
 * Population: 500; Maximal cycles: 1000
 * EM = Employed Bee; Trigonometric mutation
 * OL = Onlooker Bee; ABC/best/2(0.5)+ABC/current/2(0.5);
        Tournament selection from 5 nectars.
 * SC = Scout Bee; Random nectar; Limit = 15
----------------------------------------------------------------------------------
    #       Diversity            maxE            minE    byEM    byOL    bySC
----------------------------------------------------------------------------------
    1    113.10029823   -149.45099477  -1519.23136475     300      56       0
    2     15.95919891  -1435.13701750  -1519.23136474     221      48       0
    3     15.39003718  -1448.08541908  -1524.63291498     139      44       0
    4     15.49793146  -1454.45346059  -1526.21305076     103      32       0
    5     15.23611200  -1454.45346059  -1526.67859728     104      41       0
    6     15.41591958  -1465.23247825  -1526.67859727      82      36       0
    7     15.40517792  -1465.92182695  -1526.67859728      71      33       0
    8     15.41842938  -1471.16532444  -1527.76425518      63      25       0
    9     15.63334011  -1471.63943162  -1527.76425517      62      38       0
   10     15.68073463  -1474.71475197  -1527.76425518      75      22       0
   11     15.80287567  -1474.71475197  -1535.90959844      70      34       0
   12     16.50509721  -1478.89057110  -1535.90959845      84      56       0
   13     16.21570919  -1482.47428177  -1535.90959845      84      41       0
   14     15.08237348  -1484.77132145  -1535.90959845     107      28       0
   15     12.46232656  -1489.80091173  -1537.04417226     141      27       0
   16      9.15007651  -1490.53179402  -1537.04417226     149     142       0
   17      6.37283624  -1498.15701350  -1537.04417226     141      32       0
   18      3.75885868  -1514.72267866  -1537.04417226     153       2       0
   19      4.25378791  -1448.70477387  -1537.04417226     138       0       1
   20     64.01896508   -129.08521372  -1537.04417225     107       0      15
   21     92.40466835   -113.22755799  -1537.04417226      35       0      44
   22    171.80225693   -246.46555108  -1537.04417226      44       0      97
   23 5098669.91614816 114122414.97843589  -1537.04417226      81       0     123
   24    193.97177973   -199.51363327  -1537.04417226     123       0     111
   25 692515.84953051 15499144.46499383  -1537.04417226     137       1      71
   26     57.29164934   -409.25720868  -1537.04417226     160       2      25
   27     47.60151069   -592.51544163  -1537.04417226     137       1      10
   28     15.19774842  -1475.66140927  -1537.04417226     116       1       1
   29      7.48377264  -1464.13710494  -1537.04417226      86       0       1
   30      2.02752392  -1491.66195417  -1537.04417226      23       0       1
   31      0.00000001  -1537.04417225  -1537.04417226       1       0       0
   32      0.00000001  -1537.04417225  -1537.04417226       0       0       0
   33      0.00000001  -1537.04417225  -1537.04417226       0       0       0
   34      0.00000001  -1537.04417225  -1537.04417226       0       0       0
   35      0.00000001  -1537.04417225  -1537.04417226       0       0       0
   36      4.07223837  -1445.89495926  -1537.04417226       0       0       1
   37     76.38273895   -297.16014618  -1537.04417225       1       0      14
   38     74.93529408   -262.48429197  -1537.04417225      14       0      37
   39    109.13704078   -378.56559476  -1537.04417226      36       0      64
   40    149.34951529   -215.24230519  -1537.04417226      63       0      75
   41    124.67062978   -246.73075194  -1537.04417226      79       0      84
   42    151.07726714   -235.50081081  -1537.04417226     107       0      86
   43 531965.32651948 11905518.61799756  -1537.04417226     122       0      71
   44    106.37676963   -208.56719671  -1537.04417226     126       0      51
   45     22.37828318  -1413.80726323  -1537.04417226     125       0      13
   46     11.38638811  -1446.61044371  -1537.04417225     101       0       3
   47      4.09857424  -1464.91964567  -1537.04417226      30       0       1
   48      0.00000001  -1537.04417226  -1537.04417226       2       0       0
   49      0.00000001  -1537.04417226  -1537.04417226       0       0       0
   50      0.00000001  -1537.04417226  -1537.04417226       0       0       0
   51      0.00000001  -1537.04417226  -1537.04417226       0       0       0
   52      0.00000001  -1537.04417226  -1537.04417226       0       0       0
   53     61.80140701   -153.73870269  -1537.04417226       0       0       1
   54     62.24900975   -550.93649600  -1537.04417225       1       0      14
   55 384513.99834883 8605075.33811869  -1537.04417226      13       0      27
   56    129.50395575   -179.47728121  -1537.04417226      28       0      60
   57    147.07909754   -228.28209873  -1537.04417225      55       0      56
   58    101.23331814   -324.05691610  -1537.04417226      74       0      58
   59    100.29413910    -95.62095580  -1537.04417226      71       0      69
   60    144.37754256   -109.55839539  -1537.04417225      88       0      81
   61    150.44169961    -71.69965902  -1537.04417224      94       0      76
   62    105.98473463   -230.19348494  -1537.04417226      96       1      48
   63     25.62705916  -1204.04281669  -1537.04417226      98       0       8
   64     35.16099443   -771.07500301  -1537.04417223      71       0       2
   65      0.00000001  -1537.04417224  -1537.04417226      30       0       0
   66      0.00000001  -1537.04417224  -1537.04417226       0       0       0
   67      0.00000001  -1537.04417224  -1537.04417226       0       0       0
   68      0.00000001  -1537.04417224  -1537.04417226       0       0       0
   69      0.00000001  -1537.04417224  -1537.04417226       0       0       0
   70      3.60826327  -1456.28014838  -1537.04417226       0       0       1
   71     64.37365802   -432.43445020  -1537.04417223       1       0      14
   72     26.73724022  -1039.55834342  -1537.04417226      14       0      22
   73     95.90011471   -327.37362373  -1537.04417226      21       0      47
   74    122.17271736   -185.25853726  -1537.04417226      47       0      56
   75     89.57356955   -292.47317907  -1537.04417225      65       0      54
   76    114.44599207   -157.36002901  -1537.04417226      66       0      64
   77     88.10312744   -483.16852163  -1537.04417226      86       0      69
   78    133.67983564   -270.36567795  -1537.04417226      97       0      69
   79     47.17440301   -718.33554082  -1537.04417226     101       0      56
   80     53.28776136   -653.24805924  -1537.04417226     102       0      39
   81     17.97802333  -1410.55855260  -1537.04417226      94       0       9
   82      5.95465829  -1482.94909484  -1537.04417226      52       0       0
   83      0.00000001  -1537.04417226  -1537.04417226      11       0       0
   84      0.00000001  -1537.04417226  -1537.04417226       0       0       0
   85      0.00000001  -1537.04417226  -1537.04417226       0       0       0
   86      0.00000001  -1537.04417226  -1537.04417226       0       0       0
   87      4.74404736  -1430.85780891  -1537.04417226       0       0       1
   88     58.82248285   -249.61860340  -1537.04417225       1       0      14
   89     73.79596834   -370.76135406  -1537.04417226      14       0      19
   90     98.01751333   -150.51438518  -1537.04417225      19       0      36
   91    113.14957190   -150.32196046  -1537.04417226      35       0      49
   92     93.93636466   -308.72992690  -1537.04417226      52       0      49
   93    118.02492241   -273.00666502  -1537.04417226      57       0      51
   94    109.15046481   -183.06047872  -1537.04417226      63       0      64
   95    140.71300524   -228.29853371  -1537.04417226      80       0      63
   96    127.57957872   -231.79044924  -1537.04417226      89       0      69
   97     94.57295501   -194.07637616  -1537.04417226      96       0      58
   98     23.21074905  -1411.24895005  -1537.04417226      99       0      22
   99     59.20645137   -239.14648709  -1537.04417226      83       0       5
  100      2.55926648  -1503.25031507  -1537.04417226      34       0       0
  101      0.00000001  -1537.04417226  -1537.04417224       6       0       0
  102      0.00000001  -1537.04417226  -1537.04417224       0       0       0
  103      0.00000001  -1537.04417226  -1537.04417224       0       0       0
  104      3.79778743  -1452.03801490  -1537.04417224       0       0       1
  105     13.76115046  -1359.30583501  -1537.04417226       1       0      13
  106     19.51257511  -1266.56177233  -1537.04417226      13       0      20
  107    109.77601874   -288.72882005  -1537.04417226      22       0      30
  108    125.80115837   -204.42647965  -1537.04417226      33       0      41
  109    144.92910776   -118.94832439  -1537.04417226      39       0      52
  110     88.76131014   -288.46727428  -1537.04417226      55       0      40
  111    119.73850020   -223.51595647  -1537.04417226      49       0      51
  112    114.80173717   -167.66757551  -1537.04417226      60       0      60
  113     86.73143359   -172.62735855  -1537.04417225      73       0      60
  114    152.21913948   -279.11853340  -1537.04417225      77       0      64
  115     98.23772011   -193.41432529  -1537.04417225      80       0      50
  116    102.19197111   -219.82715126  -1537.04417225      68       0      18
  117      8.18741476  -1458.66926690  -1537.04417224      43       0       0
  118      1.94961370  -1493.40582446  -1537.04417224      13       0       0
  119      0.00000001  -1537.04417226  -1537.04417224       1       0       0
  120      0.00000001  -1537.04417226  -1537.04417224       0       0       0
  121      5.80060880  -1407.20871599  -1537.04417224       0       0       1
  122     77.57602282   -311.51910052  -1537.04417225       1       0      11
  123     98.96739610   -196.82398136  -1537.04417226      11       0      19
  124    110.94832801   -306.85648048  -1537.04417225      18       0      32
  125     98.84976385   -316.77509906  -1537.04417225      33       0      38
  126     74.73936375   -356.46600012  -1537.04417225      36       0      47
  127     40.50849680   -759.53113541  -1537.04417225      54       0      36
  128     83.83946310   -184.47014709  -1537.04417225      46       0      47
  129     60.76360506   -302.22851813  -1537.04417226      51       0      56
  130    124.19783696   -211.90391356  -1537.04417226      60       0      64
  131    122.05649725   -241.02238742  -1537.04417225      83       0      62
  132    125.28975052   -193.96770956  -1537.04417226      84       0      55
  133     64.91314864   -190.01880800  -1537.04417226      87       0      25
  134     12.96241522  -1415.16914799  -1537.04417226      61       0       7
  135      3.41168884  -1484.49208348  -1537.04417226      21       0       0
  136      0.00000001  -1537.04417226  -1537.04417226       4       0       0
  137      0.00000001  -1537.04417226  -1537.04417226       0       0       0
  138      3.01827967  -1469.48579482  -1537.04417226       0       0       1
  139     77.39300422   -291.72769579  -1537.04417226       1       0      11
  140 837856.34638436 18752268.63232473  -1537.04417226      11       0      19
  141     75.53125935   -438.63837598  -1537.04417226      19       0      29
  142 117264.87788922 2623227.22359171  -1537.04417226      29       0      34
  143     90.24698398   -262.40396924  -1537.04417226      36       0      44
  144     54.21127476   -440.81563011  -1537.04417226      46       0      43
  145    102.80359852   -272.62749572  -1537.04417226      53       0      41
  146     75.22608617   -355.12368081  -1537.04417225      52       0      40
  147    130.49732372   -173.35603152  -1537.04417226      55       0      59
  148    127.72109246   -286.02032477  -1537.04417226      62       0      65
  149    117.01605951   -227.77608784  -1537.04417226      84       0      57
  150     94.43748298   -276.45356565  -1537.04417226      81       0      41
  151     64.97142988   -343.40765417  -1537.04417226      76       0      14
  152      4.25810133  -1469.68244960  -1537.04417226      37       0       2
  153      0.00000001  -1537.04417226  -1537.04417226       6       0       0
  154      0.00000001  -1537.04417226  -1537.04417226       0       0       0
  155      2.48718794  -1481.37326046  -1537.04417226       0       0       1
  156     61.18343958   -591.96906880  -1537.04417224       1       0      10
  157     14.31293820  -1426.83880374  -1537.04417226      10       0      18
  158    104.15159219   -253.46564908  -1537.04417225      18       0      28
  159     84.17665817   -227.59419728  -1537.04417225      27       0      32
  160     59.69102650   -587.84740532  -1537.04417226      30       0      41
  161    133.91423292   -187.84717530  -1537.04417225      43       0      41
  162     96.68758114   -127.51953944  -1537.04417225      53       0      39
  163    125.10800255   -227.56161808  -1537.04417226      49       0      41
  164    132.57950307   -171.05708412  -1537.04417226      53       0      49
  165     74.31196831   -214.11333011  -1537.04417225      62       0      61
  166    115.13921660   -331.04210676  -1537.04417226      70       0      54
  167    141.12596752   -217.33671077  -1537.04417226      75       0      49
  168     25.91719587  -1386.67261763  -1537.04417226      77       0      32
  169     37.30953089   -738.40126907  -1537.04417226      63       0       4
  170      2.25971536  -1486.46479612  -1537.04417226      26       0       0
  171      0.00000001  -1537.04417226  -1537.04417226       1       0       0
  172      2.78510003  -1474.70507211  -1537.04417226       0       0       1
  173     47.19484350   -509.58775803  -1537.04417226       1       0      10
  174     60.40493979   -563.28168448  -1537.04417225      10       0      17
  175     63.39441729   -451.26406298  -1537.04417225      17       0      28
  176     84.07373656   -258.10651959  -1537.04417225      27       0      27
  177    151.32780167   -182.05366408  -1537.04417226      32       0      37
  178    119.83056085   -246.62443120  -1537.04417226      35       0      42
  179    127.80021970   -192.25644428  -1537.04417226      43       0      33
  180     91.64491759   -372.07474321  -1537.04417226      41       0      44
  181    136.21409320   -202.38043783  -1537.04417226      47       0      50
  182     93.42812630   -325.69218025  -1537.04417225      60       0      43
  183    116.35321607   -235.26577750  -1537.04417224      61       0      56
  184    110.65833477   -223.69180025  -1537.04417226      72       0      54
  185     98.88274394   -281.56411546  -1537.04417226      71       0      40
  186    112.18611732   -302.39435553  -1537.04417224      68       0      17
  187      5.24221062  -1465.86840222  -1537.04417225      35       0       1
  188      0.00000001  -1537.04417226  -1537.04417226       7       0       0
  189      4.45620586  -1437.30058659  -1537.04417226       0       0       1
  190      9.97365569  -1447.96048180  -1537.04417225       1       0      10
  191     59.67926162   -502.00940893  -1537.04417224      10       0      17
  192    123.23851017   -214.29002736  -1537.04417225      17       0      24
  193   1111.77229951  23245.88055942  -1537.04417225      24       0      30
  194    120.61527652   -174.33586678  -1537.04417226      34       0      36
  195     67.41149365   -651.39125325  -1537.04417225      34       0      38
  196     81.78801954   -371.46265409  -1537.04417226      41       0      34
  197     90.82420299   -405.32023149  -1537.04417226      43       0      38
  198     72.13563459   -382.04398860  -1537.04417226      41       0      42
  199     95.72143147   -322.18611351  -1537.04417224      47       0      43
  200     85.52945117   -359.23506432  -1537.04417226      59       0      51
  201 792966.15096707 17747498.40684589  -1537.04417226      64       0      58
  202     90.69627648   -225.67449942  -1537.04417226      68       0      48
  203     20.50904330  -1428.13605268  -1537.04417226      74       0      25
  204     12.04743379  -1438.63373257  -1537.04417226      50       0       5
  205      0.80897464  -1518.93683298  -1537.04417224      20       0       0
  206      4.77231627  -1430.22506374  -1537.04417226       1       0       1
  207     10.60795590  -1426.53600758  -1537.04417224       1       0      10
  208     83.43024500   -229.10512252  -1537.04417226      10       0      16
  209     80.16670021   -281.40801308  -1537.04417226      16       0      21
  210    100.62430710   -305.69678586  -1537.04417226      24       0      33
  211    109.16024976   -213.71041449  -1537.04417225      36       0      31
  212     99.85847119   -232.58883088  -1537.04417225      32       0      39
  213     22.49993884  -1250.98738556  -1537.04417225      40       0      33
  214     76.22180921   -224.87588978  -1537.04417226      39       0      35
  215    138.89322230   -236.29677937  -1537.04417226      39       0      39
  216     91.22407801    -54.29748318  -1537.04417225      41       0      40
  217     81.97973846   -250.60734983  -1537.04417226      54       0      50
  218    113.98844914   -162.48647777  -1537.04417226      53       0      52
  219    111.63673813   -295.70850884  -1537.04417226      61       0      50
  220    117.37262543   -235.53778774  -1537.04417225      57       0      35
  221    100.42044245   -429.47084315  -1537.04417225      47       0      14
  222      4.34842407  -1458.25175881  -1537.04417225      25       0       1
  223      3.17683566  -1465.93682446  -1537.04417225       3       0       1
  224     31.28011180   -877.49420736  -1537.04417226       1       0      10
  225     12.89179828  -1417.45893407  -1537.04417224      10       0      13
  226    126.20034753   -141.39899005  -1537.04417226      12       0      21
  227     78.64599738   -224.27885536  -1537.04417226      22       0      33
  228     53.00878885   -521.03123570  -1537.04417224      38       0      30
  229     79.12092215   -283.21285303  -1537.04417226      33       0      40
  230     65.17287474   -485.42108837  -1537.04417225      41       0      33
  231     22.60352509  -1388.65346235  -1537.04417225      43       0      33
  232    113.84196617   -180.10902232  -1537.04417224      40       0      32
  233    114.08453059   -189.57348288  -1537.04417225      34       0      43
  234    163.48060999   -213.07034124  -1537.04417226      43       0      49
  235     65.02498970   -204.40928963  -1537.04417225      54       0      53
  236     78.66201102   -292.29315355  -1537.04417226      60       0      50
  237     76.50907526   -264.26437703  -1537.04417226      70       0      39
  238    106.22714294   -243.14658191  -1537.04417226      59       0      19
  239     46.17123469   -516.48744278  -1537.04417226      35       0       1
  240      2.90644916  -1471.98890553  -1537.04417226      16       0       1
  241     36.96821832   -740.90633002  -1537.04417225       1       0      10
  242     11.81602406  -1394.34720928  -1537.04417226      10       0      12
  243     76.52208728   -269.62831505  -1537.04417226      12       0      16
  244    109.29477031   -254.59981592  -1537.04417225      17       0      35
  245     97.15389706   -158.65071327  -1537.04417226      36       0      29
  246    170.63078829   -171.89445741  -1537.04417226      35       0      39
  247     56.75939908   -349.26214111  -1537.04417226      43       0      32
  248    109.97439249   -231.38372616  -1537.04417226      39       0      38
  249    110.01249295   -148.92321971  -1537.04417225      42       0      32
  250     55.20759932   -458.49503155  -1537.04417225      40       0      39
  251    119.84438637   -331.13962070  -1537.04417224      48       0      45
  252    115.79989562   -312.12147589  -1537.04417224      53       0      42
  253    104.00726390   -306.51154325  -1537.04417223      61       0      48
  254     64.99970838   -414.28633851  -1537.04417226      57       0      50
  255    104.47688245   -192.33111254  -1537.04417226      69       0      25
  256     59.14080017   -235.28306604  -1537.04417226      39       0       7
  257      4.06634030  -1471.81157664  -1537.04417226      22       0       1
  258     11.02086587  -1432.11637047  -1537.04417226       2       0      10
  259     12.38944955  -1424.18089910  -1537.04417226      10       0      11
  260     15.22334613  -1401.93649243  -1537.04417226      11       0      16
  261     61.59230938   -209.12605475  -1537.04417226      17       0      27
  262    110.77013273   -266.17932408  -1537.04417226      27       0      34
  263     75.23390226   -270.27713749  -1537.04417225      34       0      38
  264    130.05366949   -202.60640998  -1537.04417226      41       0      30
  265     73.10747885   -335.94830764  -1537.04417226      41       0      37
  266     93.64385042   -156.45147211  -1537.04417226      44       0      27
  267    100.71582889   -352.74109819  -1537.04417226      34       0      37
  268     78.52175983   -194.27470689  -1537.04417226      40       0      51
  269    109.04042751   -256.62068167  -1537.04417226      55       0      39
  270    120.97782157   -263.31818726  -1537.04417226      53       0      42
  271    105.72650381   -271.63683533  -1537.04417226      50       0      51
  272    118.87317340    613.88641939  -1537.04417226      61       0      36
  273     15.80396168  -1403.07117905  -1537.04417226      54       0      13
  274     58.08383914   -239.29126931  -1537.04417225      27       0       1
  275     83.40667355   -192.73137744  -1537.04417226       4       0      10
  276     61.83916406   -171.65946815  -1537.04417225      10       0      10
  277     14.65830869  -1430.10776828  -1537.04417225      10       0      17
  278     92.99050936   -278.86857019  -1537.04417226      17       0      24
  279     91.85368209   -237.93798610  -1537.04417226      23       0      34
  280     38.81189426   -991.40335712  -1537.04417226      37       0      30
  281    114.60630921   -273.73355096  -1537.04417226      33       0      31
  282     57.38792758   -395.26395208  -1537.04417225      38       0      41
  283     59.54029064   -288.41587457  -1537.04417226      45       0      27
  284     85.78620153   -224.23314872  -1537.04417226      36       0      40
  285     81.70933532   -149.25779929  -1537.04417226      44       0      39
  286 2991067.77321017 66947771.19620161  -1537.04417226      50       0      45
  287    112.26770314   -106.25994648  -1537.04417225      54       0      41
  288    153.57836690   -214.53140446  -1537.04417226      48       0      44
  289    102.57560008   -150.48099525  -1537.04417226      47       0      45
  290     79.89739354   -300.30269109  -1537.04417225      57       0      20
  291     51.99806585   -382.89709286  -1537.04417225      42       0       2
  292     75.34051958   -354.13813312  -1537.04417225      12       0      10
  293     11.68308685  -1427.70923754  -1537.04417226      11       0      10
  294     53.37347726   -654.59623138  -1537.04417226      10       0      17
  295    102.16699977   -155.13110143  -1537.04417226      17       0      22
  296    112.36087039   -208.05445064  -1537.04417226      23       0      30
  297     81.75490748   -266.23384442  -1537.04417226      33       0      31
  298     47.59340401   -558.55428982  -1537.04417226      35       0      31
  299    100.74226098   -447.60134965  -1537.04417225      35       0      37
  300     85.66121814   -279.38500293  -1537.04417225      39       0      29
  301    100.91466324   -267.97654664  -1537.04417226      34       0      35
  302    101.15442503   -250.10917375  -1537.04417226      41       0      45
  303    108.92706749   -243.64530107  -1537.04417226      45       0      41
  304     67.79188082   -498.84398725  -1537.04417226      50       0      41
  305    128.75990286   -267.56412987  -1537.04417226      45       0      44
  306     75.12270834   -362.94203342  -1537.04417225      56       0      38
  307    144.51762771   -309.03754283  -1537.04417226      52       0      33
  308      9.59077020  -1441.69328985  -1537.04417226      41       0       5
  309     61.43789302   -599.83009344  -1537.04417226      12       0      11
  310     58.61303289   -254.30915119  -1537.04417225      15       0      10
  311     14.30364669  -1426.15151449  -1537.04417226      11       0      16
  312     78.08400856   -299.17033809  -1537.04417226      17       0      20
  313     95.37816892   -205.66332755  -1537.04417225      19       0      27
  314     87.50674654   -368.80010243  -1537.04417225      29       0      33
  315     68.22189971   -496.66946584  -1537.04417226      34       0      32
  316     95.44616589   -290.60376934  -1537.04417226      36       0      36
  317     59.44123604   -280.29185626  -1537.04417226      41       0      28
  318     97.72090823   -190.67468522  -1537.04417225      37       0      34
  319    105.60977332   -184.90550302  -1537.04417226      38       0      42
  320     81.06102668   -220.60278539  -1537.04417226      43       0      45
  321     70.92175740   -283.79711838  -1537.04417226      51       0      35
  322     96.22166534   -391.36947366  -1537.04417226      43       0      41
  323     92.93288550   -283.74688322  -1537.04417226      50       0      44
  324     90.24844953   -346.63663045  -1537.04417226      55       0      39
  325     14.04184401  -1437.21156019  -1537.04417226      49       0       5
  326     91.05737952   -261.14038323  -1537.04417226      28       0      12
  327     52.18885969   -396.31104996  -1537.04417225      14       0      10
  328     48.90267961   -488.99275476  -1537.04417226      13       0      17
  329     41.18144478   -773.61964051  -1537.04417226      19       0      18
  330     76.66991415   -423.61972636  -1537.04417226      20       0      27
  331     61.41837057   -491.75737156  -1537.04417225      30       0      29
  332     77.35403433   -443.19850627  -1537.04417226      34       0      32
  333    133.58248648   -202.00196348  -1537.04417226      38       0      38
  334     89.95292754   -187.98354133  -1537.04417225      42       0      26
  335     60.08190481   -367.83281925  -1537.04417226      29       0      37
  336    142.61486308   -211.75157638  -1537.04417225      43       0      38
  337    124.29611250   -142.47285501  -1537.04417222      44       0      41
  338     72.64997321   -253.69349668  -1537.04417222      45       0      36
  339    114.43504135   -166.00940610  -1537.04417226      50       0      41
  340     67.63014121   -356.40917595  -1537.04417226      49       0      39
  341     79.74006981   -200.97318669  -1537.04417226      47       0      42
  342     64.63710417   -354.23848354  -1537.04417226      47       0      15
  343     83.71539548   -210.15001324  -1537.04417226      22       0      12
  344     55.01915014   -329.46404067  -1537.04417226      15       0      11
  345     16.20934570  -1356.45357267  -1537.04417226      12       0      15
  346     66.94970509   -460.87452207  -1537.04417225      15       0      17
  347    101.44551941   -305.09832658  -1537.04417225      18       0      26
  348     75.37269435   -412.82595375  -1537.04417226      28       0      30
  349 4970044.07304468 111243341.68203148  -1537.04417226      31       0      30
  350     95.44246323   -353.84731196  -1537.04417226      36       0      40
  351    101.58208513   -248.41318096  -1537.04417226      43       0      24
  352 10558559.17409639 236331488.90426069  -1537.04417226      34       0      35
  353    128.84524593   -184.75180277  -1537.04417226      36       0      38
  354    122.90210339    -59.92047508  -1537.04417225      42       0      41
  355     59.37169253   -422.21320897  -1537.04417226      53       0      33
  356     77.81849343   -175.93253111  -1537.04417226      38       0      48
  357     91.25326984   -225.39021534  -1537.04417226      54       0      38
  358    100.45828262   -338.96868033  -1537.04417226      51       0      41
  359     81.79764359   -207.19840928  -1537.04417226      44       0      18
  360     47.36058006   -666.86295208  -1537.04417225      31       0      15
  361     77.65460030   -293.33988906  -1537.04417225      19       0      11
  362     66.48792708   -384.83626213  -1537.04417225      14       0      14
  363     54.44947366   -356.44692144  -1537.04417226      14       0      16
  364     83.40671557   -447.30065846  -1537.04417226      15       0      25
  365    113.00993860   -227.77246383  -1537.04417226      26       0      28
  366     78.82085133   -229.71943574  -1537.04417225      33       0      30
  367    110.04519969   -270.63566537  -1537.04417226      36       0      38
  368    108.03677000   -235.36819354  -1537.04417226      42       0      29
  369    100.60030205   -143.08708110  -1537.04417226      38       0      30
  370 32951030.38439289 737543826.32477605  -1537.04417226      35       0      35
  371    135.66359757   -210.05699640  -1537.04417226      34       0      44
  372     73.27862755   -469.40095604  -1537.04417226      50       0      35
  373 1082461.20573747 24227287.17760671  -1537.04417226      39       0      39
  374     68.33707341   -425.16358553  -1537.04417225      40       0      46
  375    116.67341621   -288.09755471  -1537.04417225      51       0      37
  376     75.12491307   -189.78996347  -1537.04417226      50       0      26
  377    105.58892955   -182.82750020  -1537.04417226      38       0      16
  378     61.01461625   -197.31284652  -1537.04417225      23       0      12
  379     32.79627430   -867.45924317  -1537.04417226      13       0      14
  380     39.03350752   -711.35045467  -1537.04417225      14       0      15
  381 1164556.55807156 26064824.01760767  -1537.04417226      16       0      21
  382     67.59750127   -165.21269913  -1537.04417225      21       0      25
  383    101.21156358   -247.74921591  -1537.04417226      27       0      33
  384    101.16413271   -239.17123371  -1537.04417226      40       0      35
  385     77.67267933   -218.33013055  -1537.04417226      36       0      33
  386     55.28660640   -663.64164815  -1537.04417225      37       0      32
  387    121.61316496   -183.71754167  -1537.04417225      40       0      35
  388     95.46260839   -278.58688563  -1537.04417226      41       0      40
  389    103.59178834   -204.44608013  -1537.04417225      43       0      37
  390     92.56599594   -222.66535776  -1537.04417226      41       0      34
  391     96.52794106   -275.81702079  -1537.04417226      42       0      44
  392    128.26476852   -212.10535896  -1537.04417225      49       0      38
  393     84.59639781   -381.92924950  -1537.04417226      48       0      34
  394     57.94533130   -406.58652522  -1537.04417226      38       0      18
  395     55.54299586   -321.29718225  -1537.04417226      23       0      12
  396     12.95648472  -1391.21630788  -1537.04417226      14       0      13
  397     62.71084559   -452.09468464  -1537.04417226      12       0      14
  398     71.80059784   -326.89319517  -1537.04417225      15       0      20
  399     78.07119283   -241.46949985  -1537.04417226      18       0      23
  400    107.55502592   -237.31029106  -1537.04417226      24       0      32
  401     88.48469763   -270.77816768  -1537.04417226      36       0      37
  402     98.99383127   -162.31247334  -1537.04417226      40       0      32
  403     78.54353409   -162.07336534  -1537.04417226      41       0      32
  404     85.69524263   -389.00627291  -1537.04417226      38       0      36
  405     95.65342705   -160.37118035  -1537.04417226      42       0      39
  406     52.85533909   -545.16864167  -1537.04417226      43       0      36
  407     60.18442727   -284.68139071  -1537.04417225      43       0      33
  408    146.94272628   -200.43193890  -1537.04417226      46       0      42
  409    114.26532113   -251.03821327  -1537.04417224      50       0      43
  410     95.93791402   -193.85625942  -1537.04417226      58       0      35
  411     59.69509421   -250.37814578  -1537.04417226      47       0      20
  412     79.28390345   -250.37814578  -1537.04417226      29       0      13
  413     51.03906267   -441.93262018  -1537.04417226      20       0      13
  414     78.37879835   -281.97896308  -1537.04417226      14       0      14
  415    106.83976082   -166.96201087  -1537.04417226      14       0      19
  416     79.77764234   -288.40315584  -1537.04417226      17       0      21
  417 111529.57516290 2494851.96514287  -1537.04417225      20       0      32
  418     83.86258550   -209.86940236  -1537.04417224      35       0      30
  419     83.44937502   -438.78273475  -1537.04417226      33       0      36
  420     69.66868253   -295.75090852  -1537.04417226      41       0      31
  421     93.80468393   -248.08466529  -1537.04417226      39       0      34
  422     86.81481265   -353.51547858  -1537.04417226      35       0      42
  423     47.52485055   -616.48314020  -1537.04417226      50       0      33
  424     92.15132105   -214.40846782  -1537.04417225      38       0      32
  425    129.91297470   -192.52094012  -1537.04417226      42       0      37
  426     24.47201563  -1398.98622220  -1537.04417225      42       0      45
  427     88.07307226   -370.28121782  -1537.04417225      48       0      41
  428     48.95291580   -803.94774187  -1537.04417225      51       0      23
  429    107.88973306   -204.25087028  -1537.04417225      37       0      17
  430     74.29631711   -316.88536704  -1537.04417225      25       0      13
  431     13.56506207  -1433.86072128  -1537.04417226      15       0      14
  432     82.84276087   -215.63727548  -1537.04417226      16       0      17
  433     48.81792852   -508.87081713  -1537.04417226      17       0      21
  434     92.32253966   -264.26328706  -1537.04417226      21       0      31
  435     72.06648747   -406.28652697  -1537.04417226      33       0      27
  436    121.02488747   -258.13713673  -1537.04417225      26       0      38
  437    111.96484165    -79.74027988  -1537.04417225      44       0      30
  438 33919318.91086758 759217099.91152155  -1537.04417225      37       0      30
  439    107.33453942   -370.67940547  -1537.04417226      34       0      43
  440     94.56251132   -250.64960635  -1537.04417226      43       0      37
  441     72.31810851   -196.93612470  -1537.04417226      42       0      31
  442     96.22565647   -286.88980437  -1537.04417225      44       0      34
  443    104.35482734   -364.22858765  -1537.04417225      43       0      44
  444     93.49590417   -296.72356641  -1537.04417226      51       0      39
  445    116.59080810   -271.62439188  -1537.04417226      44       0      27
  446    127.50788698   -115.01079609  -1537.04417225      40       0      24
  447     31.82176532   -895.67489697  -1537.04417225      37       0      12
  448     60.15474911   -486.80008695  -1537.04417226      16       0      15
  449     66.97449319   -414.14134364  -1537.04417226      20       0      16
  450    104.35881988   -229.17484043  -1537.04417226      19       0      21
  451     80.95668801   -127.20017579  -1537.04417224      22       0      27
  452     54.98396675   -383.72829296  -1537.04417225      29       0      27
  453 201758.91210461 4514458.20427228  -1537.04417226      32       0      38
  454     99.93195290   -351.17046807  -1537.04417226      40       0      31
  455     91.13438676   -352.75467153  -1537.04417225      39       0      31
  456     40.16541170   -805.41228744  -1537.04417225      39       0      39
  457     84.32486034   -151.99591781  -1537.04417226      44       0      34
  458    104.11606168   -254.21591451  -1537.04417226      44       0      30
  459    107.88220919   -436.85561123  -1537.04417225      41       0      39
  460    113.14420988   -311.82838694  -1537.04417226      43       0      44
  461     53.28037390   -440.79363200  -1537.04417226      49       0      34
  462     93.01251307   -207.03631245  -1537.04417225      39       0      29
  463    104.17386057   -168.06054521  -1537.04417225      41       0      27
  464     57.69147233   -284.92419818  -1537.04417225      32       0      15
  465     49.24975119   -677.86595442  -1537.04417226      24       0      16
  466     37.52050731   -764.63965641  -1537.04417225      20       0      17
  467    101.89473343   -115.89654107  -1537.04417223      18       0      19
  468     76.50063468   -214.63005524  -1537.04417225      18       0      25
  469    106.39610536   -256.49782216  -1537.04417225      28       0      28
  470     97.77746690   -173.30695106  -1537.04417225      27       0      31
  471     83.14564162   -396.10522669  -1537.04417224      35       0      38
  472    107.48053728   -254.34724470  -1537.04417225      42       0      29
  473     74.21591990   -226.58490087  -1537.04417225      39       0      34
  474     82.78440067   -306.93252460  -1537.04417225      46       0      35
  475    108.81296288   -243.66689717  -1537.04417226      37       0      35
  476     72.31739045   -333.42383482  -1537.04417225      42       0      38
  477     51.63326134   -497.45110864  -1537.04417225      42       0      43
  478     21.18796178  -1388.84838210  -1537.04417224      47       0      35
  479     68.18031102   -473.17492735  -1537.04417225      43       0      26
  480     99.22167562   -147.05827392  -1537.04417226      33       0      29
  481     80.54382583   -228.39624642  -1537.04417226      31       0      21
  482     45.25194106   -641.56757340  -1537.04417226      23       0      16
  483     41.46192056   -663.59563260  -1537.04417226      20       0      18
  484     76.61194587   -389.70401726  -1537.04417226      17       0      17
  485     54.47416357   -671.01610453  -1537.04417225      19       0      24
  486     73.23606788   -313.27519958  -1537.04417225      24       0      27
  487     78.33683315   -590.00831133  -1537.04417226      29       0      28
  488    121.93310706   -195.27662333  -1537.04417225      30       0      35
  489    122.06268110   -188.91479461  -1537.04417226      39       0      31
  490    117.30449160   -356.59434038  -1537.04417225      36       0      37
  491     38.14136280   -838.76250107  -1537.04417225      44       0      35
  492    106.07394877   -184.55960752  -1537.04417226      44       0      37
  493    101.51911313   -154.84196041  -1537.04417225      44       0      37
  494    144.11405272   -139.13473409  -1537.04417226      44       0      38
  495    103.37919421   -254.64685845  -1537.04417226      44       0      40
  496     69.71146990   -426.91606036  -1537.04417225      57       0      28
  497    127.66821212   -220.05684098  -1537.04417226      40       0      29
  498     87.10071530   -276.96535919  -1537.04417226      40       0      20
  499     58.14628606   -608.79691056  -1537.04417226      29       0      19
  500     50.21333465   -458.90503909  -1537.04417226      22       0      17
  501     15.76647307  -1420.84958783  -1537.04417225      15       0      16
  502     59.76016339   -242.95950378  -1537.04417225      21       0      24
  503    164.44875988   1556.36352715  -1537.04417226      23       0      26
  504     91.06150300   -235.48672233  -1537.04417223      28       0      27
  505    105.08171363   -270.36476517  -1537.04417226      27       0      33
  506     17.47402761  -1434.39077589  -1537.04417225      36       0      28
  507     90.24793108   -215.55399248  -1537.04417226      31       0      41
  508    102.50110875   -286.77554884  -1537.04417225      44       0      32
  509     88.73600224   -313.72363046  -1537.04417226      36       0      36
  510    113.80828251   -154.38107021  -1537.04417225      44       0      37
  511    152.42925477   -186.08236895  -1537.04417225      41       0      31
  512     75.94833522   -288.11607037  -1537.04417226      44       0      46
  513     21.57556970  -1412.86487452  -1537.04417226      52       0      30
  514     97.78793063   -164.56319682  -1537.04417226      50       0      30
  515    120.67529184   -136.35877829  -1537.04417226      41       0      24
  516    101.97270730   -331.94033789  -1537.04417226      33       0      20
  517     83.25191256   -394.61691426  -1537.04417223      20       0      18
  518     80.35188117   -214.62930089  -1537.04417226      21       0      17
  519     90.22558265   -336.08764064  -1537.04417226      19       0      22
  520     96.70685793   -350.37780221  -1537.04417226      23       0      27
  521     83.25760818   -249.53855341  -1537.04417226      26       0      24
  522     85.89164427   -275.95035358  -1537.04417226      25       0      33
  523 1457652.78283486 32625229.24737035  -1537.04417226      35       0      29
  524     62.57366422   -452.10419131  -1537.04417225      31       0      39
  525     73.35095892   -326.40479796  -1537.04417226      47       0      26
  526     78.34223367   -305.39904190  -1537.04417225      33       0      39
  527    105.26752150    -89.89320673  -1537.04417226      45       0      36
  528     55.20500546   -369.23304496  -1537.04417226      46       0      28
  529     73.79779149   -485.49107148  -1537.04417226      35       0      42
  530     71.48740263   -361.93572420  -1537.04417224      48       0      38
  531    107.96522148   -180.96376457  -1537.04417225      42       0      34
  532     93.10097814   -156.74707109  -1537.04417226      42       0      28
  533     99.35590713   -134.11274147  -1537.04417226      36       0      18
  534     56.65476311   -316.24843666  -1537.04417226      24       0      19
  535     71.05272994   -513.56710381  -1537.04417226      20       0      17
  536     38.77629401   -734.93828592  -1537.04417226      18       0      23
  537    117.86526441   -169.94306417  -1537.04417225      24       0      26
  538     63.71251206   -155.21602689  -1537.04417226      24       0      21
  539    102.47039922   -292.95611670  -1537.04417225      25       0      34
  540     67.44047530   -361.89103425  -1537.04417226      34       0      27
  541    100.73196363   -381.71334410  -1537.04417225      34       0      34
  542    142.95635545   -147.86979145  -1537.04417226      44       0      30
  543     75.25481206   -234.08374935  -1537.04417225      35       0      38
  544     79.02542580   -316.69022281  -1537.04417225      44       0      35
  545    100.32203023   -167.62069097  -1537.04417225      41       0      29
  546     71.13860536   -231.04063845  -1537.04417225      38       0      42
  547    133.74822174   -264.94692503  -1537.04417226      51       0      39
  548     66.43067807   -552.21226508  -1537.04417226      49       0      31
  549    102.43443968   -166.03060533  -1537.04417226      46       0      35
  550     47.17396869   -565.18498223  -1537.04417226      49       0      20
  551     56.23274764   -324.30503862  -1537.04417226      28       0      17
  552     87.47335547   -208.53185810  -1537.04417225      22       0      19
  553     90.04124551   -308.95269641  -1537.04417226      21       0      23
  554     16.68973318  -1425.48387022  -1537.04417226      25       0      23
  555     72.45989747   -166.04642844  -1537.04417226      25       0      24
  556     57.71212737   -446.72360331  -1537.04417226      30       0      23
  557    106.27016558    -69.91342529  -1537.04417226      26       0      32
  558     77.62547708   -346.64631409  -1537.04417226      36       0      34
  559    107.58586229   -343.92938243  -1537.04417225      36       0      31
  560    116.20820407   -282.49290301  -1537.04417226      35       0      32
  561    140.42911279   -189.47929945  -1537.04417225      35       0      38
  562    132.40671317   -169.45095750  -1537.04417226      50       0      27
  563    116.82416992   -127.21709550  -1537.04417226      39       0      39
  564    127.39438185   -257.71539210  -1537.04417226      36       0      41
  565     30.44814739  -1035.21076238  -1537.04417226      46       0      31
  566 530286.24456764 11867911.02042146  -1537.04417226      40       0      36
  567     83.23076545   -230.10129730  -1537.04417225      42       0      28
  568     85.10084318   -316.08318241  -1537.04417226      37       0      18
  569     74.48432243   -298.19200484  -1537.04417226      23       0      17
  570     95.84358778   -182.77733670  -1537.04417226      20       0      22
  571     95.94879625   -195.15579986  -1537.04417226      25       0      23
  572     55.51678256   -560.34498334  -1537.04417226      26       0      24
  573     82.23391149   -241.98310592  -1537.04417226      28       0      24
  574     58.79362269   -289.17009300  -1537.04417226      29       0      31
  575    109.32182883   -188.49049650  -1537.04417226      30       0      33
  576     91.87211275   -398.00580958  -1537.04417226      37       0      32
  577     16.88002104  -1422.22686454  -1537.04417225      37       0      24
  578    104.31555729   -272.29283658  -1537.04417226      29       0      42
  579     53.39902879   -420.13814249  -1537.04417225      42       0      33
  580    113.75615879   -248.23547944  -1537.04417226      40       0      39
  581     20.85363927  -1425.18098462  -1537.04417226      42       0      33
  582     71.62029805   -422.05533332  -1537.04417225      37       0      35
  583     78.85213626   -302.63310660  -1537.04417226      46       0      32
  584    112.60871102   -185.02978959  -1537.04417225      41       0      34
  585     88.27500143   -123.31799537  -1537.04417226      45       0      21
  586     76.37905779   -282.61151514  -1537.04417225      33       0      15
  587     88.13839756   -372.42690048  -1537.04417225      18       0      23
  588     75.49116598   -214.09624509  -1537.04417225      22       0      19
  589     50.44849555   -673.50711322  -1537.04417226      23       0      27
  590     93.74841249   -315.03544396  -1537.04417226      32       0      26
  591     66.19161432   -464.32835412  -1537.04417226      28       0      29
  592    100.33562606   -105.93148622  -1537.04417225      32       0      30
  593    118.47179694   -162.76746186  -1537.04417226      37       0      35
  594    103.40871015   -285.28172795  -1537.04417226      38       0      23
  595     48.30330084   -547.94228158  -1537.04417226      28       0      38
  596     72.14726692   -215.30497671  -1537.04417226      40       0      38
  597    116.16890802   -267.93772619  -1537.04417225      51       0      35
  598     61.48731977   -236.73106801  -1537.04417224      45       0      32
  599     90.48884300   -404.17050807  -1537.04417225      32       0      34
  600    108.93308844   -230.30847064  -1537.04417225      37       0      33
  601     46.07238339   -646.15305033  -1537.04417225      37       0      32
  602     86.69035968   -267.41738009  -1537.04417225      38       0      28
  603    103.94505271   -133.21446404  -1537.04417223      34       0      18
  604     79.17493016   -365.27823901  -1537.04417224      25       0      17
  605     60.44122396   -228.81839985  -1537.04417226      21       0      23
  606    116.11152668   -236.77268608  -1537.04417226      24       0      25
  607     60.50461674   -228.46204213  -1537.04417226      27       0      25
  608     82.57440436   -261.22731293  -1537.04417226      26       0      30
  609     72.83589096   -141.93800195  -1537.04417225      30       0      30
  610     86.51662538   -360.21016551  -1537.04417225      37       0      32
  611 4201930.01882483 94050579.69190213  -1537.04417226      36       0      26
  612    116.36550061   -208.12099536  -1537.04417224      35       0      32
  613     72.97684804   -227.79554729  -1537.04417224      33       0      41
  614    129.14947837   -208.06312056  -1537.04417224      43       0      37
  615     48.74509950   -558.01232803  -1537.04417223      47       0      33
  616     77.37160905   -275.36599044  -1537.04417225      39       0      35
  617    103.62501290    -64.19624115  -1537.04417224      43       0      30
  618     94.68290555   -202.34006218  -1537.04417223      37       0      33
  619     20.64501890  -1373.21932544  -1537.04417224      38       0      28
  620  43413.58109279 970198.57783818  -1537.04417226      34       0      22
  621     66.09001610    -88.33095937  -1537.04417225      33       0      17
  622     33.69181852   -895.64105630  -1537.04417225      18       0      21
  623     96.44208722   -264.26111136  -1537.04417225      22       0      26
  624     72.98812855   -307.58453974  -1537.04417226      29       0      26
  625  66574.73431304 1488621.76260412  -1537.04417225      26       0      26
  626     63.79750967   -512.54602455  -1537.04417224      30       0      30
  627     43.58695552   -652.23833785  -1537.04417225      33       0      30
  628     52.54530555   -448.89208764  -1537.04417226      32       0      30
  629     48.23985122   -546.73123263  -1537.04417225      34       0      30
  630     90.15071994   -240.98856945  -1537.04417225      34       0      36
  631 358959.41623143 8033091.80478106  -1537.04417226      41       0      40
  632     53.23533891   -438.92855947  -1537.04417224      45       0      34
  633     48.90532875   -582.72773243  -1537.04417226      49       0      34
  634     76.05738797   -449.31300613  -1537.04417226      38       0      30
  635    128.01218941   -149.03789891  -1537.04417224      40       0      36
  636     41.77066779   -730.37565312  -1537.04417224      45       0      25
  637     96.09189975   -194.66560880  -1537.04417224      37       0      25
  638     56.99834607   -308.99253480  -1537.04417225      32       0      21
  639     87.21635848   -203.60760360  -1537.04417226      24       0      19
  640     71.01051294   -196.61060426  -1537.04417224      21       0      27
  641 8907559.66501505 199377036.04469377  -1537.04417224      30       0      23
  642     64.99812377   -556.13184559  -1537.04417226      27       0      26
  643     91.91887191   -171.21259973  -1537.04417226      30       0      30
  644     98.74958803   -181.34478305  -1537.04417224      32       0      30
  645     89.52241956   -241.04249033  -1537.04417226      32       0      28
  646     37.13252245   -825.31184240  -1537.04417226      31       0      32
  647     90.29549959   -356.43497441  -1537.04417225      34       0      32
  648     89.95605757   -228.18466285  -1537.04417226      37       0      36
  649     89.80605548   -163.52243935  -1537.04417226      39       0      37
  650 3793522.57452778 84909178.05025369  -1537.04417226      43       0      34
  651    107.14059898   -197.79352642  -1537.04417226      40       0      34
  652     58.02379714   -579.53778085  -1537.04417226      49       0      35
  653     76.89996902   -170.05467766  -1537.04417226      39       0      23
  654     18.89632946  -1415.31523362  -1537.04417226      26       0      28
  655     60.17729217   -243.36301617  -1537.04417226      29       0      24
  656     81.33632553   -390.80642110  -1537.04417224      28       0      18
  657    104.11475656   -361.44505211  -1537.04417225      21       0      27
  658     92.48274872   -168.13665843  -1537.04417225      30       0      24
  659    116.98879843   -186.95687145  -1537.04417226      27       0      25
  660     87.10921706   -339.88094185  -1537.04417225      28       0      31
  661    102.33285358   -231.46883361  -1537.04417225      30       0      30
  662     97.19672838   -237.44827018  -1537.04417224      36       0      25
  663    105.90609586   -327.55617442  -1537.04417224      36       0      33
  664     85.82011304   -319.82923407  -1537.04417226      35       0      31
  665     52.76936603   -514.36091774  -1537.04417226      30       0      34
  666     59.21513906   -542.80165211  -1537.04417226      40       0      36
  667   1891.92266425  40748.24298163  -1537.04417226      44       0      34
  668     67.12080459   -324.15909618  -1537.04417225      46       0      36
  669     92.00366639   -170.53659345  -1537.04417225      42       0      38
  670     86.02989695   -320.41124673  -1537.04417225      47       0      26
  671     65.09519735   -413.83637593  -1537.04417226      39       0      24
  672     64.29240654   -542.52627593  -1537.04417226      26       0      25
  673     16.18660605  -1399.60947522  -1537.04417225      32       0      18
  674     39.92300169   -740.16913004  -1537.04417225      21       0      27
  675     62.16817340   -195.21221450  -1537.04417226      28       0      24
  676     76.33982799   -349.00250396  -1537.04417225      27       0      26
  677     80.98377530   -233.58056425  -1537.04417226      28       0      24
  678    143.32541269   -153.96162207  -1537.04417226      27       0      33
  679    113.95636844   -180.91671664  -1537.04417226      38       0      29
  680    126.85632660   -215.84776838  -1537.04417225      32       0      30
  681    105.73297865   -269.42607473  -1537.04417225      34       0      33
  682     82.75551462   -252.70679053  -1537.04417225      37       0      29
  683     54.39519765   -589.49961790  -1537.04417225      34       0      33
  684     50.16309959   -513.48887265  -1537.04417225      33       0      35
  685    103.37366089   -137.25439059  -1537.04417225      42       0      36
  686     79.35719323   -262.75892302  -1537.04417224      41       0      39
  687     78.40036816   -318.75736218  -1537.04417224      45       0      32
  688     70.68531888   -303.46508714  -1537.04417226      41       0      24
  689     86.14771536   -138.14967928  -1537.04417224      32       0      25
  690     93.39165203   -317.36242583  -1537.04417226      28       0      20
  691     91.49039951   -267.25928016  -1537.04417225      25       0      24
  692     78.60181445   -301.60568674  -1537.04417225      26       0      26
  693     47.60198181   -540.76484812  -1537.04417224      25       0      25
  694     79.37371085   -171.38478582  -1537.04417224      24       0      24
  695    103.60939876   -287.80678935  -1537.04417225      27       0      32
  696    125.57672177   -202.59531534  -1537.04417225      31       0      31
  697     85.29123681   -229.56059796  -1537.04417224      38       0      27
  698    119.79784674    -95.52427859  -1537.04417225      32       0      33
  699     86.70866938   -353.04529379  -1537.04417225      38       0      31
  700     93.05894002   -275.06017742  -1537.04417226      32       0      29
  701     87.74181597   -276.29925728  -1537.04417225      34       0      38
  702     75.69460269   -343.05702075  -1537.04417225      44       0      34
  703     94.56541421   -177.93827974  -1537.04417225      39       0      34
  704    112.23545875   -247.36286230  -1537.04417225      39       0      39
  705    106.24128928   -228.06203648  -1537.04417226      43       0      26
  706     76.02146771   -167.09829860  -1537.04417225      38       0      22
  707     90.68659510   -356.30544226  -1537.04417226      25       0      23
  708     81.97116404   -306.06541400  -1537.04417226      27       0      25
  709     77.14077033   -495.69694859  -1537.04417225      32       0      26
  710     66.83648374   -312.87614735  -1537.04417226      25       0      23
  711     80.12300264   -235.43890624  -1537.04417225      28       0      25
  712     44.61650821   -714.30539494  -1537.04417226      26       0      29
  713    100.33343244   -269.54406648  -1537.04417226      35       0      31
  714     71.97293499   -536.01750687  -1537.04417225      31       0      31
  715     72.79357349    -72.73411256  -1537.04417225      36       0      31
  716     45.12207292   -629.93061079  -1537.04417225      32       0      29
  717    115.63239622   -208.32751502  -1537.04417226      32       0      27
  718 22862786.86924911 511737931.89266884  -1537.04417226      33       0      43
  719     76.46353166   -185.90561344  -1537.04417226      41       0      28
  720    102.52782281   -221.62765642  -1537.04417226      36       0      36
  721     21.15214494  -1400.24454020  -1537.04417226      46       0      36
  722     98.59200783   -190.35805793  -1537.04417226      42       0      33
  723     94.29088659   -259.35742260  -1537.04417226      37       0      19
  724    118.83296836   -178.97325263  -1537.04417226      22       0      24
  725     80.34727570   -237.04231679  -1537.04417226      25       0      27
  726 478312.44145775 10704575.46235211  -1537.04417226      29       0      24
  727     74.87873864   -372.86251778  -1537.04417226      25       0      22
  728     81.87271281   -252.17402873  -1537.04417226      27       0      28
  729     78.93980211   -276.32398223  -1537.04417226      34       0      30
  730     51.00393671   -462.66648544  -1537.04417226      32       0      29
  731     63.96867186   -273.07002180  -1537.04417226      32       0      32
  732     62.07515085   -292.77737018  -1537.04417226      38       0      30
  733     90.98284853   -323.60397821  -1537.04417226      37       0      26
  734     87.42334361   -349.78123696  -1537.04417226      30       0      31
  735    102.80366484   -226.21529258  -1537.04417225      35       0      38
  736     82.70632265   -339.91488230  -1537.04417226      44       0      28
  737    117.69381257   -269.22660132  -1537.04417224      33       0      38
  738    129.57651911   -229.15167996  -1537.04417226      41       0      36
  739     20.02597879  -1424.84884059  -1537.04417225      42       0      35
  740     98.20763767   -365.85474619  -1537.04417226      37       0      21
  741    108.19872683   -214.02170361  -1537.04417224      35       0      25
  742     71.83277437   -267.21652829  -1537.04417224      27       0      24
  743    109.77478285    -41.06417938  -1537.04417224      30       0      21
  744     71.53183181   -344.57620874  -1537.04417226      24       0      23
  745     64.24842498   -574.54553052  -1537.04417225      28       0      31
  746 28770187.00703630 643963701.81032288  -1537.04417226      38       0      27
  747     86.83078824   -220.16151495  -1537.04417226      31       0      29
  748    117.09798402   -288.19864359  -1537.04417224      28       0      31
  749     53.11060492   -441.41543154  -1537.04417226      36       0      31
  750     47.58455378   -557.87131130  -1537.04417226      41       0      27
  751    134.93721190   -232.10359071  -1537.04417226      33       0      31
  752     86.64687835   -154.98205643  -1537.04417225      34       0      34
  753     70.06086313   -283.79933246  -1537.04417226      35       0      30
  754    102.30612738    -76.53304842  -1537.04417225      36       0      41
  755    113.73553551   -240.85442164  -1537.04417225      48       0      34
  756     84.31150724   -224.31394047  -1537.04417225      39       0      31
  757     60.23242956   -433.83072407  -1537.04417223      40       0      28
  758     17.92002575  -1416.90666941  -1537.04417226      30       0      22
  759 471648.70630878 10555419.18720893  -1537.04417225      30       0      24
  760     82.39210504   -365.01236063  -1537.04417226      28       0      22
  761    100.79456470   -218.20302208  -1537.04417226      23       0      20
  762     94.78148586   -246.43889297  -1537.04417225      20       0      36
  763     61.95322574   -221.92312411  -1537.04417226      38       0      28
  764     50.37865915   -473.33497148  -1537.04417226      31       0      24
  765     60.69480811   -239.24851367  -1537.04417225      28       0      29
  766     65.61482014   -147.17016441  -1537.04417224      31       0      33
  767  44926.33225292 1004065.71798015  -1537.04417224      36       0      30
  768    104.91837601   -192.48162539  -1537.04417226      40       0      31
  769     48.15121685   -529.32369633  -1537.04417224      39       0      29
  770     76.75839572   -229.78662422  -1537.04417226      32       0      33
  771     96.38087841   -250.78926285  -1537.04417225      39       0      39
  772     99.13541832   -271.95364234  -1537.04417224      45       0      34
  773    128.66773144   -214.18904129  -1537.04417225      42       0      34
  774 1480697.91405438 33141042.24288334  -1537.04417224      40       0      27
  775     43.07103693   -643.14499674  -1537.04417226      26       0      23
  776     84.75968421   -271.82722824  -1537.04417225      24       0      27
  777    102.24361497   -175.79173917  -1537.04417225      30       0      22
  778     60.43685047   -503.40324171  -1537.04417225      26       0      21
  779     78.85592425   -200.65093306  -1537.04417226      23       0      29
  780     34.20852638   -933.63645947  -1537.04417226      28       0      35
  781     52.32034120   -493.41085632  -1537.04417225      41       0      23
  782    123.57979398   -265.03300410  -1537.04417226      28       0      24
  783     95.85312902   -270.50119944  -1537.04417226      24       0      28
  784     54.05632088   -515.34822831  -1537.04417224      29       0      35
  785   1585.56667216  33955.84757580  -1537.04417224      39       0      34
  786     79.38257726   -281.69969622  -1537.04417224      39       0      26
  787    106.57406599   -262.32158125  -1537.04417226      33       0      34
  788     89.12538962   -355.46200661  -1537.04417226      38       0      34
  789     92.36453998   -262.85774443  -1537.04417225      40       0      41
  790     91.58941397   -296.01420349  -1537.04417226      48       0      37
  791    120.60582308   -263.81681890  -1537.04417225      48       0      23
  792     87.13608429   -199.71093688  -1537.04417225      39       0      26
  793 621044.62585160 13899368.42265934  -1537.04417223      32       0      25
  794     57.49929918   -314.03470499  -1537.04417223      30       0      23
  795     71.35047965   -364.90227393  -1537.04417225      29       0      21
  796     64.18663611   -185.49741255  -1537.04417225      28       0      28
  797     62.38671023   -629.00075169  -1537.04417224      34       0      33
  798     86.30317610   -359.25310972  -1537.04417225      40       0      27
  799     17.29323773  -1419.15401870  -1537.04417225      34       0      23
  800     49.91862960   -740.36779320  -1537.04417225      27       0      24
  801     67.74658785   -243.98949802  -1537.04417223      27       0      35
  802     84.54675132   -269.24464699  -1537.04417225      38       0      36
  803     62.93118114   -611.69093506  -1537.04417226      39       0      26
  804     66.11542490   -254.11684992  -1537.04417225      32       0      30
  805     85.64535350   -367.80324788  -1537.04417226      31       0      33
  806    113.44185035   -376.69233421  -1537.04417225      41       0      42
  807     69.79479939   -229.73609717  -1537.04417225      47       0      32
  808     99.02063314   -120.42379236  -1537.04417225      39       0      29
  809     61.79700840   -222.21708480  -1537.04417223      39       0      28
  810     75.55307710   -317.88668156  -1537.04417226      34       0      24
  811     66.73326902   -298.49656709  -1537.04417226      31       0      22
  812     39.03150754   -749.02828752  -1537.04417225      24       0      23
  813     63.61682152   -312.83867546  -1537.04417226      25       0      26
  814     69.90357876   -228.66256263  -1537.04417224      26       0      31
  815     74.73369037   -490.26222601  -1537.04417224      31       0      34
  816     98.85977782   -258.23140913  -1537.04417224      37       0      21
  817     75.77576922   -463.41196849  -1537.04417225      29       0      24
  818     21.79095091  -1373.49478404  -1537.04417226      26       0      35
  819     76.04404631   -302.35542610  -1537.04417225      37       0      36
  820     80.99460483   -323.90796636  -1537.04417225      38       0      27
  821     86.41931267   -409.98926128  -1537.04417226      38       0      29
  822     98.32956209   -202.24832025  -1537.04417226      37       0      29
  823    103.00626579   -294.89501361  -1537.04417226      33       0      43
  824     85.22986506   -336.48153454  -1537.04417226      41       0      30
  825     83.40362888   -362.20624308  -1537.04417225      43       0      31
  826     79.37847594   -291.27330184  -1537.04417226      41       0      31
  827     19.51105181  -1408.21521114  -1537.04417223      36       0      26
  828     63.14305760   -178.94599682  -1537.04417225      33       0      22
  829     48.26559093   -716.70226858  -1537.04417225      33       0      23
  830    105.33524157   -268.17187526  -1537.04417224      26       0      26
  831     93.10294907   -259.37209378  -1537.04417225      32       0      31
  832     99.51314506   -133.38857566  -1537.04417225      33       0      28
  833     91.77089480   -255.56119878  -1537.04417224      34       0      28
  834     50.37194282   -471.13576972  -1537.04417224      32       0      21
  835    108.56369730   -188.76388561  -1537.04417224      23       0      35
  836    104.00264251   -293.53392097  -1537.04417226      36       0      31
  837     98.83219451   -274.00540336  -1537.04417226      36       0      31
  838     82.28442680   -222.20513428  -1537.04417224      36       0      31
  839    104.62041327   -245.89151973  -1537.04417224      36       0      29
  840     93.43380302   -133.23835737  -1537.04417225      35       0      34
  841     93.12571409   -180.30533633  -1537.04417225      34       0      31
  842    104.16889577   -137.07975135  -1537.04417225      34       0      37
  843    103.84241410   -207.46711037  -1537.04417224      39       0      30
  844    133.66907527    -96.15359768  -1537.04417225      37       0      25
  845     91.85641070   -255.14158880  -1537.04417225      32       0      25
  846     78.04343380   -416.93965150  -1537.04417226      32       0      21
  847 1936026.90852009 43332704.61945780  -1537.04417225      24       0      28
  848     30.96721040  -1000.65231278  -1537.04417224      30       0      31
  849     19.08298557  -1399.83491605  -1537.04417225      37       0      29
  850     55.89622498   -360.70378889  -1537.04417225      35       0      28
  851 38353458.56663787 858466774.04985905  -1537.04417226      31       0      18
  852    104.26115981   -220.01410343  -1537.04417225      23       0      36
  853    121.72437144   -227.31450996  -1537.04417225      36       0      33
  854     82.39039653   -256.27282346  -1537.04417226      38       0      31
  855     66.77504727   -222.69481395  -1537.04417225      32       0      29
  856     96.45362375   -225.25294316  -1537.04417225      32       0      33
  857     76.87862869   -359.58479582  -1537.04417226      42       0      32
  858     43.35201142   -666.76543443  -1537.04417226      34       0      28
  859     95.91604975   -244.54269667  -1537.04417225      35       0      36
  860     75.44726770   -286.60737097  -1537.04417226      35       0      32
  861     48.02121821   -613.34702280  -1537.04417226      35       0      25
  862     69.07166213   -230.01081296  -1537.04417224      28       0      28
  863     29.56637008   -975.41489168  -1537.04417225      32       0      21
  864 29564616.11462393 661745460.12349892  -1537.04417226      25       0      23
  865     91.85636229   -222.93629125  -1537.04417225      22       0      32
  866    104.15425131   -145.85849627  -1537.04417225      31       0      34
  867     89.18120976   -345.50773541  -1537.04417226      38       0      24
  868    108.32273730   -204.96154602  -1537.04417226      31       0      22
  869     82.64979783   -180.21537520  -1537.04417226      23       0      31
  870     94.65053313   -147.97259114  -1537.04417226      38       0      35
  871     75.51522039   -236.01139893  -1537.04417226      38       0      32
  872     54.08134989   -388.41347548  -1537.04417224      40       0      26
  873     92.20317810   -309.09663220  -1537.04417226      32       0      36
  874     55.79450732   -380.90741236  -1537.04417224      40       0      31
  875    129.84464600   -219.35616281  -1537.04417226      38       0      32
  876     77.46707136   -539.59949780  -1537.04417221      43       0      32
  877     71.61028154   -408.97534273  -1537.04417226      44       0      33
  878     74.00666231   -311.16639385  -1537.04417226      35       0      23
  879     85.01441673   -124.50049994  -1537.04417225      27       0      31
  880     51.53430067   -447.11837270  -1537.04417225      34       0      22
  881     70.35982460   -272.47309648  -1537.04417226      27       0      24
  882     62.50683658   -193.19465638  -1537.04417225      26       0      29
  883     84.73103937   -265.07132456  -1537.04417226      33       0      32
  884     82.15532000   -302.41190997  -1537.04417226      37       0      25
  885     17.34485308  -1427.39688225  -1537.04417225      27       0      22
  886     83.25343770   -237.91287182  -1537.04417226      25       0      30
  887     76.18989807   -276.63435127  -1537.04417226      35       0      33
  888 708380.45951003 15854210.52205118  -1537.04417226      35       0      32
  889     96.51443277   -317.85979147  -1537.04417225      41       0      28
  890     99.43009741   -218.18851300  -1537.04417225      35       0      35
  891     96.91012590   -248.44986677  -1537.04417225      42       0      27
  892    133.76928442   -242.66905752  -1537.04417225      39       0      32
  893    651.31361422  12934.09275190  -1537.04417225      38       0      38
  894     83.00238771   -350.19512243  -1537.04417226      43       0      34
  895     53.67600822   -653.41685757  -1537.04417226      38       0      21
  896     80.83651224   -485.97357094  -1537.04417225      30       0      32
  897     20.54759632  -1370.71270310  -1537.04417225      32       0      26
  898     62.50161910   -455.42356359  -1537.04417225      29       0      19
  899     80.82409610   -237.51065791  -1537.04417224      22       0      29
  900 649570.85205041 14537870.54701668  -1537.04417225      32       0      34
  901     66.34424893   -345.60355550  -1537.04417226      40       0      25
  902     88.57671957   -328.77236436  -1537.04417225      33       0      21
  903    108.68256593   -155.16454645  -1537.04417225      23       0      31
  904     33.50671562   -887.33813979  -1537.04417225      31       0      25
  905     51.52106659   -501.96839863  -1537.04417226      28       0      34
  906     81.70671032   -359.64302573  -1537.04417226      34       0      31
  907     83.36574933   -408.36409645  -1537.04417226      36       0      30
  908     93.32736734   -231.59565633  -1537.04417226      41       0      35
  909     80.22006014   -172.88219015  -1537.04417226      36       0      28
  910    109.72356858   -100.20463746  -1537.04417226      32       0      39
  911     91.41667304   -371.24799225  -1537.04417226      42       0      33
  912     62.77359950   -201.83850221  -1537.04417226      39       0      28
  913     80.84690745   -250.74753973  -1537.04417226      43       0      29
  914     69.26022151   -293.04050087  -1537.04417226      40       0      27
  915     60.09225394   -232.91978929  -1537.04417226      31       0      17
  916     95.01968521   -391.97074031  -1537.04417224      24       0      29
  917     87.94348356   -344.64743805  -1537.04417225      32       0      30
  918     69.29366502   -203.91865809  -1537.04417226      33       0      30
  919     46.40563461   -715.67506902  -1537.04417225      37       0      23
  920     72.12151446   -339.26315408  -1537.04417226      26       0      29
  921     85.48628055   -168.77885121  -1537.04417225      30       0      26
  922    103.47233946   -116.36227091  -1537.04417226      32       0      31
  923     81.10802287   -240.63661377  -1537.04417226      32       0      29
  924     98.54783334   -336.16542558  -1537.04417225      32       0      35
  925     99.88495345   -237.85817012  -1537.04417225      37       0      33
  926     72.45213185   -236.73378794  -1537.04417225      43       0      29
  927     91.65009178   -379.96066940  -1537.04417225      35       0      33
  928    106.82974121   -204.44545202  -1537.04417226      39       0      29
  929     76.30201396   -292.00305864  -1537.04417225      38       0      32
  930    100.59542514   -291.76565471  -1537.04417226      33       0      33
  931     85.61975909   -408.04211492  -1537.04417225      37       0      26
  932     84.05867693   -212.09253137  -1537.04417225      31       0      21
  933     82.12406359   -265.08370808  -1537.04417226      26       0      27
  934     57.37611858   -315.33517950  -1537.04417226      31       0      28
  935     95.20332305   -497.87490823  -1537.04417225      31       0      31
  936    107.62678197   -250.19197985  -1537.04417226      34       0      26
  937     70.29039172   -220.25283508  -1537.04417226      34       0      27
  938     80.95160274   -438.39511511  -1537.04417225      31       0      28
  939    109.55357460   -244.25876934  -1537.04417225      33       0      30
  940    113.82857753   -323.09148454  -1537.04417226      36       0      29
  941     84.27130412   -200.22061434  -1537.04417225      35       0      30
  942     18.79540560  -1416.40799539  -1537.04417225      38       0      32
  943     99.56387176   -268.06259568  -1537.04417225      33       0      31
  944    137.35387287   -185.64531940  -1537.04417225      35       0      34
  945    115.06197736   -281.04176939  -1537.04417226      41       0      32
  946     79.49154769   -259.67018035  -1537.04417226      37       0      33
  947     88.73214733   -315.93586912  -1537.04417225      38       0      30
  948    110.15243179   -177.73141950  -1537.04417225      36       0      27
  949     85.75913266   -401.92646452  -1537.04417225      32       0      22
  950    119.24961100   -220.29824058  -1537.04417225      26       0      26
  951     55.36004860   -390.62507439  -1537.04417224      29       0      27
  952    108.34893203   -233.90327939  -1537.04417225      33       0      28
  953     68.91724840   -435.40423906  -1537.04417225      31       0      28
  954     63.81836578   -343.65148618  -1537.04417225      35       0      27
  955    115.32008002   -164.34765865  -1537.04417225      28       0      29
  956     64.18131799   -339.45070113  -1537.04417225      31       0      30
  957     65.74942925   -260.21182855  -1537.04417226      36       0      28
  958     89.02664699   -351.41386336  -1537.04417226      36       0      34
  959    116.35367970   -133.20562730  -1537.04417226      36       0      31
  960     84.18549001   -383.65945494  -1537.04417226      37       0      29
  961     77.65806528   -338.88583773  -1537.04417226      33       0      32
  962     85.45348518   -343.86159040  -1537.04417226      38       0      33
  963     53.05044509   -444.51429288  -1537.04417226      37       0      31
  964    123.78920493   -207.87416352  -1537.04417226      37       0      34
  965     91.57805598   -356.27306148  -1537.04417224      40       0      29
  966     76.75255088   -418.63266714  -1537.04417226      36       0      23
  967     60.70349067   -220.36449956  -1537.04417225      29       0      21
  968    105.38248694   -278.63081441  -1537.04417226      25       0      26
  969     74.28853575   -368.84958279  -1537.04417226      29       0      30
  970     79.26921174   -373.85991161  -1537.04417226      31       0      33
  971     24.54536901  -1219.65610103  -1537.04417226      36       0      22
  972     88.73174637   -321.65604770  -1537.04417226      34       0      30
  973    103.37995965   -214.08616061  -1537.04417226      31       0      28
  974     65.41662935   -141.72025798  -1537.04417226      34       0      30
  975     89.65057228   -381.99623679  -1537.04417224      35       0      31
  976     87.27130220   -364.44508072  -1537.04417225      36       0      34
  977     68.73464053   -188.91035373  -1537.04417226      45       0      28
  978     59.47562556   -549.65032328  -1537.04417225      36       0      31
  979     84.49068847   -170.48603898  -1537.04417226      34       0      32
  980   5896.88437169 130453.80688031  -1537.04417226      35       0      32
  981     77.34462946   -257.38510976  -1537.04417225      40       0      36
  982    111.66680849   -157.66557550  -1537.04417226      39       0      28
  983     84.40760181   -373.33711393  -1537.04417226      33       0      24
  984     69.60495080   -363.67698021  -1537.04417226      25       0      22
  985     50.10989063   -505.39161664  -1537.04417226      27       0      27
  986    103.95462923   -235.88655133  -1537.04417226      28       0      27
  987     88.35720507   -261.05688360  -1537.04417226      31       0      29
  988    129.56148325   -203.60408909  -1537.04417226      28       0      29
  989     82.82306718   -202.32311412  -1537.04417226      33       0      26
  990     89.23964555   -302.69145739  -1537.04417226      35       0      27
  991     73.05793197   -267.13199492  -1537.04417226      33       0      29
  992    138.24202200   -158.19045873  -1537.04417226      32       0      32
  993    119.80067598   -183.99179308  -1537.04417226      34       0      32
  994    110.71813119   -195.38768206  -1537.04417226      35       0      34
  995     98.51555014   -234.10198690  -1537.04417225      37       0      30
  996    118.38315207   -238.61875309  -1537.04417226      39       0      31
  997     82.14813285   -347.91682164  -1537.04417226      34       0      35
  998    102.08672271   -118.64525670  -1537.04417226      38       0      32
  999     77.59039395   -305.10035107  -1537.04417226      40       0      32
 1000     38.66400499   -761.78386535  -1537.04417226      31       0      24
----------------------------------------------------------------------------------
Artificial Bee Colony Optimization Finished!

 -- Results Report --
 * 100 LMs will be saved in [ co3_16_waters-LM ].
      #          Energy
      0  -1537.04417225
      1  -1535.90959845
      2  -1534.23782134
      3  -1533.84018728
      4  -1532.60454736
      5  -1531.33163147
      6  -1530.78739462
      7  -1530.20171604
      8  -1530.08425189
      9  -1529.78062628
     10  -1529.29568432
     11  -1529.04722104
     12  -1528.91125755
     13  -1528.44588858
     14  -1528.22342002
     15  -1527.86922362
     16  -1527.84941620
     17  -1527.78679274
     18  -1527.76425518
     19  -1527.53934880
     20  -1527.53366405
     21  -1527.34965969
     22  -1527.32903362
     23  -1526.82361167
     24  -1526.79369808
     25  -1526.67859727
     26  -1526.65984570
     27  -1526.59114905
     28  -1526.55167614
     29  -1526.41849074
     30  -1526.30562583
     31  -1526.21305076
     32  -1526.19011711
     33  -1526.04151005
     34  -1525.94191089
     35  -1525.60029412
     36  -1525.44903499
     37  -1525.40252035
     38  -1525.15183190
     39  -1525.10688046
     40  -1525.04569386
     41  -1524.98570777
     42  -1524.96354172
     43  -1524.90419402
     44  -1524.76130180
     45  -1524.63291498
     46  -1524.58803666
     47  -1524.53008432
     48  -1524.50782411
     49  -1524.24618462
     50  -1524.22517304
     51  -1524.16503035
     52  -1524.10727241
     53  -1524.08617310
     54  -1523.64029555
     55  -1523.51886775
     56  -1523.39310168
     57  -1523.35307045
     58  -1523.31803254
     59  -1523.24531141
     60  -1523.22152098
     61  -1523.21997241
     62  -1523.03198003
     63  -1522.87683859
     64  -1522.82755987
     65  -1522.82164650
     66  -1522.79863821
     67  -1522.79268118
     68  -1522.75793825
     69  -1522.75090832
     70  -1522.65213112
     71  -1522.47276996
     72  -1522.42391419
     73  -1522.23829563
     74  -1522.19411632
     75  -1522.11869701
     76  -1522.11410708
     77  -1522.08205972
     78  -1521.92960335
     79  -1521.89359282
     80  -1521.82165246
     81  -1521.57345394
     82  -1521.51820434
     83  -1521.51127495
     84  -1521.46608834
     85  -1521.37084133
     86  -1521.35393852
     87  -1521.35140217
     88  -1521.32436790
     89  -1521.31789337
     90  -1521.29631804
     91  -1521.22620203
     92  -1521.13544668
     93  -1521.11619693
     94  -1521.10128583
     95  -1521.09163633
     96  -1521.07148988
     97  -1521.05982030
     98  -1521.05532735
     99  -1520.99488592

 * Final Global Minimal Energy:  -1537.04417226
 * The Global Minimum is saved as: [ co3_16_waters-OPT.(cluster/xyz/gjf) ]

===== (^ _ ^) =====
Normal termination at Tue Nov 27 23:05:37 2018.
Total run time: 25217 seconds = 0 days 7 hours 0 minutes 17 seconds.
