
################################################################################

 PACKMOL - Packing optimization for the automated generation of
 starting configurations for molecular dynamics simulations.
 
                                                              Version 20.3.4 

################################################################################

  Packmol must be run with: packmol < inputfile.inp 

  Userguide at: http://m3g.iqm.unicamp.br/packmol 

  Reading input file... (Control-C aborts)
  Seed for random number generator:      1234567
  Output file: ./calcs/35h2o.106meoh.pm.xyz
  Reading coordinate file: ./calcs/h2o.xyz
  Reading coordinate file: ./calcs/meoh.xyz
  Number of independent structures:            2
  The structures are: 
  Structure            1 :(           3  atoms)
  Structure            2 :(           6  atoms)
  Maximum number of GENCAN loops for all molecule packing:          400
  Total number of restrictions:            2
  Distance tolerance:    2.0000000000000000     
  Number of molecules of type            1 :           35
  Number of molecules of type            2 :          106
  Total number of atoms:          741
  Total number of molecules:          141
  Number of fixed molecules:            0
  Number of free molecules:          141
  Number of variables:          846
  Total number of fixed atoms:            0
  Maximum internal distance of type            1 :    1.5229600000000001     
  Maximum internal distance of type            2 :    2.8177140235348586     
  All atoms must be within these coordinates: 
   x: [   -1000.0000000000000      ,    1000.0000000000000       ] 
   y: [   -1000.0000000000000      ,    1000.0000000000000       ] 
   z: [   -1000.0000000000000      ,    1000.0000000000000       ] 
  If the system is larger than this, increase the sidemax parameter. 

################################################################################

  Building initial approximation ... 

################################################################################

  Adjusting initial point to fit the constraints 

--------------------------------------------------------------------------------

--------------------------------------------------------------------------------

  Molecules of type:            1

  Packing:|0                                                             100%|
          |******************************************************************|
          |***********************************

  Restraint-only function value:    1.2134155434591037E-002
  Maximum violation of the restraints:    7.6994195496681260E-003

--------------------------------------------------------------------------------

  Molecules of type:            2

  Packing:|0                                                             100%|
          |******************************************************************|
          |********************************************************

  Restraint-only function value:    1.0325415639133517E-005
  Maximum violation of the restraints:    4.1314874225976525E-006

--------------------------------------------------------------------------------

  Rescaling maximum and minimum coordinates... 
  Computing size of patches... 
  Add fixed molecules to permanent arrays... 
  Reseting center of mass... 

--------------------------------------------------------------------------------

  Setting initial trial coordinates ... 

--------------------------------------------------------------------------------

--------------------------------------------------------------------------------

  Molecules of type:            1
  Adjusting random positions to fit the constraints. 
  Restraint-only function value:    4.6171503201414893E-003
  Maximum violation of the restraints:    4.6171503201414893E-003

--------------------------------------------------------------------------------

  Molecules of type:            2
  Adjusting random positions to fit the constraints. 
  Packing:|0                                                             100%|
          |*******
  Restraint-only function value:    0.0000000000000000     
  Maximum violation of the restraints:    0.0000000000000000     

################################################################################

  Objective function at initial point:    5405.0845398490646     

################################################################################

  Packing molecules of type:            1

################################################################################


--------------------------------------------------------------------------------

  Starting GENCAN loop:            0
  Scaling radii by:    1.1000000000000001     

  Packing:|0                                                             100%|
          |**************

  Function value from last GENCAN loop: f = .53223E-04
  Best function value before: f = .13501E+03
  Improvement from best function value:    99.99 %
  Improvement from last loop:    99.99 %
  Maximum violation of target distance:     0.000000
  Maximum violation of the constraints: .52130E-04
  Current structure written to file: ./calcs/35h2o.106meoh.pm.xyz
--------------------------------------------------------------------------------
  Packing solved for molecules of type           1
  Objective function value:    5.3223494240377271E-005
  Maximum violation of target distance:    0.0000000000000000     
  Max. constraint violation:    5.2129630686827553E-005
--------------------------------------------------------------------------------

################################################################################

  Packing molecules of type:            2

################################################################################


--------------------------------------------------------------------------------

  Starting GENCAN loop:            0
  Scaling radii by:    1.1000000000000001     

  Packing:|0                                                             100%|
          |******************************************************************|
          |*******

  Function value from last GENCAN loop: f = .54317E-02
  Best function value before: f = .39914E+04
  Improvement from best function value:    99.99 %
  Improvement from last loop:    99.99 %
  Maximum violation of target distance:     0.000000
  Maximum violation of the constraints: .32656E-02
  Current structure written to file: ./calcs/35h2o.106meoh.pm.xyz
--------------------------------------------------------------------------------
  Packing solved for molecules of type           2
  Objective function value:    5.4317311551657851E-003
  Maximum violation of target distance:    0.0000000000000000     
  Max. constraint violation:    3.2656021065183677E-003
--------------------------------------------------------------------------------

################################################################################

  Packing all molecules together 

################################################################################


--------------------------------------------------------------------------------

  Starting GENCAN loop:            0
  Scaling radii by:    1.1000000000000001     

  Packing:|0                                                             100%|
          |******************************************************************|
          |*******

  Function value from last GENCAN loop: f = .45883E-03
  Best function value before: f = .86066E+03
  Improvement from best function value:    99.99 %
  Improvement from last loop:    99.99 %
  Maximum violation of target distance:     0.000000
  Maximum violation of the constraints: .29731E-03

################################################################################

                                 Success! 
              Final objective function value: .45883E-03
              Maximum violation of target distance:   0.000000
              Maximum violation of the constraints: .29731E-03

--------------------------------------------------------------------------------

              Please cite this work if Packmol was useful: 

           L. Martinez, R. Andrade, E. G. Birgin, J. M. Martinez, 
         PACKMOL: A package for building initial configurations for
                   molecular dynamics simulations. 
          Journal of Computational Chemistry, 30:2157-2164,2009.

################################################################################

  Solution written to file: ./calcs/35h2o.106meoh.pm.xyz

--------------------------------------------------------------------------------

   Running time:    7.34720007E-02  seconds. 

--------------------------------------------------------------------------------


