    * * * * * * * * * * * * * * * * * * * * *
    *       __    ____    ______            *
    *      /  \  |  _ \  |  ___/  luster !  *
     *    / _  \ | |_| | | |               *
     *   / /_\ | |  _ <  | |     < @  @ >  * 
     *  / ___  | | |_| | | |___ _ _  o     * 
    *  /_/   |_| |____/  |_____ _ __ __  _  *
    *                                       *
    * * * * * * * * * * * * * * * * * * * * *

ABCluster 1.5.1
Specific flag:  official version
Platform:       LINUX/UNIX
Compiled by:    junzhang@gellmann.scs.illinois.edu
Compiling date: Dec 18 2017 20:33:35
C++ compiler:   g++
C++ options:    -O3 -Os -fno-exceptions --std=c++0x -fopenmp 

Contributors:
Jun Zhang(University of Cologne): Design and coding.

For any suggestions, comments, and questions on the theory and
implementation of ABCluster, please feel free to contact:

Dr. Jun Zhang, ZhangJunQcc@gmail.com

If you used this program in your work, please cite this reference:

[1] Zhang, J.; Dolg, M.; ABCluster: The Artificial Bee Colony Algorithm for
    Cluster Global Optimization. Phys. Chem. Chem. Phys. 2015, 17, 24173-24181.
[2] Zhang, J.; Dolg, M.; Global Optimization of Clusters of Rigid Molecules by the
    Artificial Bee Colony Algorithm. Phys. Chem. Chem. Phys. 2016, 18, 3003-3010.

Program starts at Fri Sep 14 15:42:44 2018.
Command line: " /ihome/jkeith/yab16/ABC/ABCluster-Linux/lib/rigidmol-optimizer ca_8_waters.inp "
Process ID:   33249
Run by:       yab16@smp-n47.crc.pitt.edu
Available CPU cores:    24
Read "OMP_NUM_THREADS": Unset

Random number testing (integers): 1779468099...976907784
Random number testing (fractals): 0.51557290...0.66844265

 -- Input/Output Parameters --
Input file name:      ca_8_waters.inp
Cluster file name:    input.cluster
Result file name:     ca_8_waters.(cluster/xyz/gjf)
Temporary file name:  abclusteryab16smp-n47.crc.pitt.edu33249-OPT
# of saved LMs:       100
LMs are stored in:    ca_8_waters-LM

 -- ABC Control Parameters --
Population size:                  500
Maximal generation:              1000
Scout limit:                       15
Amplitude:                10.00000000

 -- Cluster Components: from [ input.cluster ] --
 -----------------------------------------------------------
   Source                                       #   Charge
 -----------------------------------------------------------
   /ihome/jkeith/yab16/ABC/ABCluster-Linux-0/rigidmolecularcluster/charmm36/tip4p.xyz     8    0.000
   /ihome/jkeith/yab16/ABC/ABCluster-Linux-0/rigidmolecularcluster/charmm36/ca.xyz     1    2.000
 -----------------------------------------------------------
   Dimension: 0, an isolate cluster.
 -----------------------------------------------------------

Artificial Bee Colony Optimization Starts!
----------------------------------------------------------------------------------
 * Population: 500; Maximal cycles: 1000
 * EM = Employed Bee; Trigonometric mutation
 * OL = Onlooker Bee; ABC/best/2(0.5)+ABC/current/2(0.5);
        Tournament selection from 5 nectars.
 * SC = Scout Bee; Random nectar; Limit = 15
----------------------------------------------------------------------------------
    #       Diversity            maxE            minE    byEM    byOL    bySC
----------------------------------------------------------------------------------
    1     49.04678390   -442.21660630  -1359.10796864     284      13       0
    2      8.18726625  -1281.28692574  -1359.10796864     159       1       0
    3      4.67618609  -1307.12328415  -1359.10796864     116       0       0
    4      2.85788975  -1307.12328417  -1359.10796864      73       0       0
    5      1.48368181  -1350.35110716  -1359.10796864      31       0       0
    6      0.72572723  -1350.35110716  -1359.10796864      32       0       0
    7      0.24567666  -1358.05118973  -1359.10796864      24       0       0
    8      0.20470086  -1358.05118973  -1359.10796863      11       0       0
    9      0.18340097  -1358.05118973  -1359.10796863       5       0       0
   10      0.14283041  -1358.05118973  -1359.10796863       8       0       0
   11      0.12683650  -1358.05118973  -1359.10796863       2       0       0
   12      0.09004812  -1358.05118973  -1359.10796864       4       0       0
   13      0.04721331  -1358.05118973  -1359.10796864       3       0       0
   14      0.00000000  -1359.10796864  -1359.10796864       1       0       0
   15      0.00000000  -1359.10796864  -1359.10796864       0       0       0
   16      0.00000000  -1359.10796864  -1359.10796864       0       0       0
   17     74.98989761   -579.10187710  -1359.10796864       0       0      69
   18   3258.68432454  71550.06632031  -1359.10796864      45       0     198
   19    161.27918588   -127.36955565  -1359.10796864     131       0     149
   20     87.26061743   -424.51982048  -1359.10796864     170       3      65
   21     54.07500012   -441.93149374  -1359.10796864     136       1      19
   22      4.28670478  -1295.72178366  -1359.10796864      74       0       0
   23      1.39301745  -1350.35110716  -1359.10796864      73       0       0
   24      0.89493285  -1350.52361347  -1359.10796864      33       0       0
   25      0.70647712  -1350.52361347  -1359.10796864      15       0       0
   26      0.58091527  -1350.52361347  -1359.10796864      14       0       0
   27      0.41802912  -1350.52361347  -1359.10796864      14       0       0
   28      0.13477969  -1358.05118973  -1359.10796864       7       0       0
   29      0.11143541  -1358.05118973  -1359.10796864       3       0       0
   30      0.08123723  -1358.05118973  -1359.10796864       3       0       0
   31      0.06076006  -1358.05118973  -1359.10796864       2       0       0
   32      0.04721331  -1358.05118973  -1359.10796864       1       0       0
   33     13.09189599  -1115.25933092  -1359.10796864       0       0      12
   34    102.98829517   -229.36121793  -1359.10796864       9       0      58
   35    139.32986958   -204.16998677  -1359.10796864      36       0     119
   36    162.81176857   -179.87819520  -1359.10796864     104       1     145
   37    125.29242955   -271.54924758  -1359.10796864     136       0      91
   38     61.13187481   -718.47155276  -1359.10796864     111       0      59
   39      7.34174115  -1282.10765483  -1359.10796864     104       1      10
   40     12.61520869  -1097.10787563  -1359.10796864      59       0       5
   41      1.17108983  -1350.35110716  -1359.10796864      45       0       1
   42      0.95809005  -1350.52361347  -1359.10796864      28       0       0
   43      0.57705307  -1350.52361347  -1359.10796864      13       0       0
   44      0.16757012  -1358.05118973  -1359.10796864      12       0       0
   45      0.13751679  -1358.05118973  -1359.10796864       5       0       0
   46      0.11475136  -1358.05118973  -1359.10796864       3       0       0
   47      0.08575683  -1358.05118973  -1359.10796864       3       0       0
   48      0.07175362  -1358.05118973  -1359.10796864       1       0       0
   49      0.09772897  -1358.05118973  -1359.10796864       0       0       2
   50     46.25574226   -326.79252941  -1359.10796864       2       0      10
   51    114.61400758   -113.89341143  -1359.10796864       3       0      45
   52    160.99340215     92.28966824  -1359.10796864      33       0     102
   53    141.82351812   -238.41830197  -1359.10796864      81       0     125
   54    137.20961924   -199.55624222  -1359.10796864     118       0     106
   55     84.26580730   -279.83902022  -1359.10796864     120       1      66
   56     85.95006163   -275.41113997  -1359.10796864     131       0      23
   57     12.94212354  -1154.74389146  -1359.10796864      87       0      17
   58      4.47715612  -1281.83643400  -1359.10796864      58       0       3
   59      1.43877406  -1350.35110716  -1359.10796864      42       0       1
   60      1.22860370  -1350.35110716  -1359.10796864      26       0       0
   61      0.79618815  -1350.52361347  -1359.10796864      18       0       0
   62      0.69434097  -1350.52361347  -1359.10796864       8       0       0
   63      0.56820414  -1350.52361347  -1359.10796864      12       0       0
   64      0.14734541  -1358.05118973  -1359.10796864       8       0       0
   65      0.11475136  -1358.05118973  -1359.10796864       5       0       0
   66     18.49040555   -945.37857591  -1359.10796864       1       0       6
   67     56.14950413   -486.90019624  -1359.10796864       4       0      11
   68     88.62595941   -126.87508462  -1359.10796864      11       0      35
   69    101.22404694   -258.35856788  -1359.10796864      23       0      62
   70    125.22288903    -85.26301809  -1359.10796864      52       0     102
   71    127.63139116   -192.49802940  -1359.10796864      94       0     101
   72    130.35193440   -106.09377783  -1359.10796864     117       0      97
   73     78.01775028   -160.11479200  -1359.10796864     122       1      50
   74     11.46902148  -1281.28692574  -1359.10796864      99       0      21
   75     28.09307542   -742.86994635  -1359.10796864      91       0       9
   76     40.10672490   -466.11626758  -1359.10796864      54       0       4
   77     11.36691100  -1105.90406298  -1359.10796864      35       0       2
   78      1.03335252  -1350.35110716  -1359.10796864      26       0       0
   79      0.69517515  -1350.35110716  -1359.10796864      14       0       0
   80      0.41574543  -1350.52361347  -1359.10796864      12       0       0
   81      0.40660451  -1350.52361347  -1359.10796864       4       0       0
   82      0.55718837  -1350.35110716  -1359.10796864       4       0       1
   83     52.26699999   -189.26786551  -1359.10796864       4       0       4
   84     58.60205394   -245.19647539  -1359.10796864       4       0      16
   85     40.57050999   -467.61129665  -1359.10796864      11       0      26
   86    101.69365292   -241.54004763  -1359.10796864      17       0      44
   87    118.64308295   -288.60963207  -1359.10796864      46       0      67
   88    117.58501907   -280.60804721  -1359.10796864      61       0      99
   89     78.59946085   -496.75500749  -1359.10796864      97       0     104
   90     74.12593189   -456.65594843  -1359.10796864     110       0      66
   91     97.87293784   -242.51405783  -1359.10796864      91       0      38
   92     60.41099000   -226.22316243  -1359.10796864      85       0      23
   93     28.92980018   -721.24225956  -1359.10796864      52       0       7
   94     13.84634897  -1063.23640668  -1359.10796864      35       0       3
   95      2.91339498  -1299.12408148  -1359.10796864      32       0       2
   96      0.78768922  -1350.52361347  -1359.10796864      18       0       0
   97      0.56236876  -1350.52361347  -1359.10796864      13       0       0
   98      0.55781185  -1350.52361347  -1359.10796864       4       0       0
   99      3.45783885  -1301.70048247  -1359.10796864       5       0       2
  100      5.41653556  -1281.28692574  -1359.10796864       4       0       5
  101     48.25497843   -290.16052783  -1359.10796864       4       0      13
  102     73.55341571   -347.30126601  -1359.10796864      11       0      22
  103     91.28188251   -315.93475088  -1359.10796864      21       0      31
  104    112.06669341   -184.56510869  -1359.10796864      33       0      70
  105    109.55700033   -274.86941164  -1359.10796864      54       0      83
  106    108.04837852   -424.95598601  -1359.10796864      83       0      93
  107    127.20547385   -231.16817016  -1359.10796864     114       0      76
  108     89.69582508   -338.98934629  -1359.10796864     102       1      51
  109     68.17055011   -513.08525483  -1359.10796864      87       0      27
  110     76.21805286   -395.27694952  -1359.10796862      77       0      14
  111     41.28795306   -436.63166937  -1359.10796864      46       0       7
  112      4.07886739  -1307.12328417  -1359.10796864      31       0       5
  113      0.80684013  -1350.35110716  -1359.10796864      30       0       1
  114      0.68874572  -1350.52361347  -1359.10796864      18       0       0
  115      0.16113862  -1358.05118973  -1359.10796864      12       0       0
  116     47.25834815   -301.32148584  -1359.10796863       3       0       3
  117      0.68570003  -1350.35110716  -1359.10796863       4       0       4
  118     45.62020535   -502.14233195  -1359.10796864       2       0       8
  119     36.02122621   -633.48650904  -1359.10796864      13       0      20
  120     95.35324263   -351.37992019  -1359.10796864      22       0      32
  121     71.73633509   -585.08652779  -1359.10796864      35       0      48
  122     73.77275949   -435.48096079  -1359.10796864      41       0      78
  123    113.87780646   -235.87534092  -1359.10796864      59       0      83
  124     86.42308605   -328.80871352  -1359.10796864      81       0      78
  125     98.55106345   -307.74697860  -1359.10796864      97       0      59
  126     91.22786470   -279.14104583  -1359.10796864      91       0      44
  127     31.19557771   -858.00951871  -1359.10796864      88       0      18
  128      8.05052817  -1271.83677565  -1359.10796864      56       0      12
  129     29.93651793   -792.64823997  -1359.10796864      41       0      11
  130      2.35520649  -1310.18448775  -1359.10796864      34       0       1
  131      0.80078016  -1350.35110716  -1359.10796864      15       0       0
  132      0.68692959  -1350.35110716  -1359.10796864      11       0       1
  133      2.38749836  -1307.12328417  -1359.10796864       6       0       3
  134      2.22199066  -1310.18448775  -1359.10796864       9       0       4
  135      8.06450883  -1193.47608808  -1359.10796864       6       0       6
  136     43.59096730   -386.80046690  -1359.10796864       6       0      11
  137     96.18524593   -314.00415639  -1359.10796864      10       0      35
  138     73.15227331   -244.04190771  -1359.10796864      31       0      51
  139    100.49883193   -166.13505831  -1359.10796864      41       0      62
  140     91.67944471   -191.42806945  -1359.10796864      52       0      71
  141     98.08468112   -445.25058588  -1359.10796864      81       0      73
  142    100.69186072   -182.43795515  -1359.10796864      91       0      63
  143     87.54974713   -236.24467869  -1359.10796864      83       0      57
  144     83.04234483   -323.21827412  -1359.10796863      88       0      27
  145     61.83416025   -463.85880192  -1359.10796864      59       0      18
  146     21.30660201   -901.75907579  -1359.10796864      65       0      12
  147      3.42102848  -1307.12328416  -1359.10796864      29       0       3
  148      2.56487173  -1307.12328416  -1359.10796864      18       0       3
  149      2.41990168  -1307.12328417  -1359.10796864      15       0       1
  150     28.03376961   -734.89164266  -1359.10796864       9       0       2
  151      4.70764599  -1271.83677565  -1359.10796864      12       0       6
  152     40.67697261   -538.99023902  -1359.10796864      10       0       3
  153     24.76611906   -831.69636167  -1359.10796864       6       0      14
  154     28.28589797   -891.64459957  -1359.10796864      14       0      24
  155     93.03475490   -241.05712588  -1359.10796864      22       0      44
  156     91.21071517   -467.21117282  -1359.10796864      40       0      60
  157     80.92296325   -514.64537972  -1359.10796864      66       0      63
  158    103.75853555   -414.58951122  -1359.10796864      75       0      70
  159    107.47033530   -182.85381959  -1359.10796864      86       0      59
  160     79.44744546   -209.48268157  -1359.10796864      83       0      65
  161     93.96225506    -97.13767341  -1359.10796864      86       0      33
  162     34.40283970   -645.63965778  -1359.10796864      76       0      28
  163     39.82851163   -544.09982249  -1359.10796864      60       0      14
  164     28.31388859   -756.67794228  -1359.10796864      53       0       9
  165     18.76085137   -947.21071618  -1359.10796864      29       0       4
  166      2.43926247  -1310.18448775  -1359.10796864      27       0       2
  167      3.36858862  -1307.12328417  -1359.10796864      13       0       2
  168      2.28768619  -1310.18448775  -1359.10796864      11       0       4
  169      2.22243968  -1310.18448775  -1359.10796864       7       0       4
  170     50.05041045   -426.64819773  -1359.10796864       7       0       9
  171     88.79939370   -271.74253900  -1359.10796864      12       0      19
  172     78.19027112   -401.66726507  -1359.10796864      19       0      39
  173    105.40364060   -308.56445334  -1359.10796864      35       0      45
  174     94.99248965   -240.45878983  -1359.10796864      44       0      56
  175    123.77959576   -442.60682927  -1359.10796863      66       0      71
  176    108.93359724   -263.54425172  -1359.10796864      86       0      72
  177    115.33396535   -215.44409047  -1359.10796864      80       0      61
  178     70.45496280   -463.21744042  -1359.10796864      90       0      33
  179     74.92029555   -420.98680373  -1359.10796864      83       0      40
  180     59.31523863   -430.69062773  -1359.10796864      57       0      20
  181     36.09391637   -620.99677859  -1359.10796864      43       0      15
  182     14.46237454  -1040.53601472  -1359.10796864      40       0       5
  183      3.60374860  -1295.57559587  -1359.10796864      29       0       3
  184     11.43480583  -1103.41268130  -1359.10796864      18       0       4
  185     30.17344793   -688.37918855  -1359.10796864      13       0       6
  186      0.78490222  -1350.52361347  -1359.10796864      13       0       2
  187     46.42732772   -484.43855008  -1359.10796864       4       0       8
  188     45.93701207   -415.92111835  -1359.10796864      15       0      10
  189     80.62201155   -237.49020791  -1359.10796864       9       0      34
  190     97.53109445   -300.46523316  -1359.10796864      33       0      40
  191     84.26453516   -185.66870022  -1359.10796864      40       0      49
  192    107.26118972   -254.33329282  -1359.10796864      50       0      69
  193    120.03927223   -165.32028895  -1359.10796864      70       0      65
  194     85.47652047   -224.51504986  -1359.10796864      81       0      62
  195     92.27726098   -198.62258345  -1359.10796864      87       0      47
  196     73.82066509   -430.29265826  -1359.10796864      68       0      39
  197     79.89339853   -244.97671219  -1359.10796864      71       0      33
  198     31.35369268   -667.06281943  -1359.10796864      63       0      14
  199      5.62965171  -1281.45014431  -1359.10796864      36       0      12
  200     10.97140687  -1133.11407763  -1359.10796864      38       0       6
  201     23.01859271   -844.11489766  -1359.10796864      22       0       1
  202      0.58651397  -1350.52361347  -1359.10796864      16       0       2
  203     18.96377480   -934.89724945  -1359.10796864      10       0       7
  204     38.19938769   -725.81541925  -1359.10796864      11       0      10
  205     89.82261332   -341.34729666  -1359.10796864      14       0      14
  206     10.07954916  -1226.72328522  -1359.10796864      19       0      18
  207     62.82915464   -177.52042789  -1359.10796864      23       0      27
  208    132.03938991   -197.82707159  -1359.10796864      31       0      61
  209     66.16302599   -671.26784154  -1359.10796864      49       0      58
  210     90.36551375   -217.97948215  -1359.10796864      69       0      59
  211    103.63074974   -158.85447198  -1359.10796864      69       0      58
  212     97.27142669   -254.76240216  -1359.10796864      79       0      56
  213     66.64880258   -507.00567973  -1359.10796864      83       0      48
  214     26.07340502   -875.27909741  -1359.10796864      75       0      35
  215     47.70283720   -684.30422750  -1359.10796864      60       0      19
  216     58.62127032   -460.01015655  -1359.10796864      45       0      11
  217     31.22671755   -672.16751925  -1359.10796864      32       0      11
  218     37.06560869   -535.36977418  -1359.10796864      27       0       4
  219      4.14325834  -1282.10765483  -1359.10796864      16       0       4
  220      4.00665998  -1286.92197296  -1359.10796864      10       0       6
  221     44.73985771   -695.34812622  -1359.10796864      12       0       9
  222     18.00474114   -983.01127314  -1359.10796864      10       0       7
  223     57.59784591   -229.31906827  -1359.10796864      11       0      26
  224     57.09591846   -342.68394485  -1359.10796864      21       0      24
  225     89.15729642   -365.54334868  -1359.10796864      23       0      43
  226     54.03623268   -734.85553579  -1359.10796864      39       0      58
  227     46.79182326   -471.31048523  -1359.10796864      60       0      50
  228     93.69682657   -390.18715831  -1359.10796864      63       0      60
  229    106.04047740   -246.13836862  -1359.10796864      75       0      55
  230    107.96583419   -298.88027796  -1359.10796864      72       0      63
  231     39.37493357   -714.69133485  -1359.10796864      75       0      33
  232     55.64150240   -589.26785832  -1359.10796864      70       0      27
  233      7.29080468  -1279.84192906  -1359.10796864      50       0      15
  234     56.00490054   -453.63854267  -1359.10796864      35       0      10
  235      5.15002832  -1295.72178367  -1359.10796864      27       0       7
  236     49.09065761   -578.04597563  -1359.10796864      21       0       9
  237     52.39444912   -193.02207860  -1359.10796864      18       0       3
  238     44.39214651   -559.93115893  -1359.10796864      14       0       6
  239     35.71827127   -559.84619517  -1359.10796864      10       0      10
  240     65.75231212   -479.62502664  -1359.10796864      15       0      22
  241     20.14477494   -963.20981443  -1359.10796864      28       0      22
  242     74.02361729   -175.51835589  -1359.10796864      26       0      38
  243     68.04016504   -170.36705633  -1359.10796864      46       0      52
  244     87.67744659   -242.75568247  -1359.10796864      55       0      43
  245    101.91072047   -298.99805916  -1359.10796864      52       0      60
  246     89.26658497   -334.05508525  -1359.10796864      65       0      59
  247    102.84060588   -242.30605166  -1359.10796864      63       0      48
  248     92.92048573   -257.01096766  -1359.10796864      68       0      53
  249     62.65070364   -371.55535086  -1359.10796864      78       0      30
  250     35.66904376   -731.94309087  -1359.10796864      62       0      24
  251      8.78678541  -1180.87872671  -1359.10796864      52       0      10
  252     42.88001309   -413.88878953  -1359.10796864      35       0       7
  253     38.91495387   -567.84006653  -1359.10796864      29       0       8
  254     44.76531619   -360.22123763  -1359.10796864      25       0       6
  255     35.54529307   -565.98432789  -1359.10796864      17       0       5
  256     29.57141310   -731.99386886  -1359.10796864       9       0      11
  257     15.81060887  -1044.14064144  -1359.10796864      16       0      15
  258     12.48055798  -1192.32087552  -1359.10796864      14       0      20
  259     54.70992091   -403.08668102  -1359.10796864      26       0      39
  260     80.78400288   -203.01668803  -1359.10796864      46       0      39
  261     76.24880530   -226.54452842  -1359.10796864      36       0      46
  262     78.51526892   -440.54780084  -1359.10796864      49       0      51
  263    111.93365663   -279.74943919  -1359.10796864      53       0      63
  264    110.14010355   -276.91035717  -1359.10796864      74       0      50
  265     84.12168222   -492.96611593  -1359.10796864      58       0      55
  266     80.95963093   -274.96158665  -1359.10796864      75       0      37
  267     84.61025806   -130.19598476  -1359.10796864      61       0      25
  268     61.87425682   -310.80245829  -1359.10796864      50       0      19
  269      4.81497187  -1295.35066365  -1359.10796864      34       0       4
  270     39.45291086   -524.22090530  -1359.10796864      29       0       9
  271     84.50697456   -201.83172592  -1359.10796864      27       0      11
  272      4.53968048  -1282.10765483  -1359.10796864      15       0       4
  273      2.28883143  -1310.18448775  -1359.10796864      15       0       6
  274     55.94370098   -432.17810022  -1359.10796864       9       0      17
  275     46.15124055   -531.76129289  -1359.10796864      12       0      20
  276     35.64147846   -768.91569259  -1359.10796864      23       0      37
  277     70.85261684   -232.64366970  -1359.10796864      31       0      40
  278     71.13330500   -489.70480485  -1359.10796864      46       0      45
  279     67.15619221   -430.32658229  -1359.10796864      50       0      36
  280     40.11061713   -757.47265879  -1359.10796864      47       0      58
  281    110.57468469   -298.47478995  -1359.10796864      59       0      59
  282    101.75497406   -290.09511935  -1359.10796864      73       0      48
  283     97.05804773   -188.53897127  -1359.10796864      72       0      44
  284     53.86583825   -500.77923561  -1359.10796864      65       0      35
  285     62.72433727   -253.95355758  -1359.10796864      55       0      17
  286     48.38237593   -531.87510767  -1359.10796864      53       0      11
  287      6.02241726  -1281.28692574  -1359.10796864      37       0       8
  288     50.92404131   -411.83293414  -1359.10796864      34       0       8
  289     38.73450466   -535.31810301  -1359.10796864      19       0      13
  290     48.21406327   -285.39566861  -1359.10796864      25       0       7
  291     33.94679385   -599.55571407  -1359.10796864      19       0      11
  292     65.17144017   -349.20150114  -1359.10796864      16       0      17
  293     63.02782790   -456.55872097  -1359.10796864      21       0      27
  294     95.63902855   -282.13396423  -1359.10796863      29       0      49
  295     69.07497676   -294.94725328  -1359.10796864      48       0      36
  296     78.35161913   -233.66333326  -1359.10796864      52       0      41
  297     49.76941243   -406.71241045  -1359.10796864      56       0      45
  298     73.28437791   -252.74588783  -1359.10796864      60       0      59
  299     84.16759537   -386.98654038  -1359.10796864      68       0      51
  300     30.84470018   -719.84502217  -1359.10796864      65       0      30
  301     83.64078101   -176.36908605  -1359.10796863      59       0      46
  302     70.10581076   -481.96706713  -1359.10796864      54       0      30
  303      8.63969302  -1279.84192906  -1359.10796864      46       0      12
  304     63.78431288   -162.91687966  -1359.10796864      40       0      15
  305      4.51014381  -1295.72178366  -1359.10796864      37       0       7
  306     33.67053810   -607.38476294  -1359.10796864      21       0       7
  307     39.04390027   -735.56339900  -1359.10796864      10       0      12
  308     71.69672677   -409.43607189  -1359.10796864      22       0      12
  309     69.00701604   -246.53473472  -1359.10796864      20       0      17
  310     38.45667972   -658.31311417  -1359.10796864      20       0      25
  311    106.63409253   -187.05023735  -1359.10796864      27       0      30
  312     50.36821541   -603.15488905  -1359.10796864      34       0      37
  313     79.19166779   -377.98951941  -1359.10796864      45       0      45
  314     76.67848046   -314.36414908  -1359.10796864      56       0      56
  315     82.68614401   -175.92283069  -1359.10796864      58       0      42
  316    107.21957119   -197.03601391  -1359.10796864      58       0      55
  317     85.53013284   -176.56609310  -1359.10796864      66       0      34
  318     93.96387471   -299.02581058  -1359.10796864      64       0      47
  319     41.51996695   -476.16380456  -1359.10796864      55       0      32
  320     42.47139359   -551.80602889  -1359.10796864      54       0      21
  321     50.68458158   -434.51707127  -1359.10796864      42       0      11
  322     62.38498212   -610.87984960  -1359.10796864      25       0      16
  323     44.97303070   -523.46641010  -1359.10796864      28       0       5
  324      5.33485520  -1282.10765483  -1359.10796864      20       0       9
  325     38.02507718   -683.69024025  -1359.10796864      17       0      15
  326     39.01649760   -500.33342272  -1359.10796864      17       0      14
  327     80.40732859   -106.34461322  -1359.10796864      20       0      23
  328     53.19964050   -266.74288794  -1359.10796864      27       0      25
  329     76.56615905   -286.21759640  -1359.10796864      29       0      38
  330     93.78618903   -185.21764436  -1359.10796864      47       0      46
  331     70.71323366   -175.58442032  -1359.10796864      44       0      45
  332     95.66742723   -195.55715822  -1359.10796864      57       0      54
  333     70.47187683   -248.72105936  -1359.10796864      67       0      43
  334     85.61275777   -204.26207459  -1359.10796864      57       0      42
  335     88.78688129    -77.29242966  -1359.10796864      66       0      41
  336     57.45601639   -285.16067566  -1359.10796864      59       0      37
  337     74.89654944   -309.00249016  -1359.10796864      51       0      24
  338     90.68610462   -342.11973243  -1359.10796864      45       0      19
  339     60.32472592   -304.73883244  -1359.10796864      37       0      12
  340     24.42204285   -825.99698100  -1359.10796864      33       0       9
  341     50.70996884   -233.80378712  -1359.10796864      25       0       9
  342     51.75096450   -267.10009883  -1359.10796864      21       0      13
  343     58.25423118   -286.57404813  -1359.10796864      22       0      16
  344     32.13421337   -676.04068913  -1359.10796864      20       0      15
  345     56.83206816   -320.38612792  -1359.10796864      16       0      20
  346     72.40689959   -185.98416234  -1359.10796864      26       0      39
  347    106.14293794   -143.36647521  -1359.10796864      41       0      49
  348     94.95014420   -181.96214776  -1359.10796864      50       0      42
  349     85.56483041   -373.84623142  -1359.10796864      60       0      61
  350     30.64223391   -702.23751673  -1359.10796864      57       0      34
  351     83.33998938   -167.09764058  -1359.10796864      47       0      36
  352     72.21874427   -394.81503898  -1359.10796864      54       0      47
  353     79.51953651   -301.27863631  -1359.10796864      68       0      34
  354     75.32062361   -413.18323782  -1359.10796864      58       0      38
  355     18.13708198   -998.41271551  -1359.10796864      68       0      13
  356     51.13580514   -423.04816674  -1359.10796864      40       0      13
  357     40.95786360   -531.81274736  -1359.10796864      33       0      18
  358     22.27977807   -874.62501772  -1359.10796864      30       0      10
  359     31.14855384   -752.98021735  -1359.10796864      14       0       8
  360     43.23944442   -398.59076779  -1359.10796864      22       0      15
  361     73.25534341   -452.75469917  -1359.10796864      18       0      17
  362     55.05434244   -341.23207033  -1359.10796864      22       0      20
  363     71.41140391   -250.53881261  -1359.10796864      16       0      36
  364     73.37402110   -198.68170166  -1359.10796864      38       0      38
  365     80.94218758   -413.01677103  -1359.10796864      47       0      47
  366    103.34491035   -303.20570677  -1359.10796864      53       0      53
  367     60.09378371   -489.20843989  -1359.10796864      60       0      37
  368     71.91734198   -205.33185692  -1359.10796864      61       0      41
  369     88.22194104   -496.53631728  -1359.10796864      61       0      38
  370    117.73324583   -273.52401321  -1359.10796864      53       0      40
  371     71.48353164   -317.20784522  -1359.10796864      63       0      33
  372     54.34213039   -513.98135625  -1359.10796864      57       0      25
  373     45.33505271   -423.53584704  -1359.10796864      50       0      19
  374     38.15846223   -527.03219376  -1359.10796864      43       0      15
  375     43.34173565   -635.12562923  -1359.10796864      32       0      15
  376     57.39073533   -240.30095472  -1359.10796864      28       0      12
  377     32.97393356   -632.46003307  -1359.10796864      26       0      11
  378     71.42598572   -295.54218557  -1359.10796864      23       0      18
  379     79.69573838   -411.28111619  -1359.10796864      23       0      20
  380     69.91718971   -385.24644001  -1359.10796864      29       0      26
  381    105.21999049   -216.16262685  -1359.10796864      30       0      36
  382     84.04149100   -345.40998566  -1359.10796864      41       0      47
  383     44.28232603   -546.99405743  -1359.10796864      55       0      39
  384     95.46980311   -189.08392052  -1359.10796864      56       0      43
  385     81.46370125   -289.81808357  -1359.10796864      53       0      48
  386     77.07537641   -287.39151772  -1359.10796864      56       0      29
  387    126.04709899   -146.08147650  -1359.10796864      47       0      35
  388     65.40499300   -233.20016578  -1359.10796864      55       0      42
  389     68.86446379   -324.54712451  -1359.10796864      64       0      31
  390     54.17826325   -260.27159269  -1359.10796864      51       0      19
  391     52.02871943   -548.20199442  -1359.10796864      43       0      18
  392     78.69719547   -280.83042439  -1359.10796864      38       0      16
  393     76.97871465   -201.70428732  -1359.10796864      27       0      16
  394     41.96376480   -587.92173458  -1359.10796864      22       0      14
  395     40.91722177   -558.00763513  -1359.10796864      26       0      15
  396     59.67193208   -365.52232554  -1359.10796864      23       0      20
  397     77.06188577   -252.77833462  -1359.10796864      28       0      24
  398     86.42819145   -306.97433992  -1359.10796864      32       0      24
  399     95.21269898   -284.95580252  -1359.10796864      25       0      41
  400    115.93983659   -249.47092967  -1359.10796864      40       0      58
  401     72.87622520   -285.39287103  -1359.10796864      66       0      34
  402     76.18368648   -319.70889503  -1359.10796864      47       0      43
  403     69.05511893   -273.99916221  -1359.10796864      45       0      35
  404     76.24460012   -246.55685813  -1359.10796864      59       0      27
  405     95.71771228   -224.89780368  -1359.10796864      45       0      41
  406     61.84356452   -296.57621183  -1359.10796864      43       0      40
  407     58.58356082   -640.03976216  -1359.10796864      60       0      25
  408     55.88510511   -364.42473565  -1359.10796864      55       0      20
  409     91.19283337   -102.66960194  -1359.10796864      44       0      19
  410     38.64553967   -693.88984511  -1359.10796864      31       0      14
  411     59.22266294   -771.64420347  -1359.10796864      29       0      13
  412     54.49230657   -444.65792592  -1359.10796864      30       0      12
  413     65.14269948   -194.16163842  -1359.10796864      21       0      25
  414     56.02367951   -262.89758472  -1359.10796864      29       0      26
  415     65.24327565   -338.89744453  -1359.10796864      36       0      21
  416    101.29877976   -332.01826005  -1359.10796864      26       0      31
  417     64.84381591   -384.30920810  -1359.10796864      34       0      45
  418     92.54610524   -295.22149096  -1359.10796864      49       0      57
  419     62.20717294   -596.99273804  -1359.10796864      60       0      37
  420     94.35259417   -345.41809612  -1359.10796864      56       0      35
  421     50.29902365   -554.90892498  -1359.10796864      53       0      29
  422     79.81098653   -353.14525478  -1359.10796864      44       0      34
  423     53.45222944   -557.25594670  -1359.10796864      41       0      31
  424     94.84347953   -105.77406011  -1359.10796864      54       0      37
  425     88.71627517   -416.52402631  -1359.10796864      58       0      25
  426     71.40721232   -405.04182183  -1359.10796864      43       0      18
  427     31.54922460   -785.20339164  -1359.10796864      38       0      16
  428     35.50524638   -806.05065857  -1359.10796864      27       0      12
  429     55.20298301   -511.22932851  -1359.10796864      25       0      18
  430     25.17941181   -927.98440405  -1359.10796864      24       0      20
  431     51.96443970   -587.20526866  -1359.10796864      25       0      21
  432     50.08520249   -607.77089872  -1359.10796864      28       0      31
  433     66.23372073   -472.97845896  -1359.10796864      27       0      30
  434     78.72258704   -380.52178882  -1359.10796864      42       0      39
  435     74.61780035   -280.63600521  -1359.10796864      39       0      41
  436     83.59508717   -278.57544467  -1359.10796864      46       0      42
  437     91.77884149   -308.68951220  -1359.10796864      44       0      34
  438     87.31381625   -250.54519059  -1359.10796864      47       0      41
  439     60.61174004   -529.78546390  -1359.10796864      61       0      31
  440     61.79969335   -318.73404704  -1359.10796864      38       0      32
  441     73.67134702   -291.51189079  -1359.10796864      48       0      32
  442     88.32518564   -198.97606814  -1359.10796864      46       0      23
  443     62.19095466   -535.94356675  -1359.10796864      41       0      23
  444     26.16173121   -916.89728736  -1359.10796864      38       0      21
  445      7.75600180  -1282.10765483  -1359.10796864      34       0      18
  446     40.99259057   -602.15081484  -1359.10796864      38       0      19
  447     60.62837770   -298.12970533  -1359.10796864      25       0      14
  448     58.74239969   -444.64203880  -1359.10796864      24       0      23
  449     86.80105885   -371.11026916  -1359.10796864      31       0      32
  450     72.92381501   -312.88058734  -1359.10796864      38       0      28
  451     71.52992191   -306.66270416  -1359.10796864      32       0      34
  452     45.85401118   -363.07524504  -1359.10796864      35       0      44
  453     81.37759775   -441.25818164  -1359.10796864      50       0      35
  454     66.43601520   -612.24550699  -1359.10796864      48       0      35
  455    106.85539171   -413.42582586  -1359.10796863      52       0      43
  456     86.95095952   -323.65889924  -1359.10796864      59       0      35
  457     10.76664860  -1271.38568844  -1359.10796864      58       0      31
  458     97.86449733   -121.12810563  -1359.10796864      50       0      29
  459     34.19759381   -798.98180515  -1359.10796864      46       0      23
  460     80.11023364   -277.32348768  -1359.10796864      38       0      22
  461     69.40272910   -459.66393639  -1359.10796864      33       0      22
  462     55.00480984   -505.60366695  -1359.10796864      32       0      20
  463     45.13157191   -655.56391591  -1359.10796864      32       0      25
  464     81.57295819   -276.19346681  -1359.10796864      41       0      18
  465     20.03726867   -931.52791566  -1359.10796864      33       0      18
  466     71.75027649   -342.79892319  -1359.10796864      28       0      32
  467     45.97182704   -463.35123081  -1359.10796864      33       0      25
  468     74.02107945   -331.76848887  -1359.10796864      37       0      33
  469     75.16270259   -258.74512252  -1359.10796863      37       0      33
  470     88.74530447   -379.74091862  -1359.10796864      45       0      36
  471    110.26951908   -144.24584377  -1359.10796864      57       0      36
  472     49.53834344   -554.57691593  -1359.10796864      64       0      41
  473     82.64648547   -260.11930551  -1359.10796864      51       0      36
  474     69.87689506   -392.39147737  -1359.10796864      61       0      30
  475    101.34587250   -197.69202974  -1359.10796864      43       0      35
  476  81106.97586403 1814071.27928980  -1359.10796863      53       0      27
  477     68.59924154   -304.59366473  -1359.10796864      45       0      25
  478     31.79140822   -740.05843856  -1359.10796864      51       0      28
  479     11.31180371  -1146.19436983  -1359.10796864      41       0      12
  480     76.70076016   -229.12109148  -1359.10796864      34       0      23
  481     56.39791700   -451.67036489  -1359.10796864      26       0      21
  482     72.81408577   -320.85172142  -1359.10796864      31       0      23
  483     71.65121241   -456.77934790  -1359.10796864      29       0      22
  484     57.26252182   -500.98088129  -1359.10796864      34       0      22
  485     57.60311076   -394.30945655  -1359.10796864      34       0      31
  486     67.19299776   -371.61092061  -1359.10796864      33       0      37
  487     87.01214827   -266.75984757  -1359.10796864      38       0      26
  488     91.73080687   -300.58764104  -1359.10796864      45       0      45
  489    100.16598582   -220.27758769  -1359.10796864      56       0      40
  490    104.07155027   -188.27056925  -1359.10796864      53       0      35
  491     65.28180042   -380.05900777  -1359.10796864      61       0      30
  492     58.79816722   -515.20940357  -1359.10796864      50       0      35
  493     72.50001458   -400.54663270  -1359.10796864      37       0      30
  494     82.76825187   -341.64255029  -1359.10796864      48       0      28
  495     65.41447905   -380.20308618  -1359.10796864      36       0      30
  496     62.22417668   -327.68808769  -1359.10796864      46       0      14
  497     96.94862356   -436.39415094  -1359.10796864      28       0      24
  498     52.41709169   -334.06861877  -1359.10796864      36       0      20
  499     42.21467705   -616.48257509  -1359.10796864      36       0      25
  500     63.72218733   -379.18283327  -1359.10796864      31       0      13
  501     63.21230924   -189.29827778  -1359.10796864      25       0      30
  502     60.11572327   -456.52681696  -1359.10796864      30       0      28
  503     66.19595356   -488.02354857  -1359.10796864      34       0      29
  504    104.30288055   -149.56094371  -1359.10796864      40       0      36
  505     63.33118964   -441.02740171  -1359.10796864      43       0      31
  506     83.79493451   -425.07940998  -1359.10796864      41       0      42
  507     84.28837160   -447.43204677  -1359.10796864      47       0      39
  508     62.04149421   -385.83691301  -1359.10796864      50       0      35
  509     69.96775623   -411.43413265  -1359.10796864      49       0      30
  510     93.57704126   -242.48417388  -1359.10796864      49       0      37
  511     79.98677028   -446.78936512  -1359.10796864      55       0      27
  512     56.04216443   -487.99129411  -1359.10796864      44       0      25
  513     59.18885482   -454.30798189  -1359.10796864      41       0      22
  514 270117.49418913 6044706.86962568  -1359.10796864      28       0      24
  515     35.46716718   -784.65024620  -1359.10796864      34       0      26
  516     38.98305972   -586.06039653  -1359.10796864      35       0      17
  517     87.08466647   -120.65351518  -1359.10796864      26       0      20
  518     70.50893787   -174.45558488  -1359.10796864      31       0      21
  519     96.11010311   -206.36002555  -1359.10796864      41       0      24
  520     51.12904900   -723.34666120  -1359.10796864      26       0      38
  521     75.43481725    -39.52284170  -1359.10796864      38       0      27
  522     65.54384260   -485.07839993  -1359.10796864      33       0      32
  523     54.13931091   -371.44652757  -1359.10796864      41       0      42
  524     53.71859130   -307.34291191  -1359.10796864      34       0      37
  525     46.61514711   -682.56743555  -1359.10796864      45       0      36
  526     64.07482953   -457.64497373  -1359.10796864      46       0      32
  527     78.55440383   -207.17576929  -1359.10796864      45       0      40
  528     57.61092951   -458.10376574  -1359.10796864      50       0      28
  529     45.49990569   -454.46366363  -1359.10796864      45       0      20
  530     59.03313301   -559.39723275  -1359.10796864      38       0      29
  531     71.57418957   -234.30224368  -1359.10796864      41       0      22
  532     71.72321893   -228.06671486  -1359.10796864      46       0      18
  533     42.10549696   -773.32369424  -1359.10796864      21       0      20
  534      8.94179913  -1279.84192906  -1359.10796864      24       0      27
  535    102.37577606   -277.88295640  -1359.10796864      34       0      25
  536     84.07766303   -215.31583828  -1359.10796864      35       0      26
  537     75.23729824   -351.64374783  -1359.10796864      33       0      29
  538     87.52358872   -245.91985137  -1359.10796864      41       0      34
  539     68.14885605   -415.99644479  -1359.10796864      46       0      31
  540     97.76257401   -198.35634377  -1359.10796864      49       0      39
  541     62.20052774   -448.09862114  -1359.10796864      54       0      30
  542     73.32319481   -450.49673170  -1359.10796864      51       0      42
  543     22.28545391   -907.64984745  -1359.10796864      48       0      27
  544    102.04291179   -201.39247846  -1359.10796864      43       0      38
  545     57.14009629   -195.61479167  -1359.10796864      44       0      29
  546     81.01843405   -251.07775517  -1359.10796864      48       0      25
  547     43.87377401   -399.04973811  -1359.10796864      33       0      25
  548     69.25384773    -80.66731188  -1359.10796864      39       0      27
  549     66.25714335   -198.37841975  -1359.10796864      35       0      18
  550     67.71599517   -442.03022250  -1359.10796864      28       0      22
  551     78.79418612   -245.22313427  -1359.10796864      30       0      23
  552     72.36251351   -334.73045569  -1359.10796864      30       0      18
  553     96.41293483   -283.70463965  -1359.10796864      30       0      36
  554     68.36346421   -252.16106677  -1359.10796864      40       0      23
  555     71.51973206   -279.81757672  -1359.10796864      31       0      31
  556     78.29255815   -186.37338621  -1359.10796864      39       0      36
  557     69.98424780   -318.79400680  -1359.10796864      44       0      29
  558     95.89865582   -123.16258772  -1359.10796864      34       0      39
  559     83.40022905   -218.32372171  -1359.10796864      41       0      35
  560     65.23077391   -573.71423678  -1359.10796864      48       0      37
  561     47.25031777   -589.05586862  -1359.10796864      54       0      35
  562     70.28027121   -447.72475145  -1359.10796864      51       0      30
  563     89.78621859   -203.73027554  -1359.10796864      47       0      24
  564     66.06829078   -361.45298028  -1359.10796864      34       0      32
  565     33.04833061   -706.99378557  -1359.10796864      35       0      27
  566     55.26873427   -255.15323340  -1359.10796864      38       0      13
  567     89.98861985   -185.47866020  -1359.10796864      21       0      28
  568     84.27517890   -345.00018102  -1359.10796864      32       0      18
  569     76.24118753   -544.41428120  -1359.10796864      28       0      22
  570     90.64515464   -384.16215833  -1359.10796864      33       0      27
  571     34.84347491   -789.25319938  -1359.10796864      30       0      33
  572     65.76367942   -268.61662546  -1359.10796864      41       0      29
  573     70.29811542   -573.98093115  -1359.10796864      37       0      35
  574     34.64640434   -849.74846913  -1359.10796864      40       0      30
  575     67.05226603   -198.83620559  -1359.10796864      39       0      33
  576     73.48684198   -376.92968323  -1359.10796864      32       0      30
  577     95.74483722   -179.24508320  -1359.10796864      45       0      39
  578    101.60755655   -213.39440904  -1359.10796864      42       0      39
  579     63.22040392   -591.15221307  -1359.10796864      57       0      29
  580     86.73169431   -224.21334092  -1359.10796864      48       0      32
  581     69.81290527   -215.28381731  -1359.10796864      36       0      28
  582     80.65775428   -221.95074078  -1359.10796864      37       0      30
  583     18.50339600   -956.05410804  -1359.10796864      37       0      16
  584     37.44914751   -706.22303622  -1359.10796864      20       0      21
  585     80.50222688   -392.41592170  -1359.10796864      18       0      18
  586     39.33817272   -502.96636052  -1359.10796864      18       0      24
  587     26.71588900   -916.31625813  -1359.10796864      21       0      28
  588     67.60912132   -299.34008234  -1359.10796864      26       0      27
  589     74.03532686   -408.22081454  -1359.10796864      25       0      36
  590     65.33019273   -428.17059182  -1359.10796864      37       0      31
  591     92.29549725   -192.59073615  -1359.10796864      33       0      38
  592     26.65652641   -799.47879210  -1359.10796864      38       0      25
  593     89.81508151   -199.04056288  -1359.10796864      32       0      28
  594     68.87567955   -489.22155418  -1359.10796864      40       0      34
  595     99.95368535   -274.10077702  -1359.10796864      35       0      40
  596    106.65982755   -172.51837882  -1359.10796864      47       0      41
  597     71.20914560   -489.16105828  -1359.10796864      48       0      29
  598     51.30588400   -297.90010322  -1359.10796864      42       0      30
  599     26.99048133   -860.38246609  -1359.10796864      33       0      32
  600     49.54385317   -265.01020163  -1359.10796864      41       0      20
  601     83.19276234   -197.06185112  -1359.10796864      33       0      17
  602     81.29140460   -309.71982912  -1359.10796864      24       0      26
  603     40.95328242   -506.32723058  -1359.10796864      26       0      19
  604     70.79074318   -433.59868112  -1359.10796864      23       0      25
  605     44.95796927   -521.37518918  -1359.10796864      24       0      28
  606     53.49775352   -461.32706024  -1359.10796864      26       0      33
  607     80.70541468   -131.25621222  -1359.10796864      40       0      30
  608     92.72827826   -522.42232419  -1359.10796864      31       0      40
  609      9.52334533  -1271.83677565  -1359.10796864      42       0      20
  610     78.76537352   -143.99275758  -1359.10796864      28       0      28
  611     95.74800586   -275.76211066  -1359.10796864      36       0      34
  612     70.69855594   -364.73091662  -1359.10796864      43       0      39
  613     81.73769730   -242.83159948  -1359.10796864      40       0      43
  614     76.95243617   -353.35613733  -1359.10796864      45       0      32
  615     62.66637126   -629.19005279  -1359.10796864      48       0      26
  616     71.35890271   -482.41091404  -1359.10796864      38       0      31
  617     74.41707565   -450.64620877  -1359.10796864      38       0      25
  618     48.44209805   -414.70040099  -1359.10796864      39       0      18
  619     49.42759086   -604.95897751  -1359.10796864      32       0      25
  620     61.12725314   -509.79289905  -1359.10796864      26       0      20
  621     98.80694068   -231.36883641  -1359.10796864      18       0      27
  622     67.83539342   -484.37178785  -1359.10796864      29       0      28
  623     81.23937951   -407.29395085  -1359.10796864      26       0      33
  624     70.09763832   -335.23506724  -1359.10796864      31       0      32
  625     88.77091806   -168.88028797  -1359.10796864      29       0      24
  626     94.44203805   -160.43429516  -1359.10796864      27       0      30
  627     60.50806117   -205.34136108  -1359.10796864      30       0      27
  628     68.66625314   -424.25339100  -1359.10796864      36       0      40
  629     77.40805352   -303.29106565  -1359.10796864      46       0      27
  630     86.69716399   -147.36871062  -1359.10796864      32       0      44
  631    100.70787985   -250.22277773  -1359.10796864      49       0      30
  632     64.91478213   -438.86286099  -1359.10796864      36       0      30
  633    100.96861370   -241.34052897  -1359.10796864      41       0      26
  634     88.83368249   -289.90300754  -1359.10796864      31       0      31
  635     61.30815484   -496.53471264  -1359.10796864      38       0      30
  636     80.00580468   -354.75830483  -1359.10796864      32       0      21
  637     39.87293455   -483.26570890  -1359.10796864      24       0      18
  638     64.09118383   -453.00090159  -1359.10796864      24       0      31
  639     45.35990678   -521.80550169  -1359.10796864      28       0      24
  640     85.86855000   -278.80653021  -1359.10796864      27       0      34
  641     75.03281747   -356.68934336  -1359.10796864      38       0      31
  642     84.17845412   -232.18794074  -1359.10796864      36       0      25
  643     43.74240536   -441.48642571  -1359.10796864      27       0      22
  644     50.02179810   -529.21080012  -1359.10796864      25       0      31
  645    124.07166689   -167.80565781  -1359.10796864      26       0      43
  646     61.43947007   -466.12656330  -1359.10796864      43       0      27
  647     85.05976472   -276.08874472  -1359.10796864      47       0      35
  648     68.70866329   -463.49091448  -1359.10796864      36       0      33
  649     69.05155489   -246.67928414  -1359.10796864      36       0      35
  650     72.27175669   -381.52304991  -1359.10796864      41       0      22
  651     67.56852616   -299.32159019  -1359.10796864      26       0      32
  652     62.08677195   -438.88211183  -1359.10796864      32       0      34
  653     90.17026424   -231.27613043  -1359.10796864      45       0      20
  654     33.50771026   -642.22874229  -1359.10796864      29       0      19
  655     86.52345454   -363.07549774  -1359.10796864      27       0      33
  656     52.08312769   -554.25014980  -1359.10796864      26       0      22
  657     44.82054039   -556.75734974  -1359.10796864      23       0      31
  658     76.18401539   -337.39272769  -1359.10796864      32       0      33
  659     41.24299462   -740.88862092  -1359.10796864      32       0      27
  660     62.86315981   -438.64935981  -1359.10796864      24       0      27
  661     48.61160915   -535.11068176  -1359.10796864      33       0      25
  662     77.11488017   -187.39276475  -1359.10796864      24       0      26
  663     76.59469451   -441.92175041  -1359.10796864      24       0      47
  664     76.80314832   -295.99999742  -1359.10796864      44       0      27
  665     76.14168861   -227.14934918  -1359.10796864      34       0      35
  666     60.88420665   -489.01084113  -1359.10796864      34       0      38
  667     25.50508695   -889.85830514  -1359.10796864      32       0      20
  668      9.61841702  -1244.85760281  -1359.10796864      36       0      27
  669     94.32488429   -173.69045610  -1359.10796864      24       0      34
  670     44.91380802   -553.05762539  -1359.10796864      42       0      23
  671     49.89329132   -431.19339985  -1359.10796864      29       0      30
  672     52.85587356   -598.74479563  -1359.10796864      33       0      28
  673     55.59401889   -401.88173623  -1359.10796864      34       0      22
  674     51.34618190   -575.19480043  -1359.10796864      24       0      32
  675     73.88850816   -456.59753834  -1359.10796864      28       0      31
  676     79.88345277   -367.19131692  -1359.10796864      33       0      28
  677     47.69386388   -630.68698721  -1359.10796864      39       0      29
  678     70.19522481   -260.75246440  -1359.10796864      33       0      23
  679    117.94381787    -19.74591710  -1359.10796864      25       0      29
  680    102.17579277   -224.56594560  -1359.10796864      31       0      37
  681     49.99480631   -370.80685015  -1359.10796864      36       0      30
  682     63.36792884   -408.41263939  -1359.10796864      33       0      40
  683     46.15115023   -619.77907525  -1359.10796864      40       0      27
  684     42.44597757   -557.37339995  -1359.10796864      31       0      31
  685     45.07477078   -569.63129161  -1359.10796864      33       0      23
  686     60.04189296   -430.41719223  -1359.10796864      24       0      27
  687     55.71034278   -475.71131656  -1359.10796864      33       0      28
  688     72.39948827   -179.26336185  -1359.10796864      36       0      32
  689     82.32040607   -242.77493917  -1359.10796864      29       0      28
  690     13.02925846  -1169.17700391  -1359.10796864      31       0      28
  691     72.58801161   -330.87739151  -1359.10796864      33       0      24
  692     64.05629135   -465.20206847  -1359.10796863      35       0      27
  693     67.54195535   -196.13962539  -1359.10796864      27       0      37
  694     55.65446783   -583.44224424  -1359.10796864      34       0      26
  695     75.07377605   -274.36945304  -1359.10796864      32       0      24
  696     38.44620462   -521.43188203  -1359.10796864      29       0      31
  697     73.93582970   -532.86743196  -1359.10796864      31       0      35
  698    114.29597186   -163.22086466  -1359.10796864      42       0      33
  699     78.91674756   -166.32750957  -1359.10796863      35       0      35
  700     50.62875895   -243.65446893  -1359.10796864      34       0      29
  701     54.62280960   -562.73676435  -1359.10796863      35       0      29
  702     30.49836068   -836.28045643  -1359.10796864      34       0      25
  703     70.75214363   -272.60151372  -1359.10796864      34       0      24
  704     74.22084339   -539.11724482  -1359.10796864      25       0      30
  705     55.04329425   -483.12726879  -1359.10796863      23       0      31
  706     85.28001013   -193.44667105  -1359.10796863      29       0      27
  707     65.23717064   -194.51386975  -1359.10796864      38       0      25
  708     83.23186508   -379.13844730  -1359.10796864      23       0      31
  709     52.16129437   -271.17619296  -1359.10796864      28       0      29
  710     79.96716981   -324.54512370  -1359.10796864      31       0      32
  711     50.43202904   -385.50775171  -1359.10796864      25       0      25
  712     39.31297395   -678.13626963  -1359.10796864      28       0      28
  713     75.26836621   -259.77862509  -1359.10796864      37       0      27
  714     69.59933336   -477.12006999  -1359.10796864      29       0      39
  715     79.41932801   -168.72554504  -1359.10796864      35       0      31
  716     60.19012478   -471.04280424  -1359.10796864      37       0      30
  717     93.45878539   -250.01644448  -1359.10796864      29       0      33
  718    115.71096838   -307.67717707  -1359.10796864      31       0      34
  719     17.68555083   -980.08220556  -1359.10796864      45       0      22
  720     90.32661562    -98.58841806  -1359.10796864      25       0      30
  721     65.06668014   -376.17115269  -1359.10796864      34       0      26
  722     63.55505481   -296.94958538  -1359.10796864      31       0      26
  723     69.58143147   -254.33347021  -1359.10796864      28       0      31
  724     44.05945625   -392.98773561  -1359.10796864      35       0      26
  725     58.64444454   -351.57909834  -1359.10796864      33       0      29
  726     67.59880716   -348.37872404  -1359.10796864      27       0      34
  727     80.77755114   -460.96369639  -1359.10796864      37       0      28
  728     89.16461675   -332.27981035  -1359.10796864      28       0      20
  729     71.02113756   -145.51149924  -1359.10796864      26       0      36
  730     69.71679458   -444.36643645  -1359.10796864      35       0      26
  731     85.64841178   -382.89472170  -1359.10796864      28       0      28
  732    104.59793203   -299.26871950  -1359.10796864      36       0      38
  733    100.76683182   -230.39299842  -1359.10796864      37       0      32
  734     65.46419955   -609.52957038  -1359.10796864      36       0      31
  735     73.45943860   -254.25316268  -1359.10796864      35       0      35
  736     61.11781732   -503.17930834  -1359.10796864      35       0      23
  737     68.02007605   -237.22844459  -1359.10796864      28       0      27
  738     63.75471681   -505.07905419  -1359.10796864      29       0      27
  739     74.26630957   -234.77364387  -1359.10796864      28       0      23
  740     60.54241842   -399.24541477  -1359.10796864      25       0      30
  741     72.76542615   -342.82942906  -1359.10796864      28       0      31
  742     93.18530696   -239.87579277  -1359.10796864      35       0      30
  743     73.01302913   -424.99359943  -1359.10796864      35       0      35
  744     55.48351219   -461.23432310  -1359.10796864      35       0      24
  745     43.08352893   -504.40436341  -1359.10796864      33       0      22
  746     49.63310614   -381.95304457  -1359.10796864      22       0      40
  747     54.23907989   -569.96406317  -1359.10796864      34       0      19
  748     53.71569565   -636.78214349  -1359.10796864      27       0      31
  749     74.41709814   -377.58692633  -1359.10796864      33       0      37
  750     90.09806114   -174.32462794  -1359.10796864      37       0      31
  751     61.71439734   -500.44141610  -1359.10796864      33       0      33
  752     20.62167652   -977.24393325  -1359.10796864      33       0      30
  753     71.19792004   -133.36308252  -1359.10796864      39       0      28
  754     86.30915071   -191.51328375  -1359.10796864      29       0      31
  755      8.89373402  -1279.84192906  -1359.10796864      37       0      23
  756     71.73692178   -391.71993073  -1359.10796864      22       0      24
  757     66.52428718   -219.90431074  -1359.10796864      31       0      26
  758     79.66680347    -94.75950241  -1359.10796864      24       0      33
  759     75.40138401   -113.47524633  -1359.10796864      32       0      30
  760     74.91576907   -220.47722486  -1359.10796864      32       0      35
  761     43.06004454   -427.36277973  -1359.10796864      29       0      25
  762     41.03256985   -805.39446937  -1359.10796864      37       0      30
  763     31.93820539   -670.89385306  -1359.10796864      32       0      26
  764     33.88935582   -656.38107081  -1359.10796864      29       0      23
  765     62.05181228   -702.96273753  -1359.10796864      28       0      35
  766     98.92648809   -221.95695326  -1359.10796864      35       0      36
  767     77.92572813   -141.21538346  -1359.10796864      45       0      27
  768     64.46785477   -436.89294949  -1359.10796864      28       0      32
  769    102.40249885   -145.27431381  -1359.10796864      35       0      36
  770     37.38055753   -748.71448838  -1359.10796864      37       0      28
  771     47.74116293   -623.62470769  -1359.10796864      35       0      27
  772     71.52645397   -304.75420595  -1359.10796864      28       0      18
  773     71.02132236   -291.48473349  -1359.10796864      25       0      33
  774     65.35549918   -122.54725937  -1359.10796864      49       0      27
  775     86.14101260   -187.97048639  -1359.10796864      31       0      35
  776     52.25262865   -526.63129551  -1359.10796864      41       0      25
  777     58.46229463   -408.08175347  -1359.10796864      34       0      30
  778     49.60604273   -527.75711597  -1359.10796864      27       0      29
  779     57.39870229   -386.19180684  -1359.10796864      36       0      26
  780     71.71953150   -314.51293063  -1359.10796864      28       0      29
  781     78.88624194   -182.71260154  -1359.10796864      42       0      25
  782     68.98166101   -430.88962699  -1359.10796864      32       0      34
  783     82.33411118   -340.96020112  -1359.10796864      40       0      36
  784     79.18490693   -359.46953592  -1359.10796864      46       0      27
  785     75.59283790   -258.81926641  -1359.10796864      37       0      30
  786     71.32912118   -207.29411723  -1359.10796864      33       0      33
  787    101.27973847   -136.54460521  -1359.10796864      36       0      38
  788     69.85601763   -166.87720380  -1359.10796864      38       0      14
  789     82.03863525   -382.19516666  -1359.10796864      20       0      23
  790     63.92047742   -362.68541080  -1359.10796864      20       0      32
  791    109.50632561   -251.51891906  -1359.10796864      35       0      29
  792     67.89215830   -592.05565982  -1359.10796864      34       0      33
  793     91.07311529   -195.84716530  -1359.10796864      33       0      30
  794     51.62239152   -646.24777542  -1359.10796864      34       0      28
  795     45.57134139   -678.53294860  -1359.10796864      28       0      25
  796     33.80914803   -865.93761367  -1359.10796864      27       0      26
  797     80.58162358   -466.33095941  -1359.10796864      28       0      34
  798     50.36168564   -654.43118998  -1359.10796864      35       0      21
  799     49.91943858   -461.46262814  -1359.10796864      27       0      28
  800     75.50175282   -491.84571981  -1359.10796864      30       0      38
  801     50.28120987   -608.47398591  -1359.10796864      38       0      40
  802     91.19157902   -289.87486497  -1359.10796864      40       0      26
  803     73.86447030   -350.33817536  -1359.10796864      32       0      34
  804     42.04261329   -830.28360283  -1359.10796864      35       0      38
  805     33.18295509   -630.37839982  -1359.10796864      38       0      14
  806     63.53930269   -247.31042972  -1359.10796864      25       0      22
  807     66.48424928   -467.83997967  -1359.10796864      25       0      30
  808     33.57473064   -792.65852715  -1359.10796864      29       0      30
  809     93.53984428   -221.52347206  -1359.10796864      31       0      33
  810    104.56728930   -381.23637694  -1359.10796864      32       0      35
  811     82.18530057   -183.77524760  -1359.10796864      35       0      23
  812     62.75067441   -643.22907918  -1359.10796864      27       0      26
  813     33.08452054   -789.77819991  -1359.10796864      25       0      30
  814     45.90748864   -477.07181808  -1359.10796864      28       0      25
  815     59.01512026   -473.16456556  -1359.10796864      25       0      23
  816     67.43950830   -337.91459289  -1359.10796864      22       0      33
  817     55.96983013   -530.72535553  -1359.10796864      26       0      34
  818     80.18093310   -142.68297979  -1359.10796864      31       0      39
  819     77.97825957   -424.71096770  -1359.10796864      36       0      33
  820     70.23151987   -510.36281650  -1359.10796864      41       0      31
  821     80.39347229   -273.21021769  -1359.10796864      34       0      31
  822     48.76068280   -575.51509565  -1359.10796864      40       0      18
  823     51.42181598   -569.73553083  -1359.10796864      22       0      23
  824     95.56983489   -311.90698321  -1359.10796864      28       0      35
  825     40.27809047   -632.05116208  -1359.10796864      37       0      29
  826    102.83328032   -341.52453461  -1359.10796864      28       0      33
  827     68.99382491   -521.00848991  -1359.10796864      36       0      31
  828     76.39263310   -196.57506917  -1359.10796864      40       0      23
  829     66.00394381   -301.29121589  -1359.10796864      22       0      33
  830     51.17382387   -392.37732937  -1359.10796864      32       0      24
  831     43.80535470   -387.52749717  -1359.10796864      33       0      24
  832     68.99313734   -565.90841709  -1359.10796864      28       0      34
  833     70.78971115   -421.68092429  -1359.10796864      37       0      25
  834     83.69884465   -479.10061348  -1359.10796864      28       0      33
  835     84.56739487   -253.10550235  -1359.10796864      36       0      38
  836     36.76550571   -761.96960304  -1359.10796864      43       0      28
  837     79.83305228   -267.69394630  -1359.10796864      39       0      34
  838     48.67000385   -722.54502571  -1359.10796864      36       0      30
  839     52.08948041   -571.28401036  -1359.10796864      33       0      21
  840     43.40783649   -698.88656834  -1359.10796864      24       0      25
  841     60.60952964   -545.22496998  -1359.10796864      21       0      31
  842     81.13181006   -300.42285567  -1359.10796864      33       0      30
  843     79.43310098   -126.00791749  -1359.10796864      31       0      31
  844     66.77073808   -411.85929658  -1359.10796864      38       0      38
  845     44.39887842   -637.84466705  -1359.10796864      40       0      22
  846     78.46142463   -322.01031763  -1359.10796864      28       0      26
  847     60.45298178   -501.05201091  -1359.10796864      25       0      23
  848     63.33705333   -440.94740672  -1359.10796863      26       0      29
  849     82.89673699   -224.80262535  -1359.10796863      32       0      27
  850     76.59039758   -459.32951049  -1359.10796864      35       0      28
  851     72.95691244   -195.51819548  -1359.10796864      34       0      38
  852     87.88081308   -178.32417784  -1359.10796864      36       0      33
  853     51.87412169   -621.16132975  -1359.10796864      35       0      30
  854     97.82935828   -242.58945619  -1359.10796864      47       0      38
  855     44.27521726   -548.18928653  -1359.10796864      37       0      26
  856     73.21083709   -177.58019128  -1359.10796864      41       0      28
  857     61.93043158   -262.77982493  -1359.10796864      36       0      22
  858     64.78787840   -340.34471014  -1359.10796864      25       0      28
  859     18.82086723   -977.94883983  -1359.10796864      29       0      25
  860     63.07346279   -193.17404213  -1359.10796864      32       0      32
  861     89.57841892   -348.69047175  -1359.10796864      29       0      45
  862     49.01745590   -495.78912367  -1359.10796864      39       0      20
  863     56.83655488   -217.75466848  -1359.10796864      31       0      27
  864     27.19896313   -935.13218229  -1359.10796864      29       0      22
  865     40.45330388   -683.80413875  -1359.10796864      29       0      23
  866     57.13557580   -283.55409853  -1359.10796864      29       0      26
  867     92.68937061   -210.73455036  -1359.10796864      31       0      40
  868     89.01048422   -211.22839933  -1359.10796864      44       0      29
  869     57.48351951   -486.09176708  -1359.10796864      26       0      21
  870    105.84098144   -171.69530647  -1359.10796864      22       0      47
  871     83.60128727   -247.98769420  -1359.10796864      44       0      29
  872     48.13902288   -447.36925010  -1359.10796864      40       0      31
  873     89.99751974   -326.83506961  -1359.10796864      39       0      31
  874     53.15667916   -504.30398369  -1359.10796864      38       0      22
  875     93.98896413   -232.77485666  -1359.10796864      28       0      27
  876    105.98464499     92.77556705  -1359.10796864      34       0      28
  877     59.90832031   -296.73421488  -1359.10796864      33       0      29
  878     61.44262748   -359.28534592  -1359.10796864      31       0      34
  879     90.68227640   -220.87377034  -1359.10796864      38       0      36
  880     29.35187737   -856.08306578  -1359.10796864      38       0      22
  881     55.06898934   -566.79690743  -1359.10796864      28       0      20
  882     75.36465984   -397.96653439  -1359.10796864      23       0      28
  883     76.16898481   -292.06355435  -1359.10796864      32       0      21
  884     84.77822967   -295.35590601  -1359.10796864      25       0      44
  885     41.64070247   -637.76821086  -1359.10796864      42       0      27
  886     81.57427618   -195.64191586  -1359.10796864      34       0      25
  887     76.11497135   -268.34152351  -1359.10796864      24       0      35
  888     63.30838187   -471.66751513  -1359.10796864      35       0      34
  889     21.41166091   -941.46393857  -1359.10796864      35       0      30
  890     80.70053730   -317.76909631  -1359.10796864      35       0      33
  891     70.83718782   -355.87618781  -1359.10796864      33       0      25
  892     42.31116181   -425.66216857  -1359.10796864      28       0      26
  893     57.49209116   -654.36676877  -1359.10796864      29       0      26
  894     57.13863141   -396.09438611  -1359.10796864      31       0      31
  895     72.66907467   -332.17133476  -1359.10796864      36       0      34
  896    100.39763995   -302.35549449  -1359.10796864      33       0      29
  897     56.12610508   -524.72610677  -1359.10796864      39       0      23
  898     42.29725687   -485.61739204  -1359.10796864      30       0      32
  899     66.26709780   -418.57153234  -1359.10796864      39       0      24
  900     81.96185664   -319.32134320  -1359.10796864      26       0      21
  901     70.71229667   -149.85233702  -1359.10796864      27       0      38
  902     80.31150167   -264.78479290  -1359.10796864      35       0      30
  903     80.30457917   -255.85505657  -1359.10796864      38       0      29
  904     54.03963097   -585.29646459  -1359.10796863      30       0      36
  905     93.35805495   -241.31367843  -1359.10796864      33       0      30
  906     70.13662914   -428.80720014  -1359.10796864      34       0      34
  907     65.57803002   -281.52203506  -1359.10796864      32       0      29
  908     62.66637952   -251.05372439  -1359.10796864      33       0      25
  909     52.90558428   -523.12827515  -1359.10796864      27       0      23
  910     80.21678738   -247.44168970  -1359.10796864      28       0      28
  911     78.60670996   -179.77730878  -1359.10796864      27       0      34
  912     40.30232525   -536.28200993  -1359.10796864      40       0      26
  913     76.75641511   -475.60067755  -1359.10796864      26       0      32
  914     61.90936299   -415.74827649  -1359.10796863      41       0      22
  915     55.42681601   -521.97574613  -1359.10796864      29       0      39
  916     56.08789375   -501.55098052  -1359.10796864      44       0      21
  917     60.07425008   -242.51498325  -1359.10796864      33       0      21
  918     81.33122232   -196.95678015  -1359.10796864      28       0      39
  919     73.83426695   -317.60776507  -1359.10796864      38       0      27
  920     60.40722832   -470.70636323  -1359.10796864      35       0      37
  921     43.58444957   -589.63975629  -1359.10796864      38       0      32
  922     69.01738542   -328.14239608  -1359.10796864      37       0      33
  923     70.26229087   -471.16046624  -1359.10796864      36       0      24
  924     65.28207420   -302.30348456  -1359.10796864      29       0      32
  925     40.85837066   -657.12499931  -1359.10796864      37       0      27
  926     76.26957956   -279.31358206  -1359.10796864      29       0      25
  927     73.02796025   -291.23161814  -1359.10796864      29       0      28
  928     99.96108642   -404.07347903  -1359.10796864      35       0      30
  929     35.27133795   -822.06237202  -1359.10796864      30       0      26
  930     43.80827674   -584.41085484  -1359.10796864      24       0      31
  931     63.07587255   -240.84214225  -1359.10796864      24       0      22
  932     80.05107686   -227.10329223  -1359.10796864      30       0      31
  933    102.87326018   -303.11926497  -1359.10796864      29       0      27
  934     49.97962322   -475.52054006  -1359.10796864      31       0      29
  935    112.75403881   -270.20792667  -1359.10796864      37       0      30
  936     95.57936828   -128.33308062  -1359.10796864      32       0      34
  937     71.77441985   -248.05690745  -1359.10796864      43       0      37
  938     97.74340780   -127.75169749  -1359.10796864      42       0      32
  939     77.39832376   -178.20999160  -1359.10796864      36       0      33
  940     63.08931247   -490.78980687  -1359.10796864      34       0      22
  941     67.68828380   -276.25360189  -1359.10796864      32       0      34
  942     65.82657894   -562.70673576  -1359.10796864      39       0      22
  943     67.10666488   -419.11676571  -1359.10796864      27       0      29
  944     66.71724214   -309.22440968  -1359.10796864      33       0      30
  945    111.19870561   -133.48451770  -1359.10796864      36       0      34
  946     59.51970037   -485.12459599  -1359.10796864      39       0      26
  947     60.64851396   -340.47068595  -1359.10796864      34       0      21
  948     83.66175724   -205.12071559  -1359.10796864      30       0      29
  949     50.15218273   -559.82778701  -1359.10796864      39       0      25
  950     62.42594452   -136.80515967  -1359.10796864      30       0      29
  951     91.85816930   -360.21810216  -1359.10796864      31       0      30
  952     71.45437569   -178.56058494  -1359.10796864      29       0      26
  953     68.63567356   -291.78355649  -1359.10796864      31       0      34
  954     59.83140815   -430.32992129  -1359.10796864      35       0      43
  955     39.97036502   -494.26983622  -1359.10796864      46       0      30
  956     47.21670232   -454.53956355  -1359.10796864      38       0      29
  957     92.58587060   -275.60745034  -1359.10796864      38       0      24
  958     46.07013871   -398.98682707  -1359.10796864      29       0      31
  959     65.49751239   -374.68299519  -1359.10796864      24       0      24
  960     76.27820708   -218.14090112  -1359.10796864      24       0      32
  961     43.66585977   -495.59287666  -1359.10796864      24       0      28
  962     95.93874606   -283.63771825  -1359.10796864      28       0      29
  963     63.02823381   -547.63814530  -1359.10796864      24       0      28
  964     38.56220439   -512.73584477  -1359.10796864      34       0      21
  965     67.49868758   -226.59160861  -1359.10796864      22       0      29
  966     69.74539492   -262.47534075  -1359.10796864      26       0      31
  967     66.84732398   -195.00471437  -1359.10796864      31       0      32
  968     61.75196786   -546.24861912  -1359.10796864      33       0      26
  969     37.01281553   -820.56659909  -1359.10796864      31       0      26
  970     85.86983099   -234.97792864  -1359.10796864      25       0      33
  971     57.39263752   -423.27390048  -1359.10796864      35       0      39
  972     73.45295037   -227.42717987  -1359.10796864      41       0      29
  973     87.93574901   -296.07694407  -1359.10796864      32       0      38
  974     91.61103218   -202.58457734  -1359.10796864      46       0      34
  975     39.70329224   -487.92393590  -1359.10796864      30       0      20
  976     89.43612760   -192.50006239  -1359.10796864      30       0      30
  977     39.31529145   -499.47464261  -1359.10796864      38       0      30
  978     47.86658197   -309.04109665  -1359.10796864      33       0      24
  979     85.78122318   -306.70823512  -1359.10796864      26       0      26
  980     90.26501438   -205.45358491  -1359.10796864      31       0      33
  981     69.92269647   -315.44473449  -1359.10796864      31       0      21
  982     99.28058295   -472.52618663  -1359.10796864      26       0      26
  983     63.06314157   -692.89507385  -1359.10796864      36       0      35
  984     23.96834871   -842.05365232  -1359.10796864      38       0      25
  985     82.98589019   -364.52389451  -1359.10796864      26       0      31
  986     88.03904479   -295.77357753  -1359.10796864      37       0      25
  987     59.86509551   -443.26671395  -1359.10796864      27       0      34
  988     77.72606389   -241.63002294  -1359.10796864      34       0      30
  989     69.31753158   -223.81785568  -1359.10796864      34       0      37
  990     42.51337206   -635.43210597  -1359.10796864      38       0      36
  991     52.81177399   -227.79627145  -1359.10796864      43       0      28
  992     68.46197645   -259.68214757  -1359.10796864      37       0      27
  993    101.64598015   -105.75680093  -1359.10796864      30       0      26
  994     64.05203514   -251.00010445  -1359.10796864      27       0      31
  995     47.48787457   -332.67696098  -1359.10796864      35       0      27
  996     15.07988224  -1080.59983535  -1359.10796864      33       0      28
  997     66.36580544   -194.64181079  -1359.10796864      33       0      26
  998     55.66861998   -493.26041501  -1359.10796864      34       0      22
  999     47.05455470   -659.79548172  -1359.10796864      25       0      25
 1000     87.63511145   -293.39725104  -1359.10796864      20       0      41
----------------------------------------------------------------------------------
Artificial Bee Colony Optimization Finished!

 -- Results Report --
 * 100 LMs will be saved in [ ca_8_waters-LM ].
      #          Energy
      0  -1359.10796864
      1  -1358.26980375
      2  -1358.24980504
      3  -1358.05118973
      4  -1350.52361347
      5  -1350.35110716
      6  -1345.18289033
      7  -1339.44704413
      8  -1338.39364463
      9  -1336.64564821
     10  -1335.61789679
     11  -1333.42164987
     12  -1327.32419839
     13  -1322.41617265
     14  -1317.21677708
     15  -1313.68004169
     16  -1312.92815578
     17  -1312.67850297
     18  -1312.29341271
     19  -1311.58005645
     20  -1311.55638530
     21  -1311.24708666
     22  -1311.19802791
     23  -1310.80532763
     24  -1310.45873600
     25  -1310.18448775
     26  -1309.93161152
     27  -1308.76912069
     28  -1308.65663007
     29  -1308.56433269
     30  -1308.21547923
     31  -1308.08826921
     32  -1307.96345047
     33  -1307.58635063
     34  -1307.25186947
     35  -1307.23610113
     36  -1307.12328417
     37  -1306.54718022
     38  -1306.30080090
     39  -1306.21882487
     40  -1306.01957053
     41  -1305.96232079
     42  -1305.95643744
     43  -1305.75071194
     44  -1305.65049802
     45  -1305.56582087
     46  -1305.54921547
     47  -1305.52761912
     48  -1305.48051160
     49  -1305.32895403
     50  -1305.22273367
     51  -1304.97899952
     52  -1304.88118497
     53  -1304.86387283
     54  -1304.20989718
     55  -1304.16358660
     56  -1304.14012729
     57  -1304.08996128
     58  -1304.04560901
     59  -1303.84990007
     60  -1303.61843970
     61  -1303.54708321
     62  -1303.20414208
     63  -1303.10424884
     64  -1302.97823319
     65  -1302.63756084
     66  -1302.57686565
     67  -1302.44401819
     68  -1302.39344139
     69  -1302.38911582
     70  -1301.77196033
     71  -1301.70048247
     72  -1301.68509759
     73  -1301.26309692
     74  -1301.12071293
     75  -1301.10044452
     76  -1301.08778014
     77  -1301.01510331
     78  -1300.65984103
     79  -1300.41252969
     80  -1300.35616447
     81  -1300.33087289
     82  -1300.23956393
     83  -1300.00771015
     84  -1300.00637412
     85  -1299.92318346
     86  -1299.71103151
     87  -1299.67330481
     88  -1299.12408149
     89  -1298.95503824
     90  -1298.75369642
     91  -1298.56466425
     92  -1298.07327882
     93  -1298.02782654
     94  -1297.54545855
     95  -1297.43294878
     96  -1297.40082222
     97  -1297.37971833
     98  -1297.37818989
     99  -1297.14910271

 * Final Global Minimal Energy:  -1359.10796864
 * The Global Minimum is saved as: [ ca_8_waters-OPT.(cluster/xyz/gjf) ]

===== (^ _ ^) =====
Normal termination at Fri Sep 14 20:02:04 2018.
Total run time: 15560 seconds = 0 days 4 hours 19 minutes 20 seconds.
