    * * * * * * * * * * * * * * * * * * * * *
    *       __    ____    ______            *
    *      /  \  |  _ \  |  ___/  luster !  *
     *    / _  \ | |_| | | |               *
     *   / /_\ | |  _ <  | |     < @  @ >  * 
     *  / ___  | | |_| | | |___ _ _  o     * 
    *  /_/   |_| |____/  |_____ _ __ __  _  *
    *                                       *
    * * * * * * * * * * * * * * * * * * * * *

ABCluster 1.5.1
Specific flag:  official version
Platform:       LINUX/UNIX
Compiled by:    junzhang@gellmann.scs.illinois.edu
Compiling date: Dec 18 2017 20:33:35
C++ compiler:   g++
C++ options:    -O3 -Os -fno-exceptions --std=c++0x -fopenmp 

Contributors:
Jun Zhang(University of Cologne): Design and coding.

For any suggestions, comments, and questions on the theory and
implementation of ABCluster, please feel free to contact:

Dr. Jun Zhang, ZhangJunQcc@gmail.com

If you used this program in your work, please cite this reference:

[1] Zhang, J.; Dolg, M.; ABCluster: The Artificial Bee Colony Algorithm for
    Cluster Global Optimization. Phys. Chem. Chem. Phys. 2015, 17, 24173-24181.
[2] Zhang, J.; Dolg, M.; Global Optimization of Clusters of Rigid Molecules by the
    Artificial Bee Colony Algorithm. Phys. Chem. Chem. Phys. 2016, 18, 3003-3010.

Program starts at Fri Sep 14 15:40:16 2018.
Command line: " /ihome/jkeith/yab16/ABC/ABCluster-Linux/lib/rigidmol-optimizer ca_2_waters.inp "
Process ID:   344985
Run by:       yab16@smp-n46.crc.pitt.edu
Available CPU cores:    24
Read "OMP_NUM_THREADS": Unset

Random number testing (integers): 1502416799...903535467
Random number testing (fractals): 0.00169892...0.07437387

 -- Input/Output Parameters --
Input file name:      ca_2_waters.inp
Cluster file name:    input.cluster
Result file name:     ca_2_waters.(cluster/xyz/gjf)
Temporary file name:  abclusteryab16smp-n46.crc.pitt.edu344985-OPT
# of saved LMs:       100
LMs are stored in:    ca_2_waters-LM

 -- ABC Control Parameters --
Population size:                  500
Maximal generation:              1000
Scout limit:                       15
Amplitude:                 5.00000000

 -- Cluster Components: from [ input.cluster ] --
 -----------------------------------------------------------
   Source                                       #   Charge
 -----------------------------------------------------------
   /ihome/jkeith/yab16/ABC/ABCluster-Linux-0/rigidmolecularcluster/charmm36/tip4p.xyz     2    0.000
   /ihome/jkeith/yab16/ABC/ABCluster-Linux-0/rigidmolecularcluster/charmm36/ca.xyz     1    2.000
 -----------------------------------------------------------
   Dimension: 0, an isolate cluster.
 -----------------------------------------------------------

Artificial Bee Colony Optimization Starts!
----------------------------------------------------------------------------------
 * Population: 500; Maximal cycles: 1000
 * EM = Employed Bee; Trigonometric mutation
 * OL = Onlooker Bee; ABC/best/2(0.5)+ABC/current/2(0.5);
        Tournament selection from 5 nectars.
 * SC = Scout Bee; Random nectar; Limit = 15
----------------------------------------------------------------------------------
    #       Diversity            maxE            minE    byEM    byOL    bySC
----------------------------------------------------------------------------------
    1      7.00189513   -317.01604426   -467.27342786      23       0       0
    2      2.82477811   -404.04621016   -467.27342786       2       0       0
    3      0.00000000   -467.27342785   -467.27342786       1       0       0
    4      0.00000000   -467.27342785   -467.27342786       0       0       0
    5      0.00000000   -467.27342785   -467.27342786       0       0       0
    6      0.00000000   -467.27342785   -467.27342786       0       0       0
    7      0.00000000   -467.27342785   -467.27342786       0       0       0
    8      0.00000000   -467.27342785   -467.27342786       0       0       0
    9      0.00000000   -467.27342785   -467.27342786       0       0       0
   10      0.00000000   -467.27342785   -467.27342786       0       0       0
   11      0.00000000   -467.27342785   -467.27342786       0       0       0
   12      0.00000000   -467.27342785   -467.27342786       0       0       0
   13      0.00000000   -467.27342785   -467.27342786       0       0       0
   14      0.00000000   -467.27342785   -467.27342786       0       0       0
   15      0.00000000   -467.27342785   -467.27342786       0       0       0
   16      0.00000000   -467.27342785   -467.27342786       0       0       0
   17     38.91016581   -125.51956376   -467.27342786       0       0     477
   18     12.73052597   -298.15215827   -467.27342786      31       0      21
   19      0.00000000   -467.27342785   -467.27342785       4       0       1
   20      0.00000000   -467.27342785   -467.27342785       0       0       1
   21      0.00000000   -467.27342785   -467.27342785       0       0       0
   22      0.00000000   -467.27342785   -467.27342785       0       0       0
   23      0.00000000   -467.27342785   -467.27342785       0       0       0
   24      0.00000000   -467.27342785   -467.27342785       0       0       0
   25      0.00000000   -467.27342785   -467.27342785       0       0       0
   26      0.00000000   -467.27342785   -467.27342785       0       0       0
   27      0.00000000   -467.27342785   -467.27342785       0       0       0
   28      0.00000000   -467.27342785   -467.27342785       0       0       0
   29      0.00000000   -467.27342785   -467.27342785       0       0       0
   30      0.00000000   -467.27342785   -467.27342785       0       0       0
   31      0.00000000   -467.27342785   -467.27342785       0       0       0
   32      0.00000000   -467.27342785   -467.27342785       0       0       0
   33     35.01747136   -153.17508518   -467.27342786       0       0     446
   34      1.20992457   -440.19159668   -467.27342785      36       0      48
   35      0.00000000   -467.27342786   -467.27342785       1       0       5
   36      0.00000000   -467.27342786   -467.27342785       0       0       1
   37      0.00000000   -467.27342786   -467.27342785       0       0       0
   38      0.00000000   -467.27342786   -467.27342785       0       0       0
   39      0.00000000   -467.27342786   -467.27342785       0       0       0
   40      0.00000000   -467.27342786   -467.27342785       0       0       0
   41      0.00000000   -467.27342786   -467.27342785       0       0       0
   42      0.00000000   -467.27342786   -467.27342785       0       0       0
   43      0.00000000   -467.27342786   -467.27342785       0       0       0
   44      0.00000000   -467.27342786   -467.27342785       0       0       0
   45      0.00000000   -467.27342786   -467.27342785       0       0       0
   46      0.00000000   -467.27342786   -467.27342785       0       0       0
   47      0.00000000   -467.27342786   -467.27342785       0       0       0
   48      0.00000000   -467.27342786   -467.27342785       0       0       0
   49     35.96567878    -93.71562704   -467.27342786       0       0     410
   50     31.41454428    -60.28921398   -467.27342785      30       0      83
   51      0.00000001   -467.27342785   -467.27342785      10       0       6
   52      9.52747079   -254.01934366   -467.27342785       0       0       1
   53      0.00000001   -467.27342785   -467.27342785       1       0       0
   54      0.00000001   -467.27342785   -467.27342785       0       0       0
   55      0.00000001   -467.27342785   -467.27342785       0       0       0
   56      0.00000001   -467.27342785   -467.27342785       0       0       0
   57      0.00000001   -467.27342785   -467.27342785       0       0       0
   58      0.00000001   -467.27342785   -467.27342785       0       0       0
   59      0.00000001   -467.27342785   -467.27342785       0       0       0
   60      0.00000001   -467.27342785   -467.27342785       0       0       0
   61      0.00000001   -467.27342785   -467.27342785       0       0       0
   62      0.00000001   -467.27342785   -467.27342785       0       0       0
   63      0.00000001   -467.27342785   -467.27342785       0       0       0
   64      0.00000001   -467.27342785   -467.27342785       0       0       0
   65     42.88154232   -153.54603821   -467.27342785       0       0     379
   66     20.27308533   -191.48512361   -467.27342785      31       0     105
   67      0.00000000   -467.27342786   -467.27342785       7       0      15
   68      0.00000000   -467.27342786   -467.27342785       0       0       0
   69      0.00000000   -467.27342786   -467.27342785       0       0       1
   70      0.00000000   -467.27342786   -467.27342785       0       0       0
   71      0.00000000   -467.27342786   -467.27342785       0       0       0
   72      0.00000000   -467.27342786   -467.27342785       0       0       0
   73      0.00000000   -467.27342786   -467.27342785       0       0       0
   74      0.00000000   -467.27342786   -467.27342785       0       0       0
   75      0.00000000   -467.27342786   -467.27342785       0       0       0
   76      0.00000000   -467.27342786   -467.27342785       0       0       0
   77      0.00000000   -467.27342786   -467.27342785       0       0       0
   78      0.00000000   -467.27342786   -467.27342785       0       0       0
   79      0.00000000   -467.27342786   -467.27342785       0       0       0
   80      0.00000000   -467.27342786   -467.27342785       0       0       0
   81     34.49002898   -100.27433595   -467.27342786       0       0     348
   82     22.42106255   -213.30736939   -467.27342786      26       0     129
   83     17.84863758   -135.96062286   -467.27342785       7       0      22
   84      0.00000000   -467.27342786   -467.27342785       3       0       0
   85      0.00000000   -467.27342786   -467.27342785       0       0       1
   86      0.00000000   -467.27342786   -467.27342785       0       0       0
   87      0.00000000   -467.27342786   -467.27342785       0       0       0
   88      0.00000000   -467.27342786   -467.27342785       0       0       0
   89      0.00000000   -467.27342786   -467.27342785       0       0       0
   90      0.00000000   -467.27342786   -467.27342785       0       0       0
   91      0.00000000   -467.27342786   -467.27342785       0       0       0
   92      0.00000000   -467.27342786   -467.27342785       0       0       0
   93      0.00000000   -467.27342786   -467.27342785       0       0       0
   94      0.00000000   -467.27342786   -467.27342785       0       0       0
   95      0.00000000   -467.27342786   -467.27342785       0       0       0
   96      0.00000000   -467.27342786   -467.27342785       0       0       0
   97     33.04935183   -148.04281090   -467.27342785       0       0     321
   98     32.59017709    -83.78387862   -467.27342785      20       0     149
   99      6.40737760   -353.51725173   -467.27342786      13       0      27
  100      0.00000000   -467.27342786   -467.27342785       2       0       2
  101      0.00000000   -467.27342786   -467.27342785       0       0       1
  102      0.00000000   -467.27342786   -467.27342785       0       0       0
  103      0.00000000   -467.27342786   -467.27342785       0       0       0
  104      0.00000000   -467.27342786   -467.27342785       0       0       0
  105      0.00000000   -467.27342786   -467.27342785       0       0       0
  106      0.00000000   -467.27342786   -467.27342785       0       0       0
  107      0.00000000   -467.27342786   -467.27342785       0       0       0
  108      0.00000000   -467.27342786   -467.27342785       0       0       0
  109      0.00000000   -467.27342786   -467.27342785       0       0       0
  110      0.00000000   -467.27342786   -467.27342785       0       0       0
  111      0.00000000   -467.27342786   -467.27342785       0       0       0
  112      0.00000000   -467.27342786   -467.27342785       0       0       0
  113     32.17404762   -122.32785518   -467.27342786       0       0     301
  114     20.19292521   -176.26550114   -467.27342785      20       0     155
  115      4.88697576   -368.08037691   -467.27342785      10       0      40
  116      0.00000007   -467.27342786   -467.27342785       2       0       3
  117      0.00000007   -467.27342786   -467.27342785       0       0       1
  118      0.00000007   -467.27342786   -467.27342785       0       0       0
  119      0.00000007   -467.27342786   -467.27342785       0       0       0
  120      0.00000007   -467.27342786   -467.27342785       0       0       0
  121      0.00000007   -467.27342786   -467.27342785       0       0       0
  122      0.00000007   -467.27342786   -467.27342785       0       0       0
  123      0.00000007   -467.27342786   -467.27342785       0       0       0
  124      0.00000007   -467.27342786   -467.27342785       0       0       0
  125      0.00000007   -467.27342786   -467.27342785       0       0       0
  126      0.00000007   -467.27342786   -467.27342785       0       0       0
  127      0.00000007   -467.27342786   -467.27342785       0       0       0
  128      0.00000007   -467.27342786   -467.27342785       0       0       0
  129     34.18513755   -133.07718891   -467.27342786       0       0     281
  130     14.46414540   -270.86448070   -467.27342786      23       0     165
  131      7.51616515   -299.03854674   -467.27342786       9       0      48
  132      0.00000000   -467.27342785   -467.27342786       1       0       5
  133      0.00000000   -467.27342785   -467.27342786       0       0       1
  134      0.00000000   -467.27342785   -467.27342786       0       0       0
  135      0.00000000   -467.27342785   -467.27342786       0       0       0
  136      0.00000000   -467.27342785   -467.27342786       0       0       0
  137      0.00000000   -467.27342785   -467.27342786       0       0       0
  138      0.00000000   -467.27342785   -467.27342786       0       0       0
  139      0.00000000   -467.27342785   -467.27342786       0       0       0
  140      0.00000000   -467.27342785   -467.27342786       0       0       0
  141      0.00000000   -467.27342785   -467.27342786       0       0       0
  142      0.00000000   -467.27342785   -467.27342786       0       0       0
  143      0.00000000   -467.27342785   -467.27342786       0       0       0
  144      0.00000000   -467.27342785   -467.27342786       0       0       0
  145     33.63098567    -23.15767774   -467.27342786       0       0     257
  146     21.35020745   -241.32732913   -467.27342786      19       0     181
  147     33.49231599    -60.57727948   -467.27342786       9       0      55
  148      2.34095569   -414.87564323   -467.27342786       8       0       6
  149      2.34095569   -414.87564323   -467.27342786       0       0       1
  150      0.00000000   -467.27342785   -467.27342786       1       0       0
  151      0.00000000   -467.27342785   -467.27342786       0       0       0
  152      0.00000000   -467.27342785   -467.27342786       0       0       0
  153      0.00000000   -467.27342785   -467.27342786       0       0       0
  154      0.00000000   -467.27342785   -467.27342786       0       0       0
  155      0.00000000   -467.27342785   -467.27342786       0       0       0
  156      0.00000000   -467.27342785   -467.27342786       0       0       0
  157      0.00000000   -467.27342785   -467.27342786       0       0       0
  158      0.00000000   -467.27342785   -467.27342786       0       0       0
  159      0.00000000   -467.27342785   -467.27342786       0       0       0
  160      0.00000000   -467.27342785   -467.27342786       0       0       0
  161     23.17886452   -181.47991840   -467.27342786       0       0     238
  162     26.46038661   -135.35869510   -467.27342786      14       0     190
  163     21.73583094    -61.33260977   -467.27342786      10       0      58
  164      3.79446091   -382.34172836   -467.27342786       9       0      12
  165      0.00000000   -467.27342786   -467.27342785       1       0       2
  166      0.00000000   -467.27342786   -467.27342785       0       0       0
  167      0.00000000   -467.27342786   -467.27342785       0       0       0
  168      0.00000000   -467.27342786   -467.27342785       0       0       0
  169      0.00000000   -467.27342786   -467.27342785       0       0       0
  170      0.00000000   -467.27342786   -467.27342785       0       0       0
  171      0.00000000   -467.27342786   -467.27342785       0       0       0
  172      0.00000000   -467.27342786   -467.27342785       0       0       0
  173      0.00000000   -467.27342786   -467.27342785       0       0       0
  174      0.00000000   -467.27342786   -467.27342785       0       0       0
  175      0.00000000   -467.27342786   -467.27342785       0       0       0
  176      0.00000000   -467.27342786   -467.27342785       0       0       0
  177     27.52723664   -132.77137979   -467.27342786       0       0     224
  178     23.30014173    -71.89920465   -467.27342785      15       0     194
  179     14.97736826   -219.18374579   -467.27342785      11       0      59
  180      9.70928840   -309.51684053   -467.27342785       5       0      20
  181      0.00000000   -467.27342785   -467.27342786       2       0       3
  182      0.00000000   -467.27342785   -467.27342786       0       0       0
  183      0.00000000   -467.27342785   -467.27342786       0       0       0
  184      0.00000000   -467.27342785   -467.27342786       0       0       0
  185      0.00000000   -467.27342785   -467.27342786       0       0       0
  186      0.00000000   -467.27342785   -467.27342786       0       0       0
  187      0.00000000   -467.27342785   -467.27342786       0       0       0
  188      0.00000000   -467.27342785   -467.27342786       0       0       0
  189      0.00000000   -467.27342785   -467.27342786       0       0       0
  190      0.00000000   -467.27342785   -467.27342786       0       0       0
  191      0.00000000   -467.27342785   -467.27342786       0       0       0
  192      0.00000000   -467.27342785   -467.27342786       0       0       0
  193     25.02042719   -201.97080390   -467.27342786       0       0     209
  194     20.06361322   -243.27573035   -467.27342786      13       0     197
  195      6.86299162   -336.81710058   -467.27342786      13       0      67
  196      0.00000000   -467.27342785   -467.27342786       3       0      22
  197      0.00000000   -467.27342785   -467.27342786       0       0       5
  198      0.00000000   -467.27342785   -467.27342786       0       0       0
  199      0.00000000   -467.27342785   -467.27342786       0       0       0
  200      0.00000000   -467.27342785   -467.27342786       0       0       0
  201      0.00000000   -467.27342785   -467.27342786       0       0       0
  202      0.00000000   -467.27342785   -467.27342786       0       0       0
  203      0.00000000   -467.27342785   -467.27342786       0       0       0
  204      0.00000000   -467.27342785   -467.27342786       0       0       0
  205      0.00000000   -467.27342785   -467.27342786       0       0       0
  206      0.00000000   -467.27342785   -467.27342786       0       0       0
  207      0.00000000   -467.27342785   -467.27342786       0       0       0
  208      0.00000000   -467.27342785   -467.27342786       0       0       0
  209     23.01105048   -115.73915101   -467.27342786       0       0     196
  210     36.78271322    -91.99234753   -467.27342785       7       0     197
  211     11.35043436   -287.57485894   -467.27342786      19       0      77
  212     11.92424708   -202.52267970   -467.27342786       4       0      25
  213      0.00000000   -467.27342785   -467.27342786       2       0       5
  214      0.00000000   -467.27342785   -467.27342786       0       0       0
  215      0.00000000   -467.27342785   -467.27342786       0       0       0
  216      0.00000000   -467.27342785   -467.27342786       0       0       0
  217      0.00000000   -467.27342785   -467.27342786       0       0       0
  218      0.00000000   -467.27342785   -467.27342786       0       0       0
  219      0.00000000   -467.27342785   -467.27342786       0       0       0
  220      0.00000000   -467.27342785   -467.27342786       0       0       0
  221      0.00000000   -467.27342785   -467.27342786       0       0       0
  222      0.00000000   -467.27342785   -467.27342786       0       0       0
  223      0.00000000   -467.27342785   -467.27342786       0       0       0
  224      0.00000000   -467.27342785   -467.27342786       0       0       0
  225     22.85713883   -172.98022030   -467.27342786       0       0     189
  226     20.06601218   -256.34260387   -467.27342786      11       0     185
  227     15.91659920   -179.98900244   -467.27342785      11       0      91
  228     23.36418843     -0.15504955   -467.27342785       4       0      29
  229      4.57905238   -364.78015940   -467.27342785       3       0       6
  230      0.00000005   -467.27342785   -467.27342785       1       0       0
  231      0.00000005   -467.27342785   -467.27342785       0       0       0
  232      0.00000005   -467.27342785   -467.27342785       0       0       0
  233      0.00000005   -467.27342785   -467.27342785       0       0       0
  234      0.00000005   -467.27342785   -467.27342785       0       0       0
  235      0.00000005   -467.27342785   -467.27342785       0       0       0
  236      0.00000005   -467.27342785   -467.27342785       0       0       0
  237      0.00000005   -467.27342785   -467.27342785       0       0       0
  238      0.00000005   -467.27342785   -467.27342785       0       0       0
  239      0.00000005   -467.27342785   -467.27342785       0       0       0
  240      0.00000005   -467.27342785   -467.27342785       0       0       0
  241     23.13582356   -221.22357923   -467.27342786       0       0     178
  242     22.36329020   -240.78398733   -467.27342785       9       0     185
  243     20.71797894   -106.52425384   -467.27342786      13       0      98
  244     10.72235354   -297.20974105   -467.27342786       8       0      30
  245     10.80835374   -286.86002819   -467.27342786       3       0       8
  246      0.00000000   -467.27342786   -467.27342785       2       0       1
  247      0.00000000   -467.27342786   -467.27342785       0       0       0
  248      0.00000000   -467.27342786   -467.27342785       0       0       0
  249      0.00000000   -467.27342786   -467.27342785       0       0       0
  250      0.00000000   -467.27342786   -467.27342785       0       0       0
  251      0.00000000   -467.27342786   -467.27342785       0       0       0
  252      0.00000000   -467.27342786   -467.27342785       0       0       0
  253      0.00000000   -467.27342786   -467.27342785       0       0       0
  254      0.00000000   -467.27342786   -467.27342785       0       0       0
  255      0.00000000   -467.27342786   -467.27342785       0       0       0
  256      0.00000000   -467.27342786   -467.27342785       0       0       0
  257     24.90569117   -179.02146698   -467.27342786       0       0     169
  258     26.35007366   -207.41512628   -467.27342786      13       0     181
  259     16.43144400   -289.14768468   -467.27342785      14       0     103
  260     22.34057858   -158.97696275   -467.27342785       8       0      35
  261      4.85535636   -358.59562696   -467.27342785       5       0       9
  262      0.00000000   -467.27342786   -467.27342786       1       0       3
  263      0.00000000   -467.27342786   -467.27342786       0       0       0
  264      0.00000000   -467.27342786   -467.27342786       0       0       0
  265      0.00000000   -467.27342786   -467.27342786       0       0       0
  266      0.00000000   -467.27342786   -467.27342786       0       0       0
  267      0.00000000   -467.27342786   -467.27342786       0       0       0
  268      0.00000000   -467.27342786   -467.27342786       0       0       0
  269      0.00000000   -467.27342786   -467.27342786       0       0       0
  270      0.00000000   -467.27342786   -467.27342786       0       0       0
  271      0.00000000   -467.27342786   -467.27342786       0       0       0
  272      0.00000000   -467.27342786   -467.27342786       0       0       0
  273     17.16959346   -223.86554416   -467.27342785       0       0     155
  274     22.93669917   -247.27173789   -467.27342786       6       0     182
  275     14.35691155   -282.52893263   -467.27342786      14       0     107
  276     18.24207806   -160.53755985   -467.27342785       7       0      40
  277      0.00000001   -467.27342786   -467.27342785       3       0      12
  278      0.00000001   -467.27342786   -467.27342785       0       0       4
  279      0.00000001   -467.27342786   -467.27342785       0       0       0
  280      0.00000001   -467.27342786   -467.27342785       0       0       0
  281      0.00000001   -467.27342786   -467.27342785       0       0       0
  282      0.00000001   -467.27342786   -467.27342785       0       0       0
  283      0.00000001   -467.27342786   -467.27342785       0       0       0
  284      0.00000001   -467.27342786   -467.27342785       0       0       0
  285      0.00000001   -467.27342786   -467.27342785       0       0       0
  286      0.00000001   -467.27342786   -467.27342785       0       0       0
  287      0.00000001   -467.27342786   -467.27342785       0       0       0
  288      0.00000001   -467.27342786   -467.27342785       0       0       0
  289     22.15815222   -165.94230613   -467.27342786       0       0     149
  290     15.31786297   -299.96950240   -467.27342785      13       0     174
  291     21.33627064   -158.03562229   -467.27342785       8       0     114
  292      8.78247763   -284.30407529   -467.27342786       6       0      44
  293     13.19041266   -172.03144456   -467.27342786       2       0      15
  294      0.00000000   -467.27342786   -467.27342786       1       0       4
  295      0.00000000   -467.27342786   -467.27342786       0       0       0
  296      0.00000000   -467.27342786   -467.27342786       0       0       0
  297      0.00000000   -467.27342786   -467.27342786       0       0       0
  298      0.00000000   -467.27342786   -467.27342786       0       0       0
  299      0.00000000   -467.27342786   -467.27342786       0       0       0
  300      0.00000000   -467.27342786   -467.27342786       0       0       0
  301      0.00000000   -467.27342786   -467.27342786       0       0       0
  302      0.00000000   -467.27342786   -467.27342786       0       0       0
  303      0.00000000   -467.27342786   -467.27342786       0       0       0
  304      0.00000000   -467.27342786   -467.27342786       0       0       0
  305     24.69530557   -213.80210063   -467.27342786       0       0     136
  306     31.45413629    -87.76921478   -467.27342786      13       0     179
  307     22.43419137   -123.16941391   -467.27342785      12       0     116
  308     18.00584705   -218.97533125   -467.27342785       9       0      48
  309      8.70986907   -323.00955753   -467.27342786       8       0      16
  310      4.97401217   -355.93974503   -467.27342786       2       0       5
  311      0.00000000   -467.27342785   -467.27342786       1       0       0
  312      0.00000000   -467.27342785   -467.27342786       0       0       0
  313      0.00000000   -467.27342785   -467.27342786       0       0       0
  314      0.00000000   -467.27342785   -467.27342786       0       0       0
  315      0.00000000   -467.27342785   -467.27342786       0       0       0
  316      0.00000000   -467.27342785   -467.27342786       0       0       0
  317      0.00000000   -467.27342785   -467.27342786       0       0       0
  318      0.00000000   -467.27342785   -467.27342786       0       0       0
  319      0.00000000   -467.27342785   -467.27342786       0       0       0
  320      0.00000000   -467.27342785   -467.27342786       0       0       0
  321     15.94425592   -240.67838228   -467.27342786       0       0     123
  322     27.62666400   -151.23206279   -467.27342786       5       0     179
  323     27.74019338    -60.08932847   -467.27342786      14       0     121
  324     14.93413340   -254.73057348   -467.27342786       8       0      48
  325      0.00000000   -467.27342785   -467.27342786       6       0      22
  326      0.00000000   -467.27342785   -467.27342786       0       0       6
  327     15.56952458   -118.77960624   -467.27342786       0       0       1
  328      0.00000000   -467.27342785   -467.27342786       1       0       0
  329      0.00000000   -467.27342785   -467.27342786       0       0       0
  330      0.00000000   -467.27342785   -467.27342786       0       0       0
  331      0.00000000   -467.27342785   -467.27342786       0       0       0
  332      0.00000000   -467.27342785   -467.27342786       0       0       0
  333      0.00000000   -467.27342785   -467.27342786       0       0       0
  334      0.00000000   -467.27342785   -467.27342786       0       0       0
  335      0.00000000   -467.27342785   -467.27342786       0       0       0
  336      0.00000000   -467.27342785   -467.27342786       0       0       0
  337     23.14664258   -180.58241642   -467.27342786       0       0     117
  338     28.25304623    -72.24018158   -467.27342786      12       0     171
  339     24.57174644   -147.27999763   -467.27342785      13       0     128
  340     13.07369144   -211.30620686   -467.27342785       7       0      49
  341      4.92071959   -357.13259692   -467.27342785       3       0      28
  342      0.00000000   -467.27342785   -467.27342786       1       0       6
  343      0.00000000   -467.27342785   -467.27342786       0       0       0
  344      0.00000000   -467.27342785   -467.27342786       0       0       1
  345      0.00000000   -467.27342785   -467.27342786       0       0       0
  346      0.00000000   -467.27342785   -467.27342786       0       0       0
  347      0.00000000   -467.27342785   -467.27342786       0       0       0
  348      0.00000000   -467.27342785   -467.27342786       0       0       0
  349      0.00000000   -467.27342785   -467.27342786       0       0       0
  350      0.00000000   -467.27342785   -467.27342786       0       0       0
  351      0.00000000   -467.27342785   -467.27342786       0       0       0
  352      0.00000000   -467.27342785   -467.27342786       0       0       0
  353     16.87974774   -216.96233207   -467.27342786       0       0     105
  354     12.83026994   -284.62270805   -467.27342785       8       0     170
  355     28.53108648   -129.81424230   -467.27342786       6       0     134
  356      6.02790575   -391.64666232   -467.27342786      12       0      53
  357      8.43302584   -278.51638589   -467.27342786       4       0      30
  358      9.24272419   -260.39284783   -467.27342785       1       0       7
  359      0.00000001   -467.27342786   -467.27342786       1       0       0
  360      0.00000001   -467.27342786   -467.27342786       0       0       1
  361      0.00000001   -467.27342786   -467.27342786       0       0       0
  362      0.00000001   -467.27342786   -467.27342786       0       0       0
  363      0.00000001   -467.27342786   -467.27342786       0       0       0
  364      0.00000001   -467.27342786   -467.27342786       0       0       0
  365      0.00000001   -467.27342786   -467.27342786       0       0       0
  366      0.00000001   -467.27342786   -467.27342786       0       0       0
  367      0.00000001   -467.27342786   -467.27342786       0       0       0
  368      0.00000001   -467.27342786   -467.27342786       0       0       0
  369     29.19089428   -140.78337228   -467.27342785       0       0      97
  370     22.52625630   -140.40141068   -467.27342785      13       0     170
  371     23.47339010   -185.13687297   -467.27342785      10       0     131
  372     21.29474036   -112.13720846   -467.27342786      16       0      61
  373     18.53962224    -78.78334431   -467.27342785       2       0      32
  374      0.00000000   -467.27342785   -467.27342786       2       0       7
  375      4.76751295   -360.56183236   -467.27342786       0       0       1
  376      0.00000000   -467.27342785   -467.27342786       1       0       1
  377      0.00000000   -467.27342785   -467.27342786       0       0       0
  378      0.00000000   -467.27342785   -467.27342786       0       0       0
  379      0.00000000   -467.27342785   -467.27342786       0       0       0
  380      0.00000000   -467.27342785   -467.27342786       0       0       0
  381      0.00000000   -467.27342785   -467.27342786       0       0       0
  382      0.00000000   -467.27342785   -467.27342786       0       0       0
  383      0.00000000   -467.27342785   -467.27342786       0       0       0
  384      0.00000000   -467.27342785   -467.27342786       0       0       0
  385     25.76400035   -158.80846177   -467.27342786       0       0      84
  386     31.57384567   -117.41963559   -467.27342786      11       0     173
  387     16.89800850   -229.32342765   -467.27342786      14       0     125
  388     11.95232435   -280.51600011   -467.27342786       5       0      75
  389     21.92943440   -123.98665180   -467.27342786       4       0      32
  390      0.00000000   -467.27342785   -467.27342785       5       0       9
  391      0.00000000   -467.27342785   -467.27342785       0       0       0
  392      0.00000000   -467.27342785   -467.27342785       0       0       2
  393      0.00000000   -467.27342785   -467.27342785       0       0       0
  394      0.00000000   -467.27342785   -467.27342785       0       0       0
  395      0.00000000   -467.27342785   -467.27342785       0       0       0
  396      0.00000000   -467.27342785   -467.27342785       0       0       0
  397      0.00000000   -467.27342785   -467.27342785       0       0       0
  398      0.00000000   -467.27342785   -467.27342785       0       0       0
  399      0.00000000   -467.27342785   -467.27342785       0       0       0
  400      0.00000000   -467.27342785   -467.27342785       0       0       0
  401     33.19877104      0.51895370   -467.27342785       0       0      73
  402     25.53755594   -226.45968717   -467.27342786       8       0     170
  403     28.26500644    -87.58153812   -467.27342786      13       0     134
  404     22.66933976   -182.66411221   -467.27342785       9       0      76
  405      7.88323109   -290.82248262   -467.27342786       8       0      31
  406      7.23023014   -307.46350454   -467.27342786       1       0      14
  407      0.00000001   -467.27342786   -467.27342786       2       0       0
  408      0.00000001   -467.27342786   -467.27342786       0       0       2
  409      0.00000001   -467.27342786   -467.27342786       0       0       0
  410      0.00000001   -467.27342786   -467.27342786       0       0       0
  411      0.00000001   -467.27342786   -467.27342786       0       0       0
  412      0.00000001   -467.27342786   -467.27342786       0       0       0
  413      0.00000001   -467.27342786   -467.27342786       0       0       0
  414      0.00000001   -467.27342786   -467.27342786       0       0       0
  415      0.00000001   -467.27342786   -467.27342786       0       0       0
  416      0.00000001   -467.27342786   -467.27342786       0       0       0
  417     22.27804261    -95.49025421   -467.27342785       0       0      65
  418     19.73030436   -191.15215712   -467.27342785       3       0     165
  419     16.74905075   -278.50324948   -467.27342786       8       0     138
  420     24.49712961   -175.96851525   -467.27342785       9       0      77
  421     11.52889998   -235.53991626   -467.27342786      11       0      38
  422     16.20290627   -109.23072465   -467.27342786       2       0      13
  423     14.56295962   -141.30962427   -467.27342785       2       0       2
  424      0.00000001   -467.27342786   -467.27342785       1       0       2
  425      0.00000001   -467.27342786   -467.27342785       0       0       0
  426      0.00000001   -467.27342786   -467.27342785       0       0       0
  427      0.00000001   -467.27342786   -467.27342785       0       0       0
  428      0.00000001   -467.27342786   -467.27342785       0       0       0
  429      0.00000001   -467.27342786   -467.27342785       0       0       0
  430      0.00000001   -467.27342786   -467.27342785       0       0       0
  431      0.00000001   -467.27342786   -467.27342785       0       0       0
  432      0.00000001   -467.27342786   -467.27342785       0       0       0
  433     11.23215108   -309.64644045   -467.27342785       0       0      61
  434     35.92026832    -67.62437888   -467.27342786       4       0     162
  435     25.72740723   -157.22737562   -467.27342785      16       0     136
  436     11.77340550   -273.19666060   -467.27342785      11       0      75
  437      0.00000002   -467.27342785   -467.27342785       2       0      47
  438      0.00000002   -467.27342785   -467.27342785       0       0      13
  439      0.00000002   -467.27342785   -467.27342785       0       0       3
  440     11.03952288   -220.17496966   -467.27342785       0       0       3
  441      0.00000002   -467.27342785   -467.27342785       1       0       0
  442      0.00000002   -467.27342785   -467.27342785       0       0       0
  443      0.00000002   -467.27342785   -467.27342785       0       0       0
  444      0.00000002   -467.27342785   -467.27342785       0       0       0
  445      0.00000002   -467.27342785   -467.27342785       0       0       0
  446      0.00000002   -467.27342785   -467.27342785       0       0       0
  447      0.00000002   -467.27342785   -467.27342785       0       0       0
  448      0.00000002   -467.27342785   -467.27342785       0       0       0
  449     12.02536927   -267.94463696   -467.27342786       0       0      57
  450     18.49050402   -197.32816603   -467.27342785       4       0     150
  451     26.18837195   -135.24034217   -467.27342785       7       0     141
  452     12.80719542   -252.21999108   -467.27342786       8       0      84
  453     15.21115792   -219.86034021   -467.27342785       4       0      49
  454     15.10932796   -129.08022128   -467.27342785       3       0      13
  455      0.00000002   -467.27342785   -467.27342785       1       0       3
  456     13.73009824   -159.95162229   -467.27342785       0       0       2
  457      0.00000002   -467.27342785   -467.27342785       1       0       1
  458      0.00000002   -467.27342785   -467.27342785       0       0       0
  459      0.00000002   -467.27342785   -467.27342785       0       0       0
  460      0.00000002   -467.27342785   -467.27342785       0       0       0
  461      0.00000002   -467.27342785   -467.27342785       0       0       0
  462      0.00000002   -467.27342785   -467.27342785       0       0       0
  463      0.00000002   -467.27342785   -467.27342785       0       0       0
  464      0.00000002   -467.27342785   -467.27342785       0       0       0
  465     29.94193744     -0.00025361   -467.27342785       0       0      53
  466     28.09615187   -108.97833971   -467.27342785      10       0     147
  467     19.51297036   -229.71226011   -467.27342786      11       0     140
  468     21.97983566   -166.60486328   -467.27342786      11       0      88
  469     13.68897292   -263.81367142   -467.27342786       6       0      50
  470     16.36117138   -107.05075770   -467.27342786       4       0      15
  471      0.00000008   -467.27342786   -467.27342786       3       0       4
  472      0.00000008   -467.27342786   -467.27342786       0       0       1
  473      0.00000008   -467.27342786   -467.27342786       0       0       2
  474      0.00000008   -467.27342786   -467.27342786       0       0       0
  475      0.00000008   -467.27342786   -467.27342786       0       0       0
  476      0.00000008   -467.27342786   -467.27342786       0       0       0
  477      0.00000008   -467.27342786   -467.27342786       0       0       0
  478      0.00000008   -467.27342786   -467.27342786       0       0       0
  479      0.00000008   -467.27342786   -467.27342786       0       0       0
  480      0.00000008   -467.27342786   -467.27342786       0       0       0
  481      4.94836165   -356.51388270   -467.27342786       0       0      43
  482     27.36975745   -178.17629840   -467.27342785       1       0     146
  483     25.03757169   -137.76842608   -467.27342785      13       0     139
  484     12.78855532   -263.31346131   -467.27342785      12       0      94
  485     21.88487715    -65.34318939   -467.27342786       3       0      53
  486      4.03186772   -377.02783413   -467.27342785       5       0      15
  487      0.00000000   -467.27342785   -467.27342785       1       0       7
  488      8.22641869   -283.14088908   -467.27342786       0       0       1
  489      0.00000000   -467.27342785   -467.27342785       1       0       2
  490      0.00000000   -467.27342785   -467.27342785       0       0       0
  491      0.00000000   -467.27342785   -467.27342785       0       0       0
  492      0.00000000   -467.27342785   -467.27342785       0       0       0
  493      0.00000000   -467.27342785   -467.27342785       0       0       0
  494      0.00000000   -467.27342785   -467.27342785       0       0       0
  495      0.00000000   -467.27342785   -467.27342785       0       0       0
  496      0.00000000   -467.27342785   -467.27342785       0       0       0
  497      4.52082259   -377.95765565   -467.27342785       0       0      42
  498     20.25139353   -172.40096478   -467.27342785       2       0     134
  499     28.87746811    -13.77604185   -467.27342785       6       0     140
  500     21.62124108   -139.16804006   -467.27342785       8       0     103
  501     11.23578957   -253.56687334   -467.27342785      10       0      51
  502      2.18698204   -418.32204693   -467.27342786       4       0      19
  503      0.00000000   -467.27342786   -467.27342786       1       0       8
  504      0.00000000   -467.27342786   -467.27342786       0       0       0
  505      0.00000000   -467.27342786   -467.27342786       0       0       3
  506      0.00000000   -467.27342786   -467.27342786       0       0       0
  507      0.00000000   -467.27342786   -467.27342786       0       0       0
  508      0.00000000   -467.27342786   -467.27342786       0       0       0
  509      0.00000000   -467.27342786   -467.27342786       0       0       0
  510      0.00000000   -467.27342786   -467.27342786       0       0       0
  511      0.00000000   -467.27342786   -467.27342786       0       0       0
  512      0.00000000   -467.27342786   -467.27342786       0       0       0
  513      5.27875986   -349.11855499   -467.27342786       0       0      40
  514     26.10215216   -167.95449639   -467.27342786       1       0     130
  515     30.62073387   -151.85800078   -467.27342786      10       0     138
  516     12.16024454   -237.97440163   -467.27342785      15       0     100
  517     11.33311947   -261.22342714   -467.27342786       5       0      59
  518      5.33352006   -347.89285349   -467.27342786       4       0      21
  519      7.66475250   -295.71270503   -467.27342785       1       0       9
  520      0.00000000   -467.27342785   -467.27342786       1       0       0
  521      2.25092410   -416.89082715   -467.27342786       0       0       3
  522      0.00000000   -467.27342785   -467.27342786       1       0       0
  523      0.00000000   -467.27342785   -467.27342786       0       0       0
  524      0.00000000   -467.27342785   -467.27342786       0       0       0
  525      0.00000000   -467.27342785   -467.27342786       0       0       0
  526      0.00000000   -467.27342785   -467.27342786       0       0       0
  527      0.00000000   -467.27342785   -467.27342786       0       0       0
  528      0.00000000   -467.27342785   -467.27342786       0       0       0
  529      3.53816490   -388.07842094   -467.27342786       0       0      39
  530     24.67835755   -161.39741485   -467.27342785       1       0     121
  531     13.58116577   -321.81769025   -467.27342785       6       0     133
  532     16.92537452   -220.07965059   -467.27342785       8       0     110
  533     14.70648931   -169.97565424   -467.27342785       7       0      60
  534      6.19605787   -363.48692218   -467.27342786       3       0      24
  535      1.48790088   -433.96963228   -467.27342786       2       0       9
  536      0.00000001   -467.27342786   -467.27342786       1       0       1
  537      0.00000001   -467.27342786   -467.27342786       0       0       2
  538      0.00000001   -467.27342786   -467.27342786       0       0       1
  539      0.00000001   -467.27342786   -467.27342786       0       0       0
  540      0.00000001   -467.27342786   -467.27342786       0       0       0
  541      0.00000001   -467.27342786   -467.27342786       0       0       0
  542      0.00000001   -467.27342786   -467.27342786       0       0       0
  543      0.00000001   -467.27342786   -467.27342786       0       0       0
  544      0.00000001   -467.27342786   -467.27342786       0       0       0
  545      5.28725032   -348.92851248   -467.27342785       0       0      38
  546     16.75237800   -219.29603915   -467.27342786       0       0     116
  547     30.50530931   -119.16780806   -467.27342786       8       0     130
  548     19.65428597   -192.43826318   -467.27342786       7       0     113
  549      6.07786278   -362.35194320   -467.27342786       7       0      63
  550      5.65080565   -362.35194320   -467.27342786       3       0      25
  551      5.04276447   -354.40085740   -467.27342786       3       0      10
  552      0.00000003   -467.27342785   -467.27342786       1       0       2
  553      0.00000003   -467.27342785   -467.27342786       0       0       2
  554      0.00000003   -467.27342785   -467.27342786       0       0       1
  555      0.00000003   -467.27342785   -467.27342786       0       0       0
  556      0.00000003   -467.27342785   -467.27342786       0       0       0
  557      0.00000003   -467.27342785   -467.27342786       0       0       0
  558      0.00000003   -467.27342785   -467.27342786       0       0       0
  559      0.00000003   -467.27342785   -467.27342786       0       0       0
  560      0.00000003   -467.27342785   -467.27342786       0       0       0
  561      8.52811809   -297.67754809   -467.27342786       0       0      37
  562     16.55846381   -277.91967009   -467.27342786       3       0     110
  563     25.41373262   -173.82602824   -467.27342786      10       0     129
  564     19.99139678   -158.45148884   -467.27342786      11       0     115
  565     15.02145503   -170.23836126   -467.27342786       7       0      65
  566     20.08395309    -29.00059360   -467.27342786       3       0      27
  567     12.08364776   -196.80424518   -467.27342785       2       0      11
  568      0.00000000   -467.27342786   -467.27342785       1       0       3
  569     13.28931883   -169.81762033   -467.27342786       0       0       2
  570      7.95537298   -289.20772534   -467.27342785       1       0       1
  571      0.00000000   -467.27342786   -467.27342785       1       0       0
  572      0.00000000   -467.27342786   -467.27342785       0       0       0
  573      0.00000000   -467.27342786   -467.27342785       0       0       0
  574      0.00000000   -467.27342786   -467.27342785       0       0       0
  575      0.00000000   -467.27342786   -467.27342785       0       0       0
  576      0.00000000   -467.27342786   -467.27342785       0       0       0
  577      8.75641038   -277.08184410   -467.27342785       0       0      34
  578     20.44064014   -184.43572738   -467.27342785       2       0     103
  579     28.49714929   -184.43572738   -467.27342785       6       0     128
  580     14.86580655   -278.09410772   -467.27342786      17       0     119
  581     25.48923495   -148.13585506   -467.27342785       5       0      69
  582     12.71615030   -201.08013645   -467.27342786       7       0      28
  583     17.01988590   -177.10654479   -467.27342786       2       0      12
  584      4.40924052   -368.58107067   -467.27342786       3       0       4
  585      0.00000001   -467.27342785   -467.27342786       1       0       1
  586      0.00000001   -467.27342785   -467.27342786       0       0       1
  587      0.00000001   -467.27342785   -467.27342786       0       0       1
  588      0.00000001   -467.27342785   -467.27342786       0       0       0
  589      0.00000001   -467.27342785   -467.27342786       0       0       0
  590      0.00000001   -467.27342785   -467.27342786       0       0       0
  591      0.00000001   -467.27342785   -467.27342786       0       0       0
  592      0.00000001   -467.27342785   -467.27342786       0       0       0
  593     17.85880954    -92.30681650   -467.27342786       0       0      32
  594     23.44230490   -110.44075156   -467.27342786       4       0      98
  595     18.28460943   -180.62361282   -467.27342786       7       0     119
  596     23.24656526   -156.34928006   -467.27342786       7       0     130
  597     15.67368197   -173.06735022   -467.27342785      10       0      67
  598      1.50811063   -433.51727588   -467.27342786       3       0      33
  599      8.04065334   -297.83247284   -467.27342785       1       0      11
  600      0.00000000   -467.27342786   -467.27342786       2       0       6
  601      0.00000000   -467.27342786   -467.27342786       0       0       2
  602      0.00000000   -467.27342786   -467.27342786       0       0       1
  603      0.00000000   -467.27342786   -467.27342786       0       0       1
  604      0.00000000   -467.27342786   -467.27342786       0       0       0
  605      0.00000000   -467.27342786   -467.27342786       0       0       0
  606      0.00000000   -467.27342786   -467.27342786       0       0       0
  607      0.00000000   -467.27342786   -467.27342786       0       0       0
  608      0.00000000   -467.27342786   -467.27342786       0       0       0
  609      0.00000000   -467.27342786   -467.27342786       0       0      28
  610     22.18665753   -196.56317137   -467.27342785       0       0      95
  611     23.33964686   -210.20117295   -467.27342785       6       0     118
  612     26.11317188    -58.37184514   -467.27342786      12       0     129
  613     22.04503610   -151.20051705   -467.27342785       8       0      73
  614     10.39431464   -308.48425455   -467.27342786       5       0      35
  615      0.00000002   -467.27342785   -467.27342786       3       0      10
  616      0.00000002   -467.27342785   -467.27342786       0       0       8
  617      0.00000002   -467.27342785   -467.27342786       0       0       2
  618      0.00000002   -467.27342785   -467.27342786       0       0       1
  619      0.00000002   -467.27342785   -467.27342786       0       0       1
  620      0.00000002   -467.27342785   -467.27342786       0       0       0
  621      0.00000002   -467.27342785   -467.27342786       0       0       0
  622      0.00000002   -467.27342785   -467.27342786       0       0       0
  623      0.00000002   -467.27342785   -467.27342786       0       0       0
  624      0.00000002   -467.27342785   -467.27342786       0       0       0
  625      0.00000002   -467.27342785   -467.27342786       0       0      28
  626     18.24744452   -185.48855385   -467.27342786       0       0      89
  627     24.47193585   -193.73516959   -467.27342786       7       0     112
  628     18.04569085   -196.99550501   -467.27342786       9       0     133
  629     12.74896654   -299.01236058   -467.27342786       4       0      75
  630      4.66905978   -380.30625685   -467.27342786       5       0      39
  631      0.00000000   -467.27342785   -467.27342786       2       0      12
  632      8.10524766   -285.85306919   -467.27342786       0       0       8
  633      0.00000000   -467.27342785   -467.27342786       1       0       2
  634      0.00000000   -467.27342785   -467.27342786       0       0       1
  635      0.00000000   -467.27342785   -467.27342786       0       0       1
  636      0.00000000   -467.27342785   -467.27342786       0       0       0
  637      0.00000000   -467.27342785   -467.27342786       0       0       0
  638      0.00000000   -467.27342785   -467.27342786       0       0       0
  639      0.00000000   -467.27342785   -467.27342786       0       0       0
  640      0.00000000   -467.27342785   -467.27342786       0       0       0
  641      5.67737122   -358.03036673   -467.27342786       0       0      28
  642     12.92898239   -261.12792801   -467.27342785       2       0      82
  643     12.03040162   -315.25502585   -467.27342785       4       0     109
  644     25.09151867   -133.49757021   -467.27342786       6       0     140
  645     15.14562685   -196.68817958   -467.27342785      10       0      73
  646      7.76638496   -300.64010038   -467.27342785       6       0      42
  647      5.28891431   -348.89126714   -467.27342785       2       0      14
  648      0.00000008   -467.27342785   -467.27342785       1       0       7
  649      0.00000008   -467.27342785   -467.27342785       0       0       3
  650      0.00000008   -467.27342785   -467.27342785       0       0       1
  651      0.00000008   -467.27342785   -467.27342785       0       0       1
  652      0.00000008   -467.27342785   -467.27342785       0       0       0
  653      0.00000008   -467.27342785   -467.27342785       0       0       0
  654      0.00000008   -467.27342785   -467.27342785       0       0       0
  655      0.00000008   -467.27342785   -467.27342785       0       0       0
  656      0.00000008   -467.27342785   -467.27342785       0       0       0
  657      5.34529241   -347.62935204   -467.27342785       0       0      26
  658     22.27598786   -116.76148322   -467.27342785       1       0      80
  659     24.91976762   -190.98811386   -467.27342785       6       0     107
  660     22.39251318   -151.78310382   -467.27342786      12       0     136
  661     10.54602325   -315.69053273   -467.27342786       6       0      77
  662      3.08483265   -398.22539021   -467.27342785       4       0      46
  663      4.09097681   -375.70479093   -467.27342785       1       0      15
  664      4.07299160   -376.10735527   -467.27342786       1       0       8
  665      4.71557307   -361.72440667   -467.27342786       1       0       3
  666      0.00000003   -467.27342786   -467.27342785       1       0       1
  667      0.00000003   -467.27342786   -467.27342785       0       0       1
  668      0.00000003   -467.27342786   -467.27342785       0       0       0
  669      0.00000003   -467.27342786   -467.27342785       0       0       0
  670      0.00000003   -467.27342786   -467.27342785       0       0       0
  671      0.00000003   -467.27342786   -467.27342785       0       0       0
  672      0.00000003   -467.27342786   -467.27342785       0       0       0
  673     10.78554975   -243.73914026   -467.27342786       0       0      25
  674     16.26406455   -188.36306937   -467.27342785       2       0      74
  675     23.77324725    -88.70565298   -467.27342786       4       0     103
  676     18.21631760   -241.80540914   -467.27342785       9       0     141
  677     18.69648084   -158.92801037   -467.27342786      10       0      79
  678      4.84350599   -358.86087459   -467.27342786       5       0      49
  679     15.51525735   -128.65265737   -467.27342786       1       0      15
  680      0.00000001   -467.27342785   -467.27342786       2       0       8
  681      0.00000001   -467.27342785   -467.27342786       0       0       3
  682      0.00000001   -467.27342785   -467.27342786       0       0       2
  683      0.00000001   -467.27342785   -467.27342786       0       0       1
  684      0.00000001   -467.27342785   -467.27342786       0       0       0
  685      0.00000001   -467.27342785   -467.27342786       0       0       0
  686      0.00000001   -467.27342785   -467.27342786       0       0       0
  687      0.00000001   -467.27342785   -467.27342786       0       0       0
  688      0.00000001   -467.27342785   -467.27342786       0       0       0
  689      7.39661624   -347.28378240   -467.27342786       0       0      23
  690     29.47981089   -140.46412879   -467.27342786       2       0      72
  691     18.28099821   -241.85511400   -467.27342785      10       0      98
  692     22.71239628   -125.85148113   -467.27342786       5       0     139
  693     21.56011555   -159.64195707   -467.27342786      11       0      86
  694     18.11067294   -161.38945203   -467.27342786       5       0      52
  695      0.00000000   -467.27342785   -467.27342786       6       0      14
  696      3.10838933   -397.69811935   -467.27342786       0       0      10
  697      0.00000000   -467.27342785   -467.27342786       1       0       3
  698      0.00000000   -467.27342785   -467.27342786       0       0       2
  699      0.00000000   -467.27342785   -467.27342786       0       0       1
  700      0.00000000   -467.27342785   -467.27342786       0       0       0
  701      0.00000000   -467.27342785   -467.27342786       0       0       0
  702      0.00000000   -467.27342785   -467.27342786       0       0       0
  703      0.00000000   -467.27342785   -467.27342786       0       0       0
  704      0.00000000   -467.27342785   -467.27342786       0       0       0
  705      0.00000000   -467.27342785   -467.27342786       0       0      20
  706     12.08705922   -265.72679514   -467.27342786       0       0      66
  707     20.51928061   -237.14023802   -467.27342785       3       0     102
  708     35.51082858    -66.03806700   -467.27342785       7       0     133
  709     11.82460237   -290.64798907   -467.27342785      11       0      91
  710      4.20999448   -391.56929396   -467.27342786       4       0      53
  711      9.17976622   -276.34868066   -467.27342786       3       0      19
  712      0.00000001   -467.27342786   -467.27342785       2       0       9
  713      0.00000001   -467.27342786   -467.27342785       0       0       4
  714      0.00000001   -467.27342786   -467.27342785       0       0       2
  715      0.00000001   -467.27342786   -467.27342785       0       0       1
  716      0.00000001   -467.27342786   -467.27342785       0       0       0
  717      0.00000001   -467.27342786   -467.27342785       0       0       0
  718      0.00000001   -467.27342786   -467.27342785       0       0       0
  719      0.00000001   -467.27342786   -467.27342785       0       0       0
  720      0.00000001   -467.27342786   -467.27342785       0       0       0
  721      0.00000001   -467.27342786   -467.27342785       0       0      20
  722     11.44969840   -297.48491345   -467.27342786       0       0      63
  723     25.19092608   -106.39724543   -467.27342786       6       0      98
  724     19.04888577   -254.95580913   -467.27342785       9       0     129
  725     23.54340590   -118.24450192   -467.27342785      10       0      98
  726      2.09767734   -420.32096067   -467.27342785       7       0      54
  727      8.41995677   -278.80891186   -467.27342785       1       0      20
  728      0.00000001   -467.27342785   -467.27342785       1       0      11
  729      2.67955035   -407.29685391   -467.27342785       0       0       4
  730      0.00000001   -467.27342785   -467.27342785       1       0       2
  731      0.00000001   -467.27342785   -467.27342785       0       0       1
  732      0.00000001   -467.27342785   -467.27342785       0       0       0
  733      0.00000001   -467.27342785   -467.27342785       0       0       0
  734      0.00000001   -467.27342785   -467.27342785       0       0       0
  735      0.00000001   -467.27342785   -467.27342785       0       0       0
  736      0.00000001   -467.27342785   -467.27342785       0       0       0
  737     18.14477227    -85.59562170   -467.27342785       0       0      20
  738      7.37288639   -343.79662735   -467.27342785       2       0      57
  739     11.44821899   -334.04651207   -467.27342786       2       0      95
  740     23.09411044   -226.73269837   -467.27342786       5       0     128
  741     17.04129860   -196.89716879   -467.27342786      10       0     101
  742      7.75397746   -367.01347170   -467.27342786       6       0      60
  743      6.94231103   -348.35386800   -467.27342786       3       0      20
  744     15.50333301   -120.26117697   -467.27342786       2       0      12
  745      0.00000000   -467.27342785   -467.27342786       1       0       3
  746      0.00000000   -467.27342785   -467.27342786       0       0       3
  747      0.00000000   -467.27342785   -467.27342786       0       0       1
  748      0.00000000   -467.27342785   -467.27342786       0       0       0
  749      0.00000000   -467.27342785   -467.27342786       0       0       0
  750      0.00000000   -467.27342785   -467.27342786       0       0       0
  751      0.00000000   -467.27342785   -467.27342786       0       0       0
  752      0.00000000   -467.27342785   -467.27342786       0       0       0
  753      9.79855467   -316.98528698   -467.27342786       0       0      18
  754     18.19823774   -239.39967536   -467.27342786       3       0      57
  755     12.76212175   -248.95047468   -467.27342786       7       0      91
  756     17.47405077   -254.41567552   -467.27342786       4       0     125
  757     18.84058840   -200.15841181   -467.27342786       7       0     104
  758     24.77080517   -178.36234438   -467.27342786       6       0      62
  759      1.22146420   -439.93330412   -467.27342786       9       0      23
  760      0.00000000   -467.27342785   -467.27342786       1       0      12
  761      4.55054703   -365.41819673   -467.27342785       0       0       4
  762      0.00000000   -467.27342785   -467.27342786       1       0       3
  763      0.00000000   -467.27342785   -467.27342786       0       0       1
  764      0.00000000   -467.27342785   -467.27342786       0       0       0
  765      0.00000000   -467.27342785   -467.27342786       0       0       0
  766      0.00000000   -467.27342785   -467.27342786       0       0       0
  767      0.00000000   -467.27342785   -467.27342786       0       0       0
  768      0.00000000   -467.27342785   -467.27342786       0       0       0
  769      2.42332711   -413.03191760   -467.27342786       0       0      15
  770     16.39495749   -250.85859432   -467.27342785       1       0      53
  771     12.27457235   -319.10695110   -467.27342786       6       0      94
  772     21.26911074   -130.17655762   -467.27342785       7       0     122
  773     27.16670451   -145.17556063   -467.27342786       9       0     105
  774     20.55474905   -176.60692340   -467.27342786      11       0      59
  775     11.18992702   -261.14977597   -467.27342786       5       0      31
  776      0.00000001   -467.27342786   -467.27342786       4       0      13
  777      9.13538274   -262.79547943   -467.27342786       0       0       3
  778      0.00000001   -467.27342786   -467.27342786       1       0       4
  779      0.00000001   -467.27342786   -467.27342786       0       0       1
  780      0.00000001   -467.27342786   -467.27342786       0       0       0
  781      0.00000001   -467.27342786   -467.27342786       0       0       0
  782      0.00000001   -467.27342786   -467.27342786       0       0       0
  783      0.00000001   -467.27342786   -467.27342786       0       0       0
  784      0.00000001   -467.27342786   -467.27342786       0       0       0
  785     11.14741098   -267.39808886   -467.27342786       0       0      14
  786     12.99008824   -183.94290886   -467.27342786       2       0      48
  787     18.62731907   -146.13464501   -467.27342786       2       0      93
  788     15.79392751   -173.84560536   -467.27342786       7       0     119
  789     24.84846265    -95.75216329   -467.27342785       6       0     104
  790     30.32550074   -100.92650894   -467.27342786       9       0      66
  791      1.00312228   -444.82046748   -467.27342786       9       0      31
  792      4.37012274   -369.45664686   -467.27342786       1       0      17
  793      0.00000000   -467.27342786   -467.27342786       1       0       2
  794      0.00000000   -467.27342786   -467.27342786       0       0       5
  795     12.25127963   -193.05212863   -467.27342786       0       0       1
  796      0.00000000   -467.27342786   -467.27342786       1       0       0
  797      0.00000000   -467.27342786   -467.27342786       0       0       0
  798      0.00000000   -467.27342786   -467.27342786       0       0       0
  799      0.00000000   -467.27342786   -467.27342786       0       0       0
  800      0.00000000   -467.27342786   -467.27342786       0       0       0
  801      8.34597327   -280.46489019   -467.27342785       0       0      12
  802     14.48142818   -159.83478901   -467.27342786       1       0      48
  803     18.03934388   -208.82312922   -467.27342786       2       0      88
  804     24.83255051   -185.40828683   -467.27342786       9       0     120
  805     23.40750173   -111.09456158   -467.27342786      10       0     101
  806     15.46678864   -232.57464021   -467.27342785      10       0      66
  807     17.85048587   -182.38310725   -467.27342786       5       0      39
  808      0.00000003   -467.27342776   -467.27342785       3       0      17
  809      3.93424184   -379.21300139   -467.27342785       0       0       3
  810     14.30374066   -223.52175276   -467.27342786       1       0       5
  811      2.42580598   -412.97643293   -467.27342785       2       0       0
  812      0.00000003   -467.27342776   -467.27342785       1       0       1
  813      0.00000003   -467.27342776   -467.27342785       0       0       0
  814      0.00000003   -467.27342776   -467.27342785       0       0       0
  815      0.00000003   -467.27342776   -467.27342785       0       0       0
  816      0.00000003   -467.27342776   -467.27342785       0       0       0
  817      9.50388758   -279.96203876   -467.27342785       0       0      11
  818     14.37555903   -261.83361677   -467.27342785       2       0      47
  819     23.12096458   -157.16199778   -467.27342785       5       0      81
  820     29.19900328   -134.25493976   -467.27342785       5       0     119
  821     21.81600971   -165.16441705   -467.27342786      10       0     101
  822     19.44020989   -171.70475603   -467.27342786       7       0      71
  823      0.00000001   -467.27342785   -467.27342786       9       0      41
  824      0.00000001   -467.27342785   -467.27342786       0       0      20
  825      0.00000001   -467.27342785   -467.27342786       0       0       2
  826      0.00000001   -467.27342785   -467.27342786       0       0       4
  827      0.00000001   -467.27342785   -467.27342786       0       0       1
  828      0.00000001   -467.27342785   -467.27342786       0       0       2
  829      0.00000001   -467.27342785   -467.27342786       0       0       0
  830      0.00000001   -467.27342785   -467.27342786       0       0       0
  831      0.00000001   -467.27342785   -467.27342786       0       0       0
  832      0.00000001   -467.27342785   -467.27342786       0       0       0
  833     17.54464859    -74.57025921   -467.27342786       0       0       9
  834     17.55289955   -197.65084433   -467.27342786       1       0      44
  835     15.26315373   -240.00155778   -467.27342786       5       0      81
  836     26.03221467    -93.61778100   -467.27342786       3       0     114
  837     17.79159394   -167.73618094   -467.27342785       8       0     104
  838     15.97500158   -206.59769314   -467.27342786       6       0      69
  839     11.08927362   -332.55573740   -467.27342786       6       0      50
  840     11.63517337   -206.84248066   -467.27342786       5       0      20
  841      0.00000000   -467.27342786   -467.27342786       1       0       2
  842      7.19838962   -306.15134004   -467.27342786       0       0       4
  843      2.52784549   -410.69247507   -467.27342786       1       0       1
  844      0.00000000   -467.27342786   -467.27342786       1       0       2
  845      0.00000000   -467.27342786   -467.27342786       0       0       0
  846      0.00000000   -467.27342786   -467.27342786       0       0       0
  847      0.00000000   -467.27342786   -467.27342786       0       0       0
  848      0.00000000   -467.27342786   -467.27342786       0       0       0
  849      0.00000000   -467.27342786   -467.27342786       0       0       8
  850     16.10212803   -164.47813055   -467.27342786       0       0      40
  851     19.17205292   -227.01623948   -467.27342786       3       0      83
  852     23.45627919   -155.49015252   -467.27342786       9       0     109
  853     30.17343882   -141.81865410   -467.27342785      10       0     106
  854     18.43825462   -199.72313893   -467.27342785      16       0      69
  855     14.59938612   -192.76473217   -467.27342786       7       0      51
  856      5.33591930   -379.51054889   -467.27342786       3       0      24
  857      0.00000000   -467.27342785   -467.27342786       2       0       3
  858      0.00000000   -467.27342785   -467.27342786       0       0       3
  859      0.00000000   -467.27342785   -467.27342786       0       0       1
  860      0.00000000   -467.27342785   -467.27342786       0       0       3
  861      0.00000000   -467.27342785   -467.27342786       0       0       0
  862      0.00000000   -467.27342785   -467.27342786       0       0       0
  863      0.00000000   -467.27342785   -467.27342786       0       0       0
  864      0.00000000   -467.27342785   -467.27342786       0       0       0
  865      0.00000000   -467.27342785   -467.27342786       0       0       8
  866     11.03062403   -318.41096253   -467.27342785       0       0      37
  867     11.84768275   -261.18904050   -467.27342785       5       0      77
  868     30.37434214   -129.50555389   -467.27342786       4       0     108
  869     27.63821813   -137.27421117   -467.27342786      11       0     100
  870     24.57236475   -171.51627884   -467.27342786       8       0      78
  871     10.85072545   -263.37974539   -467.27342785       7       0      55
  872      5.57808232   -353.08022241   -467.27342785       4       0      25
  873      0.00000001   -467.27342786   -467.27342786       2       0       5
  874      0.00000001   -467.27342786   -467.27342786       0       0       3
  875      0.00000001   -467.27342786   -467.27342786       0       0       1
  876      0.00000001   -467.27342786   -467.27342786       0       0       3
  877      0.00000001   -467.27342786   -467.27342786       0       0       0
  878      0.00000001   -467.27342786   -467.27342786       0       0       0
  879      0.00000001   -467.27342786   -467.27342786       0       0       0
  880      0.00000001   -467.27342786   -467.27342786       0       0       0
  881      3.79211004   -382.39434807   -467.27342786       0       0       8
  882      7.78488571   -333.01087014   -467.27342786       1       0      32
  883     20.50628388   -168.34281744   -467.27342786       2       0      78
  884     22.50639672   -196.68601182   -467.27342786       6       0     101
  885     28.43280801    -11.92757850   -467.27342786      10       0     103
  886      9.06642108   -321.78084448   -467.27342786       6       0      79
  887     11.91138453   -230.73523973   -467.27342785       3       0      58
  888      5.42220879   -355.46311987   -467.27342786       2       0      27
  889      0.00000002   -467.27342786   -467.27342785       2       0       7
  890      0.00000002   -467.27342786   -467.27342785       0       0       3
  891      0.00000002   -467.27342786   -467.27342785       0       0       1
  892      0.00000002   -467.27342786   -467.27342785       0       0       3
  893      0.00000002   -467.27342786   -467.27342785       0       0       0
  894      0.00000002   -467.27342786   -467.27342785       0       0       0
  895      0.00000002   -467.27342786   -467.27342785       0       0       0
  896      0.00000002   -467.27342786   -467.27342785       0       0       0
  897      5.70482832   -339.58183315   -467.27342785       0       0       7
  898     12.60775952   -238.57508450   -467.27342786       1       0      31
  899     20.30522302   -182.41812359   -467.27342785       3       0      74
  900     26.49351305   -174.35822335   -467.27342782       5       0      97
  901     15.65778019   -276.09851305   -467.27342786      10       0     107
  902     16.91836127   -173.90121950   -467.27342785       7       0      82
  903     20.15628157   -188.47909323   -467.27342782       4       0      59
  904     12.79803393   -254.41865371   -467.27342785       8       0      27
  905      0.00000003   -467.27342785   -467.27342786       3       0       9
  906      0.00000003   -467.27342785   -467.27342786       0       0       3
  907      0.00000003   -467.27342785   -467.27342786       0       0       1
  908      0.00000003   -467.27342785   -467.27342786       0       0       3
  909      0.00000003   -467.27342785   -467.27342786       0       0       0
  910      0.00000003   -467.27342785   -467.27342786       0       0       0
  911      0.00000003   -467.27342785   -467.27342786       0       0       0
  912      0.00000003   -467.27342785   -467.27342786       0       0       0
  913      0.00000003   -467.27342785   -467.27342786       0       0       6
  914      5.16617045   -351.63865209   -467.27342786       0       0      29
  915      7.30522257   -327.60558106   -467.27342785       1       0      72
  916     17.49233748   -226.55617800   -467.27342786       2       0      92
  917     17.36880710   -157.60608072   -467.27342785       9       0     110
  918      9.77847844   -347.79959362   -467.27342786       4       0      84
  919     18.17290044   -261.02859356   -467.27342786       4       0      57
  920      8.46177244   -277.87294861   -467.27342785       7       0      31
  921      4.41497264   -368.45276827   -467.27342785       1       0      12
  922      3.82287813   -381.70566359   -467.27342785       1       0       3
  923      0.00000003   -467.27342786   -467.27342785       1       0       1
  924      0.00000003   -467.27342786   -467.27342785       0       0       3
  925      0.00000003   -467.27342786   -467.27342785       0       0       0
  926      0.00000003   -467.27342786   -467.27342785       0       0       0
  927      0.00000003   -467.27342786   -467.27342785       0       0       0
  928      0.00000003   -467.27342786   -467.27342785       0       0       0
  929      0.00000003   -467.27342786   -467.27342785       0       0       6
  930      5.49354826   -344.31093044   -467.27342785       0       0      28
  931     19.20582386   -218.88595542   -467.27342785       1       0      71
  932     17.05793563   -186.72542252   -467.27342785       5       0      85
  933     27.52564605    -71.46811445   -467.27342785       7       0     115
  934     18.96011661   -174.75068813   -467.27342785      11       0      84
  935     16.97260941   -164.06302820   -467.27342786       7       0      54
  936      9.02620201   -265.23927996   -467.27342786       5       0      37
  937     20.19904479    -31.40150148   -467.27342786       1       0      12
  938      0.00000002   -467.27342786   -467.27342786       2       0       3
  939      0.00000002   -467.27342786   -467.27342786       0       0       2
  940      0.00000002   -467.27342786   -467.27342786       0       0       3
  941      0.00000002   -467.27342786   -467.27342786       0       0       0
  942      0.00000002   -467.27342786   -467.27342786       0       0       0
  943      0.00000002   -467.27342786   -467.27342786       0       0       0
  944      0.00000002   -467.27342786   -467.27342786       0       0       0
  945      4.52394738   -366.01357871   -467.27342786       0       0       6
  946      7.10466369   -361.77090411   -467.27342786       1       0      27
  947     12.76987762   -277.54954650   -467.27342786       3       0      67
  948     29.67356415   -175.92454926   -467.27342786       5       0      83
  949     14.80609453   -293.02512405   -467.27342786      11       0     111
  950     23.68843934    -93.70896200   -467.27342786       5       0      87
  951     10.21922812   -267.96704105   -467.27342785       8       0      58
  952      9.41130192   -343.21236927   -467.27342785       2       0      40
  953      0.00000000   -467.27342786   -467.27342785       6       0      11
  954      0.00000000   -467.27342786   -467.27342785       0       0       5
  955      0.00000000   -467.27342786   -467.27342785       0       0       2
  956      0.00000000   -467.27342786   -467.27342785       0       0       3
  957      0.00000000   -467.27342786   -467.27342785       0       0       0
  958      0.00000000   -467.27342786   -467.27342785       0       0       0
  959      0.00000000   -467.27342786   -467.27342785       0       0       0
  960      0.00000000   -467.27342786   -467.27342785       0       0       0
  961      0.00000000   -467.27342786   -467.27342785       0       0       5
  962     18.50999642   -148.71601842   -467.27342785       0       0      25
  963     10.40716000   -286.16028268   -467.27342785       4       0      65
  964     13.16287493   -176.21221346   -467.27342785       4       0      77
  965     22.06333714   -171.16410225   -467.27342786       3       0     117
  966     16.65753464   -168.66545812   -467.27342785       9       0      84
  967     12.61732958   -281.95937559   -467.27342786       6       0      64
  968     11.48153281   -253.07500751   -467.27342785       6       0      36
  969      0.00000002   -467.27342786   -467.27342786       3       0      17
  970      0.00000002   -467.27342786   -467.27342786       0       0       5
  971      0.00000002   -467.27342786   -467.27342786       0       0       2
  972      0.00000002   -467.27342786   -467.27342786       0       0       3
  973      0.00000002   -467.27342786   -467.27342786       0       0       0
  974      0.00000002   -467.27342786   -467.27342786       0       0       0
  975      0.00000002   -467.27342786   -467.27342786       0       0       0
  976      0.00000002   -467.27342786   -467.27342786       0       0       0
  977      0.00000002   -467.27342786   -467.27342786       0       0       5
  978      8.83726595   -269.46824968   -467.27342786       0       0      21
  979     12.88626674   -189.43360918   -467.27342785       1       0      65
  980     11.87890599   -279.65635295   -467.27342785       2       0      78
  981     31.22827736    -91.92790464   -467.27342786       5       0     111
  982     21.16434965   -188.20024682   -467.27342786      10       0      87
  983     13.33676970   -297.93109056   -467.27342785       7       0      64
  984     20.75078043    -98.90957542   -467.27342785       3       0      39
  985      5.13409887   -370.77327490   -467.27342785       4       0      20
  986      0.00000001   -467.27342785   -467.27342786       2       0       5
  987      0.00000001   -467.27342785   -467.27342786       0       0       2
  988      0.00000001   -467.27342785   -467.27342786       0       0       3
  989      0.00000001   -467.27342785   -467.27342786       0       0       0
  990      0.00000001   -467.27342785   -467.27342786       0       0       0
  991      0.00000001   -467.27342785   -467.27342786       0       0       0
  992      0.00000001   -467.27342785   -467.27342786       0       0       0
  993     10.39859706   -234.52085989   -467.27342786       0       0       5
  994      0.00000001   -467.27342785   -467.27342786       1       0      20
  995     23.41908245   -181.51603830   -467.27342785       0       0      64
  996     19.38709938   -264.39120669   -467.27342786       8       0      75
  997     32.97125710    -54.36961163   -467.27342785       9       0     106
  998     23.56845421   -183.04521533   -467.27342786      11       0      90
  999     11.22410157   -269.00455208   -467.27342786       9       0      67
 1000     12.66849708   -291.74889071   -467.27342785       4       0      40
----------------------------------------------------------------------------------
Artificial Bee Colony Optimization Finished!

 -- Results Report --
 * 100 LMs will be saved in [ ca_2_waters-LM ].
      #          Energy
      0   -467.27342719
      1   -467.08910860
      2   -457.01725319
      3   -454.69276697
      4   -453.95044939
      5   -452.05891417
      6   -451.88308671
      7   -451.09767003
      8   -450.28538333
      9   -450.21254018
     10   -449.06077365
     11   -449.03181148
     12   -449.02916642
     13   -448.82543393
     14   -448.49772805
     15   -448.16963493
     16   -448.12811581
     17   -447.70080706
     18   -447.58413011
     19   -447.32247720
     20   -447.16601663
     21   -447.15525114
     22   -446.78320908
     23   -446.56217861
     24   -445.75247687
     25   -445.21265282
     26   -444.82046748
     27   -444.64005632
     28   -444.61758954
     29   -444.58567694
     30   -444.57613901
     31   -444.11167534
     32   -442.64043189
     33   -442.11338709
     34   -441.85784484
     35   -441.65702700
     36   -441.43090466
     37   -441.37857254
     38   -441.25565820
     39   -441.24398357
     40   -440.93457576
     41   -440.73291262
     42   -440.59119133
     43   -440.28237555
     44   -440.19159668
     45   -440.11254854
     46   -440.08302589
     47   -439.93330412
     48   -439.93218278
     49   -439.74891097
     50   -439.58917430
     51   -439.24084766
     52   -439.10921299
     53   -438.84581799
     54   -438.51294428
     55   -438.23666029
     56   -438.20856886
     57   -437.93081645
     58   -437.91895756
     59   -437.78304857
     60   -437.43227596
     61   -436.40807749
     62   -434.83097705
     63   -434.68411721
     64   -434.54951842
     65   -433.96963228
     66   -433.92173431
     67   -433.51727588
     68   -433.44124931
     69   -433.40383769
     70   -433.24071973
     71   -432.96674469
     72   -432.92527173
     73   -432.91609296
     74   -432.02453951
     75   -431.58957103
     76   -431.40869040
     77   -431.38657978
     78   -431.15089893
     79   -431.04028015
     80   -430.99817600
     81   -430.89440278
     82   -430.88426033
     83   -430.75452768
     84   -430.66007262
     85   -430.56750882
     86   -430.00730592
     87   -429.80612398
     88   -429.65726348
     89   -429.51269107
     90   -429.45667090
     91   -429.13764671
     92   -428.83701838
     93   -428.36630982
     94   -428.30775484
     95   -428.20294203
     96   -428.05060223
     97   -427.98169592
     98   -427.85503178
     99   -427.80943284

 * Final Global Minimal Energy:   -467.27342786
 * The Global Minimum is saved as: [ ca_2_waters-OPT.(cluster/xyz/gjf) ]

===== (^ _ ^) =====
Normal termination at Fri Sep 14 15:57:01 2018.
Total run time: 1005 seconds = 0 days 0 hours 16 minutes 45 seconds.
