    * * * * * * * * * * * * * * * * * * * * *
    *       __    ____    ______            *
    *      /  \  |  _ \  |  ___/  luster !  *
     *    / _  \ | |_| | | |               *
     *   / /_\ | |  _ <  | |     < @  @ >  * 
     *  / ___  | | |_| | | |___ _ _  o     * 
    *  /_/   |_| |____/  |_____ _ __ __  _  *
    *                                       *
    * * * * * * * * * * * * * * * * * * * * *

ABCluster 1.5.1
Specific flag:  official version
Platform:       LINUX/UNIX
Compiled by:    junzhang@gellmann.scs.illinois.edu
Compiling date: Dec 18 2017 20:33:35
C++ compiler:   g++
C++ options:    -O3 -Os -fno-exceptions --std=c++0x -fopenmp 

Contributors:
Jun Zhang(University of Cologne): Design and coding.

For any suggestions, comments, and questions on the theory and
implementation of ABCluster, please feel free to contact:

Dr. Jun Zhang, ZhangJunQcc@gmail.com

If you used this program in your work, please cite this reference:

[1] Zhang, J.; Dolg, M.; ABCluster: The Artificial Bee Colony Algorithm for
    Cluster Global Optimization. Phys. Chem. Chem. Phys. 2015, 17, 24173-24181.
[2] Zhang, J.; Dolg, M.; Global Optimization of Clusters of Rigid Molecules by the
    Artificial Bee Colony Algorithm. Phys. Chem. Chem. Phys. 2016, 18, 3003-3010.

Program starts at Wed May  6 10:10:38 2020.
Command line: " /ihome/jkeith/amm503/codes/ABCluster151/rigidmol-optimizer solvent.inp "
Process ID:   172778
Run by:       amm503@smp-n64.crc.pitt.edu
Available CPU cores:    24
Read "OMP_NUM_THREADS": Unset

Random number testing (integers): 699256345...277721639
Random number testing (fractals): 0.38070956...0.99139529

 -- Input/Output Parameters --
Input file name:      solvent.inp
Cluster file name:    solvent.cluster
Result file name:     lm.(cluster/xyz/gjf)
Temporary file name:  abclusteramm503smp-n64.crc.pitt.edu172778-OPT
# of saved LMs:       100
LMs are stored in:    lm-LM

 -- ABC Control Parameters --
Population size:                  500
Maximal generation:              1000
Scout limit:                       15
Amplitude:                20.00000000

 -- Cluster Components: from [ solvent.cluster ] --
 -----------------------------------------------------------
   Source                                       #   Charge
 -----------------------------------------------------------
   charmm36/ch3oh.xyz                          10   -0.000
 -----------------------------------------------------------
   Dimension: 0, an isolate cluster.
 -----------------------------------------------------------

Artificial Bee Colony Optimization Starts!
----------------------------------------------------------------------------------
 * Population: 500; Maximal cycles: 1000
 * EM = Employed Bee; Trigonometric mutation
 * OL = Onlooker Bee; ABC/best/2(0.5)+ABC/current/2(0.5);
        Tournament selection from 5 nectars.
 * SC = Scout Bee; Random nectar; Limit = 15
----------------------------------------------------------------------------------
    #       Diversity            maxE            minE    byEM    byOL    bySC
----------------------------------------------------------------------------------
    1     50.07227263    -23.18191160   -337.81503828     261      42       0
    2     19.30028212   -129.80288642   -339.03312770     158      51       0
    3     14.34532892   -262.62109046   -339.03312735     116      44       0
    4     13.09353910   -283.63049133   -339.03312768      92      31       0
    5     12.54580820   -283.63049133   -339.03312769      71      22       0
    6     12.18782950   -284.14875138   -339.03312765      60      18       0
    7     11.78101535   -284.14875138   -339.03312770      58      26       0
    8     11.38626433   -284.14875138   -339.03312770      49      11       0
    9     11.04284046   -284.14875138   -339.03312751      55      15       0
   10     10.83519942   -286.79314882   -339.03312769      45      12       0
   11     10.60665232   -286.79314882   -339.03312769      40      11       0
   12     10.27326314   -295.96126885   -339.03312763      40       9       0
   13      9.91337215   -297.56645937   -339.03312766      58       5       0
   14      9.51264463   -297.56645937   -339.03312770      46       1       0
   15      8.75692360   -299.98098842   -339.03312760      63       3       0
   16      8.06778209   -308.07802822   -339.29194341      69       2       0
   17     20.43027281    -22.53300421   -339.29194341      75     105       2
   18     27.90152400    -29.73637881   -339.38705223     105      42      22
   19     48.88105346    -12.19837718   -339.38705222     125     135      49
   20     49.57401028    -10.23230118   -339.49939294     147      28      62
   21     48.23723357    -16.44732703   -339.49939293     154     108      72
   22     51.57916175     -8.39338438   -339.49939293     140      17      83
   23     56.34177813    -10.84207925   -339.49939292     149      18      78
   24 37842304.04677816 834685696.68485141   -339.49939293     129       5      64
   25     44.13015547     -9.69292517   -339.49939293     131       3      38
   26     23.10644275    -67.80484815   -339.49939293     131       1      14
   27     19.74854607    -37.33640607   -339.49939293     126       1      10
   28     14.53598648    -35.12727647   -339.49939294     108       0       5
   29     10.75225919   -102.40931419   -339.49939293      63       0       1
   30      0.00000001   -339.49939293   -339.49939291      13       0       0
   31      0.00000001   -339.49939293   -339.49939291       0       0       0
   32      0.00000001   -339.49939293   -339.49939291       0       0       0
   33      0.00000001   -339.49939293   -339.49939291       0       0       0
   34      0.00000001   -339.49939293   -339.49939291       0       0       0
   35      0.00000001   -339.49939293   -339.49939291       0       0       0
   36      2.38378043   -299.28771160   -339.49939291       0       0       3
   37     25.62197687    -19.76861390   -339.49939293       3       0      28
   38 64557433.32516217 1444993488.29513955   -339.49939293      28       0      81
   39     47.35736214    -12.41634095   -339.49939293      67       0      82
   40 366889.46861478 8211800.86700329   -339.49939292      81       0      96
   41     47.52177226    -19.70107133   -339.49939294     102       0      71
   42     52.41566804    -18.04181921   -339.49939293     105       1      62
   43     43.86632707     -3.84779964   -339.49939293     107       0      32
   44     41.22872867    -12.85028055   -339.49939293     105       0      35
   45     16.68098886    -99.61391468   -339.49939294      90       0       8
   46      8.47130245   -284.57285814   -339.49939294      89       0       2
   47      3.58815103   -293.29998121   -339.49939293      61       0       0
   48      0.68654595   -326.85634379   -339.49939293      19       0       0
   49      0.00000001   -339.49939294   -339.49939293       2       0       0
   50      0.00000001   -339.49939294   -339.49939293       0       0       0
   51      0.00000001   -339.49939294   -339.49939293       0       0       0
   52      0.00000001   -339.49939294   -339.49939293       0       0       0
   53     11.61183503    -82.75863749   -339.49939293       0       0       3
   54     34.53861117    -15.03042794   -339.49939293       3       0      27
   55     43.75938635     -9.17318912   -339.49939292      25       0      58
   56     52.16757985     -5.98164588   -339.49939292      51       0      67
   57     39.81085207    -21.99097611   -339.49939293      63       0      60
   58     42.83586112    -25.35363903   -339.49939293      78       0      73
   59     47.94485416    -18.40022442   -339.49939294      75       0      70
   60     43.92661364    -11.70397947   -339.49939294      98       0      53
   61     39.42872381    -32.29683435   -339.49939293      86       0      50
   62     39.12951972     -8.40979063   -339.49939293      98       0      29
   63     21.39229594    -48.58931573   -339.49939293      80       0       8
   64      8.27193441   -176.32572090   -339.49939293      56       0       2
   65      0.00000001   -339.49939293   -339.49939293      18       0       0
   66      0.00000001   -339.49939293   -339.49939293       0       0       0
   67      0.00000001   -339.49939293   -339.49939293       0       0       0
   68      0.00000001   -339.49939293   -339.49939293       0       0       0
   69      0.00000001   -339.49939293   -339.49939293       0       0       0
   70      3.83621434   -282.55640116   -339.49939293       0       0       3
   71     33.37835731    -24.29840763   -339.49939293       3       0      24
   72     46.57621569     -7.88918869   -339.49939294      24       0      52
   73     44.86859988    -22.04756576   -339.49939293      44       0      55
   74     41.09380008    -16.63401965   -339.49939292      55       0      53
   75 386710691.24771589 8655773712.80400085   -339.49939293      68       0      61
   76 2503732.88720354 55321885.56199283   -339.49939292      60       0      67
   77     39.49985535    -24.17606069   -339.49939293      78       0      58
   78 778305.20483020 17420538.48801880   -339.49939293      77       0      58
   79     38.78999237    -23.13869435   -339.49939294      81       0      42
   80     33.34813793    -15.85199597   -339.49939293      70       0      23
   81     11.92955125   -118.03925947   -339.49939293      62       0       4
   82      1.94589755   -317.68702922   -339.49939293      33       0       0
   83      0.00000001   -339.49939294   -339.49939293       7       0       0
   84      0.00000001   -339.49939294   -339.49939293       0       0       0
   85      0.00000001   -339.49939294   -339.49939293       0       0       0
   86      0.00000001   -339.49939294   -339.49939293       0       0       0
   87 12634687.55269768 282802807.77235091   -339.49939293       0       0       3
   88     28.08248567    -27.60739603   -339.49939293       3       0      24
   89     40.65270436     -8.57515276   -339.49939292      23       0      45
   90     50.48271931     -2.65719646   -339.49939293      43       0      48
   91     39.40447223    -12.20276934   -339.49939293      52       0      53
   92     44.74030756    -29.28049088   -339.49939292      62       0      54
   93     78.83451718   1047.40469528   -339.49939292      61       0      59
   94     51.53241149    -10.51955974   -339.49939293      68       0      62
   95     42.72624778    -17.98228343   -339.49939293      84       0      58
   96     51.23160015    -16.84443988   -339.49939294      82       0      50
   97 10770119.63823907 241068055.06202099   -339.49939293      73       0      31
   98     20.88789510    -52.28487947   -339.49939293      66       0      12
   99      3.61944244   -288.78830750   -339.49939292      46       0       1
  100      0.00000001   -339.49939293   -339.49939294       8       0       0
  101      0.00000001   -339.49939293   -339.49939294       0       0       0
  102      0.00000001   -339.49939293   -339.49939294       0       0       0
  103      0.00000001   -339.49939293   -339.49939294       0       0       0
  104      3.51146009   -274.97079537   -339.49939294       0       0       3
  105     32.60922714    -27.78565360   -339.49939294       3       0      23
  106     45.83262491    -22.37698011   -339.49939293      21       0      40
  107     43.53705316    -20.19951578   -339.49939293      40       0      40
  108     45.39973864     -7.44839329   -339.49939292      46       0      48
  109     54.35703544    -24.26149099   -339.49939293      52       0      56
  110     44.18341235    -32.84820497   -339.49939294      56       0      54
  111     50.96447926    -10.30426243   -339.49939293      67       0      58
  112     46.06802628    -18.35957498   -339.49939293      65       0      60
  113     41.91971627    -22.53330271   -339.49939294      76       0      49
  114     34.19407225    -29.57924171   -339.49939293      77       0      42
  115     39.48260085     -7.59548403   -339.49939294      65       0      23
  116     17.97422591    -20.11440144   -339.49939294      43       0       4
  117      1.35111605   -316.99137259   -339.49939294      27       0       0
  118      0.00000001   -339.49939294   -339.49939289       3       0       0
  119      0.00000001   -339.49939294   -339.49939289       0       0       0
  120      0.00000001   -339.49939294   -339.49939289       0       0       0
  121     15.29755214    -67.07709854   -339.49939289       0       0       3
  122     31.74802550    -13.77429356   -339.49939294       3       0      21
  123     39.37282882    -14.83524179   -339.49939294      20       0      32
  124     44.46529793    -18.39662364   -339.49939293      34       0      43
  125     53.76528792     -9.98880991   -339.49939293      44       0      48
  126     40.83441469    -14.53971968   -339.49939293      49       0      51
  127     47.31589334    -28.83641401   -339.49939294      52       0      56
  128     42.19182805    -12.78853914   -339.49939291      62       0      50
  129     40.29313219    -25.46512231   -339.49939294      62       0      49
  130  10052.62283700 224679.33034781   -339.49939293      65       0      57
  131     42.14748913    -16.30041404   -339.49939294      65       0      46
  132     33.44645691    -19.28646582   -339.49939294      67       0      32
  133     16.00055630   -116.60167324   -339.49939292      54       0      12
  134      2.72980222   -299.30936702   -339.49939293      35       0       0
  135      0.00000001   -339.49939293   -339.49939293       7       0       0
  136      0.00000001   -339.49939293   -339.49939293       0       0       0
  137      0.00000001   -339.49939293   -339.49939293       0       0       0
  138     20.00961258     -6.17666450   -339.49939293       0       0       3
  139     28.22809582    -15.06332942   -339.49939294       3       0      19
  140     39.74753452    -20.08441447   -339.49939294      19       0      32
  141     40.60751576    -36.17088103   -339.49939294      32       0      42
  142     41.74416734    -13.03432748   -339.49939294      39       0      43
  143     43.70133821     -9.53888683   -339.49939294      45       0      45
  144     40.86688007    -18.71958430   -339.49939293      51       0      53
  145     42.97672034    -10.05985509   -339.49939294      61       0      47
  146 3135491.78538216 70012106.23859969   -339.49939294      50       0      56
  147     52.22683567    306.86886284   -339.49939294      67       0      54
  148     46.60263230    -21.12305567   -339.49939294      60       0      48
  149     26.45125713    -85.55489814   -339.49939294      66       0      36
  150     25.83012086    -17.65950040   -339.49939294      57       0      22
  151      6.22654667   -274.88706828   -339.49939293      43       0       0
  152      2.29573343   -304.79885927   -339.49939294      17       0       0
  153      0.00000001   -339.49939293   -339.49939294       3       0       0
  154      0.00000001   -339.49939293   -339.49939294       0       0       0
  155     14.85583542    -13.18427361   -339.49939294       0       0       3
  156     25.54886549    -22.31927390   -339.49939294       3       0      19
  157     33.99303964    -22.92691379   -339.49939294      18       0      30
  158     36.53775285    -16.39922452   -339.49939293      30       0      39
  159     37.70992822    -29.90247653   -339.49939293      42       0      43
  160 32906527.92287102 736548923.72520733   -339.49939294      49       0      44
  161     48.34626788    -38.06102030   -339.49939293      47       0      46
  162     35.53353038    -16.72556070   -339.49939293      55       0      46
  163     49.24518389    -19.69558529   -339.49939293      51       0      59
  164     43.60747900    -12.97269786   -339.49939294      60       0      48
  165 9754229.52217147 218329314.76226148   -339.49939294      63       0      48
  166     45.24746109    -14.64175283   -339.49939294      69       0      39
  167     33.20717373    -34.75014391   -339.49939294      59       0      29
  168      6.58301215   -290.57394505   -339.49939294      48       0       5
  169     13.45778306    -41.07347126   -339.49939294      19       0       2
  170      0.00000000   -339.49939294   -339.49939290       4       0       0
  171      0.00000000   -339.49939294   -339.49939290       0       0       0
  172      2.20799188   -298.14257439   -339.49939290       0       0       3
  173     29.40723075    -12.69737606   -339.49939294       3       0      18
  174     35.91025159    -31.76007962   -339.49939294      17       0      24
  175     40.28250751     -8.78904575   -339.49939294      25       0      40
  176 4472602.11785121 100110256.84489124   -339.49939294      41       0      43
  177     50.63080432    -11.86999349   -339.49939294      47       0      42
  178     46.96887015    -13.55792770   -339.49939294      48       0      49
  179     34.38599952    -12.18261056   -339.49939294      59       0      40
  180     41.20085805    -12.82139410   -339.49939294      49       0      49
  181     50.27529642    -15.30765847   -339.49939294      49       0      50
  182     46.66743157    -17.93219262   -339.49939291      64       0      50
  183     44.67083324    -22.99010172   -339.49939294      63       0      50
  184     33.69911294    -26.94374184   -339.49939294      54       0      26
  185     28.34540844    -10.68636265   -339.49939294      45       0      13
  186     14.38814185    -25.44792879   -339.49939294      27       0       3
  187      0.00000000   -339.49939294   -339.49939294       4       0       0
  188      0.00000000   -339.49939294   -339.49939294       0       0       0
  189      2.55957743   -303.21865975   -339.49939294       0       0       3
  190     27.45402795    -26.63026143   -339.49939294       3       0      17
  191     31.91933814    -36.38122005   -339.49939291      15       0      22
  192     33.16355743     68.43694321   -339.49939294      24       0      34
  193     36.80575750    -21.48180247   -339.49939294      33       0      46
  194     37.59219331     -6.96984257   -339.49939294      44       0      41
  195     43.95161940    -19.33238076   -339.49939294      50       0      44
  196     38.48889884    -21.32630596   -339.49939294      50       0      45
  197 1761028.87915148 39416909.45440497   -339.49939294      62       0      43
  198 1229579.49217398 27521439.32070193   -339.49939294      54       0      51
  199     55.23315744    -12.22554406   -339.49939294      56       0      55
  200     42.93890883    -14.28942878   -339.49939292      68       0      45
  201     34.30653626    -13.39121203   -339.49939294      67       0      33
  202     25.00740197    -42.79365035   -339.49939294      51       0      17
  203      7.47601759   -251.77980529   -339.49939294      35       0       4
  204      0.00000000   -339.49939293   -339.49939294      14       0       0
  205      0.00000000   -339.49939293   -339.49939294       0       0       0
  206      3.01227286   -294.76338419   -339.49939294       0       0       3
  207     19.05170342    -43.98877520   -339.49939294       3       0      16
  208     19.50402985    -32.25879516   -339.49939293      16       0      21
  209     29.57628290    -29.22999391   -339.49939293      19       0      32
  210     37.86930421    -26.19091025   -339.49939294      31       0      39
  211     35.43676269    -13.52260533   -339.49939293      36       0      44
  212 123334229.88311546 2760598870.10514593   -339.49939294      52       0      38
  213     47.78827290    -14.65931561   -339.49939294      43       0      52
  214     30.86748156    -10.06869014   -339.49939294      55       0      36
  215     41.62855074    -34.85994390   -339.49939294      46       0      49
  216     49.81928485     -4.60219473   -339.49939294      56       0      49
  217     45.06935696    -20.99136155   -339.49939293      58       0      55
  218 253835532.53300503 5681619189.87510300   -339.49939294      60       0      33
  219     33.89317512    -30.36438155   -339.49939294      53       0      26
  220     17.70959522    -93.78965719   -339.49939294      38       0       7
  221      1.70041974   -312.73273918   -339.49939293      22       0       0
  222      0.00000001   -339.49939294   -339.49939294       3       0       0
  223     19.94347170    -19.01553056   -339.49939294       0       0       3
  224     15.60026779    -77.81549307   -339.49939294       3       0      15
  225     25.45404485    -71.19644362   -339.49939293      15       0      22
  226     32.12709629    -17.40927869   -339.49939293      23       0      30
  227     28.70475448    -25.55273849   -339.49939294      31       0      36
  228     41.81323910    -20.55131488   -339.49939294      38       0      45
  229     33.98519968    -15.71431695   -339.49939294      45       0      35
  230     37.41024421    -12.02402417   -339.49939294      37       0      44
  231     34.95246506    -13.37834347   -339.49939294      54       0      46
  232 34725346.68136083 777259676.36808383   -339.49939294      51       0      45
  233     40.67747987    -23.09072218   -339.49939294      63       0      46
  234     35.93799549    -36.02022169   -339.49939294      58       0      52
  235     34.41737798    -23.55765873   -339.49939294      55       0      40
  236     33.00811296    -33.08643815   -339.49939294      55       0      27
  237     17.09580001   -109.02971765   -339.49939293      44       0      13
  238      3.32531132   -299.61564197   -339.49939293      28       0       1
  239      0.00000001   -339.49939292   -339.49939293       7       0       0
  240     12.83716479    -56.36480417   -339.49939293       0       0       3
  241     22.54355286   -123.57698994   -339.49939293       3       0      14
  242     33.13956236    -14.05493842   -339.49939293      14       0      20
  243     35.33081931    -36.88979864   -339.49939293      22       0      31
  244     35.83044951     -9.76605737   -339.49939293      30       0      32
  245     39.75327765    -23.42209464   -339.49939293      34       0      41
  246     36.30320857    -34.17192383   -339.49939293      40       0      38
  247 5335396.18021569 119422236.61394162   -339.49939293      38       0      40
  248     37.11358379    -31.98372391   -339.49939293      47       0      45
  249     32.28207096    -24.73816142   -339.49939293      51       0      46
  250     40.29662049    -22.87306266   -339.49939293      56       0      46
  251     46.42386730    -22.22470871   -339.49939291      58       0      50
  252     47.30541375    -16.63180839   -339.49939294      64       0      40
  253     40.75554798    -18.72675480   -339.49939293      53       0      34
  254 5260180.72493446 117738678.74949823   -339.49939294      51       0      18
  255     10.27825340   -117.66463510   -339.49939290      28       0       2
  256      0.00000001   -339.49939294   -339.49939294       7       0       0
  257     13.58469400    -57.81106155   -339.49939294       0       0       3
  258     27.38403691    -29.48734538   -339.49939293       3       0      12
  259     25.66823093    -11.41025628   -339.49939293      11       0      21
  260     26.85469186    -16.38778964   -339.49939294      23       0      29
  261     37.05349657    -12.99695125   -339.49939294      28       0      31
  262     45.63802786    -10.65229931   -339.49939293      32       0      40
  263     42.06653694    -18.25931977   -339.49939294      41       0      37
  264     36.60736203    -17.83440549   -339.49939294      38       0      40
  265     35.60804237    -24.87497969   -339.49939293      51       0      42
  266     38.21552791    -26.32190266   -339.49939294      50       0      41
  267     46.79235163    -13.60313281   -339.49939294      46       0      48
  268     44.23130308    -15.97672739   -339.49939294      59       0      45
  269     35.07415508    -42.30346918   -339.49939294      54       0      46
  270     38.65902140    -19.73414420   -339.49939294      55       0      39
  271     32.89661498    -28.24891453   -339.49939294      46       0      24
  272      5.13494446   -286.17473309   -339.49939294      40       0       2
  273      1.96598285   -297.18112800   -339.49939294      11       0       0
  274      5.22559860   -239.43623193   -339.49939294       3       0       3
  275     10.32906039   -160.48086345   -339.49939294       3       0      11
  276     29.31180911    -32.93207585   -339.49939294      11       0      20
  277     29.53055880    -16.46807463   -339.49939294      20       0      29
  278     30.92015442    -32.67461604   -339.49939294      29       0      31
  279     41.89500516    -23.48090942   -339.49939294      33       0      38
  280     38.98462831     -7.97991982   -339.49939294      41       0      32
  281     33.30963806    -27.51655001   -339.49939294      35       0      38
  282 48470550.74196079 954132936.35099030   -339.49939294      45       0      46
  283     27.57821261    -36.07502228   -339.49939294      42       0      35
  284     45.92181209    -12.73956359   -339.49939294      42       0      53
  285     29.20792950    -55.04259012   -339.49939294      62       0      41
  286     43.99054021    -21.11418918   -339.49939294      59       0      49
  287     42.88532623     -7.95634497   -339.49939294      55       0      42
  288     36.77277561     -7.95634497   -339.49939294      58       0      26
  289     19.81784468    -35.81610990   -339.49939294      42       0       5
  290      1.33210242   -309.68284593   -339.49939293      16       0       1
  291      2.52630919   -289.78395525   -339.49939293       1       0       3
  292     17.07693292   -102.38249808   -339.49939294       3       0      10
  293     23.47763961    -23.67812129   -339.49939294      10       0      20
  294     33.45205299    -21.97785094   -339.49939294      18       0      28
  295     33.14717856    -21.57256704   -339.49939293      29       0      30
  296 15272463.64818400 341844354.14181292   -339.49939294      32       0      37
  297     39.59862514     -5.45005002   -339.49939293      42       0      29
  298     41.22019026    -11.92830378   -339.49939293      33       0      40
  299     31.64862309    -23.59756819   -339.49939294      40       0      41
  300     40.07033887    -22.20184921   -339.49939294      43       0      37
  301     43.90633707    -18.90510199   -339.49939294      42       0      43
  302     46.08220992    -27.77951090   -339.49939294      49       0      50
  303     43.09928893     -8.87096809   -339.49939294      58       0      46
  304     37.63074099    -28.74900271   -339.49939294      58       0      44
  305     25.23117634    -11.87857069   -339.49939294      54       0      32
  306     16.01446064   -100.88088326   -339.49939294      41       0       9
  307      1.50400845   -314.72756825   -339.49939294      22       0       1
  308      1.76695234   -312.17450126   -339.49939294       3       0       3
  309     17.67846019    -48.46947086   -339.49939293       3       0      10
  310     25.97433144    -73.26437886   -339.49939293      10       0      19
  311     27.14150500    -36.18554276   -339.49939294      19       0      26
  312     33.15082145    -20.24674332   -339.49939294      27       0      30
  313     32.76099624    -14.89378221   -339.49939294      37       0      35
  314     28.38874785    -23.38921156   -339.49939294      35       0      32
  315     33.72660806    -15.25567235   -339.49939294      33       0      35
  316     38.91488422    -13.50719684   -339.49939294      37       0      44
  317     37.87908417    -15.93756213   -339.49939294      46       0      34
  318     37.77094638    -21.17128309   -339.49939294      42       0      42
  319     30.20871600    -32.57722933   -339.49939294      47       0      43
  320     38.59371529     -8.29609537   -339.49939293      51       0      51
  321     41.16651500     -6.77459629   -339.49939293      47       0      48
  322     33.47540356    -39.25751732   -339.49939294      44       0      34
  323     19.12773663    -89.52512288   -339.49939294      55       0      11
  324     17.45661038    -20.19647895   -339.49939292      29       0       3
  325      3.63223929   -269.19367082   -339.49939292       7       0       3
  326     15.35552675    -19.90722273   -339.49939294       3       0      10
  327     30.60939956    -39.90601403   -339.49939292      10       0      17
  328 46878888.93136754 1049293306.86377513   -339.49939294      17       0      22
  329     36.02668532    -23.10626530   -339.49939294      21       0      34
  330     40.05238341     -7.99568884   -339.49939292      34       0      34
  331     37.27322402    -10.82921461   -339.49939294      39       0      34
  332 209224317.87757534 4683082736.24713421   -339.49939294      40       0      30
  333     38.28272838    -22.31050201   -339.49939293      34       0      43
  334     43.22397617    -19.97259791   -339.49939294      43       0      38
  335     38.69292207    -11.98321589   -339.49939294      43       0      37
  336     36.30652895    -10.65011436   -339.49939294      48       0      47
  337     36.44312628    -11.87487944   -339.49939294      51       0      48
  338     42.40439547    -17.61660780   -339.49939294      51       0      45
  339     38.56285407    -16.88072741   -339.49939294      62       0      35
  340     30.28976271    -15.27183674   -339.49939294      45       0      19
  341      4.39497444   -291.85027592   -339.49939294      29       0       4
  342     11.75016788   -107.14992388   -339.49939294       5       0       3
  343     19.03456816    -24.46798474   -339.49939294       3       0      10
  344     23.65074751    -39.69030800   -339.49939294      10       0      17
  345     29.49173599    -16.08921761   -339.49939294      17       0      20
  346     28.63528125    -48.58355835   -339.49939292      18       0      30
  347     37.22745554    -18.44201205   -339.49939294      28       0      34
  348     33.12855389    -10.29780848   -339.49939294      41       0      36
  349     30.61512924    -24.17749748   -339.49939294      38       0      29
  350     36.26754159    -28.18138549   -339.49939294      29       0      43
  351     33.21177489    -35.10537263   -339.49939294      46       0      35
  352     41.85296946    -17.27651837   -339.49939294      44       0      41
  353     31.49258653    -21.47054111   -339.49939294      45       0      40
  354     31.85191086    -60.82431023   -339.49939294      44       0      48
  355     36.70493029    -16.93091378   -339.49939294      52       0      45
  356     40.58843788    -23.59023409   -339.49939294      59       0      44
  357     31.73964266    -21.33838348   -339.49939294      61       0      21
  358     15.49016032     -9.05664730   -339.49939294      43       0       4
  359     10.74278114   -104.64680198   -339.49939294      13       0       3
  360      7.90922507   -222.83795983   -339.49939294       3       0      10
  361     15.28072074   -112.19096573   -339.49939294       9       0      16
  362     23.30456452    -66.52001684   -339.49939294      16       0      21
  363     33.56509003    -21.18818327   -339.49939294      23       0      25
  364     33.67729286    -19.66621367   -339.49939294      28       0      36
  365     30.34948009    -46.19981409   -339.49939294      34       0      37
  366     34.61390069    -15.73736025   -339.49939294      39       0      28
  367  58549.07669979 1310174.43556680   -339.49939294      35       0      38
  368     36.13119908    -22.61859606   -339.49939294      40       0      39
  369     47.30451951    -16.87874537   -339.49939294      44       0      37
  370     46.25873779    -17.43783490   -339.49939294      48       0      41
  371     33.26688223    -12.23554201   -339.49939294      49       0      40
  372     35.70690136    -13.29374211   -339.49939294      54       0      44
  373     46.86785218     -9.20143355   -339.49939294      49       0      44
  374     34.96885930    -45.44126204   -339.49939294      53       0      34
  375      7.48654850   -279.92644154   -339.49939294      48       0       7
  376     13.81294752    -35.06864225   -339.49939294      29       0       3
  377     26.45593148    -15.62759556   -339.49939294       8       0      10
  378     19.10545990    -41.90110900   -339.49939294      10       0      14
  379     31.91637921    -30.63374757   -339.49939294      14       0      19
  380     27.48939422    -37.84343123   -339.49939294      20       0      28
  381     31.68000532    -13.26468668   -339.49939294      25       0      34
  382     37.19444475    -11.37844454   -339.49939294      37       0      35
  383     28.62668474    -39.61342913   -339.49939294      40       0      30
  384     28.52872963    -53.38517752   -339.49939294      34       0      31
  385     38.92914722    -14.75019180   -339.49939294      37       0      39
  386     36.30857759    -15.81403036   -339.49939294      40       0      38
  387     33.53132788    -29.45627030   -339.49939294      43       0      40
  388     37.73505997    -14.18762652   -339.49939294      47       0      37
  389     33.18328318    -15.69750209   -339.49939294      44       0      49
  390     36.68803310    -19.64746303   -339.49939294      51       0      37
  391     48.44452660    -11.12598326   -339.49939294      49       0      37
  392     27.95179142    -30.98846641   -339.49939294      47       0      18
  393     16.72090064    -32.93164830   -339.49939294      31       0       4
  394     21.55060373    -28.79974157   -339.49939293       8       0      10
  395     24.75021808    -16.90729287   -339.49939294      10       0      12
  396     25.72699027    -42.22839920   -339.49939294      13       0      21
  397     30.21869297    -16.43498751   -339.49939294      20       0      25
  398     37.10436787    -15.41276566   -339.49939294      25       0      33
  399     45.37821752    -12.76111519   -339.49939294      31       0      35
  400     29.03675127    -50.92654227   -339.49939294      39       0      29
  401     27.01898057    -20.36886983   -339.49939294      32       0      31
  402     36.87223822     -3.72021450   -339.49939294      31       0      36
  403     39.88150017    -19.69972102   -339.49939294      38       0      37
  404     41.21550768    -18.18204827   -339.49939294      39       0      44
  405     34.77877360    -11.65134756   -339.49939294      50       0      37
  406     45.26163764     -2.64562634   -339.49939294      46       0      45
  407     33.10028448    -44.05859988   -339.49939294      47       0      40
  408 2724173.56804177 60975046.13818557   -339.49939294      43       0      33
  409     31.37680035    -14.45047713   -339.49939294      44       0      26
  410     14.97798862    -23.37768567   -339.49939294      33       0       6
  411     19.46265047    -29.77012891   -339.49939294      13       0       9
  412     21.85546583    -15.50302995   -339.49939294       8       0      13
  413     30.87383040    -14.15500770   -339.49939294      13       0      21
  414     27.67967279    -46.93792292   -339.49939294      21       0      24
  415     36.03577783    -26.20942344   -339.49939294      24       0      32
  416     33.05314783    -22.78113990   -339.49939294      37       0      33
  417     34.19154335    -16.01027833   -339.49939294      28       0      31
  418     41.31945336    -19.25889586   -339.49939294      39       0      31
  419     29.04372758    -36.91573848   -339.49939294      37       0      36
  420     33.36510016    -40.42068933   -339.49939294      39       0      33
  421     32.32763918    -38.67905571   -339.49939294      34       0      45
  422     42.59797051    -21.79956513   -339.49939294      47       0      35
  423   4162.69078277  92838.61432485   -339.49939294      43       0      46
  424     35.81996256    -10.38042922   -339.49939294      45       0      38
  425     34.10672503    -12.81717666   -339.49939294      44       0      35
  426     35.42434185    -32.50296126   -339.49939294      43       0      30
  427     21.61718804    -26.20764818   -339.49939294      49       0       8
  428     19.01324846    -29.79581462   -339.49939294      18       0       9
  429 2348720.74124658 52571252.78006940   -339.49939294      10       0      12
  430     19.55798593    -30.61480185   -339.49939294      13       0      20
  431     25.08415998    -24.74837385   -339.49939294      19       0      23
  432     35.94960117    -23.52305242   -339.49939294      27       0      33
  433     36.79026399    -11.75185764   -339.49939294      34       0      31
  434     34.38315500    -18.40232234   -339.49939294      38       0      31
  435     35.79947150    -22.96642970   -339.49939294      34       0      30
  436     36.11916773    -13.01712382   -339.49939294      38       0      38
  437     21.62671420    -62.32873230   -339.49939294      42       0      32
  438     35.44834855    -12.38454444   -339.49939294      35       0      45
  439     38.97712877    -11.46021218   -339.49939294      51       0      33
  440     43.16642142    -15.80659008   -339.49939294      40       0      47
  441     31.20124894    -58.21770780   -339.49939294      47       0      32
  442     29.92411606    -21.80445394   -339.49939294      42       0      35
  443     36.41027194    -13.25403355   -339.49939294      34       0      36
  444     19.19195127    -39.14304974   -339.49939294      45       0      12
  445     15.96378240    -68.29055848   -339.49939294      17       0      10
  446     19.51522014    -10.60513077   -339.49939294      16       0      10
  447     29.82299837    -32.52051320   -339.49939294      10       0      21
  448     25.42008770    -17.75410502   -339.49939294      19       0      22
  449     29.73032211    -27.96155120   -339.49939294      22       0      27
  450     29.62852043    -27.90648840   -339.49939294      31       0      33
  451     37.11536804    -14.25312801   -339.49939294      33       0      31
  452 518344.97718739 11601823.19379060   -339.49939294      34       0      30
  453     38.30093936    -13.80053303   -339.49939294      36       0      40
  454     35.22181790    -14.91612758   -339.49939294      42       0      32
  455     44.93701801    -18.22134433   -339.49939294      35       0      44
  456     33.08283234    -34.70382846   -339.49939294      48       0      34
  457     31.74324994    -29.30414133   -339.49939294      42       0      43
  458     37.20920387    -11.68674364   -339.49939294      42       0      33
  459     40.05299906     -9.97657971   -339.49939293      44       0      39
  460     35.80771481    -38.10665875   -339.49939294      46       0      35
  461     24.73094458    -26.67597253   -339.49939294      52       0      15
  462     14.18288563   -109.81741045   -339.49939294      23       0      11
  463     13.66810905    -88.05063270   -339.49939294      11       0      10
  464     29.41504710    -41.96208265   -339.49939294      11       0      19
  465     32.60385088    -17.91172349   -339.49939294      19       0      23
  466     31.81527331    -10.78606143   -339.49939294      25       0      24
  467     36.67277754    -18.19917532   -339.49939294      27       0      35
  468     25.52556435    -19.73591583   -339.49939294      38       0      29
  469     25.44438616    -80.62833603   -339.49939294      32       0      30
  470     41.10652432    -12.38741783   -339.49939294      35       0      41
  471     36.53643281    -14.05604559   -339.49939294      45       0      29
  472  18388.16126436 411251.37420044   -339.49939294      37       0      42
  473     42.26008018    -13.48909072   -339.49939294      48       0      40
  474     36.16885877    -30.26651421   -339.49939294      45       0      36
  475     36.77854192    -28.43187223   -339.49939294      46       0      30
  476     33.56248906    -26.31784248   -339.49939294      44       0      44
  477     39.05420854    -14.52514615   -339.49939294      49       0      35
  478     36.46218376    -11.79877068   -339.49939294      39       0      21
  479     12.39937702   -101.11206630   -339.49939294      26       0      12
  480      6.13850588   -277.25813209   -339.49939294      13       0       9
  481     17.48032042   -150.49372693   -339.49939293       9       0      18
  482     27.36510703    -26.62546160   -339.49939294      17       0      22
  483     30.10624596    -16.04431518   -339.49939294      21       0      25
  484     31.55634561    -22.26865333   -339.49939294      27       0      31
  485     37.99326896    -50.22782082   -339.49939293      33       0      30
  486     29.30934693    -30.23715271   -339.49939294      34       0      29
  487     32.65192282    -17.34260485   -339.49939294      32       0      38
  488     36.46263450    -26.54632844   -339.49939294      36       0      32
  489     33.65635560    -26.98391397   -339.49939294      38       0      41
  490     40.35192399    -17.23527392   -339.49939293      50       0      36
  491     39.86191925    -28.51257235   -339.49939294      42       0      39
  492     37.16942435    -16.14138168   -339.49939294      42       0      34
  493     40.30481427    -11.18963522   -339.49939293      38       0      42
  494     40.28495803    -28.05791095   -339.49939294      55       0      40
  495     27.36010253    -64.93127002   -339.49939294      50       0      22
  496     20.87502126    -67.77465201   -339.49939293      45       0      12
  497     15.03941347    -49.39370822   -339.49939293      23       0       9
  498     25.23588161    -30.80794115   -339.49939294      12       0      18
  499     27.67087899    -19.91969432   -339.49939294      16       0      19
  500     25.11947168    -68.30809940   -339.49939294      21       0      25
  501     32.29419419    -33.29781990   -339.49939294      25       0      30
  502     36.46566433    -18.09394005   -339.49939293      31       0      32
  503     40.98370647     -9.73908985   -339.49939294      34       0      26
  504     38.34941192    -38.82510913   -339.49939294      31       0      35
  505     41.82729424     -8.06799703   -339.49939294      38       0      37
  506 51742802.94439588 1158162657.36423922   -339.49939294      39       0      37
  507     43.41658003    -23.05230590   -339.49939293      45       0      41
  508     34.37461846    -16.30615270   -339.49939294      43       0      32
  509     34.59300924    -23.02870332   -339.49939294      40       0      29
  510     40.38945817    -12.11984836   -339.49939294      36       0      44
  511     38.56702972    -17.01877582   -339.49939294      43       0      36
  512     43.40072706    -18.59021491   -339.49939293      45       0      33
  513     24.74206773    -46.73489835   -339.49939293      38       0      15
  514     19.12730031    -37.79265368   -339.49939293      28       0      11
  515     25.30513898    -27.79673230   -339.49939293      13       0      17
  516     21.57953678    -94.91276860   -339.49939294      16       0      20
  517     31.65676039    -15.02091892   -339.49939293      22       0      20
  518     35.25588422    -34.52468842   -339.49939294      23       0      34
  519     33.58706638    -33.06759247   -339.49939293      34       0      30
  520     35.71544221    -18.45824197   -339.49939294      33       0      24
  521     37.68180642    -37.89929701   -339.49939294      28       0      34
  522     36.26729983    -20.31713981   -339.49939293      36       0      41
  523     35.79731228    -32.66489001   -339.49939293      45       0      34
  524 69060886.88477585 1545794614.89031863   -339.49939294      45       0      39
  525     31.25955716    -18.73867582   -339.49939294      40       0      34
  526     34.84611064     -9.70667503   -339.49939293      42       0      30
  527     37.91017143     -8.79311825   -339.49939294      38       0      41
  528     35.00702160    -27.77615914   -339.49939294      39       0      36
  529     28.76717831    -41.26260976   -339.49939294      42       0      33
  530     28.79272555    -24.71083341   -339.49939294      37       0      21
  531     21.84562013    -10.81015425   -339.49939294      37       0      12
  532     24.68630726    -34.52762370   -339.49939294      18       0      16
  533     25.26981435    -15.96590543   -339.49939294      18       0      18
  534     24.83190850    -23.02390042   -339.49939294      19       0      18
  535     35.77975462    -33.77349824   -339.49939293      18       0      34
  536     37.49843209    -21.68712021   -339.49939294      35       0      34
  537     31.63990727    -21.10576910   -339.49939294      35       0      22
  538     35.32187733    -32.77943765   -339.49939294      30       0      33
  539     22.08728771    -83.78132424   -339.49939294      30       0      33
  540     46.32411384     -8.04683511   -339.49939294      39       0      43
  541     41.13853205    -16.66545214   -339.49939294      46       0      36
  542     39.90589311     -8.49273643   -339.49939294      42       0      34
  543     33.01730958    -14.14969162   -339.49939293      40       0      34
  544     35.34497246    -13.52200296   -339.49939294      40       0      35
  545     37.12507306    -20.77490045   -339.49939294      43       0      37
  546     38.22812608    -14.51342690   -339.49939294      43       0      32
  547     40.19080110    -32.14196910   -339.49939294      44       0      27
  548     26.92460577    -16.50520846   -339.49939294      36       0      12
  549     26.56789043     -8.77981540   -339.49939294      21       0      17
  550     28.24686493    -21.03683281   -339.49939294      20       0      19
  551     24.84824178    -18.25831081   -339.49939294      19       0      16
  552     36.66347074    -13.18504127   -339.49939294      18       0      32
  553     38.35332432    -13.35514270   -339.49939294      32       0      32
  554     38.92450854    -14.69123061   -339.49939294      34       0      27
  555     32.43028549    -32.25267231   -339.49939294      31       0      32
  556     36.84427400    -21.17964550   -339.49939294      36       0      30
  557     40.52252173    -27.51230427   -339.49939294      31       0      42
  558 6119954.57987491 136983064.86220127   -339.49939294      39       0      37
  559     26.30976917    -25.17968335   -339.49939294      45       0      32
  560     29.65895454    -19.26555178   -339.49939293      43       0      33
  561     34.12187430    -17.43508876   -339.49939294      44       0      35
  562     39.18362033    -21.72533355   -339.49939294      40       0      36
  563     36.26265313    -26.59416062   -339.49939294      36       0      33
  564     27.42234277    -22.11039395   -339.49939294      40       0      27
  565 6319659.13134793 141453063.36493465   -339.49939294      32       0      18
  566     28.67441677    -33.89360560   -339.49939294      24       0      19
  567 7782623.45815079 174198701.67744687   -339.49939294      22       0      17
  568     26.49138943    -22.72324737   -339.49939294      20       0      17
  569     25.91622612    -24.14874771   -339.49939294      18       0      27
  570     41.01787698    -15.81618143   -339.49939294      28       0      35
  571     37.60280449     -6.07395535   -339.49939294      36       0      29
  572 360286.17569058 8063978.18559663   -339.49939294      37       0      32
  573     37.43556546    -16.69384685   -339.49939294      31       0      27
  574     27.96188434    -21.47725720   -339.49939294      30       0      37
  575     35.79754287    -27.00333491   -339.49939294      39       0      35
  576     36.96971991    -22.27780814   -339.49939294      42       0      37
  577     38.33879682    -24.06746739   -339.49939294      42       0      33
  578     37.52086648    -16.10607398   -339.49939294      42       0      38
  579     34.65044506    -10.45098911   -339.49939294      42       0      36
  580     34.65320878    -14.71849220   -339.49939294      44       0      31
  581     29.23042872    -48.41295421   -339.49939294      44       0      28
  582     33.35525712    -13.62724854   -339.49939294      31       0      20
  583     28.76990275    -14.06344832   -339.49939294      30       0      19
  584  23539.35224812 526547.30730197   -339.49939294      20       0      18
  585     28.51730744    -29.63705142   -339.49939290      20       0      15
  586     35.20335867    -14.21149278   -339.49939290      15       0      26
  587     35.16410443    -12.42161459   -339.49939294      26       0      36
  588     34.18543831    -12.63891620   -339.49939290      34       0      29
  589     37.86740466    -11.64349189   -339.49939294      35       0      33
  590     28.92095789    -17.46014952   -339.49939294      32       0      25
  591     37.44271233    -17.48761883   -339.49939290      30       0      34
  592     37.79826522    -24.47243453   -339.49939294      37       0      38
  593     27.14722056    -31.16588989   -339.49939294      33       0      32
  594     37.92892448    -15.97857234   -339.49939294      39       0      35
  595 154048.95075905 3447757.05523959   -339.49939294      37       0      37
  596     30.16537798    -32.44504302   -339.49939294      45       0      34
  597     41.98989804    -10.19995583   -339.49939294      40       0      36
  598 1333002.66117719 29836363.67266333   -339.49939294      43       0      29
  599     25.36186494    -15.40105897   -339.49939294      37       0      23
  600     21.79911991    -30.43240938   -339.49939290      27       0      18
  601     28.47124076    -24.12888293   -339.49939294      19       0      20
  602     28.77299385    -17.51326013   -339.49939294      21       0      14
  603     29.98506921    -14.47544213   -339.49939294      17       0      26
  604     28.41654888    -40.81232728   -339.49939294      27       0      34
  605     33.04555389    -33.39863153   -339.49939294      32       0      31
  606     36.97535780    -23.03127530   -339.49939294      40       0      29
  607     34.87069697    -20.11174612   -339.49939294      28       0      29
  608 7553549.02167337 169071311.74375838   -339.49939294      37       0      33
  609     42.18468602    -16.16854905   -339.49939294      40       0      36
  610     33.22294818    -54.56433146   -339.49939293      38       0      33
  611     34.37184400    -13.50803372   -339.49939294      40       0      31
  612     35.30693032    -14.55653943   -339.49939294      32       0      38
  613     43.64032022    -12.67369131   -339.49939294      41       0      36
  614     37.70244569     -6.25350412   -339.49939294      44       0      33
  615     32.75573147    -14.96196967   -339.49939294      40       0      31
  616     26.09098279    -16.49072763   -339.49939294      36       0      28
  617     36.88028526    -18.29658235   -339.49939294      37       0      18
  618     32.11730571    -11.00040361   -339.49939294      20       0      18
  619     27.95327589    -24.20517567   -339.49939294      20       0      15
  620     29.46089152    -36.11618995   -339.49939294      15       0      24
  621     27.06556305    -44.51641683   -339.49939294      26       0      29
  622     33.90970029    -12.50913086   -339.49939294      29       0      36
  623     29.53850951    -24.08762182   -339.49939294      39       0      29
  624     33.16000358    -24.79496864   -339.49939294      35       0      26
  625     42.12042553    -22.61691305   -339.49939294      30       0      33
  626 939887.76020863 21037245.65442753   -339.49939294      33       0      38
  627     36.92899408    -26.10346355   -339.49939294      41       0      36
  628     36.68843379    -18.77251003   -339.49939294      38       0      28
  629     32.33585527    -15.09930246   -339.49939294      36       0      36
  630     37.42637685    -34.91457640   -339.49939294      40       0      36
  631     29.14369395    -18.08266395   -339.49939294      40       0      31
  632     40.82334998    -18.58049893   -339.49939294      34       0      34
  633     36.92795544    -12.04379278   -339.49939294      42       0      31
  634     24.14815741    -27.08196228   -339.49939294      37       0      18
  635     20.38769204    -27.70228215   -339.49939294      22       0      18
  636     25.71621081    -65.64916554   -339.49939294      18       0      17
  637     32.70233825    -28.52098783   -339.49939294      22       0      22
  638     31.79362692    -14.02761784   -339.49939294      25       0      28
  639     37.70264649     -5.24223200   -339.49939294      27       0      34
  640     35.28915349    -14.01752604   -339.49939294      35       0      31
  641     29.97196396     -8.02485686   -339.49939294      36       0      26
  642     32.56512114    -44.04426372   -339.49939294      30       0      35
  643     31.10607925    -28.34388736   -339.49939294      34       0      34
  644     30.80776172    -65.84967068   -339.49939294      37       0      33
  645     30.76847399    -19.85659612   -339.49939294      34       0      28
  646     42.21592758    -19.62846030   -339.49939294      42       0      41
  647     38.96487351    -45.85852738   -339.49939294      45       0      35
  648     31.39342530    -22.35910176   -339.49939294      42       0      32
  649     30.96449628    -18.97367122   -339.49939294      36       0      30
  650 1205415.53232081 26980575.83526155   -339.49939294      36       0      36
  651     24.09017308    -27.57087169   -339.49939294      36       0      18
  652     25.16380278    -29.37224546   -339.49939294      28       0      17
  653     31.92958123    -18.75362690   -339.49939294      22       0      17
  654     34.08481284    -23.62620065   -339.49939294      18       0      25
  655     31.51212539    -25.04937530   -339.49939294      24       0      25
  656     37.00219548    -14.03164322   -339.49939294      28       0      33
  657     31.31742067    -24.98090109   -339.49939294      33       0      32
  658 19885085.14865581 444628145.19523197   -339.49939294      34       0      28
  659     33.58785884    -18.23207425   -339.49939294      31       0      31
  660     40.05764034    -20.52309093   -339.49939294      31       0      36
  661     32.54750399    -22.61716373   -339.49939294      38       0      29
  662     24.45505435    -45.33355090   -339.49939294      36       0      31
  663 310260.44825347 6944248.05938576   -339.49939294      34       0      36
  664 115747.56773012 2590454.11801540   -339.49939294      40       0      40
  665     29.85792957    -43.92700680   -339.49939294      44       0      33
  666     28.52215436    -16.04990871   -339.49939294      33       0      29
  667     35.15540671    -16.62764185   -339.49939294      34       0      32
  668 331731502.27673739 7425170444.94730473   -339.49939294      34       0      24
  669     30.66963156    -43.63029373   -339.49939294      26       0      17
  670     27.45141719    -24.72033588   -339.49939294      23       0      19
  671     29.87252732    -21.37446497   -339.49939294      19       0      24
  672     26.71179472    -24.26938828   -339.49939294      26       0      25
  673     25.71154056    -26.39444419   -339.49939294      27       0      29
  674     31.72497908    -41.94047591   -339.49939294      28       0      35
  675 20371013.70227768 455965574.62009501   -339.49939294      39       0      28
  676     23.10606485    -48.12968300   -339.49939294      35       0      30
  677     28.60189301    -19.87997342   -339.49939294      37       0      34
  678     34.33035765    -34.31311866   -339.49939294      43       0      30
  679     36.41258753    -21.01568742   -339.49939294      32       0      32
  680     31.46567273    -28.65665970   -339.49939294      33       0      34
  681     44.92213166    -17.88042919   -339.49939294      37       0      43
  682     32.16319893    -39.98294954   -339.49939294      46       0      34
  683     30.58501432    -10.84531590   -339.49939294      49       0      25
  684     39.52039536    -25.01757418   -339.49939294      31       0      36
  685     23.06681503    -58.52590468   -339.49939294      40       0      24
  686      9.27793061   -238.21732427   -339.49939294      28       0      15
  687     29.87759069    -46.81934441   -339.49939294      22       0      22
  688     19.97942658    -90.11429970   -339.49939294      24       0      22
  689     34.49188737    -16.71499903   -339.49939294      23       0      25
  690     27.57518790    -32.43923494   -339.49939294      30       0      27
  691     39.80003415    -18.13309632   -339.49939294      26       0      33
  692     27.30341059    -35.14579365   -339.49939294      33       0      24
  693     38.72996686    -42.19802660   -339.49939294      26       0      36
  694     40.18459209    -12.10183592   -339.49939293      39       0      32
  695     39.30091357    -10.70573008   -339.49939294      35       0      33
  696     33.19407430    -29.35515873   -339.49939294      34       0      30
  697     37.73498175    -11.62001501   -339.49939294      41       0      34
  698     23.37585188   -113.95842471   -339.49939294      43       0      39
  699 133608.63829743 2990240.09656374   -339.49939294      43       0      36
  700     37.10554492    -12.91837300   -339.49939294      41       0      31
  701     26.58280240    -52.16354192   -339.49939293      40       0      30
  702     34.29767183    -10.97399878   -339.49939294      36       0      26
  703     37.46237963     -8.59133818   -339.49939294      33       0      20
  704     25.08977798     -9.39023448   -339.49939294      21       0      20
  705     37.22591403    -22.07175465   -339.49939294      20       0      22
  706     22.24495783    -54.94262860   -339.49939294      25       0      26
  707 172475.67234188 3860201.60775417   -339.49939294      25       0      27
  708     38.66335345    -19.55957432   -339.49939294      32       0      32
  709     20.17414080    -87.85095906   -339.49939294      36       0      24
  710     32.82846757    -10.28039425   -339.49939294      34       0      36
  711     43.07510420     -8.69367629   -339.49939294      38       0      27
  712     30.38642709    -16.42040620   -339.49939294      31       0      32
  713     34.30132430    -30.91177146   -339.49939294      35       0      30
  714     35.61457074    -21.73095792   -339.49939294      29       0      38
  715     40.84787589     -7.14406293   -339.49939294      38       0      38
  716     27.37301540    -23.75479301   -339.49939292      46       0      32
  717     31.94802517    -12.40852239   -339.49939294      35       0      34
  718     34.79563268    -13.77006652   -339.49939294      41       0      30
  719     35.86775602    -13.24431503   -339.49939294      39       0      30
  720     20.34205098    -27.27694022   -339.49939294      32       0      20
  721     32.57083966    -10.50303191   -339.49939294      30       0      21
  722     29.09904467    -14.37819781   -339.49939294      20       0      21
  723     30.10406261    -27.89622060   -339.49939294      25       0      24
  724   4294.43034293  95785.47720424   -339.49939294      25       0      26
  725     35.43685582    -20.41464283   -339.49939292      23       0      29
  726     33.21673880    -26.56976627   -339.49939294      33       0      30
  727     35.67691816    -20.81336927   -339.49939294      34       0      35
  728     22.83308993    -70.99897218   -339.49939294      36       0      28
  729 22360331.59924477 500492628.34816563   -339.49939294      29       0      32
  730     36.21628261    -21.35843275   -339.49939294      40       0      30
  731     41.76183471    -16.33286516   -339.49939294      28       0      36
  732     30.00269741    -14.63885299   -339.49939294      36       0      34
  733     40.55017703    -24.81983285   -339.49939294      36       0      33
  734     33.58817033    -30.33945917   -339.49939294      38       0      36
  735     35.79586090    -14.65169658   -339.49939294      49       0      32
  736     33.38389020    -11.51080982   -339.49939294      42       0      27
  737     24.40369246    -24.51934889   -339.49939294      38       0      26
  738     15.02237148   -138.82053827   -339.49939294      30       0      18
  739     20.30019164    -99.50057707   -339.49939294      22       0      23
  740     31.94939266    -17.76886962   -339.49939294      24       0      25
  741     26.74398697    -86.55021395   -339.49939294      25       0      22
  742     30.68512876    -35.14714770   -339.49939294      24       0      29
  743     40.80419753    -37.94527083   -339.49939294      27       0      32
  744     29.98825018    -21.21216433   -339.49939294      38       0      36
  745     28.54559096    -25.90378115   -339.49939294      38       0      26
  746     37.55533967    -22.76363139   -339.49939294      30       0      32
  747     39.19239486    -13.62682873   -339.49939294      39       0      32
  748     29.48939841    -39.72888828   -339.49939294      33       0      33
  749     33.53784963    -47.94334746   -339.49939294      36       0      32
  750     37.19514645    -19.61919059   -339.49939294      34       0      30
  751     34.97294319    -27.23030983   -339.49939294      37       0      34
  752     46.22082904     -9.09254673   -339.49939294      40       0      36
  753 4676359.53063450 104670969.67511067   -339.49939294      44       0      29
  754     35.17420919     -7.22620540   -339.49939293      34       0      30
  755     18.48764770    -58.10235210   -339.49939294      35       0      18
  756     21.57877595    -62.86265137   -339.49939293      21       0      23
  757     24.05445279    -46.63914054   -339.49939294      27       0      22
  758     29.56894487    -11.69970600   -339.49939294      24       0      23
  759     21.88657328    -52.65366199   -339.49939294      23       0      31
  760     27.84726419    -42.26928487   -339.49939294      34       0      29
  761 125892502.59209770 2817860876.04480362   -339.49939294      30       0      38
  762     28.09852669    -42.54301498   -339.49939294      34       0      22
  763     40.12104429    -18.75177702   -339.49939294      31       0      36
  764     38.28064684    -21.08722699   -339.49939294      38       0      28
  765     32.70820352    -13.83200483   -339.49939294      34       0      36
  766     38.50336426    -22.19549270   -339.49939294      38       0      30
  767     22.69420470    -44.37412940   -339.49939294      35       0      29
  768     40.28269712     -7.87122829   -339.49939293      33       0      35
  769     39.09827152    -24.03461639   -339.49939294      34       0      34
  770     35.86977247    -19.78068528   -339.49939294      37       0      33
  771     39.74701228    -10.92150360   -339.49939294      36       0      30
  772     28.15589040    -24.09813417   -339.49939294      36       0      19
  773     24.33938220    -18.12121212   -339.49939292      26       0      22
  774     20.92139096    -48.81939670   -339.49939293      25       0      23
  775     32.78322444    -19.98457113   -339.49939294      22       0      24
  776     32.65446754    -14.58782755   -339.49939294      27       0      30
  777     34.38529461    -16.84871779   -339.49939293      28       0      29
  778     33.15234602    -15.97529303   -339.49939294      33       0      35
  779     30.31320202    -18.37291723   -339.49939292      37       0      24
  780     32.97188763    -36.52722937   -339.49939292      27       0      35
  781     35.17950489    -27.98345840   -339.49939294      35       0      28
  782     36.11060393    -27.16096511   -339.49939293      31       0      36
  783     26.69820316    -11.74127785   -339.49939294      44       0      32
  784     27.06734750    -32.41180570   -339.49939294      38       0      29
  785     41.57230447    -16.31809020   -339.49939294      35       0      35
  786     33.88307929    -42.36903980   -339.49939294      41       0      32
  787     39.57659763    -17.60439421   -339.49939294      37       0      33
  788     36.23142282    -15.66575008   -339.49939294      35       0      28
  789     25.83716015    -14.76779530   -339.49939294      35       0      23
  790     27.17224553    -49.37368798   -339.49939294      27       0      23
  791     39.56464122    -13.36384620   -339.49939294      29       0      23
  792     29.84270759    -21.36010722   -339.49939294      23       0      24
  793     36.52727688    -19.52080563   -339.49939294      28       0      29
  794     21.98892007    -69.31624203   -339.49939294      29       0      29
  795     35.85863571    -35.68251026   -339.49939294      31       0      34
  796 14019191.91782813 313792276.25941455   -339.49939294      39       0      25
  797     29.92547587    -22.94659708   -339.49939294      30       0      33
  798     27.35951127    -17.73822810   -339.49939294      34       0      26
  799     29.38884914    -60.39514013   -339.49939294      29       0      34
  800     41.79601196     -7.72763254   -339.49939294      35       0      34
  801     40.92144079    -30.04626011   -339.49939294      43       0      32
  802     32.82426409    -25.12909934   -339.49939294      38       0      32
  803     32.73579615    -22.07500673   -339.49939294      35       0      32
  804     37.77125385    -19.76847196   -339.49939294      32       0      34
  805     36.85221903    -28.00860303   -339.49939294      37       0      27
  806     36.38735261     -6.23528992   -339.49939293      33       0      27
  807     29.23651692     -8.29025140   -339.49939293      32       0      23
  808     19.19864864    -54.98561471   -339.49939294      29       0      23
  809     24.42826998    -23.63160739   -339.49939294      22       0      25
  810     29.26715089    -30.87784501   -339.49939293      31       0      26
  811     28.23067696    -37.36452682   -339.49939294      29       0      30
  812     37.87304539    -13.08156455   -339.49939294      29       0      32
  813     29.98076517    -31.62617974   -339.49939294      39       0      29
  814     35.61528715    -22.90083205   -339.49939293      36       0      30
  815     32.81131379    -12.32565725   -339.49939292      33       0      28
  816     16.63128200   -161.14486681   -339.49939294      36       0      30
  817  99324.28895555 2222850.18180712   -339.49939292      34       0      36
  818     33.63746533    -21.07437482   -339.49939294      36       0      32
  819     29.25194757    -14.94830606   -339.49939294      41       0      32
  820     32.03660600    -26.59949702   -339.49939294      34       0      34
  821     38.31330872    -12.05028445   -339.49939293      34       0      32
  822     32.37684297    -18.05245346   -339.49939294      41       0      26
  823     32.20535948    -38.11612185   -339.49939293      34       0      29
  824     32.37745946    -19.64016584   -339.49939293      28       0      22
  825     33.76366133    -24.60485978   -339.49939293      29       0      24
  826 20942513.21078649 468757490.76709962   -339.49939294      29       0      25
  827     36.68716155     -8.27857592   -339.49939293      26       0      27
  828     35.76209391    -46.22263410   -339.49939293      30       0      28
  829     35.41815460    -24.15203746   -339.49939294      29       0      29
  830     23.60620971    -23.26130145   -339.49939294      32       0      28
  831     33.96898615    -17.77787972   -339.49939293      31       0      36
  832     40.31701959    -16.18069372   -339.49939294      36       0      26
  833     39.01544281    -21.74096984   -339.49939293      30       0      28
  834     28.38892552    -36.16223416   -339.49939293      32       0      37
  835     40.09674500     -7.89716511   -339.49939294      42       0      34
  836     35.50022586    -15.40617709   -339.49939293      38       0      35
  837     31.95357143    -42.15256533   -339.49939293      37       0      28
  838     36.04094365    -26.91213380   -339.49939293      37       0      31
  839     33.44730457    -21.05953211   -339.49939293      33       0      30
  840     36.91321854    -28.45767782   -339.49939294      32       0      27
  841     31.88650863    -18.33633525   -339.49939294      30       0      24
  842     31.79126157     -9.46958849   -339.49939294      28       0      25
  843     36.47541511     -7.14769525   -339.49939293      26       0      24
  844     23.43527264    -44.71223120   -339.49939294      31       0      28
  845     32.97592736    -13.33607730   -339.49939294      29       0      25
  846     35.98858348    -26.86441291   -339.49939293      27       0      32
  847     36.55588393     -6.95059758   -339.49939294      39       0      28
  848     38.02103454    -32.07287825   -339.49939294      30       0      35
  849 8332617.43674496 186509260.24299738   -339.49939294      35       0      25
  850     30.63293099    -26.42128574   -339.49939292      31       0      27
  851     36.92739575    -18.51659637   -339.49939294      31       0      36
  852     30.58024933    -17.73843643   -339.49939294      34       0      36
  853 160615.09026652 3594726.54816467   -339.49939293      39       0      36
  854     37.09902502    -15.10304495   -339.49939294      41       0      31
  855     32.92031963    -28.55499670   -339.49939293      43       0      26
  856     35.31251580    -32.69344507   -339.49939294      30       0      31
  857     29.98921389     -9.00666257   -339.49939294      36       0      30
  858     35.31892322    -15.91812121   -339.49939294      33       0      21
  859     31.18204070     -9.13946450   -339.49939294      23       0      24
  860     18.29062750   -129.72689793   -339.49939294      27       0      25
  861     28.21176030    -30.46502660   -339.49939294      26       0      30
  862     31.70600248    -32.06765777   -339.49939294      29       0      24
  863     34.09552816    -27.66073419   -339.49939294      23       0      34
  864     35.55068979    -30.35926614   -339.49939294      33       0      26
  865     36.35127367    -14.24341860   -339.49939294      35       0      33
  866     31.95931890     -9.12808548   -339.49939294      34       0      26
  867     38.34299746     -8.81796038   -339.49939294      32       0      30
  868     35.40329246    -22.12320415   -339.49939294      31       0      33
  869     41.61522954     -3.71588263   -339.49939294      38       0      33
  870     36.48892710    -39.84422683   -339.49939294      36       0      37
  871     32.08172149    -15.47672424   -339.49939294      39       0      31
  872     41.02470260    -13.68685356   -339.49939294      35       0      29
  873     43.35210043     -6.68784322   -339.49939294      36       0      30
  874     30.20898515    -13.59333509   -339.49939294      37       0      33
  875     26.90149630    -14.54840675   -339.49939294      43       0      21
  876     26.19116409    -16.16057887   -339.49939294      29       0      23
  877     29.95630114    -24.33227868   -339.49939294      25       0      26
  878     39.41723434    -13.37390864   -339.49939294      28       0      30
  879     31.55094040    -33.00238064   -339.49939294      34       0      24
  880     37.05886764    -14.19544586   -339.49939294      23       0      31
  881     32.95292995    -21.39280987   -339.49939294      33       0      27
  882     31.06681477    -30.51027822   -339.49939294      29       0      30
  883     41.89312140     -9.70223800   -339.49939294      29       0      30
  884     26.28713839    -59.22415522   -339.49939294      30       0      31
  885     29.75306346    -64.46529719   -339.49939294      37       0      30
  886     38.58891432    -32.73192484   -339.49939294      34       0      34
  887     35.32458856    -13.77457358   -339.49939294      32       0      34
  888     33.80057537    -25.68168450   -339.49939294      34       0      32
  889     31.83867831    -22.73037419   -339.49939294      37       0      24
  890     36.36867571    -18.59671911   -339.49939294      30       0      33
  891     27.23767803    -10.04670851   -339.49939294      40       0      31
  892     24.89945326    -54.44337127   -339.49939294      34       0      29
  893     22.05493716    -55.34787023   -339.49939294      31       0      21
  894     35.26438527    -25.59126467   -339.49939294      25       0      28
  895     33.53167927    -21.94479186   -339.49939294      32       0      30
  896     23.37175235     -8.55584122   -339.49939294      31       0      24
  897     36.78791560    -20.72962711   -339.49939294      31       0      31
  898     21.14388788    -48.97182308   -339.49939294      31       0      27
  899     31.72648406    -28.92559707   -339.49939294      33       0      30
  900     30.37769318    -29.59598222   -339.49939294      35       0      29
  901     33.23450104    -34.24114080   -339.49939294      33       0      29
  902     37.16375526    -17.16290979   -339.49939294      30       0      32
  903     40.70877607    -20.99164741   -339.49939294      31       0      33
  904     43.86451209    -20.27543616   -339.49939294      39       0      33
  905  26650.30549432 596183.84389838   -339.49939294      41       0      32
  906     24.39406507    -55.35020111   -339.49939294      39       0      24
  907     35.69172691    -40.17979011   -339.49939294      24       0      33
  908 3668124.71620762 82103573.69578390   -339.49939294      36       0      30
  909  46129.55611375 1032188.01213690   -339.49939294      37       0      32
  910     32.17511631    -12.84091927   -339.49939294      34       0      20
  911     28.29693195    -16.83158886   -339.49939294      31       0      27
  912     35.19684562    -10.00425753   -339.49939294      30       0      30
  913     36.24009419    -14.62492742   -339.49939294      29       0      25
  914     36.64177239    -32.77529829   -339.49939294      24       0      29
  915     30.04827520    -22.95338807   -339.49939294      30       0      30
  916     35.96420841    -16.94385725   -339.49939294      35       0      27
  917     32.71756081    -17.56700205   -339.49939294      28       0      32
  918     30.38318227    -17.40760727   -339.49939294      35       0      29
  919     30.20296043    -31.26915323   -339.49939292      39       0      27
  920     31.58887977    -18.43996947   -339.49939294      28       0      35
  921 3990842.35795777 89326988.63065790   -339.49939294      37       0      33
  922     36.06401753    -27.79614214   -339.49939292      40       0      34
  923 2314178.57509342 51798096.76390219   -339.49939294      38       0      26
  924     24.86757531    -14.70402864   -339.49939294      35       0      28
  925     35.61127651    -20.31892130   -339.49939292      26       0      31
  926     31.68589124    -16.16218524   -339.49939294      33       0      31
  927     30.20361404    -18.92265819   -339.49939294      41       0      23
  928     35.20172422    -14.15176140   -339.49939293      33       0      29
  929     37.02608997    -30.31566173   -339.49939294      33       0      30
  930 2058593.23920208 46077310.42125583   -339.49939292      33       0      25
  931     31.63169138    -23.12726434   -339.49939294      29       0      24
  932 12155902.24941530 272086127.33015388   -339.49939294      30       0      34
  933     34.19005214    -25.70785788   -339.86899079      37       0      28
  934  45298.55435727 1013584.59374597   -339.86899080      35     252      15
  935     31.72906949    -16.25957198   -339.86899078      28       3      30
  936     31.07407709    -11.97069318   -339.86899080      41       7      21
  937     35.72883976    -19.39610040   -339.86899080      45       1      33
  938     32.82890750    -22.57759453   -339.86899080      55       2      28
  939     30.35656194    -25.43285860   -339.86899080      67       2      30
  940     30.37824636    -11.67028595   -339.86899080      75       1      33
  941     32.32906619    -35.25655049   -339.86899080      85       0      23
  942     38.03570070    -20.63032070   -339.86899081      83       0      31
  943 360615.95016798 8071362.08061607   -339.86899080      77       0      22
  944     33.85993419    -18.43557026   -339.86899078      69       0      31
  945     29.45780278    -13.86568273   -339.86899081      60       0      25
  946     31.57587555    -21.87658935   -339.86899081      40       0      34
  947     23.90245754    -22.81141108   -339.86899081      36       0      29
  948     21.14590907    -12.40711433   -339.86899081      33       0      21
  949     29.62873043     -8.33261397   -339.86899081      27       0      26
  950     42.54710531     -7.11454752   -339.86899081      29       0      30
  951     44.96353484    -21.98628798   -339.86899079      28       0      38
  952     29.55314700    -10.17135920   -339.86899080      43       0      17
  953     25.99483411    -24.55210670   -339.86899080      25       0      21
  954     34.06149269    -22.59726593   -339.86899080      26       0      30
  955 31763808.04388737 710959289.84634566   -339.86899081      30       0      31
  956     39.31230333    -33.27174024   -339.86899079      28       0      29
  957     36.98040288    -27.41969321   -339.86899081      33       0      40
  958     36.56862853    -18.03938763   -339.86899081      48       0      24
  959 591210.79327933 13232782.78885632   -339.86899078      32       0      36
  960     35.46453535    -21.08881499   -339.86899081      39       0      30
  961     38.86643121    -21.71582060   -339.86899081      39       0      33
  962     28.87090200    -46.83987571   -339.86899078      47       0      31
  963     31.07250172    -27.40412141   -339.86899081      40       0      33
  964     28.60154828    -16.86222617   -339.86899079      39       0      24
  965     29.49016495    -32.02247564   -339.86899078      31       0      24
  966 388324297.05342758 8691891161.97776031   -339.86899075      27       0      25
  967     31.09834518    -17.30283971   -339.86899079      28       0      29
  968     40.10984155    -34.81391894   -339.86899078      33       0      38
  969     14.30847206    -85.57718869   -339.86899078      42       0      20
  970     33.77343614    -19.90156579   -339.86899078      27       0      23
  971     33.96049539     -9.67255386   -339.86899078      25       0      27
  972     38.22507550    -14.04201239   -339.86899075      27       0      30
  973     42.26923842     -2.34915819   -339.86899078      34       0      27
  974     38.67207778    -15.45404594   -339.86899079      33       0      37
  975     29.03753451    -29.65434445   -339.86899075      37       0      28
  976     36.42005335    -29.10304137   -339.86899079      29       0      30
  977     29.53856155    -29.48055672   -339.86899079      39       0      29
  978     31.48838124    -26.73804915   -339.86899080      34       0      41
  979     32.56456359    -12.46000854   -339.86899080      39       0      29
  980     29.12270958    -34.03782550   -339.86899080      36       0      34
  981     25.55185699    -27.90552867   -339.86899080      40       0      25
  982     32.10500913    -31.59561953   -339.86899080      27       0      23
  983     26.17826498    -82.04856929   -339.86899080      30       0      26
  984     32.91259284    -12.65768506   -339.86899080      27       0      29
  985     42.08757223    -13.83019763   -339.86899080      27       0      38
  986     35.69393306    -28.32540169   -339.86899080      39       0      22
  987     35.03610524    -32.07838600   -339.86899080      33       0      22
  988     35.81372617    -16.08296510   -339.86899080      29       0      27
  989     29.64101444    -37.60547154   -339.86899080      31       0      28
  990     29.13215612    -30.66910338   -339.86899080      32       0      27
  991     32.28997997    -30.66910338   -339.86899080      32       0      38
  992     39.06638360    -38.45324982   -339.86899080      34       0      29
  993     36.39773298    -22.45195478   -339.86899080      40       0      31
  994     30.74124352    -32.44906846   -339.86899080      32       0      28
  995  17641.71862821 394542.23430149   -339.86899080      35       0      37
  996     38.37468603    -15.91433971   -339.86899080      42       0      35
  997     34.98616725    -20.46271798   -339.86899077      45       0      33
  998     24.89138668    -47.00959105   -339.86899080      36       0      21
  999     21.30662067    -92.82197114   -339.86899080      19       0      28
 1000     26.08190753    -54.32595688   -339.86899080      30       0      27
----------------------------------------------------------------------------------
Artificial Bee Colony Optimization Finished!

 -- Results Report --
 * 100 LMs will be saved in [ lm-LM ].
      #          Energy
      0   -339.86899076
      1   -339.49939294
      2   -339.38705224
      3   -339.29194340
      4   -339.03312768
      5   -338.98957936
      6   -338.85708871
      7   -338.78296413
      8   -338.52215005
      9   -338.50467092
     10   -338.49609667
     11   -338.49121643
     12   -338.46115846
     13   -338.43389119
     14   -338.40336606
     15   -338.32428606
     16   -338.27783833
     17   -338.24938697
     18   -338.24749424
     19   -338.23508218
     20   -338.22876984
     21   -338.22263443
     22   -338.05647791
     23   -337.99168267
     24   -337.98322544
     25   -337.98034007
     26   -337.93815920
     27   -337.88516062
     28   -337.81503827
     29   -337.80330486
     30   -337.78942150
     31   -337.75258431
     32   -337.72985851
     33   -337.71710624
     34   -337.67950950
     35   -337.66603649
     36   -337.60168255
     37   -337.55802907
     38   -337.47157521
     39   -337.38139952
     40   -337.36326439
     41   -337.32813845
     42   -337.30808418
     43   -337.30596127
     44   -337.30339270
     45   -337.26870726
     46   -337.25034340
     47   -337.24353130
     48   -337.22590138
     49   -337.18051543
     50   -337.14570916
     51   -337.14521353
     52   -337.11098820
     53   -337.10150495
     54   -337.09193674
     55   -337.07393112
     56   -337.06890083
     57   -337.06169064
     58   -337.05158317
     59   -337.02912272
     60   -337.00750102
     61   -337.00338040
     62   -337.00251757
     63   -337.00089847
     64   -336.98790024
     65   -336.96781215
     66   -336.94183220
     67   -336.94136487
     68   -336.92932372
     69   -336.91883985
     70   -336.88793607
     71   -336.88175406
     72   -336.87452635
     73   -336.87097082
     74   -336.85155561
     75   -336.84565684
     76   -336.79730001
     77   -336.78390792
     78   -336.77570635
     79   -336.75535001
     80   -336.75433018
     81   -336.73211869
     82   -336.72808027
     83   -336.67213670
     84   -336.66005893
     85   -336.65239675
     86   -336.63500061
     87   -336.63179375
     88   -336.61352121
     89   -336.60157684
     90   -336.59809075
     91   -336.58165929
     92   -336.57983251
     93   -336.57603005
     94   -336.54147154
     95   -336.54133691
     96   -336.53051902
     97   -336.53004252
     98   -336.51879398
     99   -336.51849591

 * Final Global Minimal Energy:   -339.86899079
 * The Global Minimum is saved as: [ lm-OPT.(cluster/xyz/gjf) ]

===== (^ _ ^) =====
Normal termination at Wed May  6 15:07:19 2020.
Total run time: 17801 seconds = 0 days 4 hours 56 minutes 41 seconds.
