    * * * * * * * * * * * * * * * * * * * * *
    *       __    ____    ______            *
    *      /  \  |  _ \  |  ___/  luster !  *
     *    / _  \ | |_| | | |               *
     *   / /_\ | |  _ <  | |     < @  @ >  * 
     *  / ___  | | |_| | | |___ _ _  o     * 
    *  /_/   |_| |____/  |_____ _ __ __  _  *
    *                                       *
    * * * * * * * * * * * * * * * * * * * * *

ABCluster 1.5.1
Specific flag:  official version
Platform:       LINUX/UNIX
Compiled by:    junzhang@gellmann.scs.illinois.edu
Compiling date: Dec 18 2017 20:33:35
C++ compiler:   g++
C++ options:    -O3 -Os -fno-exceptions --std=c++0x -fopenmp 

Contributors:
Jun Zhang(University of Cologne): Design and coding.

For any suggestions, comments, and questions on the theory and
implementation of ABCluster, please feel free to contact:

Dr. Jun Zhang, ZhangJunQcc@gmail.com

If you used this program in your work, please cite this reference:

[1] Zhang, J.; Dolg, M.; ABCluster: The Artificial Bee Colony Algorithm for
    Cluster Global Optimization. Phys. Chem. Chem. Phys. 2015, 17, 24173-24181.
[2] Zhang, J.; Dolg, M.; Global Optimization of Clusters of Rigid Molecules by the
    Artificial Bee Colony Algorithm. Phys. Chem. Chem. Phys. 2016, 18, 3003-3010.

Program starts at Wed May  6 09:57:55 2020.
Command line: " /ihome/jkeith/amm503/codes/ABCluster151/rigidmol-optimizer solvent.inp "
Process ID:   131581
Run by:       amm503@smp-n29.crc.pitt.edu
Available CPU cores:    24
Read "OMP_NUM_THREADS": Unset

Random number testing (integers): 1399442928...406283416
Random number testing (fractals): 0.92067002...0.90170290

 -- Input/Output Parameters --
Input file name:      solvent.inp
Cluster file name:    solvent.cluster
Result file name:     lm.(cluster/xyz/gjf)
Temporary file name:  abclusteramm503smp-n29.crc.pitt.edu131581-OPT
# of saved LMs:       100
LMs are stored in:    lm-LM

 -- ABC Control Parameters --
Population size:                  500
Maximal generation:              1000
Scout limit:                       15
Amplitude:                20.00000000

 -- Cluster Components: from [ solvent.cluster ] --
 -----------------------------------------------------------
   Source                                       #   Charge
 -----------------------------------------------------------
   charmm36/tip4p.xyz                          10    0.000
 -----------------------------------------------------------
   Dimension: 0, an isolate cluster.
 -----------------------------------------------------------

Artificial Bee Colony Optimization Starts!
----------------------------------------------------------------------------------
 * Population: 500; Maximal cycles: 1000
 * EM = Employed Bee; Trigonometric mutation
 * OL = Onlooker Bee; ABC/best/2(0.5)+ABC/current/2(0.5);
        Tournament selection from 5 nectars.
 * SC = Scout Bee; Random nectar; Limit = 15
----------------------------------------------------------------------------------
    #       Diversity            maxE            minE    byEM    byOL    bySC
----------------------------------------------------------------------------------
    1     46.75263177    -46.22231655   -391.02811395     313      64       0
    2     12.45072244   -291.50239927   -391.09430455     265      56       0
    3     10.39680459   -339.48493557   -391.09430455     172      51       0
    4      9.95018676   -344.58853886   -391.09430455     135      40       0
    5      9.39354238   -353.75028389   -391.09430455     111      26       0
    6      9.29851032   -353.75028389   -391.09430455      89      33       0
    7      9.08017682   -353.75028389   -391.09430455      76      17       0
    8      8.88171410   -358.83534537   -391.09430455      67      20       0
    9      8.63220840   -359.45850560   -391.09430454      66      12       0
   10      8.55698932   -365.01146940   -391.09430455      57      13       0
   11      8.31591048   -365.29424447   -391.09430455      69       2       0
   12      7.95766971   -365.68657028   -391.09430454      77       1       0
   13      6.94694969   -366.79287821   -391.09430455      95       0       0
   14      5.41313346   -366.79287821   -391.09430455      93       0       0
   15      2.83631273   -370.90958209   -391.09430455      79       0       0
   16      0.84375531   -373.96562116   -391.09430455      29       0       0
   17      0.00000001   -391.09430455   -391.09430455       2       0       0
   18     22.00395440    -65.16875771   -391.09430447       0       0      10
   19     37.21968649    -13.53297194   -391.09430455      10       0      38
   20     68.03574882    -15.48595183   -391.09430454      36       0     101
   21     85.02151528    -19.70213180   -391.09430455     100       0     145
   22     75.30260194    -13.92357254   -391.09430455     146       0     115
   23     59.65142216    -22.11736761   -391.09430454     172       4      62
   24     32.09574287    -57.62947934   -391.09430455     161       1      21
   25     21.05099383    -57.32056531   -391.09430454     139       4       5
   26     15.54675220   -110.41383873   -391.09430453     135       0       3
   27      4.11025007   -357.42026832   -391.09430455     105       0       0
   28      1.29335288   -366.27301930   -391.09430454      34       0       0
   29      0.00000001   -391.09430455   -391.09430455       4       0       0
   30      0.00000001   -391.09430455   -391.09430455       0       0       0
   31      0.00000001   -391.09430455   -391.09430455       0       0       0
   32      0.00000001   -391.09430455   -391.09430455       0       0       0
   33      0.00000001   -391.09430455   -391.09430455       0       0       0
   34      0.00000001   -391.09430455   -391.09430455       0       0       0
   35     29.96348980    -35.98083771   -391.09430455       0       0       9
   36     35.39345429    -26.20120658   -391.09430455       9       0      31
   37     54.09219137    -28.37730356   -391.09430455      30       0      59
   38     56.26187838    -14.97124921   -391.09430454      54       0      66
   39     62.46040727    -21.18173413   -391.09430455      77       0      85
   40     62.29170238    -12.36807025   -391.09430455     106       0      91
   41     68.87855085    -15.26158440   -391.09430455     111       0      94
   42     53.09915123    -33.35178011   -391.09430455     142       0      50
   43     24.70440987   -111.02172244   -391.09430455     134       1      11
   44      9.64993810   -245.03027275   -391.09430455     123       0       3
   45      2.95423011   -366.80975193   -391.09430455      61       0       1
   46      0.00000001   -391.09430455   -391.09430455      17       0       0
   47      0.00000001   -391.09430455   -391.09430455       0       0       0
   48      0.00000001   -391.09430455   -391.09430455       0       0       0
   49      0.00000001   -391.09430455   -391.09430455       0       0       0
   50      0.00000001   -391.09430455   -391.09430455       0       0       0
   51      0.00000001   -391.09430455   -391.09430455       0       0       0
   52     22.61017347   -102.56858728   -391.09430455       0       0       9
   53     23.95891122   -141.51753676   -391.09430455       9       0      25
   54     48.95417177    -19.22244025   -391.09430455      24       0      46
   55     51.77966132    -14.56200922   -391.09430453      45       0      48
   56     60.66075494    -15.85827719   -391.09430455      49       0      71
   57     48.95790085    -12.29253631   -391.09430454      75       0      59
   58     60.61517712    -13.58628210   -391.09430455      85       0      88
   59     65.19309054    -11.72995322   -391.09430455     100       0      77
   60     47.31488354    -13.36032783   -391.09430454     108       0      56
   61     25.96452359    -82.16675348   -391.09430455     100       0      19
   62      6.39422511   -346.42998787   -391.09430455      90       0       2
   63      1.69421320   -365.30889521   -391.09430455      41       0       0
   64      0.00000001   -391.09430454   -391.09430451       4       0       0
   65      0.00000001   -391.09430454   -391.09430451       0       0       0
   66      0.00000001   -391.09430454   -391.09430451       0       0       0
   67      0.00000001   -391.09430454   -391.09430451       0       0       0
   68      0.00000001   -391.09430454   -391.09430451       0       0       0
   69      6.19002719   -326.02785282   -391.09430451       0       0       9
   70     25.81124972    -68.88036114   -391.09430455       9       0      21
   71     50.15859960    -29.07665440   -391.09430455      19       0      45
   72     44.94572991    -19.60076054   -391.09430455      44       0      46
   73     53.78538122    -12.27771746   -391.09430455      49       0      46
   74     53.73054970    -36.82143257   -391.09430455      50       0      65
   75     65.89412897     -5.88520225   -391.09430455      82       0      68
   76     53.48313356    -46.13443967   -391.09430455      89       0      64
   77     59.65500737    -23.30456583   -391.09430455      92       0      78
   78     46.38435628    -16.44119189   -391.09430455     104       0      45
   79     26.55880389    -63.67943252   -391.09430455      90       0      10
   80     15.34981907    -63.02050866   -391.09430454      52       0       3
   81      0.00000001   -391.09430455   -391.09430455      12       0       0
   82      0.00000001   -391.09430455   -391.09430455       0       0       0
   83      0.00000001   -391.09430455   -391.09430455       0       0       0
   84      0.00000001   -391.09430455   -391.09430455       0       0       0
   85      0.00000001   -391.09430455   -391.09430455       0       0       0
   86     17.29208439   -123.81937622   -391.09430455       0       0       9
   87     34.20860164    -36.40614344   -391.09430455       9       0      21
   88     45.25911152    -18.66145318   -391.09430454      21       0      36
   89     40.19836390    -15.00258341   -391.09430454      32       0      45
   90     39.67797957    -60.78889189   -391.09430455      52       0      41
   91     50.57701148    -11.94575475   -391.09430455      54       0      56
   92     55.62788717    -13.74180121   -391.09430454      57       0      60
   93     59.61318259    -15.00389430   -391.09430455      78       0      61
   94     53.66752660    -39.73003300   -391.09430455      86       0      69
   95     65.17495743    -15.65002902   -391.09430453      88       0      68
   96     41.02077782    -27.19077888   -391.09430455      96       0      29
   97     14.39834722   -165.09443530   -391.09430455      81       0       5
   98      2.82814052   -348.85807198   -391.09430455      41       0       0
   99      0.00000001   -391.09430455   -391.09430455       9       0       0
  100      0.00000001   -391.09430455   -391.09430455       0       0       0
  101      0.00000001   -391.09430455   -391.09430455       0       0       0
  102      0.00000001   -391.09430455   -391.09430455       0       0       0
  103     29.04134622    -38.53767710   -391.09430455       0       0       9
  104     37.81240933    -27.74629744   -391.09430455       9       0      19
  105     34.58818690    -84.73191960   -391.09430454      17       0      31
  106     53.01018883     -8.18238804   -391.09430453      36       0      41
  107     50.74713227    -16.69326309   -391.09430454      40       0      39
  108     56.46585549    -22.11147670   -391.09430455      46       0      42
  109     54.39177158    -10.85716218   -391.09430455      48       0      67
  110     54.53528657    -20.41851502   -391.09430455      75       0      53
  111     61.42922475     -9.75901253   -391.09430455      80       0      64
  112     53.82192149    -15.75213604   -391.09430455      77       0      62
  113     58.42839978    -16.17426658   -391.09430455      82       0      48
  114     34.50256983    -38.36159833   -391.09430454      80       0      21
  115      4.01492666   -352.97911941   -391.09430454      47       0       4
  116      0.35694229   -383.10483890   -391.09430455      12       0       0
  117      0.00000001   -391.09430455   -391.09430455       1       0       0
  118      0.00000001   -391.09430455   -391.09430455       0       0       0
  119      0.00000001   -391.09430455   -391.09430455       0       0       0
  120     27.25980970    -43.03370512   -391.09430455       0       0       9
  121     28.14951481    -86.93930425   -391.09430454       9       0      16
  122     38.02999828     -7.96658468   -391.09430455      17       0      31
  123     38.87681474    -25.27848327   -391.09430455      30       0      36
  124     50.37726007    -12.19815086   -391.09430455      38       0      37
  125     35.56292058    -28.46848063   -391.09430455      37       0      40
  126     58.04752174    -22.72417272   -391.09430455      44       0      56
  127     50.13314179    -28.57930535   -391.09430455      60       0      54
  128     59.95551134    -14.45142735   -391.09430455      68       0      68
  129     63.23365605    -15.17899899   -391.09430455      87       0      58
  130     54.80057599    -11.68761456   -391.09430454      89       0      47
  131     41.60500737    -46.33720789   -391.09430455      78       0      38
  132     23.31639787    -67.83956046   -391.09430454      68       0      10
  133      1.80239766   -363.34026395   -391.09430455      30       0       0
  134      0.00000001   -391.09430455   -391.09430453       6       0       0
  135      0.00000001   -391.09430455   -391.09430453       0       0       0
  136      0.00000001   -391.09430455   -391.09430453       0       0       0
  137     24.04577817    -17.61840729   -391.09430455       0       0       8
  138     34.25331493    -44.03873814   -391.09430455       7       0      17
  139     35.89961853     -9.85535834   -391.09430455      16       0      28
  140     37.70068299    -27.02297863   -391.09430454      29       0      35
  141     48.42331797    -14.58904277   -391.09430455      33       0      35
  142     47.71488057    -17.80923848   -391.09430454      41       0      36
  143     49.92289139    -15.78033337   -391.09430455      42       0      46
  144     61.32747445    -13.14788642   -391.09430455      51       0      55
  145     51.11729053    -10.46371745   -391.09430455      64       0      51
  146     58.96989205    -21.46235370   -391.09430455      68       0      64
  147     61.61033691    -11.35412741   -391.09430455      81       0      58
  148     44.38450462    -11.32303691   -391.09430455      81       0      45
  149     34.54663082    -36.85484342   -391.09430455      74       0      21
  150     13.52853338    -96.48506166   -391.09430454      46       0       1
  151      0.00000001   -391.09430454   -391.09430455       7       0       0
  152      0.00000001   -391.09430454   -391.09430455       0       0       0
  153     11.36301584   -136.75507961   -391.09430453       0       0       1
  154     21.46373579   -102.61588222   -391.09430454       1       0       7
  155     27.23358014    -36.69798728   -391.09430454       7       0      17
  156     36.74596893    -18.91247680   -391.09430454      17       0      27
  157     45.27458233    -13.43978361   -391.09430454      26       0      31
  158     39.94346498    -12.76037663   -391.09430454      31       0      29
  159     38.29099256    -47.03548655   -391.09430454      36       0      43
  160     40.55658220    -26.30390428   -391.09430454      48       0      36
  161     59.61326474    -14.73156055   -391.09430455      51       0      53
  162     46.21973005    -16.49878424   -391.09430455      60       0      44
  163     52.49971061     -4.25915563   -391.09430455      52       0      65
  164     61.50819872    -15.25258190   -391.09430455      71       0      56
  165     50.26686621    -15.98568771   -391.09430455      75       0      51
  166     44.78814624    -32.23231149   -391.09430455      68       0      36
  167     13.99214936   -173.78253133   -391.09430455      58       0       4
  168      2.10794224   -361.42679254   -391.09430454      28       0       0
  169      0.00000001   -391.09430455   -391.09430454       7       0       0
  170      6.39441040   -247.96774314   -391.09430455       0       0       1
  171     21.81461060   -117.23473473   -391.09430455       1       0       7
  172     37.22284971    -59.62753771   -391.09430455       7       0      17
  173     44.90980318    -21.69792837   -391.09430455      19       0      24
  174     40.70356797    -22.69779870   -391.09430455      25       0      29
  175     34.14151889    -18.22476893   -391.09430455      29       0      27
  176     46.60631056    -38.51335219   -391.09430455      33       0      37
  177     38.82019867    -49.67648891   -391.09430455      40       0      40
  178     52.66233480    -17.67668942   -391.09430455      42       0      48
  179     46.09545377    -16.16254523   -391.09430454      61       0      46
  180     61.04965371    -13.91828162   -391.09430453      54       0      59
  181     52.29920478    -42.38519623   -391.09430455      70       0      53
  182     55.61120122    -10.32297308   -391.09430455      77       0      56
  183     38.61684942    -80.52009036   -391.09430453      66       0      36
  184     23.98251260    -15.30653845   -391.09430453      63       0      18
  185     11.54868445   -144.95770742   -391.09430455      42       0       2
  186      0.00000001   -391.09430455   -391.09430455      10       0       0
  187      6.90735492   -236.48646792   -391.09430454       0       0       1
  188     20.29409951    -90.36642202   -391.09430455       1       0       4
  189     32.42494129    -43.65616318   -391.09430454       4       0      19
  190     40.69064386    -17.91290347   -391.09430454      19       0      23
  191     28.01507102    -41.57901473   -391.09430455      24       0      25
  192     36.88955557    -41.63431159   -391.09430454      25       0      30
  193     43.63198029    -16.86138484   -391.09430455      32       0      33
  194     46.10153248    -60.19862824   -391.09430454      34       0      39
  195     50.70006942    -16.39786017   -391.09430455      44       0      41
  196     45.25501547    -59.12374932   -391.09430455      54       0      47
  197     55.76763663    -20.01034051   -391.09430454      55       0      53
  198     56.43816751    -13.61322123   -391.09430455      62       0      51
  199     54.89008421    -17.02866995   -391.09430455      63       0      56
  200     45.48227975    -39.91860805   -391.09430453      78       0      44
  201     38.72210752    -23.13513464   -391.09430454      68       0      30
  202      9.34961140   -227.26349806   -391.09430454      56       0       4
  203      0.00000001   -391.09430455   -391.09430453      18       0       0
  204     16.79103997    -15.25921354   -391.09430455       0       0       1
  205     14.02751943   -128.75120373   -391.09430453       1       0       4
  206     21.27333112   -167.88371460   -391.09430455       4       0      18
  207     45.33233073    -23.45251643   -391.09430455      17       0      23
  208     29.28528895    -44.76617508   -391.09430455      24       0      23
  209     46.86295602    -29.12644708   -391.09430455      26       0      31
  210     36.07791373    -12.03427887   -391.09430455      31       0      26
  211     39.63872618    -37.88902555   -391.09430455      33       0      37
  212     44.57369217    -35.58856370   -391.09430455      42       0      41
  213     56.86014543    -14.61931905   -391.09430455      49       0      46
  214     55.28687453     -8.90362928   -391.09430455      59       0      51
  215     53.59300944    -17.53212882   -391.09430455      50       0      38
  216     58.28157650    -13.41535112   -391.09430455      53       0      60
  217     62.49700294     -9.10894097   -391.09430454      61       0      50
  218     53.51096350    -32.42944553   -391.09430454      69       0      41
  219     10.34960722   -263.19658529   -391.09430454      66       0      10
  220      2.87335360   -355.20305494   -391.09430455      30       0       0
  221     15.09377357    -53.33913239   -391.09430455       7       0       1
  222      4.25459003   -339.16129065   -391.09430453       2       0       4
  223     22.15710677    -92.88019030   -391.09430455       4       0      17
  224     32.73522229    -29.77137852   -391.09430455      15       0      21
  225     33.06177829    -21.12856399   -391.09430454      23       0      21
  226     46.71999991     -8.47017201   -391.09430455      23       0      30
  227     38.20099436    -43.23448028   -391.09430455      33       0      30
  228     42.06705429     -9.71290382   -391.09430454      33       0      29
  229     41.91218145    -16.75903476   -391.09430455      37       0      39
  230     44.46166487    -31.49320281   -391.09430455      46       0      52
  231     51.30245536     -9.86340438   -391.09430454      59       0      45
  232     51.00690970    -12.19900216   -391.09430455      55       0      41
  233     50.70737404    -14.85483729   -391.09430454      50       0      51
  234     47.53666201    -20.15398273   -391.09430455      57       0      47
  235     48.56745418    -10.79943841   -391.09430455      66       0      48
  236     34.46501584    -46.02612136   -391.09430454      56       0      20
  237      5.79415529   -293.63623046   -391.09430455      40       0       4
  238      2.00705821   -359.60854492   -391.09430455      17       0       1
  239      3.58822342   -344.91639294   -391.09430455       3       0       4
  240     29.81847786    -19.86521482   -391.09430454       5       0      17
  241     37.31370117    -40.81865733   -391.09430454      15       0      18
  242     35.52208419    -11.12586166   -391.09430452      19       0      19
  243     37.66496910    -24.93380303   -391.09430455      21       0      29
  244     35.22692405    -62.41860548   -391.09430455      30       0      31
  245     39.41499478     -8.59024035   -391.09430454      33       0      27
  246     41.32867266    -42.96328650   -391.09430455      34       0      38
  247     39.69475877    -25.46221847   -391.09430455      45       0      44
  248     56.54337747    -43.52398079   -391.09430454      48       0      53
  249     42.78056253    -10.99504012   -391.09430450      60       0      38
  250     55.96290847    -18.36456341   -391.09430454      51       0      48
  251     54.83792366    -23.07181198   -391.09430455      61       0      47
  252     50.50473168    -23.32252541   -391.09430455      61       0      49
  253     29.12626274    -20.52410646   -391.09430455      60       0      26
  254     38.51152983    -35.07796463   -391.09430452      43       0      10
  255      9.36404453   -189.16127870   -391.09430455      20       0       2
  256      3.78150286   -330.76753003   -391.09430455       4       0       4
  257     31.36255619    -39.41076707   -391.09430454       4       0      17
  258     30.10370912    -62.43828768   -391.09430454      15       0      16
  259     21.93752874    -42.26923771   -391.09430455      18       0      18
  260     32.54836246    -49.13852741   -391.09430455      22       0      28
  261     46.21934240    -18.91005263   -391.09430454      33       0      32
  262     40.56917550    -18.03855861   -391.09430452      37       0      24
  263     52.23351966    -17.15806069   -391.09430455      32       0      39
  264     48.19165597    -12.60142851   -391.09430455      44       0      40
  265     50.97899198    -44.15316022   -391.09430455      46       0      48
  266     43.00698677    -82.81034803   -391.09430455      56       0      38
  267     51.28511341    -11.22281424   -391.09430454      56       0      49
  268     46.91329562    -16.50962238   -391.09430454      62       0      43
  269     52.09588891    -15.10554189   -391.09430455      53       0      52
  270     37.94124542    -40.15716806   -391.09430454      65       0      35
  271     21.56078956    -41.83777711   -391.09430455      51       0      15
  272     10.50812646   -162.70490725   -391.09430455      30       0       2
  273     14.96922467    -63.54263908   -391.09430455       7       0       4
  274     22.65107363    -48.08630056   -391.09430455       4       0      13
  275     25.02435673    -64.32063696   -391.09430455      13       0      16
  276     31.52049635    -36.56331829   -391.09430455      16       0      21
  277     30.51881020    -68.43608817   -391.09430455      22       0      24
  278     37.71789334    -11.26470559   -391.09430455      25       0      26
  279     36.80242720    -43.06774825   -391.09430455      33       0      31
  280     40.62100381    -44.82656194   -391.09430455      31       0      36
  281     46.53154797    -25.35482330   -391.09430455      39       0      34
  282     47.43884299    -15.94325477   -391.09430455      33       0      43
  283     53.69363868    -18.24995676   -391.09430455      49       0      45
  284     48.78840110    -23.18173280   -391.09430455      46       0      47
  285     43.61804577    -30.41675321   -391.09430454      61       0      44
  286     49.18242337    -24.06729743   -391.09430455      56       0      49
  287     46.81499267    -11.76868328   -391.09430455      70       0      40
  288     36.97531732    -35.18901928   -391.09430454      54       0      22
  289     14.50400921    -81.79377165   -391.09430455      35       0       5
  290     19.75285661    -47.96536910   -391.09430455      10       0       4
  291     21.84428241    -23.95640279   -391.09430455       5       0      12
  292     18.74953604    -42.14610173   -391.09430455      12       0      16
  293     26.31222015    -10.67053963   -391.09430455      16       0      19
  294     31.61532377    -81.96886090   -391.09430455      20       0      23
  295     42.19032746    -51.78708260   -391.09430455      23       0      29
  296     40.23804422    -22.73664252   -391.09430455      33       0      29
  297     43.39532971    -12.85590385   -391.09430453      30       0      35
  298     55.42021764    -34.74750160   -391.09430455      42       0      35
  299     45.10143270    -35.39094231   -391.09430455      43       0      41
  300     43.14320333    -24.73389811   -391.09430455      48       0      36
  301     49.36330527    -37.94118253   -391.09430453      45       0      49
  302     46.57371537    -20.22292887   -391.09430453      56       0      37
  303     64.74161621    -12.61829558   -391.09430455      47       0      54
  304     47.20622063    -36.03164950   -391.09430455      58       0      44
  305     37.77850200    -69.35843329   -391.09430455      65       0      29
  306     22.66052227    -63.24624555   -391.09430453      46       0       7
  307     12.09179894   -143.35192823   -391.09430455      18       0       5
  308     32.21077421    -32.17604174   -391.09430455       7       0      11
  309     34.19737162    -62.99583146   -391.09430455      11       0      16
  310     33.48522211    -32.92616771   -391.09430455      16       0      18
  311     31.76496344    -17.50406708   -391.09430455      18       0      22
  312     38.40081770    -18.65922216   -391.09430454      23       0      26
  313     40.36028578    -21.16215804   -391.09430455      27       0      31
  314     43.99683792    -34.20875230   -391.09430454      36       0      35
  315     42.34602109    -45.25453620   -391.09430454      40       0      31
  316     35.36748528    -19.85924357   -391.09430455      42       0      36
  317     50.92531000    -17.22647066   -391.09430455      41       0      39
  318     48.53186476     -0.88010123   -391.09430455      42       0      49
  319     52.73508214    -13.75432107   -391.09430455      55       0      40
  320     43.24359590    -20.99069104   -391.09430454      51       0      41
  321     44.10677936    -44.59545726   -391.09430455      55       0      51
  322     39.88132516    -22.06165550   -391.09430455      59       0      36
  323     20.96084773    -80.88413220   -391.09430454      45       0      12
  324     12.82838112   -128.86256027   -391.09430455      21       0       6
  325     25.22764307    -27.47767020   -391.09430454       9       0      11
  326     30.36811177    -14.50816739   -391.09430455      11       0      16
  327     23.61865652   -154.76295500   -391.09430455      17       0      17
  328     32.69005399    -25.69913480   -391.09430455      19       0      20
  329     35.30538705    -11.29464000   -391.09430454      22       0      24
  330     41.65709177    -22.72790636   -391.09430454      30       0      30
  331     47.88659082    -19.24207795   -391.09430454      30       0      31
  332     44.27833950    -15.30061907   -391.09430454      36       0      34
  333     42.48835518    -13.43160465   -391.09430455      39       0      37
  334     50.30997971    -13.39790059   -391.09430454      46       0      37
  335     50.64639982    -13.09662139   -391.09430455      48       0      45
  336     44.14869790    -33.99307886   -391.09430455      53       0      42
  337     54.92660190    -22.65070112   -391.09430454      54       0      44
  338     58.49460674    -19.02610582   -391.09430455      53       0      49
  339     53.16419624     -9.11681513   -391.09430454      58       0      40
  340     25.33223135    -22.96099360   -391.09430454      51       0      14
  341     22.99826569    -98.31165153   -391.09430455      34       0       9
  342     23.85748174    -43.92834896   -391.09430455      16       0      11
  343     28.57812179    -96.88467264   -391.09430455      13       0      13
  344     26.53117088    -87.07778960   -391.09430455      15       0      19
  345     19.52524416    -96.35409847   -391.09430455      20       0      15
  346     35.13229421    -43.69837778   -391.09430455      15       0      25
  347     37.96869821    -10.69381460   -391.09430455      27       0      31
  348     35.59793249    -38.05046464   -391.09430455      31       0      29
  349     36.22535080    -60.82541136   -391.09430455      35       0      29
  350     49.97962882    -13.97491477   -391.09430454      34       0      39
  351     47.75614801     -9.49510266   -391.09430454      45       0      34
  352     51.19963133    -19.35096070   -391.09430454      42       0      45
  353     52.75519323    -12.23166706   -391.09430454      53       0      46
  354     42.52941473    -17.21768313   -391.09430454      55       0      43
  355     48.09728587     -9.12259959   -391.09430455      59       0      45
  356     42.05471271    -39.58822981   -391.09430455      54       0      40
  357     42.38893642    -11.22730622   -391.09430455      49       0      22
  358     10.70435680   -235.26785097   -391.09430455      35       0      12
  359     30.49630563    -22.40278009   -391.09430455      19       0      12
  360     22.70533963    -73.58847064   -391.09430455      16       0      12
  361     25.31882477    -71.31918861   -391.09430455      12       0      21
  362     31.65506326     -7.40067943   -391.09430455      21       0      13
  363     40.81580842    -24.50546059   -391.09430455      14       0      25
  364     38.35525167    -60.58608795   -391.09430455      25       0      28
  365     46.27769870    -39.46009611   -391.09430455      29       0      27
  366     36.12113429    -31.06429656   -391.09430455      31       0      30
  367     42.29561581    -22.14137800   -391.09430455      34       0      37
  368     45.45980628    -13.22675404   -391.09430455      37       0      33
  369     46.04266827    -20.45040651   -391.09430455      45       0      43
  370     50.83768688    -18.99383000   -391.09430455      50       0      43
  371     47.93500191    -37.12365527   -391.09430455      51       0      45
  372     53.85512865     -5.70387098   -391.09430455      58       0      50
  373     45.95047677    -17.85289139   -391.09430455      66       0      37
  374     46.98815688    -22.09317604   -391.09430454      56       0      27
  375     28.45410703    -45.37482976   -391.09430455      41       0      14
  376     25.76075755   -116.85370654   -391.09430455      14       0      15
  377     23.20276433    -38.73551687   -391.09430455      17       0      12
  378     29.38243614    -32.49563077   -391.09430455      14       0      20
  379     31.25318254    -60.09655170   -391.09430455      22       0      13
  380     34.56178240     -9.63477239   -391.09430454      15       0      25
  381     31.25096428    -52.82598419   -391.09430455      23       0      24
  382     35.75534431    -20.28551052   -391.09430454      27       0      28
  383     37.80813932    -31.50541112   -391.09430455      33       0      31
  384     34.21953156    -53.19012300   -391.09430455      30       0      29
  385     42.78601536    -39.44318594   -391.09430455      31       0      34
  386     43.52587471    -30.78536662   -391.09430455      38       0      40
  387     49.77858272     -7.02856123   -391.09430455      46       0      45
  388     50.30075799     -9.85731559   -391.09430455      57       0      40
  389     46.34006860    -16.57473394   -391.09430454      49       0      48
  390     57.56815185    -21.23857263   -391.09430455      61       0      49
  391     43.25798143    -20.53437705   -391.09430452      69       0      33
  392     33.27978623    -51.98879277   -391.09430454      56       0      12
  393     25.60255728    -93.93006501   -391.09430455      34       0      16
  394     25.47743850    -25.00464679   -391.09430455      24       0      11
  395     46.04848724    -23.75194394   -391.09430455      13       0      20
  396     28.47977060   -105.46595425   -391.09430454      19       0      14
  397     38.08075142    -40.47432913   -391.09430455      16       0      24
  398     39.05094436    -11.27372854   -391.09430455      27       0      23
  399     45.64785337    -12.95085065   -391.09430455      26       0      29
  400     44.12504553    -31.32267282   -391.09430455      33       0      31
  401     44.20903457    -19.06256248   -391.09430455      34       0      26
  402     52.01759285    -15.33150180   -391.09430455      32       0      33
  403     43.18828017    -14.79586563   -391.09430455      34       0      33
  404     51.04479189    -32.47632205   -391.09430455      36       0      47
  405     43.97410261    -40.04110129   -391.09430455      53       0      28
  406     41.34206264    -35.10616641   -391.09430455      37       0      53
  407     44.99321511    -65.98145690   -391.09430455      57       0      48
  408     48.76694037    -37.39411662   -391.09430455      60       0      36
  409     36.11408108    -41.42949313   -391.09430455      49       0      25
  410     34.05221965    -58.31125279   -391.09430455      35       0      17
  411     32.73331916    -34.61397633   -391.09430455      24       0      13
  412     23.02336837    -75.22606631   -391.09430454      16       0      19
  413     20.32390859   -133.24141501   -391.09430455      19       0      10
  414     36.47693028    -46.10087482   -391.09430454      10       0      26
  415     27.48790791    -66.44723475   -391.09430453      26       0      23
  416     42.92458692    -26.83715211   -391.09430454      25       0      27
  417     36.34899259    -11.64335052   -391.09430455      29       0      33
  418     39.87641980    -20.45225827   -391.09430454      35       0      28
  419     39.98246103    -13.02476408   -391.09430455      29       0      29
  420     34.32701393    -36.08630075   -391.09430455      34       0      31
  421     39.44224676    -62.21850796   -391.09430455      33       0      45
  422     48.84892074     -3.84049782   -391.09430455      46       0      34
  423     48.06157419    -24.92869779   -391.09430454      36       0      39
  424     54.65830633     -7.82987616   -391.09430455      44       0      54
  425     42.80327234    -46.16293669   -391.09430455      61       0      39
  426     34.93083516    -41.22803083   -391.09430455      55       0      28
  427     28.64435887    -38.32493950   -391.09430454      47       0      20
  428     23.07708091    -66.47656519   -391.09430455      28       0      15
  429     31.55185473    -37.80370370   -391.09430455      19       0      19
  430     26.57586099    -31.14281709   -391.09430455      18       0      10
  431     39.07484060    -10.63999640   -391.09430455      14       0      23
  432     33.30450313    -14.07982180   -391.09430455      23       0      24
  433     40.96924110     -9.29664469   -391.09430455      26       0      26
  434     42.66022931    -21.31119359   -391.09430455      27       0      33
  435     44.56097517    -15.18356743   -391.09430455      39       0      28
  436     39.74320567    -16.62487995   -391.09430454      38       0      31
  437     49.13050606     -8.77195481   -391.09430455      36       0      29
  438     42.89279510    -48.93969179   -391.09430455      34       0      43
  439     36.85219773    -30.31319175   -391.09430455      45       0      34
  440     40.17831279    -15.18255220   -391.09430455      44       0      34
  441     52.88950660    -19.43282430   -391.09430455      41       0      45
  442     50.75666008    -11.81951979   -391.09430455      51       0      47
  443     48.35549520    -13.83252731   -391.09430455      58       0      33
  444     32.38196036    -12.68693142   -391.09430454      46       0      24
  445     19.55020735   -151.08931458   -391.09430455      30       0      17
  446     25.25373988    -21.46582107   -391.09430453      19       0      16
  447     24.39496305    -16.41362905   -391.09430455      18       0      12
  448     32.00334576     -8.35638272   -391.09430455      15       0      23
  449     34.64661127    -19.03516899   -391.09430455      21       0      21
  450     36.41054073    -33.49860943   -391.09430455      24       0      22
  451     38.69852838    -58.74733749   -391.09430455      26       0      32
  452     47.53690173    -15.34979016   -391.09430455      35       0      33
  453     29.18023335   -126.16556520   -391.09430455      38       0      31
  454     43.69295914    -18.71215537   -391.09430454      35       0      29
  455     40.94746760     -4.64011073   -391.09430455      35       0      37
  456     43.18804252    -42.31281230   -391.09430454      44       0      38
  457     46.07923324     -8.75718226   -391.09430454      47       0      33
  458     49.83596872    -21.28871976   -391.09430455      43       0      39
  459     51.41832930    -30.30160838   -391.09430455      37       0      50
  460     48.55964226    -31.99395543   -391.09430454      55       0      38
  461     28.37972466    -99.35155057   -391.09430454      59       0      27
  462     30.55146947    -68.65931213   -391.09430455      41       0      17
  463     31.94283684    -39.43397302   -391.09430455      29       0      17
  464     26.85047788    -23.84654655   -391.09430455      19       0      13
  465     30.30382415    -46.72829186   -391.09430455      15       0      21
  466     27.10955625    -47.20746701   -391.09430455      21       0      19
  467     18.24216715   -145.93408754   -391.09430453      24       0      23
  468     43.36354855    -18.18760089   -391.09430455      22       0      30
  469     45.07512426    -30.23209409   -391.09430455      33       0      30
  470     39.65962795    -16.48043183   -391.09430455      37       0      32
  471     49.54139241    -14.62031808   -391.09430455      36       0      31
  472     44.13956274    -20.96382351   -391.09430455      31       0      33
  473     40.85560225    -29.75968377   -391.09430455      41       0      38
  474     45.78782014    -21.94050397   -391.09430455      40       0      41
  475     34.50630779    -24.05309509   -391.09430455      42       0      33
  476     46.70237054    -21.23122743   -391.09430455      46       0      42
  477     39.55878948    -24.56340587   -391.09430455      51       0      36
  478     51.15656373    -11.34418411   -391.09430454      43       0      36
  479     32.80842046     -8.54163508   -391.09430453      43       0      24
  480     26.47811126    -41.14573005   -391.09430455      33       0      16
  481     23.07754602    -61.80121385   -391.09430455      17       0      13
  482     39.53117209    -15.51376768   -391.09430453      14       0      20
  483     36.67175913    -21.37448906   -391.09430455      19       0      20
  484     35.66215281    -19.27615912   -391.09430455      23       0      25
  485     35.89635101    -14.21168168   -391.09430455      25       0      22
  486     54.37917614     -8.42560050   -391.09430455      26       0      33
  487     44.90088010    -38.32531321   -391.09430454      36       0      35
  488     34.85867003    -20.59874790   -391.09430455      41       0      27
  489     44.54211541    -29.61551830   -391.09430455      32       0      36
  490     47.49033117    -41.59985728   -391.09430455      36       0      37
  491     39.87120062    -16.75591619   -391.09430454      44       0      31
  492     48.87873114    -24.09054289   -391.09430455      41       0      41
  493     52.24619581    -28.55025864   -391.09430454      47       0      43
  494     39.08347604    -12.20179253   -391.09430454      47       0      32
  495     46.85416390    -15.03449303   -391.09430455      44       0      39
  496     32.50755196    -32.98297773   -391.09430455      44       0      29
  497     31.97776903    -23.81115009   -391.09430454      37       0      17
  498     17.57669828    -48.78187201   -391.09430455      24       0      13
  499     39.30824840    -24.48165000   -391.09430455      15       0      17
  500     36.39148800    -11.93193210   -391.09430455      18       0      23
  501     39.90482363     -7.25979371   -391.09430455      25       0      20
  502     35.32500186    -61.18038264   -391.09430455      22       0      23
  503     39.58666595    -38.65527829   -391.09430455      25       0      30
  504     43.39199653    -12.16756291   -391.09430455      28       0      41
  505     50.07482364    -14.80476896   -391.09430454      41       0      25
  506     40.03813050    -49.18935678   -391.09430455      38       0      31
  507     42.60690472    -20.62927052   -391.09430454      35       0      36
  508     46.92121015    -34.76775931   -391.09430454      38       0      35
  509     37.01212422    -22.34434340   -391.09430455      44       0      38
  510     49.08801910    -12.46535901   -391.09430455      46       0      42
  511     41.07034763     -3.52417779   -391.09430455      47       0      36
  512     43.51350608    -34.48692893   -391.09430455      49       0      36
  513     43.90743805    -32.60235298   -391.09430455      42       0      32
  514     34.00176680    -47.91949386   -391.09430455      41       0      21
  515     26.58429409    -33.96093561   -391.09430455      27       0      13
  516     18.45057982   -120.81062645   -391.09430453      21       0      15
  517     37.90153292    -17.45195844   -391.09430455      16       0      24
  518     25.22289025    -65.80746107   -391.09430454      24       0      21
  519     34.47205309    -67.11763993   -391.09430455      22       0      23
  520     38.16021729    -21.38649003   -391.09430455      26       0      27
  521     51.05945065    -12.98583626   -391.09430455      28       0      36
  522     37.63768091    -18.90791150   -391.09430455      36       0      31
  523     46.64394017    -16.87848927   -391.09430455      35       0      31
  524     42.25287394     -5.41570345   -391.09430455      38       0      30
  525     39.44059712    -34.23950213   -391.09430455      35       0      37
  526     46.46051988    -25.09590391   -391.09430455      43       0      35
  527     44.86878033    -17.22073366   -391.09430454      37       0      44
  528     37.87837187    -42.85094936   -391.09430455      47       0      34
  529     49.28465985    -13.95123367   -391.09430455      45       0      38
  530     48.58468504    -40.58760951   -391.09430455      43       0      34
  531     39.45577466    -14.84338272   -391.09430455      43       0      23
  532     29.81935367    -39.97886495   -391.09430455      37       0      17
  533     27.38536866    -48.81436711   -391.09430454      24       0      14
  534     32.64073644    -14.06948265   -391.09430455      15       0      24
  535     24.56401838    -39.02284481   -391.09430453      24       0      19
  536     42.84513641    -36.31584597   -391.09430455      20       0      24
  537     39.99309075    -16.14158456   -391.09430453      24       0      27
  538     42.85546490    -19.57472635   -391.09430455      27       0      34
  539     47.41696120    -25.61194326   -391.09430454      35       0      30
  540     35.06305042    -13.93429976   -391.09430453      30       0      28
  541     43.70415688    -16.16379647   -391.09430455      37       0      34
  542     38.50766528    -13.22072125   -391.09430455      38       0      38
  543     42.26459568    -20.74326545   -391.09430455      42       0      33
  544     44.56721395    -22.16056984   -391.09430454      40       0      39
  545     41.46420293    -20.72034046   -391.09430455      45       0      39
  546     39.14243232    -44.60855404   -391.09430455      45       0      34
  547     44.36333152    -19.65445096   -391.09430455      48       0      34
  548     26.91293996    -41.14905209   -391.09430455      47       0      25
  549     35.21073634    -84.63778233   -391.09430455      34       0      23
  550     16.16073627   -150.32195513   -391.09430454      25       0      15
  551     40.78470830    -11.78715579   -391.09430455      18       0      23
  552     41.73339375    -10.90955810   -391.09430454      26       0      19
  553     35.15253477    -25.48927033   -391.09430455      22       0      25
  554     40.85587697    -33.11794937   -391.09430454      27       0      26
  555     42.77719102    -38.67037029   -391.09430454      28       0      31
  556     37.27349668    -17.82834334   -391.09430455      29       0      28
  557     45.10267806    -20.49472670   -391.09430454      34       0      30
  558     41.76779145    -15.21916463   -391.09430455      33       0      32
  559     58.95773301     -7.54597625   -391.09430455      37       0      40
  560     36.39421995    -21.64154139   -391.09430455      49       0      26
  561     58.06462599    -14.84422945   -391.09430455      38       0      45
  562     48.61275671    -20.97203801   -391.09430455      46       0      31
  563     46.97216300    -18.85053302   -391.09430455      45       0      36
  564     51.69983563    -24.51405091   -391.09430455      39       0      37
  565     42.94392920    -22.25415419   -391.09430455      45       0      30
  566     33.91321991    -28.23638510   -391.09430455      37       0      23
  567     22.70079703    -88.48560191   -391.09430455      33       0      17
  568     33.22652796    -47.71312984   -391.09430455      21       0      20
  569     35.94653821    -38.69507124   -391.09430455      21       0      22
  570     41.30647778    -40.54305871   -391.09430455      23       0      23
  571     35.09540204    -30.24995960   -391.09430455      25       0      26
  572     40.15021996    -11.87177692   -391.09430455      26       0      31
  573     38.25450931    -22.88801952   -391.09430455      33       0      28
  574     29.03996699    -60.74694444   -391.09430455      33       0      26
  575     42.53009353    -70.44878321   -391.09430453      32       0      31
  576     43.06406277    -28.05870177   -391.09430455      32       0      35
  577     35.33877879    -36.65069141   -391.09430455      39       0      33
  578     43.05545994    -25.11303455   -391.09430455      40       0      41
  579     38.00848958    -57.14702203   -391.09430455      46       0      37
  580     53.46004569    -12.42013618   -391.09430454      47       0      35
  581     33.93914811     -5.75384138   -391.09430455      44       0      33
  582     46.27450756    -10.50174116   -391.09430454      44       0      34
  583     27.51865531    -70.14107669   -391.09430455      48       0      25
  584     41.20877500    -14.14336248   -391.09430455      31       0      19
  585     22.07306417    -38.06971992   -391.09430455      19       0      20
  586     33.17042993    -35.32196947   -391.09430455      27       0      21
  587     40.24861932    -16.17526927   -391.09430455      22       0      24
  588     31.21374343    -33.25639559   -391.09430453      27       0      26
  589     39.02587559     -7.73151046   -391.09430455      28       0      27
  590     32.00717133   -108.25867568   -391.09430454      28       0      27
  591     35.91708107    -30.82051348   -391.09430455      30       0      29
  592     44.46188047    -22.80824001   -391.09430455      35       0      29
  593     32.08895963    -59.24805213   -391.09430455      29       0      31
  594     39.51996818    -62.00364516   -391.09430455      35       0      33
  595     53.50737196     -9.20737949   -391.09430455      39       0      40
  596     46.86827578    -11.17613208   -391.09430455      44       0      40
  597     33.84053057    -23.47576651   -391.09430455      48       0      34
  598     42.31912916    -14.17214463   -391.09430455      44       0      30
  599     43.51963134    -21.93796552   -391.09430455      39       0      40
  600     42.89199404    -29.25859643   -391.09430455      46       0      27
  601     27.23988462    -79.36210477   -391.09430454      41       0      18
  602     32.44120263    -70.60621651   -391.09430454      27       0      21
  603     35.38217873    -21.27228266   -391.09430454      28       0      22
  604     34.75945724    -60.44377370   -391.09430455      25       0      23
  605     48.27191750    -37.62216243   -391.09430454      24       0      28
  606     33.43083715    -46.03810521   -391.09430454      28       0      24
  607     33.70177875    -15.69924498   -391.09430454      30       0      28
  608     36.85762148    -45.34564385   -391.09430453      31       0      28
  609     42.52878677     -9.13090046   -391.09430454      34       0      30
  610     30.62115857    -31.38611845   -391.09430455      33       0      29
  611     41.46665530    -11.75473868   -391.09430455      32       0      30
  612     43.77607432     -9.02155911   -391.09430455      33       0      44
  613     36.82607329     -6.93086727   -391.09430454      44       0      35
  614     40.58108529     -9.12072689   -391.09430455      46       0      33
  615     44.53680324    -29.65642254   -391.09430454      45       0      33
  616     36.51648557    -28.54353249   -391.09430455      42       0      33
  617     37.81732167    -36.95812025   -391.09430455      38       0      29
  618     39.40305126    -17.82834180   -391.09430454      33       0      27
  619     26.84802872    -47.91185436   -391.09430455      32       0      23
  620     40.33205640    -23.32838334   -391.09430455      30       0      22
  621     38.30374674    -24.98314680   -391.09430454      26       0      22
  622     27.33149687    -31.37710225   -391.09430455      23       0      24
  623     40.32510600    -20.72078184   -391.09430455      25       0      28
  624     35.22764990    -28.32337673   -391.09430455      28       0      25
  625     35.12702381    -42.40651743   -391.09430455      30       0      29
  626     40.00925308    -20.27705813   -391.09430455      33       0      29
  627     42.24527229    -17.75973528   -391.09430455      35       0      32
  628     34.86981212    -90.98873799   -391.09430455      34       0      27
  629     41.69958975    -17.13303397   -391.09430455      41       0      39
  630     38.01296484    -32.73138338   -391.09430455      42       0      34
  631     49.57128384    -21.93986149   -391.09430455      39       0      37
  632     39.72043691    -20.30205476   -391.09430455      36       0      36
  633     41.49723854    -31.86362788   -391.09430454      46       0      32
  634     47.28991001    -25.22425911   -391.09430455      43       0      29
  635     36.88753715    -14.49763006   -391.09430455      40       0      27
  636     50.66363416     -7.38534223   -391.09430455      34       0      25
  637     37.57937178    -39.30006012   -391.09430455      23       0      23
  638     28.78390037    -83.11836597   -391.09430452      29       0      23
  639     34.85243022    -47.61354779   -391.09430455      25       0      24
  640     42.89517251    -34.39097941   -391.09430455      27       0      24
  641     37.28212199    -22.40949893   -391.09430455      27       0      25
  642     33.69808377    -40.58890713   -391.09430455      29       0      30
  643     35.69586535    -32.09305321   -391.09430455      35       0      29
  644     46.77635417     -7.40121374   -391.09430455      38       0      25
  645     38.46967559    -30.57715574   -391.09430455      28       0      33
  646     49.51737924    -14.68003155   -391.09430455      38       0      38
  647     51.60116481    -21.60629588   -391.09430455      41       0      36
  648     40.68939226    -26.78061532   -391.09430455      43       0      32
  649     43.87617485    -26.53621488   -391.09430455      38       0      35
  650     37.56460624    -68.48040526   -391.09430455      44       0      36
  651     41.19950464    -51.61678448   -391.09430455      43       0      29
  652     47.91000119    -18.48943847   -391.09430455      34       0      32
  653     31.00884534    -60.62546810   -391.09430455      36       0      23
  654     38.54884592    -25.11830558   -391.09430455      31       0      22
  655     43.39188891    -16.87939407   -391.09430455      26       0      24
  656     42.02149329    -21.04904232   -391.09430455      26       0      23
  657     28.31454522     -4.49800765   -391.09430455      24       0      24
  658     37.71657507    -74.09771411   -391.09430455      30       0      26
  659     40.77524685    -19.21608083   -391.09430455      26       0      24
  660     33.78258905    -44.59921752   -391.09430455      28       0      33
  661     37.14283825    -15.97112320   -391.09430455      34       0      26
  662     40.38019163    -13.92565499   -391.09430455      29       0      31
  663     49.30270288    -27.70626091   -391.09430455      34       0      37
  664     39.62997446    -34.31129951   -391.09430455      42       0      34
  665     37.36534614    -10.21299540   -391.09430455      42       0      34
  666     54.80941457    -11.67277438   -391.09430455      38       0      38
  667     47.55914171     -8.30435752   -391.09430455      42       0      37
  668     38.15462691    -35.79888137   -391.09430455      45       0      26
  669     40.04737543    -26.96739088   -391.09430455      37       0      31
  670     49.13946897    -19.08120389   -391.09430455      36       0      28
  671     30.82065558    -22.40561662   -391.09430455      34       0      21
  672     28.21238346    -94.10700748   -391.09430455      27       0      26
  673     36.02253087     -8.70947410   -391.09430455      28       0      19
  674     32.41999077    -28.20651995   -391.09430455      23       0      26
  675     44.82430422    -35.52238787   -391.09430455      28       0      27
  676     39.45013962    -34.72768094   -391.09430455      31       0      24
  677     35.60537889    -37.79372351   -391.09430455      29       0      32
  678     40.09855026    -32.02003279   -391.09430455      33       0      26
  679     42.88275074    -45.16023870   -391.09430455      28       0      28
  680     48.29017017    -21.24482461   -391.09430455      30       0      37
  681     47.84867810    -21.94999917   -391.09430455      41       0      35
  682     39.52878132    -25.08836710   -391.09430455      40       0      32
  683     54.16007214    -31.40938207   -391.09430455      37       0      39
  684     40.72523299    -10.55427378   -391.09430455      44       0      31
  685     50.12037228    -16.47272251   -391.09430455      43       0      34
  686     40.45806406    -41.47193799   -391.09430455      37       0      28
  687     45.08075680    -19.10964715   -391.09430455      37       0      33
  688     24.12356909    -80.98647124   -391.09430455      35       0      21
  689     39.14908536    -18.88783187   -391.09430455      26       0      24
  690     36.80879202    -26.21394285   -391.09430455      28       0      21
  691     35.11975697    -20.89051309   -391.09430455      26       0      23
  692     40.63786627    -14.79407247   -391.09430455      26       0      28
  693     33.23372235    -31.94924836   -391.09430455      28       0      25
  694     43.01052309    -21.20424317   -391.09430455      29       0      32
  695     39.31244375    -16.11144754   -391.09430455      36       0      28
  696     34.57180121    -32.35110414   -391.09430455      30       0      24
  697     41.59075120    -16.46831450   -391.09430455      27       0      37
  698     44.21834185    -28.45584149   -391.09430455      40       0      33
  699     44.47521609    -23.16021139   -391.09430455      37       0      34
  700     36.03379695    -47.15276695   -391.09430455      43       0      33
  701     39.28296485    -64.97015336   -391.09430455      37       0      40
  702     44.19418917    -37.76169371   -391.09430455      47       0      28
  703     43.62581575    -43.13113195   -391.09430455      35       0      33
  704     45.40935828    -13.83484611   -391.09430455      34       0      34
  705     30.25240905    -38.14639927   -391.09430455      35       0      18
  706     42.81908275    -15.35238932   -391.09430455      23       0      25
  707     34.93400874    -31.70207716   -391.09430455      28       0      22
  708     34.28478954    -89.80396303   -391.09430455      23       0      23
  709     40.41535275    -39.37938821   -391.09430455      28       0      29
  710     38.05070868    -25.07836293   -391.09430455      33       0      24
  711     34.76552415    -85.48781042   -391.09430455      29       0      31
  712     38.66352429     -6.80764675   -391.09430455      31       0      30
  713     32.32727163    -15.87892541   -391.09430455      37       0      22
  714     43.03676106    -28.22900341   -391.09430455      27       0      34
  715     42.11463022    -11.87916904   -391.09430455      38       0      34
  716     43.09119231    -20.97931163   -391.09430455      40       0      37
  717     31.24152692    -22.86951300   -391.09430455      43       0      27
  718     47.44674279    -36.94252012   -391.09430455      39       0      44
  719     46.44938316    -11.22035868   -391.09430455      52       0      32
  720     48.06317127    -15.39915128   -391.09430455      41       0      32
  721     38.44890637    -36.92645365   -391.09430455      43       0      31
  722     37.06299203    -46.73216275   -391.09430455      33       0      21
  723     37.56166856    -17.88735177   -391.09430455      29       0      25
  724     33.83613934    -45.15674137   -391.09430455      27       0      21
  725     40.13973847    -26.39104770   -391.09430455      25       0      21
  726     45.24831740    -19.91714600   -391.09430455      23       0      28
  727     32.61915667    -15.51616485   -391.09430455      31       0      28
  728     32.51460370    -58.26878823   -391.09430455      31       0      28
  729     49.15422548    -10.96852640   -391.09430455      28       0      28
  730     42.67758096    -35.91169896   -391.09430455      33       0      24
  731     42.33164203    -13.16166289   -391.09430455      27       0      32
  732     47.92849627    -33.60144089   -391.09430455      32       0      33
  733     35.64600872    -45.36436729   -391.09430455      40       0      35
  734     27.30409068    -62.05495365   -391.09430455      44       0      32
  735     46.04502164    -11.49524956   -391.09430455      36       0      38
  736     45.60378815    -26.43466945   -391.09430455      43       0      37
  737     42.89316515    -16.57461385   -391.09430455      42       0      34
  738     32.17945556    -75.08881316   -391.09430454      42       0      29
  739     38.90569872    -22.07727649   -391.09430455      39       0      25
  740     36.52014661    -20.17979433   -391.09430455      36       0      23
  741     34.73021441    -39.50752058   -391.09430455      28       0      23
  742     36.17955392    -38.49528909   -391.09430455      29       0      20
  743     31.91042637    -32.68044246   -391.09430455      22       0      27
  744     48.23800355    -20.37956153   -391.09430455      30       0      30
  745     31.90464698    -41.31701345   -391.09430455      32       0      27
  746     28.32559637    -39.05603002   -391.09430455      29       0      29
  747     36.92371287    -23.55003989   -391.09430455      31       0      24
  748     37.59302966    -21.07594910   -391.09430455      28       0      26
  749     44.03616006     -5.71167138   -391.09430455      27       0      33
  750     42.70683983    -19.61180646   -391.09430455      38       0      36
  751     46.66588707    -14.79615566   -391.09430455      46       0      36
  752     32.82507439    -47.81311485   -391.09430455      46       0      33
  753     42.03253578    -14.72342667   -391.09430455      40       0      38
  754     45.06564883    -23.20489716   -391.09430455      51       0      33
  755     36.20964125    -18.80890145   -391.09430455      52       0      28
  756     39.47833513     -8.25032267   -391.09430454      36       0      27
  757     35.18815100    -46.44304435   -391.09430454      31       0      26
  758     37.03786729    -25.61798712   -391.09430454      34       0      24
  759     35.32542658    -15.65686601   -391.09430454      27       0      21
  760     39.25784295    -13.54759711   -391.09430455      26       0      28
  761     41.12012103    -65.00485145   -391.09430455      30       0      29
  762     28.42599077    -88.72568279   -391.09430454      30       0      25
  763     43.41968623    -13.57930841   -391.09430454      30       0      30
  764     34.57845960    -22.19540866   -391.09430455      30       0      25
  765     45.51098842    -12.88800242   -391.09430455      29       0      23
  766     38.70871411    -31.25011175   -391.09430455      29       0      27
  767     49.02426821    -14.85208869   -391.09430455      35       0      36
  768     42.23152336    -49.17998085   -391.09430454      40       0      36
  769     38.57392519    -46.46808934   -391.09430455      47       0      35
  770     43.51213250    -45.50448950   -391.09430454      46       0      30
  771     51.22283337    -24.83896822   -391.09430454      41       0      42
  772     38.97189442    -18.65740367   -391.09430454      45       0      31
  773     30.03772997    -31.99183093   -391.09430455      35       0      25
  774     58.00069862    -15.98101105   -391.09430454      37       0      30
  775     37.22552554    -63.92132641   -391.09430455      37       0      23
  776     29.21607236    -10.77026381   -391.09430455      24       0      22
  777     26.46808251   -135.63285838   -391.09430455      24       0      30
  778     38.97987284    -50.70180940   -391.09430455      33       0      27
  779     32.19081776    -29.88723569   -391.09430455      31       0      25
  780     41.45321882    -22.76412470   -391.09430455      27       0      30
  781     41.45185811    -15.59875980   -391.09430455      36       0      22
  782     31.90930874    -61.59094318   -391.09430453      24       0      22
  783     38.90631222    -49.23617259   -391.09430454      24       0      28
  784     43.32019139    -24.65324902   -391.09430454      28       0      32
  785     37.01100834    -23.34295097   -391.09430454      33       0      31
  786     51.60757678    -22.00672165   -391.09430455      40       0      44
  787     48.50028136    -16.36607553   -391.09430455      45       0      31
  788     44.35121981    -28.33685840   -391.09430455      42       0      41
  789     38.78559967    -22.76200982   -391.09430455      46       0      29
  790     45.89160455    -15.89126236   -391.09430455      42       0      27
  791     38.72144951    -19.47459658   -391.09430455      36       0      34
  792     30.92587054    -56.16386387   -391.09430455      37       0      24
  793     33.49368334    -18.10703816   -391.09430453      36       0      20
  794     45.26709344    -45.00529000   -391.09430454      30       0      28
  795     32.15780182    -26.64763481   -391.09430454      34       0      30
  796     34.03479246    -61.12074329   -391.09430453      34       0      22
  797     35.16880398    -24.27463517   -391.09430455      30       0      31
  798     42.57100139    -21.34696147   -391.09430455      32       0      24
  799     31.58648101    -40.93901197   -391.09430454      25       0      23
  800     42.66879776    -18.14602735   -391.09430454      25       0      29
  801     35.84549196    -14.13893716   -391.09430454      32       0      24
  802     43.47193927    -12.72476527   -391.09430454      25       0      34
  803     49.88934505     -5.12790487   -391.09430455      33       0      38
  804     43.14619646    -18.54290136   -391.09430454      41       0      35
  805     54.35160004    -20.35698921   -391.09430454      43       0      38
  806     52.18362801    -18.94368022   -391.09430455      47       0      33
  807     38.70859978     -9.69644844   -391.09430454      42       0      28
  808     37.58587108    -37.58873089   -391.09430454      40       0      26
  809     32.11870051    -32.37496483   -391.09430451      31       0      28
  810     37.80242116    -35.98214253   -391.09430453      29       0      24
  811     41.35992226    -46.03905923   -391.09430454      26       0      29
  812     35.19579928    -14.53404721   -391.09430453      28       0      28
  813     43.03325917    -11.80672533   -391.09430454      32       0      26
  814     46.20824165    -14.07273516   -391.09430454      30       0      33
  815     37.68124060    -14.70968973   -391.09430453      37       0      21
  816     35.92158827    -41.14372021   -391.09430453      26       0      23
  817     28.09976904    -17.06923451   -391.09430454      26       0      31
  818     30.68589738    -40.03782859   -391.09430454      32       0      24
  819     47.68276921    -11.85704553   -391.09430454      27       0      31
  820     53.66826255    -25.90619965   -391.09430454      31       0      33
  821     50.45841726    -22.20220608   -391.09430454      38       0      35
  822     47.31905214    -32.59993863   -391.09430455      43       0      37
  823     37.09107445    -33.56782575   -391.09430455      41       0      34
  824     51.99379997    -41.90064565   -391.09430454      46       0      35
  825     37.77355435    -84.42188079   -391.09430454      43       0      27
  826     43.31519591    -25.23649294   -391.09430454      33       0      27
  827     39.00436533    -22.40199459   -391.09430453      29       0      25
  828     40.98499073    -29.47371149   -391.09430455      26       0      27
  829     40.65507402    -38.76748251   -391.09430455      30       0      28
  830     41.03663911    -16.78296612   -391.09430454      31       0      25
  831     33.71540501    -72.50870408   -391.09430454      29       0      32
  832     36.49559197    -16.57898680   -391.09430453      35       0      23
  833     38.14046983    -30.37771500   -391.09430455      28       0      24
  834     36.24358670    -37.10589971   -391.09430454      26       0      28
  835     36.91536973    -20.99375052   -391.09430454      25       0      28
  836     38.38442679    -23.29607055   -391.09430455      34       0      26
  837     41.94137650    -37.55978357   -391.09430454      34       0      33
  838     41.20188877    -36.78769202   -391.09430455      34       0      33
  839     39.78115496    -31.83096284   -391.09430455      36       0      38
  840     34.98592388    -37.55715803   -391.09430455      38       0      33
  841     41.00025143    -23.20712752   -391.09430454      45       0      38
  842     37.36791813    -20.52365160   -391.09430453      46       0      31
  843     28.89943950    -40.57337788   -391.09430455      40       0      25
  844     42.51327109    -22.41246639   -391.09430455      33       0      26
  845     36.67988840    -17.02777749   -391.09430455      32       0      24
  846     32.51591869    -22.36637121   -391.09430455      30       0      30
  847     33.53397336    -14.73993318   -391.09430454      30       0      27
  848     44.19922045    -26.27506119   -391.09430455      26       0      28
  849     41.06401838    -33.30849441   -391.09430454      33       0      26
  850     27.66080263    -51.30433276   -391.09430455      28       0      24
  851     39.33394450    -66.50412633   -391.09430455      29       0      27
  852     36.98464057    -28.67363848   -391.09430455      28       0      24
  853     43.52826888    -27.11590108   -391.09430454      28       0      30
  854     42.67389016    -20.44233531   -391.09430455      31       0      31
  855     40.02776937    -62.68956268   -391.09430454      35       0      36
  856     45.33203124    -42.78845815   -391.09430455      39       0      32
  857     43.05218755    -20.66859106   -391.09430455      42       0      33
  858     48.19613552    -21.68496829   -391.09430455      33       0      37
  859     38.01420109    -11.43202605   -391.09430455      47       0      32
  860     36.19202430    -21.12325051   -391.09430455      44       0      29
  861     27.89172083    -44.01702263   -391.09430455      37       0      25
  862     41.59301582    -39.83104351   -391.09430454      31       0      28
  863     50.38936363     -8.96392903   -391.09430454      29       0      29
  864     44.30260023    -14.92401566   -391.09430455      32       0      27
  865     39.64249801    -24.65378851   -391.09430454      31       0      28
  866     36.89968713    -40.20006766   -391.09430455      33       0      24
  867     29.50205501    -17.34484733   -391.09430454      26       0      25
  868     42.19569911    -23.01730182   -391.09430454      26       0      27
  869     25.53269648    -67.68963069   -391.09430455      30       0      25
  870     35.89653481    -30.65675151   -391.09430455      26       0      24
  871     35.31733960    -39.13665374   -391.09430455      28       0      36
  872     42.75215507    -65.41026390   -391.09430455      37       0      31
  873     38.55244597    -22.78676299   -391.09430455      39       0      35
  874     40.35355481    -22.39951934   -391.09430455      37       0      31
  875     38.54834666    -64.26038622   -391.09430455      38       0      34
  876     35.30974982    -42.04610080   -391.09430455      41       0      37
  877     45.41025889    -13.07459064   -391.09430455      41       0      28
  878     44.18053873    -21.48672560   -391.09430455      35       0      29
  879     33.67588369     -9.27106471   -391.09430455      36       0      28
  880     42.52382039    -35.60003377   -391.09430454      35       0      28
  881     43.38759945    -12.78957639   -391.09430454      32       0      25
  882     28.02785830    -22.47815245   -391.09430455      35       0      31
  883     41.35076194    -33.46063899   -391.09430455      36       0      24
  884     36.06426595    -84.08361703   -391.09430455      30       0      25
  885     37.92507275    -27.62877104   -391.09430455      36       0      28
  886     39.64239420    -14.33741428   -391.09430455      28       0      22
  887     53.42349535     -4.58574009   -391.09430455      22       0      26
  888     29.71241696    -96.51877315   -391.09430455      29       0      29
  889     41.08127692    -34.21412251   -391.09430455      34       0      37
  890     43.30851397    -20.38367844   -391.09430455      39       0      29
  891     41.51180286    -22.78867494   -391.09430455      33       0      34
  892     43.18251586    -14.54643968   -391.09430455      41       0      36
  893     40.52517620    -16.04833356   -391.09430455      39       0      34
  894     43.16012586    -22.77186057   -391.09430454      44       0      29
  895     41.66586564    -14.89306235   -391.09430455      36       0      29
  896     45.97212722    -20.20896186   -391.09430455      34       0      28
  897     39.32769563    -21.97619510   -391.09430455      30       0      23
  898     30.53959269    -60.00675034   -391.09430455      25       0      31
  899     36.30166014    -16.32575667   -391.09430455      34       0      29
  900     31.61913960   -113.62672782   -391.09430454      35       0      26
  901     39.50391687    -13.46106250   -391.09430455      30       0      29
  902     33.77175911    -65.23242268   -391.09430455      32       0      27
  903     28.08859997    -78.67632400   -391.09430455      25       0      21
  904     42.76464461    -14.80640577   -391.09430454      28       0      27
  905     38.37143612     -7.11426860   -391.09430452      27       0      28
  906     38.21787467    -43.33026226   -391.09430455      29       0      33
  907     40.39263717    -37.27429251   -391.09430455      38       0      29
  908     43.70433034    -10.22827493   -391.09430452      35       0      36
  909     42.33939187    -31.54659377   -391.09430455      38       0      33
  910     43.86175887     -7.44057802   -391.09430455      44       0      36
  911     50.66390290    -14.39382316   -391.09430455      42       0      33
  912     37.40427719    -33.81423367   -391.09430455      41       0      27
  913     36.50949284     -9.65219719   -391.09430455      33       0      31
  914     33.34578212    -46.69555641   -391.09430454      34       0      22
  915     40.02137434    -11.23644605   -391.09430455      26       0      27
  916     38.47420269    -23.34229706   -391.09430455      33       0      31
  917     48.26702284    -12.52244625   -391.09430455      34       0      25
  918     43.08295997    -22.62831038   -391.09430455      28       0      33
  919     28.20127827    -52.23702040   -391.09430455      40       0      24
  920     30.64267627    -71.19721844   -391.09430455      33       0      25
  921     42.81696248    -37.65436635   -391.09430455      30       0      25
  922     43.04325826    -47.49566097   -391.09430455      28       0      25
  923     41.93197939    -18.64236174   -391.09430454      29       0      34
  924     76.63659244   1147.67294143   -391.09430454      38       0      30
  925     35.99668827    -17.74608061   -391.09430454      34       0      27
  926     33.77333699    -69.80589050   -391.09430455      32       0      39
  927     41.80821938    -18.65959983   -391.09430455      37       0      35
  928     33.35306380    -85.76177994   -391.09430455      46       0      33
  929     43.18401798    -12.02874107   -391.09430455      36       0      31
  930     44.56478411    -40.79724963   -391.09430455      32       0      31
  931     29.60178771    -19.25964281   -391.09430455      40       0      21
  932     41.32887184    -55.24583822   -391.09430455      31       0      25
  933     47.25627816    -20.39249322   -391.09430454      29       0      33
  934     44.77740915    -15.40154466   -391.09430455      36       0      25
  935     28.77740188    -95.36300566   -391.09430455      28       0      28
  936     29.20810595    -66.41668740   -391.09430453      30       0      27
  937     23.84467824   -132.45832214   -391.09430455      26       0      28
  938     37.21694242    -14.17156903   -391.09430455      30       0      25
  939     38.65561176    -38.93688132   -391.09430453      25       0      24
  940     43.40735805    -14.03022859   -391.09430455      28       0      32
  941     43.77917661    -42.21458578   -391.09430454      33       0      32
  942     44.61710557     -8.33303358   -391.09430455      33       0      28
  943     36.76272775    -20.52750122   -391.09430454      39       0      36
  944     45.33097841    -19.29009881   -391.09430455      38       0      34
  945     56.73111859    -14.03735502   -391.09430454      40       0      38
  946     44.28161014    -60.70672636   -391.09430453      46       0      28
  947     31.35497857    -39.67126478   -391.09430453      32       0      29
  948     33.75179038    -21.76495545   -391.09430453      31       0      24
  949     35.14719002    -67.30546328   -391.09430455      29       0      25
  950     47.25127487    -18.15292242   -391.09430454      29       0      34
  951     37.74497172    -38.11633263   -391.09430455      35       0      27
  952     40.49092419    -16.93245551   -391.09430454      35       0      28
  953     47.17992284    -25.44345912   -391.09430455      35       0      28
  954     40.59133680    -27.07188957   -391.09430454      32       0      26
  955     31.13612353    -20.41649360   -391.09430455      31       0      24
  956     31.19028969    -64.05755392   -391.09430454      27       0      25
  957     41.57477166    -46.84648399   -391.09430455      30       0      29
  958     35.17689474    -19.94131121   -391.09430453      32       0      31
  959     35.85993540    -13.27256890   -391.09430453      32       0      31
  960     36.44805761    -22.63184454   -391.09430454      35       0      31
  961     38.99911857     -9.18907701   -391.09430454      38       0      37
  962     49.97087460    -19.08284279   -391.09430455      45       0      38
  963     43.17569193    -11.75005426   -391.09430454      41       0      28
  964     36.97584521    -29.31706897   -391.09430455      39       0      32
  965     36.11662592    -16.66307621   -391.09430454      43       0      24
  966     44.29525920    -15.58955814   -391.09430455      33       0      21
  967     37.71576897    -53.77905043   -391.09430453      24       0      34
  968     27.49545610    -43.40945987   -391.09430455      36       0      27
  969     38.03634118    -18.91321287   -391.09430455      33       0      29
  970     42.63046979    -19.42583562   -391.09430455      35       0      27
  971     44.16946627     -8.93465412   -391.09430455      31       0      29
  972     29.61009986    -43.70740810   -391.09430455      34       0      25
  973     31.54958283    -73.31715889   -391.09430454      26       0      25
  974     32.36885603    -21.92646178   -391.09430455      27       0      28
  975     41.99895000    -44.01045728   -391.09430454      34       0      27
  976     28.93335972    -39.48865831   -391.09430455      28       0      33
  977     43.95255312    -63.30978648   -391.09430455      36       0      29
  978     39.44702977    -38.43433071   -391.09430455      34       0      36
  979     50.93392720    -30.92576079   -391.09430455      35       0      38
  980     29.88802574    -64.31493822   -391.09430455      43       0      25
  981     39.68868308    -45.67566901   -391.09430455      32       0      36
  982     39.04968548    -39.17199570   -391.09430455      34       0      27
  983     30.29054747    -67.89894342   -391.09430454      33       0      23
  984     41.29984407    -36.90264073   -391.09430455      32       0      29
  985     43.06930069    -20.09780039   -391.09430455      33       0      31
  986     37.80252896    -23.04725012   -391.09430455      37       0      26
  987     36.32707712    -19.00623566   -391.09430455      33       0      31
  988     31.41438331    -61.67846534   -391.09430455      40       0      27
  989     36.01596628    -24.42838126   -391.09430455      29       0      26
  990     45.87449387    -13.92410033   -391.09430455      30       0      26
  991     29.52582309    -63.77587626   -391.09430455      27       0      28
  992     34.19281290    -85.85624819   -391.09430455      33       0      26
  993     53.61320245    -15.65777179   -391.09430455      34       0      31
  994     34.54383531    -34.73281313   -391.09430455      35       0      33
  995     34.07483968    -46.64386410   -391.09430455      38       0      33
  996     50.78790892    -19.96329241   -391.09430455      35       0      35
  997     38.34762738    -32.50995935   -391.09430455      42       0      29
  998     30.86312763    -67.27007382   -391.09430453      41       0      35
  999     40.30516785    -22.29990019   -391.09430453      34       0      25
 1000     41.78380408    -21.80054685   -391.09430455      33       0      26
----------------------------------------------------------------------------------
Artificial Bee Colony Optimization Finished!

 -- Results Report --
 * 100 LMs will be saved in [ lm-LM ].
      #          Energy
      0   -391.09430455
      1   -391.02811397
      2   -389.44340590
      3   -389.09652274
      4   -389.05625021
      5   -387.20259931
      6   -385.39024639
      7   -385.16224409
      8   -385.06995722
      9   -385.06479981
     10   -385.02784230
     11   -384.93625022
     12   -384.71576203
     13   -384.26671700
     14   -384.18437183
     15   -384.15174882
     16   -384.14928357
     17   -384.07598711
     18   -384.03255772
     19   -383.67397562
     20   -383.56003324
     21   -383.45582363
     22   -383.42731700
     23   -383.37300929
     24   -383.37222822
     25   -383.32965281
     26   -383.14312985
     27   -383.12916023
     28   -383.10483891
     29   -383.02353309
     30   -383.02023935
     31   -382.95014797
     32   -382.92720764
     33   -382.80350705
     34   -382.76802484
     35   -382.73385004
     36   -382.59563234
     37   -382.53774881
     38   -382.50047354
     39   -382.44569518
     40   -382.40193123
     41   -382.39625643
     42   -382.30931829
     43   -382.29380514
     44   -382.29352200
     45   -382.26624258
     46   -382.22271933
     47   -382.10469103
     48   -382.05063304
     49   -381.98910643
     50   -381.98461000
     51   -381.97916071
     52   -381.96173668
     53   -381.84985662
     54   -381.82807556
     55   -381.75472999
     56   -381.71480700
     57   -381.70752616
     58   -381.69192756
     59   -381.59872939
     60   -381.57341868
     61   -381.54781955
     62   -381.53310652
     63   -381.52577779
     64   -381.50666392
     65   -381.50159589
     66   -381.48075875
     67   -381.46117782
     68   -381.42945126
     69   -381.39791258
     70   -381.39377624
     71   -381.39288668
     72   -381.32750550
     73   -381.27869919
     74   -381.26508162
     75   -381.26315101
     76   -381.21530965
     77   -381.21506113
     78   -381.16836019
     79   -381.10837396
     80   -381.08527934
     81   -381.06045203
     82   -381.05720447
     83   -381.02354768
     84   -381.01110300
     85   -381.00883533
     86   -380.97213325
     87   -380.96049786
     88   -380.82961486
     89   -380.81601470
     90   -380.76143519
     91   -380.66921530
     92   -380.61740691
     93   -380.60653459
     94   -380.55757683
     95   -380.51065163
     96   -380.49306090
     97   -380.48536778
     98   -380.46873457
     99   -380.46469593

 * Final Global Minimal Energy:   -391.09430455
 * The Global Minimum is saved as: [ lm-OPT.(cluster/xyz/gjf) ]

===== (^ _ ^) =====
Normal termination at Wed May  6 11:53:27 2020.
Total run time: 6932 seconds = 0 days 1 hours 55 minutes 32 seconds.
