    * * * * * * * * * * * * * * * * * * * * *
    *       __    ____    ______            *
    *      /  \  |  _ \  |  ___/  luster !  *
     *    / _  \ | |_| | | |               *
     *   / /_\ | |  _ <  | |     < @  @ >  * 
     *  / ___  | | |_| | | |___ _ _  o     * 
    *  /_/   |_| |____/  |_____ _ __ __  _  *
    *                                       *
    * * * * * * * * * * * * * * * * * * * * *

ABCluster 1.5.1
Specific flag:  official version
Platform:       LINUX/UNIX
Compiled by:    junzhang@gellmann.scs.illinois.edu
Compiling date: Dec 18 2017 20:33:35
C++ compiler:   g++
C++ options:    -O3 -Os -fno-exceptions --std=c++0x -fopenmp 

Contributors:
Jun Zhang(University of Cologne): Design and coding.

For any suggestions, comments, and questions on the theory and
implementation of ABCluster, please feel free to contact:

Dr. Jun Zhang, ZhangJunQcc@gmail.com

If you used this program in your work, please cite this reference:

[1] Zhang, J.; Dolg, M.; ABCluster: The Artificial Bee Colony Algorithm for
    Cluster Global Optimization. Phys. Chem. Chem. Phys. 2015, 17, 24173-24181.
[2] Zhang, J.; Dolg, M.; Global Optimization of Clusters of Rigid Molecules by the
    Artificial Bee Colony Algorithm. Phys. Chem. Chem. Phys. 2016, 18, 3003-3010.

Program starts at Fri Sep 14 15:14:32 2018.
Command line: " /ihome/jkeith/yab16/ABC/ABCluster-Linux/lib/rigidmol-optimizer k_12_waters.inp "
Process ID:   343950
Run by:       yab16@smp-n46.crc.pitt.edu
Available CPU cores:    24
Read "OMP_NUM_THREADS": Unset

Random number testing (integers): 1949614078...1244743116
Random number testing (fractals): 0.77587840...0.71462937

 -- Input/Output Parameters --
Input file name:      k_12_waters.inp
Cluster file name:    input.cluster
Result file name:     k_12_waters.(cluster/xyz/gjf)
Temporary file name:  abclusteryab16smp-n46.crc.pitt.edu343950-OPT
# of saved LMs:       100
LMs are stored in:    k_12_waters-LM

 -- ABC Control Parameters --
Population size:                  500
Maximal generation:              1000
Scout limit:                       15
Amplitude:                15.00000000

 -- Cluster Components: from [ input.cluster ] --
 -----------------------------------------------------------
   Source                                       #   Charge
 -----------------------------------------------------------
   /ihome/jkeith/yab16/ABC/ABCluster-Linux-0/rigidmolecularcluster/charmm36/tip4p.xyz    12    0.000
   /ihome/jkeith/yab16/ABC/ABCluster-Linux-0/rigidmolecularcluster/charmm36/k.xyz     1    1.000
 -----------------------------------------------------------
   Dimension: 0, an isolate cluster.
 -----------------------------------------------------------

Artificial Bee Colony Optimization Starts!
----------------------------------------------------------------------------------
 * Population: 500; Maximal cycles: 1000
 * EM = Employed Bee; Trigonometric mutation
 * OL = Onlooker Bee; ABC/best/2(0.5)+ABC/current/2(0.5);
        Tournament selection from 5 nectars.
 * SC = Scout Bee; Random nectar; Limit = 15
----------------------------------------------------------------------------------
    #       Diversity            maxE            minE    byEM    byOL    bySC
----------------------------------------------------------------------------------
    1     17.36545704   -418.64372802   -678.38904597     405      22       0
    2     11.19789176   -624.23246183   -678.38904598     296      53       0
    3     10.51195853   -635.18755698   -680.40065329     188      37       0
    4     10.17308030   -635.18755698   -680.40065329     137      59       0
    5     10.00546681   -635.53698367   -680.40065329      97      30       0
    6      9.72265799   -643.03244912   -680.40065330      90      28       0
    7      9.52929576   -645.61917797   -680.40065329      83      13       0
    8      9.30936400   -648.83286212   -680.40065329      69      16       0
    9      9.13560130   -648.83286212   -680.40065327      82      12       0
   10      8.71832657   -650.63078790   -680.40065330      87       7       0
   11      8.23223793   -650.63078790   -680.46181923      95       3       0
   12      7.12449067   -651.40073883   -680.46181924     103     107       0
   13      6.12689629   -654.41574697   -681.53630002      60      33       0
   14      5.50183107   -656.58446369   -681.53630002      41     101       0
   15      4.21725692   -656.58446369   -681.53630002      75      41       0
   16      2.77984113   -660.02374904   -681.53630002      91       8       0
   17      2.27271092   -660.02374904   -681.53630002      96       0       0
   18      1.18882782   -661.00003511   -681.53630002     115       0       0
   19      4.38670217   -593.11697680   -681.53630000      86       0       2
   20     20.11464070   -363.60654818   -681.53630002      12       0      20
   21     58.13932148    -50.02869796   -681.53630002      20       0      73
   22     72.20949246    -84.03565844   -681.53630002      69       0     128
   23     68.13702559   -130.61169451   -681.53630002     137       0     127
   24     62.76146521   -129.28987714   -681.53630002     184       0     101
   25     40.10912601    -68.95692782   -681.53630002     188       8      34
   26     32.75262818    -71.86470916   -681.53630001     161       3      12
   27     10.27372924   -614.41747115   -681.53630001     155       3       2
   28      9.01976106   -521.70925062   -681.53630002     126       0       1
   29      1.74292090   -653.55296615   -681.53630001      65       0       0
   30      0.00000001   -681.53630000   -681.53630000       8       0       0
   31      0.00000001   -681.53630000   -681.53630000       0       0       0
   32      0.00000001   -681.53630000   -681.53630000       0       0       0
   33      0.00000001   -681.53630000   -681.53630000       0       0       0
   34      0.00000001   -681.53630000   -681.53630000       0       0       0
   35      0.00000001   -681.53630000   -681.53630000       0       0       0
   36     13.23459595   -390.37963457   -681.53630000       0       0       2
   37     32.62817234   -242.98566200   -681.53630002       2       0      17
   38     42.00030407   -145.16722882   -681.53630002      17       0      47
   39     58.72523540   -100.32601160   -681.53630002      42       0      61
   40     38.92378304   -202.95825925   -681.53630002      70       0      59
   41     61.37462651   -102.48853142   -681.53629998      82       0      80
   42     69.45398669   -131.72949150   -681.53630002     102       0     113
   43     51.57423657    -60.92445924   -681.53630000     144       0      81
   44     23.30863252   -478.18145385   -681.53630001     142       0      31
   45     22.01726956   -316.02586425   -681.53630001     124       0       8
   46     22.41389255   -187.19112704   -681.53630001      84       0       1
   47      0.00000002   -681.53630002   -681.53630000      22       0       0
   48      0.00000002   -681.53630002   -681.53630000       0       0       0
   49      0.00000002   -681.53630002   -681.53630000       0       0       0
   50      0.00000002   -681.53630002   -681.53630000       0       0       0
   51      0.00000002   -681.53630002   -681.53630000       0       0       0
   52      0.00000002   -681.53630002   -681.53630000       0       0       0
   53      4.49023624   -594.22858884   -681.53630000       0       0       2
   54     22.55311974   -285.94409126   -681.53630002       2       0      17
   55     50.74548259   -125.77595604   -681.53630002      17       0      35
   56     41.23299574   -182.52698171   -681.53630001      35       0      45
   57     57.64025769   -130.65562920   -681.53630002      47       0      57
   58     60.14894864    -22.18758295   -681.53630001      66       0      57
   59     61.62635637    -96.93958877   -681.53630001      76       0      81
   60     55.61612532   -128.65549555   -681.53630002     107       0      83
   61     49.65315484   -180.29380541   -681.53630000     117       0      80
   62     45.21055210    -48.21805757   -681.53630001     132       0      36
   63     11.62617132   -597.34683797   -681.53630002     104       0       7
   64      4.97885214   -639.85066687   -681.53630002      61       0       0
   65      0.00000001   -681.53630001   -681.53630002      20       0       0
   66      0.00000001   -681.53630001   -681.53630002       0       0       0
   67      0.00000001   -681.53630001   -681.53630002       0       0       0
   68      0.00000001   -681.53630001   -681.53630002       0       0       0
   69      0.00000001   -681.53630001   -681.53630002       0       0       0
   70      2.78038793   -622.39048051   -681.53630002       0       0       2
   71     27.07390092   -270.89815226   -681.53630000       2       0      16
   72     28.55951841   -244.26402409   -681.53630001      16       0      32
   73     51.61956130    -70.10888733   -681.53630002      32       0      36
   74     40.33222323   -184.39857285   -681.53630002      40       0      43
   75     46.81302267   -188.61946682   -681.53630002      53       0      54
   76     48.22890274   -151.65819767   -681.53630001      64       0      61
   77     55.46867571    -63.07660421   -681.53630001      70       0      73
   78     59.32668519   -110.88205022   -681.53630002      95       0      80
   79     61.38454068   -124.25123047   -681.53630002     111       0      66
   80     38.12202044   -119.99753988   -681.53630001      97       0      28
   81     10.50147066   -579.34607689   -681.53630002      79       0       9
   82      1.56709431   -653.34026067   -681.53630002      35       0       0
   83      0.00000001   -681.53630002   -681.53630002       4       0       0
   84      0.00000001   -681.53630002   -681.53630002       0       0       0
   85      0.00000001   -681.53630002   -681.53630002       0       0       0
   86      0.00000001   -681.53630002   -681.53630002       0       0       0
   87      4.15282721   -598.46118681   -681.53630002       0       0       2
   88     28.05950227   -316.86007594   -681.53630002       2       0      16
   89     34.28446910   -156.13471249   -681.53630002      16       0      27
   90     29.32652877   -261.86999485   -681.53630001      26       0      31
   91     44.68733144   -209.60242301   -681.53630001      34       0      42
   92     34.67849603   -178.92667025   -681.53630001      51       0      51
   93     49.96028909   -162.99858284   -681.53630001      65       0      52
   94     45.99113858   -155.45600970   -681.53630002      69       0      59
   95     56.27320309   -105.98603572   -681.53630001      71       0      79
   96     62.83511986    -21.73004778   -681.53630001     101       0      61
   97     47.18972709   -233.43880625   -681.53630000     102       0      56
   98     31.16257900   -241.59864382   -681.53630002      89       0      22
   99      6.19783851   -606.35813173   -681.53630002      68       0       2
  100      1.41473094   -656.05165794   -681.53630002      23       0       0
  101      0.00000001   -681.53630002   -681.53630002       2       0       0
  102      0.00000001   -681.53630002   -681.53630002       0       0       0
  103      0.00000001   -681.53630002   -681.53630002       0       0       0
  104      4.72083062   -604.15797485   -681.53630002       0       0       2
  105     30.32434446   -229.40545893   -681.53630001       2       0      16
  106     38.04063611   -100.76300162   -681.53630002      16       0      20
  107     25.31054078   -372.58513705   -681.53630001      22       0      31
  108     33.40806164   -252.78494792   -681.53630002      35       0      35
  109     54.78510087   -132.17536439   -681.53630002      41       0      44
  110     51.83074916   -117.71890416   -681.53630001      51       0      57
  111     48.97667804   -220.61642395   -681.53630002      65       0      50
  112     51.85303906   -163.26743909   -681.53630001      72       0      56
  113     49.65728320   -143.70933087   -681.53630002      77       0      71
  114     64.12779037   -135.10605765   -681.53630002      95       0      61
  115     49.94821516   -189.58505569   -681.53630002     104       0      46
  116     25.58680900   -211.43285421   -681.53630002      89       0      10
  117      4.03050063   -626.94083264   -681.53630002      44       0       1
  118      0.00000001   -681.53630002   -681.53630002       8       0       0
  119      0.00000001   -681.53630002   -681.53630002       0       0       0
  120      0.00000001   -681.53630002   -681.53630002       0       0       0
  121     16.65027744   -310.64477133   -681.53630002       0       0       2
  122     26.20992200   -178.50666179   -681.53630001       2       0      13
  123     37.62978963    -74.56769510   -681.53630001      13       0      19
  124     28.26975412   -312.82238974   -681.53630002      20       0      29
  125     32.70474245   -260.68560762   -681.53630002      30       0      33
  126     44.35088145   -100.36549302   -681.53630001      36       0      41
  127     43.29380618   -184.30070742   -681.53630002      43       0      45
  128     40.85648384   -155.05202782   -681.53630002      55       0      50
  129     43.17915364   -216.43062809   -681.53630002      60       0      45
  130     61.39261908    -80.20559173   -681.53630002      64       0      63
  131     50.27511758   -147.16199811   -681.53630002      81       0      58
  132     52.49583287   -114.37136204   -681.53630002      83       0      72
  133     26.94393755   -270.29139623   -681.53630002     102       0      26
  134     16.70473078   -348.95391602   -681.53630002      86       0       4
  135      2.39311208   -652.82200195   -681.53630001      35       0       0
  136      0.00000001   -681.53630002   -681.53630002       6       0       0
  137      0.00000001   -681.53630002   -681.53630002       0       0       0
  138     27.43928888    -70.97642489   -681.53630002       0       0       2
  139     24.83754279   -208.75665118   -681.53630001       2       0      11
  140     42.53262803    -30.26099182   -681.53630002      11       0      19
  141     49.86801280    -88.25228153   -681.53630002      18       0      29
  142     41.51649165   -226.57494980   -681.53630002      32       0      30
  143     42.66144455   -194.61795996   -681.53630002      36       0      36
  144     39.06727090   -299.31098278   -681.53630002      37       0      43
  145     46.24969508    -67.44410721   -681.53630002      47       0      42
  146     74.25603413    -40.55659774   -681.53630002      53       0      43
  147     41.32373187   -179.72376099   -681.53630002      49       0      52
  148     45.05766222   -163.27614121   -681.53630001      61       0      53
  149     69.90974222     -2.03823738   -681.53630002      69       0      61
  150     55.74553688   -162.48550453   -681.53630001      76       0      56
  151     39.48064127   -183.49387108   -681.53630002      81       0      21
  152      6.49631660   -615.57009888   -681.53630002      58       0       2
  153      1.04379418   -660.38142599   -681.53630001      27       0       0
  154      0.00000001   -681.53630001   -681.53630002       3       0       0
  155      3.71586809   -612.36305946   -681.53630002       0       0       2
  156      7.59234434   -616.66594343   -681.53630002       2       0      11
  157     17.68291044   -363.21981945   -681.53630002      11       0      16
  158     32.39105421   -319.47692873   -681.53630002      16       0      27
  159     45.59351601    -73.18735351   -681.53630001      29       0      33
  160     41.43954656   -111.15053868   -681.53630002      37       0      32
  161     41.34859879   -278.19323241   -681.53630002      38       0      37
  162     46.61195877   -143.63673330   -681.53630002      42       0      45
  163     30.47451523   -236.39614350   -681.53630002      52       0      41
  164     47.06531587   -171.36790120   -681.53630002      47       0      47
  165     58.58412282   -110.87171287   -681.53630001      61       0      48
  166     60.10281127    -75.94603130   -681.53630002      60       0      54
  167     35.72171191   -284.07500574   -681.53630002      71       0      50
  168     32.38996450   -266.43866620   -681.53630002      70       0      43
  169     17.86910755   -413.88263339   -681.53630001      64       0      13
  170      5.39286394   -612.29400143   -681.53630002      43       0       1
  171      0.57779458   -668.60348104   -681.53630001       9       0       0
  172      4.64193370   -598.03340914   -681.53630001       1       0       2
  173     12.78350859   -472.61762716   -681.53630001       2       0      11
  174     20.59733547   -342.54152196   -681.53630002      11       0      14
  175     25.98934329   -287.87035454   -681.53630002      14       0      23
  176     29.42449171   -234.34175903   -681.53630002      25       0      34
  177     38.24483661   -255.25931712   -681.53630002      36       0      32
  178     57.57365441    -48.54127186   -681.53630001      37       0      35
  179     55.57240017    -66.76505970   -681.53630002      43       0      42
  180     48.31175387   -129.79064345   -681.53630001      56       0      40
  181     52.68190873   -116.12233014   -681.53630002      55       0      43
  182     41.27661186   -150.30088557   -681.53630000      56       0      46
  183     45.12658364   -167.58847938   -681.53630001      54       0      44
  184     46.68886883   -198.60435540   -681.53630002      61       0      59
  185     38.46599679   -211.22799211   -681.53630002      71       0      39
  186     35.24937112   -129.82922592   -681.53630000      61       0      28
  187     12.40834358   -484.36550471   -681.53630001      50       0       7
  188      4.07203719   -599.83738994   -681.53630000      22       0       1
  189      2.85893762   -624.62841332   -681.53630001       4       0       2
  190     26.58319411   -165.05338636   -681.53630002       2       0      11
  191     26.25864081   -263.98372976   -681.53630002      11       0      12
  192     17.02075998   -496.28316113   -681.53630001      12       0      21
  193     46.39631289   -160.76721255   -681.53630001      22       0      33
  194     34.42786579   -137.81736827   -681.53630002      35       0      26
  195     37.98332604   -140.24533837   -681.53630002      29       0      32
  196     32.13956190   -250.43951606   -681.53630001      33       0      41
  197     34.58976866   -265.42744268   -681.53630002      46       0      44
  198     39.73547903   -120.20417459   -681.53630002      53       0      43
  199     52.26021187   -143.21364021   -681.53630002      49       0      41
  200     41.60817904   -243.27814984   -681.53630001      53       0      43
  201     58.49029130   -143.52944242   -681.53630000      59       0      54
  202     55.39752304    -79.66617506   -681.53630001      79       0      44
  203     39.82086544   -245.22707586   -681.53630001      71       0      34
  204     36.64017422   -194.14728964   -681.53630002      56       0      16
  205      9.23560361   -538.67176513   -681.53630002      34       0       3
  206      8.13105553   -510.63612626   -681.53630002       8       0       2
  207     32.80940271   -190.02673715   -681.53630002       2       0      11
  208     21.25275117   -291.66527205   -681.53630002      11       0      11
  209     32.06479074   -229.24025620   -681.53630001      11       0      20
  210     54.82578781   -109.12606565   -681.53630002      20       0      32
  211     28.71837720   -285.22552729   -681.53630002      33       0      28
  212     47.67652476   -106.71689132   -681.53630002      33       0      28
  213     58.83074926   -109.08091552   -681.53630002      36       0      35
  214     49.57460242    -24.72828693   -681.53630002      40       0      47
  215     39.69412609   -148.79742354   -681.53630002      57       0      35
  216     34.63361949   -283.88274961   -681.53630002      48       0      34
  217     52.20684431   -111.16220598   -681.53630002      44       0      44
  218     53.87695046   -184.82567787   -681.53630000      51       0      52
  219     39.27611467   -204.63159070   -681.53630001      71       0      49
  220     68.62734750    -43.18088323   -681.53630002      66       0      39
  221     38.64499953   -163.88877819   -681.53630002      55       0      27
  222     24.33814943   -180.86914996   -681.53630001      47       0       6
  223      4.53364144   -611.33871323   -681.53630001      13       0       2
  224     40.40417640    -38.38591618   -681.53630002       3       0      11
  225     32.04714268   -192.67324088   -681.53630002      11       0      11
  226     37.27734062   -131.25103343   -681.53630002      13       0      18
  227     42.80263091    -95.59256153   -681.53630002      18       0      28
  228     38.79528452   -136.01193264   -681.53630001      30       0      28
  229     44.96421696   -162.13014543   -681.53630002      34       0      27
  230     15.37536416   -584.54765635   -681.53630002      30       0      33
  231     55.13548928   -178.62036232   -681.53630002      35       0      43
  232     44.28967519   -133.68202104   -681.53630002      48       0      35
  233     38.40893269    -57.51755194   -681.53630002      42       0      38
  234     49.97127206   -159.68918058   -681.53630001      45       0      37
  235     56.33333384    -49.23892612   -681.53630001      45       0      48
  236     52.49608189    -89.08877769   -681.53630001      54       0      52
  237     60.05218977    -84.07751132   -681.53630001      58       0      43
  238     37.61449032   -183.32286709   -681.53630001      59       0      33
  239     24.28738656   -281.02085380   -681.53630001      53       0      12
  240      3.22122163   -638.68831337   -681.53630000      23       0       3
  241     12.58388416   -463.48977825   -681.53630002       5       0       9
  242     10.78392938   -565.23359158   -681.53630002       9       0      13
  243     46.73754977   -140.01537827   -681.53630000      14       0      16
  244     15.84140705   -478.02842572   -681.53630001      16       0      23
  245     45.07746156    -89.83425740   -681.53630002      23       0      32
  246     23.50003888   -312.82973882   -681.53630002      34       0      28
  247     42.04326376   -232.25605668   -681.53630002      32       0      31
  248     42.32163206    -77.24422674   -681.53630002      39       0      37
  249     50.08120549   -119.37071812   -681.53630001      44       0      37
  250     60.76655552   -125.10373126   -681.53630002      43       0      42
  251     44.53756097   -175.99874283   -681.53630002      48       0      31
  252     49.32637070   -146.18986390   -681.53630002      44       0      48
  253     51.92715513   -180.51509407   -681.53630002      50       0      43
  254     48.40027323   -136.05302699   -681.53630002      55       0      50
  255     59.12565270    -95.36136559   -681.53630001      66       0      36
  256     39.07482509   -161.46647559   -681.53630002      50       0      20
  257      6.51715860   -604.31864626   -681.53630002      38       0       4
  258     18.63081247   -379.96937336   -681.53630002      12       0       8
  259     27.11378373   -261.13040536   -681.53630002       8       0      14
  260     23.13441715   -216.85555178   -681.53630002      14       0      16
  261     25.70438915   -239.95440817   -681.53630002      17       0      21
  262     46.31540758    -18.04158920   -681.53630002      24       0      29
  263     58.22468023    -98.81964936   -681.53630002      32       0      26
  264     44.53287413   -107.13586261   -681.53630002      28       0      30
  265     34.22462591   -211.98544802   -681.53630001      36       0      38
  266     35.20585972   -120.06176508   -681.53630002      43       0      37
  267     43.24076492   -151.54839728   -681.53630001      49       0      37
  268     53.33468207    -87.33209380   -681.53630002      48       0      39
  269     49.63418403   -200.81288136   -681.53630000      44       0      39
  270     46.25746492    -92.66223544   -681.53630002      45       0      39
  271     63.37635868   -127.72806182   -681.53630002      43       0      55
  272     36.15117173   -169.77337042   -681.53630002      59       0      31
  273     33.33713466   -282.19901617   -681.53630001      48       0      32
  274     16.91609216   -367.47747677   -681.53630000      46       0       9
  275     21.40300789   -230.07929208   -681.53630002      18       0       8
  276     27.02859426   -223.57862738   -681.53630001       9       0      13
  277     31.92181491   -165.52567851   -681.53630002      13       0      14
  278     39.86206186   -151.29763499   -681.53630001      15       0      21
  279     33.96827665    -87.49237866   -681.53630001      21       0      28
  280     33.09898181   -199.59963380   -681.53630002      31       0      24
  281     34.54236894   -312.75585663   -681.53630001      28       0      29
  282     49.60217925   -231.57024932   -681.53630001      33       0      35
  283     46.62085377   -160.13999930   -681.53630001      38       0      37
  284     41.95005196   -166.02142698   -681.53630001      44       0      41
  285     30.84511609   -306.34485000   -681.53630002      39       0      40
  286     49.85153694   -152.68428413   -681.53630002      54       0      40
  287     35.17016909   -127.52969429   -681.53630002      53       0      33
  288     66.83250553    -46.41326034   -681.53630001      48       0      52
  289     54.57288980    -94.48477741   -681.53630002      58       0      32
  290     28.37449729   -368.94244602   -681.53630002      52       0      35
  291     27.93026767   -146.42063661   -681.53630002      46       0      18
  292     18.91493320   -283.46733947   -681.53630001      31       0       8
  293      8.96194674   -573.87768584   -681.53630002      12       0      11
  294     22.75048376   -299.86550350   -681.53630001      11       0      16
  295     37.07502353   -146.22697732   -681.53630002      17       0      19
  296     33.58577702   -102.98628418   -681.53630002      21       0      24
  297     46.42046548   -130.61309555   -681.53630001      24       0      26
  298     32.64653925   -184.15521506   -681.53630001      28       0      30
  299     33.19471731   -257.04759584   -681.53630002      36       0      33
  300     47.70643965   -133.05730466   -681.53630001      39       0      39
  301     37.43261161   -173.27154644   -681.53630002      51       0      33
  302     46.48832837   -138.54092534   -681.53630001      50       0      36
  303     48.85743322    -24.19569052   -681.53630001      43       0      43
  304     42.54919811    -61.01972441   -681.53630001      56       0      36
  305     47.31638874   -127.93311547   -681.53630001      46       0      44
  306     46.93957525   -200.73636214   -681.53630001      52       0      39
  307     59.58422100    -96.71053015   -681.53630002      50       0      31
  308     43.23966379   -131.47455572   -681.53630001      41       0      29
  309     25.83106018   -175.39813030   -681.53630002      38       0      11
  310     31.23898335     -6.44397798   -681.53630001      14       0      10
  311     15.29606622   -461.53840480   -681.53630002      12       0      15
  312     17.01060139   -473.07436373   -681.53630001      16       0      21
  313     36.93604574   -112.58829953   -681.53630002      22       0      19
  314     25.99785798   -189.56742358   -681.53630001      19       0      27
  315     37.51797262    -98.33099670   -681.53630002      30       0      28
  316     42.01114341   -143.05459433   -681.53630002      31       0      27
  317     42.19807871   -167.76668474   -681.53630001      31       0      32
  318     51.65509759   -146.01080493   -681.53630001      34       0      43
  319     32.81496251   -298.32280319   -681.53630001      46       0      37
  320     31.38371613   -147.81765792   -681.53630000      47       0      37
  321     55.93206480   -105.40167495   -681.53630000      48       0      40
  322     54.87593698   -109.48638042   -681.53630001      52       0      46
  323     35.33700188   -289.17786380   -681.53630002      46       0      38
  324     45.93249604   -150.58891786   -681.53630002      57       0      33
  325     51.15339808   -133.94701364   -681.53630000      44       0      33
  326     22.91264395   -346.26855558   -681.53630000      37       0      12
  327     45.30570487   -142.92710357   -681.53630000      24       0      11
  328     34.56749681   -129.11733275   -681.53630002      12       0      15
  329     14.33022427   -536.01849185   -681.53630001      14       0      21
  330     23.43437584   -355.27446985   -681.53630001      21       0      18
  331     18.01332391   -393.18560037   -681.53630000      21       0      26
  332     51.10969861   -154.85765509   -681.53630000      28       0      27
  333     30.53946634   -240.25173262   -681.53630000      27       0      28
  334     51.60034871   -164.33093198   -681.53630001      34       0      32
  335     27.25090467   -215.07617130   -681.53630001      35       0      37
  336     46.79531878   -146.36308342   -681.53630001      45       0      33
  337     46.77434466   -102.63938720   -681.53630001      40       0      36
  338     56.31112990    -94.24047573   -681.53630001      47       0      48
  339     56.91515840    -64.08492611   -681.53630002      58       0      39
  340     46.99734731   -229.01083781   -681.53630002      49       0      42
  341     38.33081479    -81.58395059   -681.53630002      52       0      36
  342     35.69968198   -179.31612067   -681.53630002      49       0      31
  343     32.04742006    -41.68587977   -681.53630002      43       0      19
  344     14.18370818   -501.68965056   -681.53630001      22       0      12
  345     28.72700965   -149.05204466   -681.53630001      17       0      15
  346     18.68484938   -343.18288649   -681.53630002      15       0      19
  347     45.53907473    -96.03505845   -681.53630001      22       0      18
  348     24.67404330   -216.69419160   -681.53630002      19       0      25
  349     38.49432787   -190.95600284   -681.53630002      27       0      27
  350     50.05432302    -75.80492354   -681.53630002      30       0      27
  351     55.98150662   -113.13380748   -681.53630002      33       0      28
  352     42.75855449   -127.87350780   -681.53630002      33       0      35
  353     43.00748906   -103.41657040   -681.53630002      40       0      32
  354     49.89707780   -142.78738445   -681.53630002      35       0      38
  355     40.03087536   -128.75648278   -681.53630001      42       0      43
  356     39.60399659   -260.68605216   -681.53630001      51       0      41
  357     53.45914714    -55.75141590   -681.53630001      56       0      44
  358     43.48598372   -161.49563581   -681.53630002      57       0      39
  359     46.75226138   -152.48984564   -681.53630002      48       0      34
  360     29.82750771   -258.33049000   -681.53630002      44       0      20
  361     35.54167249   -201.67439775   -681.53630002      27       0      14
  362     25.79255720   -319.96782281   -681.53630002      19       0      14
  363     31.69460525   -257.61712128   -681.53630001      15       0      18
  364     33.70048966   -226.01375942   -681.53630001      18       0      20
  365     24.85273599   -224.50208696   -681.53630001      23       0      22
  366     44.08297201   -123.27223271   -681.53630002      23       0      25
  367     34.38376902   -236.83207746   -681.53630001      25       0      28
  368     40.17240824   -202.54607672   -681.53630002      31       0      29
  369     47.98249687    -52.52348692   -681.53630001      35       0      34
  370     38.92493544    -73.25520936   -681.53630001      40       0      33
  371     39.57823984    -51.91953013   -681.53630001      42       0      35
  372     45.44122294   -122.42488067   -681.53630002      42       0      35
  373     37.80526728   -318.92405209   -681.53630001      41       0      42
  374     55.10277936   -159.16206766   -681.53630002      50       0      49
  375     38.89068170   -127.73849016   -681.53630002      61       0      39
  376     50.66053834   -158.51084581   -681.53630002      55       0      36
  377     23.08674054   -347.62470580   -681.53630002      50       0      24
  378     13.87579709   -458.61394666   -681.53630000      32       0      16
  379     46.60981717   -143.17900320   -681.53630002      23       0      15
  380     25.91521690   -312.21452218   -681.53630001      16       0      15
  381     41.65481599   -124.42964919   -681.53630002      15       0      21
  382     38.08054869    -82.43151674   -681.53630002      23       0      24
  383     47.72679601    -72.75826325   -681.53630002      28       0      22
  384     33.47665895   -192.40785085   -681.53630000      25       0      25
  385     20.85074849   -435.19570688   -681.53630001      26       0      30
  386     37.58278098   -105.22125868   -681.53630001      35       0      28
  387     34.83686979   -224.33204362   -681.53630001      33       0      36
  388     37.02628968   -226.82881379   -681.53630000      44       0      35
  389     50.11634321   -105.85568700   -681.53630000      44       0      36
  390     55.90735454    -63.58159219   -681.53630001      46       0      35
  391     51.68080448   -147.62067948   -681.53630002      47       0      47
  392     31.89571237   -208.01086573   -681.53630001      55       0      41
  393     60.04650443   -138.33787785   -681.53630002      59       0      44
  394     45.43736057    -79.97738588   -681.53630002      59       0      27
  395     30.08885534    -75.14719845   -681.53630002      52       0      18
  396     35.56473533   -147.79142795   -681.53630002      26       0      16
  397     26.14407324   -317.42920408   -681.53630002      16       0      13
  398     34.44548703   -157.00469321   -681.53630001      17       0      18
  399     33.61477265   -165.80461569   -681.53630002      19       0      25
  400     28.24923020   -168.45072914   -681.53630001      27       0      25
  401     46.45685952    -98.04296390   -681.53630001      27       0      22
  402     35.90249996   -208.38235589   -681.53630000      24       0      29
  403     39.41088519   -169.58425699   -681.53630002      28       0      23
  404     29.76799125   -357.38846851   -681.53630001      29       0      39
  405     48.86202394   -145.34532751   -681.53630002      44       0      32
  406     34.64987345   -154.47405847   -681.53630001      44       0      32
  407     50.35535730   -123.51305957   -681.53630002      38       0      38
  408     49.59474643   -140.44852564   -681.53630002      44       0      39
  409     52.09471603    -91.05438420   -681.53630001      50       0      44
  410     53.90015472   -128.73205830   -681.53630002      57       0      40
  411     40.67069266    -91.21892400   -681.53630001      54       0      42
  412     48.83506436   -128.20977634   -681.53630001      54       0      22
  413     29.29585552   -155.96142597   -681.53630000      32       0      14
  414     35.27454456   -157.41810068   -681.53630001      20       0      15
  415     24.13444761   -236.92292284   -681.53630002      20       0      17
  416     34.28638535   -210.95120428   -681.53630001      18       0      25
  417     17.46112718   -445.30837324   -681.53630001      27       0      25
  418     19.36075129   -430.50054355   -681.53630001      29       0      24
  419     32.24305182   -277.18132878   -681.53630001      26       0      23
  420     30.13416237   -218.01852623   -681.53630001      28       0      24
  421     45.41257985   -181.31839565   -681.53630000      31       0      33
  422     35.00367127   -225.83479036   -681.53630002      35       0      35
  423     45.19745889   -106.49485650   -681.53630001      47       0      33
  424     36.87076806   -206.81666904   -681.53630001      42       0      33
  425     40.88153969   -153.72174820   -681.53630001      42       0      38
  426     37.65480941   -204.32650737   -681.53630001      46       0      44
  427     44.16671283   -165.13836121   -681.53630000      53       0      43
  428     53.23675452   -123.13992365   -681.53630001      53       0      41
  429     46.89961995   -155.78968673   -681.53630002      49       0      29
  430     18.42245521   -453.48997385   -681.53629999      39       0      13
  431     31.24830476   -229.95375213   -681.53630000      21       0      19
  432     30.01241269   -271.95181673   -681.53630000      23       0      15
  433     42.52317696   -122.87185006   -681.53630002      17       0      24
  434     34.27945977   -127.74691392   -681.53630002      26       0      24
  435     38.82858167   -124.50426994   -681.53630002      29       0      27
  436     31.98956487   -170.21741836   -681.53630001      32       0      18
  437     39.00344477   -118.55473838   -681.53629999      24       0      27
  438     38.62621141   -108.69609853   -681.53630002      29       0      25
  439     64.79893258    -21.71650320   -681.53630000      26       0      37
  440     44.77064805    -64.14085629   -681.53630002      40       0      34
  441     38.96297128   -106.81768980   -681.53630002      39       0      37
  442     35.75444656   -119.96844887   -681.53630002      45       0      35
  443     51.53148590   -128.95790102   -681.53630002      48       0      41
  444     45.12081901   -186.88434791   -681.53630001      51       0      43
  445     61.55545706    -80.12432547   -681.53630002      53       0      45
  446     52.11632504    -82.09313429   -681.53630002      51       0      28
  447     26.92531117   -148.53729698   -681.53630001      42       0      18
  448     16.75849499   -479.52624172   -681.53630001      28       0      19
  449     31.22224391   -116.09000294   -681.53630001      28       0      16
  450     31.73617586   -285.16893591   -681.53630001      18       0      22
  451     33.71475667   -341.94889283   -681.53630001      25       0      23
  452     19.53236218   -450.35345496   -681.53630002      22       0      25
  453     14.62325077   -526.91884915   -681.53630002      29       0      24
  454     29.72624717   -177.41100530   -681.53630002      25       0      27
  455     39.76689445    -51.46045944   -681.53630002      29       0      21
  456     33.71930202   -197.05642167   -681.53630002      27       0      34
  457     35.24536502   -286.89893316   -681.53630001      34       0      34
  458     46.78344483    -84.37689627   -681.53630002      44       0      33
  459     57.59401338   -116.05237889   -681.53630002      41       0      39
  460     35.75801240   -267.93390126   -681.53630002      45       0      36
  461     51.67561339   -156.49949500   -681.53630002      42       0      50
  462     47.85228166   -141.91338044   -681.53630002      64       0      38
  463     36.34461490   -106.37072624   -681.53630000      47       0      32
  464     43.13465639    -25.16285477   -681.53630002      37       0      20
  465     35.36660414   -270.66454805   -681.53630001      33       0      24
  466     42.19192494   -206.99814495   -681.53630002      26       0      16
  467     23.21039598   -274.26884472   -681.53630002      22       0      23
  468     34.45709274   -264.02278973   -681.53630002      26       0      22
  469     27.18454025   -188.58515499   -681.53630002      24       0      26
  470     47.40432757   -127.98974887   -681.53630002      31       0      21
  471     48.00469609    -79.78101473   -681.53630001      28       0      27
  472     39.84042273   -140.01461805   -681.53630002      31       0      22
  473     51.54950136   -114.45956266   -681.53630001      29       0      27
  474     30.38050633   -286.79842134   -681.53630001      24       0      38
  475     38.81708383   -221.69985644   -681.53630002      42       0      33
  476     46.80447558   -103.79019166   -681.53630001      40       0      36
  477     37.33110657   -126.42816915   -681.53630000      46       0      32
  478     57.79605606    -68.18850028   -681.53630002      41       0      55
  479     37.59689383   -152.65351308   -681.53630001      64       0      34
  480     29.49170666   -248.25718441   -681.53630002      46       0      39
  481     49.01395204    -80.04149947   -681.53630002      50       0      23
  482     33.40650898   -150.63079580   -681.53630002      31       0      21
  483     33.12611532   -220.75061934   -681.53630002      24       0      18
  484     34.47452092   -113.76762698   -681.53630000      22       0      21
  485     31.83049942   -177.34327305   -681.53630000      22       0      24
  486     33.47668897   -138.71992440   -681.53630001      24       0      23
  487     27.70810641   -188.98043255   -681.53630001      28       0      23
  488     44.98668087    -49.80642611   -681.53630001      26       0      23
  489     29.02209698   -257.40125654   -681.53630001      27       0      29
  490     39.10902622    -70.50191533   -681.53629999      30       0      26
  491     39.64617175   -167.29582169   -681.53630000      27       0      32
  492     40.00311829   -118.45571199   -681.53630000      37       0      31
  493     56.85170375   -102.68971463   -681.53629999      35       0      38
  494     21.19346038   -398.03227058   -681.53630001      47       0      32
  495     41.95230200   -250.44139439   -681.53630002      41       0      48
  496     32.48151873   -334.87738750   -681.53630001      53       0      41
  497     43.04106863   -146.28743486   -681.53630002      52       0      40
  498     27.57591202   -224.71494293   -681.53630001      52       0      27
  499     22.88994879   -306.03467205   -681.53630002      38       0      21
  500     29.81437978   -234.78309710   -681.53630002      28       0      19
  501     32.73504957   -136.78139195   -681.53630002      22       0      22
  502     36.20758235   -106.99313586   -681.53630002      28       0      21
  503     35.83581131   -202.82292352   -681.53630002      26       0      23
  504     37.26782663   -201.96765778   -681.53630002      28       0      25
  505     34.37985732   -113.48845145   -681.53630002      27       0      24
  506     48.29813788   -119.72134299   -681.53630002      29       0      28
  507     33.50546171   -260.47830245   -681.53630002      36       0      24
  508     42.81331677   -168.14190438   -681.53630002      33       0      32
  509     43.18157593    -91.91515441   -681.53630002      34       0      24
  510     56.61076203   -115.28040307   -681.53630002      30       0      41
  511     28.35821340   -342.66475687   -681.53630002      47       0      35
  512     58.86855973    -88.55565768   -681.53630000      42       0      41
  513     62.80893843   -101.97106085   -681.53630000      44       0      40
  514     54.60959527    -50.16895887   -681.53630000      47       0      40
  515     42.33211697   -229.98788277   -681.53630002      51       0      38
  516     28.53963340   -239.29710354   -681.53630002      49       0      18
  517     40.01217361   -124.31654629   -681.53630001      33       0      19
  518     32.43693990    -19.47171506   -681.53630002      24       0      23
  519     28.36917596   -325.28695396   -681.53630001      26       0      20
  520     24.49872272   -325.62004266   -681.53630001      22       0      23
  521     42.89992196   -121.64892677   -681.53630001      28       0      26
  522     11.16864784   -601.89019359   -681.53630000      31       0      21
  523     40.79402180    -85.72813411   -681.53630001      21       0      27
  524     43.34364473   -123.25734801   -681.53630001      26       0      28
  525     42.12894294   -139.15598920   -681.53630001      35       0      32
  526     43.29177588   -117.17896042   -681.53630001      40       0      22
  527     41.48766467   -166.98324901   -681.53630000      25       0      39
  528     46.98134009    -89.57417047   -681.53630001      44       0      39
  529     42.48153923   -141.67438473   -681.53630001      53       0      38
  530     35.92772316   -154.45376514   -681.53630001      46       0      35
  531     64.98899352   -147.37619209   -681.53630002      49       0      40
  532     40.94358776   -283.87536527   -681.53630001      42       0      37
  533     55.28213234    -76.51824626   -681.53630001      49       0      27
  534     25.49622927   -232.17765190   -681.53630002      38       0      20
  535     25.67779050   -364.57694343   -681.53630002      27       0      23
  536     40.59878093   -188.64304308   -681.53630002      25       0      19
  537     47.66193337    -98.89116833   -681.53630001      21       0      23
  538     32.40210247   -244.05341273   -681.53630002      24       0      29
  539     30.38171467   -231.11442206   -681.53630002      32       0      22
  540     59.28760991    -41.36188889   -681.53630002      29       0      22
  541     35.46943566   -102.17969720   -681.53630002      23       0      23
  542     33.51147000   -232.95650890   -681.53630001      27       0      39
  543     27.50229582   -160.98774148   -681.53630002      39       0      20
  544     37.68836504    -83.61478612   -681.53630002      29       0      32
  545     46.18776908    -80.50770351   -681.53630002      33       0      39
  546     48.80128597   -205.90635763   -681.53630002      38       0      39
  547     26.65701206   -216.22158827   -681.53630002      47       0      36
  548     55.68486015    -89.50998408   -681.53630001      46       0      44
  549     24.65437479   -346.92953937   -681.53630001      50       0      31
  550     35.78998742   -204.92578322   -681.53630002      41       0      35
  551     20.92505856   -308.56344799   -681.53630002      45       0      23
  552     47.51499433    -93.03694245   -681.53630001      30       0      22
  553     37.93712711    -37.65115773   -681.53630001      22       0      20
  554     28.56070539   -283.00850450   -681.53630001      22       0      21
  555     24.99561219   -411.64598418   -681.53630002      23       0      25
  556     26.57821845   -184.82978996   -681.53630001      27       0      27
  557     22.27485678   -304.39824734   -681.53630002      31       0      21
  558     24.15499202   -335.20692745   -681.53630001      25       0      24
  559     32.94262956   -303.73924161   -681.53630001      25       0      33
  560     41.46230950   -102.53533899   -681.53630001      34       0      27
  561     20.44362747   -455.27150221   -681.53630001      34       0      31
  562     48.05200492    -97.71268832   -681.53630001      37       0      34
  563     44.59713298   -268.38452703   -681.53630002      42       0      38
  564     42.53534485   -203.04904476   -681.53629999      43       0      36
  565     22.34990369   -459.56822604   -681.53630001      46       0      44
  566     43.89807354    -75.72725963   -681.53630001      55       0      29
  567     49.55784085   -105.45825133   -681.53630002      43       0      39
  568     49.87085952    -43.87261192   -681.53630002      46       0      27
  569     38.02735940   -182.60276565   -681.53630001      35       0      24
  570     17.99224724   -447.72743809   -681.53630000      28       0      18
  571     35.21644706   -151.36681561   -681.53630001      22       0      21
  572     18.72216654   -421.43291363   -681.53630000      23       0      23
  573     30.81028133   -298.66286000   -681.53630001      29       0      27
  574     43.68158839   -124.12339422   -681.53630001      31       0      23
  575     39.96615473   -172.37588318   -681.53630001      28       0      24
  576     42.56569197    -83.62828432   -681.53630000      29       0      27
  577     35.79458569   -292.66837438   -681.53630002      29       0      32
  578     43.99498076   -205.26973398   -681.53630001      38       0      26
  579     33.07084884   -255.42067897   -681.53630000      36       0      36
  580     41.33113017   -149.11729502   -681.53630001      39       0      34
  581     49.88262564   -136.63894085   -681.53630000      41       0      34
  582     38.06531009   -204.34183495   -681.53630001      42       0      39
  583     47.80898594   -120.06163842   -681.53630000      43       0      42
  584     26.65095501   -305.73902686   -681.53630001      54       0      37
  585     44.14265866    -59.13599793   -681.53630002      54       0      27
  586     38.08649704    -65.04331774   -681.53630002      47       0      27
  587     37.13099310   -130.04203613   -681.53629999      36       0      18
  588     28.82454007   -245.00146001   -681.53630001      23       0      20
  589     35.47391239   -117.31859764   -681.53630001      23       0      23
  590     36.27928609   -110.03193122   -681.53629999      26       0      25
  591     34.84880060   -234.11468760   -681.53630000      26       0      25
  592     32.63041429    -22.95300383   -681.53630000      32       0      25
  593     34.40931815   -251.93991123   -681.53630001      31       0      24
  594     35.73817968   -206.80531397   -681.53630002      25       0      29
  595     30.43710877   -276.46218130   -681.53629999      32       0      29
  596     34.02668048   -172.41465902   -681.53630000      35       0      37
  597     37.87432311   -204.59453420   -681.53630001      45       0      32
  598     52.58726619    -77.16075550   -681.53630002      37       0      32
  599     50.57304746   -134.28483966   -681.53630000      38       0      37
  600     44.67965042    -50.61066037   -681.53630000      41       0      32
  601     32.56751039   -297.41898447   -681.53630002      41       0      42
  602     59.57443465    -49.95832739   -681.53630002      50       0      37
  603     48.12345087    -59.99286115   -681.53629999      51       0      28
  604     38.47207148   -132.61779365   -681.53629999      37       0      21
  605     15.31913368   -501.10242576   -681.53630001      32       0      19
  606     24.28894333   -271.50497045   -681.53630001      26       0      22
  607     38.51157072   -169.29989499   -681.53630001      24       0      23
  608     14.11478896   -550.80474297   -681.53630002      28       0      27
  609     42.64881798   -208.64277557   -681.53630000      29       0      28
  610     29.67086911   -266.50711615   -681.53630000      33       0      21
  611     35.68110787   -163.81005267   -681.53630001      26       0      27
  612     36.51728536   -183.54951204   -681.53630001      29       0      28
  613     38.83040466   -218.91840442   -681.53630002      33       0      39
  614     43.86333120   -183.67917845   -681.53630000      46       0      31
  615     25.01070363   -285.07075244   -681.53630002      38       0      30
  616     35.58148077   -144.61200533   -681.53630000      32       0      35
  617     32.98353773   -276.90263314   -681.53630000      37       0      34
  618     49.95418216     -9.05824192   -681.53630000      45       0      39
  619     48.32789515    -59.17181299   -681.53630000      47       0      37
  620     51.80917782    -71.19821578   -681.53630001      48       0      31
  621     14.48628543   -517.06515700   -681.53630000      43       0      22
  622     36.79369015   -145.01767587   -681.53630002      28       0      24
  623     30.28422774   -177.41266844   -681.53630002      28       0      18
  624     13.53326639   -584.81580867   -681.53630002      19       0      25
  625     33.20589285   -206.23336255   -681.53629999      29       0      28
  626     36.91359946   -263.35059792   -681.53630001      29       0      26
  627     32.19308585   -211.63676744   -681.53630001      29       0      25
  628     41.70419968   -178.65152260   -681.53629999      29       0      23
  629     39.29682292    -66.07171604   -681.53630000      26       0      26
  630     48.52648218   -165.76492875   -681.53629999      28       0      40
  631     52.58800580    -28.46868266   -681.53629999      44       0      33
  632     39.20869024   -175.36982334   -681.53630002      43       0      34
  633     27.11507584   -275.76691288   -681.53630002      41       0      23
  634     32.07047259   -300.69697399   -681.53630002      30       0      39
  635     43.95366263   -147.03348443   -681.53630001      42       0      33
  636     49.17580151   -153.24043017   -681.53630001      38       0      38
  637     42.42206301   -250.64726116   -681.53630000      45       0      36
  638     19.91575366   -366.49658422   -681.53630001      40       0      27
  639     58.68708858    -43.28124226   -681.53630001      37       0      24
  640     34.03854455   -211.96644262   -681.53630002      32       0      18
  641     38.44751155   -222.86067050   -681.53630002      24       0      26
  642     30.83584877   -300.89715768   -681.53630002      26       0      24
  643     32.49220601   -213.34193146   -681.53630001      30       0      27
  644     18.81373264   -426.60505314   -681.53630002      30       0      27
  645     28.96222469   -147.43121520   -681.53630001      32       0      23
  646     30.18323759   -184.99679000   -681.53630002      27       0      25
  647     31.06718087   -167.04164306   -681.53630002      27       0      33
  648     45.16590097   -129.86815734   -681.53630001      36       0      35
  649     45.52477465   -147.22526874   -681.53630002      42       0      35
  650     44.67449449    -40.74757572   -681.53630002      39       0      27
  651     52.34815911   -123.43405305   -681.53630002      36       0      36
  652     53.71627605    -10.39861350   -681.53630001      38       0      32
  653     39.90211678   -207.48409955   -681.53630002      43       0      38
  654     25.82116467   -328.79868230   -681.53630001      44       0      36
  655     34.63547235   -199.67459537   -681.53630002      52       0      27
  656     37.77497713   -171.15737079   -681.53630001      37       0      25
  657     47.42742887    -68.15585715   -681.53629996      29       0      24
  658     35.04452781   -203.01222685   -681.53629996      29       0      21
  659     33.24024327   -292.69939655   -681.53630000      25       0      25
  660     36.81819196   -158.27044328   -681.53630002      27       0      27
  661     49.71127941    -87.82408553   -681.53630001      27       0      26
  662     25.43349202   -226.14125038   -681.53630002      30       0      25
  663     34.18607509   -206.50013254   -681.53630002      27       0      26
  664     55.95687086    -77.98305595   -681.53630002      30       0      29
  665     28.20892903   -143.10663650   -681.53630000      33       0      34
  666     34.70693104   -134.00986941   -681.53630001      40       0      35
  667     33.82026975    -99.88030329   -681.53630002      39       0      31
  668     32.00678106   -184.88324232   -681.53630001      39       0      27
  669     45.30492311   -166.69524245   -681.53629999      34       0      37
  670     25.88073984   -328.35232169   -681.53630000      43       0      29
  671     43.22049727    -96.52565146   -681.53630000      35       0      42
  672     31.22704897   -122.64878139   -681.53630000      50       0      33
  673     39.64470805   -138.92079097   -681.53630002      41       0      26
  674     16.65215677   -526.70856465   -681.53630001      34       0      25
  675     33.00401982   -301.61268621   -681.53630001      28       0      21
  676     55.21171886    -83.92483464   -681.53629999      26       0      26
  677     22.19611358   -431.57515671   -681.53629999      29       0      24
  678     43.49058508   -105.07346411   -681.53629999      25       0      29
  679     17.84405046   -410.37714295   -681.53629999      33       0      22
  680     39.45333786    -57.62987401   -681.53629999      27       0      25
  681     14.60992559   -566.93813384   -681.53630002      26       0      28
  682     40.51464161   -100.13799763   -681.53630001      29       0      34
  683     41.06368881   -187.22527826   -681.53629998      34       0      33
  684     51.18885217   -146.06438105   -681.53630001      45       0      35
  685     25.89667764   -224.97354300   -681.53629999      45       0      22
  686     34.61011773   -141.18802850   -681.53630001      28       0      40
  687     35.51257325   -235.89549682   -681.53629999      43       0      28
  688     60.11410406      5.92187849   -681.53630000      32       0      41
  689     67.69762999    -24.53821148   -681.53630002      48       0      34
  690     35.32802027   -198.40389704   -681.53630000      44       0      31
  691     30.23501922    -89.64428276   -681.53630001      39       0      22
  692     35.04540771   -211.18508187   -681.53630002      28       0      23
  693     48.59234197    -87.99890980   -681.53630001      26       0      27
  694     39.08569851   -192.52024265   -681.53630001      30       0      23
  695     16.21806374   -495.48899479   -681.53630001      28       0      27
  696     29.57870460   -246.29741238   -681.53630001      29       0      25
  697     34.10494514   -195.27716864   -681.53629999      32       0      24
  698     39.07895933   -228.68521289   -681.53630001      29       0      25
  699     50.67795454    -93.98290969   -681.53630001      28       0      33
  700     35.91029918   -227.20739971   -681.53630001      33       0      31
  701     43.35295687   -208.50527690   -681.53630000      34       0      41
  702     29.96917065   -231.64384065   -681.53630001      44       0      22
  703     53.78776434    -73.66889149   -681.53630001      30       0      37
  704     34.28509472   -222.53744027   -681.53630001      37       0      26
  705     51.31687002   -134.66825779   -681.53630000      35       0      39
  706     41.51804802    -82.59155433   -681.53630001      43       0      39
  707     49.93503780   -127.03278447   -681.53630000      45       0      29
  708     37.72811055    -94.65130378   -681.53630001      37       0      27
  709     37.76174881   -200.83462880   -681.53629996      35       0      21
  710     37.65077255   -160.57397994   -681.53630000      25       0      26
  711     43.32971136    -88.06019436   -681.53630001      28       0      25
  712     42.67995408   -114.85320201   -681.53630000      27       0      24
  713     26.59398360   -244.13996118   -681.53629996      30       0      27
  714     53.58763447   -102.05068089   -681.53630000      32       0      25
  715     39.80421269   -217.38750474   -681.53630001      27       0      27
  716     25.39309795   -260.03994214   -681.53630001      31       0      32
  717     31.21690121   -256.11485137   -681.53630000      34       0      27
  718     36.07480430   -195.95009067   -681.53630000      33       0      42
  719     42.94194094    -75.00574473   -681.53629999      43       0      24
  720     51.23331923    -89.83173899   -681.53630001      36       0      31
  721     34.86149791   -308.31309739   -681.53630001      35       0      32
  722     51.02082793    -82.92910555   -681.53630001      42       0      36
  723     50.73905360   -109.84597274   -681.53630001      45       0      38
  724     28.17607081   -286.06892780   -681.53629996      44       0      29
  725     42.72357075   -120.68320247   -681.53630001      40       0      28
  726     33.13975871   -291.75494373   -681.53630001      35       0      25
  727     41.01051150   -163.18372907   -681.53629999      30       0      25
  728     38.76854164    -83.24916891   -681.53629999      29       0      24
  729     31.02410002   -242.47026305   -681.53629996      27       0      24
  730     37.20857001   -125.68634787   -681.53630001      26       0      28
  731     51.66113175    -88.93379961   -681.53630001      33       0      24
  732     46.72479507   -123.41953001   -681.53630000      29       0      28
  733     39.55940520   -187.83876134   -681.53629996      31       0      30
  734     23.08797532   -333.55743950   -681.53629996      35       0      30
  735     31.21054335   -100.16276737   -681.53630001      34       0      33
  736     32.80052086   -193.42088522   -681.53630001      41       0      29
  737     38.00016484   -154.32985729   -681.53630002      40       0      28
  738     54.26691598   -100.01617629   -681.53629999      37       0      32
  739     52.61701888   -110.22804846   -681.53630002      40       0      39
  740     45.60508718    -77.69620043   -681.53630001      48       0      32
  741     36.55859699   -230.23108941   -681.53630001      44       0      36
  742     40.66655550   -151.19410743   -681.53629999      43       0      27
  743     15.19849832   -550.94952082   -681.53629998      34       0      28
  744     27.70658437   -316.02098045   -681.53630002      31       0      25
  745     32.04703131   -262.19297445   -681.53630002      29       0      25
  746     33.33659961   -245.05551218   -681.53629999      28       0      22
  747     44.59059968    -97.01175249   -681.53629999      24       0      26
  748     35.38698697    -87.93260342   -681.53629999      26       0      28
  749     40.47354269   -181.95858703   -681.53629998      36       0      25
  750     31.26893539   -276.28780389   -681.53630002      29       0      28
  751     36.11450512   -252.14433579   -681.53629998      32       0      30
  752     45.87895756   -210.51180475   -681.53630001      36       0      30
  753     33.66349939   -371.67950479   -681.53630002      37       0      30
  754     46.57390705    -39.71305848   -681.53629997      34       0      29
  755     46.76688452   -126.72720864   -681.53629997      38       0      30
  756     55.04640422    -82.22150634   -681.53630001      33       0      38
  757     31.64492091   -180.77809872   -681.53630002      41       0      35
  758     22.19264460   -425.17137041   -681.53630002      47       0      38
  759     37.60798837   -199.05568307   -681.53630002      50       0      31
  760     26.69852201   -265.28809299   -681.53630000      42       0      26
  761     28.47809475   -274.23973051   -681.53629997      34       0      25
  762     19.69375335   -353.15126167   -681.53630001      31       0      26
  763     40.91933161   -139.89599545   -681.53630000      31       0      22
  764     14.25629200   -562.06735937   -681.53630000      23       0      22
  765     34.33063199   -118.75796885   -681.53630002      26       0      33
  766     35.23321517    -64.32308415   -681.53630000      35       0      24
  767     35.58131847   -220.78171773   -681.53630000      27       0      25
  768     45.46434640   -127.90094034   -681.53630000      30       0      29
  769     40.73685205   -202.53871096   -681.53629999      32       0      34
  770     27.19848442   -199.23457921   -681.53630000      37       0      24
  771     29.13522551   -346.57992488   -681.53630000      34       0      34
  772     46.38220066    -77.84285063   -681.53630002      38       0      29
  773     21.21990439   -400.05696533   -681.53630002      33       0      34
  774     40.45957129   -158.80112976   -681.53630000      42       0      28
  775     49.92700432   -163.22681303   -681.53630002      32       0      45
  776     55.48832667   -155.52585630   -681.53630002      47       0      33
  777     42.01170195   -156.42762186   -681.53630000      45       0      28
  778     36.86199561   -159.91454366   -681.53629997      38       0      25
  779     50.85907791   -135.00118093   -681.53630002      28       0      30
  780     25.79688227   -307.28857447   -681.53630002      36       0      18
  781     40.42632398   -224.96866971   -681.53630002      24       0      26
  782     41.10169891   -154.36596342   -681.53630000      29       0      29
  783     46.00011539   -138.17623416   -681.53629997      33       0      24
  784     26.24166893   -375.89855362   -681.53630002      28       0      27
  785     33.20836050    -75.55930828   -681.53629997      29       0      25
  786     48.41209037    -66.07395783   -681.53630002      29       0      34
  787     56.63841476    -53.61435541   -681.53630002      40       0      28
  788     34.31341519   -187.91935624   -681.53630001      32       0      33
  789     33.30021715   -258.00938950   -681.53630002      39       0      26
  790     42.56834665   -133.73516841   -681.53630002      33       0      37
  791     37.39608672    -75.22830905   -681.53630001      40       0      29
  792     35.01095287   -215.51518085   -681.53630000      38       0      36
  793     36.64167394    -67.31290793   -681.53630001      43       0      37
  794     40.52003445   -142.86923576   -681.53630002      45       0      30
  795     30.50385059   -277.55571751   -681.53629998      33       0      27
  796     42.48076352   -122.70730266   -681.53630001      34       0      29
  797     34.29564980   -251.74669904   -681.53630002      33       0      20
  798     39.22602825   -117.72505977   -681.53630002      26       0      25
  799     36.83219177   -185.70471754   -681.53630002      29       0      29
  800     43.34677903   -105.44790720   -681.53630002      28       0      26
  801     27.53569032   -247.19291770   -681.53630002      32       0      24
  802     47.00201214    -22.03308992   -681.53630002      28       0      25
  803     41.26256828   -225.80202947   -681.53630002      25       0      32
  804     48.79964846    -50.01031061   -681.53630002      32       0      31
  805     39.84137767   -131.77359104   -681.53630001      35       0      30
  806     44.26088454    -49.01188032   -681.53630002      35       0      30
  807     43.23037545    -54.51258831   -681.53630000      33       0      30
  808     52.92031442   -165.70130558   -681.53630001      33       0      32
  809     37.50857042   -107.12519398   -681.53629988      34       0      34
  810     40.23078424   -271.74540649   -681.53629988      41       0      43
  811     41.89769857   -107.91101153   -681.53630001      47       0      28
  812     39.16381577   -210.37106212   -681.53630001      45       0      27
  813     41.06062790   -206.52689309   -681.53630001      33       0      29
  814     15.19891665   -512.69130188   -681.53630001      38       0      22
  815     27.25367216   -183.10221932   -681.53630001      27       0      28
  816     53.96333291    -46.67773587   -681.53630002      30       0      24
  817     28.73412734   -225.44302314   -681.53630000      24       0      27
  818     42.98596151    -51.48687035   -681.53630001      29       0      28
  819     29.82033793   -264.32049469   -681.53630000      33       0      24
  820     49.96075251   -122.17169103   -681.53630000      27       0      29
  821     42.03662666   -112.22320989   -681.53630001      33       0      30
  822     44.07487914   -224.99849486   -681.53630001      34       0      33
  823     39.27857988   -178.65090491   -681.53630001      36       0      29
  824     57.37005373     14.24251070   -681.53630001      36       0      29
  825     41.00172660    -87.05788034   -681.53630001      32       0      30
  826     61.22083311    -71.84969440   -681.53630002      36       0      34
  827     45.57916530    -69.24679292   -681.53630001      36       0      32
  828     52.92873936   -140.20156037   -681.53630002      38       0      41
  829     45.10632272    -59.29897975   -681.53629999      49       0      23
  830     56.78918763   -177.94479269   -681.53629998      41       0      32
  831     17.16966304   -494.61359078   -681.53629998      38       0      25
  832     42.06060396   -133.94498532   -681.53629998      29       0      30
  833     40.24530328    -90.90428913   -681.53630000      32       0      21
  834     35.62308405   -174.27131380   -681.53630000      28       0      25
  835     46.53009725   -191.62380629   -681.53630002      25       0      30
  836     29.34852320   -164.58433378   -681.53630001      31       0      23
  837     41.23584286   -141.34029044   -681.53630001      31       0      29
  838     35.96760103   -266.25650200   -681.53629999      32       0      31
  839     34.83816317   -175.58485507   -681.53630000      34       0      30
  840     22.45813552   -349.83076923   -681.53629999      38       0      31
  841     24.34542917   -346.44711713   -681.53630000      39       0      27
  842     55.79822020   -137.18994914   -681.53630000      33       0      33
  843     41.71642786   -184.35824778   -681.53629999      37       0      31
  844     44.63393933   -161.87889433   -681.53629991      41       0      27
  845     44.65818051   -192.03346990   -681.53629991      37       0      38
  846     38.32484657   -204.12370182   -681.53630000      41       0      29
  847     37.67586494   -171.55289968   -681.53629999      36       0      38
  848     29.87754915   -150.64061703   -681.53629999      46       0      23
  849     50.37135822   -115.77515607   -681.53629999      31       0      30
  850     34.32925532   -211.12560358   -681.53630001      31       0      25
  851     37.01336767   -223.33336403   -681.53630000      33       0      22
  852     37.69976146   -197.93118870   -681.53629993      24       0      27
  853     32.64337532   -161.51871857   -681.53629999      27       0      26
  854     42.49188821   -101.89048323   -681.53629999      30       0      29
  855     33.71830877    -74.10870509   -681.53630000      36       0      26
  856     29.01370473   -219.06775739   -681.53629998      31       0      30
  857     45.99065584    -77.19621882   -681.53629999      34       0      33
  858     24.79822004   -232.68696756   -681.53630001      34       0      27
  859     49.50807419    -44.23921851   -681.53629993      34       0      28
  860     18.48652871   -461.34319324   -681.53630002      32       0      34
  861     32.56537830    -74.04193936   -681.53630001      36       0      32
  862     30.60011896   -266.43702439   -681.53630001      37       0      32
  863     47.48058288   -149.29284834   -681.53630002      37       0      32
  864     53.92570534   -103.67358894   -681.53630000      43       0      37
  865     38.40406051   -187.65630875   -681.53630001      48       0      27
  866     33.94355023   -245.57700310   -681.53630001      38       0      27
  867     43.03533270   -143.63037380   -681.53629998      32       0      29
  868     23.28392324   -254.43406562   -681.53629998      37       0      23
  869     30.62526593   -164.79119418   -681.53630000      33       0      22
  870     34.75390856   -132.67515045   -681.53630000      27       0      26
  871     31.61533897   -363.84100487   -681.53630001      26       0      31
  872     35.57593744   -194.98018999   -681.53629998      38       0      27
  873     49.11919187    -54.52578050   -681.53630000      33       0      30
  874     46.90252197    -84.23499230   -681.53630000      33       0      30
  875     33.43162506   -172.20132034   -681.53630000      40       0      29
  876     40.63433193     14.81120823   -681.53630000      34       0      29
  877     38.71530531   -182.16329919   -681.53630000      37       0      32
  878     43.37495111   -152.98074798   -681.53630000      48       0      31
  879     31.97812795   -264.95101547   -681.53629998      37       0      27
  880     42.99644946   -135.44483207   -681.53630000      34       0      33
  881     57.95688244   -146.18305065   -681.53629998      39       0      36
  882     51.39742198   -132.45431681   -681.53630001      43       0      34
  883     20.50009286   -337.84139653   -681.53629998      42       0      22
  884     49.20442799    -89.65713558   -681.53629996      25       0      30
  885     26.01446768   -299.65560456   -681.53630002      32       0      26
  886     32.08792119   -356.84350680   -681.53630000      35       0      27
  887     44.03174106   -158.88937077   -681.53630000      30       0      19
  888     45.35657895    -83.38639166   -681.53630002      29       0      32
  889     45.30446175    -95.38780932   -681.53629996      36       0      28
  890     50.29380304   -117.70837067   -681.53630000      35       0      27
  891     45.12029639   -205.10931060   -681.53629997      31       0      28
  892     42.96459849   -124.46424751   -681.53630000      33       0      30
  893     13.45428122   -584.82891457   -681.53630000      34       0      24
  894     33.37479245   -275.19057940   -681.53630002      29       0      40
  895     18.53620722   -466.54672839   -681.53629998      41       0      32
  896     19.90605474   -404.08836938   -681.53629999      40       0      26
  897     40.13670165   -136.60107360   -681.53630002      37       0      30
  898     47.49515606   -122.22704720   -681.53629999      37       0      41
  899     46.48882671    -86.31810103   -681.53630000      45       0      33
  900     32.57190176   -227.12302284   -681.53629999      45       0      26
  901     25.79425610   -311.17748353   -681.53630001      32       0      22
  902     55.34895757   -116.11909453   -681.53629999      27       0      30
  903     37.26734208   -210.42538028   -681.53629999      34       0      24
  904     27.16548601   -336.87988854   -681.53630001      30       0      24
  905     34.56146483   -154.78503069   -681.53629997      25       0      28
  906     28.57723795   -169.32204179   -681.53629997      30       0      31
  907     30.22013497   -223.86528608   -681.53630001      36       0      25
  908     25.44912445   -253.89366646   -681.53630001      35       0      30
  909     61.11613439    -84.82686555   -681.53629999      35       0      29
  910     30.79941538   -236.21848294   -681.53630001      35       0      27
  911     38.70955122   -173.77422661   -681.53630000      30       0      32
  912     44.07754437   -167.12236349   -681.53630002      39       0      33
  913     31.41208437   -188.69327158   -681.53630001      46       0      27
  914     41.20439245   -217.96118780   -681.53630001      32       0      33
  915     41.72713610   -154.82371822   -681.53630000      37       0      38
  916     37.70787463   -265.47592025   -681.53630000      47       0      33
  917     42.87892667   -167.81252898   -681.53630002      43       0      31
  918     29.05699115   -154.15537547   -681.53630001      40       0      21
  919     35.83459383   -118.95825394   -681.53630001      25       0      28
  920     31.07184072   -302.52689743   -681.53630001      31       0      28
  921     39.77386566   -191.65925412   -681.53630000      29       0      23
  922     52.34426007   -112.79272739   -681.53630001      32       0      24
  923     33.66701407   -181.01376633   -681.53630000      27       0      31
  924     40.52957531   -153.89567655   -681.53630000      31       0      27
  925     32.85533830    -88.04457491   -681.53629999      33       0      29
  926     41.58634629   -105.63025746   -681.53630002      36       0      30
  927     33.81590333    -75.11373983   -681.53630001      33       0      26
  928     38.03052034   -335.68583422   -681.53630001      32       0      25
  929     48.33248193   -111.93569937   -681.53630002      31       0      41
  930     41.38401250    -56.45238557   -681.53630001      43       0      28
  931     16.14506600   -504.14734650   -681.53629999      42       0      29
  932     37.87456041   -105.76952107   -681.53630001      32       0      34
  933     57.35328733   -120.28305902   -681.53630002      39       0      38
  934     40.32536050   -197.22985986   -681.53630001      46       0      33
  935     35.61929576    -44.85283706   -681.53630000      38       0      24
  936     49.37465315    -57.07176930   -681.53630001      32       0      30
  937     32.84920356   -199.69221796   -681.53630002      37       0      19
  938     34.78047603   -204.89453518   -681.53630001      24       0      29
  939     31.36824511   -238.15180636   -681.53630001      34       0      26
  940     41.03336252   -162.76126505   -681.53630001      31       0      25
  941     45.31464773   -170.43406205   -681.53630000      29       0      27
  942     35.15942052   -230.10323005   -681.53630002      31       0      35
  943     38.83157828    -86.95757772   -681.53630001      37       0      25
  944     37.20351501   -124.62079010   -681.53630000      33       0      26
  945     42.92763157   -159.07715394   -681.53630002      31       0      27
  946     41.80109532    -81.33620718   -681.53630002      34       0      33
  947     34.89401692   -237.12516713   -681.53630002      36       0      37
  948     47.59766852   -129.02475668   -681.53630002      45       0      27
  949     46.41349500   -212.84131570   -681.53630002      35       0      29
  950     48.37199709   -169.52251702   -681.53630002      37       0      41
  951     31.46137956   -239.87781174   -681.53630000      47       0      35
  952     32.29429052   -214.16804516   -681.53630002      44       0      19
  953     37.49407998    -52.02888390   -681.53630001      29       0      37
  954     12.45862140   -553.01237939   -681.53630002      40       0      18
  955     48.53741496   -139.70376449   -681.53630002      23       0      28
  956     43.21611607    -85.98194445   -681.53630002      32       0      27
  957     22.37156736   -359.26269245   -681.53630001      38       0      24
  958     54.54747838    -96.97814501   -681.53630002      31       0      30
  959     31.95436546   -293.12086140   -681.53630001      39       0      31
  960     34.83429025   -264.02064266   -681.53630002      36       0      26
  961     24.04590082   -221.07467893   -681.53630002      37       0      23
  962     45.50299711   -189.24284917   -681.53630002      28       0      30
  963     37.19244748   -153.20149057   -681.53630001      35       0      30
  964     29.86834465   -282.65983591   -681.53630002      37       0      38
  965     30.72186754   -238.76315074   -681.53630002      39       0      26
  966     37.92096825   -167.24247299   -681.53630002      34       0      32
  967     40.87458936   -193.84760930   -681.53630001      38       0      36
  968     39.90706262   -191.54072643   -681.53630001      40       0      36
  969     30.91706750   -201.65349108   -681.53630001      45       0      25
  970     31.45798062   -231.46992403   -681.53630002      33       0      33
  971     41.79697925   -148.62244915   -681.53630001      35       0      20
  972     36.14907878   -158.54549442   -681.53630002      26       0      23
  973     48.82071514    -76.12243121   -681.53630002      25       0      31
  974     41.74216484   -187.25278723   -681.53630001      32       0      23
  975     35.14859330   -223.49331358   -681.53630000      28       0      28
  976     22.55448820   -426.91170424   -681.53630001      30       0      31
  977     44.94513456   -225.85667060   -681.53630001      34       0      31
  978     40.43890431   -100.40164263   -681.53630002      40       0      22
  979     29.47022501   -150.14023061   -681.53630002      26       0      29
  980     31.78486356   -235.34541302   -681.53630002      32       0      32
  981     50.04682399   -117.14474587   -681.53630002      39       0      36
  982     21.33437127   -467.39723025   -681.53630002      45       0      26
  983     33.91058027   -182.39388303   -681.53630001      34       0      33
  984     42.71456662   -248.79452758   -681.53630001      39       0      32
  985     49.71224875    -63.51558239   -681.53630002      37       0      37
  986     36.82275229   -179.95179522   -681.53629999      45       0      32
  987     46.12560534   -199.72614462   -681.53630001      40       0      29
  988     26.57734192   -344.33919298   -681.53630001      34       0      23
  989     35.02538940   -201.92412945   -681.53630001      30       0      23
  990     41.35834604   -217.16621810   -681.53630001      27       0      28
  991     20.10424162   -441.79017511   -681.53630002      33       0      26
  992     40.47164567    -66.02358993   -681.53630001      32       0      26
  993     47.79097226   -121.95972358   -681.53629999      28       0      28
  994     30.71447628   -194.24389722   -681.53630000      32       0      32
  995     30.36228659   -291.36743410   -681.53630001      43       0      25
  996     29.04590028   -255.11486006   -681.53630002      36       0      27
  997     42.81195937   -201.56594693   -681.53630000      31       0      27
  998     53.07508934    -79.96028165   -681.53630001      30       0      38
  999     34.18273794   -129.77560731   -681.53629999      38       0      27
 1000     32.43228160   -158.45864894   -681.53630002      34       0      35
----------------------------------------------------------------------------------
Artificial Bee Colony Optimization Finished!

 -- Results Report --
 * 100 LMs will be saved in [ k_12_waters-LM ].
      #          Energy
      0   -681.53630001
      1   -680.46181925
      2   -680.40065330
      3   -680.33299478
      4   -680.24271664
      5   -679.91353009
      6   -679.86071095
      7   -679.30395337
      8   -678.92678277
      9   -678.85640680
     10   -678.82403761
     11   -678.64872195
     12   -678.56451547
     13   -678.46914109
     14   -678.41495077
     15   -678.39892809
     16   -678.38904598
     17   -678.21763507
     18   -677.80598379
     19   -677.25979382
     20   -677.02844278
     21   -676.86666748
     22   -676.27772617
     23   -676.25596186
     24   -676.24656064
     25   -676.19696368
     26   -676.02758483
     27   -675.97047736
     28   -675.88842999
     29   -675.87553616
     30   -675.86162730
     31   -675.74913534
     32   -675.74617476
     33   -675.72994298
     34   -675.62975827
     35   -675.61320768
     36   -675.60762214
     37   -675.45510178
     38   -675.45061304
     39   -675.42261963
     40   -675.31869763
     41   -675.30050600
     42   -675.25593228
     43   -675.24048342
     44   -675.22869117
     45   -675.21745728
     46   -675.19447852
     47   -675.17757062
     48   -675.16321093
     49   -675.16258423
     50   -675.06793962
     51   -675.04467244
     52   -675.01666113
     53   -674.94565856
     54   -674.86293440
     55   -674.82254228
     56   -674.81810490
     57   -674.70069447
     58   -674.68768937
     59   -674.59807315
     60   -674.55075649
     61   -674.53541629
     62   -674.51844872
     63   -674.48012643
     64   -674.47531577
     65   -674.46822312
     66   -674.45381157
     67   -674.39817957
     68   -674.36268418
     69   -674.25237598
     70   -674.22308902
     71   -674.19960120
     72   -674.19434582
     73   -674.17545894
     74   -674.15491133
     75   -674.14889301
     76   -674.12352665
     77   -674.11696203
     78   -674.10287139
     79   -674.06917527
     80   -674.06853725
     81   -674.04562676
     82   -674.04302512
     83   -674.03400901
     84   -673.96501233
     85   -673.91987555
     86   -673.91069877
     87   -673.82363851
     88   -673.73422957
     89   -673.71535499
     90   -673.70583231
     91   -673.68158728
     92   -673.66544953
     93   -673.56977416
     94   -673.56616901
     95   -673.44894700
     96   -673.39187696
     97   -673.38937046
     98   -673.37150137
     99   -673.33066020

 * Final Global Minimal Energy:   -681.53630002
 * The Global Minimum is saved as: [ k_12_waters-OPT.(cluster/xyz/gjf) ]

===== (^ _ ^) =====
Normal termination at Fri Sep 14 18:23:30 2018.
Total run time: 11338 seconds = 0 days 3 hours 8 minutes 58 seconds.
