    * * * * * * * * * * * * * * * * * * * * *
    *       __    ____    ______            *
    *      /  \  |  _ \  |  ___/  luster !  *
     *    / _  \ | |_| | | |               *
     *   / /_\ | |  _ <  | |     < @  @ >  * 
     *  / ___  | | |_| | | |___ _ _  o     * 
    *  /_/   |_| |____/  |_____ _ __ __  _  *
    *                                       *
    * * * * * * * * * * * * * * * * * * * * *

ABCluster 1.5.1
Specific flag:  official version
Platform:       LINUX/UNIX
Compiled by:    junzhang@gellmann.scs.illinois.edu
Compiling date: Dec 18 2017 20:33:35
C++ compiler:   g++
C++ options:    -O3 -Os -fno-exceptions --std=c++0x -fopenmp 

Contributors:
Jun Zhang(University of Cologne): Design and coding.

For any suggestions, comments, and questions on the theory and
implementation of ABCluster, please feel free to contact:

Dr. Jun Zhang, ZhangJunQcc@gmail.com

If you used this program in your work, please cite this reference:

[1] Zhang, J.; Dolg, M.; ABCluster: The Artificial Bee Colony Algorithm for
    Cluster Global Optimization. Phys. Chem. Chem. Phys. 2015, 17, 24173-24181.
[2] Zhang, J.; Dolg, M.; Global Optimization of Clusters of Rigid Molecules by the
    Artificial Bee Colony Algorithm. Phys. Chem. Chem. Phys. 2016, 18, 3003-3010.

Program starts at Wed Nov 13 11:47:43 2019.
Command line: " /ihome/jkeith/amm503/codes/ABCluster/rigidmol-optimizer na-3wat-2acn.inp "
Process ID:   79483
Run by:       amm503@smp-n61.crc.pitt.edu
Available CPU cores:    24
Read "OMP_NUM_THREADS": Unset

Random number testing (integers): 328005164...273728804
Random number testing (fractals): 0.16839054...0.82413092

 -- Input/Output Parameters --
Input file name:      na-3wat-2acn.inp
Cluster file name:    na-3wat-2acn.cluster
Result file name:     lm-na-3wat-2acn.(cluster/xyz/gjf)
Temporary file name:  abclusteramm503smp-n61.crc.pitt.edu79483-OPT
# of saved LMs:       100
LMs are stored in:    lm-na-3wat-2acn-LM

 -- ABC Control Parameters --
Population size:                  500
Maximal generation:              1000
Scout limit:                       15
Amplitude:                22.00000000

 -- Cluster Components: from [ na-3wat-2acn.cluster ] --
 -----------------------------------------------------------
   Source                                       #   Charge
 -----------------------------------------------------------
   charmm36/na.xyz                              1    1.000
   charmm36/tip4p.xyz                           3    0.000
   charmm36/ch3cn.xyz                           2   -0.000
 -----------------------------------------------------------
   Dimension: 0, an isolate cluster.
 -----------------------------------------------------------

Artificial Bee Colony Optimization Starts!
----------------------------------------------------------------------------------
 * Population: 500; Maximal cycles: 1000
 * EM = Employed Bee; Trigonometric mutation
 * OL = Onlooker Bee; ABC/best/2(0.5)+ABC/current/2(0.5);
        Tournament selection from 5 nectars.
 * SC = Scout Bee; Random nectar; Limit = 15
----------------------------------------------------------------------------------
    #       Diversity            maxE            minE    byEM    byOL    bySC
----------------------------------------------------------------------------------
    1     32.58897896   -105.43028007   -393.10116527     304      18       0
    2     10.09441414   -182.58411241   -393.10116527     219      36       0
    3      2.09725260   -382.72489675   -393.10116528     133      20       0
    4      1.02015888   -382.72489662   -393.10116528      94       7       0
    5      0.60535114   -382.72489662   -393.10116506      94       4       0
    6      0.29012453   -390.46494504   -393.10116527      74       1       0
    7      0.23209188   -390.46494504   -393.10116526      60       0       0
    8      0.13630123   -392.53973341   -393.10116526      53       0       0
    9      0.07524830   -392.53973341   -393.10116527      34       0       0
   10      0.03240465   -392.53973305   -393.10116525      13       0       0
   11      0.02774931   -392.53973305   -393.10116528       2       0       0
   12      0.01191935   -392.83437348   -393.10116528       1       0       0
   13      0.00000002   -393.10116528   -393.10116528       1       0       0
   14      0.00000002   -393.10116528   -393.10116528       0       0       0
   15      0.00000002   -393.10116528   -393.10116528       0       0       0
   16      0.00000002   -393.10116528   -393.10116528       0       0       0
   17     14.90071721   -145.36592721   -393.10116527       0       0      14
   18     41.11784446    -29.73010992   -393.10116523      13       0      74
   19     74.80696822     -8.43257042   -393.10116527      64       0     207
   20     58.21067529    -36.15505325   -393.10116524     162       0     144
   21     32.05523102    -18.75051572   -393.10116527     187       2      57
   22     11.30251061   -160.85666457   -393.10116528     159       0       4
   23      0.75525225   -382.72489663   -393.10116527      97       0       0
   24      0.48070748   -382.72489663   -393.10116526      91       0       0
   25      0.05706676   -392.53973345   -393.10116521      38       0       0
   26      0.00000002   -393.10116526   -393.10116526       6       0       0
   27      0.00000002   -393.10116526   -393.10116526       0       0       0
   28      0.00000002   -393.10116526   -393.10116526       0       0       0
   29      0.00000002   -393.10116526   -393.10116526       0       0       0
   30      0.00000002   -393.10116526   -393.10116526       0       0       0
   31      0.00000002   -393.10116526   -393.10116526       0       0       0
   32      0.00000002   -393.10116526   -393.10116526       0       0       0
   33      0.00000002   -393.10116526   -393.10116526       0       0       0
   34     10.63124088   -187.69354204   -393.10116526       0       0      12
   35     34.31486587     -6.57990318   -393.10116526      12       0      63
   36     47.52473445    -43.10074420   -393.10116520      55       0     100
   37     67.25933965     -6.67500638   -393.10116527      94       0     142
   38     53.83078565     -5.33378966   -393.10116525     144       0     125
   39     37.65158606    -20.95684393   -393.10116527     152       1      50
   40      9.63315982   -185.23923550   -393.10116525     141       0       8
   41      0.48712951   -382.72489672   -393.10116525      74       0       0
   42      0.00000002   -393.10116526   -393.10116525      12       0       0
   43      0.00000002   -393.10116526   -393.10116525       0       0       0
   44      0.00000002   -393.10116526   -393.10116525       0       0       0
   45      0.00000002   -393.10116526   -393.10116525       0       0       0
   46      0.00000002   -393.10116526   -393.10116525       0       0       0
   47      0.00000002   -393.10116526   -393.10116525       0       0       0
   48      0.00000002   -393.10116526   -393.10116525       0       0       0
   49      0.00000002   -393.10116526   -393.10116525       0       0       0
   50      0.00000002   -393.10116526   -393.10116525       0       0       0
   51     24.01626839    -68.58000003   -393.10116527       0       0      14
   52     38.61579135     14.70898613   -393.10116528      13       0      53
   53     41.95680466    -23.58797360   -393.10116524      48       0      80
   54     58.55122033    -19.31257763   -393.10116526      75       0     120
   55     56.56648730    -48.46654592   -393.10116524     122       0     105
   56     44.12843527    -11.93310249   -393.10116528     123       0      92
   57     29.16580767    -69.63129617   -393.10116526     134       0      33
   58      2.67795959   -358.86614329   -393.10116524      74       0       3
   59      0.03543699   -392.53973341   -393.10116525      33       0       0
   60      0.00000002   -393.10116523   -393.10116525       2       0       0
   61      0.00000002   -393.10116523   -393.10116525       0       0       0
   62      0.00000002   -393.10116523   -393.10116525       0       0       0
   63      0.00000002   -393.10116523   -393.10116525       0       0       0
   64      0.00000002   -393.10116523   -393.10116525       0       0       0
   65      0.00000002   -393.10116523   -393.10116525       0       0       0
   66      0.00000002   -393.10116523   -393.10116525       0       0       0
   67      0.00000002   -393.10116523   -393.10116525       0       0       0
   68     24.77614030     -3.45383126   -393.10116527       0       0      17
   69     37.08152747    -50.67170102   -393.10116527      17       0      43
   70     42.18604316    -44.83918608   -393.10116527      41       0      74
   71     43.94704314    -22.60376596   -393.10116525      72       0      97
   72     44.17930827    -72.40075818   -393.10116522      94       0     103
   73     54.42439562    -24.04976917   -393.10116526     106       0     106
   74     34.12419196    -59.19199006   -393.10116528     129       0      49
   75      6.89221924   -257.81805885   -393.10116528      90       0      10
   76      0.10000016   -391.93092683   -393.10116528      47       0       1
   77      0.00000003   -393.10116527   -393.10116528       6       0       0
   78      0.00000003   -393.10116527   -393.10116528       0       0       0
   79      0.00000003   -393.10116527   -393.10116528       0       0       0
   80      0.00000003   -393.10116527   -393.10116528       0       0       0
   81      0.00000003   -393.10116527   -393.10116528       0       0       0
   82      0.00000003   -393.10116527   -393.10116528       0       0       0
   83      0.00000003   -393.10116527   -393.10116528       0       0       0
   84      0.00000003   -393.10116527   -393.10116528       0       0       0
   85     20.09974376    -62.21483381   -393.10116527       0       0      18
   86     27.32736492    -68.04255112   -393.10116528      15       0      39
   87     38.36050704    -74.33374935   -393.10116528      34       0      74
   88     45.01211443    -61.93615194   -393.10116528      68       0      85
   89     45.24800805    -39.52529126   -393.10116528      90       0      88
   90     45.51606749    -16.21835059   -393.10116524      91       0      93
   91     45.94912896    -54.03521255   -393.10116526     107       0      82
   92     30.40903091     -8.60265287   -393.10116526     102       0      21
   93      0.17767774   -390.46494680   -393.10116528      57       0       0
   94      0.00000002   -393.10116525   -393.10116526       5       0       0
   95      0.00000002   -393.10116525   -393.10116526       0       0       0
   96      0.00000002   -393.10116525   -393.10116526       0       0       0
   97      0.00000002   -393.10116525   -393.10116526       0       0       0
   98      0.00000002   -393.10116525   -393.10116526       0       0       0
   99      0.00000002   -393.10116525   -393.10116526       0       0       0
  100      0.00000002   -393.10116525   -393.10116526       0       0       0
  101      2.95070631   -328.66115053   -393.10116528       0       0       3
  102     29.79149065    -17.43438081   -393.10116527       3       0      19
  103     25.27225418     -1.60650646   -393.10116521      18       0      35
  104     49.52814866    -23.95273296   -393.10116524      30       0      65
  105     47.51623851    -32.62926601   -393.10116527      58       0      84
  106     53.73716326    -53.12434183   -393.10116519      86       0      82
  107     41.55544214    -27.85362552   -393.10116528     101       0      89
  108     53.15381418    -15.98183519   -393.10116526     107       0      83
  109     20.63783348    -88.32519255   -393.10116527     101       0      38
  110      3.93290262   -305.79917728   -393.10116527      64       0       2
  111      0.00000002   -393.10116528   -393.10116527      16       0       0
  112      0.00000002   -393.10116528   -393.10116527       0       0       0
  113      0.00000002   -393.10116528   -393.10116527       0       0       0
  114      0.00000002   -393.10116528   -393.10116527       0       0       0
  115      0.00000002   -393.10116528   -393.10116527       0       0       0
  116      0.00000002   -393.10116528   -393.10116527       0       0       0
  117      0.00000002   -393.10116528   -393.10116527       0       0       0
  118      0.47819471   -382.72489671   -393.10116526       0       0       4
  119     22.28780307    -20.64889578   -393.10116526       3       0      21
  120     27.95151963    -94.87168878   -393.10116527      20       0      34
  121     26.09765772    -31.07479695   -393.10116521      37       0      52
  122     42.04144384    -19.58648252   -393.10116524      54       0      76
  123     52.81278655    -48.61900595   -393.10116522      79       0      87
  124     47.93636582    -21.63708340   -393.10116528      85       0      81
  125     55.14578064    -15.46624983   -393.10116525      84       0      89
  126     34.87559923    -28.08708900   -393.10116522     104       0      46
  127      6.42345359   -293.33786352   -393.10116526      71       0      10
  128      0.46370589   -382.72489672   -393.10116526      25       0       0
  129      0.00000002   -393.10116527   -393.10116527       2       0       0
  130      0.00000002   -393.10116527   -393.10116527       0       0       0
  131      0.00000002   -393.10116527   -393.10116527       0       0       0
  132      0.00000002   -393.10116527   -393.10116527       0       0       0
  133      0.00000002   -393.10116527   -393.10116527       0       0       0
  134      0.46357656   -382.72489671   -393.10116527       0       0       1
  135     15.57937429    -45.19271647   -393.10116526       1       0       3
  136     24.78148161    -30.14503897   -393.10116527       3       0      19
  137     39.92677643    -34.13977505   -393.10116526      16       0      33
  138     35.68398101    -28.74199233   -393.10116526      34       0      48
  139     50.59875148    -20.30790674   -393.10116528      45       0      78
  140     39.63537871    -41.58343185   -393.10116527      75       0      83
  141     45.89226149    -17.49263457   -393.10116528      87       0      76
  142     49.84344213    -11.43585294   -393.10116527      85       0      87
  143     31.29597276    -25.72339275   -393.10116526     100       0      54
  144     21.35098789    -58.05876038   -393.10116525      86       0      17
  145      0.16858983   -390.46494558   -393.10116525      39       0       1
  146      0.00000002   -393.10116526   -393.10116527       4       0       0
  147      0.00000002   -393.10116526   -393.10116527       0       0       0
  148      0.00000002   -393.10116526   -393.10116527       0       0       0
  149      0.00000002   -393.10116526   -393.10116527       0       0       0
  150      0.00000002   -393.10116526   -393.10116527       0       0       0
  151      0.46357656   -382.72489669   -393.10116527       0       0       1
  152     16.53958401    -60.71991845   -393.10116525       1       0       4
  153     16.87794973   -145.27135609   -393.10116524       4       0      18
  154     43.39379681    -45.23626978   -393.10116525      16       0      33
  155     33.33977780    -20.60844167   -393.10116526      29       0      46
  156     39.48795360     -9.36997858   -393.10116524      52       0      66
  157     48.13247124    -28.84774488   -393.10116527      66       0      87
  158     40.62803976    -20.32815663   -393.10116526      95       0      77
  159     43.11649141    -18.91215678   -393.10116524     101       0      66
  160     40.15455611    -51.79043146   -393.10116525      74       0      73
  161     28.32926547    -25.89696128   -393.10116527      74       0      28
  162      0.46933975   -382.72489659   -393.10116526      46       0       1
  163      0.00000002   -393.10116526   -393.10116526       4       0       0
  164      0.00000002   -393.10116526   -393.10116526       0       0       0
  165      0.00000002   -393.10116526   -393.10116526       0       0       0
  166      0.00000002   -393.10116526   -393.10116526       0       0       0
  167      0.00000002   -393.10116526   -393.10116526       0       0       0
  168      0.46357657   -382.72489666   -393.10116528       0       0       1
  169     12.58690909   -113.30626605   -393.10116526       1       0       5
  170     16.65281304   -132.59566212   -393.10116527       5       0      17
  171     17.29688488   -161.01291119   -393.10116525      17       0      29
  172     37.02970452    -45.47332492   -393.10116527      28       0      46
  173     48.06679805    -17.81576529   -393.10116527      44       0      59
  174     40.76268531    -33.81496864   -393.10116524      63       0      78
  175     43.60808118    -69.86339532   -393.10116525      73       0      85
  176     48.06833842    -31.70804597   -393.10116528      87       0      73
  177     43.59234475    -14.95381229   -393.10116528      98       0      71
  178     29.26267317    -46.15694398   -393.10116523      88       0      35
  179      0.85204230   -382.72489675   -393.10116527      62       0       1
  180      0.00000002   -393.10116525   -393.10116527      13       0       0
  181      0.00000002   -393.10116525   -393.10116527       0       0       0
  182      0.00000002   -393.10116525   -393.10116527       0       0       0
  183      0.00000002   -393.10116525   -393.10116527       0       0       0
  184      0.00000002   -393.10116525   -393.10116527       0       0       0
  185      2.48806836   -337.41054690   -393.10116526       0       0       1
  186     16.49756558    -25.55310398   -393.10116526       1       0       5
  187     20.57605714    -81.52547163   -393.10116523       5       0      17
  188     22.39040278    -29.01887644   -393.10116527      17       0      29
  189     49.35709214    -15.79552819   -393.10116523      27       0      41
  190     33.29779956    -65.05018094   -393.10116520      40       0      62
  191     37.36280262    -33.46687766   -393.10116523      63       0      71
  192     43.69352232    -19.82668402   -393.10116525      66       0      68
  193     52.71420273    -23.70342631   -393.10116527      81       0      85
  194     46.23597462    -44.96346246   -393.10116528      96       0      66
  195     40.22667486    -28.28093644   -393.10116527      75       0      50
  196     14.06999933   -160.51227822   -393.10116527      63       0       5
  197      0.01191940   -392.83437250   -393.10116526      11       0       0
  198      0.00000002   -393.10116528   -393.10116526       1       0       0
  199      0.00000002   -393.10116528   -393.10116526       0       0       0
  200      0.00000002   -393.10116528   -393.10116526       0       0       0
  201      0.00000002   -393.10116528   -393.10116526       0       0       0
  202      0.02508287   -392.53973359   -393.10116528       0       0       1
  203     16.17985756    -32.73039013   -393.10116526       1       0       5
  204     21.68686062    -73.86131142   -393.10116527       5       0      19
  205     27.32504502    -25.24838134   -393.10116525      18       0      27
  206     31.09807320    -29.39931797   -393.10116528      28       0      35
  207     43.86624955    -30.90387921   -393.10116528      36       0      64
  208     42.19679482    -42.44988372   -393.10116527      60       0      66
  209     40.47681833     -7.12220461   -393.10116527      76       0      68
  210     52.18364416     -1.26758234   -393.10116526      74       0      82
  211     37.54305100    -66.51975756   -393.10116527      89       0      74
  212     39.33692222    -32.20478981   -393.10116528      92       0      50
  213     15.82879556   -210.46278970   -393.10116527      65       0       9
  214      0.00000002   -393.10116527   -393.10116527      23       0       0
  215      0.00000002   -393.10116527   -393.10116527       0       0       0
  216      0.00000002   -393.10116527   -393.10116527       0       0       0
  217      0.00000002   -393.10116527   -393.10116527       0       0       0
  218      0.00000002   -393.10116527   -393.10116527       0       0       0
  219      0.43220307   -383.42713203   -393.10116527       0       0       1
  220     25.80733700    -14.19899918   -393.10116523       1       0       5
  221     21.51608173    -62.29788660   -393.10116527       5       0      18
  222     28.13432348    -43.58026327   -393.10116527      18       0      27
  223     38.82139093     -9.07407725   -393.10116528      27       0      36
  224     32.63433318    -39.80675675   -393.10116527      37       0      55
  225     48.70352177    -13.85553629   -393.10116526      47       0      65
  226     42.09877204    -66.86848159   -393.10116526      64       0      69
  227     48.80898346    -13.10364645   -393.10116522      76       0      74
  228     42.14398385    -18.36115841   -393.10116526      79       0      76
  229     50.09186936    -21.54422964   -393.10116526      83       0      60
  230     24.23276777    -58.11661563   -393.10116522      76       0      14
  231      0.46268658   -383.42713205   -393.10116528      34       0       0
  232      0.00000002   -393.10116527   -393.10116528       3       0       0
  233      0.00000002   -393.10116527   -393.10116528       0       0       0
  234      0.00000002   -393.10116527   -393.10116528       0       0       0
  235      0.00000002   -393.10116527   -393.10116528       0       0       0
  236      0.02508287   -392.53973354   -393.10116527       0       0       1
  237      1.45273994   -364.14589407   -393.10116522       1       0       5
  238     32.77137175    -21.70733609   -393.10116526       5       0      17
  239     29.39498778    -43.63601535   -393.10116526      17       0      27
  240     25.91334383    -87.52698372   -393.10116523      25       0      37
  241     42.11993400    -17.04497344   -393.10116527      33       0      51
  242     40.59095143     -4.73687039   -393.10116523      51       0      65
  243     40.25126016    -14.95545785   -393.10116523      67       0      67
  244     42.06797384    -31.50030142   -393.10116525      77       0      72
  245     44.62030374    -28.20287802   -393.10116527      82       0      71
  246     40.55196659    -81.06403918   -393.10116525      85       0      63
  247     18.35159367    -90.10443539   -393.10116527      83       0      21
  248      0.66511576   -382.72489665   -393.10116524      31       0       3
  249      0.00000002   -393.10116526   -393.10116524       3       0       0
  250      0.00000002   -393.10116526   -393.10116524       0       0       0
  251      0.00000002   -393.10116526   -393.10116524       0       0       0
  252      0.00000002   -393.10116526   -393.10116524       0       0       0
  253      0.46357656   -382.72489671   -393.10116527       0       0       1
  254      6.81081432   -242.87996775   -393.10116526       1       0       5
  255     20.55652322    -59.06143353   -393.10116525       5       0      19
  256     30.81771535   -146.08686104   -393.10116527      19       0      25
  257     37.00431026    -37.90722181   -393.10116525      26       0      36
  258     37.18572239    -13.88271865   -393.10116525      35       0      48
  259     41.57047203    -31.30798236   -393.10116527      46       0      60
  260     37.52990035    -37.79824238   -393.10116525      66       0      65
  261     42.26152601    -51.35095615   -393.10116527      65       0      66
  262     51.40278310    -21.29832463   -393.10116527      75       0      73
  263     49.25919079     -9.59310720   -393.10116523      79       0      73
  264     24.17090396   -105.89234673   -393.10116523      85       0      26
  265      0.66932542   -382.72489672   -393.10116527      49       0       3
  266      0.00000002   -393.10116523   -393.10116527       7       0       0
  267      0.00000002   -393.10116523   -393.10116527       0       0       0
  268      0.00000002   -393.10116523   -393.10116527       0       0       0
  269      0.00000002   -393.10116523   -393.10116527       0       0       0
  270      0.01191935   -392.83437350   -393.10116520       0       0       1
  271      3.92807183   -311.86170581   -393.10116527       1       0       5
  272     19.86223731   -164.32419016   -393.10116528       5       0      17
  273     26.70029481    -31.50907374   -393.10116527      16       0      26
  274     36.34665236    -52.89534267   -393.10116527      26       0      35
  275     28.08852660   -131.32386563   -393.10116527      32       0      46
  276     42.47304314    -38.56763820   -393.10116528      49       0      61
  277     46.36763741    -19.63687050   -393.10116527      61       0      62
  278     48.13754828    -17.82538692   -393.10116528      65       0      62
  279     44.05418553    -37.40223906   -393.10116524      69       0      70
  280     37.45322165    -47.76643180   -393.10116524      75       0      72
  281     35.48208897    -21.88624713   -393.10116527      82       0      37
  282      6.56147807   -252.53532512   -393.10116528      54       0       6
  283      0.11777731   -390.46494700   -393.10116528      11       0       0
  284      0.00000002   -393.10116526   -393.10116528       1       0       0
  285      0.00000002   -393.10116526   -393.10116528       0       0       0
  286      0.00000002   -393.10116526   -393.10116528       0       0       0
  287      0.05228231   -391.93092651   -393.10116527       0       0       1
  288     19.27623290    -52.76401590   -393.10116524       1       0       5
  289     29.91337670    -33.98153323   -393.10116527       5       0      17
  290     36.99907171    -18.10960691   -393.10116528      15       0      26
  291     20.33212716    -94.90855373   -393.10116528      27       0      33
  292     32.57207265    -18.08618889   -393.10116527      32       0      48
  293     35.08036675    -20.26558789   -393.10116526      46       0      57
  294     32.31689636    -52.00041924   -393.10116527      54       0      57
  295     36.59376764    -22.45282843   -393.10116527      61       0      63
  296     43.17478411    -24.47828998   -393.10116526      65       0      68
  297     41.00152396    -48.16313673   -393.10116524      83       0      72
  298     32.98598016    -66.66821416   -393.10116527      75       0      43
  299     23.33926229    -12.23615202   -393.10116522      54       0      10
  300      0.05794249   -391.93092702   -393.10116527      29       0       0
  301      0.00000002   -393.10116527   -393.10116527       2       0       0
  302      0.00000002   -393.10116527   -393.10116527       0       0       0
  303      0.00000002   -393.10116527   -393.10116527       0       0       0
  304      8.01695498   -213.65706816   -393.10116527       0       0       1
  305     13.26195284   -104.68564515   -393.10116524       1       0       7
  306     13.49034023   -108.47200347   -393.10116527       6       0      13
  307     38.81875903     -6.25946818   -393.10116525      12       0      29
  308     23.80432948    -34.70350478   -393.10116526      27       0      35
  309     22.56577630    -49.75095293   -393.10116525      32       0      40
  310     45.63623522    -14.73419319   -393.10116526      38       0      56
  311     36.42205727    -29.03122541   -393.10116525      57       0      61
  312     36.50954824    -77.99081503   -393.10116525      62       0      54
  313     44.08729718    -15.42961034   -393.10116528      57       0      70
  314     40.58282283    -20.38525618   -393.10116527      79       0      71
  315     36.39850804    -26.43658927   -393.10116524      78       0      43
  316     18.55354624   -127.32024573   -393.10116528      65       0      20
  317      0.00000002   -393.10116524   -393.10116527      34       0       0
  318      0.00000002   -393.10116524   -393.10116527       0       0       0
  319      0.00000002   -393.10116524   -393.10116527       0       0       0
  320      0.00000002   -393.10116524   -393.10116527       0       0       0
  321      8.32959804   -211.33232899   -393.10116526       0       0       2
  322     24.47383507    -16.28402622   -393.10116525       2       0       6
  323     21.08656691    -53.33965554   -393.10116526       6       0      15
  324     27.33104332    -54.55166491   -393.10116527      15       0      30
  325     36.40090277    -67.99582184   -393.10116525      28       0      32
  326     33.84310512    -24.78113087   -393.10116524      33       0      41
  327     37.35728960    -26.48062501   -393.10116527      41       0      51
  328     39.16754649    -19.18977052   -393.10116526      56       0      61
  329     23.28930100    -53.81326902   -393.10116526      65       0      46
  330     45.26899662    -74.28797980   -393.10116527      62       0      73
  331     36.87970162    -38.33578947   -393.10116528      70       0      59
  332     51.06086354    -25.76293797   -393.10116522      73       0      59
  333     24.46685129    -44.65168116   -393.10116528      67       0      25
  334      4.07965530   -305.40134012   -393.10116527      44       0       0
  335      0.00000002   -393.10116527   -393.10116525       5       0       0
  336      0.00000002   -393.10116527   -393.10116525       0       0       0
  337      0.00000002   -393.10116527   -393.10116525       0       0       0
  338     11.71300352   -132.34636132   -393.10116527       0       0       2
  339      4.17775059   -301.29917885   -393.10116528       2       0       6
  340     12.97365784   -155.85251183   -393.10116527       6       0      15
  341     30.64471604    -19.71030576   -393.10116527      14       0      28
  342     26.49674110    -38.32139977   -393.10116528      24       0      33
  343     29.08976541    -28.80509552   -393.10116528      34       0      38
  344     40.27734241    -22.76342704   -393.10116528      38       0      48
  345     46.40614702    -50.24184532   -393.10116527      52       0      54
  346     41.27756726    -10.93122955   -393.10116528      58       0      56
  347     43.59772781    -37.60831586   -393.10116527      55       0      65
  348     44.11159054    -46.21860732   -393.10116527      65       0      63
  349     32.84429773    -82.27682597   -393.10116527      70       0      54
  350     34.20714746    -21.67074689   -393.10116524      57       0      36
  351      0.67768611   -382.72489670   -393.10116527      52       0       2
  352      0.00000002   -393.10116528   -393.10116525       7       0       0
  353      0.00000002   -393.10116528   -393.10116525       0       0       0
  354      0.00000002   -393.10116528   -393.10116525       0       0       0
  355      0.65493903   -382.72489649   -393.10116526       0       0       2
  356     24.75207127    -53.34831307   -393.10116527       2       0       7
  357     22.52918257    -92.55547580   -393.10116526       7       0      15
  358     36.12388810    -20.97752431   -393.10116527      14       0      27
  359     27.15290550    -99.74024056   -393.10116526      26       0      32
  360     39.82877868    -22.46059514   -393.10116526      32       0      37
  361     27.55817029    -38.28664179   -393.10116526      38       0      47
  362     34.90722590    -26.11317115   -393.10116526      50       0      53
  363     41.80329633    -54.25241527   -393.10116528      53       0      58
  364     42.59105002    -15.41762279   -393.10116525      61       0      59
  365     48.18020299    -33.94373892   -393.10116528      63       0      68
  366     29.15890784    -43.17182533   -393.10116525      75       0      49
  367     25.18366419     -9.41346129   -393.10116528      57       0      39
  368     10.15145390   -261.26764960   -393.10116528      40       0       7
  369      0.05794249   -391.93092686   -393.10116527      13       0       0
  370      0.00000002   -393.10116527   -393.10116527       2       0       0
  371      0.00000002   -393.10116527   -393.10116527       0       0       0
  372     12.30832619   -117.60298878   -393.10116527       0       0       2
  373      9.73348782   -216.59489031   -393.10116525       1       0       7
  374     11.92311050   -151.56122902   -393.10116525       6       0      17
  375     16.96644879   -186.06517880   -393.10116525      16       0      24
  376     29.40033051    -51.11489236   -393.10116525      22       0      31
  377     36.39926355    -15.59707029   -393.10116528      31       0      38
  378     38.62930233    -28.46459765   -393.10116525      38       0      41
  379     44.78963717    -29.68665291   -393.10116528      45       0      56
  380     37.25643807    -38.94825227   -393.10116528      54       0      59
  381     43.56676929    -35.36300998   -393.10116526      65       0      56
  382     41.06280077    -32.30327094   -393.10116526      63       0      69
  383     44.16868559    -10.93918909   -393.10116527      73       0      52
  384     38.34932516    -20.06813387   -393.10116525      67       0      37
  385     20.60732412    -72.74739918   -393.10116528      50       0      11
  386      0.11777732   -390.46494687   -393.10116526      21       0       0
  387      0.00000002   -393.10116524   -393.10116526       1       0       0
  388      0.11777742   -390.46494462   -393.10116527       0       0       1
  389     15.38290258    -48.92010716   -393.10116527       1       0       2
  390      6.57624279   -255.09645286   -393.10116526       2       0       6
  391     26.30062065   -109.25052600   -393.10116526       6       0      18
  392     32.22844617    -14.53381102   -393.10116526      17       0      24
  393     19.33705788   -134.15993791   -393.10116527      25       0      30
  394     33.82397257    -12.37735366   -393.10116524      31       0      34
  395     33.17108269    -38.69395015   -393.10116526      32       0      46
  396     31.79836161    -93.31744650   -393.10116528      45       0      47
  397     41.61802775    -17.91630284   -393.10116527      50       0      57
  398     38.48644657    -57.12539431   -393.10116526      60       0      53
  399     49.55111864    -11.21140667   -393.10116524      53       0      73
  400     45.99421135    -14.04238896   -393.10116523      71       0      53
  401     31.98379064    -26.56461511   -393.10116523      65       0      39
  402     26.50969274    -54.70672790   -393.10116527      49       0      17
  403      0.00000002   -393.10116522   -393.10116527      23       0       0
  404      0.00000002   -393.10116522   -393.10116527       0       0       0
  405      0.46357657   -382.72489658   -393.10116526       0       0       1
  406      3.96147560   -305.01958150   -393.10116526       1       0       2
  407     15.64060204    -43.39360357   -393.10116524       2       0       6
  408     24.27537407    -14.72901629   -393.10116526       6       0      17
  409     21.72646106    -25.79392272   -393.10116526      15       0      25
  410     36.00375960    -16.19735068   -393.10116526      26       0      32
  411     28.13078447    -17.31387452   -393.10116525      33       0      30
  412     32.61448356    -88.18353903   -393.10116527      30       0      42
  413     38.07544434    -51.36841572   -393.10116524      41       0      54
  414     47.44907336    -17.62964019   -393.10116526      56       0      54
  415     43.30768324    -53.68288431   -393.10116528      56       0      51
  416     47.07991689     -4.85017686   -393.10116527      57       0      64
  417     38.31983117    -33.43662859   -393.10116528      62       0      65
  418     22.52532964   -109.76084450   -393.10116523      71       0      36
  419     18.81926271   -107.92311462   -393.10116524      53       0      21
  420      0.02774929   -392.53973363   -393.10116526      36       0       0
  421      0.00000002   -393.10116527   -393.10116517       2       0       0
  422     12.19519214   -120.13527655   -393.10116526       0       0       1
  423      4.35294444   -295.69927506   -393.10116526       1       0       2
  424      5.80987662   -278.37831491   -393.10116525       2       0       6
  425     25.87767129    -29.59892950   -393.10116526       6       0      17
  426     22.85672099    -27.81345565   -393.10116527      16       0      24
  427     33.56331189    -31.88321743   -393.10116527      20       0      33
  428     33.75093016    -41.78297940   -393.10116526      32       0      32
  429     34.22250142    -50.84410071   -393.10116528      27       0      37
  430     39.88815765    -11.98889431   -393.10116527      40       0      52
  431     33.04836901    -82.99517000   -393.10116525      52       0      54
  432     41.92192233    -21.54385175   -393.10116525      61       0      53
  433 40828411.03687414 913864961.95307755   -393.10116527      60       0      56
  434     42.58548128    -10.14827608   -393.10116526      58       0      65
  435     32.58349143    -33.55419720   -393.10116521      66       0      39
  436     31.23273585    -58.55501484   -393.10116527      56       0      27
  437      2.22195097   -344.29950855   -393.10116525      36       0       2
  438      0.00000012   -393.10116528   -393.10116526       3       0       0
  439      0.46357657   -382.72489665   -393.10116525       0       0       1
  440     13.79083229    -87.28254701   -393.10116525       1       0       2
  441      1.82569281   -365.44132081   -393.10116526       2       0       7
  442     24.55987318   -122.12416419   -393.10116525       6       0      19
  443     30.28283556    -11.62667414   -393.10116525      16       0      22
  444     31.54845605    -11.69580401   -393.10116525      25       0      35
  445     34.38457931    -24.30466688   -393.10116528      35       0      26
  446     36.00490593    -17.42730350   -393.10116527      27       0      39
  447     36.78096071    -29.03868414   -393.10116527      40       0      46
  448     44.20479597    -16.62831575   -393.10116525      48       0      55
  449     44.25613581    -42.24092439   -393.10116525      55       0      55
  450     38.94236751    -43.10484235   -393.10116523      67       0      52
  451     35.67847502    -28.90524016   -393.10116525      57       0      59
  452     39.27571703    -58.44287220   -393.10116520      72       0      52
  453     25.94234400    -62.20699069   -393.10116522      56       0      28
  454      1.38305640   -364.14589405   -393.10116527      40       0       2
  455      0.00000002   -393.10116526   -393.10116526       6       0       0
  456      0.01191935   -392.83437352   -393.10116527       0       0       1
  457      0.46641134   -382.72489638   -393.10116527       1       0       2
  458     20.16136594     -9.46130761   -393.10116527       2       0       8
  459     16.75492634    -87.01153242   -393.10116527       8       0      17
  460     29.98201305    -23.22358830   -393.10116527      17       0      23
  461     30.09623773   -105.54388102   -393.10116528      22       0      35
  462     25.53352400    -61.04952229   -393.10116525      33       0      24
  463     34.99780380    -40.49796671   -393.10116526      26       0      38
  464     28.91639372    -55.71853618   -393.10116527      37       0      44
  465     35.67072555    -34.09982919   -393.10116522      45       0      50
  466     38.02713034    -28.77103987   -393.10116522      47       0      56
  467     33.75503207    -19.86152957   -393.10116527      60       0      50
  468     34.24723682    -31.34999881   -393.10116526      56       0      64
  469     28.49615785    -40.42188647   -393.10116520      64       0      52
  470     40.15126141    -10.36586526   -393.10116525      66       0      33
  471     16.11996556    -32.80350837   -393.10116526      40       0       3
  472      0.00000002   -393.10116527   -393.10116527       9       0       0
  473      0.43220306   -383.42713216   -393.10116526       0       0       1
  474      0.46420446   -382.72489666   -393.10116526       1       0       2
  475     13.16496319   -142.21068866   -393.10116527       2       0       8
  476     14.40556074   -145.20568332   -393.10116526       8       0      18
  477     15.85085287    -85.33023039   -393.10116526      17       0      22
  478     24.82263435    -79.81129177   -393.10116526      22       0      35
  479     25.74363665    -10.74010244   -393.10116525      32       0      22
  480     28.31715868    -50.96582654   -393.10116526      23       0      39
  481     30.88700845    -61.39532883   -393.10116526      40       0      46
  482     37.67023490    -27.54351127   -393.10116528      47       0      45
  483     36.53285446    -41.28223882   -393.10116515      49       0      54
  484     45.09496992    -16.68015218   -393.10116526      55       0      51
  485     35.25233206   -113.61464642   -393.10116525      51       0      59
  486     35.17558942    -48.09756521   -393.10116526      61       0      58
  487     26.48589863     -7.60715824   -393.10116525      63       0      34
  488      5.70337849   -277.11518291   -393.10116527      53       0       6
  489      0.12876431   -390.46494743   -393.10116527       9       0       0
  490      1.50494841   -359.41579363   -393.10116527       2       0       1
  491      0.63316639   -382.72489659   -393.10116527       1       0       2
  492     20.98451671    -82.81393797   -393.10116525       2       0       9
  493     14.49626812   -207.21434047   -393.10116527       9       0      17
  494     27.63489467    -18.92336705   -393.10116527      16       0      22
  495     36.20470280     -5.66439033   -393.10116524      21       0      34
  496     25.77497025    -46.34187978   -393.10116525      34       0      23
  497     32.93443251    -50.42889244   -393.10116526      25       0      37
  498     34.43702577     -5.95635270   -393.10116524      38       0      45
  499     34.33279293    -20.58319525   -393.10116524      44       0      47
  500     32.88669900     -5.86514128   -393.10116527      46       0      54
  501     32.20240144    -56.06787904   -393.10116527      59       0      48
  502     33.66852100    -21.03165308   -393.10116524      53       0      53
  503     43.67834826    -18.14757934   -393.10116523      59       0      57
  504     27.33035418    -34.44695852   -393.10116528      64       0      43
  505      9.86656260   -271.39963163   -393.10116527      46       0       7
  506      5.97814414   -259.29192234   -393.10116528      14       0       1
  507     14.42438908    -70.23899623   -393.10116524       1       0       1
  508      1.57384140   -359.41579324   -393.10116524       1       0       2
  509      4.82315358   -286.60648671   -393.10116525       2       0       9
  510     10.20072172   -176.41334155   -393.10116527       9       0      17
  511     18.38665356    -82.54109095   -393.10116526      16       0      22
  512     21.32126991    -48.74139598   -393.10116522      21       0      33
  513     14.32711358   -203.10667504   -393.10116527      31       0      22
  514     31.64472316    -37.51301817   -393.10116525      25       0      38
  515     34.98613735    -75.94591647   -393.10116526      37       0      46
  516     27.48140403    -49.02945925   -393.10116527      45       0      39
  517     39.34210835    -24.69202062   -393.10116527      45       0      58
  518     32.46543832    -62.95522070   -393.10116525      53       0      49
  519     41.26574033     -8.47544545   -393.10116526      56       0      50
  520     44.68163189    -15.16873175   -393.10116520      53       0      57
  521     37.87386249    -22.68924850   -393.10116527      60       0      48
  522     14.75592394   -107.08349874   -393.10116525      58       0       8
  523      0.46357656   -382.72489671   -393.10116525      16       0       1
  524      1.18559307   -366.56394772   -393.10116527       1       0       1
  525      1.24104219   -365.44291657   -393.10116527       1       0       2
  526     21.49346544    -79.02727784   -393.10116525       2       0       9
  527     20.97067837    -80.07839949   -393.10116526       9       0      19
  528     15.23917751   -183.42362975   -393.10116527      17       0      20
  529     18.27689997   -130.79601707   -393.10116524      20       0      31
  530     36.03882901    -17.53287690   -393.10116527      30       0      26
  531     38.30312327     -4.10978794   -393.10116528      25       0      35
  532     40.34446805    -14.82787009   -393.10116528      37       0      43
  533     29.76497579     -7.53156569   -393.10116524      45       0      43
  534     33.56500375   -133.53367139   -393.10116523      46       0      50
  535     40.71245613    -26.05726948   -393.10116528      57       0      56
  536     45.98624764    -11.62071382   -393.10116524      59       0      46
  537     33.26854475    -42.51902876   -393.10116526      49       0      53
  538     34.44427556    -45.93108616   -393.10116527      56       0      54
  539     22.58330776    -34.51853037   -393.10116523      66       0      11
  540      0.12036947   -390.46494652   -393.10116528      25       0       1
  541      5.24714359   -275.65396168   -393.10116524       2       0       1
  542      1.37330313   -364.14589401   -393.10116524       1       0       2
  543     17.39092223   -154.40960570   -393.10116523       2       0      10
  544     25.09724649    -93.91248172   -393.10116528      10       0      19
  545      9.56596421   -270.14013705   -393.10116524      17       0      19
  546     26.25162804    -84.21387841   -393.10116524      19       0      30
  547     27.26485277    -98.47047225   -393.10116526      28       0      27
  548     32.68405834    -37.66635402   -393.10116527      30       0      32
  549     35.58105824    -89.27381258   -393.10116528      33       0      42
  550     34.20213191    -13.72093355   -393.10116524      44       0      40
  551     38.48556217     -4.36340768   -393.10116526      41       0      50
  552     31.64411073    -61.17721609   -393.10116527      53       0      57
  553     26.47486362    -42.65756058   -393.10116524      58       0      45
  554     47.41858868    -11.45108231   -393.10116527      51       0      55
  555     34.99369023    -43.67233589   -393.10116522      57       0      52
  556     21.81247950    -54.20593298   -393.10116526      61       0      17
  557      8.38248544   -205.50178112   -393.10116522      28       0       2
  558      0.11777729   -390.46494737   -393.10116527       3       0       1
  559      1.27213652   -366.56394768   -393.10116527       1       0       2
  560     24.40232841    -37.86177623   -393.10116527       2       0      12
  561     17.74502519   -136.10811127   -393.10116526      12       0      17
  562     15.44524834   -175.65806005   -393.10116527      15       0      19
  563     41.05889425    -30.29881430   -393.10116527      20       0      28
  564     24.73012919    -47.94108015   -393.10116527      29       0      28
  565     29.78899470    -38.22766649   -393.10116527      26       0      32
  566     29.68976436    -79.86195732   -393.10116522      32       0      39
  567     38.85622068    -23.60698608   -393.10116524      39       0      43
  568     36.07203364     -9.77165881   -393.10116526      44       0      49
  569     46.85271309     -8.47879358   -393.10116526      47       0      54
  570     35.38956532    -15.93952746   -393.10116526      56       0      43
  571     31.36405677    -17.86144620   -393.10116525      49       0      55
  572     40.25628829    -85.27710845   -393.10116528      49       0      51
  573     29.94967837    -18.49504676   -393.10116526      55       0      25
  574      6.79414281   -252.29623939   -393.10116527      43       0       2
  575      7.16171767   -232.79990829   -393.10116522      10       0       1
  576      0.46641133   -382.72489675   -393.10116522       1       0       2
  577      1.81960484   -364.25840851   -393.10116527       2       0      13
  578     16.95197256   -128.25818165   -393.10116527      13       0      16
  579      6.35292295   -293.33778936   -393.10116527      14       0      18
  580     29.72948069    -36.63602928   -393.10116525      18       0      29
  581     25.30152614    -52.39101050   -393.10116526      29       0      28
  582     34.59985513    -19.92296088   -393.10116526      30       0      30
  583     31.24631783    -24.10295967   -393.10116524      29       0      40
  584     28.35758283    -72.64200682   -393.10116525      41       0      48
  585     35.90373195    -24.30378446   -393.10116526      45       0      42
  586     37.45477517    -14.12776291   -393.10116526      42       0      51
  587     33.86741302     -9.69206443   -393.10116526      54       0      50
  588     39.43720483    -36.99881493   -393.10116527      54       0      48
  589     36.54314630    -15.25347017   -393.10116525      50       0      45
  590     42.82725992    -43.17563619   -393.10116527      50       0      33
  591     17.05212825    -35.91983641   -393.10116527      41       0       6
  592      0.11777746   -390.46494371   -393.10116526      10       0       1
  593     13.05693095   -101.01037700   -393.10116526       1       0       2
  594     16.13059058   -118.99587195   -393.10116527       2       0      14
  595     13.58041841   -159.98879333   -393.10116527      11       0      16
  596     23.90470474    -20.92161766   -393.10116526      15       0      17
  597     21.55426946    -43.15996376   -393.10116524      16       0      27
  598     26.07184454    -48.64283167   -393.10116524      26       0      30
  599     24.19523391    -72.70845870   -393.10116528      30       0      28
  600     41.45317138    -23.41904585   -393.10116528      35       0      44
  601     33.34038743    -22.54074334   -393.10116527      42       0      44
  602     33.71407684    -74.67301483   -393.10116524      45       0      41
  603     37.11873641    -80.23306797   -393.10116528      48       0      53
  604     30.64224656      0.81833729   -393.10116528      51       0      48
  605     34.52468699    -35.84807118   -393.10116526      53       0      47
  606     32.45845533    -13.14927485   -393.10116523      46       0      40
  607     37.03898416    -12.98385190   -393.10116523      47       0      41
  608     14.25411204   -106.21843300   -393.10116528      44       0       7
  609      1.13940154   -367.59785614   -393.10116528      14       0       1
  610     16.78704540    -63.60153832   -393.10116528       1       0       4
  611     16.81036224   -156.36138075   -393.10116528       3       0      13
  612     15.20829606   -158.58288018   -393.10116527      11       0      16
  613     19.91618624   -127.25989730   -393.10116528      16       0      16
  614     35.78345931    -14.67447771   -393.10116525      14       0      27
  615     18.32089627   -174.37901547   -393.10116523      24       0      25
  616     28.34629721    -15.68556695   -393.10116525      31       0      34
  617     24.92534118    -35.07490493   -393.10116528      40       0      37
  618     32.43284122    -96.51604286   -393.10116526      36       0      45
  619     37.46428457    -27.22598729   -393.10116528      45       0      46
  620     45.32420806    -28.92409571   -393.10116528      47       0      53
  621     27.00860352    -63.91393878   -393.10116525      57       0      46
  622     34.18733844    -23.17569146   -393.10116526      52       0      44
  623     37.03531791    -37.14346341   -393.10116525      48       0      42
  624     45.07088131     -9.10222026   -393.10116523      49       0      39
  625     22.91834545    -75.82806041   -393.10116528      41       0      12
  626      0.46641134   -382.72489639   -393.10116528      19       0       2
  627     20.87160125    -77.67938321   -393.10116528       2       0       5
  628     15.98085043   -115.12325986   -393.10116528       5       0      11
  629     25.97753098    -30.58418799   -393.10116525      10       0      16
  630     26.61482783    -91.40526127   -393.10116528      16       0      17
  631     31.44389587    -43.03412872   -393.10116528      18       0      22
  632     25.21664052    -91.58560971   -393.10116527      21       0      25
  633     27.36612028    -90.20238864   -393.10116522      23       0      37
  634     40.61954819    -76.43300946   -393.10116527      38       0      38
  635     32.31678554    -40.79229002   -393.10116521      43       0      39
  636     37.16778664    -22.09126201   -393.10116528      45       0      49
  637     29.71248266    -94.87447467   -393.10116521      51       0      50
  638     40.86666667    -27.80597719   -393.10116528      50       0      48
  639     22.62806879    -66.77345870   -393.10116524      56       0      43
  640     33.78734010    -19.27992308   -393.10116526      53       0      43
  641     47.39727600    -25.45850811   -393.10116526      47       0      42
  642     22.15945385    -60.96769945   -393.10116527      43       0      13
  643     10.25910367   -163.49006305   -393.10116528      15       0       2
  644     20.67127976    -49.72221478   -393.10116528       4       0       6
  645     20.05045838    -10.43132997   -393.10116528       6       0      10
  646     22.60601098     -3.66429066   -393.10116528       8       0      15
  647     29.28926482    -25.99599816   -393.10116525      15       0      18
  648     22.70492757   -114.26623440   -393.10116523      19       0      23
  649     12.23222801   -184.26696228   -393.10116527      22       0      20
  650     38.31702433    -33.47816700   -393.10116526      22       0      37
  651     38.15701407    -11.00222302   -393.10116527      38       0      38
  652     39.34935869    -16.46972671   -393.10116526      43       0      40
  653     37.86775382    -24.32038982   -393.10116526      38       0      50
  654     34.44389743    -19.00918775   -393.10116528      54       0      44
  655     39.14648869    -18.95223154   -393.10116528      49       0      49
  656     26.39511558    -48.72638415   -393.10116524      52       0      48
  657     46.10754003     -8.56795888   -393.10116527      50       0      44
  658     33.73509302    -54.02352218   -393.10116524      48       0      41
  659     11.70949814   -153.82483150   -393.10116526      40       0      13
  660      4.49533133   -319.09506793   -393.10116527      17       0       4
  661     16.02050931    -89.01313292   -393.10116527       5       0       7
  662     20.03746565    -80.56267612   -393.10116527       8       0      10
  663     12.38485559   -166.93114722   -393.10116528      10       0      13
  664     26.88539185    -24.82883974   -393.10116526      13       0      20
  665     17.13909766   -164.12431105   -393.10116526      20       0      20
  666     19.98344114    -57.84909610   -393.10116526      19       0      20
  667     27.06467525     -8.26271592   -393.10116527      20       0      34
  668     26.31736333    -28.71649667   -393.10116524      35       0      43
  669     31.57062617    -81.34692295   -393.10116524      45       0      38
  670     38.34890909    -31.89112217   -393.10116527      44       0      45
  671     43.35622090    -19.50280498   -393.10116527      53       0      47
  672     44.47780781    -17.74277533   -393.10116527      48       0      51
  673     34.53203477    -44.07470957   -393.10116528      50       0      48
  674     39.79567659    -43.46212490   -393.10116524      53       0      48
  675     36.35141805    -17.77217143   -393.10116528      51       0      35
  676     23.05044624    -42.78156254   -393.10116525      36       0      16
  677     19.98300753   -101.74630910   -393.10116525      17       0       5
  678      1.72118018   -359.05070045   -393.10116522       7       0       7
  679     11.83061240   -205.71722350   -393.10116527       8       0      10
  680     23.39207150    -77.91562360   -393.10116522      10       0      13
  681     13.97357921    -98.20714719   -393.10116527      13       0      20
  682     20.17551644   -102.36374128   -393.10116527      19       0      19
  683     13.43420902   -152.23621391   -393.10116522      19       0      21
  684     24.20640544    -40.18021111   -393.10116527      21       0      32
  685     27.23843405    -78.56803584   -393.10116528      30       0      37
  686     24.21733724   -106.55009245   -393.10116528      39       0      40
  687     26.05811506    -40.72287085   -393.10116526      46       0      47
  688     41.16657131    -13.51205272   -393.10116528      51       0      51
  689     30.17132934    -19.97116298   -393.10116524      52       0      49
  690     21.58953353   -156.61931698   -393.10116528      53       0      48
  691     41.84612097    -21.23307600   -393.10116528      53       0      47
  692     23.56972391   -158.97573720   -393.10116526      47       0      37
  693     18.31449875    -23.88184920   -393.10116526      47       0      17
  694      2.60381482   -337.58555847   -393.10116527      18       0       5
  695     15.52610759    -83.37266429   -393.10116526       6       0       7
  696     21.23900402    -57.60355545   -393.10116527       7       0      10
  697     14.09584009   -183.71976885   -393.10116526      10       0      14
  698     28.36927798    -98.16327117   -393.10116526      14       0      19
  699     12.72797887   -180.25209400   -393.10116528      19       0      19
  700     19.43985185    -52.68371370   -393.10116528      18       0      22
  701     31.89959318    -39.78475416   -393.10116528      22       0      28
  702     37.32528301    -34.68404444   -393.10116525      28       0      36
  703     26.30259318    -87.77490691   -393.10116528      38       0      38
  704     40.26710605    -13.27614015   -393.10116527      43       0      49
  705     41.49247121    -16.86284145   -393.10116525      54       0      53
  706     29.71870063    -12.61784981   -393.10116527      52       0      45
  707     45.54117943     -5.98713304   -393.10116526      52       0      52
  708     40.90098360    -39.17563764   -393.10116525      56       0      43
  709     39.52584166    -25.99334065   -393.10116528      52       0      42
  710     10.38620291   -222.97515203   -393.10116525      48       0      19
  711      8.67376268   -209.87962660   -393.10116527      23       0       4
  712     24.85474820    -38.16548149   -393.10116525       6       0       7
  713     30.97073798    -17.80516772   -393.10116528       7       0      10
  714     23.07047255    -26.75190369   -393.10116525      10       0      14
  715     18.79036841    -64.60087037   -393.10116526      13       0      20
  716     17.79244624    -28.72517487   -393.10116528      20       0      18
  717     27.83794176    -14.13160832   -393.10116526      18       0      21
  718     21.73711006   -135.36472166   -393.10116528      21       0      26
  719     39.39433799    -21.18117329   -393.10116528      23       0      32
  720     28.08193605    -14.28426364   -393.10116527      32       0      43
  721     42.12793615     -7.94620449   -393.10116521      43       0      46
  722     48.32537888    -16.69339324   -393.10116526      48       0      54
  723     37.05065938    -24.30666178   -393.10116528      56       0      46
  724     36.60341727    -30.30215573   -393.10116521      55       0      46
  725     42.94169856    -27.07815378   -393.10116527      49       0      47
  726     34.02637176    -38.96516857   -393.10116526      50       0      43
  727     24.36129055    -30.95777792   -393.10116526      53       0      23
  728     13.80964538    -96.80571797   -393.10116528      25       0       4
  729     17.03277601    -88.75563991   -393.10116528       6       0       7
  730     18.11228034   -114.18107767   -393.10116528       7       0      10
  731     33.68467611     -6.65669381   -393.10116528      10       0      15
  732     18.74123941   -108.65288161   -393.10116526      15       0      19
  733     17.77873144   -168.27541972   -393.10116525      18       0      18
  734     29.40609472    -21.73459681   -393.10116525      22       0      22
  735     17.38366973    -79.28201616   -393.10116528      23       0      26
  736     27.76285354    -18.73874542   -393.10116527      24       0      30
  737     35.48874596    -36.63668784   -393.10116528      33       0      42
  738     29.78126628    -20.24812564   -393.10116521      36       0      42
  739     41.34746831    -53.49152338   -393.10116527      46       0      56
  740     30.10645313    -56.32272853   -393.10116525      56       0      47
  741     41.52726118    -12.31894047   -393.10116526      54       0      41
  742     44.46873797    -17.05525300   -393.10116526      45       0      50
  743     42.79149686    -33.21149658   -393.10116527      53       0      47
  744     23.41914459    -79.63457765   -393.10116522      55       0      22
  745     18.01670915    -34.52746598   -393.10116526      31       0       6
  746     20.87521577    -35.26901956   -393.10116525       8       0       7
  747      9.29069233   -220.88727704   -393.10116528       6       0      10
  748      7.41602479   -241.19798161   -393.10116525      10       0      15
  749     26.84550738    -12.44430873   -393.10116524      12       0      15
  750     30.86571468    -23.86709580   -393.10116525      17       0      21
  751     33.69953658    -36.37907592   -393.10116527      22       0      24
  752     32.75559031    -44.91488877   -393.10116528      23       0      24
  753     27.41754920    -90.18329541   -393.10116524      24       0      35
  754     40.10845368    -23.90366344   -393.10116524      33       0      32
  755     34.62248279    -38.48750812   -393.10116527      33       0      48
  756     39.66361505    -46.00042421   -393.10116524      41       0      49
  757     35.07907645    -31.27361804   -393.10116528      53       0      50
  758     39.17663116    -17.32270859   -393.10116525      53       0      44
  759     24.79854303    -91.44688258   -393.10116527      54       0      41
  760     32.97666402    -41.09644763   -393.10116522      40       0      51
  761     17.14512452   -167.17031621   -393.10116525      49       0      27
  762     13.51783221   -145.88600096   -393.10116527      34       0       8
  763      8.67053194   -265.61698358   -393.10116525      10       0       6
  764     16.88015137   -132.72257865   -393.10116527       5       0      11
  765      4.86858284   -288.33950097   -393.10116527      13       0      13
  766     19.72117712   -134.35384156   -393.10116527      13       0      15
  767     24.34831690    -70.60162991   -393.10116527      14       0      22
  768     26.56347939    -48.47290339   -393.10116527      25       0      25
  769     25.42796525    -14.57214344   -393.10116527      26       0      24
  770     27.38266006    -50.18104195   -393.10116526      24       0      32
  771     34.11302757    -11.76574316   -393.10116526      31       0      40
  772     26.42481691    -53.11097613   -393.10116525      37       0      39
  773     35.21477449    -67.26719011   -393.10116522      41       0      46
  774     33.23602643     -9.24552395   -393.10116522      47       0      52
  775     37.76290728    -71.30084107   -393.10116527      50       0      46
  776     46.78884140    -10.58260190   -393.10116526      54       0      46
  777     35.89212173    -37.41898365   -393.10116528      51       0      42
  778     41.53648003    -16.71202653   -393.10116528      41       0      32
  779     13.90241102   -134.98227637   -393.10116522      37       0      10
  780      5.98724208   -259.74792265   -393.10116527      17       0       3
  781     19.84520235    -90.08227811   -393.10116525       3       0      13
  782     21.88760921    -78.22983340   -393.10116527      14       0      13
  783     14.13759593   -137.36318815   -393.10116522      13       0      13
  784     29.78950148     -8.94020019   -393.10116525      13       0      23
  785     28.07874545    -78.48801090   -393.10116522      21       0      26
  786     30.69132788    -17.17933646   -393.10116523      27       0      25
  787     23.89483277   -139.37166784   -393.10116527      26       0      32
  788     36.24365968    -34.73029652   -393.10116527      28       0      35
  789     29.58765949    -33.15864032   -393.10116527      42       0      40
  790     31.58806020    -63.68308857   -393.10116524      36       0      48
  791     20.86666981   -187.03082099   -393.10116524      46       0      50
  792     30.11205064    -48.20901408   -393.10116523      53       0      45
  793     35.56582146    -39.59303675   -393.10116525      53       0      50
  794     38.61654562     -7.50170144   -393.10116527      46       0      39
  795     31.21687859    -34.03661338   -393.10116521      53       0      30
  796     18.53573620   -114.30371859   -393.10116524      31       0      14
  797     14.48217125   -113.33183874   -393.10116527      19       0       4
  798     15.98085693   -111.19413986   -393.10116526       5       0      13
  799     25.44849677    -59.04225061   -393.10116524      13       0      13
  800     20.14824269    -36.90946749   -393.10116526      13       0      13
  801     27.07364667    -98.05675261   -393.10116522      12       0      24
  802     19.77727299   -120.37086247   -393.10116524      22       0      23
  803     30.25265921    -22.75727739   -393.10116528      25       0      27
  804     32.69966658    -49.12955465   -393.10116521      25       0      29
  805     30.16125911    -63.49431131   -393.10116521      27       0      39
  806     34.24340048    -27.42500861   -393.10116522      39       0      41
  807     39.45833223    -28.62759333   -393.10116521      39       0      43
  808     37.19829315    -11.12047111   -393.10116521      43       0      48
  809     31.83042258    -74.16740766   -393.10116521      49       0      46
  810     30.28362696   -113.14065856   -393.10116526      45       0      47
  811     27.63932564    -41.92555524   -393.10116527      50       0      44
  812     32.18682226    -23.71721373   -393.10116527      49       0      30
  813     25.93606600    -67.89309388   -393.10116528      32       0      15
  814     17.91479318   -128.90640246   -393.10116522      19       0       5
  815     20.75847986   -115.78815835   -393.10116528       6       0      13
  816     16.98874963    -50.84783553   -393.10116528      12       0      14
  817     13.75784284   -127.93346303   -393.10116528      14       0      13
  818     27.72813150    -54.21875574   -393.10116526      13       0      22
  819     23.31800501    -24.43627711   -393.10116527      21       0      25
  820     17.39525041   -170.40542851   -393.10116527      25       0      27
  821     32.71414717    -61.66650331   -393.10116527      27       0      29
  822     34.50495713    -33.93885287   -393.10116524      25       0      37
  823     44.69426032    -15.61889030   -393.10116527      37       0      41
  824     33.08402342    -36.90852029   -393.10116527      48       0      44
  825     43.63078151    -28.30493986   -393.10116527      46       0      49
  826     18.09344525    -95.04766817   -393.10116525      57       0      44
  827     33.98383791    -20.00041022   -393.10116527      48       0      44
  828     32.31992543    -44.22980978   -393.10116528      49       0      46
  829     30.46280814    -22.56355836   -393.10116527      49       0      29
  830     17.34553735   -117.22893869   -393.10116527      32       0      17
  831     21.99203354    -10.70557523   -393.10116526      20       0       7
  832      7.52694014   -230.22276987   -393.10116526       9       0      12
  833     19.60057559    -45.43991166   -393.10116526      10       0      14
  834     27.31468514    -44.42334685   -393.10116526      15       0      13
  835     14.65955391   -142.80219526   -393.10116526      13       0      23
  836     33.00728290      2.88165915   -393.10116527      22       0      24
  837     21.60017760   -154.09206242   -393.10116527      24       0      29
  838     41.98976394    -32.08935065   -393.10116527      28       0      24
  839     19.73161356   -176.26765260   -393.10116528      22       0      33
  840     33.81924742    -48.93422088   -393.10116526      33       0      47
  841     36.53898494    -33.28749889   -393.10116527      51       0      38
  842     47.08857840     -4.65080515   -393.10116524      43       0      51
  843     35.33095968    -61.50263368   -393.10116528      48       0      45
  844     28.93628114    -85.50069330   -393.10116527      52       0      47
  845     29.70946432    -45.63297503   -393.10116526      48       0      44
  846     30.03449595    -30.13160979   -393.10116528      44       0      29
  847     20.87223757   -101.79684103   -393.10116526      37       0      19
  848     17.01945356    -49.76226070   -393.10116527      23       0       9
  849     23.45313021    -56.74115696   -393.10116524      11       0      11
  850     22.13215711   -139.35225926   -393.10116524      11       0      14
  851     21.10180755    -52.20232143   -393.10116527      12       0      14
  852     22.00962572    -12.61147953   -393.10116527      15       0      22
  853     25.79158891    -64.32658679   -393.10116526      20       0      24
  854     20.42267519    -28.98433337   -393.10116526      24       0      30
  855     18.90512699   -127.89632628   -393.10116527      30       0      22
  856     34.41857946    -49.37539954   -393.10116528      23       0      31
  857     26.97150402    -69.18111734   -393.10116519      29       0      46
  858     38.15783014    -32.09179390   -393.10116527      48       0      45
  859     37.10698473     -7.95795159   -393.10116526      48       0      41
  860     51.50039392    -23.92043112   -393.10116527      44       0      48
  861     37.92662016    -10.01142611   -393.10116527      50       0      48
  862     39.61122642    -28.72089731   -393.10116524      47       0      43
  863     25.43388095    -36.03531026   -393.10116527      48       0      31
  864     30.25137779     -9.47164699   -393.10116527      33       0      20
  865     19.13021998   -126.77962730   -393.10116528      23       0      10
  866     15.22349275   -152.70033154   -393.10116527      11       0      12
  867     12.67512383   -135.41515685   -393.10116525      14       0      13
  868     21.80117676    -41.09143173   -393.10116521      11       0      15
  869     19.62656979   -139.70975922   -393.10116525      15       0      21
  870     20.52789584   -128.43090599   -393.10116521      20       0      23
  871     16.72998650    -55.97696355   -393.10116527      25       0      32
  872     12.51808215   -189.12378160   -393.10116528      30       0      22
  873     41.93775877    -23.86388141   -393.10116522      24       0      28
  874     39.79038045    -12.36797600   -393.10116528      25       0      44
  875     27.26107879    -72.06077952   -393.10116528      42       0      46
  876     30.57748809    -99.86576965   -393.10116522      50       0      41
  877     33.23600254    -28.63311030   -393.10116526      44       0      49
  878     31.18884572    -20.59129850   -393.10116528      50       0      47
  879     34.66134541    -38.89905346   -393.10116527      51       0      47
  880     23.40913416   -115.07417944   -393.10116528      52       0      27
  881     20.94683743   -102.12546441   -393.10116528      34       0      22
  882     15.26061191   -137.33318994   -393.10116525      24       0      10
  883     17.06151126   -154.86391541   -393.10116527      13       0      15
  884     23.88096178    -62.87274019   -393.10116527      15       0      11
  885     22.17937022    -15.94124104   -393.10116528      10       0      16
  886     23.98607389    -84.45738202   -393.10116527      16       0      18
  887     27.33659869    -67.14105972   -393.10116528      19       0      24
  888     37.27127982    -56.22117568   -393.10116527      26       0      34
  889     35.04947649    -22.33510851   -393.10116527      34       0      22
  890     33.63973450    -32.63266585   -393.10116526      29       0      28
  891     36.93640534    -11.00194116   -393.10116527      28       0      39
  892     40.72072447    -48.31155976   -393.10116527      40       0      47
  893     29.33743382    -86.45601562   -393.10116526      46       0      42
  894     39.67199362    -32.27954400   -393.10116525      42       0      48
  895     20.83651663   -126.28944810   -393.10116528      50       0      45
  896     26.82375023    -40.09998481   -393.10116525      50       0      45
  897     32.84024236    -19.14828639   -393.10116525      51       0      33
  898     18.83108463   -145.49455024   -393.10116527      44       0      22
  899     16.73136813    -71.99512622   -393.10116525      19       0      11
  900     13.25418585   -204.67652513   -393.10116526      12       0      16
  901     19.40336794   -111.92115376   -393.10116524      18       0      10
  902     16.23358116   -147.48063740   -393.10116525      11       0      15
  903     17.66149265    -69.53602884   -393.10116526      15       0      17
  904     23.69674541    -68.15199859   -393.10116527      16       0      24
  905     22.03533951    -57.27460049   -393.10116527      21       0      30
  906     27.07723896    -45.55070836   -393.10116528      31       0      28
  907     36.13312318    -15.79085667   -393.10116526      30       0      26
  908     19.64964346    -88.13267975   -393.10116527      24       0      40
  909     39.27630622    -38.53470454   -393.10116526      37       0      46
  910     34.31899231    -19.79748752   -393.10116524      45       0      41
  911     39.80498464    -39.82463924   -393.10116528      40       0      49
  912     25.99506641    -73.84334003   -393.10116526      50       0      40
  913     32.77913103    -22.61984896   -393.10116528      43       0      46
  914     33.90148605    -28.65898468   -393.10116524      47       0      41
  915     21.62373202   -131.98533172   -393.10116522      38       0      19
  916     18.36923763    -90.01665990   -393.10116526      26       0      10
  917     23.10838197    -41.53606672   -393.10116520      12       0      18
  918     11.83840679   -214.67962319   -393.10116527      19       0      10
  919     24.91752130    -88.68642599   -393.10116522      11       0      15
  920     19.39977975    -84.28789765   -393.10116526      15       0      19
  921     22.07953490    -35.09743420   -393.10116526      19       0      23
  922     19.23807665    -89.50356659   -393.10116526      21       0      27
  923     29.87466269    -89.79169464   -393.10116525      27       0      31
  924     18.97730357   -145.53129964   -393.10116520      35       0      27
  925     27.75405421    -48.05600748   -393.10116525      28       0      39
  926     11.09393213   -233.74105440   -393.10116527      38       0      44
  927     32.92635368    -25.17406686   -393.10116528      38       0      43
  928     29.48618887    -43.42056282   -393.10116520      49       0      43
  929     37.08524542    -51.16605566   -393.10116523      45       0      47
  930     30.34856618    -36.16745237   -393.10116525      46       0      43
  931     33.68912959    -19.19564531   -393.10116525      44       0      40
  932     27.17015484    -23.30377303   -393.10116526      40       0      19
  933     12.21884431   -208.49537619   -393.10116526      22       0      10
  934     28.36624505    -37.59335045   -393.10116523      11       0      20
  935     16.83822537   -151.60929653   -393.10116528      20       0      10
  936     28.92113228    -25.24206764   -393.10116527      10       0      15
  937     34.31900181    -37.79536164   -393.10116524      14       0      18
  938     24.32107242   -117.27951646   -393.10116524      19       0      26
  939     29.90137078    -29.90068201   -393.10116527      26       0      20
  940     31.48960726    -88.18227588   -393.10116526      23       0      37
  941     21.06227825    -79.09661462   -393.10116525      35       0      27
  942     36.98677638    -19.96740078   -393.10116526      30       0      37
  943     36.36896750    -54.46244338   -393.10116525      36       0      45
  944     28.09183557   -124.48757673   -393.10116523      47       0      41
  945     38.68408091    -37.64074998   -393.10116524      46       0      44
  946     32.31147828    -23.23412024   -393.10116524      45       0      47
  947     36.39714190    -39.28427032   -393.10116527      56       0      44
  948     32.27879085    -41.16391218   -393.10116527      45       0      39
  949     21.89575148    -52.88312349   -393.10116527      47       0      20
  950     13.43117538   -199.77927881   -393.10116524      24       0      10
  951     21.20141784    -61.15369236   -393.10116527      13       0      20
  952     14.51097510   -199.89285452   -393.10116525      19       0      11
  953     10.60527295   -225.37111965   -393.10116525      11       0      13
  954     18.78569975   -139.21684167   -393.10116528      13       0      19
  955     25.08668337    -70.89040783   -393.10116528      21       0      23
  956     20.81123343   -105.79892280   -393.10116527      22       0      22
  957     29.97072633    -46.04239255   -393.10116527      22       0      37
  958     26.00038337   -122.20426093   -393.10116526      38       0      29
  959     27.11863380     -6.48684393   -393.10116526      30       0      32
  960     38.35867983    -19.90120928   -393.10116526      33       0      44
  961     29.17296027    -29.95285666   -393.10116526      41       0      42
  962     34.72210355    -53.17628917   -393.10116525      47       0      43
  963     41.74629692    -21.43654656   -393.10116525      43       0      52
  964     42.87783833    -28.37664096   -393.10116527      52       0      35
  965     30.97469458    -16.05650498   -393.10116527      40       0      45
  966     38.57417598    -32.55938130   -393.10116526      47       0      21
  967     13.23703603   -114.24618667   -393.10116526      28       0      13
  968     25.58998826    -21.66341162   -393.10116527      17       0      19
  969     15.31209518   -183.96389696   -393.10116526      15       0      11
  970     10.40705515   -213.91864468   -393.10116526      15       0      11
  971     27.75185916    -32.66278057   -393.10116528      13       0      22
  972     30.40813216    -32.75291728   -393.10116528      22       0      22
  973     20.03479746    -94.75025952   -393.10116527      20       0      20
  974     38.06671450    -21.42144002   -393.10116527      21       0      36
  975     42.01316698    -19.39975790   -393.10116523      36       0      34
  976     22.85816406    -70.75630213   -393.10116526      35       0      31
  977     47.30435439     -8.88063759   -393.10116527      31       0      39
  978     29.94724538    -36.39001511   -393.10116527      37       0      44
  979     26.70104178    -78.95336540   -393.10116528      46       0      44
  980     41.62351051    -46.02212161   -393.10116527      46       0      46
  981     30.01078133    -21.09965955   -393.10116526      51       0      42
  982     26.95158568   -107.47707296   -393.10116526      41       0      41
  983     31.36305894    -14.31639717   -393.10116527      42       0      22
  984     18.99747085   -163.25504281   -393.10116526      31       0      16
  985     27.05741853    -18.37758192   -393.10116524      22       0      19
  986     16.61182442    -82.91753553   -393.10116526      19       0       9
  987      4.38297988   -300.52953451   -393.10116528       9       0      13
  988     19.90485617     -5.17896639   -393.10116524      12       0      22
  989     19.98289574   -125.33236145   -393.10116524      20       0      22
  990     19.90991715    -76.10722316   -393.10116528      21       0      20
  991     29.20681243    -18.34949866   -393.10116525      21       0      33
  992     35.80002742    -46.64243515   -393.10116526      32       0      38
  993     30.14041032    -62.95941913   -393.10116524      35       0      33
  994     17.61004753   -144.92482003   -393.10116527      36       0      32
  995     31.45088701   -100.86593946   -393.10116528      34       0      43
  996     52.43444961     -7.63871152   -393.10116527      45       0      47
  997     36.26762800     -2.40760597   -393.10116524      52       0      47
  998     32.54169862    -37.33475893   -393.10116524      52       0      40
  999     27.21740963    -81.80026894   -393.10116528      49       0      39
 1000     18.74054851    -64.89234580   -393.10116527      43       0      24
----------------------------------------------------------------------------------
Artificial Bee Colony Optimization Finished!

 -- Results Report --
 * 100 LMs will be saved in [ lm-na-3wat-2acn-LM ].
      #          Energy
      0   -393.10116526
      1   -392.83437338
      2   -392.83035440
      3   -392.53973331
      4   -392.53439651
      5   -391.93092662
      6   -391.92801303
      7   -391.92774617
      8   -391.92773268
      9   -391.92770263
     10   -391.92769039
     11   -390.46494694
     12   -390.46493556
     13   -390.46450926
     14   -390.45492306
     15   -385.76489641
     16   -385.71437462
     17   -385.22423387
     18   -385.00937028
     19   -384.78038653
     20   -384.77132237
     21   -384.60812706
     22   -384.58669297
     23   -384.08531240
     24   -384.08129248
     25   -384.05501443
     26   -383.94082167
     27   -383.91520655
     28   -383.82352568
     29   -383.77711036
     30   -383.75016927
     31   -383.70550222
     32   -383.53025276
     33   -383.42713223
     34   -383.34870654
     35   -383.15844072
     36   -382.93030653
     37   -382.72489674
     38   -382.72215569
     39   -382.71624124
     40   -382.54298644
     41   -382.51939761
     42   -382.42194506
     43   -382.32659409
     44   -382.27947923
     45   -382.25934752
     46   -382.21488559
     47   -382.20365580
     48   -381.81842511
     49   -380.91670732
     50   -377.32870357
     51   -376.13457781
     52   -375.17611677
     53   -375.10042782
     54   -374.82540550
     55   -373.73912265
     56   -373.47471711
     57   -372.82648090
     58   -372.41775012
     59   -372.33458034
     60   -371.97966020
     61   -371.74303225
     62   -371.64397507
     63   -371.45134879
     64   -371.37873117
     65   -371.24122431
     66   -371.18335501
     67   -371.10693009
     68   -371.07895236
     69   -370.97905848
     70   -370.90837429
     71   -370.88370546
     72   -370.87843134
     73   -370.84351265
     74   -370.84349933
     75   -370.84348895
     76   -370.84347735
     77   -370.84146170
     78   -370.84144863
     79   -370.73405396
     80   -370.73389660
     81   -370.73387673
     82   -370.50333276
     83   -370.41031823
     84   -370.33838822
     85   -370.33540849
     86   -369.80286626
     87   -369.72814502
     88   -369.71881050
     89   -369.70141288
     90   -369.67848361
     91   -369.64770072
     92   -369.58622896
     93   -369.40680478
     94   -369.14755650
     95   -369.05293099
     96   -368.79468904
     97   -368.79466733
     98   -368.79465571
     99   -368.79412009

 * Final Global Minimal Energy:   -393.10116527
 * The Global Minimum is saved as: [ lm-na-3wat-2acn-OPT.(cluster/xyz/gjf) ]

===== (^ _ ^) =====
Normal termination at Wed Nov 13 14:01:49 2019.
Total run time: 8046 seconds = 0 days 2 hours 14 minutes 6 seconds.
