    * * * * * * * * * * * * * * * * * * * * *
    *       __    ____    ______            *
    *      /  \  |  _ \  |  ___/  luster !  *
     *    / _  \ | |_| | | |               *
     *   / /_\ | |  _ <  | |     < @  @ >  * 
     *  / ___  | | |_| | | |___ _ _  o     * 
    *  /_/   |_| |____/  |_____ _ __ __  _  *
    *                                       *
    * * * * * * * * * * * * * * * * * * * * *

ABCluster 1.5.1
Specific flag:  official version
Platform:       LINUX/UNIX
Compiled by:    junzhang@gellmann.scs.illinois.edu
Compiling date: Dec 18 2017 20:33:35
C++ compiler:   g++
C++ options:    -O3 -Os -fno-exceptions --std=c++0x -fopenmp 

Contributors:
Jun Zhang(University of Cologne): Design and coding.

For any suggestions, comments, and questions on the theory and
implementation of ABCluster, please feel free to contact:

Dr. Jun Zhang, ZhangJunQcc@gmail.com

If you used this program in your work, please cite this reference:

[1] Zhang, J.; Dolg, M.; ABCluster: The Artificial Bee Colony Algorithm for
    Cluster Global Optimization. Phys. Chem. Chem. Phys. 2015, 17, 24173-24181.
[2] Zhang, J.; Dolg, M.; Global Optimization of Clusters of Rigid Molecules by the
    Artificial Bee Colony Algorithm. Phys. Chem. Chem. Phys. 2016, 18, 3003-3010.

Program starts at Tue Nov 27 15:57:05 2018.
Command line: " /ihome/jkeith/yab16/ABC/ABCluster-Linux/lib/rigidmol-optimizer co3_1_waters.inp "
Process ID:   189514
Run by:       yab16@smp-n24.crc.pitt.edu
Available CPU cores:    24
Read "OMP_NUM_THREADS": Unset

Random number testing (integers): 1076359850...459949159
Random number testing (fractals): 0.14473526...0.80526832

 -- Input/Output Parameters --
Input file name:      co3_1_waters.inp
Cluster file name:    input.cluster
Result file name:     co3_1_waters.(cluster/xyz/gjf)
Temporary file name:  abclusteryab16smp-n24.crc.pitt.edu189514-OPT
# of saved LMs:       100
LMs are stored in:    co3_1_waters-LM

 -- ABC Control Parameters --
Population size:                  500
Maximal generation:              1000
Scout limit:                       15
Amplitude:                 5.00000000

 -- Cluster Components: from [ input.cluster ] --
 -----------------------------------------------------------
   Source                                       #   Charge
 -----------------------------------------------------------
   /ihome/jkeith/yab16/ABC/ABCluster-Linux-0/rigidmolecularcluster/charmm36/tip4p.xyz     1    0.000
   /ihome/jkeith/yab16/ABC/ABCluster-Linux-0/rigidmolecularcluster/charmm36/co3.xyz     1   -2.000
 -----------------------------------------------------------
   Dimension: 0, an isolate cluster.
 -----------------------------------------------------------

Artificial Bee Colony Optimization Starts!
----------------------------------------------------------------------------------
 * Population: 500; Maximal cycles: 1000
 * EM = Employed Bee; Trigonometric mutation
 * OL = Onlooker Bee; ABC/best/2(0.5)+ABC/current/2(0.5);
        Tournament selection from 5 nectars.
 * SC = Scout Bee; Random nectar; Limit = 15
----------------------------------------------------------------------------------
    #       Diversity            maxE            minE    byEM    byOL    bySC
----------------------------------------------------------------------------------
    1      4.19044783    -67.20760016   -133.10754367     146       0       0
    2      3.77025832    -67.20760016   -133.10754367      61       0       0
    3      0.00711754   -133.07757341   -133.10754367      39       0       0
    4      0.00527477   -133.07757341   -133.10754367      14       0       0
    5      0.00376052   -133.07757341   -133.10754367       8       0       0
    6      0.00266988   -133.07757341   -133.10754367       4       0       0
    7      0.00231451   -133.07757341   -133.10754367       1       0       0
    8      0.00133897   -133.07757341   -133.10754367       2       0       0
    9      0.00000000   -133.10754367   -133.10754367       1       0       0
   10      0.00000000   -133.10754367   -133.10754367       0       0       0
   11      0.00000000   -133.10754367   -133.10754367       0       0       0
   12      0.00000000   -133.10754367   -133.10754367       0       0       0
   13      0.00000000   -133.10754367   -133.10754367       0       0       0
   14      0.00000000   -133.10754367   -133.10754367       0       0       0
   15      0.00000000   -133.10754367   -133.10754367       0       0       0
   16      0.00000000   -133.10754367   -133.10754367       0       0       0
   17      9.76504506    -40.99271733   -133.10754367       0       0     241
   18  81910.54988439 1833277.91844676   -133.10754367      70       0     242
   19      3.82519022    -67.70152489   -133.10754367     102       0      17
   20      0.00899108   -133.07757341   -133.10754367      57       0       0
   21      0.00677381   -133.07757341   -133.10754367      23       0       0
   22      0.00439614   -133.07757341   -133.10754367      16       0       0
   23      0.00298200   -133.07757341   -133.10754367       6       0       0
   24      0.00189169   -133.07757341   -133.10754367       3       0       0
   25      0.00133897   -133.07757341   -133.10754367       1       0       0
   26      0.00133897   -133.07757341   -133.10754367       0       0       0
   27      0.00000000   -133.10754367   -133.10754367       1       0       0
   28      0.00000000   -133.10754367   -133.10754367       0       0       0
   29      0.00000000   -133.10754367   -133.10754367       0       0       0
   30      0.00000000   -133.10754367   -133.10754367       0       0       0
   31      0.00000000   -133.10754367   -133.10754367       0       0       0
   32      0.00000000   -133.10754367   -133.10754367       0       0       0
   33      7.82935546    -27.86262459   -133.10754367       0       0     114
   34     10.34663830    -37.57929065   -133.10754367      34       0     231
   35      8.05153777    -18.55883614   -133.10754367      84       0     142
   36      0.01141328   -133.07757341   -133.10754367      81       0      12
   37      0.00907045   -133.07757341   -133.10754367      38       0       1
   38      0.00700535   -133.07757341   -133.10754367      22       0       0
   39      0.00376052   -133.07757341   -133.10754367      21       0       0
   40      0.00266988   -133.07757341   -133.10754367       4       0       0
   41      0.00189169   -133.07757341   -133.10754367       2       0       0
   42      0.00133897   -133.07757341   -133.10754367       1       0       0
   43      0.00133897   -133.07757341   -133.10754367       0       0       0
   44      0.00133897   -133.07757341   -133.10754367       0       0       0
   45      0.00000000   -133.10754367   -133.10754367       1       0       0
   46      0.00000000   -133.10754367   -133.10754367       0       0       0
   47      0.00000000   -133.10754367   -133.10754367       0       0       0
   48      0.00000000   -133.10754367   -133.10754367       0       0       0
   49      1.81231348    -92.54125889   -133.10754367       0       0      47
   50 149886.64442513 3354792.18235584   -133.10754367      11       0     174
   51      7.97944472    -56.04633206   -133.10754367      50       0     182
   52      6.40397470    -50.96222037   -133.10754367      75       0      84
   53      4.86374580    -34.16411744   -133.10754367      80       0      12
   54      0.00803717   -133.07757341   -133.10754367      30       0       1
   55      0.00573020   -133.07757341   -133.10754367      20       0       0
   56      0.00419584   -133.07757341   -133.10754367       9       0       0
   57      0.00326332   -133.07757341   -133.10754367       4       0       0
   58      0.00231451   -133.07757341   -133.10754367       3       0       0
   59      0.00133897   -133.07757341   -133.10754367       2       0       0
   60      0.00133897   -133.07757341   -133.10754367       0       0       0
   61      0.00000000   -133.10754367   -133.10754367       1       0       0
   62      0.00000000   -133.10754367   -133.10754367       0       0       0
   63      0.00000000   -133.10754367   -133.10754367       0       0       0
   64      0.00000000   -133.10754367   -133.10754367       0       0       0
   65      5.25191646    -49.33395491   -133.10754367       0       0      23
   66      7.99989773    -41.79271004   -133.10754367       9       0     108
   67 33669226.47755383 753610897.54915094   -133.10754367      38       0     171
   68      7.97414992    -41.82179106   -133.10754367      63       0     125
   69      5.01153175    -51.36042705   -133.10754367      65       0      66
   70      0.00907045   -133.07757341   -133.10754367      47       0       3
   71      4.35869394    -35.54495864   -133.10754367      22       0       4
   72      0.00527477   -133.07757341   -133.10754367      15       0       0
   73      0.00439614   -133.07757341   -133.10754367       5       0       0
   74      0.00326332   -133.07757341   -133.10754367       5       0       0
   75      0.00231451   -133.07757341   -133.10754367       3       0       0
   76      0.00133897   -133.07757341   -133.10754367       2       0       0
   77      0.00000000   -133.10754367   -133.10754367       1       0       0
   78      0.00000000   -133.10754367   -133.10754367       0       0       0
   79      0.00000000   -133.10754367   -133.10754367       0       0       0
   80      0.00000000   -133.10754367   -133.10754367       0       0       0
   81      2.16213108    -84.71220028   -133.10754367       0       0      11
   82      5.05789175    -56.25830550   -133.10754367       3       0      59
   83      8.04559904    -38.60639871   -133.10754367      23       0     143
   84      6.73322442    -62.78173583   -133.10754367      54       0     140
   85      6.00533918    -28.91604681   -133.10754367      60       0     106
   86      3.45917314    -77.21608186   -133.10754367      66       0      34
   87      3.47934095    -61.15015121   -133.10754367      37       0       6
   88      0.00587295   -133.07757341   -133.10754367      24       0       0
   89      0.00376052   -133.07757341   -133.10754367      12       0       1
   90      0.00133897   -133.07757341   -133.10754367       7       0       0
   91      0.00000000   -133.10754367   -133.10754367       1       0       0
   92      0.00000000   -133.10754367   -133.10754367       0       0       0
   93      0.00000000   -133.10754367   -133.10754367       0       0       0
   94      0.00000000   -133.10754367   -133.10754367       0       0       0
   95      0.00000000   -133.10754367   -133.10754367       0       0       0
   96      0.00000000   -133.10754367   -133.10754367       0       0       0
   97      0.54560533   -120.89517253   -133.10754367       0       0       6
   98      6.85695074    -22.75921253   -133.10754367       3       0      31
   99      9.55133928    -19.03145220   -133.10754367      14       0      88
  100      6.33169702    -35.21711366   -133.10754367      38       0     157
  101      6.87043787    -59.08652643   -133.10754367      66       0     113
  102      4.57782160    -70.73458142   -133.10754367      56       0      78
  103      0.30384854   -126.30637878   -133.10754367      52       0      21
  104      3.73571950    -49.48873060   -133.10754367      28       0       4
  105      0.00601171   -133.07757341   -133.10754367      18       0       2
  106      0.00398458   -133.07757341   -133.10754367      12       0       0
  107      0.00298200   -133.07757341   -133.10754367       4       0       0
  108      0.00133897   -133.07757341   -133.10754367       4       0       0
  109      0.00133897   -133.07757341   -133.10754367       0       0       0
  110      0.00133897   -133.07757341   -133.10754367       0       0       0
  111      0.00000000   -133.10754367   -133.10754367       1       0       0
  112      0.00000000   -133.10754367   -133.10754367       0       0       0
  113      0.00189169   -133.07757341   -133.10754367       0       0       3
  114      3.02421196    -81.06078766   -133.10754367       1       0      14
  115      5.15159889    -61.27575778   -133.10754367       6       0      53
  116      9.03801675    -23.74649873   -133.10754367      17       0     121
  117      7.42038417    -50.47507160   -133.10754367      57       0     144
  118      4.84020345    -46.13636493   -133.10754367      75       0      93
  119      3.32655959    -70.75584112   -133.10754367      56       0      51
  120      3.65676648    -70.80667187   -133.10754367      36       0      15
  121      0.00627832   -133.07757341   -133.10754367      26       0       3
  122      0.00476932   -133.07757341   -133.10754367      12       0       3
  123      0.00326332   -133.07757341   -133.10754367       7       0       0
  124      0.00231451   -133.07757341   -133.10754367       3       0       0
  125      0.00231451   -133.07757341   -133.10754367       0       0       0
  126      0.00000000   -133.10754367   -133.10754367       3       0       0
  127      0.00000000   -133.10754367   -133.10754367       0       0       0
  128      0.00000000   -133.10754367   -133.10754367       0       0       0
  129      0.00000000   -133.10754367   -133.10754367       0       0       1
  130      0.00231451   -133.07757341   -133.10754367       0       0       8
  131      4.45110909    -48.64041704   -133.10754367       2       0      25
  132      6.81716192    -53.87919285   -133.10754367      11       0      89
  133      3.58900711    -77.25154075   -133.10754367      44       0     123
  134      8.71222116     -6.73488144   -133.10754367      46       0     129
  135      4.52496182    -67.18460630   -133.10754367      54       0      72
  136      3.85334570    -67.59165466   -133.10754367      55       0      39
  137      2.73589279    -71.86782836   -133.10754367      41       0      10
  138      0.00640663   -133.07757341   -133.10754367      15       0       2
  139      0.21012623   -128.40457777   -133.10754367      16       0       2
  140      0.00266988   -133.07757341   -133.10754367       6       0       0
  141      0.00231451   -133.07757341   -133.10754367       1       0       0
  142      0.00189169   -133.07757341   -133.10754367       1       0       0
  143      0.00000000   -133.10754367   -133.10754367       2       0       0
  144      0.00000000   -133.10754367   -133.10754367       0       0       0
  145      0.00133897   -133.07757341   -133.10754367       0       0       1
  146      0.33090482   -125.70087750   -133.10754367       0       0       5
  147      0.00376052   -133.07757341   -133.10754367       3       0      10
  148      4.81170974    -66.11242164   -133.10754367       4       0      48
  149      8.01320622    -33.74336872   -133.10754367      18       0     118
  150      5.30913879    -47.27991529   -133.10754367      33       0     121
  151      7.22802718    -19.20548856   -133.10754367      62       0     104
  152      6.71035334    -47.63975934   -133.10754367      59       0      49
  153      3.12064820    -63.25507587   -133.10754367      34       0      34
  154      1.82231148    -92.31691831   -133.10754367      21       0       8
  155      0.00419584   -133.07757341   -133.10754367      25       0       0
  156      0.00266988   -133.07757341   -133.10754367       7       0       2
  157      0.00189169   -133.07757341   -133.10754367       2       0       0
  158      0.00133897   -133.07757341   -133.10754367       1       0       0
  159      0.00133897   -133.07757341   -133.10754367       0       0       0
  160      0.00133897   -133.07757341   -133.10754367       0       0       0
  161      0.00000000   -133.10754367   -133.10754367       1       0       0
  162      0.00000000   -133.10754367   -133.10754367       0       0       3
  163      2.53673173    -76.32763744   -133.10754367       0       0       6
  164      5.18763785    -16.99164249   -133.10754367       1       0      30
  165      2.65267191    -86.22050678   -133.10754367       8       0      82
  166      4.74193446    -59.58834739   -133.10754367      25       0     117
  167      3.74186544    -58.54328041   -133.10754367      43       0     116
  168      7.43641150    -16.16176872   -133.10754367      54       0      71
  169      8.08410050     -0.00000825   -133.10754367      46       0      46
  170      0.00866218   -133.07757341   -133.10754367      44       0      23
  171      0.00677381   -133.07757341   -133.10754367      21       0       4
  172      0.00476932   -133.07757341   -133.10754367      15       0       1
  173      0.00352122   -133.07757341   -133.10754367       7       0       1
  174      0.00189169   -133.07757341   -133.10754367       5       0       0
  175      0.00133897   -133.07757341   -133.10754367       1       0       0
  176      0.00000000   -133.10754367   -133.10754367       1       0       0
  177      0.00000000   -133.10754367   -133.10754367       0       0       0
  178      0.00133897   -133.07757341   -133.10754367       0       0       3
  179      0.00231451   -133.07757341   -133.10754367       1       0       4
  180      4.85206955    -24.50275169   -133.10754367       1       0      21
  181      6.28784886    -28.95072623   -133.10754367       7       0      45
  182      6.12852306    -64.27003297   -133.10754367      17       0     103
  183      5.29693463    -54.49672919   -133.10754367      45       0     113
  184      8.06597807    -55.64175967   -133.10754367      52       0      99
  185      1.88340515    -98.44184718   -133.10754367      49       0      53
  186      7.24145783    -27.01817202   -133.10754367      36       0      41
  187      4.24422994    -38.10640243   -133.10754367      31       0      14
  188      3.20363655    -61.39890261   -133.10754367      17       0       2
  189      0.00439614   -133.07757341   -133.10754367      16       0       1
  190      0.00352122   -133.07757341   -133.10754367       4       0       1
  191      0.00298200   -133.07757341   -133.10754367       2       0       0
  192      0.00133897   -133.07757341   -133.10754367       4       0       0
  193      0.00000000   -133.10754367   -133.10754367       1       0       0
  194      0.00133897   -133.07757341   -133.10754367       0       0       2
  195      0.00133897   -133.07757341   -133.10754367       1       0       2
  196      3.12312258    -82.57504291   -133.10754367       1       0      15
  197      1.63098675    -98.97381499   -133.10754367       4       0      29
  198 177246.52186706 3967189.53992797   -133.10754367      14       0      67
  199      7.77264752    -42.15603206   -133.10754367      27       0     111
  200      8.72332194     -3.75007257   -133.10754367      53       0     113
  201      2.86335137    -81.70909865   -133.10754367      63       0      72
  202      5.35749954    -42.51592628   -133.10754367      47       0      43
  203      2.66106877    -73.54160223   -133.10754367      26       0      31
  204      1.76185972   -103.30650807   -133.10754367      29       0      10
  205      0.00614675   -133.07757341   -133.10754367      16       0       4
  206      0.00476932   -133.07757341   -133.10754367       9       0       1
  207      0.00352122   -133.07757341   -133.10754367       6       0       0
  208      0.00189169   -133.07757341   -133.10754367       5       0       0
  209      0.00189169   -133.07757341   -133.10754367       0       0       0
  210      0.00133897   -133.07757341   -133.10754367       2       0       1
  211      0.00000000   -133.10754367   -133.10754367       1       0       2
  212      0.00266988   -133.07757341   -133.10754367       0       0       8
  213      2.52064758    -76.68696985   -133.10754367       1       0      19
  214      2.15119472    -84.95555095   -133.10754367       8       0      42
  215  72877.91511375 1631098.91383821   -133.10754367      17       0      88
  216      5.50803581    -50.09783482   -133.10754367      32       0     106
  217      5.65930122    -49.17252885   -133.10754367      50       0     106
  218      6.09050273    -38.51055995   -133.10754367      43       0      59
  219      5.34458533    -22.90114289   -133.10754367      44       0      32
  220      0.06585656   -131.64332094   -133.10754367      34       0      26
  221      1.98101526    -89.23869957   -133.10754367      20       0       7
  222      0.29283408   -126.55311482   -133.10754367      15       0       4
  223      0.00419584   -133.07757341   -133.10754367       7       0       0
  224      0.00266988   -133.07757341   -133.10754367       6       0       0
  225      0.00133897   -133.07757341   -133.10754367       3       0       0
  226      0.00133897   -133.07757341   -133.10754367       0       0       0
  227      0.00189169   -133.07757341   -133.10754367       0       0       3
  228      0.00326332   -133.07757341   -133.10754367       0       0       4
  229      2.68303110    -73.05247991   -133.10754367       2       0      11
  230      0.00527477   -133.07757341   -133.10754367       8       0      28
  231      4.49892141    -73.32579527   -133.10754367      10       0      64
  232      6.36103397    -66.61290843   -133.10754367      20       0      96
  233      6.85473020    -39.44081612   -133.10754367      30       0     119
  234 2703749.14930201 60518084.99415715   -133.10754367      53       0      65
  235      5.76969530    -48.58817126   -133.10754367      42       0      56
  236      0.00849042   -133.07757341   -133.10754367      42       0      25
  237      1.84092177    -91.90015639   -133.10754367      18       0      22
  238      0.00640663   -133.07757341   -133.10754367      19       0       4
  239      0.00494428   -133.07757341   -133.10754367      10       0       3
  240      0.00266988   -133.07757341   -133.10754367      10       0       0
  241      0.00000000   -133.10754367   -133.10754367       4       0       0
  242      0.00000000   -133.10754367   -133.10754367       0       0       0
  243      0.00000000   -133.10754367   -133.10754367       0       0       2
  244      0.00133897   -133.07757341   -133.10754367       0       0       1
  245      5.83613910    -35.97318566   -133.10754367       1       0       7
  246      6.23642393    -35.25796525   -133.10754367       3       0      24
  247      5.28311715    -50.68545300   -133.10754367       7       0      49
  248      5.82697974    -49.72166256   -133.10754367      22       0      70
  249      3.54688085    -71.70640306   -133.10754367      22       0     106
  250      5.65263418    -57.26413378   -133.10754367      30       0      98
  251      4.55434224    -31.16331165   -133.10754367      49       0      52
  252      3.99990028    -74.97379828   -133.10754367      46       0      53
  253      3.85344480    -66.87828862   -133.10754367      30       0      18
  254      2.21565786    -89.66666482   -133.10754367      22       0      13
  255      1.82641563    -92.22600668   -133.10754367      18       0       7
  256      0.00352122   -133.07757341   -133.10754367       9       0       0
  257      0.00298200   -133.07757341   -133.10754367       2       0       0
  258      0.00266988   -133.07757341   -133.10754367       1       0       0
  259      0.00266988   -133.07757341   -133.10754367       2       0       2
  260      0.00133897   -133.07757341   -133.10754367       3       0       0
  261      4.09893805    -41.81248951   -133.10754367       1       0       5
  262      3.82701149    -47.44682304   -133.10754367       2       0      15
  263      3.86682505    -65.14852086   -133.10754367       3       0      34
  264      5.32049304    -39.97591264   -133.10754367      11       0      66
  265      3.56430951    -79.41723614   -133.10754367      24       0      81
  266      4.18854708    -76.27388950   -133.10754367      28       0     102
  267     10.02447520    -19.81152489   -133.10754367      50       0      79
  268      4.39150868    -59.19504850   -133.10754367      54       0      45
  269      3.63880762    -65.96484601   -133.10754367      36       0      40
  270      2.80193714    -70.39019238   -133.10754367      27       0      14
  271      0.00558316   -133.07757341   -133.10754367      15       0      12
  272      1.06181471   -109.34040944   -133.10754367      10       0       5
  273      0.00266988   -133.07757341   -133.10754367       8       0       0
  274      0.00189169   -133.07757341   -133.10754367       2       0       0
  275      0.00133897   -133.07757341   -133.10754367       1       0       0
  276      0.00189169   -133.07757341   -133.10754367       1       0       2
  277      0.00189169   -133.07757341   -133.10754367       2       0       3
  278      0.00189169   -133.07757341   -133.10754367       2       0       8
  279      2.35676159    -86.15717485   -133.10754367       1       0      31
  280      6.41068088    -22.05579354   -133.10754367      11       0      44
  281      6.63048654    -69.00487518   -133.10754367      17       0      68
  282 6534278.44673383 146257105.78188750   -133.10754367      30       0      93
  283      7.03899821     -9.54618629   -133.10754367      33       0      81
  284      6.60970018    -31.20522497   -133.10754367      44       0      74
  285      0.01109726   -133.07757341   -133.10754367      41       0      46
  286      1.45270093   -100.58934878   -133.10754367      46       0      29
  287      2.60762094    -74.73917329   -133.10754367      19       0      10
  288      0.00614675   -133.07757341   -133.10754367      19       0       7
  289      0.00543148   -133.07757341   -133.10754367       7       0       4
  290      0.00326332   -133.07757341   -133.10754367      11       0       0
  291      0.00231451   -133.07757341   -133.10754367       3       0       0
  292      0.00189169   -133.07757341   -133.10754367       1       0       0
  293      0.00231451   -133.07757341   -133.10754367       0       0       3
  294      4.13338284    -56.89307436   -133.10754367       1       0       8
  295      0.00458692   -133.07757341   -133.10754367       6       0      16
  296      0.00640663   -133.07757341   -133.10754367       4       0      29
  297      2.49192487    -91.75745962   -133.10754367      11       0      67
  298      3.71547318    -64.67283091   -133.10754367      21       0      74
  299      7.24386471    -32.47086904   -133.10754367      28       0      87
  300      6.65217350    -50.09654562   -133.10754367      39       0      81
  301      3.18957506    -72.13443665   -133.10754367      51       0      47
  302      5.20837919    -71.08960988   -133.10754367      40       0      54
  303      2.15334580    -84.90698620   -133.10754367      44       0      18
  304      0.00711754   -133.07757341   -133.10754367      16       0       6
  305      0.00527477   -133.07757341   -133.10754367      18       0       8
  306      2.17565963    -84.40898057   -133.10754367       4       0       2
  307      0.00326332   -133.07757341   -133.10754367       8       0       0
  308      0.00266988   -133.07757341   -133.10754367       2       0       0
  309      1.23969959   -105.35916812   -133.10754367       3       0       2
  310      0.32393749   -125.85683166   -133.10754367       2       0       4
  311      0.00352122   -133.07757341   -133.10754367       2       0      10
  312      1.03290495   -109.98746291   -133.10754367       3       0      24
  313      3.97892556    -62.45127484   -133.10754367      10       0      47
  314      5.28047099    -62.45127484   -133.10754367      14       0      72
  315      6.05955338    -54.54228535   -133.10754367      27       0      80
  316      5.58491214    -42.09213466   -133.10754367      43       0      74
  317      5.36239717    -38.51670924   -133.10754367      38       0      64
  318      1.24005106   -105.91427526   -133.10754367      39       0      57
  319      5.54844794    -54.86607732   -133.10754367      31       0      37
  320      3.19503960    -71.38341601   -133.10754367      21       0      14
  321      0.00754489   -133.07757341   -133.10754367      27       0       9
  322      1.26181987   -104.86328620   -133.10754367      17       0       5
  323      0.00352122   -133.07757341   -133.10754367      13       0       0
  324      0.00266988   -133.07757341   -133.10754367       4       0       1
  325      0.00266988   -133.07757341   -133.10754367       0       0       0
  326      0.00266988   -133.07757341   -133.10754367       3       0       3
  327      0.00326332   -133.07757341   -133.10754367       2       0       8
  328      2.04259176    -87.38720161   -133.10754367       3       0      20
  329      5.11728818    -52.82596757   -133.10754367       8       0      27
  330      5.80199485    -45.73972473   -133.10754367      12       0      61
  331      5.91523738    -27.68258176   -133.10754367      30       0      67
  332      8.10909213    -31.63938714   -133.10754367      32       0      89
  333      7.83904399    -44.93957320   -133.10754367      40       0      63
  334      8.12879029    -15.19905327   -133.10754367      45       0      69
  335      1.61077358    -97.05058516   -133.10754367      45       0      42
  336      3.32413857    -58.70075886   -133.10754367      32       0      22
  337      0.00784534   -133.07757341   -133.10754367      17       0      14
  338      0.00640663   -133.07757341   -133.10754367      16       0      11
  339      0.00439614   -133.07757341   -133.10754367      14       0       3
  340      0.00326332   -133.07757341   -133.10754367       5       0       0
  341      0.00266988   -133.07757341   -133.10754367       3       0       1
  342      0.00133897   -133.07757341   -133.10754367       3       0       0
  343      3.62251030    -72.34070000   -133.10754367       0       0       7
  344      2.85752946    -80.50431899   -133.10754367       3       0       9
  345      4.56101742    -31.01728386   -133.10754367       4       0      28
  346      5.31439544    -52.08198657   -133.10754367       6       0      44
  347      0.99934264   -111.37292843   -133.10754367      21       0      58
  348      5.12979651    -68.54096322   -133.10754367      20       0      67
  349 585067.54692408 9901952.62862154   -133.10754367      35       0      86
  350      3.90132448    -48.55750175   -133.10754367      54       0      64
  351      4.13951614    -67.76917513   -133.10754367      36       0      62
  352      1.03580977   -111.75975297   -133.10754367      29       0      30
  353      5.08741888    -56.47843146   -133.10754367      28       0      20
  354      0.00677381   -133.07757341   -133.10754367      19       0      18
  355      0.00458692   -133.07757341   -133.10754367      17       0       5
  356      0.00298200   -133.07757341   -133.10754367       7       0       1
  357      0.00189169   -133.07757341   -133.10754367       3       0       0
  358      0.00000000   -133.10754367   -133.10754367       2       0       1
  359      0.00189169   -133.07757341   -133.10754367       0       0       4
  360      6.17800139    -23.53501709   -133.10754367       1       0       7
  361      2.46674077    -88.59640266   -133.10754367       3       0      22
  362      5.39248787    -32.53754189   -133.10754367       7       0      28
  363      3.31483038    -58.90965471   -133.10754367      17       0      51
  364      4.75337441    -42.94848420   -133.10754367      17       0      61
  365 79112804.70950957 1770787634.05121326   -133.10754367      29       0      78
  366      7.36466889    -17.98714276   -133.10754367      33       0      75
  367 61054661.20168284 1366590870.43202043   -133.10754367      49       0      68
  368      4.66067730    -67.97546872   -133.10754367      41       0      44
  369      3.27005666    -59.91150189   -133.10754367      27       0      20
  370      0.00774695   -133.07757341   -133.10754367      20       0      24
  371      0.00627832   -133.07757341   -133.10754367      23       0      14
  372      0.00419584   -133.07757341   -133.10754367      15       0       3
  373      0.00352122   -133.07757341   -133.10754367       3       0       0
  374      0.00231451   -133.07757341   -133.10754367       4       0       1
  375      0.00231451   -133.07757341   -133.10754367       1       0       2
  376      0.00266988   -133.07757341   -133.10754367       1       0       5
  377      0.00376052   -133.07757341   -133.10754367       2       0      10
  378      0.00587295   -133.07757341   -133.10754367       4       0      26
  379      4.95190808    -22.26676149   -133.10754367      14       0      47
  380      2.95276041    -78.10098843   -133.10754367      20       0      48
  381      5.09060489    -36.77473951   -133.10754367      18       0      75
  382      3.97432032    -66.94048083   -133.10754367      27       0      62
  383      1.55073579   -101.49403078   -133.10754367      35       0      80
  384      4.99772186    -54.66066257   -133.10754367      47       0      58
  385      2.74672797    -71.62465440   -133.10754367      29       0      31
  386      2.85971984    -69.09624129   -133.10754367      26       0      22
  387      2.21178878    -83.59931403   -133.10754367      14       0      20
  388      2.52197488    -77.63754813   -133.10754367      14       0      11
  389      0.00476932   -133.07757341   -133.10754367      15       0       2
  390      0.00326332   -133.07757341   -133.10754367       7       0       1
  391      0.00266988   -133.07757341   -133.10754367       2       0       1
  392      0.00231451   -133.07757341   -133.10754367       3       0       4
  393      3.99032119    -65.12513709   -133.10754367       1       0       6
  394      1.38516179   -102.10290644   -133.10754367       3       0      16
  395      0.00601171   -133.07757341   -133.10754367       7       0      35
  396      6.57940489    -31.60851455   -133.10754367       8       0      53
  397      5.90846974    -50.41184879   -133.10754367      18       0      56
  398      4.85055727    -73.09926175   -133.10754367      30       0      74
  399      6.87092440    -44.86567422   -133.10754367      46       0      56
  400 7394086.52447597 165502253.63466784   -133.10754367      41       0      84
  401      2.03248291    -87.61119413   -133.10754367      32       0      43
  402      3.50116958    -75.53851719   -133.10754367      29       0      25
  403      5.12706747    -26.52760152   -133.10754367      24       0      25
  404      2.79230164    -70.60581158   -133.10754367      25       0      11
  405      2.65111639    -73.76661854   -133.10754367      17       0       8
  406      1.87546098    -91.12866496   -133.10754367      11       0       3
  407      0.00231451   -133.07757341   -133.10754367       4       0       1
  408      0.00189169   -133.07757341   -133.10754367       2       0       2
  409      1.51167666    -99.27143244   -133.10754367       1       0       6
  410      3.90695256    -45.65766035   -133.10754367       3       0       8
  411      1.94873619    -90.56933062   -133.10754367       2       0      28
  412      3.11891623    -81.62434195   -133.10754367      13       0      39
  413 250300.66659651 5602365.47072530   -133.10754367      17       0      52
  414      3.17831457    -70.07833212   -133.10754367      20       0      61
  415      5.75510228    -63.72789546   -133.10754367      32       0      70
  416      3.39025384    -88.24358576   -133.10754367      35       0      73
  417      4.24843914    -48.00417921   -133.10754367      37       0      65
  418      2.68651867    -84.50996265   -133.10754367      36       0      32
  419      2.82897523    -71.13756716   -133.10754367      25       0      22
  420      3.77864866    -48.52845091   -133.10754367      19       0      21
  421      0.00573020   -133.07757341   -133.10754367      10       0      12
  422      0.00494428   -133.07757341   -133.10754367       8       0       6
  423      0.00326332   -133.07757341   -133.10754367       8       0       3
  424      0.00231451   -133.07757341   -133.10754367       4       0       1
  425      0.00231451   -133.07757341   -133.10754367       2       0       4
  426      2.10551023    -85.97944862   -133.10754367       0       0       6
  427      0.00439614   -133.07757341   -133.10754367       4       0      17
  428 2410101.45525422 53945346.46384635   -133.10754367       8       0      35
  429      4.23184299    -51.57334202   -133.10754367      11       0      43
  430      6.30135731    -32.74739911   -133.10754367      21       0      52
  431      7.22556124    -29.11744871   -133.10754367      22       0      71
  432      6.09871854    -36.54958336   -133.10754367      23       0      78
  433      5.68290891    -43.36269026   -133.10754367      37       0      54
  434      5.76425569    -52.96211160   -133.10754367      33       0      61
  435      1.77771779    -94.73348904   -133.10754367      28       0      21
  436      4.08733208    -44.51090965   -133.10754367      20       0      25
  437      0.00754489   -133.07757341   -133.10754367      19       0      19
  438      0.00601171   -133.07757341   -133.10754367      18       0       7
  439      0.00439614   -133.07757341   -133.10754367      13       0       6
  440      0.00398458   -133.07757341   -133.10754367       2       0       0
  441      0.00376052   -133.07757341   -133.10754367       1       0       3
  442      0.00326332   -133.07757341   -133.10754367       4       0       4
  443      4.85861765    -24.35624114   -133.10754367       6       0      13
  444      2.14234481    -85.15456810   -133.10754367       5       0      24
  445      2.64888332    -83.42902466   -133.10754367       7       0      37
  446      5.73460348    -19.41988657   -133.10754367      11       0      52
  447      5.87398448    -36.15274516   -133.10754367      21       0      63
  448      3.15988988    -84.79657782   -133.10754367      25       0      68
  449 16198626.03229424 362574913.14220834   -133.10754367      32       0      65
  450      7.64863901    -30.83247704   -133.10754367      33       0      61
  451      2.55515135    -75.91188845   -133.10754367      32       0      44
  452      1.72848231    -95.16645673   -133.10754367      31       0      20
  453      1.58507013    -97.62716141   -133.10754367      25       0      20
  454      3.12719895    -74.75131197   -133.10754367      10       0      15
  455      2.73259959    -71.94250474   -133.10754367      15       0       8
  456      0.00494428   -133.07757341   -133.10754367      10       0       3
  457      0.00458692   -133.07757341   -133.10754367       3       0       3
  458      0.00398458   -133.07757341   -133.10754367       4       0       2
  459      0.00398458   -133.07757341   -133.10754367       4       0       5
  460      3.65420002    -51.31432834   -133.10754367       3       0      24
  461      0.00653187   -133.07757341   -133.10754367      10       0      35
  462      3.03986572    -73.02101010   -133.10754367      10       0      35
  463      4.33123616    -58.83654021   -133.10754367      14       0      58
  464 2077904.16742079 46509749.87397497   -133.10754367      34       0      67
  465      7.52526074    -31.54154474   -133.10754367      22       0      65
  466      8.82862683      0.00000000   -133.10754367      31       0      57
  467      4.67863351    -71.44189729   -133.10754367      33       0      54
  468 3671235.30584070 82173399.06645003   -133.10754367      33       0      35
  469      2.55499864    -75.91670710   -133.10754367      30       0      24
  470      0.00653187   -133.07757341   -133.10754367      25       0      17
  471      3.99702962    -65.79894848   -133.10754367      11       0      13
  472      0.00511254   -133.07757341   -133.10754367      11       0       3
  473      0.00376052   -133.07757341   -133.10754367       8       0       5
  474      0.00189169   -133.07757341   -133.10754367       7       0       2
  475      0.00133897   -133.07757341   -133.10754367       2       0       2
  476      0.00352122   -133.07757341   -133.10754367       1       0      15
  477      2.99520329    -66.70501462   -133.10754367       4       0      32
  478      2.73423107    -72.35270573   -133.10754367      13       0      30
  479      3.46881205    -80.65684876   -133.10754367      13       0      46
  480      4.69777254    -58.51347816   -133.10754367      15       0      73
  481      3.28813005    -61.45329061   -133.10754367      29       0      54
  482      3.37376405    -65.95431246   -133.10754367      35       0      62
  483      2.84666355    -83.82113930   -133.10754367      26       0      51
  484      0.25915559   -127.30733971   -133.10754367      24       0      54
  485      1.78900459    -93.06218306   -133.10754367      28       0      23
  486      4.73467939    -48.15552824   -133.10754367      22       0      26
  487      2.83745875    -69.59532198   -133.10754367      17       0      14
  488      1.60079707    -97.27606620   -133.10754367      13       0       7
  489      0.00558316   -133.07757341   -133.10754367       5       0       8
  490      0.00439614   -133.07757341   -133.10754367       8       0       2
  491      0.00298200   -133.07757341   -133.10754367       6       0       2
  492 208911.87176097 4675956.78880111   -133.10754367       3       0       9
  493      4.64603817    -51.26550505   -133.10754367       3       0      24
  494      4.96402486    -41.55326923   -133.10754367       9       0      27
  495      3.78231254    -49.36420515   -133.10754367      13       0      41
  496 44250273.41464591 990457014.28357470   -133.10754367      17       0      56
  497      2.31995476    -88.14337332   -133.10754367      30       0      64
  498      5.95448849    -59.49114732   -133.10754367      28       0      58
  499      4.85256019    -53.06731487   -133.10754367      27       0      60
  500      5.19007872    -23.65375583   -133.10754367      41       0      54
  501      2.12273388    -85.59160451   -133.10754367      39       0      38
  502      3.22979867    -60.81314921   -133.10754367      31       0      23
  503      1.76107803    -93.68802297   -133.10754367      15       0      18
  504      0.00614675   -133.07757341   -133.10754367      11       0      10
  505      0.37770926   -124.65305883   -133.10754367       6       0       7
  506      0.00511254   -133.07757341   -133.10754367      12       0       8
  507      0.00439614   -133.07757341   -133.10754367       7       0       3
  508      0.00376052   -133.07757341   -133.10754367       6       0       3
  509      3.63079211    -64.88025281   -133.10754367       6       0      18
  510      2.99410096    -87.17961590   -133.10754367       9       0      25
  511      4.47037111    -70.92063769   -133.10754367      13       0      32
  512      3.74316421    -68.97315382   -133.10754367      14       0      45
  513      4.04482142    -68.97315382   -133.10754367      22       0      61
  514      6.60489469    -29.70454373   -133.10754367      20       0      55
  515      5.56743582    -21.74467411   -133.10754367      37       0      63
  516      5.87150768    -32.00399416   -133.10754367      32       0      56
  517      2.20021190    -95.36460283   -133.10754367      26       0      54
  518      1.41110237   -101.52046999   -133.10754367      31       0      33
  519      4.33086050    -46.36548047   -133.10754367      26       0      17
  520      1.93697523    -95.28278277   -133.10754367      20       0      12
  521      0.00527477   -133.07757341   -133.10754367      12       0       9
  522      0.00458692   -133.07757341   -133.10754367      10       0       9
  523      0.00352122   -133.07757341   -133.10754367       8       0       5
  524      0.00352122   -133.07757341   -133.10754367       1       0       3
  525      0.00298200   -133.07757341   -133.10754367       3       0       8
  526      2.35621031    -80.36758913   -133.10754367       2       0      23
  527      2.10181237    -86.06140158   -133.10754367       7       0      31
  528      1.96773777    -89.06226466   -133.10754367      10       0      34
  529 1236656.85583119 27680049.12296182   -133.10754367      14       0      61
  530      5.92791072    -52.69815104   -133.10754367      32       0      49
  531      5.80879348    -52.69815104   -133.10754367      26       0      57
  532      3.86611679    -59.52325445   -133.10754367      29       0      67
  533      4.71051202    -61.33219191   -133.10754367      41       0      50
  534      3.99919486    -62.72085426   -133.10754367      26       0      44
  535      4.83957975    -58.57459006   -133.10754367      34       0      27
  536      2.74235148    -71.72412016   -133.10754367      20       0      17
  537      0.00543148   -133.07757341   -133.10754367      13       0       7
  538      0.00511254   -133.07757341   -133.10754367       8       0      11
  539      1.01796861   -110.32186974   -133.10754367       8       0       8
  540      0.00326332   -133.07757341   -133.10754367       8       0       5
  541      0.00376052   -133.07757341   -133.10754367       4       0       8
  542      2.70615359    -72.53519114   -133.10754367       5       0      12
  543      3.49282949    -54.92608222   -133.10754367       2       0      28
  544      3.25388882    -63.46326852   -133.10754367      11       0      36
  545      4.23222431    -54.31574656   -133.10754367      23       0      35
  546      2.47841202    -77.63074665   -133.10754367      19       0      55
  547      3.80039425    -63.34374497   -133.10754367      21       0      58
  548      4.22949265    -70.63696208   -133.10754367      23       0      61
  549      6.69312903    -45.77599498   -133.10754367      44       0      62
  550      5.04525477    -34.13601761   -133.10754367      26       0      45
  551      6.21860621    -27.30119071   -133.10754367      35       0      35
  552      3.51383351    -66.90171386   -133.10754367      25       0      25
  553      2.36684300    -80.12943991   -133.10754367      16       0       9
  554      0.00527477   -133.07757341   -133.10754367      10       0      12
  555      0.73034383   -116.75993987   -133.10754367      12       0      10
  556      3.48709247    -66.44176256   -133.10754367       9       0       6
  557      3.85829209    -50.87492758   -133.10754367       3       0       5
  558      0.00376052   -133.07757341   -133.10754367       3       0      14
  559      4.90496077    -58.57403950   -133.10754367       5       0      14
  560      3.30590008    -61.72332663   -133.10754367       6       0      33
  561      1.44485401   -100.76595535   -133.10754367      14       0      32
  562      1.50265900    -99.47150578   -133.10754367      17       0      49
  563      5.47927628    -59.47377728   -133.10754367      14       0      61
  564      6.89734947    -45.45792711   -133.10754367      21       0      47
  565      7.37849780    -26.26228668   -133.10754367      33       0      75
  566      4.71633707    -53.38566774   -133.10754367      33       0      48
  567      2.47081158    -77.80044096   -133.10754367      40       0      39
  568      5.42189230    -54.73726825   -133.10754367      25       0      31
  569      4.12624893    -40.74757657   -133.10754367      25       0      18
  570      0.00543148   -133.07757341   -133.10754367      23       0      10
  571      0.92447717   -112.41447600   -133.10754367      11       0      13
  572      1.13593776   -107.68142349   -133.10754367       6       0       8
  573      2.64792082    -73.83856792   -133.10754367       4       0       5
  574      0.00419584   -133.07757341   -133.10754367       3       0       9
  575      0.00352122   -133.07757341   -133.10754367       5       0      15
  576      0.00494428   -133.07757341   -133.10754367       3       0      19
  577      4.08937009    -41.57376320   -133.10754367       8       0      35
  578      4.17889607    -69.52517487   -133.10754367      10       0      38
  579      6.11911137    -67.67672183   -133.10754367      19       0      61
  580      2.45168043    -79.90466372   -133.10754367      34       0      48
  581      0.44933598   -125.73453262   -133.10754367      27       0      61
  582      6.68080938    -50.95241826   -133.10754367      27       0      61
  583      3.08727371    -88.61456904   -133.10754367      31       0      43
  584      1.38857362   -102.02450015   -133.10754367      27       0      38
  585      4.12291695    -48.81080881   -133.10754367      29       0      23
  586      2.21334731    -94.94380006   -133.10754367      14       0      17
  587      0.00587295   -133.07757341   -133.10754367      17       0      13
  588      0.00527477   -133.07757341   -133.10754367       8       0      11
  589      4.19518491    -49.10829581   -133.10754367      10       0       5
  590      0.00476932   -133.07757341   -133.10754367       5       0       7
  591      0.00494428   -133.07757341   -133.10754367       7       0      18
  592      0.00458692   -133.07757341   -133.10754367       8       0      11
  593      4.45425081    -42.02088133   -133.10754367       5       0      30
  594      3.17586113    -64.95697708   -133.10754367      10       0      29
  595      4.67974653    -62.91177677   -133.10754367      16       0      48
  596      6.53636598    -54.52089725   -133.10754367      24       0      54
  597      7.80798933    -11.90717928   -133.10754367      27       0      60
  598      6.90901060    -40.81048993   -133.10754367      31       0      60
  599      6.36729565    -28.74722757   -133.10754367      35       0      50
  600      5.93797951    -45.46867231   -133.10754367      24       0      39
  601      4.55398554    -59.99339492   -133.10754367      29       0      38
  602      4.28261653    -37.24791899   -133.10754367      25       0      16
  603      2.47351532    -77.97831041   -133.10754367      17       0      19
  604      4.80038912    -57.65931712   -133.10754367      11       0      12
  605      0.00511254   -133.07757341   -133.10754367      12       0       5
  606      0.00419584   -133.07757341   -133.10754367       7       0       3
  607      0.78964130   -115.43255723   -133.10754367       3       0      18
  608      0.00476932   -133.07757341   -133.10754367       7       0      13
  609      4.53462070    -41.30642109   -133.10754367       6       0      19
  610      3.08464087    -77.44714076   -133.10754367       9       0      26
  611      4.27913165    -77.79224975   -133.10754367      14       0      49
  612      2.48287592    -85.95591639   -133.10754367      18       0      38
  613      6.61932632    -11.76666684   -133.10754367      22       0      60
  614      8.28204082     -0.01343810   -133.10754367      27       0      60
  615      8.07733519     -0.00076920   -133.10754367      24       0      62
  616 494084.77058102 11059003.13183161   -133.10754367      41       0      35
  617      2.79311737    -70.58603963   -133.10754367      17       0      43
  618      2.22314396    -94.84782209   -133.10754367      25       0      29
  619      3.62876422    -73.70391107   -133.10754367      28       0      17
  620      2.51815464    -76.74234836   -133.10754367      25       0      13
  621      5.35336704    -36.92098211   -133.10754367      14       0       9
  622      0.00458692   -133.07757341   -133.10754367      12       0       7
  623      1.96533239    -91.25986191   -133.10754367       9       0      15
  624      4.50928809    -43.17795011   -133.10754367       7       0      10
  625      1.73888751   -104.08438118   -133.10754367       9       0      19
  626      0.00558316   -133.07757341   -133.10754367      12       0      21
  627      3.97159195    -80.76313307   -133.10754367       9       0      36
  628      3.63083550    -74.56362425   -133.10754367      14       0      44
  629      3.87792321    -46.73635695   -133.10754367      20       0      49
  630      0.89519971   -113.06822962   -133.10754367      22       0      56
  631      5.84796287    -49.35255923   -133.10754367      29       0      55
  632      5.59632023    -40.98482138   -133.10754367      28       0      56
  633      1.86712254    -91.31349324   -133.10754367      32       0      39
  634      3.86196510    -70.83380565   -133.10754367      23       0      32
  635      3.27074431    -71.47266838   -133.10754367      15       0      27
  636      0.00601171   -133.07757341   -133.10754367      22       0      14
  637      1.93497377    -89.79618301   -133.10754367      12       0      12
  638      0.00494428   -133.07757341   -133.10754367       6       0       8
  639      0.00573020   -133.07757341   -133.10754367       3       0      10
  640      0.00458692   -133.07757341   -133.10754367      11       0      13
  641      4.72347851    -37.91893600   -133.10754367       5       0      17
  642      3.50287188    -62.44984006   -133.10754367      11       0      21
  643      3.51161901    -75.93097723   -133.10754367       7       0      32
  644      5.38350248    -68.81396808   -133.10754367      13       0      37
  645      0.00840258   -133.07757341   -133.10754367      22       0      44
  646      3.35867529    -60.30644724   -133.10754367      20       0      49
  647      4.33630023    -70.60801249   -133.10754367      22       0      60
  648      7.89875886    -25.35756858   -133.10754367      28       0      52
  649      4.89646192    -44.47513626   -133.10754367      33       0      53
  650      2.34308515    -80.65984977   -133.10754367      30       0      33
  651      0.00711754   -133.07757341   -133.10754367      25       0      31
  652      3.07240479    -64.33638777   -133.10754367      19       0      22
  653      0.00573020   -133.07757341   -133.10754367      14       0      12
  654      2.26372081    -82.43784483   -133.10754367      10       0       9
  655      1.63058697    -96.60970760   -133.10754367      10       0       7
  656      4.24610805    -38.06614963   -133.10754367       6       0      17
  657      2.40804066    -79.20767250   -133.10754367       6       0      11
  658      3.76484908    -59.46307060   -133.10754367       6       0      20
  659      0.62946920   -119.01746929   -133.10754367      14       0      25
  660      0.62945658   -119.01746929   -133.10754367      10       0      29
  661      5.38113080    -51.71115949   -133.10754367      23       0      46
  662      5.05753894    -57.68539911   -133.10754367      18       0      46
  663      5.35811817    -28.68033452   -133.10754367      20       0      60
  664      1.20075866   -106.22834277   -133.10754367      22       0      51
  665      3.56255080    -73.70456388   -133.10754367      32       0      48
  666      3.79358035    -48.19306803   -133.10754367      20       0      47
  667      3.02463192    -72.45212332   -133.10754367      20       0      39
  668      0.00700535   -133.07757341   -133.10754367      25       0      19
  669      3.73890006    -64.46472092   -133.10754367      10       0      18
  670      0.88658648   -113.26236408   -133.10754367      17       0      12
  671      2.51534664    -76.80556887   -133.10754367      11       0       9
  672      2.29112153    -81.82473785   -133.10754367      10       0      12
  673      2.47947510    -77.60890451   -133.10754367       6       0      11
  674      2.20169242    -88.11643702   -133.10754367       3       0      15
  675      0.00543148   -133.07757341   -133.10754367       9       0      20
  676      2.08771053    -86.37704557   -133.10754367       9       0      27
  677      4.15632878    -53.43621375   -133.10754367      13       0      46
  678      5.73475914    -38.77070518   -133.10754367      29       0      34
  679      5.97324911    -40.06145277   -133.10754367      17       0      66
  680      1.54482428   -105.59804398   -133.10754367      26       0      47
  681      5.10216160    -55.93057071   -133.10754367      29       0      54
  682      6.86466200    -22.92186047   -133.10754367      33       0      54
  683      0.00857694   -133.07757341   -133.10754367      30       0      37
  684      4.76399485    -50.26287564   -133.10754367      16       0      29
  685      0.00722750   -133.07757341   -133.10754367      21       0      16
  686      0.28415056   -126.74756305   -133.10754367      16       0      18
  687      0.43706872   -123.32437061   -133.10754367      15       0       5
  688      0.00376052   -133.07757341   -133.10754367      14       0      17
  689      3.55815478    -53.46444719   -133.10754367       2       0      11
  690      0.00494428   -133.07757341   -133.10754367       7       0      11
  691      3.23722079    -60.64794308   -133.10754367       7       0      15
  692      3.25588084    -60.23000210   -133.10754367       5       0      25
  693      3.93356553    -56.72124710   -133.10754367      11       0      33
  694      1.21414613   -105.92997693   -133.10754367      11       0      39
  695      7.57656691    -21.59242382   -133.10754367      13       0      54
  696      5.76820671    -39.61267080   -133.10754367      21       0      54
  697      6.69756744    -26.91716580   -133.10754367      30       0      56
  698      3.61799809    -59.37778380   -133.10754367      32       0      45
  699      4.20370901    -49.30831750   -133.10754367      29       0      48
  700      2.37509304    -83.16207117   -133.10754367      23       0      36
  701      0.00794206   -133.07757341   -133.10754367      27       0      27
  702      2.13074974    -85.41374302   -133.10754367      21       0      12
  703      2.99350966    -66.10246906   -133.10754367      11       0      13
  704      0.00587295   -133.07757341   -133.10754367      11       0      15
  705      3.68636465    -50.59449425   -133.10754367       6       0      10
  706      2.54283058    -76.19033992   -133.10754367       5       0      10
  707      5.17182450    -28.44202028   -133.10754367       9       0      17
  708      0.32428596   -125.84901295   -133.10754367       9       0      21
  709 126872.42879747 2839662.10387408   -133.10754367      12       0      28
  710      5.00951597    -43.45807257   -133.10754367      13       0      36
  711      1.30676120   -103.85637463   -133.10754367      20       0      48
  712      0.55963088   -123.07781669   -133.10754367      23       0      47
  713      3.18529172    -76.24692050   -133.10754367      19       0      49
  714      3.27606241    -77.83639286   -133.10754367      19       0      56
  715      6.17423381    -35.32455502   -133.10754367      30       0      47
  716      5.80737152    -37.54431617   -133.10754367      34       0      41
  717      2.17870053    -90.08119077   -133.10754367      24       0      37
  718      1.19808538   -106.28933583   -133.10754367      26       0      20
  719      0.00665421   -133.07757341   -133.10754367      13       0       7
  720      6.36911542     -0.04802455   -133.10754367      15       0      17
  721      0.00573020   -133.07757341   -133.10754367      12       0      16
  722      1.90580458    -90.44923149   -133.10754367      11       0       8
  723      0.00398458   -133.07757341   -133.10754367       6       0      11
  724      2.18261293    -86.62666770   -133.10754367       7       0      20
  725      0.94689379   -111.91251762   -133.10754367       7       0      23
  726      4.29037218    -37.07465851   -133.10754367      10       0      33
  727      3.82805056    -68.10297468   -133.10754367      14       0      41
  728      3.25167493    -89.69819566   -133.10754367      17       0      53
  729 843208.39702891 18873462.88695022   -133.10754367      19       0      44
  730      4.59926214    -71.70343801   -133.10754367      20       0      50
  731      3.11180838    -83.58339991   -133.10754367      26       0      49
  732      6.23676305    -32.91469535   -133.10754367      33       0      48
  733      3.44062442    -66.85027738   -133.10754367      23       0      33
  734      4.12715066    -50.21623445   -133.10754367      22       0      40
  735      2.67180272    -73.30258191   -133.10754367      22       0       7
  736 4816281.33492177 107803048.66765654   -133.10754367      17       0      13
  737      3.67389864    -82.51428585   -133.10754367       9       0      18
  738      2.64721419    -73.85375015   -133.10754367      14       0      13
  739      0.00398458   -133.07757341   -133.10754367      14       0      12
  740      2.60614838    -84.61185039   -133.10754367       7       0      12
  741      3.96631691    -60.47944243   -133.10754367       7       0      23
  742      2.92944144    -67.53608475   -133.10754367       6       0      29
  743      3.98778109    -73.95078604   -133.10754367      14       0      38
  744      0.00754489   -133.07757341   -133.10754367      19       0      39
  745      2.42024991    -90.49104792   -133.10754367      16       0      52
  746      3.43747222    -75.25357120   -133.10754367      22       0      48
  747      2.39366399    -95.70490715   -133.10754367      32       0      41
  748      5.55664711    -32.01846903   -133.10754367      22       0      56
  749      3.59589607    -71.17923161   -133.10754367      30       0      36
  750      2.03746356    -87.50065097   -133.10754367      22       0      41
  751      2.96230753    -87.30593269   -133.10754367      23       0      25
  752      0.00587295   -133.07757341   -133.10754367      22       0      11
  753      0.00573020   -133.07757341   -133.10754367       8       0      13
  754      0.00527477   -133.07757341   -133.10754367      12       0      16
  755      0.00640663   -133.07757341   -133.10754367       8       0      17
  756      0.00419584   -133.07757341   -133.10754367      17       0       7
  757      1.39592204   -101.86173280   -133.10754367       4       0      17
  758      2.15083198    -84.96449602   -133.10754367      12       0      24
  759      3.93964852    -50.71282934   -133.10754367      13       0      38
  760      1.20064270   -106.23236530   -133.10754367      16       0      40
  761      4.71301341    -43.20968681   -133.10754367      17       0      45
  762      3.35794488    -90.82245283   -133.10754367      19       0      49
  763 609951.71454356 13652461.28932455   -133.10754367      22       0      37
  764      2.37999107    -79.83324417   -133.10754367      16       0      54
  765      8.13496691    -42.86076746   -133.10754367      24       0      45
  766      3.95780515    -56.81889022   -133.10754367      39       0      36
  767      3.38905984    -78.83031099   -133.10754367      18       0      37
  768      1.22647790   -108.37376068   -133.10754367      17       0      18
  769      0.00653187   -133.07757341   -133.10754367      21       0      13
  770      1.64448173    -96.29811829   -133.10754367      12       0      14
  771      1.64449259    -96.29811829   -133.10754367       9       0      10
  772      5.18014173    -57.10690794   -133.10754367       7       0      20
  773      3.32289126    -58.73048125   -133.10754367      12       0       8
  774      1.05424247   -112.10569277   -133.10754367       6       0      25
  775      1.86121848    -91.44655783   -133.10754367       9       0      30
  776      2.93030451    -86.10031437   -133.10754367      14       0      40
  777      7.16672562    -48.21342770   -133.10754367      19       0      41
  778      3.51592903    -74.47250338   -133.10754367      19       0      45
  779      5.49998038    -50.45080440   -133.10754367      20       0      44
  780      0.00813073   -133.07757341   -133.10754367      20       0      42
  781      2.31364811    -81.67936354   -133.10754367      19       0      47
  782      3.62849762    -62.94623952   -133.10754367      18       0      45
  783      3.86126168    -53.57984643   -133.10754367      21       0      42
  784      2.17967065    -84.31822048   -133.10754367      25       0      19
  785 93943721.93160072 2102749151.58989787   -133.10754367      19       0      20
  786      0.00587295   -133.07757341   -133.10754367      14       0      16
  787      5.29442324    -14.60111750   -133.10754367       9       0      11
  788      2.02636524    -87.75035141   -133.10754367      10       0      15
  789      4.32988347    -63.40143928   -133.10754367       7       0      13
  790      2.59368804    -88.00325361   -133.10754367      12       0      19
  791      1.63309127    -96.55297606   -133.10754367      11       0      23
  792      3.08188674    -77.07187046   -133.10754367       9       0      39
  793      3.01407595    -85.23300136   -133.10754367      21       0      39
  794      3.72765354    -82.69424039   -133.10754367      19       0      41
  795      2.64021365    -74.00883950   -133.10754367      29       0      47
  796      3.82557111    -82.22124936   -133.10754367      27       0      44
  797      6.46144520    -30.63487414   -133.10754367      23       0      44
  798      4.72926475    -64.37622318   -133.10754367      32       0      50
  799      4.13843472    -73.21317117   -133.10754367      33       0      35
  800      0.00840258   -133.07757341   -133.10754367      21       0      35
  801      3.42063216    -56.54191886   -133.10754367      23       0      17
  802      5.22231357    -44.49036059   -133.10754367      11       0      19
  803      2.67010774    -73.34153305   -133.10754367      16       0      13
  804      2.56299587    -76.90641689   -133.10754367       7       0      11
  805      5.09387071    -52.50964687   -133.10754367       9       0      15
  806      5.56901178    -46.42724177   -133.10754367       8       0      16
  807      3.64490741    -67.33870187   -133.10754367       9       0      24
  808      0.00543148   -133.07757341   -133.10754367       9       0      24
  809      6.48441412    -30.95198390   -133.10754367      13       0      45
  810      3.52036190    -82.56339584   -133.10754367      16       0      30
  811      6.63529855    -55.02715485   -133.10754367      14       0      48
  812      4.02906168    -65.95635144   -133.10754367      26       0      49
  813      5.73171474    -37.55134142   -133.10754367      25       0      42
  814      2.90696522    -85.34647753   -133.10754367      25       0      42
  815      6.61194137    -48.75146452   -133.10754367      34       0      50
  816      5.18040411    -31.16029065   -133.10754367      26       0      33
  817      1.40527097   -101.65186111   -133.10754367      25       0      33
  818      1.12031657   -108.03042715   -133.10754367      14       0      13
  819      5.14362529    -52.32471586   -133.10754367      13       0      20
  820      1.19010452   -107.52808331   -133.10754367      16       0      10
  821      0.00419584   -133.07757341   -133.10754367       8       0      11
  822      1.92394659    -93.69604529   -133.10754367       4       0      16
  823      0.00627832   -133.07757341   -133.10754367       6       0      28
  824      4.31131197    -37.99719235   -133.10754367      14       0      19
  825 8028531.27549257 179703077.42310238   -133.10754367      13       0      34
  826      7.76058411     -4.26810580   -133.10754367      16       0      35
  827      6.02138987    -58.93989550   -133.10754367      19       0      37
  828 5482836.47522544 122722602.09518972   -133.10754367      22       0      49
  829      3.42162571    -65.13916319   -133.10754367      25       0      38
  830 274756.86496515 6149770.41213540   -133.10754367      22       0      44
  831      3.93931260    -75.87414480   -133.10754367      26       0      56
  832      3.50741004    -77.53170295   -133.10754367      32       0      34
  833      3.25592347    -78.20192153   -133.10754367      18       0      42
  834      1.86210081    -91.42604917   -133.10754367      25       0      20
  835      2.20603428    -84.63735107   -133.10754367      26       0      14
  836      4.21038068    -38.86550515   -133.10754367      14       0      17
  837      2.57057092    -75.56958258   -133.10754367       8       0      13
  838      0.00494428   -133.07757341   -133.10754367       7       0      14
  839      2.91053675    -67.95971542   -133.10754367       4       0      17
  840      2.24117357    -82.94226432   -133.10754367      15       0      25
  841 2745399.56210475 61450348.73965702   -133.10754367      10       0      26
  842      3.82999350    -61.99132580   -133.10754367      12       0      30
  843      4.72162981    -38.61150361   -133.10754367      14       0      37
  844      2.38456583    -91.01241694   -133.10754367      19       0      42
  845      5.46757338    -44.84872873   -133.10754367      29       0      46
  846      0.46672483   -124.92235623   -133.10754367      29       0      42
  847      8.75916080    -26.80094764   -133.10754367      23       0      50
  848      4.46123110    -67.48801113   -133.10754367      22       0      44
  849      4.03593692    -65.85062029   -133.10754367      22       0      39
  850      1.60270797   -109.84122672   -133.10754367      22       0      28
  851      1.67520366   -103.41813009   -133.10754367      14       0      23
  852      0.00587295   -133.07757341   -133.10754367      16       0      16
  853      0.00587295   -133.07757341   -133.10754367       8       0      14
  854      3.70543389    -50.16772054   -133.10754367      11       0      14
  855      5.26164317    -47.61820007   -133.10754367       9       0      13
  856      4.72338612    -31.77264230   -133.10754367      12       0      23
  857      3.14962604    -65.97699561   -133.10754367       8       0      26
  858      3.54299301    -78.33828747   -133.10754367      12       0      25
  859      6.06432556    -37.72810404   -133.10754367      15       0      35
  860      4.80882824    -34.81560661   -133.10754367      20       0      34
  861      3.28309753    -66.76212596   -133.10754367      24       0      45
  862      3.06873371    -69.73592694   -133.10754367      20       0      49
  863      4.34931765    -40.15834433   -133.10754367      28       0      46
  864      4.48354027    -66.32773603   -133.10754367      23       0      42
  865      4.33525222    -43.26169099   -133.10754367      24       0      50
  866      2.81408017    -70.11780130   -133.10754367      25       0      33
  867      3.07296578    -64.32361418   -133.10754367      21       0      21
  868      6.04118901    -11.38856209   -133.10754367      19       0      24
  869      5.66343084    -11.38856209   -133.10754367      12       0      12
  870      0.00476932   -133.07757341   -133.10754367       8       0      15
  871      4.59456751    -30.26644122   -133.10754367       8       0      12
  872      1.24734660   -105.18756047   -133.10754367       5       0      17
  873      4.77049693    -42.54027219   -133.10754367       9       0      26
  874      2.33222078    -80.90428958   -133.10754367      11       0      22
  875      5.49629900    -22.53641149   -133.10754367      10       0      28
  876      5.11473593    -49.12802821   -133.10754367      21       0      38
  877      5.38348747    -71.19967204   -133.10754367      13       0      42
  878      3.97149777    -44.21116619   -133.10754367      24       0      42
  879      1.08562645   -115.02644452   -133.10754367      15       0      45
  880      1.97503283    -88.89769256   -133.10754367      20       0      56
  881      2.63818312    -79.92815415   -133.10754367      30       0      38
  882      4.32551718    -55.50532983   -133.10754367      21       0      47
  883      3.05658714    -64.69000233   -133.10754367      33       0      24
  884      6.13726636    -37.78122068   -133.10754367      17       0      25
  885      1.88994547    -93.99274994   -133.10754367      15       0      17
  886      2.46410404    -77.95232843   -133.10754367      19       0      15
  887      0.00527477   -133.07757341   -133.10754367      11       0      12
  888      0.00573020   -133.07757341   -133.10754367       6       0      16
  889      4.06637740    -64.51763231   -133.10754367       8       0      18
  890      5.30891094    -38.89128641   -133.10754367       8       0      25
  891      3.05438174    -64.74023197   -133.10754367      12       0      23
  892      2.43118034    -91.59059103   -133.10754367       7       0      35
  893      2.81146968    -87.83023494   -133.10754367      17       0      38
  894      5.03057762    -57.88198200   -133.10754367      22       0      41
  895      2.97842403    -75.09225745   -133.10754367      24       0      52
  896      5.25210270    -40.49432738   -133.10754367      24       0      44
  897      3.53361970    -73.17580587   -133.10754367      19       0      46
  898      5.69342049    -40.94731365   -133.10754367      32       0      37
  899      4.86123326    -39.04245439   -133.10754367      19       0      44
  900      0.00722750   -133.07757341   -133.10754367      26       0      23
  901 161108.82787284 3605977.71869316   -133.10754367      12       0      17
  902      2.09618633    -86.58824125   -133.10754367      16       0      19
  903      1.99074194    -88.54766283   -133.10754367      14       0      15
  904      0.70654596   -117.29245260   -133.10754367      12       0      14
  905      0.00527477   -133.07757341   -133.10754367       9       0      17
  906      0.00614675   -133.07757341   -133.10754367       7       0      26
  907      4.94018190    -50.28082167   -133.10754367      12       0      25
  908      2.91484247    -79.76506306   -133.10754367      11       0      17
  909      1.07701839   -108.99906670   -133.10754367       8       0      38
  910      3.75264431    -73.27319459   -133.10754367      18       0      45
  911      5.82473360    -47.90554893   -133.10754367      16       0      40
  912      3.76845399    -64.42577178   -133.10754367      27       0      52
  913      3.34183566    -78.00056727   -133.10754367      24       0      48
  914      0.00840258   -133.07757341   -133.10754367      37       0      40
  915      5.42684402    -64.68299538   -133.10754367      18       0      46
  916      5.10336182    -32.10457389   -133.10754367      23       0      27
  917      3.12022214    -63.26614032   -133.10754367      26       0      23
  918      0.62851698   -119.03893597   -133.10754367      14       0      12
  919      2.06959338    -86.78307490   -133.10754367      10       0      22
  920      0.00558316   -133.07757341   -133.10754367       5       0      16
  921      1.23744546   -105.40917986   -133.10754367      13       0      12
  922      3.34238149    -59.31325508   -133.10754367       8       0      24
  923 270359.03837791 6051333.43767655   -133.10754367      10       0      24
  924      3.61708231    -52.14513780   -133.10754367       9       0      18
  925      2.29473813    -81.88038819   -133.10754367       9       0      33
  926      5.17023482    -58.63836230   -133.10754367      12       0      44
  927      2.96164792    -66.81449751   -133.10754367      29       0      33
  928      5.60381321    -36.70310609   -133.10754367      24       0      51
  929      6.13656873    -27.03370009   -133.10754367      25       0      38
  930      3.61123793    -67.78102238   -133.10754367      23       0      57
  931      6.51902596    -44.56283858   -133.10754367      27       0      41
  932      0.88743637   -113.24229721   -133.10754367      28       0      40
  933      0.88443111   -113.30993484   -133.10754367      22       0      24
  934      0.00614675   -133.07757341   -133.10754367      17       0      16
  935      2.82756289    -69.81703643   -133.10754367      10       0      23
  936      3.41376611    -69.06654158   -133.10754367      10       0      12
  937      1.66748331    -96.66552668   -133.10754367       7       0      14
  938      0.00601171   -133.07757341   -133.10754367       7       0      19
  939      6.32582947    -61.35205823   -133.10754367      10       0      24
  940      0.35568037   -125.14617359   -133.10754367      12       0      24
  941      0.63905300   -118.80281869   -133.10754367       9       0      16
  942      4.50140028    -44.14346388   -133.10754367      13       0      39
  943      3.43495124    -80.22474018   -133.10754367      16       0      41
  944      2.56449759    -75.70392974   -133.10754367      20       0      42
  945      2.89257722    -68.64159252   -133.10754367      17       0      49
  946      2.28121742    -82.04411950   -133.10754367      23       0      47
  947      2.52677885    -90.39536052   -133.10754367      21       0      46
  948      4.17072380    -70.25387259   -133.10754367      22       0      38
  949 1335559.27782374 29893789.31500818   -133.10754367      33       0      37
  950      2.48051446    -78.08930464   -133.10754367      25       0      25
  951      3.96534804    -44.34931714   -133.10754367      20       0      20
  952      4.90102266    -55.08526550   -133.10754367      19       0      13
  953      2.80635524    -70.29210287   -133.10754367      12       0       8
  954      1.99308294   -100.21267047   -133.10754367       4       0      23
  955      3.24982230    -60.36555681   -133.10754367      10       0      20
  956      1.25050597   -105.11643816   -133.10754367      12       0      22
  957      1.51712415    -99.14864681   -133.10754367      11       0      20
  958      3.04564941    -64.93509438   -133.10754367       9       0      31
  959      5.08296620    -68.63086060   -133.10754367      18       0      32
  960      3.33864680    -74.93376837   -133.10754367      18       0      47
  961      3.10973465    -63.63480162   -133.10754367      24       0      46
  962      0.00849042   -133.07757341   -133.10754367      28       0      47
  963      4.58216891    -62.46994806   -133.10754367      26       0      53
  964      5.92003740     -3.36866480   -133.10754367      21       0      29
  965      3.39590030    -76.74865603   -133.10754367      17       0      38
  966      5.21919504    -21.19684626   -133.10754367      26       0      37
  967      0.97948511   -114.66417430   -133.10754367      16       0      23
  968      0.00700535   -133.07757341   -133.10754367      15       0      16
  969      2.61715085    -74.52639645   -133.10754367      12       0      10
  970      2.21278287    -83.57742696   -133.10754367      10       0      18
  971      4.78743610    -51.84372164   -133.10754367      16       0      21
  972      2.99085197    -84.11030091   -133.10754367      14       0      17
  973 2328441.04375901 52117535.44206562   -133.10754367      11       0      24
  974      2.23332519    -83.11783212   -133.10754367      15       0      27
  975      3.69126373    -73.74227566   -133.10754367      16       0      25
  976      3.59984076    -52.53045212   -133.10754367      11       0      40
  977      1.46309053   -102.02395111   -133.10754367      14       0      45
  978      5.47506545    -25.35871767   -133.10754367      18       0      54
  979      7.30909207    -29.79810303   -133.10754367      25       0      51
  980      3.35523254    -78.08256512   -133.10754367      32       0      34
  981      4.28708078    -45.53626778   -133.10754367      24       0      39
  982 2704319.81314524 60530857.84656961   -133.10754367      30       0      39
  983      0.00754489   -133.07757341   -133.10754367      24       0      24
  984      3.65010037    -52.45705958   -133.10754367      18       0      23
  985      0.00494428   -133.07757341   -133.10754367      18       0      11
  986      2.24225029    -88.59979752   -133.10754367       7       0      16
  987      2.27186270    -82.25550049   -133.10754367       7       0      17
  988      2.97780835    -83.78361343   -133.10754367       9       0      21
  989 789734.92419567 17676562.34192513   -133.10754367       8       0      18
  990      0.00722750   -133.07757341   -133.10754367      12       0      31
  991      3.17594297    -67.14883498   -133.10754367      17       0      23
  992      0.00689081   -133.07757341   -133.10754367      14       0      32
  993      6.55702876    -63.40964908   -133.10754367      16       0      45
  994      1.87121920   -100.51155446   -133.10754367      25       0      47
  995      5.23939529    -50.22601027   -133.10754367      20       0      46
  996      0.57179858   -120.30782498   -133.10754367      24       0      45
  997 30997345.64645629 693815750.20641053   -133.10754367      24       0      36
  998 1185383.52325001 26532394.21703235   -133.10754367      19       0      44
  999      2.77675499    -80.84290043   -133.10754367      22       0      29
 1000      1.84269484    -97.56573988   -133.10754367      23       0      26
----------------------------------------------------------------------------------
Artificial Bee Colony Optimization Finished!

 -- Results Report --
 * 100 LMs will be saved in [ co3_1_waters-LM ].
      #          Energy
      0   -133.10754367
      1   -133.07757341
      2   -131.77890261
      3   -131.64332094
      4   -130.90126888
      5   -130.40197397
      6   -129.26703102
      7   -129.24166519
      8   -129.20202177
      9   -128.95112161
     10   -128.95006940
     11   -128.82945986
     12   -128.75645974
     13   -128.62650825
     14   -128.61052199
     15   -128.40457777
     16   -128.40300887
     17   -128.31085229
     18   -128.29375663
     19   -128.19581350
     20   -128.11236370
     21   -128.07642352
     22   -128.01317408
     23   -127.97753291
     24   -127.88070596
     25   -127.76668253
     26   -127.73880490
     27   -127.64135612
     28   -127.59684620
     29   -127.48712528
     30   -127.47255085
     31   -127.36478669
     32   -127.36469377
     33   -127.34438735
     34   -127.33682534
     35   -127.30733971
     36   -127.19822342
     37   -127.17465690
     38   -127.14769826
     39   -127.12376690
     40   -127.09419846
     41   -126.97280536
     42   -126.96730279
     43   -126.94289057
     44   -126.90066765
     45   -126.89091880
     46   -126.88320869
     47   -126.80827342
     48   -126.74756305
     49   -126.72356740
     50   -126.71168574
     51   -126.63942050
     52   -126.59793736
     53   -126.57065539
     54   -126.55311482
     55   -126.42068150
     56   -126.40347987
     57   -126.36366690
     58   -126.30637878
     59   -126.24874829
     60   -126.08733184
     61   -125.99311549
     62   -125.98245204
     63   -125.85683166
     64   -125.85516933
     65   -125.84901295
     66   -125.84647046
     67   -125.79091886
     68   -125.73453262
     69   -125.70087750
     70   -125.67736818
     71   -125.61878760
     72   -125.61823582
     73   -125.58015751
     74   -125.57494110
     75   -125.52149431
     76   -125.44713332
     77   -125.42783786
     78   -125.42385162
     79   -125.18690437
     80   -125.16923888
     81   -125.14617359
     82   -125.02439741
     83   -124.96594051
     84   -124.92235623
     85   -124.77376700
     86   -124.76582582
     87   -124.66764717
     88   -124.65781177
     89   -124.65305883
     90   -124.64964419
     91   -124.43236859
     92   -124.41475908
     93   -124.29426451
     94   -124.16252394
     95   -124.01355108
     96   -123.82908951
     97   -123.78588769
     98   -123.72979052
     99   -123.70672922

 * Final Global Minimal Energy:   -133.10754367
 * The Global Minimum is saved as: [ co3_1_waters-OPT.(cluster/xyz/gjf) ]

===== (^ _ ^) =====
Normal termination at Tue Nov 27 16:00:46 2018.
Total run time: 221 seconds = 0 days 0 hours 3 minutes 41 seconds.
