
################################################################################

 PACKMOL - Packing optimization for the automated generation of
 starting configurations for molecular dynamics simulations.
 
                                                              Version 20.3.4 

################################################################################

  Packmol must be run with: packmol < inputfile.inp 

  Userguide at: http://m3g.iqm.unicamp.br/packmol 

  Reading input file... (Control-C aborts)
  Seed for random number generator:      1234567
  Output file: ./calcs/219h2o.24meoh.pm.xyz
  Reading coordinate file: ./calcs/h2o.xyz
  Reading coordinate file: ./calcs/meoh.xyz
  Number of independent structures:            2
  The structures are: 
  Structure            1 :(           3  atoms)
  Structure            2 :(           6  atoms)
  Maximum number of GENCAN loops for all molecule packing:          400
  Total number of restrictions:            2
  Distance tolerance:    2.0000000000000000     
  Number of molecules of type            1 :          219
  Number of molecules of type            2 :           24
  Total number of atoms:          801
  Total number of molecules:          243
  Number of fixed molecules:            0
  Number of free molecules:          243
  Number of variables:         1458
  Total number of fixed atoms:            0
  Maximum internal distance of type            1 :    1.5229600000000001     
  Maximum internal distance of type            2 :    2.8177140235348586     
  All atoms must be within these coordinates: 
   x: [   -1000.0000000000000      ,    1000.0000000000000       ] 
   y: [   -1000.0000000000000      ,    1000.0000000000000       ] 
   z: [   -1000.0000000000000      ,    1000.0000000000000       ] 
  If the system is larger than this, increase the sidemax parameter. 

################################################################################

  Building initial approximation ... 

################################################################################

  Adjusting initial point to fit the constraints 

--------------------------------------------------------------------------------

--------------------------------------------------------------------------------

  Molecules of type:            1

  Packing:|0                                                             100%|
          |******************************************************************|
          |***********************************

  Restraint-only function value:    1.0799520492357925E-002
  Maximum violation of the restraints:    3.7499022502127028E-003

--------------------------------------------------------------------------------

  Molecules of type:            2

  Packing:|0                                                             100%|
          |******************************************************************|
          |***********************************

  Restraint-only function value:    6.1320556290521812E-004
  Maximum violation of the restraints:    6.1320556290521812E-004

--------------------------------------------------------------------------------

  Rescaling maximum and minimum coordinates... 
  Computing size of patches... 
  Add fixed molecules to permanent arrays... 
  Reseting center of mass... 

--------------------------------------------------------------------------------

  Setting initial trial coordinates ... 

--------------------------------------------------------------------------------

--------------------------------------------------------------------------------

  Molecules of type:            1
  Adjusting random positions to fit the constraints. 
  Packing:|0                                                             100%|
          |
  Restraint-only function value:    1.9610790909635302E-003
  Maximum violation of the restraints:    8.7297496885341708E-004

--------------------------------------------------------------------------------

  Molecules of type:            2
  Adjusting random positions to fit the constraints. 
  Restraint-only function value:    0.0000000000000000     
  Maximum violation of the restraints:    0.0000000000000000     

################################################################################

  Objective function at initial point:    5076.3329970696141     

################################################################################

  Packing molecules of type:            1

################################################################################


--------------------------------------------------------------------------------

  Starting GENCAN loop:            0
  Scaling radii by:    1.1000000000000001     

  Packing:|0                                                             100%|
          |******************************************************************|


  Function value from last GENCAN loop: f = .14925E-01
  Best function value before: f = .31862E+04
  Improvement from best function value:    99.99 %
  Improvement from last loop:    99.99 %
  Maximum violation of target distance:     0.000000
  Maximum violation of the constraints: .91182E-02
  Current structure written to file: ./calcs/219h2o.24meoh.pm.xyz
--------------------------------------------------------------------------------
  Packing solved for molecules of type           1
  Objective function value:    1.4924862729336356E-002
  Maximum violation of target distance:    0.0000000000000000     
  Max. constraint violation:    9.1181990045183323E-003
--------------------------------------------------------------------------------

################################################################################

  Packing molecules of type:            2

################################################################################


--------------------------------------------------------------------------------

  Starting GENCAN loop:            0
  Scaling radii by:    1.1000000000000001     

  Packing:|0                                                             100%|
          |**************

  Function value from last GENCAN loop: f = .00000E+00
  Best function value before: f = .38017E+03
  Improvement from best function value:    99.99 %
  Improvement from last loop:    99.99 %
  Maximum violation of target distance:     0.000000
  Maximum violation of the constraints: .00000E+00
  Current structure written to file: ./calcs/219h2o.24meoh.pm.xyz
--------------------------------------------------------------------------------
  Packing solved for molecules of type           2
  Objective function value:    0.0000000000000000     
  Maximum violation of target distance:    0.0000000000000000     
  Max. constraint violation:    0.0000000000000000     
--------------------------------------------------------------------------------

################################################################################

  Packing all molecules together 

################################################################################


--------------------------------------------------------------------------------

  Starting GENCAN loop:            0
  Scaling radii by:    1.1000000000000001     

  Packing:|0                                                             100%|
          |********************************************************

  Function value from last GENCAN loop: f = .10887E-01
  Best function value before: f = .13956E+04
  Improvement from best function value:    99.99 %
  Improvement from last loop:    99.99 %
  Maximum violation of target distance:     0.000000
  Maximum violation of the constraints: .43457E-02

################################################################################

                                 Success! 
              Final objective function value: .10887E-01
              Maximum violation of target distance:   0.000000
              Maximum violation of the constraints: .43457E-02

--------------------------------------------------------------------------------

              Please cite this work if Packmol was useful: 

           L. Martinez, R. Andrade, E. G. Birgin, J. M. Martinez, 
         PACKMOL: A package for building initial configurations for
                   molecular dynamics simulations. 
          Journal of Computational Chemistry, 30:2157-2164,2009.

################################################################################

  Solution written to file: ./calcs/219h2o.24meoh.pm.xyz

--------------------------------------------------------------------------------

   Running time:    5.92999980E-02  seconds. 

--------------------------------------------------------------------------------


