    * * * * * * * * * * * * * * * * * * * * *
    *       __    ____    ______            *
    *      /  \  |  _ \  |  ___/  luster !  *
     *    / _  \ | |_| | | |               *
     *   / /_\ | |  _ <  | |     < @  @ >  * 
     *  / ___  | | |_| | | |___ _ _  o     * 
    *  /_/   |_| |____/  |_____ _ __ __  _  *
    *                                       *
    * * * * * * * * * * * * * * * * * * * * *

ABCluster 1.5.1
Specific flag:  official version
Platform:       LINUX/UNIX
Compiled by:    junzhang@gellmann.scs.illinois.edu
Compiling date: Dec 18 2017 20:33:35
C++ compiler:   g++
C++ options:    -O3 -Os -fno-exceptions --std=c++0x -fopenmp 

Contributors:
Jun Zhang(University of Cologne): Design and coding.

For any suggestions, comments, and questions on the theory and
implementation of ABCluster, please feel free to contact:

Dr. Jun Zhang, ZhangJunQcc@gmail.com

If you used this program in your work, please cite this reference:

[1] Zhang, J.; Dolg, M.; ABCluster: The Artificial Bee Colony Algorithm for
    Cluster Global Optimization. Phys. Chem. Chem. Phys. 2015, 17, 24173-24181.
[2] Zhang, J.; Dolg, M.; Global Optimization of Clusters of Rigid Molecules by the
    Artificial Bee Colony Algorithm. Phys. Chem. Chem. Phys. 2016, 18, 3003-3010.

Program starts at Sat Dec 14 23:44:57 2019.
Command line: " /ihome/jkeith/amm503/codes/ABCluster/rigidmol-optimizer solvent.inp "
Process ID:   252112
Run by:       amm503@smp-n48.crc.pitt.edu
Available CPU cores:    24
Read "OMP_NUM_THREADS": Unset

Random number testing (integers): 984266944...757229782
Random number testing (fractals): 0.45312241...0.43871322

 -- Input/Output Parameters --
Input file name:      solvent.inp
Cluster file name:    solvent.cluster
Result file name:     lm-cl-solvent.(cluster/xyz/gjf)
Temporary file name:  abclusteramm503smp-n48.crc.pitt.edu252112-OPT
# of saved LMs:       100
LMs are stored in:    lm-cl-solvent-LM

 -- ABC Control Parameters --
Population size:                  500
Maximal generation:              1000
Scout limit:                       15
Amplitude:                30.00000000

 -- Cluster Components: from [ solvent.cluster ] --
 -----------------------------------------------------------
   Source                                       #   Charge
 -----------------------------------------------------------
   charmm36/ch3cn.xyz                          15   -0.000
   charmm36/cl.xyz                              1   -1.000
 -----------------------------------------------------------
   Dimension: 0, an isolate cluster.
 -----------------------------------------------------------

Artificial Bee Colony Optimization Starts!
----------------------------------------------------------------------------------
 * Population: 500; Maximal cycles: 1000
 * EM = Employed Bee; Trigonometric mutation
 * OL = Onlooker Bee; ABC/best/2(0.5)+ABC/current/2(0.5);
        Tournament selection from 5 nectars.
 * SC = Scout Bee; Random nectar; Limit = 15
----------------------------------------------------------------------------------
    #       Diversity            maxE            minE    byEM    byOL    bySC
----------------------------------------------------------------------------------
    1     89.36974397   -116.79832028   -558.77112186     317      93       0
    2     32.64747548   -116.79832028   -558.77112188     327      82       0
    3      9.35867810   -504.40740621   -559.85935224     226      53       0
    4      8.91659686   -518.91401434   -559.85935224     156      59       0
    5      8.78660160   -523.57039808   -559.85935226     121      47       0
    6      8.52377429   -525.05939622   -559.85935227     121      35       0
    7      8.13850204   -525.05939622   -559.85935028     110      18       0
    8      7.68129048   -526.33803311   -559.85935224     130      15       0
    9      7.20104095   -535.16058014   -561.74974077     126      16       0
   10      6.30602626   -538.18595939   -561.74974079     151      87       0
   11      4.64956192   -540.44300908   -561.74974035     157      54       0
   12      2.34056000   -543.13990785   -561.74974171     170      42       0
   13      0.93920513   -558.20236614   -561.74974078     169      10       0
   14      0.66055478   -559.70976870   -561.74973952     169       1       0
   15      0.20878700   -559.85935223   -561.74974077     111       0       0
   16      0.00443599   -561.69229854   -561.74974258      27       0       0
   17      0.00000096   -561.74974079   -561.74974258       3       0       0
   18      0.00000096   -561.74974079   -561.74974258       0       0       0
   19      0.00000096   -561.74974079   -561.74974258       0       0       0
   20     38.11514301    -93.50649762   -561.74974258       0       0       7
   21     73.26714167    -72.20109657   -561.74974076       7       0      43
   22    119.14779731    -28.73952896   -561.74974077      43       0     100
   23    120.41959426    -38.89356716   -561.74973980      99       0     125
   24    117.96396562    -36.67157929   -561.74974076     135       0     104
   25 248279756.23639977 5557263659.43329716   -561.74974037     168       3      75
   26     67.99623900    -37.96038818   -561.74974077     171       4      30
   27     44.72365206   -149.35915910   -561.74974036     153       2      14
   28     16.35738463   -241.75159504   -561.74974041     168       0       2
   29      4.27699061   -536.17494418   -561.74973884     153       0       0
   30      0.72235900   -552.84253397   -561.74974135     105       0       0
   31      0.00625444   -561.69229895   -561.74974076      41       0       0
   32      0.00443602   -561.69229853   -561.74974077       3       0       0
   33      0.00256623   -561.69230060   -561.74974076       2       0       0
   34      0.00000069   -561.74974078   -561.74974076       1       0       0
   35      0.00000069   -561.74974078   -561.74974076       0       0       0
   36      0.00000069   -561.74974078   -561.74974076       0       0       0
   37     32.25696710    -46.20724840   -561.74974076       0       0       7
   38     59.57023201   -121.06123943   -561.74974077       7       0      29
   39     87.61996045    -49.35360237   -561.74974140      28       0      61
   40     82.21479007    -40.28178276   -561.74974075      61       0      57
   41     83.72980070    -22.43433331   -561.74974078      75       0      49
   42 31924523.74917404 714568446.74236798   -561.74974075      72       0      71
   43     96.16504181     13.26277196   -561.74974074      95       0      87
   44     99.52953613    -47.64626583   -561.74974079     105       0      73
   45     72.79519250    -37.03739224   -561.74974076     125       0      42
   46     60.92328900   -104.24334883   -561.74974077     114       0      21
   47      6.90189382   -504.35872509   -561.74974078      83       0       3
   48      2.53818254   -523.03009026   -561.74974037      54       0       0
   49      0.00362558   -561.69229900   -561.74974077      19       0       0
   50      0.00000064   -561.74974078   -561.74974077       2       0       0
   51      0.00000064   -561.74974078   -561.74974077       0       0       0
   52      0.00000064   -561.74974078   -561.74974077       0       0       0
   53      0.00000064   -561.74974078   -561.74974077       0       0       0
   54     25.44051716   -223.18721687   -561.74974077       0       0       7
   55     67.80910821    -18.96268370   -561.74974076       7       0      22
   56     83.77772810    -56.61072130   -561.74974077      22       0      45
   57     73.70112554   -106.42688952   -561.74974077      47       0      51
   58     84.22013527    -42.37580720   -561.74974076      65       0      58
   59     88.38863436    -67.76327853   -561.74974074      81       0      51
   60 18627026.09945038 416929563.81388634   -561.74974076      93       0      58
   61 3206785.45923128 71777185.97143541   -561.74974363      77       0      68
   62     88.25475888    -35.90369968   -561.74974077      91       0      66
   63     71.69379419    -79.85852927   -561.74974076      93       0      47
   64     48.41355193    -66.87975851   -561.74974079      88       0      23
   65     25.94711207    -52.38149751   -561.74974075      74       0       4
   66      1.91748898   -537.58639706   -561.74974078      53       0       0
   67      0.74156874   -545.15112109   -561.74974078      18       0       0
   68      0.00256618   -561.69230192   -561.74974078       3       0       0
   69      0.00000080   -561.74974078   -561.74974078       1       0       0
   70      0.00000080   -561.74974078   -561.74974078       0       0       0
   71     25.35853968   -222.70381466   -561.74974078       0       0       7
   72     44.80359909   -100.58690164   -561.74974078       7       0      14
   73     62.79055458    -63.05543395   -561.74974077      15       0      33
   74     66.93700424     -4.17669554   -561.74974079      36       0      43
   75 87572293.29394415 1960136582.07908964   -561.74974079      48       0      51
   76    100.19443708    -30.33287361   -561.74974078      63       0      58
   77     74.80512821    -21.83601457   -561.74974078      73       0      53
   78     87.66667136    -18.27162940   -561.74974363      84       0      58
   79     92.76483464    -38.30972862   -561.74974077      75       0      63
   80     85.29589791    -43.35041338   -561.74974078      95       0      51
   81 2052982.39827852 45951513.28204941   -561.74974078      90       0      40
   82     59.66783269    -82.86575764   -561.74974078      83       0      24
   83     36.27825452    -82.17382044   -561.74974077      56       0       5
   84      1.29570997   -534.41135010   -561.74974079      31       0       0
   85      0.00443585   -561.69230191   -561.74974079       8       0       0
   86      0.00000088   -561.74974075   -561.74974077       3       0       0
   87      0.00000088   -561.74974075   -561.74974077       0       0       0
   88     29.59306453   -153.38431050   -561.74974077       0       0       6
   89     50.36321268    -81.79736729   -561.74974079       5       0      12
   90     64.31748961   -111.90232313   -561.74974078      13       0      26
   91     68.38668686    -27.80385922   -561.74974078      27       0      35
   92     86.33097510    -23.03871005   -561.74974080      44       0      47
   93     82.86295933    -66.90307060   -561.74974078      68       0      51
   94     77.13120660    -14.50806817   -561.74974079      67       0      53
   95     73.35036571    -69.89661328   -561.74974360      83       0      46
   96     95.76746124    -29.42561485   -561.74974078      81       0      66
   97 203778803.89530319 4561195521.67813492   -561.74974079     100       0      55
   98     86.41281838    -26.62418727   -561.74974078      95       0      46
   99     80.52459185    -31.57589446   -561.74974078      88       0      42
  100     46.90046808    -94.83852417   -561.74974079      79       0      11
  101     35.66194381    -44.19547739   -561.74974075      58       0       4
  102      0.00914068   -561.69230192   -561.74974079      27       0       0
  103      0.00720724   -561.69230192   -561.74974079       5       0       0
  104      0.00362550   -561.69230193   -561.74974079       6       0       0
  105     28.95846223    -76.64019688   -561.74974079       2       0       6
  106     30.16979187   -163.15105642   -561.74974079       6       0       8
  107     47.00203623    -72.37358787   -561.74974079       9       0      18
  108     43.77765657    -79.72637411   -561.74974079      20       0      20
  109     69.26238429    -25.12366449   -561.74974078      20       0      47
  110     79.41707886    -29.90163302   -561.74974077      48       0      43
  111     78.86337941    -26.70525376   -561.74974078      64       0      47
  112     86.02651030    -71.13404889   -561.74974077      67       0      54
  113     79.69809685    -11.02112439   -561.74974079      72       0      52
  114     79.54418367    -34.19952470   -561.74974079      89       0      59
  115     74.35013048    -38.65189046   -561.74974362     101       0      46
  116     84.45613340    -19.70430969   -561.74974075      95       0      59
  117     48.74486402    -37.08498097   -561.74974079     109       0      28
  118     26.24409077   -208.21955306   -561.74974079      78       0      12
  119      4.09052069   -470.81026999   -561.74974079      54       0       1
  120      0.01426124   -561.69230192   -561.74974079      23       0       0
  121      0.01070045   -561.69230192   -561.74974361      15       0       0
  122     29.54880523    -52.04561170   -561.74974361      10       0       4
  123     28.87451863    -95.63821869   -561.74974362       6       0       7
  124     35.08178285    -53.00414077   -561.74974362      12       0      15
  125     47.26971088   -118.67874757   -561.74974362      22       0      20
  126     62.03329336    -81.81463829   -561.74974074      22       0      30
  127 20564586.29842574 460298110.90718448   -561.74974079      29       0      36
  128     77.22587934    -25.42342026   -561.74974077      53       0      40
  129     78.69362138    -80.64753212   -561.74974078      54       0      44
  130     77.72405670    -81.18131123   -561.74974076      64       0      52
  131     76.69475479    -54.89875310   -561.74974071      75       0      53
  132     79.24248319    -17.60099935   -561.74974363      92       0      49
  133 6343517.12728784 141703779.93116617   -561.74974552      86       1      64
  134     79.70980462    -39.61725244   -561.74974078      98       0      43
  135     49.28913483    -94.51369137   -561.74974076      85       0      34
  136     34.86205901    -89.93094286   -561.74974075      85       0       8
  137     19.33964388   -130.35694662   -561.74974079      66       0       1
  138      0.02039704   -561.69230193   -561.74974363      43       0       0
  139      8.14236256   -396.05912806   -561.74974077      25       0       2
  140     31.88856522   -122.79614076   -561.74974074      18       0       5
  141     39.95909099   -114.29813636   -561.74974080      12       0      14
  142     52.49647365    -47.26180492   -561.74974073      26       0      17
  143     49.25084066    -83.80761787   -561.74974078      21       0      12
  144     71.22774826    -47.76277907   -561.74974077      20       0      41
  145     45.03779870   -148.47046606   -561.74974077      50       0      26
  146     77.56675802    -22.25363192   -561.74974077      54       0      45
  147     74.62294877    -40.28444214   -561.74974078      59       0      37
  148     75.35869221    -35.27404600   -561.74974079      67       0      50
  149     78.09131563    -71.22125121   -561.74974074      72       1      50
  150     90.61447259    -27.76697188   -561.74974549      80       0      57
  151     84.62668306    -32.59024295   -561.74974551      95       2      50
  152     77.92577634    -55.31592484   -561.74974364     107       0      42
  153 1359115.86104318 30420648.34564181   -561.74974365     100       0      35
  154     40.31506554   -151.46760275   -561.74974365      87       0      15
  155     17.49723270   -175.02678721   -561.74974362      70       0       2
  156     11.77321247   -298.22785820   -561.74974363      36       0       1
  157     25.34726132    -33.99824195   -561.74974360       8       0       3
  158     30.12958244   -102.48444422   -561.74974360       7       0       7
  159     35.49462281    -92.64830897   -561.74974364       7       0      11
  160     45.08355055    -83.86238250   -561.74974364      11       0      15
  161     54.69651054    -30.59422621   -561.74974361      16       0      21
  162     75.69896002     34.97416860   -561.74974364      27       0      38
  163     65.40648594    -26.55211547   -561.74974365      38       0      27
  164     72.75030932    -35.05078727   -561.74974362      40       0      39
  165     77.68141418    -11.40847788   -561.74974364      44       0      47
  166     74.99452128    -54.95876478   -561.74974362      55       0      44
  167     68.52084722   -104.24075970   -561.74974364      63       0      50
  168     80.08780633    -36.52975320   -561.74974363      63       0      55
  169 13769002.02195686 308192055.92122781   -561.74974365      76       0      49
  170     80.84432719    -54.06542996   -561.74974364      83       0      46
  171     80.31875241    -37.39466740   -561.74974364      78       0      35
  172     37.84456280   -151.42217271   -561.74974365      68       0      12
  173     12.41252073   -286.25138871   -561.74974365      28       0       1
  174     15.96075772   -221.46112927   -561.74974365       3       0       3
  175     28.51839897    -28.98036352   -561.74974365       3       0       6
  176     31.21522121   -153.42453699   -561.74974363       6       0      10
  177     30.32064656   -151.22371239   -561.74974363      10       0      11
  178     48.73276584   -135.11010137   -561.74974364      12       0      23
  179     63.49950583    -51.53846828   -561.74974365      23       0      32
  180     58.06209096    -71.06320219   -561.74974365      31       0      28
  181     60.88159115   -121.11980560   -561.74974365      34       0      38
  182     72.40755483    -49.16900059   -561.74974364      44       0      39
  183     64.71106906    -47.87381944   -561.74974365      42       0      44
  184     83.05630329    -22.58610500   -561.74974364      46       0      46
  185     71.49521688    -50.87174244   -561.74974365      57       0      39
  186 1549835.51479433 34689546.76227779   -561.74974365      52       0      56
  187     81.76387903   -108.51826574   -561.74974364      67       0      54
  188     82.21259219    -63.16450668   -561.74974365      72       0      48
  189     64.47455521    -67.76626439   -561.74974365      61       0      21
  190     13.46357044   -272.68842773   -561.74974365      42       0       2
  191     10.92141814   -329.78715155   -561.74974365      11       0       3
  192     24.68508125   -120.00732076   -561.74974365       4       0       6
  193     38.19103593    -30.58905632   -561.74974364       6       0       9
  194     39.70970893   -131.60061515   -561.74974364       9       0      11
  195 2368830.47669512 53021154.43561831   -561.74974365      11       0      23
  196     59.07966020    -57.40479451   -561.74974365      26       0      28
  197     51.05889391   -118.13619396   -561.74974365      29       0      29
  198     78.78225783    -85.81743628   -561.74974365      32       0      36
  199     68.55163455    -86.39255485   -561.74974365      44       0      39
  200 296233520.77540219 6630616288.19178295   -561.74974365      44       0      42
  201     77.23488531    -14.97175054   -561.74974365      52       0      36
  202     77.90247471    -39.90107207   -561.74974365      46       0      47
  203     81.09819019    -81.29380560   -561.74974365      57       0      50
  204     78.50616739    -49.05937566   -561.74974365      66       0      54
  205     84.58074539    -49.15215590   -561.74974365      69       0      48
  206     65.62291823    -47.32902456   -561.74974365      64       0      31
  207     43.02351593    -67.85697308   -561.74974365      53       0       8
  208     10.81596036   -332.73330131   -561.74974365      23       0       3
  209     26.19876586   -215.35696718   -561.74974365       6       0       6
  210 2237247.91655455 50075926.02621645   -561.74974365       6       0       9
  211     41.06894261    -15.37052392   -561.74974365       9       0       8
  212     56.19034497    -28.86324245   -561.74974366       8       0      24
  213     68.21449019    -45.56266592   -561.74974363      23       0      25
  214     61.48464367    -93.04782051   -561.74974366      26       0      27
  215     71.40300995    -38.83373625   -561.74974365      32       0      38
  216     73.44266212    -25.98964883   -561.74974366      41       0      33
  217     83.97164895    -51.79517115   -561.74974365      41       0      42
  218     62.70815591    -63.08854098   -561.74974365      49       0      38
  219     47.63612546   -165.44913823   -561.74974365      42       0      33
  220     93.02814143    -28.05312188   -561.74974365      44       0      58
  221 28005188.02479169 626841656.78695834   -561.74974365      66       0      53
  222     87.72301988    -41.53989293   -561.74974362      62       0      46
  223 292729396.74158871 6551404026.31057262   -561.74974363      71       0      38
  224     53.05415287    -17.46024232   -561.74974364      63       0      18
  225     18.53945381   -206.63649862   -561.74974364      40       0       4
  226     27.80098210   -143.66851649   -561.74974363      10       0       6
  227     32.21875396   -127.33146175   -561.74974364       6       0       9
  228     29.08312628    -78.30037128   -561.74974364       9       0       8
  229     54.57933171    -59.00563717   -561.74974364       8       0      23
  230     54.70133848   -110.79502825   -561.74974364      22       0      22
  231     57.42447087    -85.27946177   -561.74974364      25       0      27
  232     75.52322982    -50.48460950   -561.74974364      28       0      32
  233     69.49641623    -26.04984427   -561.74974363      35       0      34
  234     71.65737760    -34.10854892   -561.74974366      38       0      44
  235     72.07160143    -27.13907033   -561.74974363      45       0      36
  236     59.12874946    -38.09973405   -561.74974364      46       0      36
  237     79.91348275    -14.81040981   -561.74974364      44       0      46
  238     77.69925224    -42.58719552   -561.74974364      54       0      46
  239     85.89874628    -25.41186729   -561.74974364      60       0      49
  240     68.87583258    -48.98243316   -561.74974363      60       0      46
  241     66.37068375    -56.72330881   -561.74974361      63       0      28
  242     29.39847831   -138.85337805   -561.74974363      50       0       8
  243     41.14702949    -55.48896881   -561.74974362      28       0       6
  244     34.08912620   -150.25218298   -561.74974363       9       0       9
  245     39.50215874    -93.14504287   -561.74974363      10       0       8
  246     47.85114931    -86.64280941   -561.74974363       8       0      20
  247     54.35274882   -101.16263714   -561.74974361      20       0      25
  248     57.67024154    -47.63583810   -561.74974364      25       0      24
  249     65.19067121    -56.80761873   -561.74974364      30       0      31
  250     64.36464382    -32.07547809   -561.74974361      33       0      30
  251     73.63451656    -23.23960519   -561.74974364      36       0      44
  252     73.11072296    -72.29511670   -561.74974364      49       0      37
  253     70.55500075    -28.84376243   -561.74974364      48       0      35
  254     81.92653872    -14.57079086   -561.74974360      47       0      40
  255     69.40849232    -41.44938644   -561.74974360      49       0      43
  256     82.24258595    -45.31562847   -561.74974364      53       0      51
  257     62.18407694    -72.55971719   -561.74974363      62       0      41
  258     64.01872518    -10.26216735   -561.74974363      50       0      33
  259     39.44789634    -67.53171351   -561.74974362      52       0      21
  260 41216827.01407053 922558733.14987683   -561.74974364      32       0       7
  261     24.92693189   -269.21677447   -561.74974365      13       0      10
  262     30.00924725    -46.75795243   -561.74974365      10       0       8
  263     46.69833777   -115.44418245   -561.74974362       8       0      19
  264     51.47902574    -52.26390273   -561.74974363      20       0      21
  265     51.05959606    -57.29735741   -561.74974363      22       0      25
  266     64.89634496    -62.44150206   -561.74974360      26       0      28
  267     61.62036656    -68.72405464   -561.74974362      32       0      29
  268     75.67135397    -42.48902870   -561.74974364      37       0      41
  269     64.42206315   -102.50879469   -561.74974363      40       0      36
  270     72.08964643    -22.41867904   -561.74974363      47       0      40
  271     79.31881027    -55.82445345   -561.74974363      48       0      34
  272     77.52966493    -48.17723163   -561.74974364      43       0      45
  273     81.05141149    -62.10457581   -561.74974363      53       0      48
  274 1068890.31166164 23924508.55655401   -561.74974365      65       0      43
  275     70.71531518    -33.96183934   -561.74974364      60       0      35
  276     64.09569176    -49.87386675   -561.74974365      53       0      29
  277     21.48474283   -229.85270661   -561.74974365      44       0       9
  278     37.66016341    -70.76634556   -561.74974364      18       0       9
  279     29.81965567    -94.19618395   -561.74974365       9       0       8
  280     58.66093791    -21.48142338   -561.74974365      10       0      18
  281     45.87529387   -106.57252110   -561.74974364      18       0      22
  282     48.95767437    -22.57289757   -561.74974365      21       0      20
  283     56.78669796   -117.00674263   -561.74974365      23       0      29
  284     71.62765717    -37.59797339   -561.74974364      30       0      30
  285     75.96024942    -24.48119510   -561.74974365      32       0      38
  286     72.98675380    -45.34364525   -561.74974365      47       0      33
  287     68.55323326    -26.78179849   -561.74974365      42       0      41
  288     68.23815768    -71.69995467   -561.74974365      44       0      32
  289     66.76425802    -25.37782988   -561.74974365      47       0      39
  290     67.03709783    -32.87191292   -561.74974365      46       0      49
  291     72.75008687    -39.47853219   -561.74974360      54       0      43
  292     75.06934280    -45.95497678   -561.74974364      68       0      36
  293     70.16662243    -89.28557104   -561.74974365      56       0      39
  294     51.00592937    -57.17509964   -561.74974364      62       0      13
  295     33.23329762    -90.26223706   -561.74974364      28       0       9
  296     26.23807783    -98.87283075   -561.74974364      11       0       9
  297 254607623.83731088 5698900744.44044876   -561.74974364      11       0      18
  298     60.64196479    -25.07782960   -561.74974364      18       0      20
  299     48.12764458    -59.08317368   -561.74974364      21       0      20
  300     58.37243878    -60.85662347   -561.74974364      20       0      25
  301     66.96593796     -9.39763177   -561.74974364      27       0      29
  302     81.29505259    -45.51645884   -561.74974364      30       0      35
  303     70.43163423    -88.24612835   -561.74974365      39       0      34
  304     80.42055245    -37.09721662   -561.74974364      36       0      39
  305     70.27409732    -47.54078597   -561.74974364      43       0      37
  306     79.84337044    -37.87986270   -561.74974364      44       0      35
  307     76.31589385    -63.00146199   -561.74974365      42       0      37
  308     76.91951453    -38.85921982   -561.74974365      45       0      43
  309     71.00928465    -42.51945961   -561.74974364      49       0      36
  310     83.48738637    -21.69461754   -561.74974364      46       0      52
  311     57.79060409    -54.61862262   -561.74974364      62       0      21
  312     43.06342693    -86.29257478   -561.74974364      47       0       9
  313     31.56194862   -177.50694224   -561.74974364      25       0       9
  314     36.65147694    -84.67402297   -561.74974364       9       0      18
  315     48.39684318   -111.44685189   -561.74974362      21       0      21
  316     41.29516872   -121.82232657   -561.74974364      21       0      19
  317     55.45834548    -46.88125251   -561.74974362      21       0      25
  318     55.03211506    -49.28690891   -561.74974364      29       0      26
  319 2095687.81634515 46907389.04708270   -561.74974364      28       0      35
  320     71.27177350    -49.11089337   -561.74974362      40       0      33
  321     73.46230364    -24.48197657   -561.74974364      33       0      35
  322     62.65287118    -80.25500669   -561.74974364      48       0      40
  323     57.90408584    -70.54161156   -561.74974362      51       0      32
  324     65.44082962    -59.88295713   -561.74974364      38       0      37
  325     62.58670205    -59.88295713   -561.74974364      45       0      40
  326     60.15073989    -38.67222782   -561.74974364      51       0      37
  327     75.51188161    -60.55743920   -561.74974364      45       0      42
  328     63.48124831    -26.59227313   -561.74974361      49       0      32
  329     53.14143458   -111.98437812   -561.74974363      44       0      19
  330     36.11020107   -122.18992591   -561.74974364      27       0       6
  331     52.76437708    -95.34401634   -561.74974365       9       0      20
  332     58.29469741    -66.78016132   -561.74974361      20       0      19
  333     40.40843326   -135.30944751   -561.74974365      20       0      19
  334     50.21416780    -76.31817676   -561.74974363      24       0      26
  335     50.20649534    -92.13838704   -561.74974365      30       0      23
  336     65.62605810    -56.93188733   -561.74974361      25       0      34
  337     69.96732413    -25.72234893   -561.74974361      37       0      31
  338     74.49388371    -12.38422337   -561.74974364      32       0      32
  339 1879394.03262049 42066069.98560551   -561.74974364      38       0      42
  340     51.75433696    -89.01741953   -561.74974361      46       0      35
  341     74.89164189    -23.74443319   -561.74974364      47       0      34
  342     70.90504391    -61.47716015   -561.74974364      42       0      39
  343     74.36208759    -59.05429798   -561.74974364      46       0      38
  344     70.66224775    -43.53513870   -561.74974364      50       0      40
  345     72.25653494    -26.62415773   -561.74974364      50       0      38
  346     53.28957508    -74.77104781   -561.74974364      54       0      22
  347     33.55566579   -126.89887918   -561.74974364      33       0       8
  348     47.89757486    -62.33428389   -561.74974364      11       0      17
  349     52.93756849    -72.11631312   -561.74974364      20       0      18
  350     31.46070747   -197.30018246   -561.74974364      19       0      19
  351     58.20005055    -76.84442860   -561.74974364      21       0      27
  352     57.95038970    -47.04625575   -561.74974364      27       0      24
  353     58.81431630    -57.19683121   -561.74974364      24       0      32
  354     53.87158829   -105.38574305   -561.74974364      37       0      32
  355     62.91480214    -57.67040841   -561.74974364      34       0      28
  356     58.59827879    -72.35901779   -561.74974364      32       0      39
  357     68.29697112    -50.62544490   -561.74974364      43       0      35
  358     71.93481150    -85.79136873   -561.74974364      43       0      37
  359     68.41158482    -31.81678145   -561.74974364      51       0      35
  360     73.46076109    -61.38644005   -561.74974363      49       0      37
  361     77.87342117    -79.74373446   -561.74974364      47       0      37
  362     76.45246794    -24.83903914   -561.74974364      48       0      43
  363     55.21466945    -62.22047601   -561.74974364      56       0      30
  364     26.41438634   -262.65882803   -561.74974364      44       0       8
  365     32.28662400   -201.86710799   -561.74974364      21       0      18
  366     45.89891258    -68.29725220   -561.74974364      18       0      18
  367     61.84798012    -23.40998565   -561.74974364      21       0      20
  368     54.96043474    -55.92655696   -561.74974363      25       0      25
  369     50.28107026    -90.78322122   -561.74974364      25       0      22
  370 1859257.65331920 41615352.15860267   -561.74974364      22       0      33
  371     68.84382271    -52.88230927   -561.74974364      34       0      30
  372     63.13140229    -57.19075145   -561.74974364      33       0      29
  373 156040.78601002 3492123.74439055   -561.74974364      32       0      33
  374     61.50209706    -73.59615710   -561.74974364      42       0      32
  375     66.07397017    -86.77704688   -561.74974364      42       0      38
  376     62.94466144    -63.38216824   -561.74974364      39       0      32
  377     71.47905327    -57.85323841   -561.74974364      43       0      41
  378     63.15209384    -92.80835620   -561.74974359      47       0      37
  379     75.19001289    -64.37959093   -561.74974364      47       0      41
  380     76.35309550    -25.15336151   -561.74974364      54       0      34
  381     35.16747191    -86.43353472   -561.74974365      41       0      15
  382 5315775.40229484 118982841.68464617   -561.74974364      22       0      18
  383     46.64275419    -96.59990608   -561.74974364      18       0      16
  384     57.46410305    -92.85967115   -561.74974365      17       0      23
  385     59.82419021    -39.80939141   -561.74974364      23       0      24
  386     48.66484956   -110.71594058   -561.74974364      28       0      24
  387     52.43927818   -101.60251555   -561.74974364      29       0      31
  388     57.21420851    -37.85360169   -561.74974364      38       0      26
  389     60.92966768    -59.94253390   -561.74974364      32       0      29
  390     57.99822386    -73.87699396   -561.74974362      30       0      27
  391 221055.12794843 4947349.53357178   -561.74974364      33       0      42
  392 20143975.43058288 450883542.96909118   -561.74974364      49       0      30
  393 1168108.20110390 26145306.17445768   -561.74974364      42       0      36
  394     70.07396109    -32.62293651   -561.74974364      44       0      37
  395     79.80903142    -56.83230390   -561.74974364      49       0      35
  396     62.66023391   -111.46332023   -561.74974364      46       0      46
  397     74.97017526    -38.38809859   -561.74974362      49       0      36
  398     48.05298780    -81.98944909   -561.74974364      52       0      20
  399     38.39535555   -123.39057703   -561.74974364      35       0      17
  400     41.81149581    -85.34947351   -561.74974364      22       0      17
  401     71.43081100    -26.17526468   -561.74974365      19       0      19
  402     43.65552077   -114.03390332   -561.74974365      18       0      20
  403     61.50672623    -79.04365303   -561.74974364      23       0      26
  404     65.61499788    -24.05833682   -561.74974364      28       0      32
  405     66.71789726    -89.61988379   -561.74974364      35       0      28
  406     51.77889194   -114.10516837   -561.74974364      31       0      24
  407     50.64958250    -29.09341802   -561.74974364      33       0      27
  408     74.14818757    -57.82164218   -561.74974364      31       0      39
  409     75.58305228    -77.05993709   -561.74974365      42       0      32
  410     56.69772266    -78.84662461   -561.74974364      45       0      33
  411     80.85633441    -67.34782355   -561.74974364      38       0      42
  412     76.44403715    -74.69446488   -561.74974364      47       0      34
  413     67.48244715    -69.56451194   -561.74974364      43       0      37
  414     80.03087122    -25.13382745   -561.74974364      44       0      43
  415     49.13321454    -32.68186690   -561.74974364      55       0      27
  416     47.06285102   -119.20026829   -561.74974364      44       0      19
  417     53.00486174    -77.07198012   -561.74974364      30       0      17
  418     45.15442637    -53.18548906   -561.74974364      19       0      19
  419     43.48609642    -90.85565516   -561.74974364      20       0      19
  420     58.84202655    -12.46142312   -561.74974364      20       0      23
  421     64.15245268    -35.32379353   -561.74974364      22       0      33
  422     49.18524886    -38.27460845   -561.74974364      38       0      26
  423     47.36690683    -84.68518647   -561.74974364      29       0      24
  424     64.05229728    -31.61857186   -561.74974364      29       0      25
  425     68.09388027    -56.31900869   -561.74974364      28       0      38
  426     68.97211805    -46.29365878   -561.74974364      42       0      37
  427     54.05158255   -103.48665960   -561.74974364      37       0      31
  428     71.40712824    -41.94520111   -561.74974364      36       0      38
  429     64.49258031    -35.01945662   -561.74974364      39       0      34
  430     63.57306356    -36.94245099   -561.74974364      39       0      37
  431     68.72619067    -61.22305349   -561.74974364      49       0      39
  432     69.03534724    -20.00020061   -561.74974364      48       0      31
  433     55.42643776    -56.52962078   -561.74974364      37       0      28
  434     48.58745519    -11.45062448   -561.74974364      36       0      17
  435     47.74405818    -63.56706537   -561.74974364      21       0      19
  436     46.99643174    -19.05107593   -561.74974364      21       0      20
  437     37.17645189    -93.04967641   -561.74974364      21       0      18
  438     65.81181028    -69.46154669   -561.74974364      20       0      34
  439     52.96058155    -99.43508412   -561.74974364      34       0      26
  440     56.83382426    -19.75572232   -561.74974364      33       0      24
  441     58.28327988    -68.36801634   -561.74974364      29       0      27
  442     70.44587403    -36.05307991   -561.74974364      29       0      38
  443     69.08812460    -11.37588668   -561.74974364      43       0      36
  444     62.03364668    -48.02245754   -561.74974364      47       0      27
  445     85.78176188    -18.60167999   -561.74974364      39       0      41
  446     66.77149277    420.19310530   -561.74974364      47       0      28
  447     82.46761826    420.19310530   -561.74974364      37       0      38
  448 11882388.92031088 265963847.17897141   -561.74974364      47       0      40
  449     69.49049477    -78.94993795   -561.74974364      47       0      34
  450     58.67931063   -100.33663994   -561.74974364      49       0      30
  451     51.47213665    -63.59702682   -561.74974364      40       0      18
  452     53.99368866    -45.76094529   -561.74974364      25       0      20
  453     41.91185785    -27.68754797   -561.74974364      21       0      20
  454     57.77030697    -74.74138299   -561.74974364      19       0      19
  455     59.59696574    -62.30801727   -561.74974364      21       0      24
  456     59.20699979    -42.94682314   -561.74974357      27       0      32
  457     69.87575713    -48.13341430   -561.74974357      31       0      25
  458     58.03367684    -53.11591097   -561.74974357      28       0      24
  459     78.08798548    -34.49410674   -561.74974364      26       0      34
  460     71.64844513    -46.58679027   -561.74974364      39       0      33
  461     66.24484395    -71.26369626   -561.74974364      38       0      33
  462     73.57778135    -52.13401260   -561.74974364      42       0      40
  463     64.43066144    -48.87351147   -561.74974364      43       0      25
  464     75.21472448    -47.81323539   -561.74974364      35       0      40
  465     74.77948228    -65.32405123   -561.74974364      41       0      38
  466     64.02809769    -45.82719287   -561.74974364      47       0      38
  467     59.81265855    -32.94375693   -561.74974364      46       0      31
  468     62.28756381    -42.04351527   -561.74974364      40       0      23
  469     47.59126151    -14.40935877   -561.74974364      32       0      21
  470     44.92847807    -70.47814775   -561.74974364      25       0      19
  471     41.67545767   -107.26364786   -561.74974364      25       0      17
  472     50.71283720    -92.06762705   -561.74974362      17       0      26
  473     67.81464191    -19.26809234   -561.74974364      27       0      32
  474     50.17049730   -144.73690712   -561.74974364      37       0      21
  475     72.99184971    -32.64598118   -561.74974364      28       0      26
  476     69.94406759    -25.99821346   -561.74974364      28       0      31
  477     58.10861468    -94.02259897   -561.74974364      36       0      31
  478     60.08740616    -93.38845149   -561.74974364      39       0      34
  479 126809331.31309809 2838382108.53848600   -561.74974364      39       0      41
  480     58.03369948    -26.59252706   -561.74974364      47       0      29
  481     64.38433003    -53.15581980   -561.74974364      40       0      33
  482     67.09667969    -51.57370034   -561.74974364      44       0      38
  483     66.53423252    -77.05318083   -561.74974364      44       0      38
  484     51.31690694   -127.06874182   -561.74974364      43       0      31
  485 304899945.54819125 6824597509.45061874   -561.74974364      40       0      28
  486     58.55169908    -48.39939170   -561.74974364      35       0      22
  487     52.14157471    -95.84739964   -561.74974364      33       0      22
  488     56.95098923    -37.85011571   -561.74974364      28       0      16
  489     53.84470879    -42.24568176   -561.74974364      17       0      21
  490     61.23410467    -15.26032435   -561.74974364      23       0      32
  491     50.93342489   -110.10706752   -561.74974364      32       0      24
  492     58.91935547    -41.22824259   -561.74974364      27       0      24
  493     51.31717944    -59.22480932   -561.74974364      28       0      28
  494     67.87144615    -50.69260879   -561.74974364      27       0      32
  495     59.54972734    -12.77011566   -561.74974364      40       0      37
  496     67.39818448     -8.61618200   -561.74974364      44       0      32
  497     63.71205111    -47.56131622   -561.74974364      37       0      32
  498     77.24096749    -33.30952212   -561.74974364      37       0      35
  499     61.24053133    -77.72672173   -561.74974364      44       0      40
  500     74.43846383    -30.58647619   -561.74974364      45       0      36
  501     77.31559204    -16.63945453   -561.74974364      48       0      30
  502 66889654.27520489 1497195534.89360166   -561.74974364      43       0      29
  503     55.47003559    -33.66624764   -561.74974364      36       0      26
  504     52.29865998   -135.40723307   -561.74974364      33       0      25
  505     33.67283803   -223.53649776   -561.74974364      32       0      16
  506     59.49380212    -51.27396889   -561.74974364      21       0      21
  507     66.83268277    -30.10805666   -561.74974364      22       0      30
  508     58.66097870    -72.11302437   -561.74974364      29       0      24
  509     51.90284042    -64.88310891   -561.74974364      28       0      25
  510     54.05017945    -79.53619225   -561.74974365      26       0      25
  511     68.65989533    -60.32533217   -561.74974364      29       0      29
  512     69.65656954    -67.78918048   -561.74974364      32       0      38
  513     68.68027229    -99.66517981   -561.74974364      40       0      34
  514     53.21090830    -59.20959720   -561.74974364      46       0      30
  515     63.80196070    -79.34271629   -561.74974364      34       0      31
  516     66.32327622    -87.63055993   -561.74974364      40       0      39
  517     65.69195731    -83.75662173   -561.74974364      45       0      36
  518     69.61710490    -50.21830092   -561.74974364      45       0      37
  519     61.11330518    -18.56759403   -561.74974364      43       0      30
  520     55.43166133    -55.13383544   -561.74974364      35       0      24
  521     44.39258504    -71.75158540   -561.74974364      34       0      26
  522     55.38990035    -82.64098493   -561.74974364      35       0      19
  523 140035396.99760664 3134422107.29856110   -561.74974364      26       0      23
  524     65.47002456    -40.38520787   -561.74974364      23       0      26
  525     52.32483754    -57.29696088   -561.74974364      28       0      27
  526     47.03613299    -81.02383578   -561.74974364      31       0      22
  527     65.05128365    -39.18051804   -561.74974364      26       0      27
  528     54.78114969    -99.28208342   -561.74974364      28       0      25
  529     53.11655182   -101.82948848   -561.74974364      29       0      35
  530     65.36725212    -23.34634041   -561.74974364      38       0      34
  531     69.87015660    -44.24536375   -561.74974364      37       0      34
  532     66.15456159    -67.01636882   -561.74974364      44       0      30
  533     84.70386800    -25.54306071   -561.74974364      42       0      36
  534     60.40113898    -75.55780147   -561.74974364      42       0      37
  535     62.07253511    -58.01728693   -561.74974364      43       0      41
  536     52.65083919    -71.83810637   -561.74974364      56       0      27
  537 256895.95690895 5749567.57429524   -561.74974364      41       0      23
  538     60.88167569    -54.12266323   -561.74974363      31       0      27
  539     52.73332435    -69.42628143   -561.74974364      29       0      25
  540     57.26923383    -99.16768954   -561.74974364      31       0      22
  541     53.36809204    -53.52918434   -561.74974364      27       0      25
  542     48.63331533   -128.55833628   -561.74974363      29       0      26
  543     46.46764951    -48.75027492   -561.74974364      28       0      22
  544     66.69212562    -57.00814815   -561.74974364      25       0      29
  545     60.74140780    -77.72528264   -561.74974363      34       0      23
  546 16069344.72115436 359680784.31910020   -561.74974364      30       0      34
  547 23330525.69382321 522208338.10847151   -561.74974364      35       0      32
  548     51.16949769   -132.05793093   -561.74974364      41       0      27
  549 9552251.51876408 213808206.77648881   -561.74974364      30       0      40
  550     50.94330120   -101.68883473   -561.74974364      42       0      28
  551     75.85333269    -31.22000124   -561.74974364      35       0      36
  552     81.57052100    -44.96680354   -561.74974364      45       0      42
  553     59.57685881   -100.80618905   -561.74974364      49       0      32
  554     54.80054502    -42.41335593   -561.74974364      42       0      28
  555     60.23461478    -75.91077820   -561.74974364      32       0      23
  556     58.65593880    -91.80938810   -561.74974364      30       0      26
  557     48.82834934    -97.95373647   -561.74974364      28       0      24
  558     61.55550799    -44.21915989   -561.74974364      27       0      27
  559     34.24721834   -164.76283983   -561.74974364      27       0      23
  560     44.32214900   -131.65376973   -561.74974364      25       0      21
  561     64.68010650    -85.27470575   -561.74974364      23       0      26
  562     71.33525408    -27.34155351   -561.74974364      30       0      29
  563     54.41048911    -47.70988383   -561.74974364      31       0      29
  564 308381670.37581408 6902529212.67817402   -561.74974364      33       0      34
  565 4701657.73791147 105237002.18952946   -561.74974364      38       0      29
  566     72.23926313    -65.05578258   -561.74974364      37       0      37
  567     66.48290593    -56.91081445   -561.74974364      45       0      24
  568     68.99801904    -40.09805849   -561.74974364      32       0      38
  569     82.05380685      8.55571066   -561.74974364      48       0      40
  570 24058318.52621206 538498582.22280538   -561.74974364      47       0      37
  571     64.49663508    -99.02773270   -561.74974364      50       0      31
  572     46.13321627    -28.35589206   -561.74974364      44       0      23
  573     55.55745385    -68.01760463   -561.74974364      34       0      26
  574     67.43626239    -82.29335433   -561.74974364      27       0      26
  575     62.47619775    -76.05096533   -561.74974364      29       0      25
  576 133070.79459958 2977982.05122605   -561.74974364      30       0      22
  577     57.93531660    -76.26229139   -561.74974364      21       0      21
  578     62.88135592    -22.96332377   -561.74974364      26       0      26
  579     57.69596222    -92.84825478   -561.74974364      28       0      27
  580     55.72710247    -88.03253100   -561.74974364      32       0      31
  581     60.05656243    -97.64683026   -561.74974364      36       0      29
  582     48.07529725   -107.09889168   -561.74974364      37       0      26
  583     65.75226279    -28.44088842   -561.74974365      38       0      40
  584  38346.26038034 857757.83215891   -561.74974364      43       0      25
  585     75.87613688    -12.22551987   -561.74974364      42       0      37
  586     72.15941205    -34.45021991   -561.74974364      48       0      32
  587     72.32849988    -50.85338030   -561.74974364      43       0      43
  588     63.61525673   -101.97806889   -561.74974363      46       0      31
  589     64.38429307   -119.40939210   -561.74974365      46       0      31
  590     45.79229359    -97.99855052   -561.74974364      36       0      25
  591     63.22356546    -46.69670097   -561.74974364      36       0      24
  592     61.43028191    -94.26407228   -561.74974364      32       0      29
  593     58.45338340    -72.03066638   -561.74974364      34       0      22
  594 76485919.40158880 1711989444.54539871   -561.74974364      24       0      19
  595     61.52607736    -40.78250435   -561.74974364      24       0      24
  596     48.67113453   -133.92331997   -561.74974364      27       0      26
  597     56.11076802    -44.28937687   -561.74974364      27       0      29
  598     50.14706395   -153.17580033   -561.74974364      35       0      26
  599     63.07694995    -37.44895909   -561.74974364      30       0      31
  600     65.68944404    -31.80450901   -561.74974364      33       0      30
  601     61.76840432    -78.28442741   -561.74974364      35       0      31
  602     59.53723827   -111.26899689   -561.74974364      35       0      37
  603     71.61155472    -39.00366317   -561.74974364      41       0      37
  604     75.03427272    -63.65590268   -561.74974364      42       0      34
  605     73.76378329    -40.95218982   -561.74974364      36       0      37
  606     65.76725704    -50.65387982   -561.74974364      45       0      29
  607     62.34337991    -63.00091162   -561.74974363      43       0      27
  608     58.88542740    -50.98510760   -561.74974365      35       0      28
  609     53.39091332   -103.15160961   -561.74974365      33       0      30
  610     43.54723991   -116.70673914   -561.74974364      36       0      22
  611     45.20151246    -53.41705180   -561.74974365      26       0      20
  612     36.71420210   -156.55761270   -561.74974363      25       0      25
  613     54.82773960    -74.90757995   -561.74974365      31       0      22
  614     69.87740743    -55.95191630   -561.74974364      24       0      30
  615     61.26535012    -36.60945060   -561.74974363      35       0      28
  616     61.97527862    -19.71233187   -561.74974365      29       0      27
  617     62.00459727    -52.81588418   -561.74974363      34       0      31
  618 25668447.51095483 574538211.49735749   -561.74974365      36       0      31
  619     72.15329040    -49.25147663   -561.74974364      38       0      36
  620     67.47882374    -45.66790194   -561.74974364      43       0      37
  621     66.82107258    -53.10888133   -561.74974364      45       0      35
  622     64.37022326    -42.71212012   -561.74974365      45       0      29
  623     63.21387031    -84.17243390   -561.74974365      40       0      36
  624     55.85940352   -130.27899867   -561.74974365      41       0      27
  625     73.65891893    -17.88834075   -561.74974365      36       0      30
  626     53.48610410   -132.57978619   -561.74974364      38       0      28
  627     58.71657050    -61.79995800   -561.74974365      34       0      25
  628     43.96540592    -95.68595055   -561.74974365      31       0      18
  629     71.96603334    -36.76973027   -561.74974365      23       0      26
  630     57.06882313    -89.70801063   -561.74974365      27       0      23
  631     55.27629339    -10.49444266   -561.74974365      29       0      31
  632     45.76464127   -135.04080345   -561.74974365      33       0      23
  633     66.78741649    -49.39147808   -561.74974365      31       0      30
  634     62.68273351    -65.47346007   -561.74974364      33       0      26
  635     50.79247558    -57.26652015   -561.74974365      30       0      32
  636     68.90232421    -42.03445900   -561.74974364      35       0      34
  637     75.05268559    -49.61735579   -561.74974364      36       0      39
  638     75.98296540    -54.47040957   -561.74974365      44       0      34
  639     67.68683289    -67.15028432   -561.74974365      44       0      31
  640     65.29547205    -39.38939538   -561.74974365      36       0      34
  641     72.10167113    -58.95590415   -561.74974364      37       0      29
  642     76.08275647    320.47646024   -561.74974364      31       0      31
  643     60.69421283    -69.43416563   -561.74974364      34       0      29
  644     49.49497693    -88.59135457   -561.74974364      33       0      25
  645     45.72231737    -69.21630107   -561.74974365      33       0      19
  646     68.12147291    -39.55981675   -561.74974365      26       0      28
  647     38.34368441   -147.78175354   -561.74974364      35       0      21
  648     60.77667669    -34.37470184   -561.74974364      26       0      26
  649     51.29778473    -77.31725650   -561.74974365      26       0      27
  650     61.41716182    -52.92983476   -561.74974360      29       0      33
  651     54.78097344    -66.73728463   -561.74974364      32       0      28
  652     66.86519781    -13.93198376   -561.74974365      37       0      28
  653     63.89335380    -52.85347935   -561.74974365      31       0      32
  654     67.77525522    -72.90704920   -561.74974365      38       0      35
  655     66.60713335    -84.18492249   -561.74974365      37       0      40
  656     65.24984501    -55.55984355   -561.74974365      49       0      32
  657     72.70091719    -19.26203857   -561.74974362      38       0      35
  658     73.42994319    -21.95362806   -561.74974362      40       0      28
  659     50.06911044   -115.66973612   -561.74974365      32       0      29
  660     58.19626944    -68.93447957   -561.74974365      33       0      28
  661     53.39294632    -32.64242900   -561.74974365      31       0      25
  662     51.45389346    -35.61692727   -561.74974364      28       0      18
  663     55.25373891    -27.62972267   -561.74974365      20       0      30
  664     56.60381918    -43.44654392   -561.74974365      35       0      25
  665     66.28301640    -49.20582980   -561.74974365      24       0      26
  666     57.72559706    -61.45410128   -561.74974365      29       0      25
  667     58.53062730    -78.72817217   -561.74974364      32       0      30
  668     59.63172356    -83.48407135   -561.74974364      32       0      31
  669     54.84550799    -59.52172082   -561.74974365      39       0      25
  670     70.95103373    -32.84249586   -561.74974364      31       0      33
  671 3734253.23693560 83583518.63701844   -561.74974365      34       0      32
  672     74.74180980    -34.05377832   -561.74974365      38       0      41
  673     71.69840001    -46.74088021   -561.74974365      44       0      35
  674     72.62122248    -60.92675943   -561.74974364      41       0      34
  675     58.98779087    -80.76179969   -561.74974365      41       0      31
  676     56.68754037    -80.67524872   -561.74974364      39       0      29
  677     68.30191163    -66.66915545   -561.74974364      38       0      27
  678     57.17358398    -47.38172092   -561.74974364      30       0      26
  679     38.93515363    -99.83533675   -561.74974364      33       0      15
  680     69.90126478    -64.38646269   -561.74974365      19       0      34
  681     52.36751565    -42.42065087   -561.74974364      35       0      20
  682     82.55972358    -33.42073178   -561.74974365      27       0      30
  683     42.79026407    -98.89204197   -561.74974365      37       0      23
  684 4416054.25292601 98844317.50349236   -561.74974365      29       0      26
  685     60.64854391    -67.27176125   -561.74974364      31       0      34
  686     60.06036294   -108.71368040   -561.74974365      38       0      28
  687     46.24702998   -139.77958977   -562.62551053      34       1      29
  688     62.32980275    -71.66814285   -562.62551056      37     231      21
  689     68.55563011   -101.28278382   -562.68701782      96       6      31
  690 13696958.55932534 306579485.21877843   -562.68701789     132     162      23
  691     61.81498055    -97.52868117   -562.68701786     139      22      19
  692     76.43608356    -26.49898152   -562.68702034     127       0      28
  693     44.52531524    -64.66925201   -562.68701783     131       0      20
  694     60.73279787    -98.65049295   -562.68701781     100       0      28
  695     52.21906076    -42.87684276   -562.68702032      51       0      32
  696     49.35111221    -48.62699832   -562.68702386      41       0      23
  697     59.98632915    -47.73989099   -562.68702386      32       0      30
  698     58.08526934    -40.85510719   -562.68701846      36       0      21
  699     60.82486699    -71.66891540   -562.68701784      28       0      22
  700     63.79075756    -59.19741795   -562.68701846      24       0      24
  701     63.00282734    -26.61554880   -562.68702034      27       0      27
  702 2194362.32694465 49116019.66330942   -562.68702034      29       0      28
  703     60.52715405    -97.10189914   -562.68702034      31       0      27
  704     67.00243283    -67.61164561   -562.68702034      30       0      31
  705     55.20244654    -66.91764990   -562.68702034      32       0      25
  706     64.37524906    -75.20085346   -562.68701844      31       0      36
  707     68.29143736    -62.90228957   -562.68702033      37       0      45
  708 741349.74065946 16593135.33280254   -562.68701840      53       0      32
  709     63.09522733    -77.91923722   -562.68702033      44       0      28
  710     77.35653496    -39.35505636   -562.68702032      38       0      38
  711     46.71061109    -73.50212383   -562.68701846      41       0      24
  712     63.19748776    -25.76002683   -562.68702028      34       0      29
  713     61.57203132    -60.38587268   -562.68701840      34       0      28
  714     66.33360514    -71.04134788   -562.68701840      33       0      31
  715     54.98615615    -33.86208818   -562.68702028      35       0      21
  716     67.66594149    -67.19656345   -562.68701844      28       0      25
  717     53.58963126    -70.78449436   -562.68702033      30       0      21
  718     64.25868889    -68.63601294   -562.68702028      28       0      29
  719     59.71592606    -39.60530624   -562.68701786      33       0      26
  720 33496195.35418122 749747274.51319981   -562.68702028      36       0      29
  721     53.34634882    -94.27188806   -562.68702028      32       0      27
  722     64.95565028    -44.78846037   -562.68701840      31       0      29
  723     56.70375883    -55.35652121   -562.68701843      32       0      33
  724     66.45310876    -42.34753370   -562.68702028      33       0      36
  725     75.94293005    -26.47249205   -562.68701844      39       0      36
  726     63.43645760    -60.65294725   -562.68701844      47       0      35
  727     54.86198293    -44.58921989   -562.68701790      45       0      31
  728 7999613.94832930 179055399.73041946   -562.68701845      33       0      30
  729     65.85536775    -27.52208116   -562.68701845      37       0      29
  730     61.13297144    -44.73003574   -562.68701845      37       0      28
  731 160368122.79662955 3589531017.03842735   -562.68701844      34       0      27
  732     51.19094545   -165.85633552   -562.68701845      34       0      25
  733     51.62229230    -52.40568257   -562.68701846      29       0      23
  734     48.94730818    -79.91654165   -562.68701846      24       0      21
  735     64.88198901    -76.23994056   -562.68701844      26       0      27
  736     55.51565658    -24.36911054   -562.68701789      29       0      31
  737     58.41662316    -10.84441615   -562.68701789      36       0      28
  738     71.52547881    -86.14627990   -562.68701789      35       0      27
  739 12446621.74522325 278593107.05430603   -562.68701844      30       0      32
  740     63.00323733    -38.73195471   -562.68701790      36       0      30
  741     60.28508930    -67.83533854   -562.68701845      36       0      28
  742     90.42739950    501.27258766   -562.68701844      31       0      42
  743     57.28084136    -38.53603908   -562.68701846      46       0      34
  744 1435276.07070882 32125340.74682388   -562.68701790      36       0      30
  745     51.53122338    -71.09720861   -562.68701844      35       0      33
  746     58.39423677    -55.25661768   -562.68701844      33       0      26
  747     69.00122009    -24.70052418   -562.68701833      29       0      33
  748     59.31614813    -67.76946946   -562.68701839      37       0      27
  749     56.19488235    -76.06067954   -562.68701848      34       0      26
  750     60.17733572    -14.62962034   -562.68701846      33       0      21
  751     55.91648549    -64.42457839   -562.68701846      28       0      23
  752     52.85470366    -82.57036145   -562.68701846      27       0      22
  753     51.33372660   -127.12413923   -562.68701841      26       0      31
  754     63.31072265    -58.97905533   -562.68701833      32       0      34
  755     52.12988525    -61.53886977   -562.68701845      37       0      24
  756     58.57630522    -95.88834127   -562.68701846      39       0      29
  757     65.70050232    -42.15624473   -562.68701848      38       0      33
  758     60.03192491    -75.50351316   -562.68701847      44       0      29
  759 2676343.68215438 59904255.29771362   -562.68701845      37       0      42
  760     73.55865095    -51.86328571   -562.68701847      46       0      33
  761     72.39454480    -62.72376717   -562.68701842      44       0      32
  762     64.08844227    -81.41216541   -562.68701841      39       0      31
  763     60.54815145    -50.07237042   -562.68701845      39       0      27
  764     56.58551832    -98.17474240   -562.68701845      39       0      31
  765     99.53342140   1307.51379272   -562.68701846      36       0      23
  766     70.49842935    -41.07758532   -562.68701848      31       0      28
  767     63.85312670    -98.08366513   -562.68701845      33       0      26
  768     39.73641990    -90.70532353   -562.68701844      27       0      21
  769     56.59687359    -69.80716772   -562.68701844      24       0      25
  770     67.69633056    -12.69592022   -562.68701841      26       0      25
  771     61.73492781    -68.82998124   -562.68701845      27       0      28
  772     73.81359173    -50.21753559   -562.68701848      34       0      30
  773     52.10416198    -54.93736821   -562.68701842      37       0      24
  774     75.25313618    -91.59576737   -562.68701848      29       0      35
  775     61.40392765    -67.56903285   -562.68701849      38       0      34
  776     71.95269429    -69.36382297   -562.68701848      41       0      37
  777     57.11521192      3.10931697   -562.68701841      49       0      33
  778     55.63054800    -48.05253048   -562.68701847      39       0      35
  779     56.03831413    -78.86304194   -562.68701848      45       0      31
  780     73.36721621    -12.12429407   -562.68701847      38       0      27
  781     64.26369347    -72.40274307   -562.68701847      33       0      32
  782     53.37213599    -41.32500690   -562.68701847      41       0      24
  783     63.66528471    -36.90520941   -562.68701843      29       0      31
  784 42471691.90165328 950646475.14966416   -562.68701844      36       0      26
  785     62.37332419    -53.11411830   -562.68701847      33       0      22
  786     58.17879513    -77.66267827   -562.68701848      33       0      23
  787     61.07895876   -115.54962854   -562.68701847      30       0      23
  788     56.30071692   -100.75470602   -562.68701848      23       0      25
  789     54.39370218    -41.22663643   -562.68701844      30       0      34
  790     56.88412661    -76.21520769   -562.68701846      35       0      23
  791     74.61513257    -38.94417375   -562.68701844      30       0      33
  792     57.42403199    -61.16355020   -562.68701847      38       0      29
  793     62.95104638    -24.18571732   -562.68701844      34       0      37
  794     73.85125462    -64.47954615   -562.68701844      46       0      40
  795     67.34556061    -65.02426813   -562.68701844      46       0      31
  796     58.68854546    -61.56681839   -562.68701847      43       0      35
  797     61.16934184    -76.39001988   -562.68701847      45       0      26
  798     71.70686374    -29.10412215   -562.68701846      37       0      32
  799     65.58795105    -47.08006678   -562.68701847      37       0      26
  800     62.61795138    324.38349701   -562.68701847      34       0      26
  801     54.36764979    -62.64473081   -562.68701847      32       0      26
  802     62.39094061    -51.85902901   -562.68701847      29       0      26
  803     61.88535692    -24.52594342   -562.68701847      29       0      26
  804     45.01650936   -165.63393255   -562.68701847      32       0      20
  805     62.80290911    -71.90203567   -562.68701847      23       0      29
  806 18344527.06539192 410606353.85131067   -562.68701848      30       0      25
  807     62.94424157    -84.01357468   -562.68701848      31       0      30
  808     56.24738516    -62.15394425   -562.68701848      32       0      31
  809     62.59401109    -44.59593400   -562.68701849      37       0      25
  810     62.18290414    -23.96201734   -562.68701848      31       0      36
  811     76.35611936    -59.34184867   -562.68701848      41       0      38
  812     75.62096585    -95.62352718   -562.68701847      43       0      37
  813     66.25147088    -84.42886140   -562.68701847      41       0      29
  814     67.89073786    -53.57521618   -562.68701848      48       0      31
  815 1050176.24238507 23505625.62437097   -562.68701848      36       0      35
  816     64.92133984    -43.93969029   -562.68701848      43       0      26
  817     52.53714318    -64.80630106   -562.68701848      33       0      27
  818     54.09057035    -59.69196874   -562.68701849      32       0      24
  819     49.61499609   -116.60152440   -562.68701846      25       0      27
  820     60.38797263    -53.99093953   -562.68701846      34       0      25
  821     54.17256877    -41.78624950   -562.68701848      32       0      25
  822     57.68691871    -29.70802899   -562.68701849      30       0      24
  823     62.94341985    -84.97534368   -562.68701848      26       0      28
  824     52.51582536    -97.71143256   -562.68701846      33       0      25
  825     67.46738230    -57.03526638   -562.68701846      34       0      32
  826     55.40890874    -96.66122485   -562.68701848      33       0      26
  827     60.81238926    -68.29409443   -562.68701846      33       0      32
  828     65.91845418    -49.82882966   -562.68701849      34       0      38
  829     70.48498400    -72.59987294   -562.68701849      45       0      35
  830     67.74191147    -68.37548743   -562.68701848      41       0      34
  831     64.56794999     -9.09070605   -562.68701849      36       0      29
  832     72.15992005    -33.17930642   -562.68701849      32       0      37
  833     58.69968816    -73.25857607   -562.68701849      45       0      29
  834     53.55671857    -26.84091148   -562.68701848      37       0      24
  835     49.07071307   -128.79458129   -562.68701848      29       0      25
  836     53.27413342    -52.17454333   -562.68701848      28       0      26
  837     74.38729638      2.51693905   -562.68701848      27       0      28
  838     49.68426169   -140.81308716   -562.68701848      30       0      24
  839     56.02586167   -105.74952218   -562.68701848      31       0      23
  840     50.83139164   -112.22079551   -562.68701848      26       0      26
  841 3646349.89483977 81615970.52948168   -562.68701848      29       0      31
  842     79.19514579    438.56066217   -562.68701848      34       0      26
  843 76444336.45894361 1711058693.89360118   -562.68701848      31       0      27
  844 1744718.70043158 39051618.03642929   -562.68701848      34       0      32
  845     66.12003392    -56.71329311   -562.68701847      40       0      40
  846     60.27642830    -55.83781593   -562.68701848      45       0      35
  847     78.08905613    -20.45989851   -562.68701848      42       0      35
  848     69.95875454    -57.13075807   -562.68701848      44       0      26
  849     70.00653665    -57.13075807   -562.68701847      35       0      34
  850     65.08998729    -88.78160977   -562.68701847      39       0      33
  851 226802.71904055 5075992.11653892   -562.68701844      38       0      27
  852     63.52766423    -45.26936740   -562.68701847      35       0      27
  853     38.12388658   -107.60360334   -562.68701846      29       0      21
  854     54.13338867    -26.79768610   -562.68701846      29       0      29
  855     54.20254017    -85.27586843   -562.68701847      32       0      24
  856     55.50857354    -59.98500608   -562.68701847      28       0      24
  857     63.71945201    -27.35860053   -562.68701846      25       0      23
  858     67.88233974    -94.32753741   -562.68701846      28       0      31
  859     69.83345822    -38.99835496   -562.68701844      37       0      29
  860     50.35277610    -61.32262294   -562.68701846      35       0      22
  861     66.52567725    -22.25440406   -562.68701839      28       0      35
  862     66.01151432    -41.90373626   -562.68701846      38       0      36
  863     74.33637725    -28.86566383   -562.68701846      43       0      37
  864     67.04138142    -59.34351399   -562.68701841      44       0      33
  865     57.18189149    -15.68389152   -562.68701841      43       0      30
  866     71.65212639    -53.13708739   -562.68701845      40       0      32
  867     77.19051847    -66.82504462   -562.68701847      36       0      34
  868     72.40265494    -27.12663459   -562.68701845      37       0      30
  869   1113.41845446  24335.61655322   -562.68701846      42       0      24
  870     62.30096728    -89.13614136   -562.68701692      30       0      23
  871     52.97701238   -110.74677365   -562.68701845      25       0      28
  872     53.67444517    -53.61332866   -562.68701841      32       0      29
  873     43.13820736    -62.69502622   -562.68701842      30       0      18
  874     47.35300610    -74.80460846   -562.68701845      26       0      22
  875     55.77094136    -92.76846756   -562.68701846      24       0      34
  876     63.33320210    -59.37797900   -562.68701845      34       0      26
  877     64.65893252    -43.71174841   -562.68701692      33       0      23
  878     73.37901470    -35.20961188   -562.68701847      30       0      34
  879     71.63188173    -49.79362082   -562.68701839      35       0      34
  880     66.03027504    -31.54369250   -562.68701845      42       0      37
  881     78.56596898    -37.15245830   -562.68701843      45       0      37
  882     71.44107280    -33.51902870   -562.68701842      43       0      31
  883     52.61597149    -89.75416923   -562.68701847      47       0      31
  884     53.92830538    -79.70955049   -562.68701842      39       0      29
  885     64.94649763    -34.12002102   -562.68701847      35       0      32
  886     55.00709375    -74.84832872   -562.68701844      41       0      30
  887     54.99136191    -60.75625461   -562.68701845      37       0      24
  888     51.88328851   -119.54852965   -562.68701843      28       0      24
  889     62.48341745    -69.21795148   -562.68701847      32       0      29
  890     53.14836245    -81.21679703   -562.68701843      33       0      20
  891 30121627.85681733 674214072.32079363   -562.68701843      27       0      24
  892     67.84020456    -15.26173317   -562.68701847      27       0      30
  893     60.74362575    -41.87941157   -562.68701847      34       0      24
  894     52.98265959    -72.49110135   -562.68701847      29       0      26
  895     59.54785926    -74.36674546   -562.68701846      32       0      30
  896     72.36430672    -52.46266074   -562.68701847      32       0      36
  897     61.64276315    -49.09059349   -562.68701844      41       0      35
  898     61.90401747    -18.44613564   -562.68701844      45       0      33
  899     73.97262850    -76.85566231   -562.68701844      42       0      34
  900     61.08486585    -31.94055300   -562.68701841      43       0      34
  901     58.06400664    -87.08108219   -562.68701847      38       0      26
  902     57.28071519   -107.44539747   -562.68701838      28       0      34
  903     71.26956403    -26.33109080   -562.68701844      39       0      31
  904 7324642.91045814 163947475.33940712   -562.68701844      40       0      23
  905     75.39720659    -56.96804478   -562.68701844      31       0      28
  906     58.33990774    -75.46256463   -562.68701844      31       0      26
  907     50.78275888    -73.09738302   -562.68701844      28       0      22
  908     41.83368156   -114.16534934   -562.68701842      25       0      23
  909 4250136.40015351 95130567.02443002   -562.68701843      28       0      30
  910     60.16254551    -37.13543166   -562.68701840      37       0      25
  911     66.58750211    -70.44693339   -562.68701840      30       0      25
  912     58.02877958    -63.78841093   -562.68701841      36       0      30
  913     84.82245491    -34.91095288   -562.68701842      35       0      33
  914     65.23259634    -37.71681820   -562.68701840      36       0      31
  915     64.80642102    -88.77997448   -562.68701839      42       0      37
  916     76.15429313    -62.43243382   -562.68701840      41       0      39
  917     71.35964280    -22.43013958   -562.68701843      47       0      34
  918     54.33628632    -54.50969095   -562.68701843      47       0      24
  919     70.72365434      1.42758815   -562.68701844      31       0      31
  920     70.38092984    -85.15530323   -562.68701840      35       0      33
  921     61.11090605    -55.23844747   -562.68701840      38       0      26
  922     44.41898980   -147.60552521   -562.68701845      32       0      28
  923     50.22725976   -107.74722472   -562.68701844      32       0      25
  924     46.15678537    -19.59937868   -562.68701839      29       0      22
  925     46.24338769   -156.20373369   -562.68701843      26       0      20
  926     68.30933760    -81.96323357   -562.68701841      25       0      31
  927     64.07611072    -75.96897650   -562.68701841      31       0      21
  928     58.48472903    -76.07971386   -562.68701841      27       0      29
  929     64.62625045    -38.22635348   -562.68701842      33       0      32
  930     61.98371480    -65.87886075   -562.68701843      35       0      26
  931     61.96307068    -81.22677592   -562.68701843      31       0      36
  932     65.17356813    -60.94097037   -562.68701841      45       0      35
  933     67.23311341    -60.76824475   -562.68701837      38       0      36
  934     72.04783752    -51.69037379   -562.68701840      47       0      39
  935 11650478.17242472 260772967.35268471   -562.68701844      52       0      27
  936     55.09176247    -85.91586192   -562.68701842      43       0      30
  937     64.37849042    -52.64545805   -562.68701840      47       0      31
  938     56.37762543    -58.74092016   -562.68701841      33       0      27
  939     67.73260439    -59.71994443   -562.68701842      32       0      28
  940     57.58247536    -36.17555506   -562.68701844      30       0      26
  941     47.40553582    -80.39276860   -562.68701841      30       0      23
  942     60.45506485    -53.82172772   -562.68701841      26       0      21
  943 980179.92617202 21938887.41014298   -562.68701841      26       0      27
  944     47.70674565    -30.16232885   -562.68701840      31       0      22
  945     55.22783515    -96.27111065   -562.68701840      25       0      32
  946     60.63597424    -96.06736030   -562.68701841      31       0      27
  947     60.63278461    -51.57215554   -562.68701842      32       0      26
  948     63.89264904    -48.50155789   -562.68701842      30       0      37
  949     63.05183018    -76.08494737   -562.68701841      41       0      32
  950     69.96901372    -43.34317205   -562.68701842      38       0      31
  951     75.28553330    -73.94944354   -562.68701841      38       0      37
  952     55.23956439    -58.79777464   -562.68701842      45       0      30
  953     68.01852471    -77.74156066   -562.68701841      40       0      39
  954 4231403.01219708 94711256.06598262   -562.68701842      45       0      30
  955     62.07589694    -54.16998398   -562.68701848      45       0      30
  956     50.49295499    -88.79399813   -562.68701848      33       0      26
  957     64.24535371    -35.47394849   -562.68701842      30       0      28
  958     51.10085651    -74.24020904   -562.68701849      35       0      20
  959     50.55532721    -18.04931150   -562.68701842      28       0      22
  960     59.69698142    -49.83856792   -562.68701848      26       0      29
  961 56457777.24552300 1263698053.98647261   -562.68701849      29       0      23
  962     52.68800176   -111.75754799   -562.68701849      27       0      28
  963     59.14151070    -64.78190495   -562.68701849      28       0      28
  964     63.23732865    -71.57209909   -562.68701849      34       0      26
  965     84.21385136    -35.10253822   -562.68701843      33       0      36
  966     47.04595533   -104.33789351   -562.68701841      38       0      27
  967     57.82904262   -103.82529737   -562.68701843      30       0      31
  968   4551.06582301 101308.52754224   -562.68701847      35       0      39
  969     69.65706245    -68.51266034   -562.68701847      42       0      32
  970     49.35230460    -73.29165404   -562.68701844      38       0      30
  971     72.41614931    -97.96787932   -562.68701843      40       0      43
  972     53.99549592    -33.78207264   -562.68701843      51       0      26
  973     60.83241695    -28.50329096   -562.68701848      36       0      26
  974     60.69696967    -29.44722589   -562.68701847      34       0      29
  975     47.34098375   -109.57717636   -562.68701846      33       0      22
  976     53.47475473    -60.12552531   -562.68701847      24       0      23
  977     65.58474663    -23.50203185   -562.68701844      23       0      28
  978     63.32848834    -49.70033777   -562.68701846      29       0      24
  979     58.67355531    -43.96156890   -562.68701846      24       0      25
  980     64.40706807    -54.51148253   -562.68701839      32       0      26
  981     61.50163515    -56.87195106   -562.68701846      28       0      30
  982     70.91923648    -24.62709455   -562.68701847      29       0      37
  983     40.40552150   -104.72949918   -562.68701845      37       0      23
  984     67.07572731    -68.19821670   -562.68701847      28       0      32
  985     81.54784761    -72.15795066   -562.68701845      34       0      39
  986     59.50573643    -25.68100755   -562.68701847      39       0      28
  987     65.71336256    -85.50223862   -562.68701839      36       0      32
  988     70.56646366    -49.66924840   -562.68701847      32       0      41
  989     57.66968555    -69.25110318   -562.68701847      41       0      28
  990     63.10455037    -48.48023690   -562.68701844      35       0      29
  991     70.88345223    -18.84751616   -562.68701847      36       0      31
  992     50.58193127    -68.15076494   -562.68701847      35       0      24
  993     48.30064513    -90.92046201   -562.68701847      29       0      22
  994     67.42505215    -72.10425736   -562.68701847      23       0      27
  995     55.23219626    -74.81707628   -562.68701847      31       0      22
  996     64.38917360    -30.54623449   -562.68701847      26       0      27
  997 11300005.60623599 252928308.29242867   -562.68701847      28       0      27
  998     57.96069663    -95.28295907   -562.68701847      30       0      31
  999     62.44793825    -67.76647862   -562.68701844      35       0      34
 1000     60.93064905    -57.42048949   -562.68701846      35       0      23
----------------------------------------------------------------------------------
Artificial Bee Colony Optimization Finished!

 -- Results Report --
 * 100 LMs will be saved in [ lm-cl-solvent-LM ].
      #          Energy
      0   -562.68701847
      1   -562.62551073
      2   -561.95618441
      3   -561.74974364
      4   -561.69230192
      5   -561.37524536
      6   -561.25890717
      7   -560.98485456
      8   -560.82638299
      9   -560.62847474
     10   -560.13766711
     11   -560.08737337
     12   -560.06755790
     13   -559.96351933
     14   -559.91459808
     15   -559.85935224
     16   -559.85288788
     17   -559.77205835
     18   -559.72635183
     19   -559.72496696
     20   -559.70977531
     21   -559.66327226
     22   -559.61122971
     23   -559.59605322
     24   -559.57807623
     25   -559.57779719
     26   -559.47489065
     27   -559.42219624
     28   -559.42056789
     29   -559.38322915
     30   -559.33144115
     31   -559.30519476
     32   -559.26957792
     33   -559.26653301
     34   -559.21490399
     35   -559.14913695
     36   -559.04139275
     37   -558.89050638
     38   -558.80156732
     39   -558.77112186
     40   -558.73739428
     41   -558.72338140
     42   -558.68084520
     43   -558.66435049
     44   -558.63983939
     45   -558.58917337
     46   -558.56459777
     47   -558.47264410
     48   -558.46132531
     49   -558.43016347
     50   -558.41337971
     51   -558.36692509
     52   -558.36424912
     53   -558.33423902
     54   -558.29811655
     55   -558.23986244
     56   -558.20236614
     57   -558.20155484
     58   -558.17669714
     59   -558.08041353
     60   -557.97365894
     61   -557.94792156
     62   -557.94571475
     63   -557.91843834
     64   -557.85188022
     65   -557.83160761
     66   -557.80527091
     67   -557.78424301
     68   -557.73524326
     69   -557.73024574
     70   -557.69945870
     71   -557.65062545
     72   -557.63564928
     73   -557.63005203
     74   -557.57830523
     75   -557.55009525
     76   -557.49010943
     77   -557.46957693
     78   -557.44050074
     79   -557.42254989
     80   -557.40861451
     81   -557.37811325
     82   -557.37329028
     83   -557.36865410
     84   -557.31243289
     85   -557.23265854
     86   -557.23194702
     87   -557.21571058
     88   -557.19764035
     89   -557.17921908
     90   -557.09061968
     91   -557.08194638
     92   -557.08193321
     93   -557.07123672
     94   -557.04556721
     95   -557.04435680
     96   -556.97917673
     97   -556.97383676
     98   -556.92544255
     99   -556.92026255

 * Final Global Minimal Energy:   -562.68701782
 * The Global Minimum is saved as: [ lm-cl-solvent-OPT.(cluster/xyz/gjf) ]

===== (^ _ ^) =====
Normal termination at Sun Dec 15 06:20:03 2019.
Total run time: 23706 seconds = 0 days 6 hours 35 minutes 6 seconds.
