    * * * * * * * * * * * * * * * * * * * * *
    *       __    ____    ______            *
    *      /  \  |  _ \  |  ___/  luster !  *
     *    / _  \ | |_| | | |               *
     *   / /_\ | |  _ <  | |     < @  @ >  * 
     *  / ___  | | |_| | | |___ _ _  o     * 
    *  /_/   |_| |____/  |_____ _ __ __  _  *
    *                                       *
    * * * * * * * * * * * * * * * * * * * * *

ABCluster 1.5.1
Specific flag:  official version
Platform:       LINUX/UNIX
Compiled by:    junzhang@gellmann.scs.illinois.edu
Compiling date: Dec 18 2017 20:33:35
C++ compiler:   g++
C++ options:    -O3 -Os -fno-exceptions --std=c++0x -fopenmp 

Contributors:
Jun Zhang(University of Cologne): Design and coding.

For any suggestions, comments, and questions on the theory and
implementation of ABCluster, please feel free to contact:

Dr. Jun Zhang, ZhangJunQcc@gmail.com

If you used this program in your work, please cite this reference:

[1] Zhang, J.; Dolg, M.; ABCluster: The Artificial Bee Colony Algorithm for
    Cluster Global Optimization. Phys. Chem. Chem. Phys. 2015, 17, 24173-24181.
[2] Zhang, J.; Dolg, M.; Global Optimization of Clusters of Rigid Molecules by the
    Artificial Bee Colony Algorithm. Phys. Chem. Chem. Phys. 2016, 18, 3003-3010.

Program starts at Tue Nov 27 16:00:24 2018.
Command line: " /ihome/jkeith/yab16/ABC/ABCluster-Linux/lib/rigidmol-optimizer co3_4_waters.inp "
Process ID:   10618
Run by:       yab16@smp-n26.crc.pitt.edu
Available CPU cores:    24
Read "OMP_NUM_THREADS": Unset

Random number testing (integers): 1504007829...61001816
Random number testing (fractals): 0.02487664...0.57702296

 -- Input/Output Parameters --
Input file name:      co3_4_waters.inp
Cluster file name:    input.cluster
Result file name:     co3_4_waters.(cluster/xyz/gjf)
Temporary file name:  abclusteryab16smp-n26.crc.pitt.edu10618-OPT
# of saved LMs:       100
LMs are stored in:    co3_4_waters-LM

 -- ABC Control Parameters --
Population size:                  500
Maximal generation:              1000
Scout limit:                       15
Amplitude:                 5.00000000

 -- Cluster Components: from [ input.cluster ] --
 -----------------------------------------------------------
   Source                                       #   Charge
 -----------------------------------------------------------
   /ihome/jkeith/yab16/ABC/ABCluster-Linux-0/rigidmolecularcluster/charmm36/tip4p.xyz     4    0.000
   /ihome/jkeith/yab16/ABC/ABCluster-Linux-0/rigidmolecularcluster/charmm36/co3.xyz     1   -2.000
 -----------------------------------------------------------
   Dimension: 0, an isolate cluster.
 -----------------------------------------------------------

Artificial Bee Colony Optimization Starts!
----------------------------------------------------------------------------------
 * Population: 500; Maximal cycles: 1000
 * EM = Employed Bee; Trigonometric mutation
 * OL = Onlooker Bee; ABC/best/2(0.5)+ABC/current/2(0.5);
        Tournament selection from 5 nectars.
 * SC = Scout Bee; Random nectar; Limit = 15
----------------------------------------------------------------------------------
    #       Diversity            maxE            minE    byEM    byOL    bySC
----------------------------------------------------------------------------------
    1     10.42436739   -398.68038454   -503.57552767     243      33       0
    2      7.36018501   -460.95174388   -503.57552767     185      29       0
    3      6.21395298   -467.19990889   -503.57552767     123      22       0
    4      5.05080726   -474.46385125   -503.57552767      87      25       0
    5      4.18983277   -480.94019116   -503.57552767      96      20       0
    6      3.39689151   -484.07383988   -503.57552767      72       5       0
    7      2.93169191   -485.33456684   -503.57552767      63       3       0
    8      2.42946710   -487.97326700   -503.57552767      54       2       0
    9      1.89833730   -491.06575867   -503.57552767      48       1       0
   10      1.68735533   -491.06575867   -503.57552767      45       5       0
   11      1.45987359   -491.06575867   -503.57552767      42       1       0
   12      1.35986104   -491.06575867   -503.57552767      36       0       0
   13      1.11301981   -495.13613083   -503.57552767      40       0       0
   14      1.04626100   -495.15691091   -503.57552767      21       0       0
   15      0.81559808   -495.15691091   -503.57552767      35       0       0
   16      0.53562176   -498.65226300   -503.57552767      29       0       0
   17      4.42477358   -470.08803436   -503.57552767      22       0      23
   18 4146288.29704203 92806178.84714676   -503.57552767      34       0      69
   19     26.16902553   -175.63014623   -503.57552767      71       0     119
   20     16.72374873   -284.52684884   -503.57552767     106       0     130
   21 628312.44680902 14063070.16924371   -503.57552767     138       1      92
   22 347958.68213716 7787887.18518985   -503.57552767     159       4      47
   23      6.93383202   -435.44990640   -503.57552767     145       2      17
   24      4.33188939   -470.37011987   -503.57552767     141       0       3
   25      2.36726032   -481.37532574   -503.57552767     119       0       0
   26      1.10572294   -485.80028081   -503.57552767      63       0       0
   27      0.80248684   -485.80028081   -503.57552767      31       0       0
   28      0.00000000   -503.57552767   -503.57552767       9       0       0
   29      0.00000000   -503.57552767   -503.57552767       0       0       0
   30      0.00000000   -503.57552767   -503.57552767       0       0       0
   31      0.00000000   -503.57552767   -503.57552767       0       0       0
   32      0.00000000   -503.57552767   -503.57552767       0       0       0
   33      0.00000000   -503.57552767   -503.57552767       0       0       0
   34      4.51299406   -422.74653072   -503.57552767       0       0      11
   35      8.22223911   -384.40842820   -503.57552767      10       0      35
   36     31.73059754    129.81668514   -503.57552767      30       0      67
   37   2508.69152926  55652.77410850   -503.57552767      64       0     102
   38     15.39660582   -291.93088033   -503.57552767     104       0     108
   39     17.03909484   -218.15243982   -503.57552767     122       0      90
   40     23.89214592   -128.49098499   -503.57552767     107       0      62
   41      6.29023662   -446.21238967   -503.57552767     121       0      21
   42      2.25820612   -481.12206930   -503.57552767      93       0       2
   43      1.19688152   -484.49172422   -503.57552767      39       0       2
   44      0.20162466   -499.06254789   -503.57552767      13       0       0
   45      0.00000000   -503.57552767   -503.57552767       1       0       0
   46      0.00000000   -503.57552767   -503.57552767       0       0       0
   47      0.00000000   -503.57552767   -503.57552767       0       0       0
   48      0.00000000   -503.57552767   -503.57552767       0       0       0
   49      0.00000000   -503.57552767   -503.57552767       0       0       0
   50      0.87253662   -484.04547581   -503.57552767       0       0       1
   51      3.26309940   -461.99644832   -503.57552767       1       0      10
   52 12820720.08586175 286967062.48199493   -503.57552767       9       0      32
   53     11.91275112   -353.75842151   -503.57552767      29       0      46
   54 1070505.42948522 23960703.86777358   -503.57552767      42       0      80
   55 459671.86401189 10288372.93571990   -503.57552767      79       0     102
   56     18.98121525   -237.88881737   -503.57552767      96       0     103
   57     29.11853572     60.45698075   -503.57552767     126       0      68
   58 887145.83706084 19856551.26463000   -503.57552767     121       0      47
   59      8.49158190   -333.85640221   -503.57552767     116       0       8
   60      2.28346666   -481.39916104   -503.57552767      70       0       3
   61      0.32424731   -498.59454334   -503.57552767      28       0       0
   62      0.22253435   -498.59454334   -503.57552767       3       0       0
   63      0.00119830   -503.54870597   -503.57552767       1       0       0
   64      0.00119830   -503.54870597   -503.57552767       0       0       0
   65      0.00000000   -503.57552767   -503.57552767       1       0       0
   66      0.00000000   -503.57552767   -503.57552767       0       0       0
   67      0.97402378   -482.62877212   -503.57552767       0       0       2
   68      2.80738361   -467.44123687   -503.57552767       2       0      10
   69     16.53731403   -158.87321638   -503.57552767       8       0      30
   70     12.24520294   -275.92848646   -503.57552767      28       0      42
   71     15.50437020   -225.47174546   -503.57552767      42       0      56
   72 495527.94599642 11090939.56951375   -503.57552767      55       0      83
   73     23.91326635   -139.89698351   -503.57552767      83       0      83
   74 853799.71026252 19110164.58971682   -503.57552767      84       0      90
   75     20.34678657   -230.48714560   -503.57552767     104       0      69
   76     20.64195169   -139.26381954   -503.57552767     105       0      29
   77      3.28302413   -471.18436261   -503.57552767      83       0       6
   78      1.16389299   -486.61605070   -503.57552767      45       0       0
   79      0.50054779   -494.19102507   -503.57552767      13       0       0
   80      0.27196387   -497.48814013   -503.57552767       3       0       0
   81      0.00000000   -503.57552767   -503.57552767       1       0       0
   82      0.00000000   -503.57552767   -503.57552767       0       0       0
   83      0.00000000   -503.57552767   -503.57552767       0       0       0
   84      0.99006231   -481.86079435   -503.57552767       0       0       2
   85 3096504.53176076 69308786.99197799   -503.57552767       1       0      10
   86     11.30133731   -293.24193330   -503.57552767      10       0      28
   87 342720.39514441 7670634.30954202   -503.57552767      28       0      42
   88     13.94028846   -220.18190794   -503.57552767      42       0      53
   89   4687.62693554 104423.23001691   -503.57552767      57       0      69
   90     15.32032629   -290.90645454   -503.57552767      69       0      74
   91     18.44251136   -247.78659861   -503.57552767      81       0      72
   92 16663335.67394372 361440552.85777175   -503.57552767      91       0      82
   93 534353.06552202 11959964.00914545   -503.57552767      97       0      46
   94      6.18421887   -420.20965581   -503.57552767      83       0      18
   95      1.92223597   -484.24487186   -503.57552767      50       0       3
   96      0.72516195   -494.19102507   -503.57552767      22       0       1
   97      0.00000000   -503.57552767   -503.57552767       5       0       0
   98      0.00000000   -503.57552767   -503.57552767       0       0       0
   99      0.00000000   -503.57552767   -503.57552767       0       0       0
  100      0.00000000   -503.57552767   -503.57552767       0       0       0
  101      1.03502980   -480.94019116   -503.57552767       0       0       2
  102      2.28735130   -474.95584390   -503.57552767       2       0       8
  103 96830578.32740711 2167365503.26024199   -503.57552767       6       0      25
  104      9.96358876   -340.01755633   -503.57552767      27       0      41
  105 68054598.63581868 1523270620.44194651   -503.57552767      38       0      51
  106 14353338.59208218 321271340.85617894   -503.57552767      59       0      58
  107  14933.38792990 333754.10513292   -503.57552767      66       0      65
  108 12519588.96703660 280226387.18568271   -503.57552767      66       0      76
  109     17.05964815   -233.23992594   -503.57552767      83       0      79
  110     13.13631844   -349.18215087   -503.57552767      92       0      61
  111     11.93471881   -314.65313677   -503.57552767      96       0      25
  112      8.84810282   -314.65313677   -503.57552767      61       0       8
  113      0.96228015   -482.03673989   -503.57552767      28       0       1
  114      0.00000000   -503.57552767   -503.57552767       1       0       0
  115      0.00000000   -503.57552767   -503.57552767       0       0       0
  116      0.00000000   -503.57552767   -503.57552767       0       0       0
  117      0.00000000   -503.57552767   -503.57552767       0       0       0
  118      0.07684544   -501.85564588   -503.57552767       0       0       2
  119     10.92352576   -265.93953416   -503.57552767       2       0       8
  120      4.81643762   -466.34350157   -503.57552767       7       0      21
  121     33.65417931     60.82242719   -503.57552767      22       0      35
  122     19.18416716   -217.45665154   -503.57552767      31       0      49
  123     18.52222309   -165.18307409   -503.57552767      51       0      61
  124     17.34255867   -218.63549638   -503.57552767      68       0      56
  125  91912.93205392 2056793.74895039   -503.57552767      65       0      67
  126 1873944.30552648 41519567.97949885   -503.57552767      78       0      85
  127      9.92805569   -385.66284942   -503.57552767      86       0      65
  128      6.76043195   -425.82118883   -503.57552767      97       0      35
  129      4.64878229   -462.09247577   -503.57552767      78       0      15
  130      1.23803271   -487.87958233   -503.57552767      45       0       1
  131      0.72897517   -487.96329530   -503.57552767      10       0       0
  132      0.00000000   -503.57552767   -503.57552767       3       0       0
  133      0.00000000   -503.57552767   -503.57552767       0       0       0
  134      0.00000000   -503.57552767   -503.57552767       0       0       0
  135      0.87210916   -484.05500835   -503.57552767       0       0       2
  136      5.90792313   -384.06027777   -503.57552767       2       0       8
  137 29244287.74002708 654576555.60289001   -503.57552767       8       0      19
  138      8.48944993   -346.14405417   -503.57552767      17       0      30
  139     12.90630207   -243.45074721   -503.57552767      28       0      47
  140 10392270.87269567 232610467.06433767   -503.57552767      39       0      59
  141   4168.67737914  92806.75828945   -503.57552767      57       0      49
  142     17.60398644   -241.00116112   -503.57552767      64       0      68
  143 291930596.27398968 6534303654.66846657   -503.57552767      73       0      69
  144  49378.21908540 1104737.38290511   -503.57552767      68       0      71
  145 819800.58890168 18349156.61085734   -503.57552767      89       0      47
  146      5.63799517   -447.88981517   -503.57552767      84       0      27
  147      2.42097323   -481.10467187   -503.57552767      53       0       3
  148      1.19424791   -481.37532574   -503.57552767      21       0       1
  149      0.00000000   -503.57552767   -503.57552767       6       0       0
  150      0.00000000   -503.57552767   -503.57552767       0       0       0
  151      0.00000000   -503.57552767   -503.57552767       0       0       0
  152      1.60703044   -468.12113994   -503.57552767       0       0       2
  153      7.08475419   -358.86871023   -503.57552767       2       0       9
  154      5.73968553   -403.76985734   -503.57552767       9       0      19
  155      4.76824573   -464.11217797   -503.57552767      22       0      28
  156     18.96631754   -291.30184615   -503.57552767      25       0      44
  157  91898.47537095 2056469.01581240   -503.57552767      52       0      50
  158      7.66599193   -423.53167549   -503.57552767      47       0      53
  159     17.63114894   -270.32413723   -503.57552767      63       0      64
  160 3580612.22397825 80144610.58164327   -503.57552767      74       0      63
  161  11057.02427757 246990.05643905   -503.57552767      80       0      63
  162     11.52234630   -357.88849382   -503.57552767      82       0      55
  163      6.36328185   -452.51816000   -503.57552767      70       0      41
  164      4.58811819   -434.23619834   -503.57552767      58       0       7
  165      1.81421726   -464.11217797   -503.57552767      29       0       2
  166      0.37704369   -495.13613083   -503.57552767       5       0       0
  167      0.00000000   -503.57552767   -503.57552767       1       0       0
  168      0.00000000   -503.57552767   -503.57552767       0       0       0
  169      0.91413907   -484.04547581   -503.57552767       0       0       2
  170      1.44795024   -482.00730957   -503.57552767       2       0       6
  171      8.95549068   -320.58981999   -503.57552767       6       0      19
  172     16.45029581   -260.72698394   -503.57552767      18       0      24
  173     15.83375925   -227.18098015   -503.57552767      22       0      45
  174     13.69112981   -243.84411417   -503.57552767      42       0      45
  175 147752.25620224 3306648.31347733   -503.57552767      53       0      47
  176     21.32502102   -218.01889445   -503.57552767      52       0      66
  177 383909.77403474 8592581.54832931   -503.57552767      69       0      55
  178     23.26815834   -160.37746582   -503.57552767      71       0      70
  179 1000560.13123873 22395112.37893580   -503.57552767      69       0      63
  180     18.58690558   -216.55689378   -503.57552767      81       0      40
  181      4.58122063   -461.99644831   -503.57552767      75       0      16
  182      0.92015620   -483.48565361   -503.57552767      35       0       1
  183      0.22253352   -498.59454334   -503.57552767       4       0       1
  184      0.00000000   -503.57552767   -503.57552767       1       0       0
  185      0.00000000   -503.57552767   -503.57552767       0       0       0
  186      0.35105975   -497.48814013   -503.57552767       0       0       2
  187      5.38885791   -394.44177790   -503.57552767       2       0       7
  188      7.62158351   -353.92184913   -503.57552767       6       0      17
  189      9.36690100   -322.71543666   -503.57552767      17       0      20
  190 537632.57750852 12004958.90791136   -503.57552767      19       0      43
  191 386426.71292026 8648916.40341258   -503.57552767      43       0      43
  192     14.82111024   -211.76492075   -503.57552767      49       0      48
  193     16.71475387   -256.74623311   -503.57552767      50       0      64
  194      7.59834672   -452.42693652   -503.57552767      69       0      53
  195 1587483.73494068 35532265.59495857   -503.57552767      58       0      64
  196     13.42230446   -248.97148603   -503.57552767      74       0      58
  197     16.28437451   -284.93974100   -503.57552767      67       0      55
  198      4.74296016   -461.99644831   -503.57552767      69       0      24
  199      1.50070360   -482.85928062   -503.57552767      40       0       1
  200      1.68315370   -467.07944271   -503.57552767      14       0       1
  201      0.00000000   -503.57552767   -503.57552767       3       0       0
  202      0.00000000   -503.57552767   -503.57552767       0       0       0
  203      8.52834591   -315.27848114   -503.57552767       0       0       3
  204      3.01944095   -464.11217797   -503.57552767       3       0       6
  205      8.24640569   -340.80745190   -503.57552767       6       0      16
  206     12.93691736   -234.16873531   -503.57552767      14       0      22
  207      6.34980049   -423.79240334   -503.57552767      19       0      32
  208     15.39207520   -211.54104608   -503.57552767      34       0      46
  209  89221.43963850 1996548.69173323   -503.57552767      40       0      40
  210 6022311.00297580 134797332.78469303   -503.57552767      40       0      70
  211     18.18491238   -225.79038793   -503.57552767      72       0      50
  212 775384.78532677 17354994.89422240   -503.57552767      57       0      68
  213    180.19485392   3522.13958704   -503.57552767      74       0      55
  214 10678946.92927758 239027160.67363214   -503.57552767      71       0      60
  215  54616.88164144 1221991.71353771   -503.57552767      79       0      27
  216      2.66218880   -473.63499328   -503.57552767      55       0       4
  217      1.14015628   -487.96329530   -503.57552767      21       0       1
  218      0.20162466   -499.06254789   -503.57552767       7       0       0
  219      0.00000000   -503.57552767   -503.57552767       1       0       0
  220      0.97025292   -483.54823009   -503.57552767       0       0       3
  221      3.09674738   -464.11217797   -503.57552767       2       0       8
  222     12.27944353   -248.67270328   -503.57552767       8       0      14
  223      4.43887877   -467.61243938   -503.57552767      14       0      23
  224      5.89859425   -453.01132720   -503.57552767      24       0      30
  225      6.53961038   -456.06877923   -503.57552767      35       0      42
  226     13.71721173   -239.05393347   -503.57552767      45       0      44
  227 291378.17215359 6521438.88097770   -503.57552767      45       0      63
  228      6.94249974   -459.94654366   -503.57552767      58       0      41
  229     16.61179101   -244.62612571   -503.57552767      54       0      64
  230 55354604.04222928 1239008165.07673812   -503.57552767      76       0      54
  231     22.50659769   -234.25363960   -503.57552767      76       0      68
  232 223578.99469977 5003884.88755868   -503.57552767      83       0      34
  233      9.45005348   -314.62256736   -503.57552767      63       0      11
  234      9.76579078   -285.19555793   -503.57552767      30       0       1
  235      0.02650400   -502.98228661   -503.57552767      12       0       0
  236      0.02758248   -502.95814708   -503.57552767       1       0       1
  237      2.18548690   -467.44123687   -503.57552767       1       0       2
  238     14.88256811   -283.62403638   -503.57552767       2       0       7
  239      8.24418835   -327.77908587   -503.57552767       7       0      12
  240 3358144.00846381 75165083.15905581   -503.57552767      12       0      21
  241      5.25882783   -466.34350157   -503.57552767      19       0      32
  242      7.07324359   -445.36450068   -503.57552767      38       0      39
  243 104871338.94314800 2347342444.31728554   -503.57552767      38       0      48
  244      7.07176219   -435.41251036   -503.57552767      53       0      46
  245      7.60715664   -437.73458009   -503.57552767      49       0      42
  246     17.30979547   -206.30043129   -503.57552767      52       0      60
  247     19.75135386   -211.28605475   -503.57552767      65       0      60
  248     20.60425192   -258.26314926   -503.57552767      69       0      65
  249     12.00221940   -274.84391401   -503.57552767      68       0      43
  250     11.59731261   -275.11041481   -503.57552767      63       0      18
  251      2.47392487   -472.77942724   -503.57552767      46       0       4
  252      0.75252853   -490.44740423   -503.57552767      14       0       0
  253      0.21995480   -498.65226300   -503.57552767       3       0       1
  254      2.63180728   -447.78265583   -503.57552767       1       0       2
  255      2.54416553   -467.44123687   -503.57552767       2       0       7
  256      2.55254103   -471.08112006   -503.57552767       7       0      11
  257      3.89957232   -466.34350157   -503.57552767       9       0      17
  258      6.53352228   -398.59186760   -503.57552767      18       0      32
  259      7.79910538   -385.50126745   -503.57552767      30       0      39
  260     20.06862935   -111.39844338   -503.57552767      40       0      43
  261     14.10613347   -288.86485709   -503.57552767      49       0      46
  262      7.82812099   -454.40392429   -503.57552767      49       0      45
  263 157991059.81436905 3536315221.26707077   -503.57552767      53       0      59
  264     19.73352230   -196.11430659   -503.57552767      67       0      56
  265     15.29655034   -203.33074852   -503.57552767      67       0      62
  266     21.79837084   -161.58369910   -503.57552767      72       0      42
  267     11.19100670   -344.66527940   -503.57552767      68       0      30
  268      3.30697322   -471.53678459   -503.57552767      41       0       7
  269      0.42796115   -495.13613082   -503.57552767      21       0       1
  270      1.66246393   -466.36447437   -503.57552767       3       0       1
  271      1.99112857   -464.21539458   -503.57552767       1       0       2
  272      2.99811691   -462.08069856   -503.57552767       2       0       7
  273 6334722.19115693 141790052.85121512   -503.57552767       7       0      11
  274     11.06937159   -273.94775254   -503.57552767      11       0      17
  275     12.26324951   -299.72068833   -503.57552767      16       0      27
  276     13.34359492   -236.56570572   -503.57552767      26       0      37
  277 4904773.07437302 109783396.97531226   -503.57552767      40       0      42
  278     10.15500421   -370.98137480   -503.57552767      44       0      50
  279      4.69995796   -473.99266412   -503.57552767      57       0      36
  280 19758599.37209002 440399672.18190747   -503.57552767      53       0      58
  281      7.57694553   -459.05768097   -503.57552767      59       0      59
  282 161664.74124290 3618053.21325919   -503.57552767      62       0      55
  283      7.22493390   -447.99393069   -503.57552767      63       0      49
  284      5.35282572   -455.56279478   -503.57552767      76       0      35
  285      7.32832383   -357.02387945   -503.57552767      63       0      13
  286      1.83001365   -471.73320942   -503.57552767      24       0       1
  287      1.98729952   -459.09365534   -503.57552767       6       0       1
  288      1.57629848   -470.21446270   -503.57552767       1       0       2
  289      3.10006793   -459.87083239   -503.57552767       2       0       7
  290      3.57014419   -459.41642301   -503.57552767       6       0      11
  291      4.22965238   -463.86702746   -503.57552767      11       0      16
  292      4.24674725   -462.26400090   -503.57552767      15       0      23
  293     10.78624363   -333.67358358   -503.57552767      21       0      34
  294     15.72055344   -258.93032608   -503.57552767      37       0      40
  295     20.79713996   -113.20795722   -503.57552767      39       0      49
  296      6.44604368   -457.86090913   -503.57552767      51       0      44
  297      6.18622957   -452.36345480   -503.57552767      53       0      43
  298     11.76416057   -299.38971305   -503.57552767      48       0      64
  299     18.73837899   -219.27131799   -503.57552767      60       0      52
  300     16.40316210   -249.30536769   -503.57552767      70       0      47
  301 221960.89937758 4967665.87733434   -503.57552767      50       0      47
  302     11.70262103   -281.10023354   -503.57552767      57       0      18
  303      8.25245260   -320.48900106   -503.57552767      37       0       2
  304      0.45308833   -493.45019528   -503.57552767      11       0       1
  305      0.47581373   -494.16882422   -503.57552767       2       0       3
  306      1.50506965   -482.62877212   -503.57552767       3       0       6
  307      3.19186037   -461.46205776   -503.57552767       7       0      10
  308      8.46404933   -327.16494621   -503.57552767       8       0      18
  309     15.29328606   -204.48295864   -503.57552767      17       0      17
  310      6.12179098   -421.36893353   -503.57552767      16       0      36
  311 553499.28142869 12388514.73174153   -503.57552767      35       0      38
  312      5.82322388   -467.53222599   -503.57552767      44       0      47
  313     14.57929063   -280.55372328   -503.57552767      52       0      47
  314     13.82246031   -226.35546626   -503.57552767      50       0      41
  315     17.43124390   -281.72599660   -503.57552767      54       0      58
  316     13.59882804   -336.04129451   -503.57552767      66       0      55
  317     16.38462276   -218.78100495   -503.57552767      67       0      50
  318     12.94238468   -254.79605551   -503.57552767      79       0      43
  319      7.74833739   -358.73395573   -503.57552767      59       0      24
  320      2.93406102   -474.37699937   -503.57552767      36       0       6
  321      0.49929233   -494.19102507   -503.57552767      15       0       1
  322      1.97533053   -460.52324575   -503.57552767       2       0       2
  323      3.41472819   -446.24073788   -503.57552767       2       0       6
  324     10.00813617   -286.56770002   -503.57552767       6       0      14
  325      2.94363369   -466.36447437   -503.57552767      10       0      13
  326     12.10196993   -245.46848067   -503.57552767      13       0      19
  327      5.42013839   -445.49629337   -503.57552767      18       0      30
  328     19.56931747   -239.78263645   -503.57552767      30       0      39
  329     14.25098938   -294.78239117   -503.57552767      38       0      41
  330 12041675.61705966 269529215.66271800   -503.57552767      42       0      43
  331 3395375.84701225 75998447.04346718   -503.57552767      47       0      41
  332 950362.45098017 21271532.19715299   -503.57552767      53       0      56
  333     22.24619338   -151.87532484   -503.57552767      55       0      52
  334     23.31877973   -175.71613057   -503.57552767      65       0      60
  335      9.24508613   -348.62799400   -503.57552767      70       0      48
  336 169519.87847445 3793874.09712714   -503.57552767      54       0      25
  337      3.41546760   -469.44779579   -503.57552767      49       0       9
  338      2.21201480   -473.91716071   -503.57552767      25       0       2
  339      0.84741595   -484.61584430   -503.57552767       7       0       2
  340      2.03180271   -468.02169284   -503.57552767       1       0       7
  341      9.01875170   -313.31011254   -503.57552767       7       0      13
  342      6.83904066   -363.84109138   -503.57552767      13       0      14
  343      4.30089558   -457.86090913   -503.57552767      17       0      18
  344      5.62092878   -455.97483782   -503.57552767      18       0      26
  345     13.74876782   -222.55534962   -503.57552767      27       0      39
  346      9.07287056   -347.27907827   -503.57552767      39       0      40
  347     15.28765991   -273.49773533   -503.57552767      44       0      44
  348      6.44041633   -460.82506728   -503.57552767      47       0      39
  349 411720.10407873 9215061.45927378   -503.57552767      51       0      50
  350     16.22623838   -164.46124676   -503.57552767      55       0      45
  351     10.55739989   -362.66716500   -503.57552767      48       0      69
  352 868352.74083768 19435902.66426550   -503.57552767      77       0      43
  353     19.40969739   -215.37429649   -503.57552767      66       0      34
  354      5.23206243   -424.77641514   -503.57552767      53       0      14
  355      2.06589349   -470.08803436   -503.57552767      20       0       3
  356 23359505.65559523 522857041.35664517   -503.57552767       7       0       2
  357      2.80080825   -470.37248663   -503.57552767       3       0       6
  358     12.48762843   -227.56996206   -503.57552767       6       0      13
  359     10.75547129   -272.44969272   -503.57552767      13       0      15
  360      7.78196578   -352.38653023   -503.57552767      16       0      17
  361     10.17104503   -304.62311801   -503.57552767      14       0      24
  362     14.67913714   -222.88905586   -503.57552767      25       0      36
  363     12.52169981   -322.08246766   -503.57552767      27       0      40
  364      5.78140789   -459.94654366   -503.57552767      42       0      42
  365      9.44043189   -352.50317778   -503.57552767      51       0      38
  366     12.98140053   -249.36301648   -503.57552767      44       0      50
  367 276443.39968927 6187151.75488728   -503.57552767      52       0      44
  368     11.57134934   -319.80787157   -503.57552767      48       0      60
  369     15.56726920   -232.26468101   -503.57552767      66       0      51
  370      6.86510084   -399.01804282   -503.57552767      64       0      39
  371      6.70567448   -395.64348314   -503.57552767      44       0      19
  372      1.45566403   -483.56306166   -503.57552767      32       0       4
  373      1.78286186   -470.47309004   -503.57552767       9       0       2
  374      2.45343087   -473.16149990   -503.57552767       3       0       6
  375      2.82277828   -465.30353458   -503.57552767       6       0      12
  376 1272814.82648546 28489006.22357875   -503.57552767      12       0      19
  377 1272814.86296122 28489006.22357875   -503.57552767      17       0      13
  378      5.11987930   -458.09019109   -503.57552767      14       0      25
  379     12.08761870   -278.77861649   -503.57552767      26       0      37
  380      5.68887200   -459.78950745   -503.57552767      38       0      31
  381 766758.34229634 16975877.30206363   -503.57552767      39       0      45
  382      6.50423399   -456.06877923   -503.57552767      47       0      42
  383      7.49796019   -411.80249003   -503.57552767      46       0      41
  384 463783.41583285 10380398.11176238   -503.57552767      46       0      49
  385     14.58906918   -299.57576344   -503.57552767      56       0      51
  386     28.55278684     23.45042064   -503.57552767      52       0      59
  387     14.85084053   -220.87950055   -503.57552767      66       0      38
  388     20.76189262   -171.19898043   -503.57552767      47       0      24
  389      2.50838150   -467.61243938   -503.57552767      42       0       6
  390      1.66073490   -474.39140073   -503.57552767      14       0       2
  391      3.78602657   -432.28080680   -503.57552767       8       0       6
  392      3.45146824   -457.72914623   -503.57552767       5       0      12
  393      5.46765639   -432.44384925   -503.57552767      10       0      19
  394     15.09901227   -172.87306835   -503.57552767      20       0      13
  395      6.12358559   -441.85530302   -503.57552767      17       0      22
  396      5.27110052   -461.99644831   -503.57552767      23       0      31
  397     13.53835995   -255.09167279   -503.57552767      30       0      35
  398 7541431.67811724 168799922.55356634   -503.57552767      40       0      42
  399     30.06887497    147.12431354   -503.57552767      47       0      45
  400      8.21463393   -387.93416315   -503.57552767      45       0      42
  401      7.73962207   -435.06268533   -503.57552767      48       0      47
  402 159873.48392379 2897361.29355138   -503.57552767      55       0      48
  403  37200.87216891 832169.42515964   -503.57552767      59       0      59
  404     15.99385244   -175.95465738   -503.57552767      70       0      37
  405 353785.69425473 7918309.45410249   -503.57552767      52       0      28
  406      2.93497818   -464.00505237   -503.57552767      38       0      10
  407      1.73182589   -481.91730439   -503.57552767      15       0       5
  408      1.69246680   -480.43228232   -503.57552767       7       0       6
  409 253574.09672557 5675264.98459872   -503.57552767       5       0       9
  410     10.30888894   -285.35145347   -503.57552767      10       0      18
  411 402233.19124000 9002712.18450209   -503.57552767      15       0      14
  412      4.54109364   -461.99644832   -503.57552767      20       0      22
  413      4.45898122   -449.34640188   -503.57552767      22       0      27
  414     12.84269392   -247.33323495   -503.57552767      25       0      39
  415 3013499.41090769 67450879.03281045   -503.57552767      38       0      38
  416 55137959.15328482 1234155287.38430333   -503.57552767      40       0      43
  417     17.79808576   -142.85244956   -503.57552767      42       0      40
  418     22.03069824   -172.52433756   -503.57552767      48       0      41
  419 474437.30425521 10618864.40163695   -503.57552767      52       0      54
  420     18.32399138   -188.27077881   -503.57552767      57       0      60
  421     12.82444933   -267.72257534   -503.57552767      62       0      42
  422     17.27400340   -224.22226028   -503.57552767      62       0      29
  423      3.56997701   -470.80349217   -503.57552767      48       0      14
  424      2.63059034   -455.56279478   -503.57552767      30       0       4
  425      5.52890942   -388.50616565   -503.57552767       9       0       6
  426     12.52013627   -226.62050852   -503.57552767       9       0       8
  427      3.99149639   -463.79444881   -503.57552767       7       0      16
  428      3.35141127   -465.95563845   -503.57552767      15       0      16
  429 13581734.67463497 304000470.68749487   -503.57552767      17       0      24
  430     10.84873233   -288.31858334   -503.57552767      24       0      27
  431     11.91766494   -337.23476699   -503.57552767      24       0      33
  432     19.18858136   -174.15626564   -503.57552767      32       0      38
  433      9.74811014   -318.31082048   -503.57552767      41       0      38
  434     11.79510804   -293.61838743   -503.57552767      40       0      43
  435      9.16894889   -363.82750157   -503.57552767      47       0      44
  436     13.70393226   -282.74541062   -503.57552767      55       0      46
  437     26.11427720   -179.33890500   -503.57552767      47       0      57
  438      6.39137692   -459.26639801   -503.57552767      61       0      43
  439      6.31796377   -463.86702746   -503.57552767      59       0      35
  440      6.86920196   -406.30233488   -503.57552767      44       0      17
  441     13.75415738   -207.62554286   -503.57552767      32       0       9
  442      2.29156900   -471.73320942   -503.57552767      21       0       7
  443 8790567.07630619 196759410.46927142   -503.57552767       9       0       7
  444      2.73113925   -475.01282565   -503.57552767       8       0      16
  445     14.99039879   -175.76706701   -503.57552767      14       0      15
  446      5.48400337   -464.11217797   -503.57552767      15       0      25
  447      6.59292661   -423.79240334   -503.57552767      27       0      27
  448      6.25692283   -444.40628719   -503.57552767      30       0      28
  449      5.75347405   -454.28372812   -503.57552767      30       0      37
  450      8.86362845   -350.06421222   -503.57552767      36       0      39
  451      9.49063263   -339.89595913   -503.57552767      45       0      43
  452 1260665.17410212 28217060.72764078   -503.57552767      47       0      40
  453     18.55873455   -195.08270972   -503.57552767      47       0      46
  454     19.19505011   -213.99089785   -503.57552767      45       0      51
  455     14.25967254   -229.40989457   -503.57552767      50       0      51
  456      9.21390014   -344.48098457   -503.57552767      59       0      34
  457      5.73114532   -456.06877923   -503.57552767      52       0      21
  458      4.48796223   -452.42693652   -503.57552767      36       0      12
  459      1.99713781   -476.14146584   -503.57552767      22       0       7
  460      1.67359237   -484.55399064   -503.57552767      13       0       8
  461      3.85765159   -463.79444881   -503.57552767       7       0      16
  462      4.44971573   -460.80204813   -503.57552767      15       0      11
  463      5.29101569   -462.89169548   -503.57552767      16       0      28
  464 741276.54853196 16591545.41713383   -503.57552767      30       0      25
  465 3691492.27559608 82626442.46544790   -503.57552767      26       0      29
  466  85858.06459699 1921265.86533359   -503.57552767      25       0      32
  467 3261865.81267840 73010082.56758901   -503.57552767      39       0      44
  468     17.67699986   -208.60264401   -503.57552767      44       0      36
  469     11.26606041   -291.97033308   -503.57552767      47       0      49
  470      7.95768180   -403.25435126   -503.57552767      54       0      42
  471 396845.43426089 8882119.36108923   -503.57552767      48       0      42
  472      6.82847514   -447.99393069   -503.57552767      47       0      44
  473 716838.07479123 16044540.69526444   -503.57552767      55       0      51
  474      5.10749046   -465.42430044   -503.57552767      54       0      21
  475      2.89784194   -466.36330981   -503.57552767      41       0      10
  476     10.50843788   -278.98614271   -503.57552767      14       0      12
  477      2.06410672   -471.18436261   -503.57552767      15       0       8
  478      3.98474734   -459.26639801   -503.57552767      10       0      13
  479      2.83753063   -471.18436261   -503.57552767      13       0      11
  480 126213.05816867 2824533.91446779   -503.57552767      13       0      28
  481      5.28349667   -461.52908241   -503.57552767      28       0      27
  482      5.30070921   -444.40628719   -503.57552767      26       0      30
  483 5646831.40560793 126392942.88038158   -503.57552767      32       0      25
  484     17.42899341   -171.41725653   -503.57552767      29       0      39
  485      5.31350355   -461.99644832   -503.57552767      43       0      43
  486      9.41823976   -338.16951177   -503.57552767      43       0      51
  487 2030626.06338649 45451152.06414441   -503.57552767      55       0      38
  488     14.86558427   -219.35312474   -503.57552767      49       0      42
  489     11.97810395   -347.70181750   -503.57552767      47       0      40
  490     13.82050862   -291.16250092   -503.57552767      46       0      51
  491      4.56733760   -467.33096205   -503.57552767      54       0      29
  492      3.06862011   -459.87083239   -503.57552767      42       0      11
  493      2.88616778   -473.93855842   -503.57552767      21       0      13
  494      6.10785107   -378.27659129   -503.57552767      11       0       9
  495      2.52265125   -477.78470441   -503.57552767      11       0      11
  496      3.07381085   -461.94584769   -503.57552767      10       0      11
  497     11.15759905   -334.29762839   -503.57552767       9       0      30
  498      6.48703616   -449.75439622   -503.57552767      24       0      26
  499      5.17442694   -456.06877923   -503.57552767      30       0      27
  500      4.71779929   -460.95174388   -503.57552767      38       0      26
  501     12.47773025   -275.27577534   -503.57552767      28       0      39
  502      6.20854551   -459.41642300   -503.57552767      40       0      39
  503     26.47049356   -157.63556863   -503.57552767      40       0      46
  504 3538901.92658078 79211003.07584527   -503.57552767      51       0      46
  505     23.13865590   -142.97293480   -503.57552767      56       0      37
  506     13.78266444   -286.15844388   -503.57552767      58       0      43
  507     38.26244337    167.91714434   -503.57552767      48       0      50
  508      6.99068728   -446.54772902   -503.57552767      53       0      33
  509      3.85666503   -456.06877923   -503.57552767      48       0      14
  510  23633.52461867 528488.05948045   -503.57552767      22       0      13
  511      6.07709733   -405.71792886   -503.57552767      19       0      10
  512      4.66881297   -420.69668119   -503.57552767      12       0      12
  513      3.93776113   -464.00505237   -503.57552767      15       0      12
  514      5.63597502   -432.44384925   -503.57552767      13       0      19
  515      5.33736371   -457.72914623   -503.57552767      21       0      27
  516      5.66344603   -459.09365534   -503.57552767      26       0      32
  517      6.22930748   -435.44990640   -503.57552767      32       0      25
  518 1080331.16269411 24180630.91313578   -503.57552767      34       0      35
  519      8.24450388   -384.37698559   -503.57552767      33       0      39
  520      6.18753423   -459.41642301   -503.57552767      39       0      42
  521      7.37690785   -430.23294897   -503.57552767      43       0      42
  522     14.11851946   -232.41147559   -503.57552767      50       0      49
  523 207722.29723860 4648962.71850680   -503.57552767      53       0      38
  524 275214.82292267 6159652.31153327   -503.57552767      48       0      47
  525      6.01156022   -446.94283863   -503.57552767      52       0      40
  526      3.68252705   -466.36447437   -503.57552767      54       0      15
  527      3.77564291   -459.26639801   -503.57552767      30       0      12
  528      8.33682127   -328.21380930   -503.57552767      15       0      13
  529      2.61386497   -471.59801128   -503.57552767      12       0      12
  530      4.91617671   -439.46671143   -503.57552767      11       0      11
  531  33042.86174611 739098.03582158   -503.57552767      14       0      20
  532     16.88003033   -137.18468875   -503.57552767      21       0      27
  533     12.72394437   -245.31784972   -503.57552767      25       0      26
  534 567641.89349537 12705068.05839497   -503.57552767      29       0      29
  535      5.42559417   -467.19990889   -503.57552767      30       0      38
  536     14.53255786   -275.04092730   -503.57552767      37       0      35
  537 101348.42728903 2267990.67436351   -503.57552767      42       0      43
  538     14.98601598   -183.85607797   -503.57552767      48       0      35
  539     15.29614646   -234.98036640   -503.57552767      40       0      47
  540     17.82938216   -243.09738724   -503.57552767      48       0      44
  541     16.88861574   -230.93286186   -503.57552767      58       0      42
  542      7.41566983   -454.40392429   -503.57552767      53       0      43
  543      5.65103124   -455.97483782   -503.57552767      57       0      23
  544      2.90191619   -475.01282565   -503.57552767      36       0      12
  545      3.31182654   -468.06833946   -503.57552767      18       0      12
  546     14.36658830   -194.49094085   -503.57552767      14       0      13
  547      2.28427861   -469.99186660   -503.57552767      15       0      10
  548      7.36445095   -371.25589629   -503.57552767      10       0      20
  549      8.89991928   -331.49056126   -503.57552767      19       0      25
  550     11.50484801   -261.95387905   -503.57552767      21       0      24
  551     16.07555506   -266.41006857   -503.57552767      28       0      31
  552     10.68728524   -348.30070623   -503.57552767      36       0      38
  553      6.92933094   -423.96207413   -503.57552767      37       0      31
  554      7.17421569   -441.99619990   -503.57552767      38       0      46
  555 240451.24977690 5381536.30186279   -503.57552767      46       0      35
  556  17700.00488156 395678.64774627   -503.57552767      51       0      38
  557     12.45499913   -306.81173527   -503.57552767      41       0      45
  558      5.70860993   -468.07271664   -503.57552767      48       0      43
  559     12.10167272   -296.95339359   -503.57552767      52       0      42
  560     15.86456438   -265.85601214   -503.57552767      43       0      34
  561      5.65524240   -429.28537907   -503.57552767      43       0      12
  562     14.16909400   -238.85912294   -503.57552767      30       0      12
  563      2.35792776   -481.53619098   -503.57552767      16       0      13
  564 728156.90146353 16297887.22365913   -503.57552767      16       0      12
  565      7.18086058   -367.97929803   -503.57552767      14       0      21
  566      3.90488940   -457.86090913   -503.57552767      20       0      18
  567 10660864.92437556 238622427.09695053   -503.57552767      20       0      28
  568     14.22620104   -244.16165370   -503.57552767      28       0      26
  569      8.74806186   -351.32088757   -503.57552767      35       0      37
  570 3341828.26360560 74799887.97007930   -503.57552767      38       0      32
  571  35016.21154033 783269.27440785   -503.57552767      38       0      45
  572      9.47788955   -367.09930655   -503.57552767      43       0      37
  573      6.61442348   -446.21238967   -503.57552767      51       0      35
  574 869369.61472360 18470232.70821457   -503.57552767      39       0      46
  575     14.30391150   -227.25713159   -503.57552767      46       0      44
  576  75116.33331143 1680832.86207451   -503.57552767      50       0      39
  577      9.35118024   -341.82080857   -503.57552767      52       0      36
  578     10.43486503   -289.51755639   -503.57552767      47       0      17
  579     13.27585791   -213.16855091   -503.57552767      25       0      11
  580      2.66601872   -474.46385125   -503.57552767      13       0      15
  581     10.99490327   -267.10017259   -503.57552767      14       0      14
  582     18.77876857   -200.68219468   -503.57552767      14       0      17
  583      6.39142722   -387.09652141   -503.57552767      17       0      18
  584      3.97030362   -467.53222599   -503.57552767      21       0      24
  585     10.40791528   -367.03045324   -503.57552767      24       0      32
  586 330444.29246244 7395856.79102449   -503.57552767      33       0      27
  587     17.66103758   -233.42463464   -503.57552767      34       0      39
  588     10.30660575   -341.23965949   -503.57552767      40       0      42
  589 2016796.14043443 45141595.57333286   -503.57552767      43       0      40
  590      8.77092467   -366.69436713   -503.57552767      44       0      34
  591     24.99454540    -95.93073907   -503.57552767      48       0      44
  592     15.96774802   -236.51105461   -503.57552767      48       0      42
  593     10.13118328   -354.81604509   -503.57552767      45       0      41
  594     11.88302750   -264.47588992   -503.57552767      48       0      38
  595      8.86697135   -328.79034041   -503.57552767      48       0      21
  596      8.45760637   -342.48190887   -503.57552767      27       0      13
  597     14.81336247   -178.54695977   -503.57552767      14       0      13
  598 366388209.91999996 8200895151.70465374   -503.57552767      15       0      14
  599 3004163.48410434 67241911.06046776   -503.57552767      16       0      16
  600     15.08017355   -228.79607431   -503.57552767      17       0      18
  601      4.34303757   -463.86702746   -503.57552767      18       0      24
  602     13.40656509   -282.86437895   -503.57552767      24       0      28
  603     10.77122833   -284.17198996   -503.57552767      31       0      32
  604      6.09200290   -444.46888348   -503.57552767      28       0      34
  605     12.48433393   -276.52904919   -503.57552767      35       0      39
  606 711102.90729412 15824492.97730666   -503.57552767      43       0      43
  607     12.31565584   -269.24790119   -503.57552767      44       0      36
  608      6.74974528   -421.48129673   -503.57552767      46       0      42
  609      7.20750133   -461.99644831   -503.57552767      48       0      43
  610   1223.67018768  26886.63405635   -503.57552767      59       0      37
  611      8.08794656   -436.88117612   -503.57552767      44       0      45
  612      6.26753647   -449.26751797   -503.57552767      45       0      20
  613      2.67117225   -471.89609896   -503.57552767      31       0      15
  614 2770189.41161212 62004851.67780452   -503.57552767      25       0      12
  615      2.90905887   -468.02169284   -503.57552767      16       0      16
  616      9.67652782   -301.39441521   -503.57552767      17       0      17
  617     17.16683796   -238.87346857   -503.57552767      20       0      15
  618     14.56768367   -226.60536382   -503.57552767      17       0      24
  619 109412454.04828432 2448986560.47296429   -503.57552767      22       0      31
  620 1251144.77766384 28003964.07880108   -503.57552767      39       0      28
  621 906361.93898442 20286663.83939157   -503.57552767      34       0      34
  622      9.58491669   -329.92067365   -503.57552767      33       0      36
  623 129302.83607522 2893693.67062119   -503.57552767      41       0      39
  624      9.06275135   -350.92237168   -503.57552767      39       0      38
  625     15.72545233   -263.26743423   -503.57552767      48       0      41
  626     11.63118241   -302.61008119   -503.57552767      41       0      47
  627 350408295.20852345 7843214318.63137722   -503.57552767      56       0      39
  628 482562.51987268 10800731.26986865   -503.57552767      50       0      38
  629      4.41780057   -464.55364662   -503.57552767      43       0      23
  630      4.28028920   -458.09019109   -503.57552767      34       0      19
  631     14.56753471   -191.86196363   -503.57552767      25       0      14
  632     12.20959822   -284.18428749   -503.57552767      21       0      15
  633      4.13003137   -456.06877922   -503.57552767      15       0      16
  634     11.96995976   -250.83942591   -503.57552767      14       0      18
  635     14.28085104   -264.25545183   -503.57552767      22       0      16
  636     23.15006100   -120.75876017   -503.57552767      18       0      33
  637 9924857.08733881 222148309.31777781   -503.57552767      32       0      31
  638     20.37704510   -208.97758101   -503.57552767      36       0      33
  639 151315.67548129 3386408.93420214   -503.57552767      37       0      36
  640 3734844.99115693 83596810.05253725   -503.57552767      36       0      37
  641 280902.86395226 6286967.76800683   -503.57552767      41       0      35
  642      9.74146769   -345.00642747   -503.57552767      43       0      43
  643     25.73423253   -143.26243118   -503.57552767      45       0      46
  644     11.35354770   -287.70315565   -503.57552767      52       0      41
  645     10.63864614   -306.46067896   -503.57552767      45       0      38
  646     19.51090204   -196.87767999   -503.57552767      42       0      26
  647      7.76037754   -352.63622493   -503.57552767      36       0      17
  648      3.78417624   -466.07856479   -503.57552767      23       0      19
  649 442740.90831928 9909399.57907863   -503.57552767      23       0      14
  650      4.30957764   -460.80204813   -503.57552767      16       0      15
  651     10.19741108   -290.87824704   -503.57552767      19       0      19
  652      4.02417493   -459.87083239   -503.57552767      21       0      17
  653     13.51910496   -220.02679035   -503.57552767      16       0      29
  654      4.58060145   -465.42430044   -503.57552767      29       0      30
  655     13.30581397   -264.91240248   -503.57552767      36       0      37
  656      6.50322607   -444.40628719   -503.57552767      36       0      34
  657     22.09123871   -165.90660514   -503.57552767      37       0      30
  658     20.63015979   -162.44828020   -503.57552767      40       0      41
  659     17.94864728   -253.79529727   -503.57552767      42       0      41
  660     15.09976812   -219.33696646   -503.57552767      48       0      46
  661     14.30004679   -286.91220260   -503.57552767      49       0      40
  662      9.14546537   -344.82035889   -503.57552767      48       0      36
  663     10.48197568   -351.82542090   -503.57552767      38       0      35
  664      4.88715448   -429.96955375   -503.57552767      43       0      15
  665      5.15857175   -446.54772902   -503.57552767      28       0      20
  666      2.64212849   -473.19176361   -503.57552767      25       0      12
  667      9.14960965   -316.88987889   -503.57552767      14       0      16
  668 3343047.87820235 74827185.64406355   -503.57552767      17       0      20
  669     15.72511288   -198.61663700   -503.57552767      20       0      17
  670     10.56179323   -309.22456940   -503.57552767      14       0      26
  671     13.08902208   -245.59873590   -503.57552767      32       0      30
  672     14.68724696   -245.59873590   -503.57552767      31       0      35
  673 4234526.61248374 94781221.90908013   -503.57552767      35       0      34
  674      4.79359657   -466.36447437   -503.57552767      35       0      30
  675     18.52118918   -204.61846832   -503.57552767      27       0      41
  676 486710.81484986 10619615.43737657   -503.57552767      47       0      44
  677    499.87788316  10683.36951450   -503.57552767      52       0      40
  678     20.47341215   -183.71872648   -503.57552767      45       0      43
  679     10.29340289   -312.40203427   -503.57552767      53       0      37
  680      5.83499129   -459.41642300   -503.57552767      53       0      32
  681      6.77298646   -419.11283229   -503.57552767      42       0      22
  682     10.90236919   -292.35933097   -503.57552767      32       0      20
  683      8.74345617   -324.15950842   -503.57552767      32       0      13
  684      3.83469248   -452.39355797   -503.57552767      15       0      13
  685 49392857.47814164 1105563484.21108580   -503.57552767      13       0      23
  686     12.20246176   -244.64976133   -503.57552767      25       0      15
  687      5.92634046   -427.55259236   -503.57552767      18       0      25
  688 143582943.67198160 3213827158.68905163   -503.57552767      25       0      34
  689      4.45496091   -470.37248663   -503.57552767      38       0      29
  690      5.18182611   -464.11217797   -503.57552767      33       0      38
  691 2674318.49683480 59858967.04582665   -503.57552767      38       0      29
  692      7.09039285   -457.86090913   -503.57552767      38       0      34
  693     15.86613663   -229.40554649   -503.57552767      42       0      40
  694 609509.49046712 13642194.98781156   -503.57552767      42       0      47
  695 609509.53308849 13642194.98781156   -503.57552767      58       0      36
  696     11.03482149   -289.97705809   -503.57552767      39       0      42
  697      5.59247395   -459.41642300   -503.57552767      45       0      32
  698      7.51344812   -393.46467540   -503.57552767      43       0      23
  699     11.42132318   -302.69689010   -503.57552767      30       0      24
  700      6.14564037   -380.21973416   -503.57552767      29       0      15
  701      4.28943815   -461.94584769   -503.57552767      19       0      13
  702      4.67409182   -451.09211411   -503.57552767      12       0      20
  703      6.93684081   -386.74302497   -503.57552767      23       0      18
  704     13.43077117   -301.97635180   -503.57552767      17       0      23
  705     16.85841755   -210.50936764   -503.57552767      23       0      30
  706     17.71617915   -206.08149721   -503.57552767      31       0      33
  707 2166199.85380011 48485711.12986682   -503.57552767      34       0      37
  708     16.94835266   -239.86233384   -503.57552767      40       0      27
  709      7.61321112   -360.94391123   -503.57552767      37       0      32
  710     14.74836138   -207.79987491   -503.57552767      33       0      38
  711      6.47053029   -459.67526787   -503.57552767      39       0      51
  712      5.80621667   -465.42430044   -503.57552767      52       0      38
  713     11.22727162   -294.07691728   -503.57552767      43       0      39
  714     21.38521424   -178.37856689   -503.57552767      51       0      35
  715      5.21655984   -459.26639801   -503.57552767      42       0      20
  716      8.99385156   -341.37971387   -503.57552767      31       0      30
  717     11.08103839   -274.52596414   -503.57552767      36       0      17
  718      3.02690384   -461.52908241   -503.57552767      28       0      10
  719      4.09744109   -463.73756665   -503.57552767      12       0      22
  720     15.41737790   -255.28972010   -503.57552767      17       0      18
  721 1691577.57843036 37862203.35089232   -503.57552767      23       0      21
  722      4.37344077   -468.02169284   -503.57552767      25       0      28
  723     18.91885943   -201.33176867   -503.57552767      28       0      32
  724      9.06052961   -377.24582754   -503.57552767      30       0      37
  725      7.56637261   -390.43586550   -503.57552767      45       0      28
  726 217170.71628732 4860445.81317801   -503.57552767      36       0      35
  727     20.17995368   -192.99023240   -503.57552767      38       0      36
  728     20.34470656   -171.97786703   -503.57552767      39       0      46
  729      9.26689288   -358.51342258   -503.57552767      45       0      41
  730      6.15500239   -447.88981517   -503.57552767      46       0      36
  731      5.13109415   -462.89169548   -503.57552767      45       0      33
  732     11.82480481   -273.68348576   -503.57552767      40       0      24
  733 1634423.68712217 36582924.91232060   -503.57552767      37       0      27
  734      5.05467040   -463.79444881   -503.57552767      30       0      26
  735      3.21394216   -470.74166739   -503.57552767      28       0      10
  736      6.68129514   -380.44272711   -503.57552767      15       0      19
  737      9.06117056   -323.68563436   -503.57552767      20       0      19
  738      9.52795780   -320.22936504   -503.57552767      19       0      22
  739     16.91399348   -139.11480221   -503.57552767      24       0      28
  740      5.01678514   -460.80204813   -503.57552767      28       0      26
  741      6.30040856   -461.99644831   -503.57552767      29       0      36
  742      6.47245396   -462.67942105   -503.57552767      40       0      33
  743      8.51011491   -360.88143829   -503.57552767      36       0      37
  744     11.13340645   -283.62669702   -503.57552767      41       0      35
  745 2464178.49652813 55155388.38192789   -503.57552767      31       0      40
  746 1205509.14626491 26982500.08090100   -503.57552767      48       0      37
  747     10.55610134   -317.43391522   -503.57552767      42       0      43
  748      6.91758581   -422.65102486   -503.57552767      47       0      31
  749      4.87010924   -457.72914623   -503.57552767      46       0      29
  750      4.78262207   -466.16848593   -503.57552767      35       0      26
  751     11.99288027   -273.58746994   -503.57552767      27       0      26
  752      3.30349478   -462.09247577   -503.57552767      28       0      12
  753      7.50390574   -380.06099960   -503.57552767      17       0      20
  754      5.07824574   -449.75439622   -503.57552767      22       0      17
  755      4.71524304   -449.61326805   -503.57552767      19       0      21
  756     11.86331617   -270.19640327   -503.57552767      19       0      32
  757      8.87536295   -329.13216241   -503.57552767      34       0      20
  758 3666173.36560478 82059727.87336594   -503.57552767      27       0      34
  759     18.84408252   -119.81196975   -503.57552767      34       0      37
  760      5.63620232   -462.26400090   -503.57552767      46       0      38
  761      9.73775614   -355.41958261   -503.57552767      42       0      34
  762      6.48514614   -432.53650496   -503.57552767      45       0      39
  763      4.54916049   -471.08112006   -503.57552767      45       0      32
  764      7.42418951   -419.69090109   -503.57552767      40       0      43
  765 299177.94588878 6696020.13846671   -503.57552767      44       0      36
  766     13.03569826   -289.75284466   -503.57552767      47       0      30
  767 126772611.90759073 2837560258.14920664   -503.57552767      36       0      26
  768      4.87727965   -441.31939819   -503.57552767      35       0      26
  769      5.79851998   -398.66470358   -503.57552767      35       0      14
  770      7.79678498   -354.57132189   -503.57552767      17       0      20
  771      5.85281783   -391.80408418   -503.57552767      20       0      17
  772      7.39521280   -412.58453395   -503.57552767      14       0      20
  773     51.23397743    638.63706407   -503.57552767      22       0      25
  774     16.09714672   -209.51098694   -503.57552767      24       0      26
  775 1251731.55459713 28017097.40445146   -503.57552767      28       0      29
  776     13.65948223   -234.76650764   -503.57552767      30       0      37
  777     22.22613303   -165.80824350   -503.57552767      38       0      40
  778 3058922.03032647 66172302.03409340   -503.57552767      43       0      33
  779     20.23244514   -206.37068112   -503.57552767      38       0      40
  780      6.46288715   -424.05156063   -503.57552767      35       0      30
  781      5.23527035   -461.99644832   -503.57552767      38       0      45
  782     20.13421086   -230.91085208   -503.57552767      42       0      34
  783      7.67243935   -366.92347044   -503.57552767      44       0      31
  784      7.60200317   -376.28781122   -503.57552767      34       0      29
  785      4.82361911   -467.98557252   -503.57552767      34       0      28
  786      3.85070430   -469.29754104   -503.57552767      34       0      17
  787 3243424.17066498 71998454.50773084   -503.57552767      20       0      21
  788      3.38856684   -466.35705227   -503.57552767      24       0      14
  789     12.35871723   -251.18675714   -503.57552767      13       0      20
  790     12.56183841   -303.41668210   -503.57552767      20       0      24
  791 326819.32765062 7314718.88996962   -503.57552767      24       0      26
  792     10.35262847   -316.10017131   -503.57552767      31       0      28
  793     11.41896136   -328.62550001   -503.57552767      35       0      35
  794 166958.76468209 3736549.21671511   -503.57552767      38       0      43
  795      9.86430695   -330.04109903   -503.57552767      53       0      34
  796     19.42346449    -91.88603285   -503.57552767      45       0      38
  797      5.36384024   -462.81460832   -503.57552767      39       0      30
  798 121250.08889312 2713447.74542656   -503.57552767      34       0      43
  799      7.15522656   -436.88117612   -503.57552767      40       0      35
  800     10.81763988   -305.84410140   -503.57552767      34       0      33
  801      8.62964339   -331.39054340   -503.57552767      43       0      26
  802      8.99157954   -338.09528366   -503.57552767      31       0      30
  803      4.42742138   -446.38500964   -503.57552767      31       0      19
  804     12.85191313   -240.68865366   -503.57552767      20       0      22
  805     17.24174410   -204.48254689   -503.57552767      21       0      13
  806      5.44184865   -405.38934171   -503.57552767      18       0      18
  807      5.02222275   -454.34903319   -503.57552767      17       0      25
  808      6.60267778   -392.73673814   -503.57552767      25       0      21
  809 16992786.06804156 380350286.79103476   -503.57552767      22       0      31
  810      6.99037763   -394.40399926   -503.57552767      33       0      29
  811     13.62741352   -310.23215860   -503.57552767      34       0      45
  812      6.24261623   -461.46205776   -503.57552767      50       0      38
  813     16.22695982   -172.90747149   -503.57552767      45       0      40
  814 540710.87319698 12102269.90375770   -503.57552767      46       0      33
  815 79939734.76320052 1789296501.16478109   -503.57552767      40       0      39
  816 19400810.07725165 434249267.57677287   -503.57552767      46       0      32
  817     11.87873914   -296.63320944   -503.57552767      39       0      36
  818      5.24638314   -460.95174388   -503.57552767      40       0      26
  819     11.28085883   -306.90772741   -503.57552767      31       0      35
  820     11.05835782   -277.88400346   -503.57552767      39       0      14
  821      6.22097146   -418.35099253   -503.57552767      18       0      25
  822      6.43730936   -369.60834454   -503.57552767      24       0      12
  823      4.74807263   -460.95174388   -503.57552767      17       0      19
  824      4.22856840   -462.26400090   -503.57552767      20       0      23
  825      3.44938989   -467.07944271   -503.57552767      21       0      20
  826     16.87467809   -196.00934950   -503.57552767      22       0      26
  827     12.80144786   -245.36966597   -503.57552767      31       0      31
  828     19.40409237   -246.08936182   -503.57552767      33       0      40
  829      5.85204221   -457.86090913   -503.57552767      45       0      45
  830 1029954.38609012 23053044.07052415   -503.57552767      50       0      36
  831     12.27098008   -255.82228345   -503.57552767      45       0      34
  832      7.21745931   -452.36345480   -503.57552767      37       0      43
  833 1361568.40395017 25281109.71455383   -503.57552767      42       0      33
  834      7.50796972   -409.58115902   -503.57552767      42       0      33
  835     15.00203699   -195.01434591   -503.57552767      40       0      30
  836     12.46651380   -251.66802420   -503.57552767      38       0      34
  837      2.99101884   -467.61243937   -503.57552767      38       0      15
  838     10.27958765   -336.26850405   -503.57552767      23       0      21
  839     14.30623583   -199.76798926   -503.57552767      24       0      17
  840 6710127.13161085 150192769.44977388   -503.57552767      20       0      17
  841      5.49951325   -452.57713356   -503.57552767      21       0      22
  842      3.90014890   -470.74166739   -503.57552767      20       0      21
  843      4.40512547   -468.02169284   -503.57552767      25       0      26
  844      4.76900135   -467.27641668   -503.57552767      26       0      27
  845      5.13541188   -466.36330981   -503.57552767      27       0      37
  846  33572.86212080 750963.51865659   -503.57552767      33       0      48
  847     15.14689607   -208.68115014   -503.57552767      54       0      38
  848 6139787.91689684 129338853.14491804   -503.57552767      55       0      34
  849     25.24475112   -147.46788831   -503.57552767      35       0      38
  850      6.03331624   -454.41514621   -503.57552767      45       0      36
  851     19.72268556   -182.16175907   -503.57552767      39       0      36
  852      6.46710231   -445.82945070   -503.57552767      41       0      29
  853     16.45199943   -224.92976794   -503.57552767      39       0      33
  854 297810.07486910 6665402.18836889   -503.57552767      32       0      17
  855     14.26868432   -195.94923247   -503.57552767      23       0      23
  856      5.67505799   -419.80968968   -503.57552767      21       0      14
  857 4505418.82785895 100844620.82095581   -503.57552767      18       0      21
  858 5588351.45288941 125083981.53713644   -503.57552767      25       0      17
  859      5.39694093   -444.46888348   -503.57552767      19       0      26
  860      8.68722012   -338.06310475   -503.57552767      28       0      25
  861 10962826.69656657 245381259.80423006   -503.57552767      23       0      25
  862     13.99287419   -286.36396328   -503.57552767      30       0      33
  863      6.09994605   -433.37093542   -503.57552767      34       0      44
  864      8.49658333   -378.74115825   -503.57552767      42       0      43
  865     13.34975339   -225.52269989   -503.57552767      48       0      35
  866      9.49398237   -342.15194240   -503.57552767      41       0      41
  867     11.19164817   -279.01408693   -503.57552767      41       0      35
  868     13.81574902   -297.44344614   -503.57552767      40       0      31
  869      6.51850502   -444.40628719   -503.57552767      35       0      37
  870      9.20613108   -342.44137965   -503.57552767      33       0      31
  871      3.63480798   -465.34376968   -503.57552767      37       0      16
  872      7.70754401   -364.31485745   -503.57552767      21       0      26
  873     13.46840996   -207.97552637   -503.57552767      31       0      11
  874    163.53553910   3156.00827278   -503.57552767      17       0      21
  875      4.38673484   -467.98557252   -503.57552767      19       0      19
  876      3.97290409   -467.95340738   -503.57552767      21       0      25
  877      8.66975987   -334.93891242   -503.57552767      25       0      24
  878      8.07793156   -347.61931751   -503.57552767      21       0      27
  879      6.57673816   -423.45539574   -503.57552767      27       0      29
  880     67.08454580    950.64941657   -503.57552767      33       0      48
  881     20.80280053   -232.11983411   -503.57552767      49       0      39
  882      9.34561681   -346.02061554   -503.57552767      42       0      40
  883      8.29589591   -367.18579261   -503.57552767      43       0      36
  884     15.85642032   -175.11644753   -503.57552767      50       0      39
  885 49833368.81697544 1115423482.69822812   -503.57552767      50       0      31
  886     11.84360458   -268.90808151   -503.57552767      43       0      32
  887      4.64577695   -464.11217797   -503.57552767      41       0      34
  888      8.15715552   -348.51869993   -503.57552767      36       0      18
  889     10.25162425   -289.84894160   -503.57552767      21       0      22
  890      4.49858048   -452.97895578   -503.57552767      26       0      17
  891    118.79617902   2154.56900579   -503.57552767      15       0      19
  892      6.40698809   -418.02134936   -503.57552767      23       0      19
  893      5.36936363   -459.41642301   -503.57552767      21       0      27
  894      5.67991058   -440.88153304   -503.57552767      25       0      21
  895 10171646.12550459 227672205.94408619   -503.57552767      25       0      27
  896     16.70343416   -237.63197280   -503.57552767      31       0      27
  897      6.10222811   -449.26751797   -503.57552767      29       0      42
  898      7.07877930   -459.26639801   -503.57552767      41       0      41
  899 1128171.65231972 25076868.00639625   -503.57552767      48       0      41
  900      6.69744651   -455.97483782   -503.57552767      46       0      36
  901 14238877.95912996 318499076.66476643   -503.57552767      42       0      32
  902     15.16365107   -258.48603378   -503.57552767      36       0      41
  903 356467.63159017 7978338.95759880   -503.57552767      46       0      33
  904     13.04551837   -235.37381583   -503.57552767      33       0      37
  905      6.57061921   -385.06149631   -503.57552767      36       0      16
  906      4.43467442   -466.35705228   -503.57552767      24       0      22
  907      5.07777407   -446.54772902   -503.57552767      23       0      18
  908      4.38496480   -459.94654366   -503.57552767      17       0      17
  909     12.75251498   -235.77467890   -503.57552767      22       0      22
  910     11.49653288   -280.41548628   -503.57552767      19       0      26
  911      4.72103449   -459.41642301   -503.57552767      33       0      17
  912      7.84395990   -369.90499035   -503.57552767      19       0      29
  913      6.82945679   -391.96889664   -503.57552767      29       0      26
  914     12.53770916   -252.79748168   -503.57552767      29       0      44
  915     18.64613094   -189.49909713   -503.57552767      43       0      37
  916     13.77845915   -221.82661445   -503.57552767      45       0      40
  917     13.27585000   -304.30218427   -503.57552767      38       0      39
  918     12.71423963   -304.30218427   -503.57552767      47       0      34
  919     11.63872389   -298.48160872   -503.57552767      37       0      39
  920     19.20421440   -185.59129674   -503.57552767      45       0      39
  921 916441.14731616 20512268.33644765   -503.57552767      45       0      31
  922   8891.31970320 198512.50534923   -503.57552767      34       0      19
  923      4.54740408   -462.08069856   -503.57552767      26       0      22
  924     11.57126612   -259.54071266   -503.57552767      26       0      16
  925     19.62632994   -164.23882641   -503.57552767      19       0      19
  926  52571.05521292 1176199.00061745   -503.57552767      21       0      21
  927      5.37922063   -446.38500964   -503.57552767      25       0      24
  928      4.22665661   -464.60436374   -503.57552767      24       0      21
  929      7.14125697   -366.09226708   -503.57552767      23       0      26
  930      5.35890056   -451.09211411   -503.57552767      26       0      25
  931     11.87895650   -324.28340833   -503.57552767      26       0      46
  932     11.57823304   -293.51939454   -503.57552767      43       0      36
  933      8.30580665   -406.04033526   -503.57552767      41       0      36
  934     18.89181378   -234.68859812   -503.57552767      43       0      41
  935      6.97886864   -432.44384925   -503.57552767      46       0      33
  936      9.10416182   -362.50488293   -503.57552767      40       0      41
  937      6.23323156   -459.94654366   -503.57552767      40       0      37
  938      6.95090761   -429.97465280   -503.57552767      45       0      34
  939     11.37722701   -310.64091642   -503.57552767      41       0      20
  940      4.88945742   -454.40392429   -503.57552767      31       0      21
  941     11.00441103   -302.42885566   -503.57552767      24       0      18
  942 1631100.56608867 36508542.26668255   -503.57552767      21       0      17
  943  15750.65313573 352045.87976245   -503.57552767      20       0      23
  944      6.71693829   -384.04582023   -503.57552767      24       0      24
  945      4.33951148   -457.86090913   -503.57552767      24       0      19
  946      4.94171174   -461.99644832   -503.57552767      20       0      30
  947      5.07134893   -452.42693652   -503.57552767      29       0      23
  948      6.01635648   -449.84787834   -503.57552767      26       0      38
  949      7.41960074   -440.27047882   -503.57552767      39       0      40
  950      9.64240232   -357.66572234   -503.57552767      51       0      34
  951     12.37041416   -326.19980880   -503.57552767      43       0      45
  952      7.96283281   -374.17370520   -503.57552767      46       0      34
  953     12.44138766   -282.97528177   -503.57552767      47       0      37
  954      4.66413268   -467.95340738   -503.57552767      40       0      36
  955     22.00071900   -254.97338389   -503.57552767      40       0      35
  956 219568567.14709672 4896464985.88127327   -503.57552767      40       0      23
  957      5.83729413   -440.69041307   -503.57552767      29       0      22
  958      3.90116962   -459.26639801   -503.57552767      25       0      16
  959      5.70807059   -441.85530302   -503.57552767      19       0      19
  960      4.79306861   -459.05768097   -503.57552767      22       0      26
  961      5.75629259   -455.56279478   -503.57552767      22       0      22
  962     11.57934494   -261.10311840   -503.57552767      23       0      20
  963 191197865.32677537 4279595475.72945404   -503.57552767      20       0      25
  964     14.98792393   -198.22365346   -503.57552767      29       0      24
  965      4.91566711   -461.41710250   -503.57552767      25       0      34
  966      9.73083944   -333.87166362   -503.57552767      35       0      40
  967     14.38004455   -212.57794733   -503.57552767      41       0      37
  968 64320879.62472328 1439698510.20292854   -503.57552767      48       0      41
  969 8032095.35872598 179782679.72643685   -503.57552767      43       0      39
  970 355158.83362000 7949044.70144305   -503.57552767      42       0      36
  971     11.58531348   -277.73744239   -503.57552767      48       0      37
  972 334484.95545863 7486299.84023840   -503.57552767      35       0      33
  973     10.08504655   -327.22587927   -503.57552767      35       0      27
  974 344311.35008635 7706244.28796353   -503.57552767      40       0      23
  975      3.23020064   -459.05768097   -503.57552767      22       0      14
  976      5.94873315   -421.13290750   -503.57552767      15       0      24
  977     16.09362379   -166.38966156   -503.57552767      26       0      23
  978   2684.07832277  59575.10755907   -503.57552767      26       0      24
  979     11.64397826   -256.72345436   -503.57552767      30       0      16
  980     13.07104425   -260.15628088   -503.57552767      16       0      25
  981     28.34941061     59.10477936   -503.57552767      24       0      23
  982      8.09317407   -390.51945448   -503.57552767      26       0      36
  983     18.21291503   -210.84285307   -503.57552767      37       0      32
  984 277219087.27441317 6205014857.31230354   -503.57552767      46       0      39
  985 234288.37098748 5243592.10397516   -503.57552767      38       0      46
  986     23.16867231   -200.79492893   -503.57552767      49       0      37
  987 9397358.78762959 210341375.32864201   -503.57552767      48       0      40
  988     15.67517058   -252.57714823   -503.57552767      45       0      35
  989 620284.66092728 13883375.75016184   -503.57552767      40       0      30
  990     19.04797310   -115.47357671   -503.57552767      40       0      32
  991     11.60892252   -284.02799556   -503.57552767      43       0      23
  992     12.06047973   -242.42981762   -503.57552767      31       0      14
  993      4.49147667   -449.84787834   -503.57552767      21       0      21
  994     16.67637500   -144.68403489   -503.57552767      20       0      23
  995 136699.21462367 3059246.17262694   -503.57552767      28       0      29
  996      4.46576376   -454.34903320   -503.57552767      32       0      14
  997      4.53613968   -459.09365534   -503.57552767      19       0      22
  998      5.95568885   -406.81567800   -503.57552767      25       0      21
  999      5.29183554   -459.87083239   -503.57552767      24       0      36
 1000    169.76636012   3294.60626819   -503.57552767      32       0      35
----------------------------------------------------------------------------------
Artificial Bee Colony Optimization Finished!

 -- Results Report --
 * 100 LMs will be saved in [ co3_4_waters-LM ].
      #          Energy
      0   -503.57552767
      1   -503.54870597
      2   -502.98228661
      3   -502.95814708
      4   -501.88188009
      5   -501.85564588
      6   -499.10864939
      7   -499.06254789
      8   -498.65226300
      9   -498.59454334
     10   -497.48814013
     11   -497.43384473
     12   -497.10634075
     13   -496.90766379
     14   -496.39596912
     15   -495.15691091
     16   -495.13613083
     17   -494.19102507
     18   -494.16882422
     19   -493.45019528
     20   -493.42031004
     21   -492.02424971
     22   -491.98412880
     23   -491.06575867
     24   -491.02111221
     25   -490.66632357
     26   -490.65668648
     27   -490.44740423
     28   -490.43696655
     29   -490.20837293
     30   -490.19676920
     31   -490.16242871
     32   -490.09766454
     33   -490.09046898
     34   -490.06713004
     35   -490.02889739
     36   -490.02496808
     37   -490.02446063
     38   -490.00012165
     39   -489.99633109
     40   -489.98967450
     41   -489.98579362
     42   -489.97033157
     43   -489.93945147
     44   -489.93524759
     45   -489.93263870
     46   -489.93060905
     47   -489.91891182
     48   -489.91283552
     49   -489.90641557
     50   -489.87311485
     51   -489.87215420
     52   -489.87033524
     53   -489.86643312
     54   -489.85648870
     55   -489.85240588
     56   -489.83713447
     57   -489.83616480
     58   -489.82758884
     59   -489.81219133
     60   -489.49734407
     61   -489.48518183
     62   -489.27571654
     63   -489.27170950
     64   -488.71312816
     65   -488.66905227
     66   -488.42488587
     67   -488.36241233
     68   -488.29056907
     69   -488.09850581
     70   -488.05901997
     71   -487.97326700
     72   -487.96329530
     73   -487.96290362
     74   -487.92829749
     75   -487.89860855
     76   -487.87958233
     77   -487.31021403
     78   -487.29401095
     79   -487.02891562
     80   -486.94959960
     81   -486.63257521
     82   -486.61605070
     83   -486.60029499
     84   -485.83870411
     85   -485.81635587
     86   -485.80028081
     87   -485.71577452
     88   -485.66951258
     89   -485.64184810
     90   -485.60919140
     91   -485.60670286
     92   -485.33456684
     93   -485.28238928
     94   -484.84780149
     95   -484.61584430
     96   -484.56099335
     97   -484.55399064
     98   -484.49172422
     99   -484.24487186

 * Final Global Minimal Energy:   -503.57552767
 * The Global Minimum is saved as: [ co3_4_waters-OPT.(cluster/xyz/gjf) ]

===== (^ _ ^) =====
Normal termination at Tue Nov 27 16:28:58 2018.
Total run time: 1714 seconds = 0 days 0 hours 28 minutes 34 seconds.
