    * * * * * * * * * * * * * * * * * * * * *
    *       __    ____    ______            *
    *      /  \  |  _ \  |  ___/  luster !  *
     *    / _  \ | |_| | | |               *
     *   / /_\ | |  _ <  | |     < @  @ >  * 
     *  / ___  | | |_| | | |___ _ _  o     * 
    *  /_/   |_| |____/  |_____ _ __ __  _  *
    *                                       *
    * * * * * * * * * * * * * * * * * * * * *

ABCluster 1.5.1
Specific flag:  official version
Platform:       LINUX/UNIX
Compiled by:    junzhang@gellmann.scs.illinois.edu
Compiling date: Dec 18 2017 20:33:35
C++ compiler:   g++
C++ options:    -O3 -Os -fno-exceptions --std=c++0x -fopenmp 

Contributors:
Jun Zhang(University of Cologne): Design and coding.

For any suggestions, comments, and questions on the theory and
implementation of ABCluster, please feel free to contact:

Dr. Jun Zhang, ZhangJunQcc@gmail.com

If you used this program in your work, please cite this reference:

[1] Zhang, J.; Dolg, M.; ABCluster: The Artificial Bee Colony Algorithm for
    Cluster Global Optimization. Phys. Chem. Chem. Phys. 2015, 17, 24173-24181.
[2] Zhang, J.; Dolg, M.; Global Optimization of Clusters of Rigid Molecules by the
    Artificial Bee Colony Algorithm. Phys. Chem. Chem. Phys. 2016, 18, 3003-3010.

Program starts at Tue Aug 28 12:18:28 2018.
Command line: " /ihome/jkeith/yab16/ABC/ABCluster-Linux/lib/rigidmol-optimizer li_7_waters.inp "
Process ID:   159106
Run by:       yab16@smp-n28.crc.pitt.edu
Available CPU cores:    24
Read "OMP_NUM_THREADS": Unset

Random number testing (integers): 119740164...1151824435
Random number testing (fractals): 0.83887090...0.06627232

 -- Input/Output Parameters --
Input file name:      li_7_waters.inp
Cluster file name:    input.cluster
Result file name:     li_7_waters.(cluster/xyz/gjf)
Temporary file name:  abclusteryab16smp-n28.crc.pitt.edu159106-OPT
# of saved LMs:       100
LMs are stored in:    li_7_waters-LM

 -- ABC Control Parameters --
Population size:                  500
Maximal generation:              1000
Scout limit:                       15
Amplitude:                10.00000000

 -- Cluster Components: from [ input.cluster ] --
 -----------------------------------------------------------
   Source                                       #   Charge
 -----------------------------------------------------------
   /ihome/jkeith/yab16/ABC/ABCluster-Linux-0/rigidmolecularcluster/charmm36/tip4p.xyz     7    0.000
   /ihome/jkeith/yab16/ABC/ABCluster-Linux-0/rigidmolecularcluster/charmm36/li.xyz     1    1.000
 -----------------------------------------------------------
   Dimension: 0, an isolate cluster.
 -----------------------------------------------------------

Artificial Bee Colony Optimization Starts!
----------------------------------------------------------------------------------
 * Population: 500; Maximal cycles: 1000
 * EM = Employed Bee; Trigonometric mutation
 * OL = Onlooker Bee; ABC/best/2(0.5)+ABC/current/2(0.5);
        Tournament selection from 5 nectars.
 * SC = Scout Bee; Random nectar; Limit = 15
----------------------------------------------------------------------------------
    #       Diversity            maxE            minE    byEM    byOL    bySC
----------------------------------------------------------------------------------
    1     14.12127736   -397.22870113   -596.70696138     362      21       0
    2      3.97058660   -557.24058464   -596.70696138     198      47       0
    3      2.77295703   -583.18680181   -596.70696138     153      33       0
    4      2.43516866   -585.10362719   -596.70696137     112      25       0
    5      2.17903551   -585.10362720   -596.70696138      94      18       0
    6      2.01982116   -587.45715207   -596.70696138      76       8       0
    7      1.88841714   -587.94979105   -596.70696137      80       9       0
    8      1.75627997   -588.55954821   -596.70696136      56       6       0
    9      1.64941271   -589.29825691   -596.70696136      58       3       0
   10      1.54464268   -589.29825691   -596.70696138      60       1       0
   11      1.41019220   -591.42791066   -596.70696138      72       0       0
   12      1.21197232   -591.42791066   -596.70696137      69       1       0
   13      0.92387132   -591.42791066   -596.70696137      63       0       0
   14      0.66192245   -591.42791066   -596.70696137      38       0       0
   15      0.37159302   -591.42791066   -596.70696137      20       0       0
   16      0.11457734   -594.14236838   -596.70696137       7       0       0
   17      1.92430650   -553.70634518   -596.70696137       0       0       1
   18     27.43679210   -151.96807096   -596.70696137       2       0      24
   19     46.00479677   -104.22609138   -596.70696138      22       0      94
   20     62.84782780    -78.81816148   -596.70696138      92       0     163
   21     67.00355471   -125.02310202   -596.70696138     150       0     127
   22     35.84320406   -156.29510662   -596.70696138     186       6      65
   23     19.25547650   -295.43713817   -596.70696138     157       6      25
   24      2.56449419   -583.72949362   -596.70696138     130       1       1
   25      1.77750621   -584.45673393   -596.70696138     129       0       0
   26      0.83270767   -588.55954822   -596.70696137      84       0       0
   27      0.14699703   -594.19050011   -596.70696136      26       0       0
   28      0.00000001   -596.70696137   -596.70696136       2       0       0
   29      0.00000001   -596.70696137   -596.70696136       0       0       0
   30      0.00000001   -596.70696137   -596.70696136       0       0       0
   31      0.00000001   -596.70696137   -596.70696136       0       0       0
   32      0.00000001   -596.70696137   -596.70696136       0       0       0
   33      0.00000001   -596.70696137   -596.70696136       0       0       0
   34      2.38703032   -543.27788487   -596.70696136       0       0       1
   35      4.62719372   -546.67418208   -596.70696138       1       0      13
   36     41.04975367    -80.68331659   -596.70696138      12       0      60
   37     46.05754822    -75.14757731   -596.70696137      53       0      80
   38     28.51647906   -183.01175466   -596.70696138      91       0     100
   39     44.84087518   -143.82419073   -596.70696138     115       0     118
   40     39.86199549   -148.38642422   -596.70696138     144       0      81
   41     43.83130509    -80.24363924   -596.70696138     142       1      42
   42     15.69597014   -264.46950285   -596.70696138     136       1       5
   43      1.39072888   -585.10362720   -596.70696138     108       0       0
   44      0.28133655   -593.45145526   -596.70696138      50       0       0
   45      0.00000001   -596.70696137   -596.70696137       5       0       0
   46      0.00000001   -596.70696137   -596.70696137       0       0       0
   47      0.00000001   -596.70696137   -596.70696137       0       0       0
   48      0.00000001   -596.70696137   -596.70696137       0       0       0
   49      0.00000001   -596.70696137   -596.70696137       0       0       0
   50      0.00000001   -596.70696137   -596.70696137       0       0       0
   51      0.09492669   -594.58221020   -596.70696137       0       0       1
   52     28.74200336   -159.04376175   -596.70696138       1       0      11
   53     35.47592379   -195.70283646   -596.70696138      11       0      43
   54     38.39283201    -49.90945439   -596.70696138      39       0      64
   55     38.68928371   -174.00123599   -596.70696138      65       0      71
   56     49.34580160    -62.14215850   -596.70696138      86       0      87
   57     57.50534167   -116.53862432   -596.70696138     114       0      95
   58     45.01152405   -103.74759491   -596.70696138     128       0      72
   59     24.54687092   -115.76976075   -596.70696137     128       0      44
   60     28.75658501   -179.91559479   -596.70696137     112       0      12
   61      0.77450920   -583.45158635   -596.70696138      70       0       0
   62      0.22717769   -592.31098450   -596.70696138       9       0       0
   63      0.00000001   -596.70696137   -596.70696138       2       0       0
   64      0.00000001   -596.70696137   -596.70696138       0       0       0
   65      0.00000001   -596.70696137   -596.70696138       0       0       0
   66      0.00000001   -596.70696137   -596.70696138       0       0       0
   67      0.00000001   -596.70696137   -596.70696138       0       0       0
   68      0.84597289   -577.77148745   -596.70696138       0       0       1
   69     21.06314202   -271.21667356   -596.70696138       1       0      11
   70     22.10579460   -299.04811315   -596.70696137      11       0      34
   71     32.82157467    -43.43088910   -596.70696138      33       0      50
   72     50.98002311   -132.96287120   -596.70696138      50       0      60
   73     31.24747003   -194.62070718   -596.70696138      69       0      67
   74     41.15845213    -70.01475060   -596.70696137      80       0      93
   75     36.60451590   -176.75714483   -596.70696137     113       0      71
   76     41.97130008   -112.62924640   -596.70696137     111       0      74
   77     36.17759697   -140.48502793   -596.70696138     115       0      34
   78      4.55174884   -531.25201084   -596.70696138      84       0       5
   79      0.64728083   -587.94979105   -596.70696135      37       0       0
   80      0.00000001   -596.70696137   -596.70696137       7       0       0
   81      0.00000001   -596.70696137   -596.70696137       0       0       0
   82      0.00000001   -596.70696137   -596.70696137       0       0       0
   83      0.00000001   -596.70696137   -596.70696137       0       0       0
   84      0.00000001   -596.70696137   -596.70696137       0       0       0
   85     11.05187869   -349.33194230   -596.70696137       0       0       1
   86     15.16096180   -273.46332559   -596.70696138       1       0      11
   87     29.92044102   -198.37716685   -596.70696138      10       0      32
   88     22.93143124   -259.29544874   -596.70696137      31       0      40
   89     21.99372541   -279.26300692   -596.70696136      45       0      50
   90     38.70290856   -159.97163674   -596.70696135      57       0      54
   91     48.43731376    -58.94900463   -596.70696138      61       0      76
   92     35.05167126   -214.38558729   -596.70696137      85       0      90
   93     51.00919368   -149.78921742   -596.70696138     111       0      73
   94     22.23850138   -321.83645115   -596.70696137     112       0      50
   95     12.14691841   -418.44174250   -596.70696137     108       0      20
   96     13.94944674   -291.69280257   -596.70696138      80       0       3
   97      0.19639737   -592.31098450   -596.70696138      18       0       0
   98      0.00000001   -596.70696137   -596.70696137       1       0       0
   99      0.00000001   -596.70696137   -596.70696137       0       0       0
  100      0.00000001   -596.70696137   -596.70696137       0       0       0
  101      0.00000001   -596.70696137   -596.70696137       0       0       0
  102      1.92112201   -553.70634517   -596.70696137       0       0       1
  103      4.64087287   -543.75113701   -596.70696138       1       0      11
  104     27.26479948   -219.73955517   -596.70696135      11       0      25
  105     36.57262397    -78.14087414   -596.70696138      21       0      39
  106     28.99077024   -303.25038666   -596.70696138      44       0      45
  107     40.51994904   -120.32986425   -596.70696136      51       0      45
  108     30.83587573   -156.33778716   -596.70696138      50       0      62
  109     39.46707091   -141.24966004   -596.70696136      75       0      82
  110     26.54633496   -218.70327783   -596.70696137      94       0      67
  111     55.48331483    -93.32368334   -596.70696138      96       0      66
  112     31.52526288   -149.23997597   -596.70696138      87       0      48
  113      4.92618837   -544.81166403   -596.70696137      72       0       9
  114      0.84454136   -588.55954821   -596.70696137      47       0       0
  115      0.00000001   -596.70696137   -596.70696136      11       0       0
  116      0.00000001   -596.70696137   -596.70696136       0       0       0
  117      0.00000001   -596.70696137   -596.70696136       0       0       0
  118      0.00000001   -596.70696137   -596.70696136       0       0       0
  119      6.48743931   -451.49812681   -596.70696136       0       0       1
  120     13.58993242   -309.25542977   -596.70696137       1       0      11
  121     25.67564427   -185.55006683   -596.70696138      11       0      21
  122     34.53185581   -195.87546594   -596.70696138      21       0      36
  123     36.23491523   -149.54632522   -596.70696138      35       0      45
  124     29.70727295   -131.38285363   -596.70696136      48       0      36
  125     41.62826939   -136.49891307   -596.70696137      44       0      61
  126     52.60071547   -148.69872211   -596.70696138      69       0      67
  127     38.44443372   -180.88805604   -596.70696137      78       0      70
  128     37.37879168   -214.90786066   -596.70696136      82       0      72
  129     39.08322805    -11.92076962   -596.70696138      97       0      50
  130     29.16059623   -213.30362768   -596.70696138      82       0      26
  131      9.99964363   -380.92379197   -596.70696135      54       0       4
  132      0.32647501   -590.55446650   -596.70696138      24       0       0
  133      0.00000001   -596.70696137   -596.70696137       3       0       0
  134      0.00000001   -596.70696137   -596.70696137       0       0       0
  135      0.00000001   -596.70696137   -596.70696137       0       0       0
  136      0.84897411   -577.70431106   -596.70696137       0       0       1
  137     15.78507206   -254.82853430   -596.70696138       1       0      11
  138     18.81497421   -311.56050660   -596.70696137      11       0      20
  139     34.18189153   -143.96442818   -596.70696137      20       0      34
  140     33.74205746   -138.76566031   -596.70696138      35       0      38
  141     31.60623087   -139.95221097   -596.70696138      41       0      35
  142     41.21969696   -117.47114015   -596.70696137      39       0      57
  143     39.40769097   -196.07056851   -596.70696137      56       0      60
  144     33.36855013   -163.60042924   -596.70696136      67       0      64
  145     38.52705457    -85.37693719   -596.70696137      74       0      71
  146     37.35304814   -160.53288744   -596.70696138      88       0      59
  147     32.14528419   -209.49294361   -596.70696137      90       0      36
  148     20.34607778   -340.81905424   -596.70696137      68       0      14
  149      0.21954931   -592.31098450   -596.70696136      30       0       0
  150      0.19639737   -592.31098450   -596.70696136       1       0       0
  151      0.00000001   -596.70696137   -596.70696135       1       0       0
  152      0.00000001   -596.70696137   -596.70696135       0       0       0
  153      2.05427109   -550.72605933   -596.70696135       0       0       1
  154     21.20177809   -223.04477426   -596.70696137       1       0      10
  155     22.55734673   -174.97274206   -596.70696137      10       0      20
  156     33.51042471   -133.23996066   -596.70696138      20       0      29
  157     28.39525950   -117.45490280   -596.70696137      32       0      38
  158     31.59786918   -208.90404295   -596.70696137      41       0      38
  159     37.57967446   -140.05651539   -596.70696138      51       0      53
  160     33.64278665   -170.35029151   -596.70696138      61       0      46
  161 366637804.32190847 8206480533.16495895   -596.70696138      62       0      65
  162     27.60874927   -301.80451723   -596.70696138      73       0      60
  163     48.52228626   -108.37471488   -596.70696138      80       0      72
  164     34.00210393   -136.31959272   -596.70696132      98       0      47
  165      5.97628223   -538.27313369   -596.70696138      89       0      20
  166      2.63220597   -553.70634517   -596.70696138      50       0       1
  167      0.09852679   -594.50162904   -596.70696137      13       0       0
  168      0.00000001   -596.70696138   -596.70696137       1       0       0
  169      0.00000001   -596.70696138   -596.70696137       0       0       0
  170      2.16525111   -548.24198535   -596.70696137       0       0       1
  171      3.39783927   -544.81166404   -596.70696137       1       0       9
  172     14.84709407   -305.21837733   -596.70696138       9       0      18
  173     28.42630284   -224.91377302   -596.70696138      18       0      26
  174     40.00258215   -125.18252601   -596.70696137      25       0      31
  175     32.48450714   -219.73679456   -596.70696138      36       0      45
  176     32.90699720   -261.29940703   -596.70696137      49       0      41
  177     46.00511840    -95.94945231   -596.70696137      47       0      50
  178     31.50795318   -166.85628297   -596.70696136      57       0      47
  179     44.76172661    -30.86021094   -596.70696137      61       0      66
  180     38.96675585   -162.04281391   -596.70696137      77       0      60
  181     47.00536295   -189.87319327   -596.70696138      71       0      69
  182     41.54717435   -189.69259973   -596.70696138      88       0      27
  183     17.14353774   -238.64359364   -596.70696138      63       0      10
  184      0.25610665   -592.31098450   -596.70696137      35       0       0
  185      0.00000001   -596.70696137   -596.70696138       3       0       0
  186      0.00000001   -596.70696137   -596.70696138       0       0       0
  187      1.63924440   -560.01563264   -596.70696138       0       0       1
  188     11.32219918   -355.51361066   -596.70696137       1       0       9
  189     19.40292583   -172.19478128   -596.70696137       9       0      16
  190     24.30841940    -69.77239888   -596.70696137      16       0      22
  191     30.43865941   -217.44310938   -596.70696137      23       0      35
  192     29.07983174   -149.67861570   -596.70696138      36       0      39
  193     39.66592024    -49.56225606   -596.70696138      43       0      38
  194     41.11863274   -111.68146777   -596.70696138      47       0      49
  195     28.92134399   -106.45094620   -596.70696138      53       0      43
  196     47.71353849   -155.87296881   -596.70696138      55       0      65
  197     35.20362688   -260.83515340   -596.70696138      67       0      57
  198     20.31288023   -255.11952355   -596.70696137      83       0      58
  199     34.37555641   -153.05314235   -596.70696137      74       0      46
  200     19.77306227   -207.03984278   -596.70696138      61       0      19
  201     13.42715448   -297.27602969   -596.70696134      36       0       3
  202      0.11242697   -594.19050011   -596.70696137       9       0       0
  203      0.00000001   -596.70696135   -596.70696138       1       0       0
  204      1.92112201   -553.70634517   -596.70696138       0       0       1
  205      6.12111434   -484.02207794   -596.70696137       1       0       9
  206     12.29226998   -336.63099755   -596.70696134       7       0      14
  207     20.16707041   -164.16612718   -596.70696137      14       0      23
  208     29.72020632   -135.43897080   -596.70696134      26       0      26
  209     35.03605566   -145.71133420   -596.70696138      31       0      41
  210     35.08887156   -208.76114724   -596.70696137      41       0      41
  211     18.96157047   -265.74941118   -596.70696137      50       0      44
  212     22.76859478   -244.73480104   -596.70696138      49       0      41
  213     37.84492576   -185.22942210   -596.70696138      54       0      51
  214     24.37260152   -304.22236967   -596.70696138      57       0      69
  215     28.75521808   -215.19571343   -596.70696137      71       0      59
  216     31.09735887   -144.60513765   -596.70696138      72       0      48
  217     30.49002918   -151.75393146   -596.70696137      71       0      29
  218      4.83304755   -506.61062079   -596.70696137      48       0       3
  219      2.02798216   -552.11600415   -596.70696137      11       0       1
  220      0.00000001   -596.70696137   -596.70696138       2       0       0
  221      2.19323960   -547.61551710   -596.70696138       0       0       1
  222     17.88318816   -201.14384197   -596.70696137       1       0       9
  223      5.26653209   -543.09758403   -596.70696137       9       0      11
  224     27.86636159   -153.73629795   -596.70696138      11       0      22
  225     30.41081481   -108.05103093   -596.70696138      22       0      27
  226     41.10481932   -102.78671671   -596.70696137      29       0      37
  227     24.64120715    -83.95417354   -596.70696138      37       0      39
  228     36.47692856   -168.78797225   -596.70696137      44       0      43
  229     21.83088676   -292.73604794   -596.70696137      47       0      42
  230     45.25632220    -29.04587200   -596.70696138      51       0      55
  231     44.48470833   -125.83516312   -596.70696138      62       0      52
  232     37.05405742   -238.07509903   -596.70696138      72       0      64
  233     43.05200907   -112.99010552   -596.70696138      78       0      55
  234     22.29088059   -311.84672822   -596.70696138      71       0      33
  235      5.06842097   -543.97089019   -596.70696136      46       0       9
  236      0.68052815   -585.75403625   -596.70696136      17       0       1
  237      0.00000001   -596.70696138   -596.70696138       5       0       0
  238      1.92112201   -553.70634518   -596.70696138       0       0       1
  239     24.13637021   -248.62208112   -596.70696138       1       0       9
  240     22.21952740   -108.10084791   -596.70696138       9       0      10
  241     20.86424458   -175.91786010   -596.70696136      10       0      21
  242     19.83825973   -294.82507480   -596.70696138      21       0      27
  243     31.60689959   -114.74462262   -596.70696138      27       0      34
  244     43.83837898    -59.96409971   -596.70696137      37       0      37
  245     41.83930923   -160.48827440   -596.70696135      40       0      41
  246     35.22516407   -163.63253586   -596.70696138      44       0      42
  247     28.58538642   -280.92937541   -596.70696135      50       0      44
  248     27.24608699   -259.16785889   -596.70696138      55       0      57
  249     34.11703145   -150.55458590   -596.70696137      67       0      64
  250     33.58233291   -250.38654065   -596.70696137      80       0      58
  251     40.33052487   -148.09435688   -596.70696136      83       0      42
  252     21.96304118   -255.50292364   -596.70696138      76       0      10
  253     13.36359849   -305.18975154   -596.70696137      27       0       3
  254      0.00000001   -596.70696138   -596.70696137       9       0       0
  255      1.92112201   -553.70634518   -596.70696137       0       0       1
  256     27.41613542   -184.48346415   -596.70696138       1       0       9
  257     10.89051743   -373.42648796   -596.70696137       9       0       9
  258     22.38602103   -239.10219984   -596.70696137       9       0      22
  259     20.85582238   -340.41091127   -596.70696137      22       0      25
  260     34.96839126   -138.51190107   -596.70696137      30       0      32
  261     29.43414866   -171.82447271   -596.70696137      34       0      33
  262     30.91431314   -141.82714597   -596.70696138      36       0      39
  263     35.27402718   -152.97439130   -596.70696137      48       0      43
  264     21.29015241   -278.12747307   -596.70696137      53       0      39
  265     29.21990321   -163.86899879   -596.70696138      46       0      51
  266     52.12956950    -38.14102012   -596.70696137      59       0      60
  267     26.41739684    -72.34729433   -596.70696137      71       0      55
  268     40.91544716   -106.24665294   -596.70696137      71       0      53
  269     30.60139752   -138.36516134   -596.70696135      71       0      25
  270      4.00159838   -551.44890368   -596.70696137      44       0       4
  271      0.51839770   -585.10362719   -596.70696137      11       0       0
  272      0.14544500   -593.45145526   -596.70696138       1       0       1
  273      2.93765845   -552.11600415   -596.70696137       1       0       8
  274      5.39383718   -543.27788487   -596.70696137       8       0      10
  275     17.69489401   -268.88077596   -596.70696137      10       0      18
  276     24.14255203   -178.96697971   -596.70696138      18       0      26
  277     35.06232371   -138.10466475   -596.70696137      26       0      29
  278     22.99981165   -218.94401756   -596.70696137      32       0      31
  279     32.35388143   -252.86801237   -596.70696136      31       0      35
  280     31.98128065   -216.09587748   -596.70696137      34       0      47
  281     37.52589029   -124.25986369   -596.70696137      55       0      41
  282     26.24931225   -294.27012142   -596.70696137      53       0      42
  283     28.96356280   -216.21574220   -596.70696138      49       0      57
  284     41.19628821   -150.29391897   -596.70696137      65       0      51
  285     38.76339220    -88.83377995   -596.70696138      64       0      65
  286     37.28395834   -178.07948897   -596.70696138      76       0      32
  287     21.72356028   -182.89155322   -596.70696137      62       0       7
  288      0.47505035   -590.39960882   -596.70696138      31       0       0
  289      1.68348808   -559.02532307   -596.70696138       6       0       1
  290      3.88057978   -543.09758403   -596.70696137       1       0       8
  291      5.02241813   -543.09758403   -596.70696138       8       0      10
  292      4.36968305   -543.27788487   -596.70696137      11       0      16
  293     14.30887699   -311.78403740   -596.70696138      19       0      25
  294     33.80669024   -109.61111391   -596.70696136      24       0      32
  295     38.87036851      2.59099165   -596.70696138      32       0      27
  296     16.56890248   -283.51010489   -596.70696136      33       0      32
  297     34.94471365   -130.95427060   -596.70696137      33       0      43
  298     23.92738257   -196.02709383   -596.70696137      41       0      44
  299     18.66015619   -251.64871458   -596.70696137      57       0      40
  300     40.90382170   -192.34220847   -596.70696136      54       0      52
  301     33.29723916   -200.08135554   -596.70696138      56       0      52
  302     40.15726700    -17.21041901   -596.70696137      65       0      49
  303     20.39418541   -258.65800743   -596.70696137      61       0      47
  304     15.25608667   -286.00181825   -596.70696138      66       0      20
  305     18.46645002   -183.84441076   -596.70696137      45       0       2
  306      1.79683472   -556.48827682   -596.70696138      11       0       1
  307      3.16249981   -548.24198536   -596.70696138       1       0       7
  308     22.66482196    -96.69137943   -596.70696137       7       0       8
  309     17.77415035   -293.79238173   -596.70696138       8       0      19
  310     13.05357390   -330.10725153   -596.70696138      20       0      23
  311     14.98251122   -422.18337282   -596.70696138      24       0      31
  312     39.99241671   -107.53732487   -596.70696138      33       0      29
  313     23.99893493   -135.63646977   -596.70696138      30       0      31
  314     31.63493994   -172.72216806   -596.70696137      33       0      32
  315     32.93176331   -154.50208400   -596.70696138      42       0      44
  316     29.57647798   -227.19916706   -596.70696138      48       0      50
  317     33.31095625   -174.04474005   -596.70696138      53       0      36
  318     38.98522067   -159.65128900   -596.70696137      47       0      55
  319     37.90989931   -113.76276728   -596.70696137      55       0      47
  320     14.70062966   -350.76937536   -596.70696137      57       0      47
  321      8.28316151   -516.29022253   -596.70696138      63       0      33
  322      4.53484218   -543.27788486   -596.70696135      49       0       7
  323      1.85199585   -555.25360114   -596.70696138      21       0       1
  324     15.61175590   -264.69777477   -596.70696138       1       0       7
  325     20.69439485   -137.22325588   -596.70696138       7       0       7
  326     20.04977525   -314.12491092   -596.70696137       7       0      18
  327     15.74964686   -351.07114587   -596.70696135      18       0      24
  328     24.84332126   -251.24528435   -596.70696137      26       0      29
  329     29.70868625   -223.29405796   -596.70696137      30       0      27
  330     18.94097128   -328.79459579   -596.70696137      29       0      30
  331     42.26893291   -118.86944016   -596.70696135      34       0      33
  332     23.39700202   -332.07588381   -596.70696137      35       0      43
  333     15.55197707   -314.70371114   -596.70696137      48       0      45
  334     26.94954268   -210.96827978   -596.70696137      59       0      39
  335     39.46049027   -156.54430947   -596.70696135      48       0      51
  336     39.11291811   -177.76259263   -596.70696138      57       0      44
  337     30.12981692   -264.74682776   -596.70696135      57       0      50
  338     35.29951963   -165.80878591   -596.70696138      66       0      41
  339     20.65062364   -207.69851159   -596.70696138      51       0      11
  340      0.23585012   -591.42791066   -596.70696137      28       0       1
  341      2.18657737   -553.70634518   -596.70696137       1       0       7
  342      6.23550038   -468.16048027   -596.70696137       7       0       7
  343     21.37652680   -246.32013294   -596.70696137       8       0      14
  344     41.13745939   -123.13577910   -596.70696138      13       0      28
  345     29.69214721    -77.68010982   -596.70696138      29       0      24
  346     25.43072346   -240.50820477   -596.70696137      22       0      30
  347     32.76852735    -69.89231557   -596.70696138      33       0      31
  348     16.09493780   -333.96537545   -596.70696138      34       0      26
  349     35.94658576    -60.11359908   -596.70696138      29       0      39
  350     28.96841477   -252.19159689   -596.70696134      39       0      46
  351     31.71765330   -156.61595489   -596.70696138      48       0      43
  352     34.12404062    -98.61749597   -596.70696138      51       0      43
  353     43.44593946   -121.13069227   -596.70696137      55       0      47
  354     42.64116678   -133.73780787   -596.70696138      58       0      49
  355     29.48626691   -122.41719104   -596.70696138      60       0      43
  356     23.60347656   -219.73120696   -596.70696137      58       0      22
  357      1.88631774   -559.59866170   -596.70696138      41       0       1
  358     25.88178148   -153.38379587   -596.70696138      12       0       6
  359      4.19896980   -538.27313370   -596.70696138       6       0       8
  360     29.78398706   -183.26115551   -596.70696137       7       0      14
  361     21.49620602   -226.27801969   -596.70696134      16       0      26
  362     26.81276303   -207.54983052   -596.70696138      25       0      25
  363     24.41681001   -207.92064005   -596.70696135      27       0      28
  364     16.47042297   -307.03401433   -596.70696136      31       0      32
  365     24.37270388   -130.66924975   -596.70696135      33       0      26
  366     46.75285074    -50.80178239   -596.70696136      36       0      36
  367     39.00187318    -53.20805903   -596.70696136      36       0      39
  368     56.29253499    -33.23740169   -596.70696135      40       0      48
  369     41.46336229    -92.90527994   -596.70696137      54       0      38
  370     36.97723354   -178.90467292   -596.70696138      47       0      43
  371     43.26107273   -131.78402699   -596.70696138      53       0      52
  372     19.90627731   -263.77496810   -596.70696137      55       0      41
  373     19.75368371   -308.97062927   -596.70696138      59       0      31
  374     20.86854041   -161.91809312   -596.70696137      49       0       7
  375     12.92964354   -338.30872951   -596.70696138      15       0       6
  376      7.24177431   -441.77428061   -596.70696138       9       0       7
  377     18.09378767   -299.78112372   -596.70696137       7       0      15
  378     36.31989863    -48.35691747   -596.70696137      15       0      25
  379     30.22111396   -151.13658153   -596.70696137      25       0      22
  380     35.33315304   -202.33882840   -596.70696138      26       0      29
  381     45.49157630   -111.36182249   -596.70696137      31       0      27
  382     24.30641590   -118.07168360   -596.70696138      31       0      33
  383     47.06382478   -109.09753027   -596.70696138      35       0      35
  384     38.40033569    -98.34298020   -596.70696138      44       0      33
  385     43.94139984   -150.83240904   -596.70696138      41       0      48
  386     36.55083970    -56.92238394   -596.70696138      51       0      37
  387     35.47390370   -113.25412058   -596.70696138      52       0      45
  388     33.89694283    -80.06966842   -596.70696137      53       0      41
  389     39.29592601   -124.57674827   -596.70696138      57       0      45
  390     30.19374665   -184.13470811   -596.70696138      54       0      40
  391      4.45613661   -550.48641749   -596.70696137      51       0       9
  392      8.91906011   -428.74112930   -596.70696136      25       0       9
  393     10.07208009   -389.93942742   -596.70696137      12       0       7
  394     18.13087247   -329.91024769   -596.70696137       9       0      15
  395     21.38432749   -265.03461756   -596.70696137      16       0      21
  396     27.76234594   -149.33475557   -596.70696138      21       0      24
  397     21.48890662   -273.67234168   -596.70696137      23       0      26
  398     25.79953018   -220.87704162   -596.70696137      30       0      29
  399     17.79417542   -293.26346763   -596.70696137      33       0      28
  400     23.34954445   -207.40525512   -596.70696137      32       0      34
  401     34.46722751    -76.84816048   -596.70696137      38       0      34
  402     53.58700846   -118.33037946   -596.70696137      45       0      43
  403     41.47579643   -126.29793444   -596.70696138      53       0      41
  404      9.59589728   -471.11777775   -596.70696136      52       0      41
  405     25.87121033   -217.69997988   -596.70696138      47       0      41
  406     28.46884965   -175.40391524   -596.70696137      49       0      49
  407     32.16648800   -132.75718408   -596.70696137      60       0      38
  408      7.70380772   -488.46545012   -596.70696138      51       0      16
  409      8.77578228   -452.08638522   -596.70696137      30       0      12
  410      4.35516967   -540.32242257   -596.70696137      15       0       7
  411     22.85001932   -111.84152597   -596.70696137       8       0      15
  412     21.34218350   -320.28922749   -596.70696136      13       0      22
  413     18.05660630   -318.91481319   -596.70696138      25       0      21
  414     21.84687301   -152.66141253   -596.70696138      26       0      25
  415     22.15706154   -127.55535451   -596.70696138      28       0      30
  416     21.64333415   -276.70769512   -596.70696138      32       0      24
  417     31.31394667   -181.22336313   -596.70696138      27       0      31
  418     26.36920850   -130.61477643   -596.70696137      35       0      31
  419     32.17620523   -277.53110592   -596.70696136      34       0      47
  420     31.12944110   -155.97101278   -596.70696138      51       0      42
  421     33.85671639   -163.18533868   -596.70696138      53       0      41
  422     22.60539890   -173.95425046   -596.70696138      51       0      36
  423     33.29863177   -128.80362157   -596.70696138      54       0      47
  424     40.17807632   -158.87656976   -596.70696138      52       0      47
  425     14.72824859   -319.84210291   -596.70696138      60       0      20
  426     19.56340214   -241.61405700   -596.70696138      37       0      13
  427     22.78115419    -95.77606838   -596.70696138      20       0       8
  428      3.89133131   -543.97089019   -596.70696137       9       0      14
  429      9.63755255   -424.75045317   -596.70696138      14       0      18
  430     26.78724126   -268.97429752   -596.70696137      19       0      22
  431     26.83165402   -201.83985816   -596.70696138      24       0      27
  432      8.69235996   -521.95790364   -596.70696137      28       0      27
  433     16.92618994   -400.16614541   -596.70696137      35       0      27
  434     35.91704585   -109.10236973   -596.70696138      33       0      31
  435     34.40499649   -101.80826322   -596.70696138      33       0      25
  436     25.58418714   -249.90811403   -596.70696137      31       0      41
  437     25.26893164   -136.93809868   -596.70696137      47       0      41
  438     27.01974783   -153.82911525   -596.70696137      52       0      46
  439     46.63660303    -81.31008665   -596.70696138      59       0      37
  440     29.62506571   -156.04104093   -596.70696138      42       0      46
  441     28.49979001   -167.05446543   -596.70696138      54       0      42
  442     31.73290802    -79.27555674   -596.70696134      51       0      31
  443      6.36285238   -543.97089019   -596.70696137      40       0      16
  444      3.86114744   -543.97089018   -596.70696137      24       0       9
  445     14.63170346   -377.39253710   -596.70696138      14       0      13
  446     11.74721273   -421.98122513   -596.70696137      13       0      17
  447     30.89891389   -126.92898376   -596.70696137      16       0      21
  448     24.19965187   -149.44178958   -596.70696137      22       0      21
  449     35.84337910   -120.00280700   -596.70696138      27       0      33
  450      8.83426755   -466.53700456   -596.70696137      33       0      25
  451      7.51989274   -542.83935593   -596.70696138      28       0      29
  452     28.66962508   -177.48522149   -596.70696138      31       0      28
  453     35.32580365   -182.13800611   -596.70696137      30       0      35
  454     46.00378569   -147.07853005   -596.70696138      36       0      35
  455     54.14749580   -120.75034196   -596.70696137      41       0      56
  456     42.26603976    -61.21131981   -596.70696138      57       0      37
  457     38.58162803   -100.65731433   -596.70696138      52       0      38
  458     38.75137788   -131.88553848   -596.70696138      48       0      48
  459     34.33768960   -120.15918819   -596.70696138      55       0      33
  460     20.90717985   -276.99854043   -596.70696138      44       0      22
  461      4.31193432   -548.13413295   -596.70696138      31       0       9
  462      4.69874402   -543.09758403   -596.70696138      15       0      13
  463     14.91088390   -279.13646469   -596.70696137      14       0      14
  464     10.88273012   -412.08015983   -596.70696137      15       0      21
  465     17.05061482   -368.94586726   -596.70696136      20       0      24
  466     16.81308339   -355.48990555   -596.70696138      27       0      29
  467     40.34762283    -69.34693755   -596.70696137      31       0      27
  468     24.74042535   -117.58282378   -596.70696138      32       0      28
  469     16.14710320   -257.43993446   -596.70696138      34       0      27
  470     18.32975700   -279.24386177   -596.70696138      31       0      32
  471     42.24140722    -76.53862924   -596.70696137      34       0      38
  472     39.31150832   -100.41426020   -596.70696137      42       0      47
  473     34.43182580   -126.95020101   -596.70696137      58       0      41
  474     21.81484734   -334.37166799   -596.70696137      51       0      40
  475     28.41378980   -231.47624410   -596.70696138      52       0      45
  476     32.49105135   -119.06845678   -596.70696137      45       0      37
  477      6.50301542   -538.27313370   -596.70696138      47       0      23
  478     21.43915054   -153.07893792   -596.70696138      33       0      13
  479     17.54182329   -223.03062546   -596.70696138      16       0      13
  480     18.58071733   -250.44687932   -596.70696138      15       0      15
  481      7.77163821   -483.76584998   -596.70696138      18       0      19
  482     20.28186877   -272.55800415   -596.70696136      20       0      23
  483     21.81930807   -174.51611116   -596.70696136      25       0      24
  484     23.36831309   -151.15245099   -596.70696136      26       0      33
  485     28.12383996   -162.68436796   -596.70696136      37       0      26
  486      9.65344421   -470.24153799   -596.70696136      30       0      29
  487     22.74989298   -220.90289592   -596.70696137      37       0      27
  488     30.27370319    -48.45453772   -596.70696138      29       0      35
  489     39.24744117   -187.98646906   -596.70696136      37       0      46
  490     31.43378201   -180.26354336   -596.70696138      50       0      41
  491     34.61748096   -167.54702445   -596.70696136      51       0      45
  492     54.86280958    -14.35186686   -596.70696138      49       0      43
  493     36.73884272   -105.29988881   -596.70696138      50       0      38
  494     28.84969695   -181.50757525   -596.70696138      48       0      29
  495      4.38163070   -542.83935593   -596.70696138      41       0      12
  496     11.05600483   -386.19020060   -596.70696137      19       0      14
  497      5.55797666   -542.83935593   -596.70696138      17       0      13
  498     16.80392348   -242.05610589   -596.70696137      14       0      20
  499     21.48522099   -154.00474957   -596.70696135      22       0      22
  500     13.43739053   -326.11314161   -596.70696138      25       0      22
  501     22.71899716   -134.26468801   -596.70696138      26       0      35
  502     28.01446005   -278.84298360   -596.70696138      33       0      23
  503     30.12797776   -245.87120774   -596.70696138      26       0      33
  504     35.52794912   -124.40376586   -596.70696137      38       0      27
  505     33.11904398   -166.58865250   -596.70696138      33       0      30
  506     40.73029209   -110.22197553   -596.70696134      36       0      44
  507     31.24304826   -200.45980476   -596.70696138      47       0      46
  508     45.97453591    -92.57691014   -596.70696137      53       0      44
  509     33.35417042   -134.70405254   -596.70696138      52       0      35
  510     35.17863621   -108.42632432   -596.70696138      44       0      40
  511     38.30797112   -185.60135587   -596.70696137      49       0      35
  512     15.32439667   -341.30564956   -596.70696135      42       0      15
  513     13.56480894   -388.65263424   -596.70696137      30       0      15
  514     27.14170489   -156.16408658   -596.70696138      18       0      12
  515     14.40433004   -311.00924793   -596.70696137      12       0      19
  516     17.94051711   -229.63226854   -596.70696137      19       0      20
  517     24.56264404   -292.67727956   -596.70696138      21       0      25
  518     42.63901115    -42.88672274   -596.70696137      25       0      36
  519     18.19972106   -250.67471080   -596.70696137      38       0      20
  520     27.01184101   -162.77073319   -596.70696138      25       0      29
  521     22.51962554   -171.35664774   -596.70696137      31       0      32
  522     23.16141699   -115.74216414   -596.70696137      33       0      31
  523     26.00983981   -120.76219226   -596.70696137      40       0      36
  524     40.21588627   -146.35136066   -596.70696138      44       0      48
  525     35.71989517   -207.87841264   -596.70696137      52       0      41
  526     24.23160645   -169.68000617   -596.70696138      51       0      38
  527     26.81345390   -136.74638293   -596.70696137      47       0      38
  528     24.56581023   -258.50635695   -596.70696138      43       0      37
  529     27.55689593    -77.65583194   -596.70696138      48       0      20
  530     33.23992976    -43.67872315   -596.70696135      34       0      18
  531     11.68151080   -352.82963717   -596.70696137      21       0      12
  532     21.59511473   -206.87640708   -596.70696137      13       0      18
  533     10.06420253   -434.61888633   -596.70696137      20       0      21
  534     12.96410730   -398.58741001   -596.70696137      21       0      20
  535     35.72017665   -141.03606935   -596.70696138      22       0      38
  536     32.60810425   -163.19827681   -596.70696137      36       0      20
  537     34.29815377   -127.03172374   -596.70696138      27       0      29
  538     25.18006327   -242.83362172   -596.70696138      33       0      28
  539     24.51219674   -213.78774457   -596.70696137      35       0      29
  540     37.62144256   -100.80705293   -596.70696137      32       0      40
  541     35.56688181   -150.59835024   -596.70696137      44       0      39
  542     40.74571325   -104.55303481   -596.70696137      43       0      49
  543     32.31030491   -127.22795669   -596.70696137      58       0      38
  544     26.63535700   -213.99269463   -596.70696137      50       0      32
  545     43.72888799    -95.43017111   -596.70696138      52       0      40
  546     27.44990987   -232.21543948   -596.70696136      47       0      27
  547     10.81076584   -393.97219655   -596.70696138      34       0      20
  548      9.90923051   -385.60705394   -596.70696138      28       0      10
  549     15.85040328   -273.00787620   -596.70696136      12       0      18
  550     34.69726367    -62.07941761   -596.70696137      19       0      22
  551     23.52288590   -179.99638380   -596.70696138      22       0      19
  552     30.54017333   -164.41725658   -596.70696137      22       0      35
  553     25.07101663   -161.44404393   -596.70696138      33       0      21
  554     13.77139213   -425.19015573   -596.70696137      30       0      28
  555     33.42094949   -132.28041282   -596.70696136      31       0      30
  556     36.16872265    -49.10762436   -596.70696136      35       0      27
  557     24.02070630   -152.24813140   -596.70696138      29       0      37
  558     24.68794769   -278.21974803   -596.70696138      40       0      37
  559     40.19912219   -201.08842182   -596.70696137      42       0      48
  560     35.39238219   -212.55869589   -596.70696137      54       0      35
  561     18.84780220   -262.07266733   -596.70696137      51       0      35
  562     30.07093315   -206.43535640   -596.70696138      44       0      44
  563     17.65184636   -293.19304079   -596.70696137      50       0      29
  564     31.82232109   -125.73457450   -596.70696136      34       0      23
  565      3.77244037   -553.17183832   -596.70696137      30       0      12
  566     27.67259380   -156.97544090   -596.70696136      14       0      16
  567     20.79377489   -282.99565722   -596.70696138      16       0      23
  568     18.36120022   -339.37348432   -596.70696138      22       0      21
  569     18.44754456   -202.72307184   -596.70696135      24       0      26
  570     10.58692463   -427.98335278   -596.70696138      26       0      25
  571     19.02813328   -236.44747866   -596.70696138      31       0      27
  572      8.02211234   -499.36108567   -596.70696138      31       0      31
  573     38.04800813   -128.43930770   -596.70696138      34       0      28
  574     31.48815420   -153.69621688   -596.70696138      34       0      34
  575     25.23472328   -231.04274212   -596.70696136      37       0      35
  576     53.67204986    -37.84406013   -596.70696138      40       0      45
  577     26.94714682    -52.39561598   -596.70696138      55       0      37
  578     36.29652772   -144.43067898   -596.70696138      47       0      37
  579     31.48657417   -175.58927881   -596.70696136      43       0      46
  580     33.26312929    -84.16371539   -596.70696137      47       0      29
  581     23.57761066   -228.21203810   -596.70696138      45       0      26
  582     27.21321580   -291.18601157   -596.70696137      33       0      14
  583     20.22102670   -271.52126361   -596.70696138      18       0      17
  584     21.06895588   -207.01118076   -596.70696137      20       0      18
  585     22.11457787   -241.22888579   -596.70696138      18       0      24
  586     41.23622962    -83.49876076   -596.70696138      29       0      23
  587     26.63454391   -206.79558146   -596.70696138      23       0      24
  588     18.57207881   -245.04150577   -596.70696138      30       0      29
  589     15.55986087   -314.73636482   -596.70696138      28       0      28
  590      9.87359230   -441.31081659   -596.70696137      30       0      30
  591     18.39648643   -274.54163404   -596.70696137      35       0      33
  592     22.71094185   -232.95169993   -596.70696137      37       0      29
  593     38.41447428   -168.25716103   -596.70696138      36       0      45
  594     33.45426261   -124.23048411   -596.70696137      45       0      42
  595     32.18904070    -77.62037184   -596.70696138      55       0      37
  596     28.25675124    -69.18787235   -596.70696137      47       0      42
  597     23.82904956   -210.29277380   -596.70696137      53       0      34
  598     33.92425439    -98.96456233   -596.70696137      42       0      26
  599     26.91289938   -128.03055733   -596.70696137      34       0      18
  600     31.84237892   -156.01081734   -596.70696138      28       0      18
  601      7.69642396   -467.74860692   -596.70696137      21       0      13
  602      6.76409593   -543.27788486   -596.70696138      17       0      27
  603     31.29429525    -62.06026797   -596.70696138      26       0      21
  604     26.76153720   -275.10451052   -596.70696137      27       0      26
  605     19.46555669   -274.94906504   -596.70696138      31       0      30
  606     44.59019287   -133.48496689   -596.70696137      31       0      24
  607     33.43829095   -173.22045557   -596.70696138      31       0      33
  608      9.39377764   -430.19169171   -596.70696138      38       0      24
  609     31.18580308   -245.71191450   -596.70696138      33       0      37
  610     32.25242021   -174.28650440   -596.70696138      39       0      39
  611     25.00854940   -190.36158724   -596.70696137      48       0      39
  612     27.23810592   -131.74420920   -596.70696138      48       0      39
  613     15.01765628   -329.02391464   -596.70696138      48       0      41
  614     25.81225672   -223.26632809   -596.70696138      53       0      42
  615     26.82101800   -161.22738019   -596.70696138      51       0      19
  616     26.97098998   -154.11376792   -596.70696138      38       0      27
  617     18.18471784   -258.25710036   -596.70696138      32       0      15
  618      6.27794343   -542.83935593   -596.70696137      20       0      16
  619     32.57055137    -52.00041834   -596.70696138      19       0      21
  620     32.88766775   -224.79701071   -596.70696138      21       0      25
  621     26.02466913   -236.85489463   -596.70696137      29       0      27
  622      7.36245104   -542.83935593   -596.70696138      32       0      26
  623     22.09812688   -149.77727638   -596.70696137      28       0      25
  624     32.53953362    -74.65986369   -596.70696137      32       0      28
  625     42.65164413    -71.16551296   -596.70696138      33       0      30
  626     31.70568223   -136.87635937   -596.70696136      34       0      31
  627     28.87240627   -202.93695428   -596.70696138      38       0      37
  628     30.79373823   -150.17401394   -596.70696138      37       0      41
  629     47.67405742    -47.01337053   -596.70696137      47       0      41
  630     30.41649999   -170.75743288   -596.70696137      50       0      39
  631     29.91645939   -168.08730971   -596.70696137      46       0      35
  632     26.95469444   -162.67787154   -596.70696138      36       0      33
  633     26.87672715   -228.77085956   -596.70696137      44       0      27
  634     12.43720713   -387.64641832   -596.70696138      33       0      15
  635     17.67543446   -327.94887906   -596.70696137      24       0      17
  636     23.07570817   -254.96101199   -596.70696138      18       0      19
  637     19.60847150   -186.84060663   -596.70696137      23       0      23
  638     42.86253831   -164.27636950   -596.70696137      24       0      29
  639     35.81791062   -137.18218392   -596.70696137      28       0      27
  640     33.35921495   -102.64210433   -596.70696137      32       0      23
  641     21.60372741   -146.61078104   -596.70696138      25       0      28
  642     27.61695108   -264.87558316   -596.70696138      31       0      30
  643     24.87697203   -122.28950582   -596.70696137      34       0      33
  644     41.84040183   -144.76462213   -596.70696138      35       0      32
  645     33.20216932   -116.16597860   -596.70696137      41       0      43
  646     40.67048404   -134.61557877   -596.70696137      45       0      38
  647     26.55588943   -137.15926809   -596.70696138      46       0      44
  648     12.34816553   -415.20407757   -596.70696138      51       0      30
  649     28.27952265   -226.57109561   -596.70696138      50       0      37
  650     24.13823396   -213.60416124   -596.70696136      45       0      25
  651     13.31950608   -347.63970012   -596.70696137      39       0      20
  652     30.51515945   -164.37312269   -596.70696137      27       0      16
  653     12.77887488   -340.05934043   -596.70696136      17       0      22
  654     14.10844065   -306.85736653   -596.70696138      21       0      21
  655     32.05939085   -197.42827733   -596.70696138      23       0      30
  656     32.54848855   -135.15592577   -596.70696136      30       0      26
  657     32.49852438    -97.93782869   -596.70696137      33       0      18
  658     23.22095887   -258.41808050   -596.70696137      24       0      32
  659     17.78920333   -265.77631773   -596.70696137      32       0      29
  660     36.16517934   -101.09634132   -596.70696138      28       0      29
  661     39.34462716   -123.40693419   -596.70696137      37       0      36
  662     44.51153143    -97.17343940   -596.70696137      42       0      38
  663     33.89506969   -239.33934038   -596.70696137      43       0      36
  664     20.96345713   -285.78497389   -596.70696137      38       0      41
  665     19.93184877   -316.47553986   -596.70696138      46       0      37
  666     37.62615611   -133.06747653   -596.70696138      44       0      31
  667     28.72213455   -150.18823624   -596.70696138      37       0      34
  668     16.71964251   -263.42143080   -596.70696137      42       0      23
  669     25.68638768   -128.48134543   -596.70696138      28       0      17
  670     21.86156686   -252.10041200   -596.70696138      20       0      20
  671   1145.50455512  25037.87563509   -596.70696138      20       0      20
  672     15.35633282   -320.04377219   -596.70696138      22       0      29
  673     39.93182440   -159.68337702   -596.70696138      28       0      25
  674     20.21529319   -307.90133508   -596.70696138      31       0      21
  675     17.23668386   -351.10842935   -596.70696138      24       0      33
  676     17.17541160   -275.81844302   -596.70696138      29       0      24
  677     12.68632717   -373.30798013   -596.70696137      34       0      29
  678     21.83944376   -194.88808793   -596.70696138      33       0      38
  679     39.28024553   -199.19621403   -596.70696138      42       0      38
  680     32.78634913    -58.19023959   -596.70696138      43       0      35
  681     38.01608943   -129.90319008   -596.70696138      39       0      40
  682     41.55077123   -135.23990659   -596.70696137      40       0      35
  683     25.17952604   -246.02612464   -596.70696137      39       0      34
  684     20.81659486   -281.27252352   -596.70696137      40       0      34
  685     26.26788392   -178.34114937   -596.70696137      41       0      26
  686     34.22432275   -108.78745339   -596.70696138      30       0      19
  687     19.07179526   -184.53573801   -596.70696138      23       0      18
  688     26.66923834    -67.20214560   -596.70696138      24       0      18
  689     37.59880612   -139.52740058   -596.70696138      22       0      30
  690     23.07516026   -283.48324020   -596.70696137      27       0      26
  691     16.92216381   -299.58465229   -596.70696137      32       0      22
  692     36.01885314   -187.82759977   -596.70696138      27       0      30
  693     28.87643084   -116.00525468   -596.70696138      31       0      22
  694     21.16007211   -201.84322787   -596.70696137      24       0      33
  695     28.62982213   -285.25487258   -596.70696136      34       0      35
  696     21.78608226   -312.22918868   -596.70696137      40       0      38
  697     22.90128291   -268.18159268   -596.70696137      42       0      38
  698     39.75745375   -186.02822059   -596.70696138      45       0      38
  699     14.75498664   -340.53471395   -596.70696137      48       0      31
  700     31.46613091   -162.25334575   -596.70696138      37       0      34
  701     39.06465880   -130.18333736   -596.70696137      43       0      40
  702     30.93005387    -57.92816222   -596.70696137      39       0      25
  703     17.41427469   -291.97364598   -596.70696138      36       0      18
  704     19.92724538   -176.16254281   -596.70696137      21       0      19
  705     33.13487349   -155.51405393   -596.70696138      18       0      21
  706     36.48607104    -70.25657759   -596.70696137      21       0      25
  707     17.66755572   -268.89508524   -596.70696138      28       0      27
  708     30.38410981   -142.36006560   -596.70696138      27       0      25
  709     37.86628589   -156.74714721   -596.70696138      31       0      28
  710     30.48100583   -159.93370050   -596.70696138      31       0      24
  711      9.48386065   -462.78085229   -596.70696137      29       0      26
  712     30.25072413   -184.07691739   -596.70696138      27       0      38
  713     27.49637370   -179.86162484   -596.70696137      35       0      35
  714     29.87849672   -139.32260170   -596.70696137      42       0      38
  715     44.48051354   -101.27066172   -596.70696137      41       0      39
  716     20.23007179   -212.20919860   -596.70696138      42       0      33
  717     11.74422302   -425.83147743   -596.70696138      42       0      35
  718     26.91704433   -121.53012352   -596.70696138      40       0      38
  719     36.18789272     -6.10234968   -596.70696136      40       0      29
  720     24.63736957   -280.58487147   -596.70696137      41       0      21
  721     26.12886022   -125.93393436   -596.70696137      27       0      16
  722      9.09927771   -498.52766273   -596.70696137      21       0      21
  723      6.73086456   -543.27788487   -596.70696137      20       0      26
  724     24.74868393   -259.27016995   -596.70696138      29       0      25
  725     31.60750113   -114.01959582   -596.70696138      26       0      23
  726     13.72726806   -419.47394947   -596.70696137      24       0      30
  727     38.64045463    -84.99919555   -596.70696137      32       0      25
  728     31.50397317   -147.76243832   -596.70696138      31       0      27
  729     35.20722001   -126.24237699   -596.70696137      30       0      32
  730     40.56630134   -177.43953941   -596.70696136      37       0      42
  731     45.01784972   -133.49902101   -596.70696138      42       0      32
  732     46.90948430    -86.63937689   -596.70696136      33       0      39
  733     30.80628783   -253.00291183   -596.70696136      48       0      34
  734     20.62814086   -164.17242100   -596.70696138      42       0      34
  735     22.65993949   -237.23280175   -596.70696137      41       0      34
  736     29.02344295   -116.29597915   -596.70696138      40       0      34
  737     29.50591004   -140.37709485   -596.70696138      36       0      24
  738      7.10910199   -487.00572913   -596.70696138      27       0      18
  739     18.06616623   -267.67811835   -596.70696137      27       0      19
  740   1071.55445114  23382.51307142   -596.70696137      20       0      26
  741     36.49948507   -143.94979090   -596.70696137      28       0      24
  742     17.72204299   -346.38467132   -596.70696138      26       0      24
  743     28.87899556   -113.07258940   -596.70696134      25       0      29
  744     28.00498525   -230.82987603   -596.70696137      32       0      24
  745     29.58144529    -94.00688564   -596.70696138      26       0      26
  746     26.76412263   -164.20146867   -596.70696138      30       0      34
  747     36.23454553   -153.80574943   -596.70696137      37       0      42
  748     22.01105897   -242.44424655   -596.70696137      49       0      28
  749     22.54616878   -177.64757965   -596.70696137      36       0      41
  750     19.37079005   -197.49403933   -596.70696137      42       0      30
  751     48.00021291    -56.86422494   -596.70696137      36       0      38
  752     29.33657142   -139.20996527   -596.70696134      43       0      35
  753     32.76575332   -158.06676756   -596.70696138      43       0      36
  754     17.40330095   -224.49227241   -596.70696137      35       0      19
  755     20.14601601   -262.08480242   -596.70696134      27       0      24
  756     28.80420183   -179.43866050   -596.70696137      26       0      19
  757     21.24324687   -218.85084377   -596.70696137      24       0      24
  758     24.03661669   -258.28370521   -596.70696137      26       0      24
  759     27.06483834   -177.19250761   -596.70696137      27       0      25
  760     24.53529775   -225.88027824   -596.70696138      27       0      29
  761     12.38617789   -427.40831737   -596.70696137      30       0      22
  762     14.72674385   -319.50721488   -596.70696137      26       0      25
  763     11.34818089   -464.08078484   -596.70696138      27       0      35
  764     34.70394489    -85.89290986   -596.70696137      35       0      38
  765     37.48963839    -79.27639518   -596.70696138      38       0      35
  766     27.35887129   -204.55737030   -596.70696137      44       0      35
  767     40.96224913   -102.90689921   -596.70696137      38       0      31
  768     24.60369100   -255.66061072   -596.70696137      41       0      36
  769     19.29516342   -307.54508721   -596.70696138      48       0      40
  770     39.16639671   -140.97272266   -596.70696138      47       0      34
  771     16.12477647   -308.37669164   -596.70696137      45       0      22
  772     17.26520180   -332.62453160   -596.70696138      29       0      25
  773     18.65307791   -271.98575536   -596.70696138      30       0      16
  774     16.82339196   -302.54452368   -596.70696138      19       0      26
  775     29.84105764   -180.18104080   -596.70696137      26       0      25
  776     25.48500802   -159.50625695   -596.70696137      28       0      22
  777     29.49487725   -150.79728384   -596.70696138      26       0      31
  778      8.55600842   -490.51037024   -596.70696138      34       0      23
  779      8.27277290   -465.03716976   -596.70696137      31       0      26
  780     19.88009100   -257.74050213   -596.70696137      26       0      31
  781     23.10197323   -194.68835889   -596.70696137      40       0      32
  782     28.30010043   -145.28965589   -596.70696137      36       0      38
  783     28.88919679   -196.46229041   -596.70696137      39       0      37
  784     29.21198754   -164.45117721   -596.70696138      46       0      27
  785     19.60871868   -244.69898591   -596.70696137      34       0      35
  786     31.66341124   -255.60556687   -596.70696137      38       0      38
  787     37.86417232   -149.99484733   -596.70696137      43       0      41
  788     31.94948906    -50.21927864   -596.70696137      46       0      25
  789     22.91632359   -174.08282161   -596.70696137      38       0      23
  790     19.38446748   -228.73057249   -596.70696138      28       0      20
  791      8.57754365   -434.13520605   -596.70696137      24       0      22
  792     15.12886272   -311.93986512   -596.70696138      26       0      27
  793     26.68280868    -82.53485316   -596.70696138      29       0      20
  794     41.93302608   -131.96942854   -596.70696138      25       0      28
  795     21.38268297   -316.32570620   -596.70696137      30       0      24
  796     26.18656662   -196.03569576   -596.70696137      29       0      28
  797     42.80915784   -151.22459271   -596.70696137      33       0      30
  798     22.17670137   -302.83149339   -596.70696138      32       0      35
  799     26.02328152   -138.53184507   -596.70696137      40       0      32
  800     30.68844120   -228.27604440   -596.70696138      32       0      37
  801     22.43210608   -274.69019299   -596.70696138      44       0      31
  802     32.52478000   -211.33792593   -596.70696138      34       0      36
  803     41.88251288   -154.90428616   -596.70696137      43       0      34
  804     23.42538660   -152.78265016   -596.70696138      42       0      36
  805     38.89515991    -52.72399133   -596.70696138      44       0      33
  806     36.60553627    -66.55075846   -596.70696136      47       0      24
  807     17.62292226   -339.44134297   -596.70696137      34       0      19
  808      7.58785039   -538.32622871   -596.70696137      22       0      23
  809     22.44874709   -158.25023562   -596.70696136      25       0      25
  810     23.91313723   -188.61718805   -596.70696137      24       0      23
  811     20.77708958   -259.41415148   -596.70696137      28       0      25
  812     29.89961848   -191.15687558   -596.70696138      30       0      26
  813     28.58587935   -181.47754536   -596.70696137      32       0      27
  814     26.34746880   -169.28111747   -596.70696137      33       0      30
  815     27.82853562   -246.54500750   -596.70696138      32       0      38
  816     36.65221144   -161.92941738   -596.70696137      40       0      27
  817     22.13189882   -249.28492225   -596.70696136      35       0      37
  818     39.90043156   -139.55240444   -596.70696136      35       0      31
  819     30.87401080   -206.95079411   -596.70696137      35       0      33
  820     21.80053604   -143.15746508   -596.70696137      42       0      35
  821     30.63752317   -204.55470890   -596.70696138      42       0      32
  822     29.15637786    -98.77548894   -596.70696137      38       0      36
  823     16.85039989   -323.59020667   -596.70696137      39       0      31
  824     14.66728281   -372.24091324   -596.70696138      37       0      19
  825     28.61573364   -136.33264864   -596.70696138      22       0      23
  826     29.51066281   -145.17016476   -596.70696137      21       0      24
  827     17.22683349   -321.93268841   -596.70696137      26       0      22
  828     29.73875577   -151.75426108   -596.70696137      25       0      21
  829     23.74382205   -240.65296437   -596.70696137      27       0      29
  830     30.47399133   -110.20791158   -596.70696137      30       0      30
  831     22.78315691   -146.16784029   -596.70696138      35       0      29
  832     10.50339264   -481.20866128   -596.70696136      35       0      32
  833     10.86407834   -424.78318836   -596.70696137      34       0      36
  834     20.71487537   -336.45926085   -596.70696136      41       0      34
  835     34.07396085   -101.08109342   -596.70696135      43       0      26
  836     32.60330559   -272.83949810   -596.70696137      38       0      36
  837     26.95202508   -171.88587019   -596.70696137      37       0      35
  838     34.21850980   -107.93597619   -596.70696136      42       0      33
  839     25.11513172   -241.31979686   -596.70696135      39       0      34
  840      8.46407884   -538.32622871   -596.70696138      41       0      35
  841     14.49850780   -327.64029889   -596.70696137      40       0      21
  842     24.01987881   -223.40893072   -596.70696137      27       0      22
  843     13.77221560   -392.54289873   -596.70696138      25       0      22
  844     26.91389251   -102.82972836   -596.70696137      22       0      20
  845     22.20083054   -215.79809581   -596.70696138      22       0      24
  846     22.71798418   -247.98545604   -596.70696136      28       0      26
  847     32.65402613   -169.78389309   -596.70696138      31       0      30
  848     11.48140079   -422.39749841   -596.70696138      34       0      29
  849     35.44772012   -156.61780835   -596.70696137      34       0      34
  850     16.95913002   -240.52498575   -596.70696136      43       0      25
  851     20.17721876   -331.27462613   -596.70696138      35       0      41
  852     37.00888842    -62.22293972   -596.70696138      44       0      31
  853     44.26225007   -180.42404657   -596.70696138      37       0      30
  854     30.76621854   -126.94456887   -596.70696138      37       0      36
  855     21.24612353   -177.98822247   -596.70696138      44       0      35
  856     24.78731544   -129.71713593   -596.70696138      40       0      32
  857     17.53567127   -270.98186600   -596.70696138      37       0      37
  858     32.71048240   -126.04802422   -596.70696137      44       0      25
  859     21.42016990   -329.71214293   -596.70696138      31       0      23
  860     12.74304863   -341.56150584   -596.70696138      29       0      18
  861     29.90525314   -160.00678265   -596.70696137      21       0      22
  862     22.28796353   -174.12734493   -596.70696138      22       0      20
  863     17.86547582   -297.29641610   -596.70696138      23       0      29
  864     24.18806848   -281.87534373   -596.70696138      32       0      26
  865     37.65247861   -120.29268823   -596.70696138      24       0      29
  866     35.17222078   -174.16556742   -596.70696137      33       0      32
  867     26.48568882   -171.01484119   -596.70696138      41       0      29
  868     50.81959155   -126.20461538   -596.70696138      34       0      41
  869     52.31793813    -70.90533792   -596.70696136      47       0      29
  870     41.01339545   -139.91305250   -596.70696137      37       0      28
  871     44.16412707   -109.91293381   -596.70696138      36       0      39
  872     30.29700856   -226.01847586   -596.70696138      43       0      36
  873     15.21992065   -397.99226791   -596.70696137      48       0      32
  874     20.27451780   -316.17725462   -596.70696138      39       0      35
  875     22.72897702   -298.78558932   -596.70696137      41       0      26
  876     25.11251160   -189.19491055   -596.70696137      33       0      28
  877     21.14516952   -243.33311089   -596.70696138      34       0      17
  878     36.11077167    -50.92417023   -596.70696137      23       0      21
  879     33.66930931   -205.48042273   -596.70696137      21       0      22
  880     31.11669709    -76.06917428   -596.70696137      24       0      29
  881     23.54755998   -154.55970431   -596.70696137      32       0      22
  882     32.40477305    -85.75490666   -596.70696138      29       0      27
  883     21.40987060   -264.72948613   -596.70696137      31       0      34
  884     31.86574237   -152.53187134   -596.70696137      37       0      27
  885     39.18408120   -123.66933146   -596.70696137      31       0      37
  886     46.47179096   -113.28387505   -596.70696138      40       0      36
  887     23.37328678   -181.72582686   -596.70696138      39       0      24
  888     25.39117689   -197.11881961   -596.70696137      28       0      35
  889     37.36045801   -221.09528749   -596.70696137      36       0      44
  890     38.65975838   -165.95357629   -596.70696138      49       0      29
  891     35.11925675   -221.28957168   -596.70696137      43       0      35
  892     20.05486356   -275.51539559   -596.70696136      40       0      30
  893     20.39625645   -224.88515195   -596.70696138      39       0      26
  894     27.95030371   -159.13810554   -596.70696138      33       0      19
  895     26.36420343   -138.81533000   -596.70696137      24       0      23
  896     29.56522980    -65.25742282   -596.70696136      23       0      19
  897     35.19746605   -170.68533836   -596.70696137      22       0      28
  898     34.07123461   -137.44221312   -596.70696138      29       0      22
  899     18.73731965   -312.85862212   -596.70696138      23       0      29
  900     31.11466808   -232.79034589   -596.70696138      31       0      33
  901      9.51525130   -451.92777586   -596.70696134      35       0      29
  902     28.05589385    -31.90442412   -596.70696134      34       0      34
  903     30.56013718   -141.00927222   -596.70696138      43       0      38
  904     17.66758445   -335.59458090   -596.70696134      44       0      25
  905     25.32133418    -80.65448987   -596.70696137      29       0      32
  906     24.97538070   -237.94547033   -596.70696137      41       0      38
  907     28.51157547    -21.62791048   -596.70696138      43       0      32
  908     38.03144068    -13.92950779   -596.70696138      41       0      34
  909     33.48706943    -94.89978341   -596.70696137      38       0      35
  910     11.06317996   -404.50988285   -596.70696137      38       0      24
  911     26.76861390   -177.77169243   -596.70696134      34       0      24
  912     41.57998249   -157.49938714   -596.70696138      25       0      22
  913     17.06886369   -300.51785632   -596.70696137      26       0      20
  914      7.92261391   -508.55247229   -596.70696138      22       0      27
  915     30.24431219   -173.69629382   -596.70696137      29       0      23
  916     26.42492870   -170.98273684   -596.70696138      27       0      26
  917     18.72748340   -320.43310239   -596.70696137      28       0      34
  918     26.78538914   -201.33033090   -596.70696137      37       0      23
  919     29.90955883   -164.49314990   -596.70696136      29       0      35
  920     48.61015035   -104.68616768   -596.70696137      35       0      42
  921     22.28626492   -232.02184947   -596.70696138      42       0      20
  922     22.37446836   -341.42389534   -596.70696137      25       0      37
  923     30.01926255   -217.39184961   -596.70696138      39       0      31
  924     17.22352235   -341.17870894   -596.70696137      39       0      40
  925     41.77536451    -95.01255150   -596.70696137      44       0      33
  926     45.02385255   -126.28065952   -596.70696137      42       0      32
  927     24.98805003   -279.61374215   -596.70696136      36       0      29
  928     22.21508931   -259.57478988   -596.70696136      33       0      23
  929     23.17515503   -162.34406594   -596.70696136      28       0      23
  930     33.92267803    -73.68748909   -596.70696137      22       0      21
  931     29.96008998   -177.59698541   -596.70696136      27       0      23
  932     32.56192920   -174.52735677   -596.70696137      28       0      26
  933     32.57080843   -132.07423887   -596.70696137      28       0      24
  934     40.16014344   -183.22175210   -596.70696138      25       0      34
  935     31.24731749   -243.65645803   -596.70696138      36       0      26
  936     33.86064960   -155.36755673   -596.70696138      32       0      34
  937     40.04962892     11.14865534   -596.70696138      37       0      41
  938     25.87324673   -155.51266112   -596.70696137      43       0      19
  939     32.32986833   -220.64854636   -596.70696138      27       0      33
  940     30.26161791   -122.80054987   -596.70696138      38       0      34
  941     38.84178892    -97.19818020   -596.70696138      36       0      36
  942     22.29042818   -226.74416841   -596.70696137      39       0      39
  943     33.17347535   -211.72046151   -596.70696138      48       0      31
  944     29.17675997   -140.86962205   -596.70696135      37       0      30
  945     16.19125512   -352.24850328   -596.70696138      37       0      23
  946      7.33350969   -543.09758403   -596.70696137      25       0      22
  947      8.57946234   -465.68036462   -596.70696138      28       0      23
  948     31.84863056   -178.49063095   -596.70696137      26       0      23
  949     22.07586167   -143.63050482   -596.70696137      24       0      26
  950     12.36355301   -343.69154255   -596.70696135      30       0      22
  951     13.64046596   -369.77596078   -596.70696137      25       0      32
  952     19.39784178   -299.71725359   -596.70696137      32       0      27
  953     31.07846447   -132.41548255   -596.70696137      28       0      34
  954     43.66586107    -95.10337333   -596.70696138      34       0      43
  955     24.65220714   -180.22133005   -596.70696137      46       0      19
  956     24.86800954   -128.03519827   -596.70696138      32       0      32
  957     17.66523840   -239.64127189   -596.70696137      40       0      33
  958     17.29457516   -354.98926606   -596.70696137      40       0      36
  959     31.92742245   -125.07435155   -596.70696138      34       0      34
  960     45.94202194   -127.27393237   -596.70696138      48       0      37
  961     34.61399724    -26.40006825   -596.70696138      44       0      32
  962     34.07908966   -171.04748336   -596.70696138      36       0      20
  963      9.36315229   -476.39320575   -596.70696138      24       0      25
  964     17.91114028   -278.96363480   -596.70696138      28       0      23
  965      6.97090472   -483.11894636   -596.70696137      30       0      21
  966     37.63674071    -38.24984181   -596.70696138      21       0      27
  967     20.85421059   -182.57409625   -596.70696137      30       0      23
  968     32.28820252   -177.13546134   -596.70696138      26       0      29
  969     18.72813445   -341.58385685   -596.70696137      31       0      32
  970     23.75925042   -119.53771161   -596.70696138      35       0      31
  971     36.58728526   -162.49134879   -596.70696138      33       0      38
  972     29.33790450   -150.48313493   -596.70696138      40       0      20
  973     36.14955320   -124.91040676   -596.70696138      29       0      31
  974     18.71134604   -322.87030027   -596.70696137      31       0      38
  975     26.98501700   -115.97617944   -596.70696138      37       0      29
  976     41.56262070    -42.74565708   -596.70696138      38       0      38
  977     33.62400122   -147.80128499   -596.70696137      41       0      37
  978     38.72421564   -125.07553550   -596.70696137      48       0      34
  979     31.74749844   -191.96307170   -596.70696137      40       0      21
  980     20.42804059   -255.69758651   -596.70696137      35       0      24
  981     23.16447034   -166.42342636   -596.70696138      27       0      27
  982     20.86044712   -167.43534100   -596.70696137      34       0      17
  983     26.87092676   -185.81968624   -596.70696138      22       0      29
  984     28.83616458   -246.31992479   -596.70696138      32       0      22
  985     13.56112133   -399.15553158   -596.70696137      27       0      27
  986     38.68986693      7.01602881   -596.70696137      29       0      35
  987     27.19803252    -79.65194097   -596.70696137      43       0      32
  988     12.76542389   -378.54942737   -596.70696136      39       0      32
  989     17.55264592   -241.11197606   -596.70696136      39       0      27
  990     22.63881196   -294.99283059   -596.70696137      31       0      29
  991     26.25528459   -229.16277163   -596.70696137      36       0      33
  992     23.37016343   -291.29185777   -596.70696138      40       0      31
  993     11.97820490   -405.34609612   -596.70696137      35       0      34
  994     41.90386580    -80.19635973   -596.70696136      37       0      39
  995     23.21088202   -262.06069062   -596.70696137      42       0      28
  996     18.70437887   -209.30607034   -596.70696137      35       0      30
  997     19.81181195   -199.04265772   -596.70696137      38       0      22
  998     32.36713118   -127.50572421   -596.70696137      30       0      28
  999     17.46841606   -235.05678995   -596.70696136      32       0      20
 1000     33.34962099   -158.11056269   -596.70696137      23       0      27
----------------------------------------------------------------------------------
Artificial Bee Colony Optimization Finished!

 -- Results Report --
 * 100 LMs will be saved in [ li_7_waters-LM ].
      #          Energy
      0   -596.70696136
      1   -596.69228803
      2   -594.58221019
      3   -594.50162904
      4   -594.19050011
      5   -594.14236839
      6   -593.68400051
      7   -593.45145526
      8   -592.72947068
      9   -592.35260282
     10   -592.31098450
     11   -592.24650030
     12   -591.42791066
     13   -591.27228979
     14   -590.55446650
     15   -590.39960882
     16   -590.38100210
     17   -590.02787271
     18   -589.90960468
     19   -589.90899621
     20   -589.29825691
     21   -588.88125498
     22   -588.85347521
     23   -588.55954821
     24   -588.40535951
     25   -588.16765886
     26   -588.12458625
     27   -587.95584761
     28   -587.94979105
     29   -587.76983573
     30   -587.74466171
     31   -587.45715207
     32   -587.22938310
     33   -586.76658715
     34   -586.11811442
     35   -585.91237600
     36   -585.75403624
     37   -585.60587458
     38   -585.27244268
     39   -585.10362719
     40   -585.02187574
     41   -584.92213540
     42   -584.63556871
     43   -584.63331293
     44   -584.45673393
     45   -584.44936752
     46   -584.36151102
     47   -584.12840632
     48   -583.86944291
     49   -583.72949364
     50   -583.45158635
     51   -583.18680183
     52   -582.91705592
     53   -582.91067210
     54   -582.72385289
     55   -582.17891796
     56   -581.83963859
     57   -581.82140002
     58   -581.67790530
     59   -581.53406077
     60   -581.34627942
     61   -581.19440800
     62   -580.47909020
     63   -579.97719725
     64   -579.54991419
     65   -579.53365723
     66   -579.17469996
     67   -578.97074623
     68   -578.47594453
     69   -578.31164328
     70   -578.27282260
     71   -577.77148745
     72   -577.72157406
     73   -577.70431107
     74   -577.66345723
     75   -577.49326261
     76   -577.45734848
     77   -577.36209585
     78   -577.23049105
     79   -577.19725822
     80   -577.05706430
     81   -577.03901279
     82   -576.68320279
     83   -575.79301012
     84   -575.53251022
     85   -574.92034962
     86   -574.65163374
     87   -574.10092629
     88   -574.08779886
     89   -572.70062248
     90   -572.24628593
     91   -572.21818943
     92   -571.92812782
     93   -571.75353957
     94   -571.74727891
     95   -571.71866396
     96   -571.25359904
     97   -570.97893582
     98   -570.86812025
     99   -570.14228537

 * Final Global Minimal Energy:   -596.70696138
 * The Global Minimum is saved as: [ li_7_waters-OPT.(cluster/xyz/gjf) ]

===== (^ _ ^) =====
Normal termination at Tue Aug 28 14:11:45 2018.
Total run time: 6797 seconds = 0 days 1 hours 53 minutes 17 seconds.
