    * * * * * * * * * * * * * * * * * * * * *
    *       __    ____    ______            *
    *      /  \  |  _ \  |  ___/  luster !  *
     *    / _  \ | |_| | | |               *
     *   / /_\ | |  _ <  | |     < @  @ >  * 
     *  / ___  | | |_| | | |___ _ _  o     * 
    *  /_/   |_| |____/  |_____ _ __ __  _  *
    *                                       *
    * * * * * * * * * * * * * * * * * * * * *

ABCluster 1.5.1
Specific flag:  official version
Platform:       LINUX/UNIX
Compiled by:    junzhang@gellmann.scs.illinois.edu
Compiling date: Dec 18 2017 20:33:35
C++ compiler:   g++
C++ options:    -O3 -Os -fno-exceptions --std=c++0x -fopenmp 

Contributors:
Jun Zhang(University of Cologne): Design and coding.

For any suggestions, comments, and questions on the theory and
implementation of ABCluster, please feel free to contact:

Dr. Jun Zhang, ZhangJunQcc@gmail.com

If you used this program in your work, please cite this reference:

[1] Zhang, J.; Dolg, M.; ABCluster: The Artificial Bee Colony Algorithm for
    Cluster Global Optimization. Phys. Chem. Chem. Phys. 2015, 17, 24173-24181.
[2] Zhang, J.; Dolg, M.; Global Optimization of Clusters of Rigid Molecules by the
    Artificial Bee Colony Algorithm. Phys. Chem. Chem. Phys. 2016, 18, 3003-3010.

Program starts at Wed May  6 09:58:32 2020.
Command line: " /ihome/jkeith/amm503/codes/ABCluster151/rigidmol-optimizer solvent.inp "
Process ID:   131635
Run by:       amm503@smp-n29.crc.pitt.edu
Available CPU cores:    24
Read "OMP_NUM_THREADS": Unset

Random number testing (integers): 2007626235...2037551102
Random number testing (fractals): 0.04913852...0.05022009

 -- Input/Output Parameters --
Input file name:      solvent.inp
Cluster file name:    solvent.cluster
Result file name:     lm.(cluster/xyz/gjf)
Temporary file name:  abclusteramm503smp-n29.crc.pitt.edu131635-OPT
# of saved LMs:       100
LMs are stored in:    lm-LM

 -- ABC Control Parameters --
Population size:                  500
Maximal generation:              1000
Scout limit:                       15
Amplitude:                20.00000000

 -- Cluster Components: from [ solvent.cluster ] --
 -----------------------------------------------------------
   Source                                       #   Charge
 -----------------------------------------------------------
   charmm36/tip4p.xyz                          15    0.000
 -----------------------------------------------------------
   Dimension: 0, an isolate cluster.
 -----------------------------------------------------------

Artificial Bee Colony Optimization Starts!
----------------------------------------------------------------------------------
 * Population: 500; Maximal cycles: 1000
 * EM = Employed Bee; Trigonometric mutation
 * OL = Onlooker Bee; ABC/best/2(0.5)+ABC/current/2(0.5);
        Tournament selection from 5 nectars.
 * SC = Scout Bee; Random nectar; Limit = 15
----------------------------------------------------------------------------------
    #       Diversity            maxE            minE    byEM    byOL    bySC
----------------------------------------------------------------------------------
    1     79.13964713    -78.67425008   -616.23047742     320      61       0
    2     16.76199134   -426.12336830   -616.23047741     263      66       0
    3     12.70351543   -558.24074655   -618.80032875     170      38       0
    4     12.66787401   -558.90885446   -620.23237260     136      43       0
    5     12.39114849   -567.93554596   -620.23237261     108      39       0
    6     12.60274254   -571.56136021   -620.23237262      78      36       0
    7     13.00294746   -576.26636872   -620.23237261      68      34       0
    8     13.05899037   -576.43557761   -620.23237261      59      13       0
    9     13.02249853   -576.43557761   -620.30536589      57      24       0
   10     12.92641395   -579.10516032   -620.30536591      64      47       0
   11     12.70201413   -581.73488589   -622.42888050      71      33       0
   12     12.38762611   -581.73488589   -622.63540645      87      63       0
   13     11.86149994   -581.73488589   -622.63540645      94      63       0
   14     10.38953173   -584.15028434   -622.63540646     106      44       0
   15      7.27151988   -585.51592634   -622.63540647     153      21       0
   16      4.23635419   -591.86321229   -622.67582445     167       8       0
   17      1.19479079   -609.36588999   -622.73153020     169     156       0
   18      0.49402503   -619.18202610   -623.34899325     165     150       0
   19      3.21113191   -551.30409984   -623.34899329      85     125       1
   20     33.20740097    -77.36318040   -623.34899328      77      27       9
   21     25.92235399   -184.81881944   -623.34899329     114       1      17
   22     70.91470631    -57.93832325   -623.34899304     116       1      45
   23     84.52892755    -24.68647084   -623.34899328     102       0      63
   24     95.52760737    -55.27013962   -623.34899330      95       0      78
   25    117.47700268    -27.67687470   -628.19276385     107       1     110
   26     90.53366947    -52.93644186   -628.19276389     127     122      64
   27     74.42305083    -43.68426055   -628.48564887     128      29      44
   28     74.51663530    -45.44949603   -628.48564879     127      78      34
   29     53.08787490    -95.32360577   -628.48564884     139      31      16
   30     36.33199234   -150.12869556   -628.48564887     115      31      11
   31     34.64310327    -99.42566752   -628.48564887     130      10       4
   32     14.13618734   -340.39112760   -628.48564886     149       2       3
   33      2.43343114   -594.31481666   -628.48564887     125       0       1
   34      0.03674977   -628.19276389   -628.48564872      64       0       0
   35      0.00000003   -628.48564887   -628.48564887       8       0       0
   36      0.00000003   -628.48564887   -628.48564887       0       0       0
   37      0.00000003   -628.48564887   -628.48564887       0       0       0
   38     20.20709694   -301.32501258   -628.48564887       0       0       2
   39     38.98125915    -59.14917881   -628.48564887       2       0       8
   40     54.79060596    -23.89723006   -628.48564886       8       0      21
   41     66.79164964    -44.07650282   -628.48564884      20       0      43
   42     85.10939233    -55.22734269   -628.48564886      44       0      54
   43     97.23810256    -15.25543162   -628.48564886      62       0      76
   44     93.33353021    -37.67402396   -628.48564887      81       0      72
   45    103.98111541    -34.21272703   -628.48564888      94       0      84
   46     72.88996160    -41.77564127   -628.48564887     117       1      62
   47     84.24536798    -27.89112403   -628.48564888     106       0      42
   48     63.68060670    -26.68070788   -628.48564874     106       0      27
   49     30.63407571   -229.65760039   -628.48564887      89       0       7
   50     15.89547806   -291.12280610   -628.48564888      51       0       2
   51      0.00000004   -628.48564887   -628.48564885      11       0       0
   52      0.00000004   -628.48564887   -628.48564885       0       0       0
   53      0.00000004   -628.48564887   -628.48564885       0       0       0
   54      0.00000004   -628.48564887   -628.48564885       0       0       0
   55      4.55921582   -551.83999206   -628.48564886       0       0       2
   56     26.54074370    -88.20269352   -628.48564885       2       0       8
   57     64.29682871    -50.17150010   -628.48564886       7       0      19
   58     64.31669283    -56.95783505   -628.48564887      19       0      32
   59     67.10007006    -90.75850771   -628.48564884      35       0      47
   60     93.02691700    -83.10563433   -628.48564874      48       0      65
   61     68.61076733    -44.79896003   -628.48564878      64       0      55
   62     94.92556718    -22.42846958   -628.48564887      74       0      70
   63     84.76624369    -75.52317828   -628.48564874      86       0      66
   64     95.07170260    -38.82231081   -628.48564887     100       0      62
   65     83.07374868    -32.81053637   -628.48564887      96       0      48
   66     45.82852828   -163.01470952   -628.48564885      89       0      21
   67     29.99884456    -87.77920078   -628.48564886      53       0       5
   68      3.99003305   -580.59420147   -628.48564884      24       0       0
   69      0.95855665   -607.03020428   -628.48564886       5       0       0
   70      0.00000004   -628.48564887   -628.48564887       1       0       0
   71      0.00000004   -628.48564887   -628.48564887       0       0       0
   72      3.59543282   -569.33698528   -628.48564886       0       0       2
   73     30.74575100   -133.77734950   -628.48564887       2       0       8
   74     51.65422085    -77.91935074   -628.48564886       8       0      16
   75     59.29147005   -104.14452084   -628.48564887      17       0      30
   76     75.80597567    -50.46715208   -628.48564886      30       0      42
   77     86.72053329    -22.09415650   -628.48564885      43       0      53
   78     77.30125789    -49.80276339   -628.48564887      54       0      53
   79     89.61382491    -19.41445857   -628.48564886      69       0      64
   80     89.56490922    -30.75061773   -628.48564887      87       0      61
   81     96.25132201    -33.93900524   -628.48564886      87       0      68
   82     68.93622089   -103.89420280   -628.48564886     104       0      48
   83     61.22926116    -33.09318044   -628.48564887      88       0      36
   84     59.53836372    -94.41195656   -628.48564887      80       0      18
   85      6.32854556   -569.18128104   -628.48564887      48       0       0
   86      4.88673670   -527.36606309   -628.48564886      12       0       1
   87      0.00000005   -628.48564887   -628.48564887       2       0       0
   88      0.00000005   -628.48564887   -628.48564887       0       0       0
   89     22.98241810   -122.20455900   -628.48564886       0       0       2
   90     39.85697723    -66.02697960   -628.48564887       2       0       7
   91     38.48531578    -14.76777841   -628.48564888       7       0      16
   92     69.68185417    -29.51409404   -628.48564888      16       0      28
   93     71.98322106    -29.56678420   -628.48564887      29       0      38
   94     60.73476918   -128.60465169   -628.48564887      40       0      39
   95     87.17795073    -27.85035331   -628.48564887      43       0      46
   96     94.89602330    -25.34282884   -628.48564886      54       0      59
   97     77.80993853    -45.36184660   -628.48564885      70       0      55
   98    101.36587918    -51.25291831   -628.48564886      72       0      66
   99     91.87217332    -19.62342937   -628.48564887      79       0      57
  100     74.65683074    -37.13554873   -628.48564887      92       0      49
  101     62.23270484    -67.24038240   -628.48564887      95       0      32
  102     12.72021563   -491.13452899   -628.48564888      68       0       4
  103     20.45328688   -182.55729699   -628.48564888      32       0       2
  104      2.38826430   -577.40749139   -628.48564879      10       0       0
  105      0.00000004   -628.48564887   -628.48564879       2       0       0
  106      3.15067811   -575.79275280   -628.48564887       0       0       2
  107     25.27751022   -206.79658047   -628.48564879       2       0       7
  108     50.36624815    -79.08005642   -628.48564887       7       0      14
  109     52.53158552    -48.28499360   -628.48564887      14       0      22
  110     72.76493522    -44.05645090   -628.48564888      21       0      40
  111     54.87455751   -106.92874178   -628.48564887      38       0      34
  112     80.75133520    -24.88093898   -628.48564887      40       0      47
  113     73.44251144    -38.91673964   -628.48564888      52       0      45
  114     92.75980566    -23.44710824   -628.48564887      57       0      54
  115     68.70207222    -55.08707513   -628.48564887      60       0      52
  116     85.70946738    -47.90801864   -628.48564887      80       0      57
  117     75.74219143    -27.27335120   -628.48564887      75       0      62
  118     64.19453795   -165.29440264   -628.48564887      92       0      43
  119     51.03647315    -34.17083045   -628.48564884      85       0      14
  120     36.52025364    -90.89643954   -628.48564887      45       0       6
  121      3.43010905   -551.70926392   -628.48564888      17       0       1
  122      0.00000004   -628.48564888   -628.48564888       1       0       0
  123     16.15066743   -276.61084955   -628.48564884       0       0       2
  124     18.18426313   -382.41036566   -628.48564888       2       0       7
  125     36.55869821    -98.91867692   -628.48564881       7       0      12
  126     46.38247400    -78.66711119   -628.48564888      14       0      24
  127     62.07816361    -94.08816012   -628.48564888      25       0      34
  128     62.82125746    -70.93673175   -628.48564887      38       0      33
  129     67.87181081    -92.27445936   -628.48564886      36       0      41
  130     71.65174742    -75.44155302   -628.48564887      44       0      39
  131     79.92317897    -27.75721461   -628.48564887      52       0      49
  132     94.54845821    -42.84287476   -628.48564884      58       0      54
  133     87.13397233    -50.17530639   -628.48564881      66       0      50
  134     71.91493338    -23.40178889   -628.48564887      68       0      51
  135     93.91161494    -57.49849144   -628.48564887      64       0      63
  136     70.44647300    -67.83680088   -628.48564884      70       0      30
  137     29.26959502   -261.06973024   -628.48564887      56       0      10
  138      6.91881317   -550.42698554   -628.48564887      28       0       1
  139      1.11689439   -603.48611898   -628.48564887      12       0       0
  140     12.44955462   -353.86778780   -628.48564888       1       0       2
  141     19.47197954   -274.45051678   -628.48564887       2       0       5
  142     43.51203457    -89.93194527   -628.48564887       5       0      13
  143     50.67500878    -72.89552988   -628.48564888      13       0      21
  144     64.27292247    -37.68119176   -628.48564884      22       0      33
  145     60.15950130    -38.47495059   -628.48564885      35       0      34
  146     71.19928017    -19.93599423   -628.48564887      43       0      34
  147     64.56066748    -27.58584423   -628.48564885      38       0      37
  148     74.26419413    -45.50563606   -628.48564873      47       0      50
  149     76.38858776    -30.22074022   -628.48564887      57       0      46
  150     83.40040610    -30.15446019   -628.48564883      55       0      59
  151     85.56756487    -43.44641433   -628.48564883      81       0      44
  152     75.82702112    -20.21000102   -628.48564886      66       0      60
  153     72.41350446    -39.25984559   -628.48564886      87       0      39
  154     46.68871913    -15.59577833   -628.48564882      72       0      16
  155     26.87827523    -96.29158741   -628.48564871      37       0       6
  156     17.04698526   -248.96307053   -628.48564887      19       0       1
  157      8.97318785   -441.06987505   -628.48564884       2       0       2
  158     13.56696328   -396.93742086   -628.48564887       2       0       5
  159     29.74936026   -190.64254641   -628.48564887       5       0      12
  160     54.51905460    -59.83996062   -628.48564887      12       0      16
  161     64.50652314    -20.90935072   -628.48564887      16       0      31
  162     74.01363066    -32.53326159   -628.48564886      30       0      36
  163     58.79510151    -87.60368480   -628.48564886      39       0      29
  164     76.82133251    -39.79733481   -628.48564887      40       0      35
  165     75.37288330    -31.04367442   -628.48564886      40       0      46
  166     81.16634999    -69.06182126   -628.48564887      53       0      47
  167     78.08684494    -43.99041169   -628.48564887      57       0      50
  168     75.29744305    -55.72420697   -628.48564887      59       0      43
  169     74.31908262   -155.48625078   -628.48564885      57       0      57
  170     90.86784818    -69.86805292   -628.48564887      65       0      50
  171     63.26022717    -94.28374735   -628.48564887      65       0      29
  172     42.73153124    -76.79408838   -628.48564885      52       0      11
  173     24.02253193    -95.22141112   -628.48564887      27       0       1
  174     11.90866157   -387.88439028   -628.48564887       3       0       2
  175     26.72104782   -150.25313479   -628.48564886       2       0       5
  176     50.06557073    -94.23748747   -628.48564880       5       0      12
  177     48.54046839   -123.52318323   -628.48564878      12       0      16
  178     44.28292088    -81.49797560   -628.48564878      17       0      26
  179     61.69388102    -83.35515303   -628.48564871      26       0      31
  180     62.26149597    -80.55644107   -628.48564871      36       0      34
  181     70.33966645    -33.19152524   -628.48564881      36       0      31
  182     70.70802328    -47.93222490   -628.48564887      37       0      45
  183     73.52981276    -55.23125704   -628.48564886      47       0      43
  184     75.59107711    -14.05058766   -628.48564887      53       0      50
  185     76.32162233    -33.39768479   -628.48564887      53       0      48
  186     87.30071753    -25.44266707   -628.48564887      67       0      50
  187     75.77809514    -77.81016949   -628.48564887      63       0      45
  188     81.35113224    -23.18748242   -628.48564887      61       0      41
  189     49.28552953    -47.28796284   -628.48564886      56       0      20
  190      5.29268071   -555.14109266   -628.48564888      38       0       1
  191     25.45142254   -154.96739474   -628.48564886       5       0       2
  192     33.70161021   -102.13781996   -628.48564888       2       0       5
  193     28.07001383    -60.51013727   -628.48564886       5       0      11
  194     52.82406774     -7.48597252   -628.48564888      10       0      16
  195     53.22488910   -156.61724770   -628.48564888      18       0      22
  196     73.26367411    -72.06654981   -628.48564887      22       0      32
  197     66.99333758    -38.19953068   -628.48564887      32       0      34
  198     62.55623803    -33.02469861   -628.48564886      43       0      30
  199     77.37257324    -40.29756830   -628.48564885      36       0      41
  200     68.19689354    -24.50647763   -628.48564887      47       0      37
  201     76.32927966    -20.64398212   -628.48564887      44       0      50
  202     70.43156094    -71.46332898   -628.48564886      60       0      49
  203     70.64136446    -56.26085036   -628.48564886      58       0      49
  204     82.69865372    -11.32728279   -628.48564887      69       0      49
  205     74.86995590    -35.90031383   -628.48564887      63       0      37
  206     70.36436711    -51.69487725   -628.48564884      57       0      35
  207     27.50860455    -49.80051973   -628.48564887      56       0       1
  208     28.86080279   -158.77732304   -628.48564886      15       0       2
  209      8.76458100   -485.31499912   -628.48564878       5       0       5
  210     45.04815497    -63.80600680   -628.48564887       5       0      10
  211     52.30596105    -70.59181946   -628.48564887      10       0      17
  212     37.61888246   -242.45778227   -628.48564887      19       0      20
  213     55.88968328   -101.36516480   -628.48564887      22       0      26
  214     70.89059303   -101.40430736   -628.48564882      26       0      35
  215     55.50964917    -74.02502939   -628.48564888      37       0      32
  216     58.80489674    -57.02363636   -628.48564886      32       0      35
  217     63.73095259    -45.41325205   -628.48564887      40       0      37
  218     85.95990973    -51.88134471   -628.48564886      43       0      48
  219     87.68047211    -41.05395609   -628.48564888      57       0      45
  220     83.04310870    -23.56996097   -628.48564886      56       0      53
  221     74.04687788    -68.29760858   -628.48564885      62       0      43
  222     66.80815646    -59.35364544   -628.48564887      56       0      37
  223     59.87395610    -92.56844407   -628.48564885      66       0      41
  224     38.47211224   -142.98632150   -628.48564888      56       0      13
  225     15.75646342   -295.70494004   -628.48564888      27       0       3
  226     26.99559049   -174.67314499   -628.48564887       7       0       5
  227     34.33863425   -101.70962843   -628.48564888       4       0       8
  228     42.90438047   -154.84270046   -628.48564888       9       0      17
  229     52.18402134    -42.20991888   -628.48564878      17       0      22
  230     75.69912639    128.23918183   -628.48564887      24       0      23
  231     60.02879086    -86.83033664   -628.48564885      23       0      35
  232     56.75219774   -126.43988173   -628.48564883      36       0      30
  233     60.25904310    -23.57977723   -628.48564886      33       0      32
  234     69.51223022    -48.71286676   -628.48564885      36       0      35
  235     79.44531742    -31.28418844   -628.48564886      38       0      49
  236     59.71899140    -61.11810961   -628.48564885      59       0      41
  237     67.69093727    -56.00414688   -628.48564875      53       0      40
  238     86.91573046    -27.09854235   -628.48564884      52       0      52
  239     77.08390760    -36.78772488   -628.48564885      56       0      41
  240     73.39142008    -96.54935330   -628.48564884      57       0      44
  241     54.12871336   -108.69010168   -628.48564885      56       0      23
  242     17.89697336   -265.58339411   -628.48564885      39       0       3
  243      5.30541899   -555.61103765   -628.48564873      14       0       5
  244     31.69926965    -92.89784823   -628.48564886       5       0       8
  245     42.06388287   -154.18813035   -628.48564885       7       0      15
  246     50.37869755    -83.85177225   -628.48564881      16       0      23
  247     63.26481905    -77.81645956   -628.48564874      22       0      23
  248     53.91843786    -51.29845550   -628.48564883      25       0      33
  249     68.23395307    -20.13977951   -628.48564874      37       0      28
  250     71.97250611    -26.95687159   -628.48564883      35       0      28
  251     78.42024648    -50.71564522   -628.48564884      30       0      37
  252     78.59946369    -73.25549254   -628.48564886      38       0      44
  253     63.82899826    -50.35845275   -628.48564886      47       0      40
  254     74.00694313    -71.14005311   -628.48564887      50       0      43
  255     82.29692545    -20.40430652   -628.48564883      52       0      50
  256     85.72722286    -25.20301721   -628.48564885      55       0      39
  257     72.00203773    -52.97659350   -628.48564883      56       0      48
  258     59.76626721    -38.89773230   -628.48564884      60       0      26
  259     49.08664703    -21.93698827   -628.48564885      45       0      10
  260     29.01185656   -143.37577925   -628.48564881      19       0       5
  261     40.31186354    -26.13221043   -628.48564881       7       0       8
  262     49.20642977    -62.42736239   -628.48564886       9       0      15
  263     59.94741411    -46.02990845   -628.48564886      16       0      21
  264     44.25942030    -43.17648346   -628.48564887      22       0      21
  265     51.40380723    -32.15060723   -628.48564886      24       0      31
  266     83.57475164    -21.35308325   -628.48564883      32       0      30
  267     45.97254175   -127.55765339   -628.48564887      28       0      30
  268     68.15436237    -19.35679003   -628.48564887      36       0      37
  269     73.67324870    -85.66938385   -628.48564887      39       0      35
  270     71.44637972    -25.36719366   -628.48564887      38       0      40
  271     86.28885234    -29.17018858   -628.48564886      49       0      46
  272     85.25597218    -30.17307411   -628.48564887      55       0      43
  273     89.14299046    -17.52844124   -628.48564883      54       0      41
  274     70.50055525    -45.96048474   -628.48564887      49       0      47
  275     75.96732101    -38.19018463   -628.48564887      60       0      32
  276     56.45594479    -58.32633623   -628.48564887      53       0      17
  277     12.97672549   -379.14331656   -628.48564874      37       0       5
  278     36.01391810   -141.28227264   -628.48564883       8       0       8
  279     27.84041918   -229.11217464   -628.48564888      10       0      14
  280     61.08075906    -19.29709758   -628.48564885      14       0      21
  281     41.19110395   -232.55701689   -628.48564886      21       0      20
  282     58.05572177    -43.33882281   -628.48564883      23       0      34
  283     59.32235976    -60.09255678   -628.48564874      33       0      27
  284     74.25936643    -34.15042541   -628.48564887      31       0      28
  285     66.81142735   -110.23562801   -628.48564885      34       0      37
  286     65.17449539   -102.72152353   -628.48564885      42       0      33
  287     69.45406263    -41.24583564   -628.48564885      41       0      38
  288     89.11595836    -46.63072666   -628.48564877      50       0      42
  289     71.84700338    -29.73184524   -628.48564885      51       0      44
  290     90.06226028    -19.65053221   -628.48564882      52       0      41
  291     84.08736666    -35.57360067   -628.48564877      57       0      40
  292     61.94024547    -90.50737344   -628.48564886      56       0      38
  293     59.52962873    -13.35150642   -628.48564877      51       0      27
  294     10.10365540   -526.61594282   -628.48564886      39       0       6
  295     31.77434809   -170.75202729   -628.48564886      14       0       9
  296     37.19330119    -52.70278848   -628.48564882      10       0      14
  297     55.11583160    -40.77759875   -628.48564882      13       0      19
  298     56.84065917    -65.20683591   -628.48564884      20       0      22
  299     68.20812588    -22.86079552   -628.48564885      22       0      32
  300     63.19983210    -77.70713732   -628.48564884      34       0      26
  301     54.75948134    -31.07954890   -628.48564886      34       0      23
  302     80.23060180    -85.83132456   -628.48564887      25       0      38
  303     65.83708383    -38.19828371   -628.48564887      40       0      32
  304     65.23479886    -10.57204118   -628.48564887      38       0      35
  305     57.39161035    -71.68185518   -628.48564887      38       0      40
  306     68.44033666    -78.03694478   -628.48564887      43       0      41
  307     82.59624781    -50.24907872   -628.48564886      51       0      44
  308     77.76798416    -20.05712570   -628.48564886      53       0      43
  309     79.42704386    -30.67929469   -628.48564886      51       0      41
  310     49.78571649   -150.99965323   -628.48564883      56       0      31
  311     36.87657864   -105.00751842   -628.48564876      46       0       9
  312     31.23160854   -176.16918206   -628.48564887      19       0      10
  313     56.29157744    -35.25759856   -628.48564887      13       0      14
  314     40.33089596    -47.05368600   -628.48564876      14       0      17
  315     48.81532669   -106.38307806   -628.48564887      17       0      22
  316     62.95579236    -20.80518979   -628.48564887      24       0      28
  317     60.12991089    -91.84785669   -628.48564886      29       0      29
  318     54.58014189    -96.68355354   -628.48564887      32       0      23
  319     71.47473054    -62.18577572   -628.48564875      24       0      34
  320     59.00995014    -51.71178209   -628.48564876      37       0      35
  321     60.61336351   -144.60095494   -628.48564887      39       0      31
  322     82.18721932     -4.31010967   -628.48564875      38       0      43
  323     72.00118446    -46.07835952   -628.48564883      46       0      38
  324     65.36189889    -28.75783910   -628.48564887      51       0      39
  325     82.18303865    -30.95541840   -628.48564884      46       0      43
  326     81.04304344    -26.65775813   -628.48564887      53       0      41
  327     84.97086960    -47.20488239   -628.48564885      48       0      37
  328     49.53072099    -39.92249869   -628.48564886      50       0      14
  329     41.64208271   -170.05831446   -628.48564884      24       0      12
  330     39.78282913   -122.18001875   -628.48564887      15       0      14
  331     33.87967270   -183.77822973   -628.48564881      16       0      15
  332     67.75362038    -39.85889783   -628.48564884      18       0      22
  333     60.93031345    -96.76528254   -628.48564885      23       0      28
  334     60.83323531   -125.50796077   -628.48564884      28       0      27
  335     56.94903376    -13.82952221   -628.48564886      32       0      24
  336     61.51581338    -27.53412633   -628.48564887      26       0      32
  337     48.39009137   -121.75060654   -628.48564882      33       0      33
  338     58.46911951    -32.41071422   -628.48564887      40       0      32
  339     73.49290731    -33.22860386   -628.48564887      44       0      42
  340     58.83358530    -82.45417891   -628.48564875      48       0      33
  341     57.32668906    -61.35914974   -628.48564875      46       0      45
  342     63.42327267    -82.51273599   -628.48564887      57       0      39
  343     65.39807902    -18.45274364   -628.48564887      48       0      39
  344     71.28412388    -68.97520584   -628.48564871      49       0      42
  345     40.86550852   -177.62876342   -628.48564887      49       0      18
  346     38.52049153   -143.27929827   -628.48564887      29       0      12
  347     50.28335100    -96.29177248   -628.48564884      17       0      16
  348     37.97906632   -117.85355512   -628.48564887      17       0      15
  349     56.70618094    -41.56189344   -628.48564882      17       0      21
  350     53.14294601    -77.26922312   -628.48564887      22       0      26
  351     57.52621327    -96.55143360   -628.48564884      27       0      28
  352     69.46676098    -46.48732573   -628.48564887      31       0      25
  353     68.00062903    -75.93302727   -628.48564887      32       0      26
  354     49.77352855    -45.60236058   -628.48564887      31       0      30
  355     62.98445037   -105.78479644   -628.48564873      38       0      32
  356     81.33264429    -56.75667829   -628.48564887      35       0      42
  357     65.52797636    -78.01944075   -628.48564887      45       0      32
  358     81.80305238    -72.82516713   -628.48564887      41       0      49
  359     79.56674129    -55.04933079   -628.48564887      53       0      40
  360     61.21087526   -155.40026111   -628.48564887      55       0      37
  361     79.20061521    -57.98796342   -628.48564887      59       0      44
  362     61.16433224    -71.77608314   -628.48564873      60       0      20
  363     40.13485362    -46.37207818   -628.48564885      44       0      15
  364     47.12671875   -144.67899751   -628.48564873      24       0      15
  365     44.72504424    -56.53206798   -628.48564887      18       0      18
  366     46.80172560    -29.54483141   -628.48564888      22       0      19
  367     56.95281071    -45.81653963   -628.48564882      22       0      24
  368     58.84571573    -50.15076586   -628.48564873      24       0      26
  369     55.47327390    -29.46070320   -628.48564888      30       0      25
  370     68.64754477    -48.18300426   -628.48564887      31       0      25
  371     68.43719226    -50.26061093   -628.48564872      29       0      32
  372     62.05563946    -51.46692842   -628.48564887      31       0      34
  373     64.89625412    -31.23859772   -628.48564872      40       0      35
  374     67.22317913    -55.56592695   -628.48564872      44       0      34
  375     75.31881172    -60.40624190   -628.48564874      41       0      40
  376     76.14125409    -50.83330592   -628.48564888      51       0      37
  377     67.40711272    -73.87487307   -628.48564882      41       0      36
  378     93.95361029    -42.85421480   -628.48564872      39       0      52
  379     72.19672532    -34.19862485   -628.48564887      55       0      25
  380     57.11357378    -28.53438530   -628.48564882      33       0      20
  381     43.91924398   -102.49384312   -628.48564887      29       0      16
  382     63.24287545    -32.00762957   -628.48564882      20       0      17
  383     66.81957711    -41.80435592   -628.48564887      17       0      21
  384     57.57015429    -51.30147071   -628.48564878      22       0      20
  385     64.10789798    -21.29731496   -628.48564887      23       0      24
  386     49.67029739    -17.53092707   -628.48564887      24       0      30
  387     62.43112426     -6.34169744   -628.48564887      36       0      26
  388     54.71266391   -147.66665284   -628.48564878      31       0      25
  389     68.41586965    -52.19803343   -628.48564881      30       0      36
  390     58.01505518   -177.87267042   -628.48564878      40       0      33
  391     62.90326327    -93.66721473   -628.48564878      41       0      32
  392     74.99481885    -39.13361220   -628.48564883      39       0      46
  393     76.21888357    -42.00662579   -628.48564887      46       0      36
  394     73.27116648    -66.71446619   -628.48564885      55       0      36
  395     81.99545128    -26.54486966   -628.48564887      48       0      51
  396     60.21525361   -109.63261495   -628.48564887      53       0      23
  397     59.14556859    -38.71139113   -628.48564885      42       0      25
  398     42.58109731   -152.40944261   -628.48564886      33       0      19
  399     41.57313166    -15.95770961   -628.48564887      18       0      17
  400     41.87239136    -51.15429207   -628.48564883      19       0      18
  401     56.39626816   -102.87051293   -628.48564885      19       0      21
  402     37.46650616   -113.28744805   -628.48564886      20       0      22
  403     72.40484891    -56.27617000   -628.48564883      25       0      29
  404     61.05560097    -87.98501965   -628.48564883      29       0      25
  405     72.53777554    -29.37490782   -628.48564871      26       0      26
  406     66.55839141    -80.70552145   -628.48564886      34       0      34
  407     64.60308196    -81.38169011   -628.48564883      37       0      32
  408     68.24354780    -54.13114595   -628.48564883      35       0      32
  409     72.84027320    -75.36807216   -628.48564881      40       0      41
  410     60.50312625    -27.21134656   -628.48564880      43       0      38
  411     68.68426995    -87.41359695   -628.48564885      47       0      36
  412     74.72590070    -31.87874295   -628.48564885      45       0      50
  413     68.38719982    -61.08538001   -628.48564881      54       0      33
  414     66.87762439    -41.29001810   -628.48564883      49       0      26
  415     62.16565593    -44.92051833   -628.48564878      44       0      19
  416     45.08248270    -21.40981927   -628.48564883      25       0      18
  417     47.55690072    -87.55349163   -628.48564881      20       0      18
  418     57.63684845    -40.78015435   -628.48564882      19       0      18
  419     62.28751155    -25.36159390   -628.48564881      18       0      25
  420     54.71449190   -157.73494595   -628.48564886      26       0      27
  421     56.23767217    -74.93163899   -628.48564884      30       0      20
  422     32.66417823   -294.38613098   -628.48564882      23       0      29
  423     72.77521137    -18.39974811   -628.48564878      29       0      33
  424     74.20973405    -36.44003063   -628.48564880      36       0      32
  425     69.25747005    -83.82499556   -628.48564882      34       0      33
  426     70.31246599    -54.95829947   -628.48564879      39       0      37
  427     53.38912557    -73.31950632   -628.48564884      42       0      33
  428     75.83627831    -19.91010939   -628.48564883      41       0      45
  429     64.97822343    -35.47564286   -628.48564882      48       0      38
  430     57.64819661    -64.22559838   -628.48564881      52       0      35
  431     58.33260284    -63.53368887   -628.48564882      40       0      35
  432     51.07148610   -116.95439830   -628.48564881      43       0      23
  433     47.48787094    -49.80824179   -628.48564882      33       0      18
  434     43.77155177    -58.83609128   -628.48564882      26       0      18
  435     32.43560391   -141.66439926   -628.48564883      23       0      19
  436     50.28832255    -97.55377196   -628.48564887      24       0      21
  437     61.37778880    -96.28145304   -628.48564882      25       0      29
  438     52.58679304    -66.75476496   -628.48564882      32       0      19
  439     76.25683286    -95.12639180   -628.48564883      22       0      30
  440     62.51747597    -10.91183587   -628.48564882      34       0      32
  441     59.47393952    -31.55029649   -628.48564882      38       0      27
  442     84.05494849    -29.40303098   -628.48564882      36       0      36
  443     56.74515675    -34.65591566   -628.48564881      45       0      35
  444     62.35137952    -94.12784365   -628.48564881      41       0      31
  445     58.79665539    -90.02897281   -628.48564881      39       0      44
  446     84.25895761    -35.01210025   -628.48564881      49       0      42
  447     65.27714278    -46.87392871   -628.48564880      51       0      34
  448     85.41816183    -36.14678860   -628.48564881      44       0      33
  449     65.95875722    -36.80674930   -628.48564881      41       0      26
  450     37.00345139    -32.75649443   -628.48564880      31       0      19
  451     42.56170233   -121.02223454   -628.48564880      23       0      19
  452     48.03294481    -66.20713600   -628.48564887      20       0      19
  453     66.12055080    -65.91726947   -628.48564887      20       0      23
  454     58.69133657    -21.60811601   -628.48564881      27       0      26
  455     52.63801882    -78.54399414   -628.48564881      27       0      22
  456     58.97975125    -79.82720756   -628.48564881      27       0      25
  457     51.09146400    -69.80221766   -628.48564881      25       0      29
  458     50.92781287    -66.56438042   -628.48564880      30       0      29
  459     73.59432387    -21.32602264   -628.48564880      34       0      36
  460     77.76632350    -31.77331670   -628.48564885      39       0      38
  461     72.05467012    -52.31752865   -628.48564885      50       0      30
  462     84.07759373    -54.00914603   -628.48564885      36       0      41
  463     79.74313273    -30.32326997   -628.48564886      46       0      42
  464     74.04045941     36.10180969   -628.48564881      46       0      33
  465     91.09680539    -37.93863198   -628.48564883      49       0      40
  466     60.63609560    -73.99325726   -628.48564887      44       0      25
  467     69.26725483    -35.90111165   -628.48564887      36       0      22
  468     44.37390939   -107.45380281   -628.48564887      24       0      19
  469     41.33617955    -50.02046247   -628.48564881      19       0      16
  470     47.10980856    -91.28904131   -628.48564886      21       0      25
  471     62.68608757    -60.11759819   -628.48564887      27       0      25
  472     42.20646814    -94.79495986   -628.48564886      27       0      24
  473     57.71079348    -33.55071038   -628.48564881      28       0      23
  474     55.10920876   -103.03815835   -628.48564881      26       0      27
  475     63.12892235     -4.02533156   -628.48564881      33       0      30
  476     65.30707059    -26.91806280   -628.48564886      34       0      31
  477     63.04894216    -20.43296127   -628.48564886      32       0      37
  478     69.07907146    -22.71281887   -628.48564880      40       0      34
  479     65.05294532    -46.08216664   -628.48564881      38       0      38
  480     69.45918450    -31.71968867   -628.48564879      45       0      43
  481     73.88584281    -33.32328906   -628.48564884      46       0      36
  482     66.72050055    -45.97658245   -628.48564879      47       0      37
  483     70.00089175    -34.00327324   -628.48564886      54       0      31
  484     50.78581988   -104.84558544   -628.48564883      45       0      23
  485     44.68268352   -149.76738810   -628.48564886      31       0      17
  486     51.52589694    -38.31299298   -628.48564880      23       0      14
  487     49.45845402   -144.38296268   -628.48564883      15       0      27
  488     52.53504879   -121.42848851   -628.48564880      27       0      25
  489     66.75136824    -51.49518156   -628.48564879      26       0      23
  490     38.72373022    -81.73577070   -628.48564883      27       0      23
  491     62.86420401    -79.65300795   -628.48564877      22       0      29
  492     62.53729589    -43.75471202   -628.48564879      30       0      30
  493     61.71895950    -40.68705266   -628.48564879      34       0      29
  494     78.26078883    -27.23616935   -628.48564878      33       0      35
  495     70.90981574    -44.58372934   -628.48564878      39       0      33
  496     74.53713254    -22.23176968   -628.48564879      38       0      39
  497     63.09905834    -78.30319007   -628.48564878      44       0      40
  498     64.16965803    -56.85479675   -628.48564880      45       0      28
  499     82.62055333    -48.58679028   -628.48564878      39       0      41
  500     57.45962323   -126.54761980   -628.48564877      47       0      37
  501     58.36488529    -35.41259194   -628.48564880      44       0      26
  502     41.77508261   -156.68687901   -628.48564879      42       0      21
  503     37.69705825   -167.57546168   -628.48564879      30       0      14
  504     48.68951441   -120.40942646   -628.48564880      18       0      25
  505     65.09470785    -27.76385025   -628.48564880      26       0      24
  506     66.25961284    -41.00980232   -628.48564886      24       0      25
  507     51.53302900   -125.13390723   -628.48564880      29       0      24
  508     47.11314177   -100.49532564   -628.48564880      28       0      24
  509     57.27063827    -43.28363000   -628.48564880      24       0      32
  510     73.58546188    -90.40275866   -628.48564881      36       0      26
  511     71.75697984   -102.62080556   -628.48564881      30       0      35
  512     72.16683152    -60.80917479   -628.48564881      39       0      35
  513     65.36655082    -89.59842578   -628.48564881      38       0      36
  514     77.05832178    -23.87316511   -628.48564886      50       0      38
  515     67.40959248    -57.39579795   -628.48564886      45       0      32
  516     48.07395633   -117.85249879   -628.48564886      41       0      32
  517     78.14088721    -31.24335971   -628.48564883      37       0      42
  518     67.35045555    -36.78734477   -628.48564886      48       0      26
  519     62.19571173    -48.34998077   -628.48564886      39       0      26
  520     48.26316912    -98.56283618   -628.48564886      33       0      18
  521     48.02493386    -62.71336144   -628.48564886      22       0      24
  522     51.09418374    -77.54388716   -628.48564877      25       0      21
  523     50.06427539    -60.65599153   -628.48564884      25       0      27
  524     46.68159206    -60.52154310   -628.48564886      28       0      22
  525     55.71447895    -91.81245337   -628.48564886      27       0      26
  526     71.51121566    -40.61883923   -628.48564886      27       0      29
  527     63.85057898    -50.31713565   -628.48564884      31       0      27
  528     77.62024116    -29.52382039   -628.48564886      28       0      32
  529     54.35997072    -52.16609422   -628.48564881      33       0      32
  530     70.01575765    -60.74140786   -628.48564883      39       0      40
  531     79.96723460    -47.62400054   -628.48564886      48       0      36
  532     65.20823398    -98.23791616   -628.48564886      46       0      34
  533     60.74675876    -83.89124882   -628.48564886      42       0      31
  534     73.60523745    -37.69361085   -628.48564887      48       0      37
  535     69.70995951    -35.90787467   -628.48564882      41       0      32
  536     49.20069074   -162.22149549   -628.48564884      41       0      29
  537     55.83825774    -43.29958048   -628.48564886      33       0      19
  538     61.32412080    -40.44212765   -628.48564886      25       0      23
  539     58.72229776    -76.80752151   -628.48564884      27       0      21
  540     57.36621549    -32.14934336   -628.48564885      22       0      26
  541     50.81629114    -48.62978584   -628.48564884      29       0      25
  542     61.01592390    -63.82564749   -628.48564886      26       0      25
  543     54.79787082    -63.34594947   -628.48564886      27       0      29
  544     53.12282573    -79.11442018   -628.48564883      35       0      28
  545     49.69528287    -51.04392351   -628.48564884      31       0      25
  546     58.12497147    -19.30455814   -628.48564886      25       0      31
  547     70.87841293    -51.03055228   -628.48564886      35       0      38
  548     65.61302375    -46.05861338   -628.48564885      39       0      37
  549     61.85003900   -142.42534960   -628.48564877      41       0      33
  550     58.35122535   -125.01134333   -628.48564884      43       0      35
  551     65.02073850    -81.10176378   -628.48564877      38       0      39
  552     61.46170167    -49.36113563   -628.48564885      48       0      31
  553     71.95507705    -42.37395147   -628.48564877      42       0      29
  554     63.57916257    -12.70577488   -628.48564884      40       0      23
  555     51.05880313    -25.65722742   -628.48564882      30       0      22
  556    113.30560713   1583.78105244   -628.48564882      26       0      21
  557     57.25939869   -129.78464881   -628.48564881      26       0      28
  558     40.52126079    -35.80531518   -628.48564882      30       0      24
  559     57.64259810    -36.15599305   -628.48564881      26       0      22
  560     51.06899846    -24.82687219   -628.48564882      23       0      31
  561     70.21961029    -18.07476065   -628.48564884      33       0      29
  562     43.22206921   -179.91145725   -628.48564882      34       0      24
  563     52.35038932   -125.27235015   -628.48564877      28       0      30
  564     66.73713867    -19.32703858   -628.48564882      37       0      34
  565     71.94438662    -23.36212414   -628.48564881      34       0      39
  566     67.56905804    -18.45695720   -628.48564883      41       0      34
  567     52.70240371    -14.04214227   -628.48564885      43       0      31
  568     66.45375106    -32.94916243   -628.48564884      38       0      41
  569     67.61302276    -73.81546891   -628.48564881      48       0      29
  570     61.61644352    -37.86623679   -628.48564882      37       0      31
  571     55.52189044    -43.33817131   -628.48564881      39       0      26
  572     64.69811127   -118.08870417   -628.48564884      35       0      20
  573     54.70979173   -118.91302645   -628.48564882      22       0      26
  574     66.29738319    -56.30294500   -628.48564882      27       0      27
  575     54.01210807   -104.68602353   -628.48564885      28       0      24
  576     68.32187518    -58.54643582   -628.48564885      27       0      22
  577     64.06256192    -74.36599466   -628.48564882      29       0      29
  578     57.62732135    -37.94577662   -628.48564885      31       0      27
  579     43.75381770   -144.94737415   -628.48564882      30       0      24
  580     70.51813434    -37.23971325   -628.48564883      29       0      35
  581     81.96069281    -72.95163010   -628.48564883      37       0      34
  582     62.28703584    -24.86313239   -628.48564885      37       0      27
  583     71.55708077    -59.07532533   -628.48564886      32       0      42
  584     56.38109970    -65.50189497   -628.48564884      45       0      30
  585     75.19333669    -24.57184900   -628.48564870      40       0      38
  586     53.07185657   -116.68984088   -628.48564884      44       0      29
  587     58.35191988    -18.88655727   -628.48564885      36       0      33
  588     72.18370945    -38.81447928   -628.48564883      38       0      33
  589     44.83626812    -73.95572489   -628.48564885      39       0      19
  590     66.53014104    -34.42323135   -628.48564885      30       0      23
  591     52.69923550    -83.42114881   -628.48564883      23       0      28
  592     59.98729151    -54.89560804   -628.48564884      26       0      23
  593     70.88127699    -24.27871451   -628.48564885      26       0      23
  594     67.77791132    -43.15294266   -628.48564884      28       0      27
  595     61.59301813   -105.55780664   -628.48564885      34       0      28
  596     44.86808103    -47.59648386   -628.48564883      32       0      27
  597     58.48102078    -55.08984013   -628.48564885      35       0      33
  598     59.14344635    -70.29685879   -628.48564885      37       0      30
  599     69.61732055    -36.84982000   -628.48564884      34       0      27
  600     82.50020900    -10.57162454   -628.48564883      34       0      43
  601     63.06272791    -36.65544733   -628.48564883      45       0      30
  602     67.22620524    -86.06379271   -628.48564884      40       0      37
  603     78.64748150    -20.74709442   -628.48564883      45       0      29
  604     63.61246330    -63.76714108   -628.48564884      33       0      34
  605     69.80576389    -36.43402004   -628.48564883      37       0      34
  606     47.60588346   -157.93113078   -628.48564884      40       0      24
  607     54.19193785     -8.57457998   -628.48564883      33       0      22
  608     68.36304719    -40.15929001   -628.48564884      23       0      26
  609     54.04138805    -58.58941581   -628.48564885      29       0      21
  610     56.59270560    -53.17722724   -628.48564883      25       0      22
  611     54.23392013    -94.67584496   -628.48564884      25       0      29
  612     66.59535238    -41.68415053   -628.48564884      29       0      25
  613     56.95022176    -30.00720068   -628.48564885      29       0      30
  614     70.37870300    -39.77850651   -628.48564885      29       0      30
  615     71.33837993    -35.49439030   -628.48564883      36       0      31
  616     40.37734407   -172.39040318   -628.48564884      34       0      28
  617     68.54525885    -39.13470529   -628.48564885      38       0      39
  618     68.51712858    -22.15281474   -628.48564882      40       0      33
  619     55.94777936    -64.55121390   -628.48564884      39       0      38
  620     59.31041285    -43.63895656   -628.48564883      42       0      33
  621     66.21933283    -35.16652754   -628.48564885      43       0      29
  622     72.44539017    283.30291708   -628.48564878      34       0      33
  623     47.06048934   -118.40166141   -628.48564884      37       0      27
  624     61.19440261    -27.01018212   -628.48564878      34       0      26
  625     50.12397208    -22.65439387   -628.48564878      32       0      20
  626     58.43920352    -52.54393131   -628.48564884      24       0      24
  627     56.67812699    -74.99643163   -628.48564878      28       0      25
  628     57.75643219   -104.68244324   -628.48564884      30       0      25
  629     57.61118189    -48.74438283   -628.48564885      27       0      27
  630     59.89697328   -128.53609559   -628.48564878      30       0      28
  631     60.03039994    -44.85617776   -628.48564878      31       0      33
  632     54.49852975    -65.55068891   -628.48564884      36       0      23
  633     45.83934604   -107.56308510   -628.48564884      31       0      34
  634     65.92004573    -33.28247706   -628.48564884      37       0      35
  635     61.87248759    -68.54505302   -628.48564884      41       0      34
  636     72.36332752   -107.76075303   -628.48564884      40       0      38
  637     66.27932357    -28.84054305   -628.48564884      45       0      31
  638     63.41830015    -43.92377242   -628.48564884      41       0      34
  639     53.48193568    -54.76688216   -628.48564885      35       0      29
  640     67.01664653    -49.56596627   -628.48564884      34       0      30
  641     59.96841296    -35.88379905   -628.48564884      33       0      26
  642     42.06831594    -77.08276676   -628.48564884      30       0      20
  643     64.13654707    -73.99814632   -628.48564884      26       0      23
  644     53.41317568    -43.32087688   -628.48564884      26       0      29
  645     51.70696068   -132.98736045   -628.48564885      29       0      23
  646     60.40318644    -40.05854540   -628.48564884      27       0      25
  647     60.96865392    -44.58747799   -628.48564884      27       0      32
  648     63.44572880    -16.85114520   -628.48564884      39       0      24
  649     58.58713001    -26.51677477   -628.48564884      25       0      31
  650     55.23213316    -53.82192434   -628.48564884      36       0      29
  651     67.52018603    -43.83407483   -628.48564884      31       0      36
  652     68.90663585    -64.40489808   -628.48564884      38       0      32
  653     77.30156922    -90.36135590   -628.48564884      34       0      37
  654     69.40016824    -63.28857535   -628.48564884      46       0      38
  655     56.62167645    -60.67150448   -628.48564884      48       0      33
  656     60.69692648   -100.04359046   -628.48564883      40       0      28
  657     57.43849454    -67.43830438   -628.48564883      38       0      29
  658     58.20922211   -146.10171729   -628.48564886      35       0      26
  659     60.88767565    -34.78962091   -628.48564883      33       0      23
  660     51.19132979    -91.85443576   -628.48564884      29       0      23
  661     63.25675831    -92.22222118   -628.48564886      24       0      29
  662     45.43781218    -70.17449686   -628.48564883      29       0      21
  663     44.50620607   -173.39244556   -628.48564884      23       0      25
  664     71.54058931    -54.89417110   -628.48564883      26       0      32
  665     48.90162896    -81.11772590   -628.48564885      34       0      25
  666     66.16516390    -31.69527277   -628.48564884      31       0      33
  667     48.90784340   -119.13874688   -628.48564884      36       0      26
  668     80.29860807    -27.68504696   -628.48564886      35       0      35
  669     57.05415967    -43.29907054   -628.48564882      40       0      27
  670     76.17261762    -35.25684663   -628.48564884      34       0      40
  671     57.19369976    -18.19078267   -628.48564886      45       0      34
  672     63.45092335   -102.77286992   -628.48564887      44       0      37
  673     53.70654951    -50.66224054   -628.48564882      45       0      30
  674     69.94394448    -45.45310356   -628.48564887      36       0      28
  675     54.03542381    -82.87839523   -628.48564885      37       0      28
  676     76.32645554    -21.60952496   -628.48564885      31       0      26
  677     47.43632525   -112.63415353   -628.48564882      28       0      24
  678     56.99500940    -47.51674401   -628.48564885      28       0      26
  679     49.07816988    -26.61777473   -628.48564882      31       0      21
  680     54.62646952    -76.81357697   -628.48564882      24       0      28
  681     58.94394808    -63.91153436   -628.48564884      30       0      26
  682     72.56853181    -25.61704325   -628.48564885      32       0      28
  683     52.66037839    -71.45552867   -628.48564887      29       0      28
  684     64.66047263    -49.26129475   -628.48564887      36       0      27
  685     66.91330169    -47.83589428   -628.48564885      30       0      36
  686     54.37392806    -23.03355364   -628.48564885      40       0      27
  687     63.67597898   -133.72587692   -628.48564880      34       0      37
  688     81.93376524    -24.79599486   -628.48564886      42       0      33
  689     71.31816227    -89.57089670   -628.48564887      39       0      41
  690     40.12494637   -153.31156364   -628.48564882      48       0      27
  691     74.97985592    -14.50623936   -628.48564883      40       0      35
  692     57.84757395    -49.01836342   -628.48564885      42       0      27
  693     50.72930760    -74.14911137   -628.48564885      31       0      26
  694     42.36455320   -152.54536343   -628.48564888      33       0      23
  695     49.44030292    -28.97584329   -628.48564881      27       0      26
  696     46.75994283    -70.94794229   -628.48564881      29       0      23
  697     60.65140623   -125.78974570   -628.48564885      25       0      25
  698     49.89905934   -115.19510629   -628.48564881      26       0      29
  699     72.79004839    -74.04181098   -628.48564886      32       0      23
  700     60.27638571    -51.65164577   -628.48564885      27       0      31
  701     47.69175633   -102.95828721   -628.48564881      31       0      25
  702     62.13086543    -74.02633174   -628.48564888      32       0      34
  703     65.12430212    -55.93675064   -628.48564885      40       0      31
  704     86.76533831    -40.77922541   -628.48564884      35       0      35
  705     65.33634392    -33.92818745   -628.48564887      41       0      31
  706     69.84823175    -35.13357672   -628.48564887      38       0      39
  707     56.67957418   -104.29704708   -628.48564884      43       0      31
  708     69.86232609    -36.41371741   -628.48564887      42       0      36
  709     61.71355053    -60.79936076   -628.48564885      42       0      27
  710     43.05704230   -171.96476726   -628.48564887      37       0      25
  711     53.65901201    -69.41952053   -628.48564885      30       0      27
  712     69.43859784    -57.43613061   -628.48564887      28       0      27
  713     64.66059163    -41.02173559   -628.48564885      29       0      23
  714     40.44072374   -235.65387372   -628.48564885      29       0      21
  715     70.08107465    -78.17828779   -628.48564887      26       0      32
  716     51.14354182    -60.28163359   -628.48564887      37       0      23
  717     64.19721706    -42.45903565   -628.48564887      30       0      28
  718     56.07421544   -126.49371639   -628.48564885      30       0      24
  719     77.93374840    -56.43388803   -628.48564885      30       0      33
  720     51.74788686   -184.00206539   -628.48564885      35       0      31
  721     67.27604364    -25.29116466   -628.48564887      36       0      35
  722     74.43755044    -48.56774226   -628.48564886      41       0      33
  723     56.13199923    -84.17650545   -628.48564865      41       0      36
  724     61.62155388    -45.43211249   -628.48564881      41       0      31
  725     67.84507368    -28.19294857   -628.48564881      41       0      37
  726     63.32781784    -55.86298178   -628.48564886      42       0      29
  727     43.47344808    -91.83239665   -628.48564887      41       0      29
  728     55.31752125   -161.47139965   -628.48564881      33       0      25
  729     52.93421912    -78.53444134   -628.48564885      32       0      23
  730     73.20585233    -16.34065380   -628.48564886      27       0      27
  731     37.51770614   -151.22612068   -628.48564886      30       0      18
  732     51.49097294   -178.43841765   -628.48564886      19       0      32
  733     67.25913151    -26.23574425   -628.48564886      33       0      24
  734     61.98726921    -99.83411197   -628.48564886      29       0      30
  735     44.06635945   -166.52485546   -628.48564884      33       0      23
  736     74.12533930    -63.62590477   -628.48564886      27       0      33
  737     66.71257958    -35.95351521   -628.48564886      36       0      29
  738     78.17875518    -25.98473018   -628.48564887      30       0      31
  739     44.09381383    -49.65244338   -628.48564887      36       0      35
  740     80.64699195    -48.72440265   -628.48564887      38       0      37
  741     69.22158629    -27.65848221   -628.48564885      47       0      33
  742     53.25876718    -59.91974166   -628.48564887      39       0      32
  743     62.37352871    -52.35645208   -628.48564884      36       0      33
  744     61.91932948    -44.97683901   -628.48564888      38       0      30
  745     51.76675556    -70.08881861   -628.48564887      34       0      26
  746     60.75108956    -59.65685802   -628.48564888      34       0      25
  747     63.79629972    -74.58388356   -628.48564887      29       0      27
  748     45.83361259    -45.18493150   -628.48564887      28       0      19
  749     53.93156162    -47.45992940   -628.48564887      23       0      30
  750     66.38944264     -5.41018447   -628.48564886      30       0      23
  751     56.95053163    -14.62652854   -628.48564887      30       0      29
  752     58.97851010    -65.01235347   -628.48564887      32       0      25
  753     67.29269150    -26.12233940   -628.48564888      31       0      34
  754     71.75743190    -57.22991836   -628.48564887      38       0      27
  755     55.16964795    -76.56114914   -628.48564885      33       0      28
  756     72.18470056    -32.87244370   -628.48564885      30       0      36
  757     66.06469723    -29.76406010   -628.48564887      37       0      37
  758     61.12958755   -123.47297879   -628.48564876      43       0      35
  759     57.09148625    -45.89160023   -628.48564876      45       0      30
  760     69.85712818    -56.33456214   -628.48564887      39       0      34
  761     55.87509108   -107.94682526   -628.48564876      37       0      31
  762     59.35697704    -75.73490091   -628.48564887      41       0      26
  763     53.17995149    -26.86358342   -628.48564887      31       0      25
  764     59.33813484    -26.09485186   -628.48564886      28       0      28
  765     63.55962687    -70.21593305   -628.48564886      31       0      21
  766     40.94048576   -164.75094897   -628.48564886      25       0      26
  767     49.06724967   -129.80824469   -628.48564886      28       0      24
  768     59.83568962    -40.30338565   -628.48564886      26       0      26
  769     62.28523801    -11.72465016   -628.48564886      29       0      30
  770     65.81322749    -21.30165059   -628.48564886      31       0      30
  771     55.57086218    -17.48530251   -628.48564887      33       0      29
  772     53.69903300    -45.81212638   -628.48564887      31       0      31
  773     72.34851301    -34.89091028   -628.48564887      36       0      28
  774     65.97997752    -65.90255334   -628.48564887      31       0      37
  775     60.59980305    -99.20868315   -628.48564887      44       0      37
  776     67.41001549   -102.02389421   -628.48564887      39       0      33
  777     55.24417162   -164.69467343   -628.48564886      40       0      29
  778     78.68457251    -46.79236246   -628.48564887      38       0      38
  779     47.95014786    -55.88729366   -628.48564878      46       0      24
  780     67.23180920    -35.06214764   -628.48564887      40       0      27
  781     59.38719566    -38.79164437   -628.48564882      28       0      25
  782     67.90093799    -36.43118715   -628.48564882      31       0      25
  783     81.52669877    -18.85988587   -628.48564887      26       0      24
  784     61.94527688    -41.94721220   -628.48564887      26       0      24
  785     70.22376582    -84.86894018   -628.48564883      27       0      28
  786     62.55177915    -43.49666889   -628.48564882      29       0      29
  787     69.38900351    -48.70636477   -628.48564887      32       0      29
  788     65.54494167    -43.45453507   -628.48564886      31       0      26
  789     47.64501563   -104.95369195   -628.48564886      30       0      29
  790     77.09129157    -44.26081897   -628.48564886      28       0      34
  791     63.97576549    -63.56850512   -628.48564887      38       0      36
  792     65.36262095    -28.74428629   -628.48564882      43       0      34
  793     69.37643113    -49.07089797   -628.48564882      43       0      30
  794     58.94158585    -50.14552512   -628.48564882      42       0      28
  795     70.88668393    -37.65026397   -628.48564887      36       0      36
  796     72.15388833    -36.00589767   -628.48564882      39       0      31
  797     59.05570027    -17.31859688   -628.48564882      38       0      29
  798     50.54683021    -30.73066573   -628.48564881      36       0      27
  799     40.08563877   -263.58999478   -628.48564886      32       0      23
  800     48.51487152    -99.14480663   -628.48564882      23       0      25
  801     40.89993927   -137.86467979   -628.48564887      29       0      25
  802     62.37613705    -12.03299711   -628.48564886      28       0      26
  803     57.32795052    -73.03855628   -628.48564887      34       0      31
  804     49.55129949    -46.45565396   -628.48564885      37       0      25
  805     75.10453199    -20.60824609   -628.48564886      28       0      30
  806     74.86858818    -34.24156092   -628.48564886      34       0      26
  807     47.92231657    -78.94074282   -628.48564887      33       0      29
  808     62.53693010    -63.38882395   -628.48564887      33       0      36
  809     72.63420236    -27.57988533   -628.48564881      40       0      34
  810     60.97690601    -14.45733878   -628.48564887      39       0      32
  811     58.57431828    -57.71111015   -628.48564887      41       0      28
  812     66.85422919   -126.11495021   -628.48564887      39       0      38
  813     63.00618828    -34.35758083   -628.48564886      41       0      31
  814     55.70051366   -145.04617019   -628.48564885      37       0      29
  815     68.81026027    -43.06317076   -628.48564886      42       0      30
  816     49.05562335    -96.38968184   -628.48564886      39       0      23
  817     56.36164500    -43.97088497   -628.48564883      26       0      23
  818     57.00687550    -54.54486173   -628.48564887      24       0      22
  819     41.38547308    -74.16039908   -628.48564887      25       0      25
  820     50.37121325    -28.39755005   -628.48564887      24       0      36
  821     39.22775147   -128.59627114   -628.48564887      35       0      25
  822     58.99805514   -185.29741215   -628.48564885      37       0      27
  823     57.91321574    -98.09849386   -628.48564887      33       0      25
  824     71.68733044    -51.09451824   -628.48564887      27       0      32
  825     73.70430610    -36.12735599   -628.48564886      34       0      34
  826     61.90177043    -66.72663675   -628.48564886      42       0      32
  827     70.06373916    -72.65286742   -628.48564883      37       0      33
  828     51.57033921    -93.98241744   -628.48564885      41       0      28
  829     73.12427393    -15.04227106   -628.48564883      30       0      38
  830     73.23371742    -44.14675355   -628.48564886      42       0      28
  831     54.04608539    -36.45179645   -628.48564886      34       0      31
  832     62.24823614    -23.71073630   -628.48564886      37       0      35
  833     59.46104491    -13.77492426   -628.48564883      43       0      26
  834     47.07194838    -12.37808955   -628.48564887      33       0      20
  835     55.05306794   -104.64096838   -628.48564887      30       0      24
  836     64.36278956    -35.31391363   -628.48564887      29       0      23
  837     62.62580742    -26.53044759   -628.48564887      27       0      30
  838     64.12279848    -39.74312083   -628.48564887      32       0      30
  839     64.89294129   -101.86451858   -628.48564887      34       0      28
  840     64.76510963    -24.90281499   -628.48564886      33       0      26
  841     60.22363224    -32.24402747   -628.48564887      31       0      26
  842     74.61125576    -44.63424310   -628.48564886      27       0      35
  843     62.47727748    -68.69119125   -628.48564888      42       0      35
  844     60.56661510    -30.56038430   -628.48564885      40       0      32
  845     73.69622491    -28.77057523   -628.48564884      42       0      30
  846     72.54678486    -49.88660212   -628.48564888      32       0      35
  847     47.03458956   -137.78058695   -628.48564888      42       0      26
  848     63.35616493    -34.23279379   -628.48564888      33       0      31
  849     70.23888721    -54.92548175   -628.48564881      36       0      37
  850     62.86473543    -23.61840206   -628.48564887      38       0      25
  851     38.48749151   -121.89579001   -628.48564887      30       0      22
  852     51.99029114    -46.29611676   -628.48564887      24       0      25
  853     62.43185035    -43.87914429   -628.48564887      27       0      24
  854     59.26522028    -55.04402500   -628.48564887      27       0      29
  855     55.65841189    -48.46932653   -628.48564887      34       0      27
  856     63.15476378    -69.75237334   -628.48564887      36       0      31
  857     47.94521462   -153.59206568   -628.48564887      35       0      29
  858     36.36087617   -148.88983043   -628.48564887      32       0      21
  859     62.57235497    -27.55587827   -628.48564887      30       0      34
  860     74.58585542    -11.38114965   -628.48564887      36       0      35
  861     64.54560445    -42.61660328   -628.48564887      37       0      32
  862     75.65033639    -56.01672916   -628.48564887      47       0      31
  863     79.91945801    -35.78131761   -628.48564882      37       0      34
  864     40.37886136   -207.43087635   -628.48564887      41       0      32
  865     71.16448427     -7.09404277   -628.48564887      41       0      29
  866     72.67672649    -31.53492656   -628.48564882      37       0      35
  867     50.40772764    -47.53882235   -628.48564882      39       0      29
  868     55.76419161    -46.93941119   -628.48564887      29       0      21
  869     55.52500958    -65.98391535   -628.48564882      28       0      22
  870     60.38312253    -20.35595957   -628.48564882      28       0      24
  871     64.66246203    -36.76146375   -628.48564887      26       0      26
  872     72.98100540    -17.92815054   -628.48564884      31       0      30
  873     78.72188187    -57.62714998   -628.48564885      29       0      34
  874     44.21129395   -205.08682528   -628.48564885      37       0      23
  875     59.16722362    -73.01154532   -628.48564884      31       0      25
  876     76.00644903    -41.15393001   -628.48564884      30       0      34
  877     47.07886586    -46.24987304   -628.48564884      39       0      27
  878     55.97040033   -110.89923004   -628.48564887      37       0      36
  879     70.26476034    -42.88754212   -628.48564887      37       0      31
  880     59.73148633   -110.35583420   -628.48564884      37       0      34
  881     59.45433467    -42.82710343   -628.48564886      39       0      35
  882     47.65485234   -128.05853742   -628.48564884      39       0      28
  883     70.24007391    -49.08583262   -628.48564884      35       0      37
  884     76.24879154    -48.53847961   -628.48564884      42       0      29
  885     52.85204147   -178.58989829   -628.48564884      35       0      21
  886     63.26474714   -109.46589710   -628.48564886      31       0      24
  887     43.22026260    -57.23159118   -628.48564886      24       0      23
  888     50.62820049   -105.13801622   -628.48564884      24       0      27
  889     66.74219732    -37.01243049   -628.48564886      28       0      30
  890     50.56443638    -28.86822037   -628.48564886      35       0      28
  891     47.69132471    -41.20581563   -628.48564884      31       0      27
  892     58.70163840   -129.65523872   -628.48564884      33       0      24
  893     67.27183912    -47.97025727   -628.48564884      23       0      28
  894     74.13897309    -41.09074373   -628.48564887      34       0      37
  895     71.38327989    -30.94497074   -628.48564881      41       0      31
  896     69.22837104    -21.41937240   -628.48564887      41       0      33
  897     65.02918167   -143.21654047   -628.48564887      39       0      31
  898     59.90997472    -40.10655674   -628.48564887      38       0      35
  899     50.17552221   -147.67526774   -628.48564887      44       0      30
  900     53.97956970    -15.76432138   -628.48564887      35       0      36
  901     63.64986247    -41.98120900   -628.48564885      38       0      28
  902     56.82786247   -107.99120006   -628.48564887      37       0      27
  903     48.76586360   -105.23461278   -628.48564881      32       0      24
  904     45.89605653    -45.18226759   -628.48564886      27       0      21
  905     48.25064804   -138.98826313   -628.48564887      24       0      24
  906     62.70620101    -89.43929947   -628.48564886      28       0      36
  907     64.56520181   -106.71797939   -628.48564886      38       0      24
  908     71.21968305    -64.20560220   -628.48564886      32       0      28
  909     56.97381553    -23.64709132   -628.48564886      30       0      21
  910     58.07061779   -125.11602680   -628.48564886      23       0      28
  911     62.32939806    -51.40782165   -628.48564880      29       0      34
  912     71.55594712    -48.29294212   -628.48564887      36       0      35
  913     65.88229970    -91.98559985   -628.48564886      37       0      32
  914     64.95005179    -67.96936810   -628.48564881      43       0      31
  915     70.44409146    -68.50937231   -628.48564882      43       0      34
  916     66.67361723   -100.57484399   -628.48564885      42       0      32
  917     76.82656283    -71.15540854   -628.48564881      43       0      36
  918     55.05546798    -55.77685967   -628.48564887      43       0      27
  919     67.11379363    -16.94119867   -628.48564887      34       0      30
  920     56.43132205    -72.42820256   -628.48564886      34       0      24
  921     60.24238365    -16.20044562   -628.48564887      28       0      20
  922     70.08548694    -59.26197145   -628.48564887      24       0      26
  923     55.02003517    -71.74319168   -628.48564887      29       0      30
  924     59.54002203    -38.98300225   -628.48564887      34       0      31
  925     68.46233064    -38.81667929   -628.48564885      35       0      26
  926     35.59465311   -133.23177755   -628.48564884      29       0      22
  927     61.45399702    -35.16605005   -628.48564884      30       0      29
  928     51.21510251   -169.57052868   -628.48564887      32       0      28
  929     70.41561398    -84.77239405   -628.48564887      30       0      36
  930     54.38123215    -84.45923803   -628.48564884      41       0      27
  931     64.99364979    -34.96206722   -628.48564885      34       0      30
  932     60.79640451    -59.09853634   -628.48564883      35       0      36
  933     55.86021250   -127.81070598   -628.48564886      36       0      37
  934     75.93689278    -45.32555934   -628.48564883      42       0      34
  935     72.04570532    -24.56255458   -628.48564883      37       0      32
  936     45.69676044    -76.86427182   -628.48564886      42       0      27
  937     35.03322730   -238.95162512   -628.48564885      35       0      24
  938     54.13684781    -63.23632534   -628.48564885      32       0      22
  939     51.02868753    -46.62982318   -628.48564886      25       0      27
  940     54.95335497    -93.99028056   -628.48564887      29       0      27
  941     71.93951421    -97.87045204   -628.48564884      29       0      33
  942     44.76617902    -87.61273795   -628.48564884      33       0      22
  943     48.99666228    -99.44225485   -628.48564885      32       0      24
  944     75.03252501    -36.23502810   -628.48564886      31       0      33
  945     54.58728948    -51.72947908   -628.48564887      36       0      23
  946     68.16807513    -45.69006825   -628.48564885      28       0      35
  947     61.31458577    -92.34607010   -628.48564885      37       0      30
  948     56.89729869    -58.35245546   -628.48564885      36       0      31
  949     70.49852214    -45.50198076   -628.48564885      34       0      34
  950     81.30966563    -30.62646394   -628.48564885      43       0      37
  951     66.44334185    -77.29180837   -628.48564885      43       0      29
  952     69.28315827    -20.71061922   -628.48564887      39       0      34
  953     55.99550981    -54.83423594   -628.48564871      41       0      30
  954     56.98091421    -64.34820869   -628.48564885      35       0      26
  955     54.70120793    -34.14454892   -628.48564886      34       0      24
  956     57.82658531    -54.37971521   -628.48564886      31       0      26
  957     57.80883885   -117.91860176   -628.48564871      24       0      27
  958     68.88621076    -35.17157808   -628.48564871      35       0      27
  959     42.62781709   -129.26075543   -628.48564871      26       0      25
  960     57.67961824    -76.36224953   -628.48564885      28       0      23
  961     68.16690819    -42.20548143   -628.48564876      26       0      35
  962     54.35496508    -80.25137955   -628.48564886      39       0      23
  963     72.18604170    -62.52783269   -628.48564886      34       0      35
  964     71.47210731    -26.79878033   -628.48564885      38       0      29
  965     42.20027977   -211.29836938   -628.48564885      35       0      27
  966     80.72764534    -10.46371224   -628.48564887      31       0      39
  967     64.66458835    -56.54618127   -628.48564885      38       0      30
  968     62.26187648    -37.06304548   -628.48564886      43       0      32
  969     72.32650538    -46.73296501   -628.48564887      40       0      37
  970     58.15707936    -89.39541959   -628.48564876      45       0      27
  971     55.04039348    -41.21175771   -628.48564885      33       0      30
  972     54.08570139    -42.39231288   -628.48564886      39       0      24
  973     63.80193393    -46.61943640   -628.48564886      29       0      28
  974     50.53369639    -84.28679003   -628.48564887      31       0      27
  975     54.05365298    -67.38611573   -628.48564875      29       0      28
  976     54.42203081    -29.17150952   -628.48564885      32       0      22
  977     47.75446289   -179.45589540   -628.48564872      25       0      23
  978     66.34347517    -53.22495002   -628.48564886      24       0      31
  979     66.33064563    -45.46420750   -628.48564884      33       0      24
  980     75.20059189    -33.56690640   -628.48564885      25       0      36
  981     69.53617034    -20.59858211   -628.48564886      40       0      31
  982     46.48058735   -168.67820056   -628.48564885      37       0      30
  983     57.98811281    -40.35779919   -628.48564885      33       0      30
  984     60.24231663   -100.07208270   -628.48564885      32       0      32
  985     66.33876157    -42.23794357   -628.48564886      37       0      34
  986     73.72701481    -40.04183208   -628.48564885      42       0      34
  987     58.29813678    -57.40551356   -628.48564887      42       0      29
  988     58.99388764    -63.88683654   -628.48564885      41       0      32
  989     54.41036777   -133.10990988   -628.48564887      40       0      26
  990     62.86337391    -46.62211539   -628.48564885      33       0      29
  991     61.59225738    -73.85661011   -628.48564887      31       0      26
  992     61.34014581    -84.88644843   -628.48564878      35       0      29
  993     50.93854987    -85.41201566   -628.48564878      32       0      21
  994     58.03204035    -58.61821351   -628.48564882      24       0      25
  995     56.30464812    -82.84729297   -628.48564882      27       0      30
  996     49.08644113    -63.52435507   -628.48564887      29       0      22
  997     62.44439251    -20.84110154   -628.48564886      28       0      34
  998     61.45118894   -102.47583769   -628.48564887      34       0      32
  999     61.51990873    -64.54522726   -628.48564876      36       0      31
 1000     73.27459532    -50.44649229   -628.48564874      41       0      29
----------------------------------------------------------------------------------
Artificial Bee Colony Optimization Finished!

 -- Results Report --
 * 100 LMs will be saved in [ lm-LM ].
      #          Energy
      0   -628.48564888
      1   -628.19276388
      2   -623.61911707
      3   -623.34899330
      4   -623.30842682
      5   -622.73153039
      6   -622.67582445
      7   -622.63540647
      8   -622.45289511
      9   -622.42888050
     10   -622.14865239
     11   -621.97765818
     12   -621.71021929
     13   -621.62249888
     14   -621.35232242
     15   -621.32240807
     16   -621.27110200
     17   -621.05700523
     18   -620.98301582
     19   -620.76724091
     20   -620.71719934
     21   -620.39595169
     22   -620.30536590
     23   -620.23237262
     24   -619.70029436
     25   -619.66218604
     26   -619.61701630
     27   -619.57589858
     28   -619.48100517
     29   -619.32392647
     30   -619.18202610
     31   -619.09443101
     32   -619.00125594
     33   -618.97807745
     34   -618.96405792
     35   -618.96122950
     36   -618.85170887
     37   -618.80032874
     38   -618.76161188
     39   -618.74421639
     40   -618.51874094
     41   -618.30558371
     42   -618.29268969
     43   -618.18834697
     44   -618.10274202
     45   -618.05995234
     46   -618.00315644
     47   -617.94226056
     48   -617.81266817
     49   -617.68741279
     50   -617.58863689
     51   -617.27739791
     52   -616.91386830
     53   -616.85869895
     54   -616.84996596
     55   -616.73528039
     56   -616.65233507
     57   -616.61472862
     58   -616.60239015
     59   -616.53151977
     60   -616.52080507
     61   -616.45527081
     62   -616.42925100
     63   -616.41459301
     64   -616.41196702
     65   -616.34887423
     66   -616.33903643
     67   -616.29232024
     68   -616.28941385
     69   -616.23443365
     70   -616.23047742
     71   -616.15955994
     72   -616.14773522
     73   -616.13780499
     74   -616.03989810
     75   -616.02007581
     76   -616.00065454
     77   -615.98201719
     78   -615.90495918
     79   -615.74729374
     80   -615.69773346
     81   -615.67725965
     82   -615.60017469
     83   -615.59749117
     84   -615.42015210
     85   -615.34167199
     86   -615.30325237
     87   -615.25611421
     88   -615.23987207
     89   -615.21960664
     90   -615.21141706
     91   -615.17656923
     92   -615.17422457
     93   -615.15924159
     94   -615.06288423
     95   -615.05408164
     96   -615.03958773
     97   -614.97336790
     98   -614.92717759
     99   -614.89947277

 * Final Global Minimal Energy:   -628.48564887
 * The Global Minimum is saved as: [ lm-OPT.(cluster/xyz/gjf) ]

===== (^ _ ^) =====
Normal termination at Wed May  6 14:57:52 2020.
Total run time: 17960 seconds = 0 days 4 hours 59 minutes 20 seconds.
