    * * * * * * * * * * * * * * * * * * * * *
    *       __    ____    ______            *
    *      /  \  |  _ \  |  ___/  luster !  *
     *    / _  \ | |_| | | |               *
     *   / /_\ | |  _ <  | |     < @  @ >  * 
     *  / ___  | | |_| | | |___ _ _  o     * 
    *  /_/   |_| |____/  |_____ _ __ __  _  *
    *                                       *
    * * * * * * * * * * * * * * * * * * * * *

ABCluster 1.5.1
Specific flag:  official version
Platform:       LINUX/UNIX
Compiled by:    junzhang@gellmann.scs.illinois.edu
Compiling date: Dec 18 2017 20:33:35
C++ compiler:   g++
C++ options:    -O3 -Os -fno-exceptions --std=c++0x -fopenmp 

Contributors:
Jun Zhang(University of Cologne): Design and coding.

For any suggestions, comments, and questions on the theory and
implementation of ABCluster, please feel free to contact:

Dr. Jun Zhang, ZhangJunQcc@gmail.com

If you used this program in your work, please cite this reference:

[1] Zhang, J.; Dolg, M.; ABCluster: The Artificial Bee Colony Algorithm for
    Cluster Global Optimization. Phys. Chem. Chem. Phys. 2015, 17, 24173-24181.
[2] Zhang, J.; Dolg, M.; Global Optimization of Clusters of Rigid Molecules by the
    Artificial Bee Colony Algorithm. Phys. Chem. Chem. Phys. 2016, 18, 3003-3010.

Program starts at Wed May  6 09:15:52 2020.
Command line: " /ihome/jkeith/amm503/codes/ABCluster151/rigidmol-optimizer solvent.inp "
Process ID:   163129
Run by:       amm503@smp-n99.crc.pitt.edu
Available CPU cores:    24
Read "OMP_NUM_THREADS": 1

Random number testing (integers): 983670300...2137184889
Random number testing (fractals): 0.56591279...0.28794942

 -- Input/Output Parameters --
Input file name:      solvent.inp
Cluster file name:    solvent.cluster
Result file name:     lm.(cluster/xyz/gjf)
Temporary file name:  abclusteramm503smp-n99.crc.pitt.edu163129-OPT
# of saved LMs:       100
LMs are stored in:    lm-LM

 -- ABC Control Parameters --
Population size:                  500
Maximal generation:              1000
Scout limit:                       15
Amplitude:                20.00000000

 -- Cluster Components: from [ solvent.cluster ] --
 -----------------------------------------------------------
   Source                                       #   Charge
 -----------------------------------------------------------
   charmm36/tip4p.xyz                           7    0.000
 -----------------------------------------------------------
   Dimension: 0, an isolate cluster.
 -----------------------------------------------------------

Artificial Bee Colony Optimization Starts!
----------------------------------------------------------------------------------
 * Population: 500; Maximal cycles: 1000
 * EM = Employed Bee; Trigonometric mutation
 * OL = Onlooker Bee; ABC/best/2(0.5)+ABC/current/2(0.5);
        Tournament selection from 5 nectars.
 * SC = Scout Bee; Random nectar; Limit = 15
----------------------------------------------------------------------------------
    #       Diversity            maxE            minE    byEM    byOL    bySC
----------------------------------------------------------------------------------
    1     34.92269274    -13.22257725   -243.61685075     298      50       0
    2      6.53942462   -208.59719107   -243.61685075     244      50       0
    3      4.76412988   -222.11076507   -243.61685075     173      23       0
    4      3.93645549   -226.58153957   -243.61685075     111      22       0
    5      3.30124569   -227.61791038   -243.61685075      97      12       0
    6      2.86078173   -227.61791038   -243.61685075      76      17       0
    7      2.37934828   -231.23125866   -243.61685075      50       7       0
    8      2.25803971   -231.23125866   -243.61685075      49       5       0
    9      2.05461963   -231.23125866   -243.61685075      52       1       0
   10      1.92321403   -233.05645050   -243.61685075      44       3       0
   11      1.80377089   -233.05645050   -243.61685075      36       1       0
   12      1.67193016   -233.05645050   -243.61685074      36       1       0
   13      1.56638414   -233.05645050   -243.61685075      37       0       0
   14      1.33763009   -236.43636724   -243.61685075      36       1       0
   15      1.21943562   -236.43636724   -243.61685075      32       0       0
   16      1.12886050   -236.43636724   -243.61685075      35       0       0
   17      9.95454017    -22.68652058   -243.61685075      25       0       4
   18     35.38331384     -2.83411168   -243.61685075      38       0      53
   19     33.78190183    -10.63514326   -243.61685074      64       0      92
   20     42.81232261     -5.87086181   -243.61685074     106       0     130
   21     37.70321776     -8.63695780   -243.61685075     155       4     103
   22     35.77048416     -6.49583450   -243.61685075     167       6      67
   23     20.50997680    -34.32982788   -243.61685075     152      20      33
   24     10.61377715    -56.24890916   -243.61685075     134      13      10
   25     13.30013370    -41.31998467   -243.61685075     128      13       4
   26      6.41869011   -131.10855412   -243.61685075      97       3       4
   27      2.19720239   -229.58453479   -243.61685075     104       0       0
   28      1.67579810   -229.58453479   -243.61685075      87       1       0
   29      1.13015942   -236.89054182   -243.61685075      79       0       0
   30      0.87309930   -237.59574353   -243.61685075      44       0       0
   31      0.55586335   -237.59574353   -243.61685075      29       0       0
   32      0.19584315   -240.58781894   -243.61685075      16       0       0
   33      0.03256222   -242.88800828   -243.61685075       5       0       0
   34      1.74961679   -204.46037077   -243.61685075       0       0       1
   35     14.59237468    -35.90975855   -243.61685075       2       0      21
   36     19.88101019    -20.98918901   -243.61685075      18       0      31
   37     31.58357614    -10.06566568   -243.61685075      32       0      57
   38     40.76298994     -6.34257455   -243.61685075      66       0      84
   39     41.40755981     -8.18846749   -243.61685075      87       0      80
   40     40.42134121     -1.87998193   -243.61685075     110       0      90
   41     29.27825517     -4.32315200   -243.61685075     127       0      63
   42     22.49102106    -18.03707476   -243.61685075     131       1      46
   43     21.30878226    -35.46363861   -243.61685075     117       0      21
   44     10.59607748    -11.63268317   -243.61685075      87       0       4
   45      1.58975530   -216.95019109   -243.61685075      31       0       2
   46      0.00000000   -243.61685074   -243.61685074      14       0       0
   47      0.00000000   -243.61685074   -243.61685074       0       0       0
   48      0.00000000   -243.61685074   -243.61685074       0       0       0
   49      0.00000000   -243.61685074   -243.61685074       0       0       0
   50      0.00000000   -243.61685074   -243.61685074       0       0       0
   51      0.62519805   -229.62299643   -243.61685074       0       0       1
   52     15.01937801    -12.71486397   -243.61685075       1       0      14
   53     20.15544514    -22.31619060   -243.61685075      13       0      25
   54     26.33533770     -8.05310523   -243.61685075      27       0      43
   55     32.43145613    -11.83550934   -243.61685075      43       0      66
   56     33.72623534     -2.05817478   -243.61685075      72       0      64
   57     35.55407562     -6.72060388   -243.61685075      81       0      67
   58     44.89382614    -10.11333146   -243.61685075      86       0     100
   59     34.98490502    -11.58945966   -243.61685075     121       0      65
   60     33.17316891     -8.04617074   -243.61685075     115       0      42
   61     17.73917181     -3.76387710   -243.61685075     101       0       8
   62     13.34616930    -31.02429483   -243.61685075      66       0       5
   63      0.49206163   -234.21340741   -243.61685075      22       0       0
   64      0.00000000   -243.61685075   -243.61685074       3       0       0
   65      0.00000000   -243.61685075   -243.61685074       0       0       0
   66      0.00000000   -243.61685075   -243.61685074       0       0       0
   67      0.00000000   -243.61685075   -243.61685074       0       0       0
   68      1.00728345   -221.07075069   -243.61685074       0       0       1
   69     15.74996391     -8.60041129   -243.61685075       1       0      12
   70     23.72954686    -33.63440697   -243.61685075      12       0      26
   71     28.42830946    -10.38726869   -243.61685075      25       0      30
   72     29.23681931     -9.21469989   -243.61685075      31       0      55
   73     26.42877228     -9.12441741   -243.61685075      53       0      56
   74     38.90003719     -4.62283247   -243.61685075      59       0      68
   75     37.10700934     -6.17073462   -243.61685075      84       0      71
   76     36.51064836    -15.87683353   -243.61685075     100       0      77
   77     33.39496779     -7.87068864   -243.61685075     102       0      62
   78     27.19471199    -12.27862258   -243.61685075      91       0      33
   79     12.20063414     -3.91724802   -243.61685075      76       0       8
   80      7.94305019    -66.16928763   -243.61685075      31       0       1
   81      0.00000000   -243.61685075   -243.61685075       8       0       0
   82      0.00000000   -243.61685075   -243.61685075       0       0       0
   83      0.00000000   -243.61685075   -243.61685075       0       0       0
   84      0.00000000   -243.61685075   -243.61685075       0       0       0
   85      0.72492591   -227.39078053   -243.61685075       0       0       1
   86     11.89071053    -11.08972572   -243.61685075       1       0      11
   87     21.61398544    -15.89863186   -243.61685075      10       0      26
   88     16.78210618    -15.22213961   -243.61685074      25       0      27
   89     16.34338219     -6.67959028   -243.61685074      31       0      46
   90     27.15216653     -5.81596053   -243.61685075      49       0      46
   91     32.92402474     -6.88100266   -243.61685075      57       0      64
   92     37.69970583    -10.36087900   -243.61685075      68       0      60
   93     33.62965571     -9.29671822   -243.61685075      81       0      87
   94     35.56308959    -12.12946902   -243.61685075     102       0      64
   95     29.33079342     -5.80726552   -243.61685074      97       0      49
   96     21.13724700    -18.46035713   -243.61685075      87       0      16
   97      2.02513785   -221.49804141   -243.61685075      59       0       3
   98      0.35517806   -237.59574352   -243.61685075      28       0       0
   99      0.00000000   -243.61685075   -243.61685075       5       0       0
  100      0.00000000   -243.61685075   -243.61685075       0       0       0
  101      0.00000000   -243.61685075   -243.61685075       0       0       0
  102      0.55164979   -231.26923259   -243.61685075       0       0       1
  103      2.29039044   -214.78437661   -243.61685075       1       0      10
  104     18.05916989    -28.90472599   -243.61685075      10       0      22
  105     15.05457645     -5.51637309   -243.61685075      23       0      25
  106     25.81388104     -8.01395380   -243.61685075      25       0      43
  107     27.76265595    -22.64163365   -243.61685075      44       0      42
  108     23.90508143    -10.45569275   -243.61685075      42       0      56
  109     31.92242923     -9.17121680   -243.61685075      68       0      58
  110     35.37594144     -6.86983562   -243.61685075      85       0      76
  111     25.47001452    -18.11511205   -243.61685075      89       0      58
  112     32.76536412     -9.38452615   -243.61685075     106       0      57
  113     30.15032418    -10.18825957   -243.61685075      87       0      41
  114     16.98617376    -11.39013530   -243.61685075      78       0      11
  115      1.75845153   -218.13503733   -243.61685075      44       0       0
  116      0.00000000   -243.61685075   -243.61685075      15       0       0
  117      0.00000000   -243.61685075   -243.61685075       0       0       0
  118      0.00000000   -243.61685075   -243.61685075       0       0       0
  119      6.95861568    -87.86164072   -243.61685075       0       0       1
  120     18.40607441    -16.50174721   -243.61685075       1       0       9
  121     18.80596658    -33.02635345   -243.61685075       9       0      19
  122     25.39512746    -12.98287306   -243.61685075      18       0      27
  123     20.20949247    -24.28730089   -243.61685075      30       0      36
  124     18.26793708     -5.21479437   -243.61685075      37       0      31
  125     27.61075511    -21.83416918   -243.61685075      36       0      52
  126     29.52829300    -10.01154142   -243.61685075      54       0      61
  127     31.98422764     -6.68362464   -243.61685075      72       0      49
  128     24.46042382    -22.51704600   -243.61685075      70       0      71
  129     30.04421812     -4.09024000   -243.61685075      85       0      64
  130     28.49375198    -12.02695580   -243.61685075      85       0      50
  131     13.80177889     -8.25535133   -243.61685075      89       0      24
  132      5.88329330   -166.86867816   -243.61685075      61       0       6
  133      0.72714899   -229.51843329   -243.61685075      23       0       0
  134      0.00000000   -243.61685075   -243.61685075       3       0       0
  135      0.00000000   -243.61685075   -243.61685075       0       0       0
  136      6.33130484   -101.90278577   -243.61685075       0       0       1
  137      7.80119243    -81.89614961   -243.61685075       1       0       8
  138     11.99009231    -35.66709468   -243.61685075       8       0      18
  139     20.63160019    -15.05953238   -243.61685075      16       0      27
  140     27.16110881     -4.83124900   -243.61685075      27       0      33
  141     24.05883635    -24.51212665   -243.61685075      36       0      27
  142     21.25478641    -36.32610172   -243.61685075      34       0      42
  143     29.86094847     -3.20889615   -243.61685074      48       0      56
  144     35.21718787    -12.21746739   -243.61685075      64       0      56
  145     31.24121371     -9.66021699   -243.61685074      65       0      65
  146     31.49004525    -12.60789508   -243.61685075      79       0      53
  147     26.09681434    -30.14755583   -243.61685074      84       0      55
  148     28.79133947     -6.17781560   -243.61685075      83       0      46
  149     13.93582139    -16.00404530   -243.61685075      73       0      12
  150      1.18498567   -226.45966167   -243.61685074      45       0       1
  151      0.00000000   -243.61685075   -243.61685075      12       0       0
  152      0.00000000   -243.61685075   -243.61685075       0       0       0
  153      0.67773901   -228.44696822   -243.61685075       0       0       1
  154     12.68228630    -55.57740934   -243.61685074       1       0       7
  155     18.96018797    -11.62993168   -243.61685075       7       0      18
  156     21.65837364     -5.86166714   -243.61685075      19       0      23
  157     24.92651321     -9.19118533   -243.61685075      26       0      30
  158     21.26229634    -23.85231110   -243.61685074      32       0      30
  159     31.68273275     -7.41598788   -243.61685075      34       0      39
  160     26.14526071    -12.57365654   -243.61685074      42       0      46
  161     28.80464306    -34.30891333   -243.61685075      48       0      53
  162     32.75882662     -4.23088565   -243.61685074      57       0      55
  163     36.73207677     -4.52251439   -243.61685075      70       0      57
  164     30.20286795    -23.31825722   -243.61685074      77       0      58
  165     28.14430073    -26.21428950   -243.61685074      74       0      49
  166     23.33495924     -6.67986135   -243.61685074      68       0      28
  167      7.00522717   -102.24067701   -243.61685075      55       0       6
  168      0.89810216   -228.00796108   -243.61685075      22       0       0
  169      0.00000000   -243.61685075   -243.61685075       4       0       0
  170      2.61501190   -185.08484584   -243.61685075       0       0       1
  171     11.55713226    -33.21714744   -243.61685075       1       0       6
  172     16.41368957    -13.23551955   -243.61685075       6       0      16
  173     20.63257703     -3.73968528   -243.61685075      16       0      23
  174     20.32987840    -63.51019275   -243.61685075      22       0      28
  175     25.38591304    -10.14780439   -243.61685075      30       0      32
  176     25.68499633    -14.60723102   -243.61685075      37       0      38
  177     22.70878634    -32.63682392   -243.61685075      46       0      39
  178     30.64065832    -15.19883986   -243.61685075      43       0      51
  179     25.29916414    -33.16902740   -243.61685074      58       0      43
  180     32.33360967     -9.88537050   -243.61685074      52       0      61
  181     30.99407462    -15.48868092   -243.61685075      65       0      55
  182     34.34573139    -15.95211983   -243.61685074      64       0      60
  183     24.78778196    -38.56497225   -243.61685075      69       0      32
  184     14.92747409    -36.96586513   -243.61685075      66       0      14
  185      1.36265677   -226.66374598   -243.61685075      41       0       1
  186      0.03256222   -242.88800826   -243.61685075      13       0       0
  187      0.64429700   -229.19550325   -243.61685075       1       0       1
  188     11.64991999    -40.74580321   -243.61685075       1       0       6
  189     17.75314179     -4.83890200   -243.61685075       6       0      16
  190     20.16974973     -8.45808775   -243.61685075      17       0      19
  191     24.67991563    -14.65218002   -243.61685075      21       0      25
  192     20.14359987    -31.17893497   -243.61685075      24       0      34
  193     14.40233217    -14.59362512   -243.61685075      41       0      35
  194     27.58722065     -8.92081662   -243.61685075      36       0      41
  195     31.51795689     -9.20073191   -243.61685075      46       0      51
  196     31.40870024    -12.92892078   -243.61685075      58       0      39
  197     35.61256954     -8.23427397   -243.61685075      53       0      55
  198     27.47177916     -5.62638784   -243.61685074      67       0      50
  199     30.33723767     -5.87040512   -243.61685075      67       0      50
  200     33.27115204     -8.33926573   -243.61685075      70       0      48
  201     23.72318042     -4.28866736   -243.61685074      77       0      28
  202      1.66834714   -227.74695000   -243.61685075      46       0       2
  203      0.00000000   -243.61685075   -243.61685075      15       0       0
  204      4.00534971   -153.96481155   -243.61685075       0       0       1
  205      9.44309433    -39.60936725   -243.61685074       1       0       5
  206     14.29301816    -19.05518959   -243.61685075       6       0      14
  207     17.23453028    -18.68053558   -243.61685075      13       0      21
  208     18.68074276    -61.00166296   -243.61685075      24       0      21
  209     20.03707243    -11.33822081   -243.61685075      25       0      36
  210     22.67233006     -5.57666312   -243.61685075      34       0      31
  211     31.63887532     -6.64182279   -243.61685075      37       0      40
  212     24.44621177    -12.33476468   -243.61685075      40       0      42
  213     31.03349608     -8.22443371   -243.61685075      45       0      35
  214     24.03172099     -4.57404451   -243.61685075      44       0      54
  215     26.41390607    -38.59892843   -243.61685075      58       0      54
  216     31.86008989     -6.08407216   -243.61685075      73       0      47
  217     29.86971305     -7.13053593   -243.61685075      60       0      55
  218     27.39854907     -4.22243584   -243.61685075      67       0      38
  219      7.73178529   -106.26229965   -243.61685075      54       0       6
  220      0.88110012   -230.68385795   -243.61685075      22       0       0
  221      0.32079970   -236.43636726   -243.61685075       4       0       0
  222      7.14011341    -87.74989562   -243.61685075       1       0       6
  223     12.08274956    -32.92030767   -243.61685075       6       0      12
  224     16.38768285    -54.86628189   -243.61685075      12       0      19
  225     16.27029118    -12.30297240   -243.61685074      18       0      20
  226     28.78477173     -8.89609881   -243.61685075      21       0      40
  227     23.92997826    -19.79794708   -243.61685075      41       0      33
  228     21.67145853    -20.43405462   -243.61685075      41       0      31
  229     26.53532484    -20.34748822   -243.61685074      38       0      39
  230     22.30820277    -14.08429565   -243.61685075      44       0      40
  231     19.36164737    -33.98569309   -243.61685074      52       0      41
  232     25.76565252     -2.41485436   -243.61685075      55       0      55
  233     29.09304820     -9.70244319   -243.61685074      60       0      52
  234     31.95696256     -7.64506698   -243.61685075      65       0      57
  235     25.29953488    -20.22839406   -243.61685074      80       0      42
  236     10.14649434   -116.05635883   -243.61685075      62       0      10
  237      1.71967387   -214.45327511   -243.61685075      32       0       3
  238      0.22570205   -238.56494512   -243.61685075       8       0       0
  239      6.41701519   -101.44020045   -243.61685075       1       0       6
  240     13.75121879    -43.18271476   -243.61685075       5       0      12
  241     20.65313980    -13.47589701   -243.61685075      12       0      18
  242     18.96979187    -20.76442816   -243.61685075      17       0      20
  243     31.07259671     -8.49489823   -243.61685075      23       0      34
  244     20.60951634     -8.79191216   -243.61685075      42       0      29
  245     25.75242545    -11.65745021   -243.61685075      32       0      33
  246     28.25685080     -9.10231036   -243.61685075      40       0      40
  247     26.24298856    -11.55891487   -243.61685075      48       0      34
  248     21.10548042    -15.58621729   -243.61685075      45       0      40
  249     34.54319165    -17.16781556   -243.61685075      41       0      55
  250     31.44747123     -6.01129260   -243.61685075      54       0      49
  251     30.34536615    -32.24232475   -243.61685075      65       0      54
  252     36.92563292     -5.26307818   -243.61685075      62       0      50
  253     17.55394310    -15.80037588   -243.61685075      74       0      20
  254     10.96508963    -30.35602398   -243.61685075      48       0       6
  255      9.21505480    -38.07096181   -243.61685075      24       0       1
  256      5.46255417   -126.18511389   -243.61685075       4       0       5
  257      8.58574548    -64.56258714   -243.61685075       5       0      11
  258     13.57503894    -65.09256377   -243.61685075      11       0      15
  259     14.47907597    -61.98155295   -243.61685075      16       0      18
  260     22.96100555     -9.23184853   -243.61685075      18       0      33
  261     24.70135153    -12.73936819   -243.61685075      37       0      30
  262     22.85970277    -28.89180051   -243.61685075      33       0      31
  263     19.90691380    -34.29959168   -243.61685075      33       0      39
  264     28.01068939     -8.34238072   -243.61685075      44       0      41
  265     30.52224757    -11.86379127   -243.61685075      46       0      37
  266     28.81126343     -9.57167699   -243.61685075      51       0      39
  267     30.22448016     -5.94265702   -243.61685075      51       0      54
  268     31.94049297     -3.26747234   -243.61685075      61       0      48
  269     30.92503845    -19.61387710   -243.61685075      59       0      53
  270     27.89569516    -10.99439288   -243.61685075      61       0      31
  271     16.04326819    -24.58083354   -243.61685075      53       0      12
  272      6.69209904    -98.65091970   -243.61685074      26       0       3
  273      7.05466093    -88.85149777   -243.61685074       6       0       4
  274     16.30777335     -9.44929470   -243.61685075       4       0      12
  275     14.47933730    -27.79929264   -243.61685075      12       0      14
  276     20.05250282    -29.79893126   -243.61685075      14       0      15
  277     30.73669304    -10.02171597   -243.61685075      14       0      35
  278     19.95592045    -19.92074484   -243.61685075      34       0      29
  279     19.33044107    -13.10933619   -243.61685075      31       0      27
  280     23.01234000    -36.71766917   -243.61685075      33       0      36
  281     25.35120822     -5.29925322   -243.61685075      38       0      41
  282     21.45037126     -5.11583494   -243.61685075      47       0      33
  283     24.32962708    -31.65749864   -243.61685075      48       0      45
  284     30.24514748     -3.86528891   -243.61685075      52       0      46
  285     33.53326292     -7.16067013   -243.61685075      50       0      53
  286     34.42724159     -4.48651292   -243.61685075      71       0      49
  287     27.24506247     -6.89309302   -243.61685075      79       0      39
  288     13.62833335    -57.93435928   -243.61685075      67       0      17
  289     11.79352405    -60.42065398   -243.61685075      42       0       5
  290      3.86748532   -176.37795380   -243.61685074      11       0       4
  291      6.79676629    -99.36832732   -243.61685075       4       0      12
  292     21.36875944    -14.12641997   -243.61685075      11       0      14
  293     14.70198238    -67.84915309   -243.61685075      17       0      16
  294     17.55238944    -32.99145996   -243.61685075      17       0      31
  295     15.43015297    -23.04525096   -243.61685075      31       0      24
  296     21.63684831    -11.90486755   -243.61685075      29       0      31
  297     27.64408799    -10.99813772   -243.61685075      34       0      33
  298     21.55459839    -13.22636177   -243.61685075      36       0      33
  299     32.80748139     -9.66550159   -243.61685075      41       0      45
  300     23.25742215     -7.85394191   -243.61685075      50       0      38
  301     23.81173908     -7.87772545   -243.61685075      47       0      32
  302     34.47805428     -8.38311373   -243.61685075      45       0      51
  303     26.28427149    -13.10447725   -243.61685075      58       0      45
  304     28.94387244     -4.44724214   -243.61685075      57       0      54
  305     20.86487496    -10.34870552   -243.61685075      62       0      29
  306      9.00900196    -57.90994618   -243.61685075      56       0       8
  307      6.16476101   -107.65514012   -243.61685075      20       0       4
  308     12.63995918     -8.22382651   -243.61685075       6       0       9
  309     19.75109763     -6.14178252   -243.61685075       9       0      15
  310     28.24104314     -4.92282482   -243.61685075      14       0      17
  311     22.37079117     -5.76964071   -243.61685075      19       0      28
  312     23.48405972     -7.76214960   -243.61685075      28       0      24
  313     28.40076160    -10.45424087   -243.61685075      29       0      31
  314     26.87408500    -30.13293865   -243.61685075      37       0      29
  315     28.23030485     -5.59754469   -243.61685075      30       0      35
  316     26.26225364     -9.48553230   -243.61685074      35       0      36
  317     26.17878595    -13.87007327   -243.61685075      40       0      45
  318     25.01820740     -7.02403242   -243.61685075      51       0      33
  319     32.66406002     -7.20307930   -243.61685075      46       0      44
  320     32.24538359    -13.20091326   -243.61685074      54       0      46
  321     20.41500067    -24.06192428   -243.61685074      55       0      46
  322     33.14452067     -4.43765145   -243.61685075      54       0      43
  323     21.79495170    -11.42213604   -243.61685075      54       0      15
  324      6.63964454   -104.45682529   -243.61685075      29       0       4
  325     16.79981326    -13.75810474   -243.61685074      14       0      10
  326     11.03030166    -32.42833875   -243.61685075      10       0      12
  327     16.69647847    -33.29690058   -243.61685075      12       0      18
  328     22.28145401    -14.97423580   -243.61685075      21       0      25
  329     23.45522203     -6.72117404   -243.61685075      25       0      21
  330     28.21781389    -11.52691976   -243.61685075      22       0      36
  331     21.61780768    -14.83793290   -243.61685075      38       0      29
  332     30.66493116    -11.15196011   -243.61685075      38       0      32
  333     19.66993543    -13.19678755   -243.61685075      37       0      30
  334     29.52620442    -18.37172679   -243.61685074      32       0      44
  335     29.25014576     -4.08605957   -243.61685075      50       0      36
  336     29.59040738     -4.86964581   -243.61685075      44       0      47
  337     24.50908990     -5.93312046   -243.61685074      45       0      40
  338     28.28733558    -13.29814657   -243.61685075      57       0      50
  339     23.34501454    -10.60906782   -243.61685074      66       0      39
  340     20.34824369    -10.05012134   -243.61685075      55       0      21
  341     14.43933226    -14.11452749   -243.61685075      41       0      10
  342     15.50017735    -61.30102313   -243.61685075      19       0      10
  343     11.04802642     -9.66506457   -243.61685075      11       0       9
  344     16.95236002     -7.87351029   -243.61685075      11       0      21
  345     22.03557883     -7.59098206   -243.61685075      21       0      22
  346     11.18878475    -66.63238474   -243.61685075      21       0      20
  347     25.58477520     -9.48619292   -243.61685075      25       0      32
  348     26.12999342     -4.77711897   -243.61685075      33       0      35
  349     28.54214889     -7.69341524   -243.61685075      38       0      29
  350     18.35355540    -26.65152527   -243.61685075      35       0      28
  351     28.59820869     -3.44502169   -243.61685075      30       0      43
  352     26.24685894     -4.00043483   -243.61685075      46       0      36
  353     26.14009996     -8.26147756   -243.61685075      46       0      39
  354     30.03291830     -8.38922814   -243.61685075      44       0      43
  355     27.06751109     -7.50071926   -243.61685075      53       0      41
  356     31.42933105    -11.70569779   -243.61685075      48       0      53
  357     16.46791689    -46.86079853   -243.61685075      56       0      22
  358     13.91471790    -19.52929618   -243.61685075      42       0      16
  359     17.35557278     -6.80296042   -243.61685075      33       0      11
  360      7.11856225   -129.37457409   -243.61685075      18       0       9
  361     15.69484219    -11.78307650   -243.61685074      13       0      18
  362     24.28606662    -15.62388639   -243.61685075      19       0      21
  363     22.32698820     -4.69772889   -243.61685075      25       0      24
  364     23.98880213    -11.07010705   -243.61685075      24       0      29
  365     21.46146465    -15.95666190   -243.61685075      33       0      33
  366     24.46168445     -8.96292034   -243.61685075      40       0      32
  367     19.32193990     -8.50193005   -243.61685075      38       0      26
  368     15.79199100    -32.83082673   -243.61685075      33       0      36
  369     29.57520562    -21.69276319   -243.61685075      38       0      41
  370     23.89751711    -22.58340764   -243.61685075      39       0      32
  371     30.36510261    -14.44701621   -243.61685075      43       0      49
  372     29.32452280     -4.97725787   -243.61685075      52       0      41
  373     23.54388607    -23.58166877   -243.61685075      58       0      43
  374     18.72981424    -16.96428463   -243.61685075      53       0      28
  375     16.52741259    -14.08696212   -243.61685074      37       0      20
  376     12.42504190    -45.95858964   -243.61685075      33       0      16
  377      8.19510203   -127.29315199   -243.61685075      19       0       9
  378     19.50925081     -9.38246546   -243.61685075       9       0      16
  379     23.81781726    -11.06395324   -243.61685075      16       0      21
  380     26.93663001     -6.76830018   -243.61685075      20       0      25
  381     19.72403024    -33.12393055   -243.61685075      26       0      27
  382     27.87697387     -9.52782771   -243.61685075      28       0      30
  383     21.96952909    -14.31226190   -243.61685074      34       0      34
  384     21.43019173    -30.42993848   -243.61685075      37       0      29
  385     26.00481961    -11.14746344   -243.61685075      34       0      37
  386     23.06621914    -22.08198716   -243.61685074      45       0      37
  387     27.10811531     -7.28387671   -243.61685075      43       0      31
  388     25.53995578    -13.32613028   -243.61685075      40       0      41
  389     33.01493454     -6.73590693   -243.61685075      43       0      45
  390     32.77359217     -7.08970028   -243.61685075      55       0      44
  391     21.69288196    -30.57894187   -243.61685075      53       0      32
  392      9.73822618    -79.82717475   -243.61685075      51       0      23
  393     17.96855019    -31.99858285   -243.61685075      33       0      19
  394      9.64148030    -37.62606937   -243.61685075      25       0       9
  395      8.76870227   -126.07944026   -243.61685075      13       0      17
  396     12.10122629    -11.29334105   -243.61685075      19       0      19
  397     27.15898250    -10.63112263   -243.61685075      18       0      23
  398     15.21120026    -64.68263018   -243.61685074      26       0      28
  399     23.33836864    -33.62465926   -243.61685075      28       0      25
  400     21.39133133    -18.35537927   -243.61685075      27       0      34
  401     19.54485142    -36.64768922   -243.61685075      35       0      33
  402     26.47994443     -5.57135491   -243.61685075      35       0      32
  403     29.51165012    -10.85836893   -243.61685074      39       0      38
  404     22.74038051    -22.62263373   -243.61685075      40       0      30
  405     31.48425644    -10.74833211   -243.61685075      39       0      41
  406     22.07565625     -7.30029175   -243.61685075      47       0      36
  407     33.24572169     -4.82308577   -243.61685075      47       0      45
  408     30.01924975     -5.47426609   -243.61685075      52       0      43
  409     14.77461111    -43.44219562   -243.61685075      61       0      23
  410     27.40435291    -12.50860550   -243.61685075      34       0      22
  411     20.36009902     -8.35176734   -243.61685075      23       0      10
  412     18.53974243    -19.59475519   -243.61685075      11       0      18
  413     12.28104609    -17.54261067   -243.61685075      18       0      17
  414     21.67105698    -11.40090989   -243.61685075      19       0      24
  415     19.63615431    -31.01685357   -243.61685075      23       0      28
  416     26.44535560     -6.65030694   -243.61685075      31       0      24
  417     17.23108296    -57.62511734   -243.61685075      32       0      33
  418     17.58230532    -16.77550624   -243.61685075      34       0      29
  419     23.95319240    -17.98692149   -243.61685075      34       0      34
  420     23.91417911    -11.53452640   -243.61685075      38       0      37
  421     22.99613751    -12.58355782   -243.61685075      40       0      28
  422     24.95370513    -21.11887025   -243.61685075      31       0      38
  423     22.33118965    -20.11239354   -243.61685075      44       0      41
  424     28.74052663     -3.20701894   -243.61685075      49       0      35
  425     27.91499624    -20.13745783   -243.61685075      40       0      50
  426     29.78545756    -18.39894141   -243.61685075      56       0      31
  427     21.85716945     -3.35459665   -243.61685075      39       0      22
  428     10.43118262    -51.93737956   -243.61685075      32       0      11
  429     19.41963834    -11.78370664   -243.61685075      14       0      16
  430     15.60760108     -8.45934418   -243.61685075      18       0      18
  431     16.70445707    -55.78258949   -243.61685075      20       0      18
  432     18.30651701    -31.41021209   -243.61685075      18       0      31
  433     22.48109666    -42.43926397   -243.61685075      29       0      26
  434     20.45266970    -16.61643009   -243.61685075      31       0      31
  435     23.12394903     -7.92929434   -243.61685075      32       0      30
  436     19.79475710    -14.40914544   -243.61685075      35       0      34
  437     26.03060610     -5.73414622   -243.61685075      42       0      33
  438     26.83830224     -9.34522300   -243.61685075      32       0      30
  439     30.09751169     -7.52111226   -243.61685075      31       0      37
  440     18.73064682    -17.68290032   -243.61685075      41       0      38
  441     22.53999023    -46.85903908   -243.61685075      45       0      39
  442     27.83869330    -11.66807573   -243.61685074      48       0      45
  443     22.91136757    -29.92657730   -243.61685075      56       0      36
  444     18.94240087     -4.45302698   -243.61685075      50       0      25
  445      9.98803669    -59.14951042   -243.61685075      36       0      12
  446     17.01517157    -11.28690556   -243.61685075      16       0      15
  447     22.45096383     -8.53839263   -243.61685075      16       0      19
  448     18.24304179    -33.27491175   -243.61685075      19       0      19
  449     22.50871106    -16.76060726   -243.61685074      19       0      26
  450     18.68186082     -1.72654980   -243.61685075      26       0      31
  451     12.60106572    -64.79366297   -243.61685075      31       0      23
  452     18.44769509    -44.72241265   -243.61685074      31       0      33
  453     22.22226103    -29.57798239   -243.61685075      34       0      36
  454     22.99388116    -10.61995785   -243.61685075      38       0      35
  455     28.23139032     -5.43342889   -243.61685075      40       0      29
  456     29.01547817     -7.68142415   -243.61685075      38       0      29
  457     26.11205897    -19.05664855   -243.61685074      29       0      42
  458     23.17204484    -25.44600372   -243.61685075      44       0      32
  459     25.18662400    -14.39459423   -243.61685075      47       0      42
  460     29.79678661    -11.90239520   -243.61685075      43       0      47
  461     26.02419221    -10.47901166   -243.61685075      55       0      27
  462     11.78440617    -56.56044021   -243.61685075      40       0      15
  463     14.04354083    -15.35617735   -243.61685074      22       0      15
  464     24.23873765     -8.65315160   -243.61685075      18       0      19
  465     14.65879099    -64.48661715   -243.61685075      20       0      17
  466     20.88684559    -22.64102492   -243.61685075      17       0      27
  467     25.94034230    -10.24497933   -243.61685074      24       0      27
  468     21.23410952    -13.64435494   -243.61685075      30       0      26
  469     17.45165775     -8.33528767   -243.61685075      32       0      31
  470     23.37688632     -8.03682310   -243.61685075      30       0      34
  471     19.06416257    -17.88476867   -243.61685075      39       0      33
  472     26.22856379    -12.10461540   -243.61685075      39       0      34
  473     25.05534295     -7.13963144   -243.61685075      39       0      30
  474     24.73837150     -8.30975151   -243.61685075      36       0      34
  475     30.51628419     -6.39366955   -243.61685074      36       0      37
  476     22.58391945    -50.56075360   -243.61685075      44       0      36
  477     22.73812130     -5.50578464   -243.61685075      42       0      48
  478     22.46333832    -34.31749222   -243.61685075      54       0      34
  479     14.09387922    -32.59368019   -243.61685075      44       0      16
  480     11.07105044    -11.94479225   -243.61685075      28       0      16
  481      9.65805872    -95.32176653   -243.61685075      21       0      20
  482     15.39501616    -18.86987835   -243.61685075      22       0      16
  483     13.21546716    -75.35566818   -243.61685075      18       0      26
  484     21.05127467    -16.71669447   -243.61685075      29       0      25
  485     13.70169894    -76.99450408   -243.61685074      27       0      28
  486     21.94702329    -23.06407993   -243.61685074      31       0      30
  487     23.24704802     -7.83410909   -243.61685074      34       0      30
  488     20.57784197    -13.67803896   -243.61685075      34       0      32
  489     28.97865995     -8.45937070   -243.61685075      31       0      38
  490     27.61838162    -11.56438235   -243.61685075      42       0      29
  491     23.41857531    -11.56404281   -243.61685075      34       0      34
  492     20.23849944     -7.37394234   -243.61685075      43       0      36
  493     24.57062141    -14.86035389   -243.61685075      38       0      38
  494     22.27441113    -33.11774557   -243.61685075      43       0      37
  495     24.57201630    -11.79463975   -243.61685075      40       0      42
  496     16.11442573    -63.99906533   -243.61685074      51       0      20
  497     16.77484682    -42.85110104   -243.61685074      35       0      17
  498     17.97211439    -44.88937503   -243.61685075      25       0      20
  499     13.55149657    -16.27099027   -243.61685075      19       0      16
  500     25.65139470     -6.75307074   -243.61685075      19       0      24
  501     23.61577692     -3.15635483   -243.61685075      24       0      25
  502     25.78267171     -5.94942156   -243.61685075      29       0      28
  503     23.02570214     -9.59849524   -243.61685075      33       0      32
  504     16.91759015    -39.92180577   -243.61685075      36       0      30
  505     17.67023032    -25.37579122   -243.61685075      36       0      31
  506     28.28547658     -9.36480646   -243.61685074      39       0      33
  507     24.90505512    -14.48248731   -243.61685075      37       0      31
  508     26.32723413     -8.82310567   -243.61685075      36       0      37
  509     17.16579385    -23.82891479   -243.61685075      40       0      35
  510     25.68842819     -7.50805232   -243.61685075      39       0      32
  511     27.74761624    -33.97155847   -243.61685075      33       0      40
  512     32.70204808     -7.43595110   -243.61685075      46       0      40
  513     24.37449516     -4.41753387   -243.61685075      49       0      23
  514     24.89846612     -7.92948916   -243.61685075      33       0      23
  515      9.30504034    -60.31611073   -243.61685075      29       0      18
  516     21.33612296     -6.99890777   -243.61685075      19       0      17
  517     22.37094204    -15.27155358   -243.61685075      17       0      19
  518     24.04461079    -10.39542155   -243.61685075      21       0      26
  519     21.60079083    -18.45614444   -243.61685075      28       0      28
  520     23.54103905    -16.09832321   -243.61685075      29       0      30
  521     22.42307648     -2.68755154   -243.61685075      33       0      32
  522     28.78679354    -11.52083489   -243.61685075      31       0      32
  523     16.75463423    -32.65812957   -243.61685075      39       0      30
  524     19.51627841    -12.26995117   -243.61685075      34       0      38
  525     24.44390919    -15.80743729   -243.61685075      43       0      32
  526     25.81945270     -9.57064946   -243.61685075      41       0      36
  527     22.20881015    -22.34466665   -243.61685074      42       0      31
  528     24.38606847     -7.14254048   -243.61685075      34       0      35
  529     32.91303157     -3.08289418   -243.61685075      40       0      41
  530     16.95961169    -66.85175717   -243.61685075      48       0      30
  531     19.22216884    -13.93345436   -243.61685075      43       0      24
  532     13.49956294    -17.78983956   -243.61685075      31       0      18
  533     19.07264959    -25.38858500   -243.61685075      18       0      16
  534     15.55080187     -2.57844613   -243.61685074      19       0      20
  535     17.79723509    -31.46742930   -243.61685074      19       0      25
  536     14.92275926    -38.02124791   -243.61685075      29       0      26
  537     23.65566202    -11.24016715   -243.61685075      29       0      30
  538     27.71602389     -4.34603192   -243.61685075      30       0      32
  539     24.35425384     -6.46456297   -243.61685075      35       0      32
  540     23.84832713    -37.30823300   -243.61685075      43       0      30
  541     22.60095172     -7.97874003   -243.61685075      36       0      32
  542     19.15849122    -21.79028724   -243.61685075      31       0      37
  543     24.49662618     -4.69708066   -243.61685075      41       0      34
  544     19.91337432    -19.31382854   -243.61685075      45       0      31
  545     26.49173897    -21.16419180   -243.61685075      35       0      37
  546     25.24027176    -13.13752528   -243.61685075      41       0      35
  547     28.76206027    -14.16019118   -243.61685075      35       0      38
  548     18.08368985    -54.65011438   -243.61685075      46       0      25
  549     21.27215654     -5.04955039   -243.61685075      27       0      19
  550     17.80590906    -14.85036931   -243.61685075      19       0      16
  551     25.07520025    -15.96735993   -243.61685075      19       0      19
  552     19.13370230    -11.08235204   -243.61685075      21       0      24
  553     21.78552058    -16.48570119   -243.61685074      26       0      27
  554     28.68552544     -7.22241763   -243.61685075      33       0      27
  555     23.41710455    -14.27727703   -243.61685075      32       0      28
  556     33.00957008     -8.15267575   -243.61685075      34       0      35
  557     25.55163000     -6.54815021   -243.61685075      40       0      34
  558     14.16427743    -61.92368714   -243.61685075      39       0      29
  559     24.99946211     -7.52465526   -243.61685075      38       0      36
  560     25.74820172    -10.26511196   -243.61685075      40       0      36
  561     21.92762814     -9.41198053   -243.61685075      39       0      32
  562     25.01281384    -36.03057308   -243.61685075      37       0      39
  563     24.79957397     -4.04386161   -243.61685075      41       0      29
  564     25.05082203     -9.48224196   -243.61685075      39       0      42
  565     26.91437640    -11.33326001   -243.61685074      47       0      28
  566     22.62864758     -7.00012814   -243.61685075      38       0      17
  567     20.45463098    -11.41226445   -243.61685074      25       0      16
  568     17.30151724    -15.87632846   -243.61685075      18       0      19
  569     14.09403790    -40.87414891   -243.61685074      25       0      21
  570     20.35593862     -9.12550702   -243.61685075      21       0      27
  571     16.90478884    -57.41292349   -243.61685075      26       0      25
  572     24.07971309    -23.83934727   -243.61685075      28       0      29
  573     28.19538743     -7.00265466   -243.61685074      32       0      32
  574     26.49683989    -17.59520328   -243.61685075      38       0      35
  575     29.67489847     -7.45457295   -243.61685075      37       0      34
  576     26.00532630    -12.03747425   -243.61685074      43       0      36
  577     29.22455239    -12.14895028   -243.61685075      39       0      34
  578     24.71293385     -7.39883504   -243.61685075      44       0      31
  579     26.46546996     -3.54963878   -243.61685075      38       0      37
  580     19.00568806    -25.90116886   -243.61685075      41       0      30
  581     21.70847006    -34.97436908   -243.61685075      41       0      41
  582     27.46172596     -8.47950461   -243.61685075      47       0      33
  583     23.05796671    -10.56871516   -243.61685075      41       0      19
  584     11.97816658    -52.79496315   -243.61685075      25       0      11
  585     21.42542326    -11.31569984   -243.61685075      15       0      24
  586     21.26428663     -4.28965161   -243.61685075      23       0      22
  587     22.36296713    -16.56927726   -243.61685075      24       0      25
  588     21.01991768    -36.99867133   -243.61685075      30       0      22
  589     22.28672340    -35.37017366   -243.61685074      24       0      28
  590     37.13858586     -6.02849722   -243.61685075      28       0      33
  591     23.36677265     -5.62228612   -243.61685075      38       0      33
  592     26.49523580    -16.67802965   -243.61685075      44       0      35
  593     26.33570557     -9.68295336   -243.61685075      43       0      35
  594     28.75440358     -9.32453817   -243.61685075      35       0      32
  595     23.53806718    -26.78427181   -243.61685075      37       0      37
  596     29.57864994     -8.38976479   -243.61685075      42       0      30
  597     24.69307671      1.69245430   -243.61685075      41       0      34
  598     19.99726541     -5.40436584   -243.61685075      40       0      40
  599     28.12331231     -7.69379345   -243.61685075      46       0      36
  600     13.95552397    -55.96011763   -243.61685075      44       0      20
  601     18.44200412    -27.28962646   -243.61685075      31       0      14
  602     16.93240028     -8.53238511   -243.61685075      19       0      22
  603     13.50971981    -12.51172974   -243.61685075      22       0      20
  604     19.66395112    -18.71713732   -243.61685075      20       0      25
  605     24.36004930    -22.23123845   -243.61685075      26       0      24
  606     21.82777767    -18.97118786   -243.61685075      25       0      25
  607     27.31537960    -13.67662558   -243.61685075      28       0      28
  608     22.76020031     -4.74914586   -243.61685075      28       0      38
  609     23.26624640    -13.50146992   -243.61685075      40       0      36
  610     23.61032522    -14.91517228   -243.61685075      43       0      34
  611     21.80689354     -7.44394391   -243.61685075      48       0      28
  612     31.15343524     -8.37167124   -243.61685075      40       0      39
  613     23.13090777    -14.76678057   -243.61685075      42       0      32
  614     30.88526935    -14.98221678   -243.61685075      38       0      30
  615     32.14597518     -9.67634994   -243.61685075      39       0      40
  616     26.18425568     -5.53604014   -243.61685074      44       0      39
  617     23.53850539     -7.70737361   -243.61685075      49       0      23
  618     18.17535119     -2.10875824   -243.61685075      37       0      17
  619     24.01491492     -5.58197669   -243.61685075      23       0      21
  620     13.07323918    -61.66101903   -243.61685075      24       0      19
  621     20.03219728    -16.49025443   -243.61685075      23       0      24
  622     24.99024690     -7.39830303   -243.61685075      27       0      27
  623     19.07340055    -29.36459820   -243.61685075      30       0      24
  624     20.18529593    -33.43300183   -243.61685075      32       0      22
  625     22.76759582    -29.95337426   -243.61685075      24       0      37
  626     23.39638384    -19.92425795   -243.61685075      39       0      30
  627     28.73579059     -7.80593813   -243.61685075      34       0      39
  628     19.56989528    -38.04599071   -243.61685075      42       0      33
  629     21.33860573    -12.61151793   -243.61685075      38       0      36
  630     19.44656404     -6.45606000   -243.61685075      53       0      32
  631     22.02651294    -18.37224425   -243.61685075      36       0      31
  632     26.84454074     -6.67404988   -243.61685075      36       0      35
  633     24.23897529     -8.98943137   -243.61685074      40       0      42
  634     18.91781415    -35.58345235   -243.61685075      43       0      26
  635     17.56484980    -13.90588970   -243.61685074      37       0      19
  636     23.18431344    -12.62104272   -243.61685075      31       0      21
  637     18.85440610    -14.18887045   -243.61685075      25       0      19
  638     26.67760828     -7.40653075   -243.61685075      22       0      23
  639     17.05694652    -24.70814170   -243.61685075      24       0      23
  640     25.73413429     -3.55002452   -243.61685075      26       0      30
  641     17.62669564    -32.45359470   -243.61685075      31       0      21
  642     25.86093983    -36.36596850   -243.61685075      24       0      36
  643     25.00588693    -11.27848873   -243.61685075      40       0      28
  644     28.09994699    -17.53090467   -243.61685075      35       0      39
  645     18.46441963    -11.13236488   -243.61685075      49       0      27
  646     24.78320339    -33.45747942   -243.61685075      32       0      43
  647     21.90790319    -15.37621695   -243.61685075      43       0      33
  648     20.48495033    -15.56472134   -243.61685075      38       0      27
  649     29.63429714     -0.95464177   -243.61685074      39       0      40
  650     27.58451381     -8.82527871   -243.61685075      44       0      34
  651     27.38359792    -10.66643202   -243.61685075      41       0      29
  652     21.79247575    -14.62727473   -243.61685075      37       0      25
  653     18.36874024    -35.15855774   -243.61685075      27       0      19
  654     18.07629702    -18.27020447   -243.61685075      24       0      21
  655     20.32410223    -22.80603117   -243.61685074      19       0      23
  656     25.81368886     -8.85665528   -243.61685075      21       0      21
  657     18.47787902    -11.04107038   -243.61685075      25       0      31
  658     22.81959698    -20.24894417   -243.61685075      32       0      20
  659     16.88788084    -29.30753124   -243.61685075      30       0      32
  660     22.46767724    -36.29361361   -243.61685075      33       0      28
  661     30.14803465    -38.03799730   -243.61685075      37       0      43
  662     25.52603931    -11.37182129   -243.61685075      49       0      30
  663     25.66086139    -50.47336773   -243.61685075      43       0      37
  664     20.15169931     -7.14371480   -243.61685074      52       0      29
  665     30.28389243    -11.66490903   -243.61685074      36       0      34
  666     20.98914668    -56.46717738   -243.61685075      38       0      37
  667     30.05010277     -4.75404088   -243.61685075      42       0      36
  668     23.07595569    -30.02382913   -243.61685075      41       0      28
  669     25.46337899    -27.66889671   -243.61685074      38       0      31
  670     19.74796247    -15.93056564   -243.61685075      37       0      20
  671     16.62573547    -45.22717115   -243.61685075      32       0      18
  672     21.55009440     -8.83364428   -243.61685075      23       0      24
  673     11.91606686    -59.22045356   -243.61685075      28       0      19
  674     17.89688871    -48.19121538   -243.61685074      22       0      28
  675     15.99595394    -18.02596282   -243.61685074      28       0      21
  676     25.15616584     -9.58988770   -243.61685075      26       0      26
  677     29.16742085     -5.77134617   -243.61685074      30       0      31
  678     22.32872876    -14.39419225   -243.61685075      33       0      38
  679     26.36062594     -5.00638945   -243.61685074      41       0      33
  680     30.07171276     -4.07832873   -243.61685074      43       0      41
  681     25.84618767    -14.30495797   -243.61685075      53       0      30
  682     25.59191282     -9.20967242   -243.61685075      45       0      32
  683     26.06151950     -9.39446058   -243.61685074      39       0      40
  684     20.42920794    -17.23272248   -243.61685075      47       0      31
  685     24.63679783     -8.19751463   -243.61685075      39       0      28
  686     20.07183162    -14.75866266   -243.61685075      37       0      31
  687     23.62910753    -10.02061087   -243.61685075      35       0      25
  688     11.34795226    -15.44360643   -243.61685075      33       0      17
  689     22.01769477     -9.31589417   -243.61685075      19       0      27
  690     20.09059073    -40.99954301   -243.61685075      27       0      19
  691     23.36774005    -27.81637627   -243.61685074      22       0      26
  692     15.23510600    -59.14750266   -243.61685074      25       0      22
  693     28.03062727    -12.62618972   -243.61685075      23       0      25
  694     13.91858666    -43.89855323   -243.61685075      24       0      31
  695     30.46602182     -5.77194215   -243.61685074      39       0      31
  696     21.14275866    -24.49875928   -243.61685075      35       0      32
  697     34.29027475     -6.05034709   -243.61685074      35       0      41
  698     19.82989590     -4.89686816   -243.61685075      42       0      34
  699     31.15057031     -4.20292684   -243.61685074      44       0      34
  700     19.19373826    -17.33955694   -243.61685075      46       0      36
  701     13.94125089    -11.66747331   -243.61685074      40       0      34
  702     14.32711095    -79.09418593   -243.61685074      40       0      29
  703     26.44106927    -18.29737634   -243.61685074      32       0      33
  704     26.07679753     -4.10550141   -243.61685075      38       0      27
  705     11.91107446    -33.69074284   -243.61685074      37       0      18
  706     22.23228459     -9.86503340   -243.61685075      26       0      27
  707     15.32467041    -39.97298819   -243.61685075      26       0      20
  708     23.14686661    -12.50659386   -243.61685075      20       0      25
  709     17.41896801    -14.86065641   -243.61685075      27       0      21
  710     20.24205114    -31.10888513   -243.61685075      29       0      23
  711     18.13517809    -14.74867405   -243.61685075      25       0      30
  712     30.36517160    -10.80764590   -243.61685075      32       0      33
  713     17.99372213    -15.85056155   -243.61685075      33       0      29
  714     23.37398621    -28.52271434   -243.61685074      37       0      36
  715     25.61928987     -3.43579306   -243.61685075      44       0      36
  716     24.98904763    -12.21617875   -243.61685074      44       0      39
  717     28.78691552    -13.09161880   -243.61685075      40       0      34
  718     23.48826168     -6.49557089   -243.61685075      46       0      35
  719     19.28190423    -33.55351237   -243.61685075      38       0      30
  720     26.56356061    -10.97947743   -243.61685075      36       0      30
  721     23.27576408     -6.39164393   -243.61685075      42       0      28
  722     16.42836641    -37.18197177   -243.61685075      33       0      24
  723     21.75410334    -16.80169738   -243.61685075      29       0      25
  724     22.53776929    -33.94794150   -243.61685075      28       0      19
  725     16.59949633    -57.32149230   -243.61685075      23       0      24
  726     13.99595837    -36.98394075   -243.61685075      23       0      21
  727     14.13527391    -70.53599307   -243.61685075      27       0      26
  728     28.17728359     -6.28162579   -243.61685075      28       0      29
  729     23.45239523     -7.23292569   -243.61685074      32       0      27
  730     24.65926015    -11.98082831   -243.61685075      29       0      30
  731     32.90187666    -10.85309179   -243.61685075      34       0      35
  732     24.40102905     -3.21340689   -243.61685074      41       0      40
  733     23.61715815    -13.18253852   -243.61685075      46       0      32
  734     26.50802643     -9.30355621   -243.61685075      40       0      40
  735     27.76529172     -5.64441260   -243.61685075      46       0      35
  736     24.63229676     -9.12994659   -243.61685075      40       0      25
  737     24.46071395    -12.08962910   -243.61685075      35       0      36
  738     24.20822247    -14.20339420   -243.61685075      42       0      27
  739     25.14439161     -3.83447298   -243.61685075      33       0      26
  740     23.84467925    -17.78736243   -243.61685075      29       0      25
  741     17.76262784    -15.18967109   -243.61685075      32       0      19
  742     19.05310025    -17.00383351   -243.61685075      21       0      22
  743     21.91248309    -29.68513649   -243.61685074      25       0      26
  744     21.35948997    -11.34007956   -243.61685074      29       0      24
  745     17.44921404    -17.33109423   -243.61685075      26       0      28
  746     16.87513823    -22.04071033   -243.61685074      30       0      26
  747     26.32081326     -2.92854930   -243.61685075      27       0      28
  748     24.31079776    -19.84963954   -243.61685075      31       0      33
  749     31.83506447    -10.27483244   -243.61685075      36       0      40
  750     25.83347682    -35.22784209   -243.61685075      44       0      36
  751     19.62537152    -20.91321034   -243.61685075      51       0      34
  752     29.70182675     -3.44022578   -243.61685075      39       0      35
  753     22.79214096     -6.71010205   -243.61685075      41       0      32
  754     26.41244242     -8.43234717   -243.61685075      36       0      35
  755     24.33337403    -24.65175760   -243.61685075      44       0      28
  756     23.11758368     -4.91208053   -243.61685075      38       0      23
  757     16.50407346    -56.73100300   -243.61685075      28       0      27
  758     19.99427458     -7.47543311   -243.61685075      37       0      20
  759     19.49341875     -6.88787165   -243.61685075      26       0      23
  760     27.91114927     -7.48259794   -243.61685075      28       0      26
  761     16.96721168     -6.54353836   -243.61685075      30       0      22
  762     26.53294522    -14.00938504   -243.61685075      26       0      30
  763     17.69064963    -15.19520529   -243.61685075      33       0      30
  764     23.10420618     -6.19420617   -243.61685075      33       0      21
  765     21.51691846     -8.74923869   -243.61685075      24       0      30
  766     25.23954845    -16.70885470   -243.61685075      33       0      36
  767     25.92798408     -8.41531139   -243.61685075      40       0      44
  768     28.86790500     -9.46212636   -243.61685075      49       0      33
  769     21.78225293    -16.58153407   -243.61685075      48       0      33
  770     15.55201544    -37.68509073   -243.61685075      41       0      27
  771     26.08934081    -11.93946334   -243.61685075      33       0      39
  772     22.92899436     -5.48824127   -243.61685074      41       0      29
  773     25.89186660    -13.50595926   -243.61685074      39       0      24
  774     21.35371769    -10.07917559   -243.61685075      36       0      25
  775     20.16088127    -22.27903202   -243.61685075      33       0      25
  776     18.42591157    -20.15795545   -243.61685075      29       0      22
  777     29.70434388     -5.68601271   -243.61685075      25       0      28
  778     19.72470388     -8.97996140   -243.61685075      32       0      21
  779     24.15575887    -10.92696904   -243.61685075      23       0      30
  780     21.37251110     -8.49182677   -243.61685075      29       0      29
  781     28.13266491     -8.57521399   -243.61685075      31       0      21
  782     27.74441192     -9.71163286   -243.61685075      24       0      29
  783     25.20304035    -10.16203514   -243.61685075      33       0      34
  784     28.23906963    -21.44368066   -243.61685075      36       0      38
  785     28.77033147     -6.94383849   -243.61685075      41       0      40
  786     19.71167636    -23.73109653   -243.61685075      46       0      32
  787     20.27845900     -4.52949624   -243.61685075      42       0      29
  788     25.66234338     -9.18895959   -243.61685075      31       0      37
  789     20.00853120     -9.21101466   -243.61685075      42       0      26
  790     24.32242262    -10.07247969   -243.61685075      32       0      27
  791     18.06756545     -5.75563420   -243.61685075      34       0      25
  792     18.45815877    -40.02246554   -243.61685075      26       0      29
  793     20.79081701    -33.88250443   -243.61685075      33       0      23
  794     27.53221911     -9.93237906   -243.61685075      24       0      29
  795     11.77832741    -63.36260604   -243.61685075      31       0      21
  796     23.46016900     -3.77396140   -243.61685075      26       0      30
  797     19.97139954    -14.34629336   -243.61685075      31       0      27
  798     17.98157672    -39.67138899   -243.61685075      33       0      18
  799     25.92661598    -15.46167801   -243.61685075      23       0      32
  800     28.68332701     -9.47243015   -243.61685075      33       0      32
  801     26.56014446    -15.96210276   -243.61685075      32       0      36
  802     29.12172877     -6.06299138   -243.61685075      34       0      43
  803     25.22939538    -11.00923653   -243.61685074      47       0      29
  804     23.17783158    -23.18713484   -243.61685075      45       0      31
  805     25.76874586    -15.40271272   -243.61685074      45       0      37
  806     21.10550236     -8.68941323   -243.61685075      44       0      28
  807     23.55061302     -9.71294035   -243.61685075      38       0      28
  808     18.51071259    -32.55504963   -243.61685075      28       0      25
  809     18.73773439    -29.45867141   -243.61685075      32       0      27
  810     22.20028850    -14.69068007   -243.61685075      32       0      26
  811     24.14518655    -12.85143517   -243.61685075      30       0      26
  812     23.52505307     -8.00309146   -243.61685075      30       0      24
  813     23.38780464    -21.29305656   -243.61685075      23       0      25
  814     29.78413534    -11.31568516   -243.61685075      29       0      29
  815     25.74896742     -6.07793376   -243.61685074      34       0      20
  816     23.11912918    -15.83190436   -243.61685074      27       0      34
  817     28.58467493     -9.83162938   -243.61685075      35       0      28
  818     13.60664866    -44.16750556   -243.61685075      33       0      30
  819     20.19998261    -10.34338137   -243.61685074      36       0      38
  820     26.02657383    -11.74043174   -243.61685074      41       0      35
  821     27.19726669    -12.94328389   -243.61685074      45       0      34
  822     14.62982954    -45.03351633   -243.61685075      40       0      37
  823     23.64292669     -5.57426190   -243.61685074      47       0      33
  824     20.38788648    -14.90265506   -243.61685074      38       0      25
  825     23.39503406    -10.60967910   -243.61685075      34       0      22
  826     31.42137766    -11.57427773   -243.61685075      24       0      30
  827     20.79053444    -12.19898414   -243.61685075      31       0      28
  828     20.91154991    -29.11791194   -243.61685075      31       0      25
  829     22.89013092     -6.48180350   -243.61685075      27       0      25
  830     19.13847654    -32.58638922   -243.61685074      29       0      20
  831     23.36554982     -7.40641409   -243.61685075      20       0      33
  832     19.51281999    -10.63052532   -243.61685075      34       0      21
  833     22.84058931    -13.01625124   -243.61685074      32       0      29
  834     24.59282027    -10.35339895   -243.61685075      32       0      31
  835     20.95724072     -7.08443176   -243.61685074      35       0      28
  836     22.45835924     -9.85107354   -243.61685075      33       0      32
  837     23.02452200     -9.89418487   -243.61685075      36       0      39
  838     25.47841925    -11.67536189   -243.61685075      41       0      33
  839     24.55493131     -3.80121981   -243.61685075      42       0      43
  840     30.91685656    -12.70085465   -243.61685075      45       0      32
  841     22.84696978     -6.04795741   -243.61685075      39       0      26
  842     22.28769998     -2.54476170   -243.61685075      32       0      24
  843     25.44036175     -7.23272661   -243.61685075      28       0      27
  844     26.43195649     -8.84107336   -243.61685075      30       0      30
  845     19.59370956    -15.00009440   -243.61685075      31       0      25
  846     23.09256108     -6.57769280   -243.61685075      32       0      24
  847     17.65357705    -23.08449617   -243.61685075      29       0      21
  848     23.18722149     -8.99738216   -243.61685074      26       0      26
  849     22.46767016    -15.49299381   -243.61685075      29       0      26
  850     14.34473712    -84.07688900   -243.61685075      36       0      28
  851     19.99833613    -15.65343363   -243.61685075      28       0      30
  852     22.66623854    -11.88689939   -243.61685075      34       0      30
  853     26.58338136    -38.86805385   -243.61685075      32       0      34
  854     19.69703151    -36.01726133   -243.61685075      36       0      32
  855     20.11467312    -34.68981633   -243.61685075      37       0      37
  856     26.50797272     -7.44719554   -243.61685075      42       0      45
  857     26.62435119    -13.33067495   -243.61685075      47       0      31
  858     20.21578994    -16.69462422   -243.61685075      44       0      27
  859     26.12651480     -8.22252235   -243.61685075      37       0      24
  860     14.50885654    -64.22269671   -243.61685075      29       0      27
  861     19.47622385     -9.83217025   -243.61685075      33       0      28
  862     19.91200010    -13.80603664   -243.61685075      32       0      25
  863     21.40648147    -21.98072078   -243.61685075      31       0      23
  864     17.06192660     -8.54749134   -243.61685075      27       0      22
  865     22.94455742    -47.48343984   -243.61685075      27       0      24
  866     25.84570054    -13.56323056   -243.61685075      27       0      32
  867     27.05297867     -7.69408709   -243.61685075      35       0      25
  868     23.67915530    -27.78346172   -243.61685075      28       0      31
  869     22.71997218    -14.16196933   -243.61685075      33       0      30
  870     23.61582775     -9.22691583   -243.61685075      34       0      32
  871     27.22465930     -9.15119273   -243.61685075      38       0      32
  872     29.51092196     -2.62633070   -243.61685074      42       0      37
  873     16.52268349    -36.95633913   -243.61685075      41       0      38
  874     31.85735965     -5.52746344   -243.61685075      40       0      35
  875     22.02592209    -11.99069198   -243.61685075      41       0      30
  876     23.11085121    -12.47311826   -243.61685075      41       0      25
  877     22.20161714    -24.19353189   -243.61685075      33       0      26
  878     25.47143152     -6.62654689   -243.61685075      30       0      27
  879     20.00981144     -9.66852241   -243.61685075      31       0      27
  880     19.04427213    -19.29952168   -243.61685075      32       0      23
  881     22.32635816    -19.51324135   -243.61685075      26       0      24
  882     20.36787166     -6.56850458   -243.61685075      29       0      22
  883     29.00596003    -16.70276738   -243.61685075      28       0      33
  884     21.63945445    -13.15901804   -243.61685075      35       0      25
  885     17.88109419    -31.27906206   -243.61685075      38       0      27
  886     22.29754516     -8.53459861   -243.61685075      33       0      32
  887     19.01733998    -31.79863517   -243.61685075      39       0      27
  888     28.74455298    -10.58037451   -243.61685075      25       0      41
  889     22.22243174     -6.98228720   -243.61685075      49       0      33
  890     34.06987006     -6.30544907   -243.61685075      39       0      35
  891     25.82881683    -10.34179868   -243.61685075      43       0      35
  892     22.81911047    -10.47321658   -243.61685075      43       0      33
  893     23.22519952    -22.87430663   -243.61685074      48       0      25
  894     26.48387619     -5.16648105   -243.61685075      41       0      26
  895     23.14732651    -35.59411704   -243.61685075      36       0      29
  896     17.73039950     -5.28396087   -243.61685075      32       0      27
  897     14.86399495    -23.11627634   -243.61685075      30       0      19
  898     24.00642776    -10.99552343   -243.61685075      26       0      26
  899     20.97164228    -53.34918534   -243.61685075      26       0      21
  900     21.38521256    -16.07710746   -243.61685075      26       0      32
  901     22.08237487    -18.78343319   -243.61685075      35       0      26
  902     22.64156000    -13.00167511   -243.61685075      28       0      26
  903     33.04980942     -8.58149287   -243.61685075      27       0      38
  904     18.36656198    -34.01105620   -243.61685075      46       0      22
  905     19.95908157    -58.74570609   -243.61685075      31       0      36
  906     25.25491123    -17.25384713   -243.61685075      40       0      36
  907     19.42797013    -10.56937578   -243.61685074      39       0      34
  908     23.84383602     -5.10149023   -243.61685075      38       0      30
  909     25.43286037     -5.80147511   -243.61685075      34       0      31
  910     23.62775291    -13.40426613   -243.61685074      35       0      37
  911     14.71060527    -35.76622497   -243.61685075      43       0      24
  912     17.18278390    -13.38677932   -243.61685075      30       0      32
  913     23.17796211     -8.11115159   -243.61685074      32       0      25
  914     26.26621322     -9.41267208   -243.61685075      34       0      24
  915     20.21465300    -34.79693343   -243.61685075      24       0      22
  916     14.63550999    -39.20776203   -243.61685075      28       0      22
  917     18.68311579    -16.87471182   -243.61685075      21       0      31
  918     17.33609621    -21.96258317   -243.61685075      33       0      28
  919     13.27895029    -60.14030200   -243.61685075      31       0      19
  920     26.79297990    -11.72367346   -243.61685074      18       0      41
  921     24.82984321    -14.57970686   -243.61685075      39       0      24
  922     25.31473271    -10.18008735   -243.61685074      30       0      36
  923     25.65144356    -14.60721492   -243.61685075      41       0      35
  924     23.84646142    -25.13792480   -243.61685074      44       0      37
  925     19.28599607    -16.48047786   -243.61685075      43       0      26
  926     18.39146129    -65.82389412   -243.61685073      40       0      31
  927     23.96130310    -20.72977886   -243.61685075      29       0      38
  928     15.93735531    -43.11769810   -243.61685075      48       0      26
  929     18.67548979    -12.04587428   -243.61685075      36       0      31
  930     21.66458946    -16.32724830   -243.61685075      38       0      28
  931     17.74086011    -38.53908686   -243.61685073      39       0      20
  932     21.46700830    -14.76522470   -243.61685073      27       0      26
  933     20.01756429    -13.93956186   -243.61685075      27       0      23
  934     16.10224494    -19.96881770   -243.61685075      25       0      28
  935     24.80110851     -8.98786882   -243.61685075      32       0      31
  936     16.83390357    -17.37699315   -243.61685075      32       0      18
  937     35.02633531     -6.65078238   -243.61685075      28       0      37
  938     18.90074027    -32.33807038   -243.61685075      37       0      21
  939     23.60275554     -7.26914472   -243.61685075      33       0      35
  940     24.77977896     -5.56109912   -243.61685075      40       0      37
  941     27.91658991    -10.06663018   -243.61685075      42       0      37
  942     20.65095243    -68.14629070   -243.61685075      45       0      31
  943     18.78682140     -9.56263653   -243.61685075      36       0      22
  944     27.93310170     -3.74131285   -243.61685075      34       0      40
  945     19.26895076    -13.21631386   -243.61685075      47       0      27
  946     20.37790200     -8.60085866   -243.61685075      29       0      32
  947     21.07815593    -31.82982893   -243.61685075      37       0      29
  948     20.88363341    -17.13785116   -243.61685075      34       0      25
  949     22.93623218     -7.15372775   -243.61685075      31       0      24
  950     21.29611061    -26.85172841   -243.61685075      33       0      21
  951     26.74332153     -9.57439185   -243.61685075      24       0      29
  952     23.80131771    -13.24947820   -243.61685075      32       0      29
  953     13.06314347    -43.47145090   -243.61685075      32       0      20
  954     24.52444955     -9.59116444   -243.61685075      29       0      33
  955      7.43931356   -124.38333662   -243.61685075      41       0      24
  956     22.19213723    -22.39460609   -243.61685075      28       0      32
  957     23.98568871     -6.05585697   -243.61685075      36       0      38
  958     25.72440573     -9.98602162   -243.61685075      40       0      38
  959     21.60586514    -13.52994073   -243.61685075      44       0      27
  960     17.87365110    -32.26888539   -243.61685074      29       0      25
  961     22.40894024    -50.91585108   -243.61685075      27       0      44
  962     20.89310106     -6.73228549   -243.61685075      47       0      25
  963     26.42782425    -14.17740559   -243.61685075      39       0      34
  964     17.84567775    -13.84042856   -243.61685075      35       0      25
  965     27.91427530     -5.68447141   -243.61685074      32       0      24
  966     29.75278108     -8.77088036   -243.61685075      34       0      28
  967     23.71051818     -2.92423105   -243.61685075      33       0      23
  968     20.82822781     -5.26064152   -243.61685075      26       0      25
  969     21.19143982    -12.16498353   -243.61685075      27       0      27
  970     17.01985743    -16.57182798   -243.61685075      30       0      22
  971     25.62350083    -10.18629432   -243.61685075      28       0      32
  972     14.54881249    -90.04031143   -243.61685075      35       0      27
  973     27.43050201     -8.80974056   -243.61685075      30       0      35
  974     23.29048042    -18.19005574   -243.61685074      34       0      33
  975     25.86536419    -12.75071795   -243.61685075      43       0      40
  976     23.75993454     -6.40875334   -243.61685075      39       0      30
  977     18.03849321     -6.36790433   -243.61685075      49       0      20
  978     24.85335145    -39.48100795   -243.61685075      25       0      41
  979     24.77442425    -11.02546051   -243.61685075      41       0      30
  980     19.38076131     -8.99182095   -243.61685075      41       0      31
  981     23.75879712    -28.16445873   -243.61685075      44       0      26
  982     17.81743259    -21.04477136   -243.61685075      36       0      25
  983     21.13999684    -36.96599565   -243.61685074      31       0      30
  984     24.25035320     -6.78705143   -243.61685075      32       0      23
  985     19.78257143     -6.26915906   -243.61685075      29       0      25
  986     17.93063784    -35.44961886   -243.61685075      23       0      24
  987     23.27104076    -15.45598047   -243.61685075      27       0      26
  988     18.22680513    -35.03586087   -243.61685075      27       0      30
  989     19.20835204    -12.50700961   -243.61685075      35       0      29
  990     26.91591357    -11.81705833   -243.61685075      36       0      31
  991     20.83818246     -9.20593566   -243.61685075      35       0      31
  992     20.85145317    -12.34265648   -243.61685075      37       0      36
  993     27.20166224     -4.45259501   -243.61685075      38       0      38
  994     20.59481532    -11.28211681   -243.61685075      43       0      22
  995     21.86143679     -7.03384526   -243.61685075      29       0      31
  996     25.49616827     -9.39757752   -243.61685075      31       0      33
  997     23.59564610     -8.09628621   -243.61685075      42       0      30
  998     24.69086302     -8.57931821   -243.61685075      40       0      31
  999     21.92801028    -57.83010217   -243.61685075      35       0      28
 1000     31.40277681     -4.64297332   -243.61685075      30       0      26
----------------------------------------------------------------------------------
Artificial Bee Colony Optimization Finished!

 -- Results Report --
 * 100 LMs will be saved in [ lm-LM ].
      #          Energy
      0   -243.61685075
      1   -242.88800828
      2   -242.78784608
      3   -242.47082726
      4   -242.47004338
      5   -242.11192420
      6   -241.46342502
      7   -241.23757871
      8   -241.12943054
      9   -240.92255127
     10   -240.58781894
     11   -240.52903510
     12   -240.42347510
     13   -240.30393185
     14   -239.92721658
     15   -239.85591901
     16   -239.26250223
     17   -239.05551696
     18   -238.77921526
     19   -238.77140992
     20   -238.71821043
     21   -238.56494511
     22   -238.53086212
     23   -238.34586333
     24   -238.29856380
     25   -238.23831473
     26   -237.97354764
     27   -237.89179661
     28   -237.89027362
     29   -237.59574353
     30   -237.53786506
     31   -237.40095708
     32   -237.32557252
     33   -237.22450189
     34   -237.05173616
     35   -237.02956210
     36   -236.89054182
     37   -236.81127828
     38   -236.68625301
     39   -236.63472012
     40   -236.58797336
     41   -236.55799939
     42   -236.43636726
     43   -235.99672042
     44   -235.93934379
     45   -235.88313084
     46   -235.78450740
     47   -235.68860091
     48   -235.39689114
     49   -234.85007914
     50   -234.48877082
     51   -234.43440472
     52   -234.29085728
     53   -234.21340741
     54   -234.18322661
     55   -234.18002872
     56   -234.09258304
     57   -233.95809353
     58   -233.95807210
     59   -233.95047535
     60   -233.94756447
     61   -233.93452713
     62   -233.93150606
     63   -233.91760858
     64   -233.90079461
     65   -233.86395397
     66   -233.72112855
     67   -233.70014687
     68   -233.63452312
     69   -233.53469051
     70   -233.51231171
     71   -233.45932105
     72   -233.43735327
     73   -233.37715554
     74   -233.36539116
     75   -233.31630167
     76   -233.22946265
     77   -233.19681664
     78   -233.13015000
     79   -233.05645050
     80   -233.03311209
     81   -232.96065786
     82   -232.87378590
     83   -232.80911474
     84   -232.79574107
     85   -232.78701925
     86   -232.63402562
     87   -232.52618078
     88   -232.47168035
     89   -232.44273994
     90   -232.40175903
     91   -232.13360228
     92   -232.11203493
     93   -232.07693179
     94   -232.05620777
     95   -232.04308355
     96   -232.02013474
     97   -231.96900221
     98   -231.92435831
     99   -231.92393073

 * Final Global Minimal Energy:   -243.61685075
 * The Global Minimum is saved as: [ lm-OPT.(cluster/xyz/gjf) ]

===== (^ _ ^) =====
Normal termination at Wed May  6 10:13:57 2020.
Total run time: 3485 seconds = 0 days 0 hours 58 minutes 5 seconds.
