    * * * * * * * * * * * * * * * * * * * * *
    *       __    ____    ______            *
    *      /  \  |  _ \  |  ___/  luster !  *
     *    / _  \ | |_| | | |               *
     *   / /_\ | |  _ <  | |     < @  @ >  * 
     *  / ___  | | |_| | | |___ _ _  o     * 
    *  /_/   |_| |____/  |_____ _ __ __  _  *
    *                                       *
    * * * * * * * * * * * * * * * * * * * * *

ABCluster 1.5.1
Specific flag:  official version
Platform:       LINUX/UNIX
Compiled by:    junzhang@gellmann.scs.illinois.edu
Compiling date: Dec 18 2017 20:33:35
C++ compiler:   g++
C++ options:    -O3 -Os -fno-exceptions --std=c++0x -fopenmp 

Contributors:
Jun Zhang(University of Cologne): Design and coding.

For any suggestions, comments, and questions on the theory and
implementation of ABCluster, please feel free to contact:

Dr. Jun Zhang, ZhangJunQcc@gmail.com

If you used this program in your work, please cite this reference:

[1] Zhang, J.; Dolg, M.; ABCluster: The Artificial Bee Colony Algorithm for
    Cluster Global Optimization. Phys. Chem. Chem. Phys. 2015, 17, 24173-24181.
[2] Zhang, J.; Dolg, M.; Global Optimization of Clusters of Rigid Molecules by the
    Artificial Bee Colony Algorithm. Phys. Chem. Chem. Phys. 2016, 18, 3003-3010.

Program starts at Wed Dec 18 14:06:07 2019.
Command line: " /ihome/jkeith/amm503/codes/ABCluster/rigidmol-optimizer solvent.inp "
Process ID:   185939
Run by:       amm503@smp-n28.crc.pitt.edu
Available CPU cores:    24
Read "OMP_NUM_THREADS": Unset

Random number testing (integers): 1746057616...768596580
Random number testing (fractals): 0.77748985...0.12898063

 -- Input/Output Parameters --
Input file name:      solvent.inp
Cluster file name:    solvent.cluster
Result file name:     lm-solvent.(cluster/xyz/gjf)
Temporary file name:  abclusteramm503smp-n28.crc.pitt.edu185939-OPT
# of saved LMs:       100
LMs are stored in:    lm-solvent-LM

 -- ABC Control Parameters --
Population size:                  500
Maximal generation:              1000
Scout limit:                       15
Amplitude:                18.00000000

 -- Cluster Components: from [ solvent.cluster ] --
 -----------------------------------------------------------
   Source                                       #   Charge
 -----------------------------------------------------------
   charmm36/ch3cn.xyz                           7   -0.000
 -----------------------------------------------------------
   Dimension: 0, an isolate cluster.
 -----------------------------------------------------------

Artificial Bee Colony Optimization Starts!
----------------------------------------------------------------------------------
 * Population: 500; Maximal cycles: 1000
 * EM = Employed Bee; Trigonometric mutation
 * OL = Onlooker Bee; ABC/best/2(0.5)+ABC/current/2(0.5);
        Tournament selection from 5 nectars.
 * SC = Scout Bee; Random nectar; Limit = 15
----------------------------------------------------------------------------------
    #       Diversity            maxE            minE    byEM    byOL    bySC
----------------------------------------------------------------------------------
    1     18.22478869    -11.81067009   -159.39049649     291      40       0
    2      5.66667783    -66.16427904   -159.39049650     217      46       0
    3      3.29853731   -146.91999928   -159.39049604     142      32       0
    4      2.91238229   -147.97828291   -159.39049770     105      19       0
    5      2.65701847   -149.57534243   -159.39049770      86       6       0
    6      2.43555943   -150.22699313   -159.39049739      67       9       0
    7      2.27156583   -150.43292724   -159.39049650      59       5       0
    8      2.08456565   -150.56189418   -159.39049662      51       2       0
    9      1.93589875   -150.56189418   -159.39049650      47       2       0
   10      1.79237011   -152.30051093   -159.39049505      48       1       0
   11      1.68126579   -152.30051093   -159.39049800      37       3       0
   12      1.58278368   -152.30051093   -159.39049757      37       2       0
   13      1.46886584   -152.30051093   -159.39049650      39       0       0
   14      1.37182146   -152.30051093   -159.39049691      38       0       0
   15      1.23490019   -152.30051093   -159.39049915      33       0       0
   16      1.14631061   -152.30051093   -159.39050045      25       1       0
   17     10.50824013    -41.17776790   -159.39049915      29       0      12
   18     20.90266430    -21.12459806   -159.39050045      31       0      61
   19     23.16141920    -16.61908709   -159.39049729      60       0      98
   20     27.43665241    -15.79583587   -159.39049650     110       2     135
   21     23.89404510    -12.22866733   -159.39049874     163       7      99
   22     19.09009332    -10.61277850   -159.39049651     166      12      64
   23     11.34386447    -34.17471981   -159.39049709     155      26      20
   24 71710176.40960413 1605094032.84462905   -159.39049757     112      17       6
   25      2.75001636   -140.22420507   -159.39049782     109      11       3
   26      5.86438713    -35.64598076   -159.39049650      87      10       2
   27      1.84995914   -150.70334577   -159.39050007      84       5       0
   28      1.60855739   -151.87007280   -159.39049682      64       4       0
   29      1.36061897   -151.87007280   -159.39049756      60       2       0
   30      1.05739208   -153.93937642   -159.39049396      66       1       0
   31      0.78113025   -154.75718184   -159.39049656      68       0       0
   32      0.69820522   -154.75718184   -159.39049696      45       1       0
   33      3.20927997    -88.54288848   -159.39049651      48       0       1
   34      7.78990773    -18.84292189   -159.39049634      45       0       3
   35      9.40082104    -11.00055924   -159.39049651      33       0      16
   36     14.70643465    -25.35387074   -159.39049651      38       0      22
   37     16.00113926    -22.91130254   -159.39049699      29       0      64
   38     22.25809840    -11.17866726   -159.39049650      76       0      77
   39     23.89734336    -14.55351439   -159.39049828      90       0      89
   40     20.86307520    -14.55351439   -159.39049291     110       1      76
   41     21.01987869     -3.10291386   -159.39049291     126       3      73
   42     12.07273722    -25.76136323   -159.39049805     136       1      38
   43     12.43723040    -18.11858823   -159.39049825     130       1      26
   44      9.59945708    -21.26092847   -159.39049716     115       0      14
   45      1.58882869   -142.78892734   -159.39049937      96       1       1
   46      0.81509988   -150.20581917   -159.39049782      79       0       0
   47      0.44497175   -151.87964874   -159.39049780      48       0       0
   48      0.09508236   -157.97787384   -159.39049661      19       0       0
   49      0.01697862   -159.12150235   -159.39049661       8       0       0
   50      0.36861331   -151.14364536   -159.39049661       1       0       1
   51      4.67118921    -55.14413916   -159.39049661       1       0       1
   52      5.37601870    -47.76856902   -159.39049796       2       0       7
   53     10.05951137    -16.01155528   -159.39049651       7       0      17
   54     12.56924493    -32.05043365   -159.39049256      15       0      31
   55     17.01779626    -31.92725831   -159.39049844      34       0      60
   56     14.89612869    -43.77518339   -159.39049825      58       0      58
   57     18.42634171    -19.46302617   -159.39049650      76       0      72
   58 3212816.24819192 71912550.17068706   -159.39049578      86       0      69
   59     21.41121472    -20.37926593   -159.39049781      89       0      79
   60     19.42780601    -28.41370920   -159.39049782     109       0      52
   61     14.68164114    -13.51065829   -159.39049782     104       0      33
   62     13.06438235    -21.17636619   -159.39049782      83       0      17
   63      2.11438237   -117.32111061   -159.39049782      61       0       2
   64      0.45802428   -152.54963164   -159.39049781      22       0       1
   65      0.31282885   -152.54963164   -159.39049782       6       0       0
   66      0.01201770   -159.12150445   -159.39049984       3       0       0
   67      5.74501255    -30.79945613   -159.39049650       1       0       1
   68      0.60173959   -145.92171575   -159.39049984       1       0       1
   69      2.77643654   -103.10974305   -159.39049782       1       0       7
   70      9.61754343    -27.40425034   -159.39049872       6       0      12
   71     12.17067364    -24.00000781   -159.39049782      13       0      27
   72     18.08156416    -19.16792353   -159.39049873      25       0      47
   73     18.52702506    -16.56455726   -159.39049873      49       0      52
   74     21.77546785    -26.80539541   -159.39049796      60       0      68
   75     19.14986278    -12.42818829   -159.39049936      71       0      61
   76     21.20052174    -20.05383297   -159.39049782      74       0      62
   77     17.33263839    -14.38136989   -159.39049781      83       0      71
   78     14.76272574    -18.75713811   -159.39049796      91       0      54
   79     11.62126494    -60.41489080   -159.39049511      84       0      26
   80 2625346.93226964 58763176.42494820   -159.39049782      66       0      10
   81      0.88365670   -150.21984729   -159.39049780      40       0       1
   82      0.31400897   -152.50260178   -159.39049780      11       0       0
   83      0.30772787   -152.50260178   -159.39049780       1       0       0
   84      0.42566147   -152.50260178   -159.39049780       0       0       1
   85      1.08368359   -135.13432743   -159.39049796       2       0       1
   86      3.42262469    -86.21594252   -159.39049781       1       0       5
   87     10.35958480    -29.80473517   -159.39049781       4       0      14
   88     10.49501415    -20.54385560   -159.39049781      16       0      21
   89     15.21510055    -29.02414023   -159.39049650      24       0      44
   90     17.58690721    -15.13997447   -159.39049781      44       0      51
   91     17.63002974    -12.79293832   -159.39049782      47       0      43
   92     19.16085172    -12.97149337   -159.39049781      56       0      69
   93     20.03095238    -21.14538542   -159.39049782      71       0      69
   94     21.46919188    -10.54027742   -159.39049782      80       0      62
   95     16.47574305    -15.12629686   -159.39049650      86       0      61
   96     14.45027662    -13.52432729   -159.39049782      91       0      37
   97     12.72241495    -38.56160350   -159.39049782      72       0      16
   98      5.58175378    -48.10017088   -159.39049782      55       0       5
   99      1.84825645   -119.28496839   -159.39049782      25       0       1
  100      0.20243308   -154.85942314   -159.39049782       6       0       0
  101      1.33962221   -129.40563471   -159.39049782       1       0       1
  102      2.99698508    -92.30875872   -159.39049782       1       0       1
  103      6.13796124    -28.80454613   -159.39049781       1       0       4
  104      9.81258545    -28.68816318   -159.39049782       4       0      12
  105      5.61486133    -84.81788710   -159.39049781      12       0      21
  106     15.59737373    -18.06824275   -159.39049782      20       0      42
  107     15.98634978    -26.92325677   -159.39049781      41       0      44
  108     12.42700891    -17.72996615   -159.39049781      53       0      43
  109     16.54488036    -34.26566406   -159.39049782      55       0      64
  110     17.86656080    -14.54013898   -159.39049782      66       0      51
  111     15.57051352    -26.11301125   -159.39049781      64       0      70
  112     20.35175638    -10.44190459   -159.39049781      81       0      58
  113     17.81572554    -18.55055271   -159.39049781      83       0      42
  114     15.33461816    -19.02975365   -159.39049782      71       0      32
  115     11.05647045    -26.37706242   -159.39049781      72       0      13
  116      3.47206178    -82.13341512   -159.39049781      27       0       2
  117      0.11852220   -156.73760657   -159.39049781       5       0       0
  118      1.01565989   -136.65690736   -159.39049782       1       0       1
  119      0.39347417   -150.58333633   -159.39049782       1       0       1
  120      4.39011138    -63.01263636   -159.39049781       1       0       4
  121      6.95678437    -35.49471837   -159.39049395       3       0      11
  122      9.22578942    -32.28225516   -159.39049782       9       0      16
  123     14.85318741    -10.19091817   -159.39049782      15       0      42
  124     14.57971633    -32.57578616   -159.39049781      41       0      38
  125     15.83343851    -29.23889987   -159.39049780      43       0      49
  126     14.05987683    -37.20934827   -159.39049782      53       0      50
  127     13.40668692    -33.35498356   -159.39049782      62       0      52
  128     20.27509087    -17.36551292   -159.39049781      65       0      60
  129     19.86607733     -9.89885010   -159.39049782      77       0      54
  130     20.38580150    -20.64135021   -159.39049782      61       0      58
  131     19.31534043    -15.56064865   -159.39049781      74       0      42
  132      9.08779745    -46.69178136   -159.39049780      77       0      20
  133      1.41483565   -139.58431255   -159.39049780      57       0       1
  134      0.87250135   -143.77161369   -159.39049782      18       0       1
  135      0.23767834   -154.25867086   -159.39049782       3       0       1
  136      7.22948586    -41.30797257   -159.39049781       2       0       2
  137      5.75135664    -65.74603713   -159.39049782       2       0       5
  138      9.67679932    -32.11392897   -159.39049781       5       0      10
  139     10.08817382    -23.97248632   -159.39049780      11       0      13
  140     14.57266520    -11.06780623   -159.39049780      13       0      38
  141     12.17974782    -44.26444184   -159.39049780      37       0      34
  142     12.40579449    -37.45119152   -159.39049782      40       0      44
  143     19.01897018    -12.41139841   -159.39049781      48       0      52
  144     15.89211165     -8.53235551   -159.39049781      56       0      46
  145     20.16159424     -7.71087898   -159.39049781      66       0      63
  146     19.85047875    -20.97247535   -159.39049782      73       0      54
  147     18.84427413    -20.44895931   -159.39049781      79       0      45
  148     17.18318197    -19.10186414   -159.39049780      62       0      43
  149     13.35331772    -33.17562878   -159.39049782      60       0      38
  150      8.34665387    -25.33891424   -159.39049782      48       0      11
  151      0.24214909   -154.59054888   -159.39049781      24       0       0
  152      0.56009066   -149.24213110   -159.39049782       5       0       2
  153      0.47010809   -151.25534621   -159.39049780       2       0       2
  154      6.45908565    -15.74434601   -159.39049782       3       0       4
  155      6.66136688    -53.81326206   -159.39049781       4       0       9
  156      7.88373243    -59.14171577   -159.39049782       9       0      14
  157     14.82117498     -9.06298800   -159.39049782      14       0      33
  158     15.15742086     -1.15589906   -159.39049782      29       0      30
  159     18.01863918    -18.86100666   -159.39049782      37       0      45
  160 285565.96732115 6391687.50311704   -159.39049782      48       0      48
  161     17.97473969    -22.84634306   -159.39049782      56       0      46
  162     18.06735309    -10.34781342   -159.39049781      53       0      50
  163     19.05130580     -4.41182703   -159.39049781      61       0      64
  164     12.79877403    -48.83553778   -159.39049781      77       0      48
  165     15.16698064    -16.77093143   -159.39049780      77       0      42
  166 3384055.69735859 75745414.16409761   -159.39049781      55       0      45
  167      9.07839261    -48.74643404   -159.39049782      56       0      18
  168      0.74964311   -149.72939697   -159.39049782      38       0       0
  169      0.22812143   -154.28443903   -159.39049782      12       0       1
  170      6.80727811    -45.27090365   -159.39049782       1       0       3
  171      2.35728249   -110.61562433   -159.39049782       3       0       4
  172      9.40409452    -31.09600582   -159.39049780       4       0       9
  173     12.15713510    -11.82478028   -159.39049780       9       0      14
  174     12.88803263    -27.72751921   -159.39049781      11       0      29
  175     10.78794025    -49.89803874   -159.39049781      29       0      30
  176 2488334.39797355 55696416.04460274   -159.39049780      36       0      37
  177     19.11102405     -5.62520892   -159.39049782      37       0      47
  178     17.20520398    -15.19238162   -159.39049780      57       0      46
  179     11.57923171    -16.80481749   -159.39049780      52       0      46
  180     14.69558017    -42.30673424   -159.39049619      55       0      56
  181     19.90093089    -25.44576874   -159.39049780      64       0      60
  182     18.28431092    -22.30969082   -159.39049781      75       0      44
  183     15.68713290    -14.74638139   -159.39049781      77       0      41
  184      9.32838161    -14.77948881   -159.39049780      64       0      30
  185      5.46567509    -40.94880023   -159.39049781      45       0       3
  186      0.89921423   -142.93591421   -159.39049779      17       0       1
  187      3.13090306    -90.21020536   -159.39049780       6       0       3
  188      1.49822368   -127.05396970   -159.39049779       4       0       3
  189      6.74491030    -66.37727923   -159.39049781       3       0      12
  190 52336496.57995775 1171451519.90451765   -159.39049781      11       0      11
  191     12.09981137    -31.97077965   -159.39049781      13       0      25
  192     16.45736100    -14.78977601   -159.39049782      24       0      29
  193     15.19351222    -15.29480448   -159.39049781      30       0      34
  194     13.19296789    -41.20986742   -159.39049782      43       0      41
  195     17.48024400    -18.27876603   -159.39049782      50       0      50
  196     13.93255126    -13.59315855   -159.39049781      60       0      46
  197     18.81978845    -19.76605909   -159.39049781      64       0      51
  198     15.58465782    -10.99641187   -159.39049781      61       0      48
  199     19.36626808     -5.17363195   -159.39049781      60       0      49
  200     17.77897586    -19.51029396   -159.39049782      64       0      54
  201     12.10911755    -33.68752061   -159.39049782      62       0      33
  202      9.60259978    -15.12472744   -159.39049782      56       0       9
  203      3.86408844    -74.59999412   -159.39049780      32       0       2
  204      1.89041468   -118.53968816   -159.39049781       5       0       3
  205      4.80027464    -53.61863502   -159.39049780       2       0       4
  206      7.44855551    -42.88030936   -159.39049782       4       0       9
  207     12.31250715    -12.48275885   -159.39049782       9       0      13
  208     11.97566042    -16.88426768   -159.39049782      13       0      20
  209     12.26525527    -26.44272355   -159.39049781      19       0      24
  210     13.34944770    -18.21960987   -159.39049782      27       0      33
  211     16.36033053    -25.78964249   -159.39049782      32       0      40
  212     13.57473324    -34.03958173   -159.39049781      44       0      44
  213     14.36311827    -13.44092074   -159.39049782      48       0      49
  214     17.67308250    -15.32677650   -159.39049782      56       0      52
  215     17.39285116    -33.04579612   -159.39049782      64       0      54
  216 283964.83195176 6355849.56559068   -159.39049782      71       0      42
  217     17.25048785    -19.60191954   -159.39049782      65       0      50
  218     10.46270047     -8.13871918   -159.39049782      65       0      39
  219      8.79672290    -48.46509045   -159.39049782      55       0      22
  220      4.01595700    -73.16662354   -159.39049782      40       0       3
  221      5.07877189    -66.92951374   -159.39049782      16       0       2
  222      3.15773569    -92.37385927   -159.39049781       4       0       4
  223      1.29163516   -147.51309818   -159.39049782       4       0       9
  224      8.10869883    -39.09871201   -159.39049781       9       0      12
  225     11.35275987    -21.84864797   -159.39049781      14       0      18
  226      8.87331366    -23.53644792   -159.39049782      19       0      26
  227     15.76659550    -34.13132322   -159.39049782      22       0      30
  228     11.96292477    -31.52324854   -159.39049781      32       0      31
  229     17.55251625    -13.86870007   -159.39049780      41       0      45
  230     16.14071372    -16.47408816   -159.39049781      44       0      50
  231     17.76685612    -24.32400071   -159.39049782      60       0      46
  232     19.79421430    -13.44604403   -159.39049781      53       0      50
  233     13.77447899    -25.18512050   -159.39049782      75       0      45
  234     18.84691635    -14.01191390   -159.39049782      53       0      55
  235     18.82307852    -18.81878746   -159.39049781      63       0      41
  236     13.17365387    -25.88285934   -159.39049782      72       0      26
  237      5.12823191    -80.77148057   -159.39049941      52       0      10
  238      2.36645580   -108.78457151   -159.39049782      26       0       2
  239      5.18131068    -70.82724486   -159.39049941       4       0       4
  240      7.73495352    -40.91463370   -159.39049782       4       0       7
  241      8.55368832    -26.92891847   -159.39049782       8       0      13
  242     11.17337728    -12.30058671   -159.39049782      13       0      18
  243     14.75593305    -12.03620207   -159.39049781      15       0      25
  244     13.72478956    -24.37197201   -159.39049782      28       0      27
  245     15.44026848    -24.24991941   -159.39049782      32       0      30
  246     11.86297271    -12.98538615   -159.39049781      31       0      40
  247     16.71291946    -12.98538615   -159.39049780      40       0      50
  248     11.44703336    -47.71388874   -159.39049780      56       0      37
  249     17.41583299    -15.98521453   -159.39049782      57       0      52
  250     18.02142302    -13.76441364   -159.39049780      61       0      53
  251     14.48801398    -29.56246913   -159.39049781      67       0      41
  252     18.03755128    -26.01184867   -159.39049781      57       0      47
  253     13.49763250    -46.54905025   -159.39049782      53       0      31
  254      7.28025932    -43.57567325   -159.39049781      52       0      22
  255      5.00116289    -50.03322130   -159.39049780      32       0       3
  256      3.32857472    -86.18119044   -159.39049782       9       0       3
  257      5.31232470    -68.21031191   -159.39049782       3       0       8
  258     11.82620726    -21.75657683   -159.39049782       9       0      14
  259     12.28748033    -12.98796503   -159.39049782      16       0      14
  260 699308.32171782 15652512.16455369   -159.39049782      16       0      23
  261     12.68013287    -43.85400468   -159.39049781      22       0      30
  262     10.36336308    -28.21695737   -159.39049782      32       0      28
  263     15.59044259    -16.54300826   -159.39049782      29       0      35
  264     14.85721763    -27.92860165   -159.39049781      39       0      43
  265  46491.07472566 1040457.28819704   -159.39049782      51       0      41
  266     14.47223522    -43.92339499   -159.39049647      45       0      46
  267     16.18013747    -18.23933070   -159.39049782      48       0      54
  268     16.37298637    -36.85925291   -159.39049782      53       0      54
  269     82.07693167   1662.08378652   -159.39049782      73       0      37
  270     12.26885560    -25.27142736   -159.39049782      66       0      36
  271     10.99055276    -25.54988959   -159.39049782      49       0      29
  272      6.04235320    -63.16849281   -159.39049780      38       0       5
  273      0.88042840   -147.88876242   -159.39049782      17       0       2
  274      8.79251511    -36.07992011   -159.39049780       8       0       7
  275      8.93729113    -31.15138220   -159.39049782       8       0      14
  276      7.42081634    -68.99335564   -159.39049780      14       0      16
  277     13.87115554    -24.04594594   -159.39049782      17       0      21
  278     15.42517399    -21.93329445   -159.39049782      24       0      31
  279      6.65495478    -81.31127957   -159.39049781      33       0      23
  280     14.92614385     -2.55589825   -159.39049647      25       0      34
  281 137574009.81952623 3063266665.33101416   -159.39049782      32       0      44
  282 474709.62808340 10625303.52361378   -159.39049782      50       0      36
  283     19.14169112    -17.56956409   -159.39049781      44       0      50
  284 422587006.07460511 9458796094.98638344   -159.39049781      57       0      47
  285     16.02132429    -23.78158198   -159.39049782      58       0      43
  286     16.62991764    -21.91664416   -159.39049781      61       0      51
  287     14.58191035    -30.00325594   -159.39049782      63       0      38
  288     13.96458884    -20.38795681   -159.39049781      51       0      31
  289      7.67580723    -48.46464439   -159.39049781      55       0      10
  290      3.85256378    -98.49621352   -159.39049781      18       0       4
  291      5.01822730    -49.09674184   -159.39049782       7       0       7
  292      8.79041448    -44.61439411   -159.39049782       7       0      12
  293      8.42598554    -57.81078054   -159.39049782      12       0      15
  294     11.89386984    -40.85097334   -159.39049781      19       0      22
  295     11.66456660    -34.67183339   -159.39049782      23       0      31
  296      9.87982129    -31.39694844   -159.39049782      30       0      21
  297      8.71747040    -41.82026104   -159.39049782      25       0      33
  298     14.20759490    -24.67190887   -159.39049781      33       0      42
  299     13.49730497    -15.19489444   -159.39049782      40       0      32
  300     14.32084365    -21.14732012   -159.39049781      40       0      48
  301     17.36268073    -15.88258945   -159.39049781      48       0      41
  302     18.65978743    -20.18248865   -159.39049782      51       0      48
  303     16.24214731    -18.45190731   -159.39049782      61       0      56
  304 163837887.61891925 3667195414.14030743   -159.39049782      61       0      30
  305     13.73298476    -19.68718401   -159.39049782      54       0      41
  306     13.88309938    -26.61219219   -159.39049266      56       0      15
  307      8.59903676    -41.64291778   -159.39049782      32       0       7
  308      6.94262219    -28.98375605   -159.39049266      10       0       5
  309      8.27264929    -31.85713705   -159.39049780       4       0       9
  310     10.30748549    -28.34570065   -159.39049782      11       0      19
  311 87613255.10359262 1961053819.38985467   -159.39049782      17       0      22
  312 2163099.53586418 48416659.43348368   -159.39049781      25       0      28
  313     10.03844866    -55.82699651   -159.39049781      32       0      22
  314     11.92129582    -26.71034250   -159.39049782      26       0      33
  315     11.52299324    -44.39738912   -159.39049782      34       0      38
  316     13.89225209    -12.72387825   -159.39049782      41       0      31
  317 33147423.98886812 741941089.80228949   -159.39049782      39       0      44
  318     18.77877808    -17.93679599   -159.39049782      43       0      42
  319 24455780.24291865 533412926.78619576   -159.39049782      58       0      48
  320     16.63147145    -16.46534771   -159.39049782      59       0      39
  321     18.17815332    -29.87409777   -159.39049781      57       0      52
  322     18.36971240    -12.74875508   -159.39049781      61       0      34
  323 15422421.90113161 345201054.81679839   -159.39049780      57       0      26
  324      5.37692522    -66.67422105   -159.39049780      40       0       9
  325      0.64060759   -151.02118447   -159.39049782      23       0       2
  326      9.52973545    -38.14402617   -159.39049782       4       0      11
  327      9.16379290    -37.92174403   -159.39049782      10       0      15
  328      8.90469276    -62.66284589   -159.39049782      14       0      23
  329     15.53079173    -20.45977026   -159.39049781      25       0      28
  330     10.70135739    -28.40599315   -159.39049782      32       0      22
  331     14.89535195    -27.57506948   -159.39049782      25       0      30
  332     20.12484370      7.69305969   -159.39049781      33       0      38
  333     17.18244933    -11.64142634   -159.39049782      40       0      31
  334 5757163.17019935 128862852.59042040   -159.39049781      39       0      34
  335     16.60592877    -15.50351911   -159.39049781      45       0      45
  336     18.73984063     -8.18740523   -159.39049871      48       0      45
  337     13.42834733    -38.25441165   -159.39049781      55       0      41
  338     11.38913090    -43.42592412   -159.39049781      50       0      45
  339 4522174.88711123 101220019.99069503   -159.39049782      53       0      44
  340     15.61567177    -16.45800596   -159.39049782      57       0      33
  341      9.71104169    -19.41257228   -159.39049781      44       0      12
  342      5.08576046    -48.26808185   -159.39049781      26       0       4
  343      3.02734078   -101.09505235   -159.39049781      14       0      10
  344      8.97400355    -32.32982933   -159.39049781      10       0      14
  345      9.90023041    -31.25748442   -159.39049782      14       0      20
  346      8.13581457    -72.78117654   -159.39049781      22       0      25
  347     13.10585003    -26.02132393   -159.39049782      22       0      28
  348     15.97746117    -21.92875257   -159.39049739      30       0      26
  349     14.99054381    -11.72222244   -159.39049782      29       0      36
  350     14.35651645    -11.69272892   -159.39049781      37       0      28
  351     11.82743568    -29.61655700   -159.39049782      32       0      39
  352     12.50182995    -27.23256654   -159.39049782      35       0      38
  353     10.87326212    -32.02074584   -159.39049782      47       0      46
  354     17.10358839    -23.08818954   -159.39049781      46       0      40
  355     17.11821230    -13.93368329   -159.39049782      47       0      50
  356     15.87311975    -17.43524674   -159.39049782      61       0      38
  357      9.64365558    -32.07447052   -159.39049782      47       0      33
  358     12.70694624    -46.56385059   -159.39049782      49       0      23
  359      5.58359543    -49.39863075   -159.39049782      35       0       6
  360      6.25015440    -55.86660317   -159.39049782      15       0       9
  361      7.91195786    -63.55718801   -159.39049782      10       0      14
  362     11.96697139    -20.42296320   -159.39049782      17       0      21
  363     12.17217885    -46.70569855   -159.39049782      16       0      22
  364 146695512.01531804 3283496352.31045580   -159.39049782      27       0      31
  365      9.97969381    -59.25422694   -159.39049782      34       0      25
  366     14.21785269    -22.10220256   -159.39049782      31       0      31
  367     11.32392823    -24.27956446   -159.39049782      31       0      32
  368     17.54653482    -10.63583906   -159.39049782      37       0      35
  369     17.50382744    -30.12974811   -159.39049779      42       0      39
  370     14.70811928    -20.42817778   -159.39049782      46       0      40
  371 2269247.36220941 50792575.84312238   -159.39049779      52       0      45
  372     18.28088984    -10.04716343   -159.39049782      57       0      42
  373     14.04512672    -19.74413470   -159.39049782      57       0      42
  374     12.07886330    -17.67751410   -159.39049782      55       0      35
  375     12.61956828     -9.47808112   -159.39049782      45       0      25
  376      6.26115530    -65.84504864   -159.39049781      34       0      11
  377     11.37122091    -25.14585553   -159.39049782      14       0       9
  378      9.77115776    -26.57138870   -159.39049782      10       0      16
  379     10.95594148    -16.77815433   -159.39049782      17       0      15
  380     10.80499304    -33.56826740   -159.39049782      16       0      26
  381     12.47371838    -37.57120788   -159.39049782      24       0      27
  382     11.73396494    -29.98116830   -159.39049782      29       0      27
  383     12.41512767    -18.79472891   -159.39049782      28       0      30
  384     19.99163018    188.34068124   -159.39049781      30       0      29
  385     14.63521040    -35.40868022   -159.39049782      30       0      32
  386     17.29205200     -8.48403161   -159.39049781      37       0      34
  387     18.09895657     -9.73307913   -159.39049781      39       0      44
  388     19.36559744    -20.37642795   -159.39049782      52       0      45
  389     16.37701384    -11.07651161   -159.39049782      55       0      37
  390     18.25057095     -6.55274605   -159.39049782      58       0      49
  391     17.60955713    -16.34116939   -159.39049782      64       0      39
  392     14.01357817    -21.52179962   -159.39049781      55       0      28
  393      1.54309512   -147.89875200   -159.39049781      36       0      12
  394      6.11741034    -62.73829409   -159.39049782      22       0      10
  395     11.87156485    -25.91417900   -159.39049782      14       0      15
  396     11.12213656    -30.35671046   -159.39049782      14       0      17
  397 6593967.85795229 147593112.96066046   -159.39049781      17       0      24
  398     10.70621237    -47.83781116   -159.39049782      24       0      25
  399     11.77130727    -37.26915018   -159.39049782      28       0      29
  400     13.33104201    -20.62956431   -159.39049782      37       0      29
  401     10.76010570    -27.11691052   -159.39049782      32       0      25
  402     12.97848360    -32.10478696   -159.39049782      26       0      30
  403     11.56220944    -22.74030619   -159.39049782      35       0      34
  404     15.10554855    -15.39553834   -159.39049781      39       0      37
  405 148138134.37294695 3315786675.69510889   -159.39049782      43       0      44
  406     17.34290412    -17.98506094   -159.39049782      43       0      41
  407     12.69634732    -23.40512776   -159.39049782      60       0      46
  408     13.25782930    -24.01388007   -159.39049781      50       0      44
  409     12.66929667    -19.94501975   -159.39049782      60       0      32
  410     13.28873771    -12.74999300   -159.39049782      45       0      16
  411     10.55160993    -49.05213793   -159.39049781      37       0      13
  412      8.38189515    -37.12727728   -159.39049782      23       0      14
  413     10.44025121    -28.59288558   -159.39049781      17       0      16
  414     11.01505168    -16.33570748   -159.39049781      18       0      21
  415      9.43728887    -47.95614819   -159.39049781      22       0      19
  416     15.09708022    -14.33661179   -159.39049782      23       0      35
  417     15.35086132    -17.41479386   -159.39049781      35       0      29
  418     13.69020862    -26.31594777   -159.39049781      33       0      28
  419     12.14870656    -29.47287978   -159.39049780      38       0      25
  420     14.62874743    -25.69389177   -159.39049782      24       0      36
  421     14.19708050    -15.34074407   -159.39049782      36       0      32
  422     15.95206572    -15.97173326   -159.39049781      37       0      39
  423     18.02966862    -11.09068541   -159.39049781      50       0      46
  424      9.44044643    -23.27266176   -159.39049781      55       0      39
  425     14.36110185    -19.11822749   -159.39049781      56       0      46
  426     12.41867471    -35.00472982   -159.39049781      62       0      33
  427     12.94718488    -13.68118741   -159.39049781      53       0      23
  428      7.71310994    -62.91960663   -159.39049782      42       0      18
  429      7.96114213    -26.07766955   -159.39049781      25       0      13
  430      8.42112298    -50.04615431   -159.39049781      15       0      15
  431     11.27330616    -31.55015099   -159.39049782      19       0      20
  432      8.83032395    -23.04131353   -159.39049782      21       0      23
  433     12.15367290    -38.31226960   -159.39049782      25       0      30
  434     13.64930407     -7.48063005   -159.39049781      32       0      27
  435     13.03769651    -39.32119954   -159.39049781      29       0      33
  436     13.71829136    -29.94051067   -159.39049782      43       0      25
  437     13.07462429    -34.01379462   -159.39049781      32       0      32
  438     11.69001205    -33.01169805   -159.39049782      36       0      27
  439     14.02765886    -31.62151531   -159.39049782      33       0      35
  440     14.97180883    -15.19311200   -159.39049782      37       0      41
  441     17.96839981     -4.23908500   -159.39049781      46       0      45
  442     10.63898961    -28.19012838   -159.39049781      53       0      40
  443     18.04245003    -15.67194811   -159.39049782      46       0      43
  444 7104031.32805122 159009901.69380504   -159.39049781      58       0      29
  445     10.30363099    -25.85805136   -159.39050043      40       0      17
  446     10.62144962    -38.60393420   -159.39049781      28       0      17
  447      7.03788594    -25.40137109   -159.39049782      21       0      16
  448 1275813.99271114 28556481.61247394   -159.39049782      19       0      18
  449      9.56908887    -41.74971127   -159.39049780      23       0      21
  450     12.47958997    -32.59206183   -159.39049781      22       0      33
  451     10.10157871    -22.15182517   -159.39050043      32       0      19
  452     11.28209767    -22.64494024   -159.39049782      26       0      30
  453     13.63374707    -25.27177784   -159.39049782      30       0      34
  454     10.00133310    -36.23790954   -159.39049780      36       0      29
  455     13.60432140    -19.39492756   -159.39049780      37       0      29
  456     14.20423436    -31.04373748   -159.39050043      36       0      36
  457     10.25568499    -26.13928081   -159.39049781      35       0      32
  458     17.26353033    -21.18244950   -159.39049782      33       0      40
  459     15.02918214    -23.70086886   -159.39049782      53       0      49
  460     16.88589320     -8.76269315   -159.39049781      52       0      44
  461     12.43960543    -31.75011226   -159.39049782      59       0      30
  462      9.95497360    -48.08082235   -159.39049782      38       0      20
  463     16.43398341     -5.52070618   -159.39049781      35       0      18
  464     12.23361858    -23.00072169   -159.39049781      26       0      14
  465     10.34075029    -42.66970308   -159.39049782      16       0      20
  466      7.25375340    -50.90685788   -159.39049781      20       0      21
  467     13.24043421    -18.79618095   -159.39049781      20       0      30
  468      8.71661421    -44.46537521   -159.39049781      35       0      22
  469     12.96502135    -34.31186798   -159.39049781      27       0      28
  470     15.16929723    -16.96627556   -159.39049782      30       0      33
  471     15.61161924    -17.28164331   -159.39049782      36       0      27
  472     14.29309454    -18.00000263   -159.39049781      32       0      34
  473     12.76437131    -20.12633213   -159.39049577      34       0      35
  474      7.58597455    -62.46000031   -159.39049577      43       0      24
  475     13.37148745    -13.43488216   -159.39049782      30       0      39
  476     19.17961514    -19.52912726   -159.39049782      40       0      50
  477 338925285.66910028 7586189611.78489590   -159.39049780      58       0      45
  478     15.07455225    -18.26034661   -159.39049782      53       0      33
  479     12.47705897    -37.17950445   -159.39049781      39       0      23
  480     11.75384737    -20.97864369   -159.39049781      35       0      21
  481     10.69307520    -18.17058586   -159.39049780      28       0      15
  482      9.05177366    -55.90193995   -159.39049780      20       0      19
  483      8.79169134    -36.75969097   -159.39049782      18       0      19
  484     15.70189913    -19.43752684   -159.39049782      20       0      26
  485     11.85125451    -23.16594026   -159.39049782      28       0      28
  486     14.50363480    -21.91951408   -159.39049782      28       0      25
  487     13.78188852    -38.96156219   -159.39049781      29       0      32
  488     12.81061032    -28.92550863   -159.39049781      35       0      30
  489     14.92107248    -15.07297340   -159.39049781      32       0      30
  490 5100972.57386139 114175289.30458800   -159.39049782      36       0      32
  491     14.49779585    -36.72135637   -159.39049782      38       0      32
  492     11.54036771    -13.30113944   -159.39049781      38       0      33
  493 54217256.75470811 1213548717.02269721   -159.39049778      38       0      44
  494     16.54419717    -22.99394159   -159.39049782      45       0      49
  495     12.40119705    -45.69169001   -159.39049782      54       0      34
  496     14.29093848     -3.70069442   -159.39049782      44       0      28
  497      7.90161910    -47.33641823   -159.39049782      44       0      22
  498     10.77301714    -38.55436123   -159.39049781      37       0      17
  499     12.98327641    -14.22642230   -159.39049782      21       0      20
  500     12.96169186    -25.09083813   -159.39049778      23       0      14
  501     14.39123389    -17.32499856   -159.39049781      18       0      28
  502     11.00928125    -33.12552017   -159.39049781      27       0      27
  503     12.75218108    -19.17082343   -159.39049779      30       0      25
  504     14.33205224     -9.50940728   -159.39049779      30       0      32
  505     14.40855617    -11.16626545   -159.39049782      41       0      28
  506     14.42197296    -27.89782631   -159.39049782      31       0      29
  507      9.85372336    -61.31005031   -159.39049782      32       0      33
  508      9.03687325    -45.12374006   -159.39049779      41       0      29
  509     14.29675908    -17.19781244   -159.39049779      34       0      36
  510     13.18936860    -32.87961544   -159.39049782      33       0      43
  511     16.71427363    -20.24062868   -159.39049933      48       0      41
  512     14.31941422    -13.57495200   -159.39049778      55       0      36
  513     16.84454875    -18.03401609   -159.39049781      46       0      33
  514     12.61882440    -29.49857144   -159.39049781      45       0      26
  515      8.99530782    -35.74432160   -159.39049782      42       0      17
  516     11.61769992    -25.46337137   -159.39049782      27       0      20
  517     10.68423143    -28.91163681   -159.39049782      22       0      15
  518     11.40581440    -34.14802138   -159.39049933      21       0      26
  519     11.39827937    -21.43116967   -159.39049781      27       0      26
  520     11.49970167    -28.93862101   -159.39049782      26       0      23
  521     15.22429165    -10.94147272   -159.39049933      25       0      35
  522     11.72243486    -34.81692515   -159.39049781      35       0      27
  523     13.67770808    -17.45351449   -159.39049781      33       0      29
  524     10.57272806    -49.60998829   -159.39049782      36       0      35
  525 7787443.86011026 174306775.67848164   -159.39049781      33       0      30
  526      2.82206637   -128.94411610   -159.39049782      41       0      29
  527     18.01483321    -17.23351052   -159.39049782      31       0      41
  528     15.91488019    -24.65814198   -159.39049781      45       0      40
  529     11.78513329    -29.89994242   -159.39049780      50       0      34
  530     14.95805771    -33.19724243   -159.39049782      42       0      35
  531     12.81670210    -29.13937175   -159.39049779      48       0      34
  532      7.08850146    -59.70621120   -159.39049781      41       0      16
  533      8.86383397    -65.48103801   -159.39049779      23       0      22
  534      8.95252922    -28.81638424   -159.39049780      26       0      17
  535     14.76844836    -15.86098288   -159.39049781      23       0      25
  536     16.16341797    -21.36578980   -159.39049782      26       0      27
  537     12.74338810    -25.35806581   -159.39049781      28       0      22
  538     13.68174172    -22.25890402   -159.39049782      27       0      31
  539     14.61565648    -13.18096321   -159.39049781      31       0      28
  540     13.86335754    -12.53468434   -159.39049781      34       0      31
  541     12.48330495    -19.83730744   -159.39049781      37       0      32
  542     13.27587123    -19.83730744   -159.39049779      34       0      30
  543     15.55627318     -7.71629646   -159.39049781      40       0      31
  544     14.93398190     -9.10000023   -159.39049781      35       0      32
  545     17.88063426    -20.78332718   -159.39049779      36       0      43
  546     14.26603162    -28.08257694   -159.39049781      41       0      37
  547     16.70616751    -17.20517921   -159.39049782      45       0      33
  548     15.84539616    -14.40475047   -159.39049782      37       0      37
  549     12.15191483    -20.05108499   -159.39049779      48       0      19
  550     13.19470622    -27.40838622   -159.39049782      24       0      22
  551 290829432.09955090 6509656557.52847385   -159.39049781      25       0      19
  552     12.96157455    -19.50810090   -159.39049781      19       0      22
  553     17.30865484     -7.84867934   -159.39049782      23       0      28
  554     11.25117835    -14.67159480   -159.39049779      30       0      23
  555      9.65262085    -17.19622720   -159.39049782      24       0      28
  556     14.58602634    -18.31480764   -159.39049779      33       0      27
  557     13.48592289    -19.00701638   -159.39049782      29       0      31
  558     13.88313762    -11.51907896   -159.39049782      34       0      31
  559     13.38967748    -21.15680542   -159.39049779      33       0      36
  560      9.70774622    -53.88536245   -159.39049781      37       0      25
  561     16.91036166    -27.84114103   -159.39049782      36       0      39
  562     13.02332038    -40.26499856   -159.39049782      44       0      39
  563     12.27928646    -26.02858448   -159.39049781      47       0      32
  564     16.85428974    -28.39576715   -159.39049778      47       0      35
  565     16.79708160    -19.51167776   -159.39049780      41       0      39
  566     13.71352395    -17.65698750   -159.39049778      48       0      24
  567     14.41084897    -20.16297411   -159.39049781      33       0      21
  568      8.28068452    -55.11471651   -159.39049781      24       0      19
  569     16.25210512    -19.19581917   -159.39049778      21       0      21
  570     15.25450120    -11.38062014   -159.39049780      22       0      28
  571      5.19379824    -76.95758912   -159.39049780      30       0      20
  572     14.59865608    -18.10317728   -159.39049778      21       0      31
  573     10.27515556    -15.38238545   -159.39049779      34       0      25
  574     11.82113602    -44.29396993   -159.39049778      31       0      34
  575     11.31021232    -35.91005641   -159.39049778      36       0      26
  576     15.45301589    -14.91397157   -159.39049781      31       0      32
  577     10.27482156    -55.08128228   -159.39049780      39       0      30
  578     15.53061876    -21.83824557   -159.39049779      34       0      35
  579     16.58342775    -10.44796257   -159.39049781      37       0      36
  580     16.12655248    -25.44607037   -159.39049688      39       0      37
  581     13.69073572    -19.41102759   -159.39049781      41       0      34
  582     16.31826307    -15.15805746   -159.39049780      51       0      39
  583     14.38596594    -23.42340248   -159.39049796      50       0      28
  584     12.63961939    -34.91214525   -159.39049779      41       0      24
  585 4055912.60681065 90783633.44832397   -159.39049782      35       0      19
  586     11.58338388    -31.03556764   -159.39049782      23       0      19
  587      8.71582124    -59.14982598   -159.39049796      21       0      27
  588     16.70199963    -21.81337247   -159.39049780      29       0      24
  589      8.22966765    -64.68409449   -159.39049781      28       0      22
  590     14.89589661    -18.26043311   -159.39049780      25       0      32
  591     12.26143551    -20.14721006   -159.39049780      40       0      32
  592     11.54051961    -45.45592636   -159.39049780      34       0      26
  593      9.91199537    -50.87029738   -159.39049780      31       0      31
  594     11.39878212    -15.08882363   -159.39049782      36       0      34
  595     14.28962973    -14.20857411   -159.39049781      41       0      31
  596     14.34437865    -31.28022147   -159.39049782      33       0      29
  597     15.50004454    -13.69951551   -159.39049781      36       0      34
  598 8847806.53200625 198040952.27639717   -159.39049782      41       0      41
  599     11.74451807    -40.85476286   -159.39049781      46       0      35
  600     10.18795023    -18.98703400   -159.39049782      43       0      33
  601     11.77331930    -28.59770975   -159.39049782      40       0      29
  602     14.61986863     73.08443235   -159.39049872      41       0      19
  603      8.98022036    -44.22600191   -159.39049780      25       0      18
  604     10.48573833    -47.55219420   -159.39049781      19       0      26
  605      5.49420436    -63.59119171   -159.39049781      26       0      22
  606     14.48277951    -19.83292962   -159.39049781      22       0      25
  607      8.57233399    -25.09066960   -159.39049363      24       0      29
  608     15.30172292    -20.22355571   -159.39049781      33       0      32
  609     13.70635182    -24.57639341   -159.39049781      36       0      27
  610     14.75284586    -37.02280834   -159.39049872      30       0      32
  611     10.40171559    -41.58883651   -159.39049781      35       0      32
  612     15.85740159    -32.01750940   -159.39049782      37       0      30
  613     12.24789519     -9.39982302   -159.39049782      38       0      31
  614 31257902.17985371 699647782.16295874   -159.39049782      33       0      30
  615     17.30562219    -22.39785158   -159.39049782      38       0      43
  616     13.89692644    -37.42243131   -159.39049782      45       0      33
  617     13.87471022    -27.68866020   -159.39049782      39       0      37
  618     15.47727257     -8.97647182   -159.39049781      42       0      30
  619     10.71045400    -23.89497033   -159.39049781      33       0      22
  620     10.45655770    -43.81304205   -159.39049780      31       0      18
  621     13.24676425    -14.58431855   -159.39049782      27       0      26
  622      8.69168353    -36.15382906   -159.39049781      31       0      21
  623     13.30557029    -23.93517252   -159.39049777      27       0      25
  624     15.20442108     -6.24910256   -159.39049782      30       0      26
  625     20.76318491     -7.69601601   -159.39049781      30       0      34
  626     12.95198575    -23.39553790   -159.39049777      32       0      29
  627     12.48370991    -17.21186842   -159.39049781      36       0      26
  628     18.36884833    -11.72255464   -159.39049781      34       0      33
  629     15.63528212    -15.13630287   -159.39049777      39       0      31
  630     13.31028625    -27.94850103   -159.39049782      37       0      31
  631     14.34091388    -16.25688232   -159.39049780      36       0      31
  632     17.73094806    -10.94301975   -159.39049782      38       0      41
  633     13.36450731    -27.53173924   -159.39049781      43       0      34
  634     15.78083597    -13.61606872   -159.39049780      39       0      38
  635     14.87396601    -14.84457465   -159.39049780      41       0      25
  636     12.66370379    -20.17404471   -159.39049780      36       0      26
  637      8.19040178    -45.75770950   -159.39049782      30       0      18
  638     16.03996666    -15.22375638   -159.39049780      22       0      25
  639     15.80181908    -15.10973639   -159.39049781      27       0      22
  640     10.05592026    -22.27673183   -159.39049781      26       0      27
  641     11.19438909    -29.46195330   -159.39049782      32       0      29
  642     10.70421622    -34.38375748   -159.39049781      33       0      26
  643     16.51914825    -14.66341415   -159.39049779      31       0      30
  644     13.15190153    -17.13989822   -159.39049781      28       0      28
  645     15.16003572    -17.49672140   -159.39049780      34       0      31
  646     10.88399329    -45.52816905   -159.39049779      40       0      34
  647     12.87852607    -17.50561582   -159.39049781      38       0      26
  648     15.51478894    -17.26801044   -159.39049782      31       0      37
  649     14.96973914    -11.95571614   -159.39049781      47       0      38
  650     14.34792373    -26.90123782   -159.39049781      44       0      35
  651  49844.08943649 1115507.42413449   -159.39049782      45       0      38
  652     13.98123721    -12.65678890   -159.39049782      46       0      25
  653     12.74811015    -26.69663176   -159.39049782      41       0      28
  654     11.11883922    -28.08688500   -159.39049781      30       0      20
  655      9.52618497    -31.43054479   -159.39049781      26       0      21
  656     10.99108240    -17.92636165   -159.39049781      24       0      18
  657     10.88769825    -43.65840179   -159.39049779      23       0      35
  658     13.88495086    -22.96517068   -159.39049781      36       0      26
  659     19.09066510    -17.76121797   -159.39049779      25       0      28
  660     12.85566826    -18.48376563   -159.39049781      31       0      29
  661     16.06809335    -10.07376917   -159.39049779      30       0      23
  662 2076179.12982152 46471114.09634575   -159.39049779      28       0      32
  663     14.53623571    -13.96062434   -159.39049781      35       0      34
  664     13.07208437    -22.23135623   -159.39049782      38       0      24
  665     11.88748402    -34.48496805   -159.39049782      30       0      40
  666     15.60545314    -12.98163426   -159.39049954      44       0      34
  667     12.60828396    -39.81191848   -159.39049782      43       0      36
  668     14.70184862    -24.39960360   -159.39049781      38       0      35
  669     14.43159847    -28.97344180   -159.39049782      39       0      32
  670     13.18764910    -19.64886926   -159.39049782      40       0      28
  671     11.98397178    -30.95313486   -159.39049781      35       0      22
  672     12.37178008    -23.33188916   -159.39049782      27       0      21
  673     13.36254493    -24.11381838   -159.39049782      27       0      21
  674     13.33459391    -44.84150276   -159.39049782      24       0      35
  675     10.41991724    -31.51750051   -159.39049782      34       0      20
  676     15.82205697    -18.40980983   -159.39049782      30       0      34
  677     13.54690998    -15.90256908   -159.39049780      33       0      26
  678     14.70277865    -20.43996303   -159.39049782      32       0      22
  679     12.78181880    -19.09668576   -159.39049780      27       0      32
  680     12.07518073    -25.71855348   -159.39049782      33       0      31
  681     14.00235685    -33.43395591   -159.39049782      37       0      27
  682     11.79714854    -38.52392639   -159.39049781      29       0      37
  683     15.10465592    -30.25753793   -159.39049780      38       0      37
  684     13.48307719    -26.20599047   -159.39049780      47       0      34
  685      9.15353770    -29.25338539   -159.39049781      42       0      32
  686     15.23224798    -19.42200755   -159.39049782      35       0      36
  687     14.22656102    -12.64076787   -159.39049781      38       0      29
  688      5.94595701    -75.46222772   -159.39049779      37       0      22
  689     12.55368482    -15.62828765   -159.39049781      26       0      22
  690     11.83337473    -34.13672758   -159.39049780      20       0      22
  691     13.62532695    -35.06877475   -159.39049781      29       0      31
  692     12.69628022    -11.63040999   -159.39049781      30       0      25
  693     12.90997592    -16.26525101   -159.39049781      29       0      27
  694     14.03831678    -15.96712212   -159.39049781      35       0      30
  695     13.74514387     -0.69881843   -159.39049781      36       0      24
  696     16.81914678     -7.86430541   -159.39049781      32       0      30
  697     15.32104204    -14.30997137   -159.39049781      31       0      32
  698      9.04010753    -53.47046136   -159.39049782      34       0      29
  699     15.72129549    -11.83773104   -159.39049782      39       0      28
  700     14.20611137    -13.27225566   -159.39049781      37       0      38
  701     18.67885808    -14.01549911   -159.39049781      42       0      40
  702     14.15011189    -21.64176224   -159.39049781      45       0      33
  703     15.49898465    -22.94903186   -159.39049781      42       0      33
  704     12.40024110    -30.47398314   -159.39049814      41       0      29
  705     13.88305410    -11.55978064   -159.39049781      38       0      26
  706     11.96456748    -35.14036611   -159.39049781      36       0      21
  707     11.80324162    -46.77744988   -159.39049782      26       0      22
  708     10.21472166    -50.95358027   -159.39049782      26       0      27
  709     12.17196075    -22.94685005   -159.39049782      34       0      27
  710     12.93647624    -17.42351117   -159.39049781      37       0      26
  711     16.15445961    -11.76202196   -159.39049782      36       0      27
  712     12.19183452    -11.84576917   -159.39049782      31       0      29
  713      8.37600118    -52.46644157   -159.39049782      33       0      31
  714     13.69104371    -21.57279235   -159.39049781      32       0      25
  715      7.71654067    -63.60941076   -159.39049782      32       0      29
  716     12.68241857    -28.33544123   -159.39049782      36       0      32
  717     14.17117746    -20.12774510   -159.39049779      36       0      36
  718     18.15251387     -4.29244809   -159.39049782      43       0      40
  719     11.88209991    -17.42917481   -159.39049779      43       0      29
  720     13.39669683    -12.12098362   -159.39049781      40       0      33
  721     15.54342116    -20.42077153   -159.39049781      44       0      35
  722     12.24217854    -14.59612312   -159.39049778      41       0      24
  723     14.11994580    -32.02243988   -159.39049778      32       0      26
  724      5.64494259    -52.83309187   -159.39049782      31       0      17
  725     13.14063508    -42.48592232   -159.39049782      24       0      23
  726     12.27481324    -29.42422677   -159.39049782      27       0      31
  727     15.83616425    -25.38702440   -159.39049779      36       0      28
  728     10.26696915    -39.65284501   -159.39049779      31       0      28
  729      9.21115084    -34.91460459   -159.39049782      35       0      32
  730      9.41852321    -38.23792419   -159.39049782      31       0      24
  731     12.88513510    -27.17755616   -159.39049780      30       0      27
  732      9.31899068    -58.00896930   -159.39049782      35       0      28
  733     15.61821434    -33.50609984   -159.39049780      27       0      33
  734     15.74997027    -35.11465928   -159.39049780      44       0      36
  735     18.41435663    -17.52063498   -159.39049780      40       0      38
  736     18.04605323    -11.62576410   -159.39049780      50       0      27
  737     14.70779757    -25.37114435   -159.39049782      36       0      36
  738     14.69655646    -18.95172311   -159.39049780      37       0      35
  739      7.75229010    -51.60010327   -159.39049781      43       0      27
  740     14.12266451    -19.43792280   -159.39049782      32       0      23
  741     11.64994985    -16.23463018   -159.39049780      34       0      20
  742     14.45500486    -10.86908704   -159.39049781      23       0      23
  743     15.14294975    -22.33757386   -159.39049780      27       0      29
  744     13.42382748    -34.03090164   -159.39049782      30       0      31
  745     14.26407187    -11.33731741   -159.39049781      35       0      29
  746     13.92084155    -19.61215127   -159.39049782      29       0      27
  747     14.01326044    -19.61215127   -159.39049782      33       0      23
  748     15.70222265    -18.54893748   -159.39049781      28       0      33
  749     13.55870600    -21.96338005   -159.39049781      36       0      24
  750      8.79123192    -42.75325733   -159.39049781      27       0      32
  751     13.57774270    -15.32777849   -159.39049779      32       0      34
  752     18.96263323    -24.58205112   -159.39049779      43       0      37
  753     12.80211310    -36.39061446   -159.39049781      45       0      32
  754     16.87580271     -7.89509335   -159.39049781      40       0      36
  755     20.33805531    -15.36466387   -159.39049776      43       0      35
  756     15.92029716     -8.08558636   -159.39049776      40       0      23
  757     13.33782233    -10.16418154   -159.39049781      31       0      26
  758     14.85284229    -21.73420262   -159.39049781      29       0      26
  759     13.51334765     -9.93218070   -159.39049782      28       0      22
  760     14.46039399    -16.79005359   -159.39049781      26       0      27
  761     10.82345992    -23.52150614   -159.39049780      31       0      29
  762     12.14824174    -33.28907511   -159.39049781      33       0      30
  763     14.53068353    -21.90676829   -159.39049780      34       0      25
  764     11.00966924    -19.81398557   -159.39049780      31       0      26
  765     13.61267034    -21.38682014   -159.39049779      26       0      31
  766      9.74004028    -17.35175757   -159.39049780      33       0      27
  767     13.45397806    -26.52495794   -159.39049780      30       0      25
  768     12.99051509    -23.72578321   -159.39049780      28       0      34
  769     16.59673692    -15.00871371   -159.39049782      33       0      40
  770     16.82059706    -24.58355443   -159.39049781      42       0      34
  771     15.35967627     -9.49792201   -159.39049782      42       0      36
  772    207.56489322   4476.09382512   -159.39049782      45       0      33
  773     15.87188485    -17.80616048   -159.39049782      44       0      25
  774     10.14084452    -55.54055518   -159.39049782      32       0      27
  775     10.35283840    -35.26346946   -159.39049782      30       0      27
  776 74188315.26327196 1660562396.62057877   -159.39049780      27       0      21
  777     15.29937603    -15.75440994   -159.39049782      26       0      25
  778     12.11441995    -14.29203299   -159.39049782      24       0      29
  779     16.22507201    -13.92469771   -159.39049782      29       0      28
  780     11.50990008    -40.64884422   -159.39049782      32       0      32
  781     10.13417632    -36.46341935   -159.39049780      32       0      24
  782     17.18242658    -21.06056023   -159.39049780      32       0      31
  783 37509197.18437645 839570980.67534029   -159.39049754      34       0      26
  784 2292266.08452434 51307804.69780905   -159.39049781      35       0      23
  785     16.00679726    -14.38098879   -159.39049780      30       0      36
  786     15.91058123    -20.42692875   -159.39049754      36       0      35
  787     14.43667242    -28.47325242   -159.39049781      37       0      35
  788     17.40797359    -16.64226909   -159.39049782      44       0      34
  789     15.94257607    -22.96802599   -159.39049779      44       0      37
  790 4234539.96781074 94781863.95763773   -159.39049780      39       0      29
  791     15.07759422    -22.80815533   -159.39049779      34       0      27
  792     11.56362589    -27.68587656   -159.39049781      34       0      24
  793     13.47937873    -19.42051819   -159.39049782      34       0      26
  794      9.81909276    -22.55578161   -159.39049781      27       0      23
  795     10.28927812    -44.60656091   -159.39049781      27       0      26
  796     16.75020318    -18.81836245   -159.39049781      26       0      30
  797 33046830.55782193 739689498.53607082   -159.39049780      30       0      27
  798     10.19643311    -27.18870882   -159.39049779      32       0      27
  799     12.08269898    -18.62067669   -159.39049779      30       0      28
  800 1012447.09643299 22661521.12895448   -159.39049779      33       0      27
  801     10.47662705    -21.33265010   -159.39049777      25       0      28
  802     15.61478850    -22.80930646   -159.39049780      36       0      32
  803     15.52218667    -24.99893590   -159.39049780      38       0      33
  804     15.23216955    -33.61156575   -159.39049777      34       0      31
  805     13.11897644    -19.91558110   -159.39049777      42       0      41
  806     14.12313071    -41.01793889   -159.39049782      46       0      35
  807     13.15700136    -22.64078481   -159.39049780      51       0      33
  808     11.14702119    -42.73231203   -159.39049781      46       0      21
  809     10.34282350    -27.50889194   -159.39049777      32       0      29
  810      8.12455415    -58.20684607   -159.39049780      34       0      25
  811     11.29603998    -27.40379061   -159.39049644      31       0      26
  812     11.46648381    -32.17019304   -159.39049780      29       0      26
  813     14.88850808    -15.76430913   -159.39049781      27       0      28
  814     13.48579378    -15.24688684   -159.39049780      32       0      26
  815     13.88040172    -41.42406907   -159.39049782      30       0      26
  816   1422.79828256  31688.18187426   -159.39049779      29       0      32
  817     11.13739041    -36.44810164   -159.39049779      32       0      24
  818     10.47195143    -45.74034750   -159.39049644      30       0      24
  819      9.58679718    -44.71883815   -159.39049781      28       0      36
  820 3635821.41256000 81380701.80061160   -159.39049779      42       0      28
  821     16.36225950    -28.53817466   -159.39049644      36       0      31
  822     14.49365947    -31.90905056   -159.39049777      38       0      36
  823     14.01091300    -16.09525536   -159.39049782      42       0      36
  824     16.22804031    -30.95600903   -159.39049781      39       0      38
  825     11.30007140    -19.31313114   -159.39049782      43       0      22
  826     14.70622497    -38.19497227   -159.39049781      36       0      34
  827     13.29218852    -10.29879823   -159.39049780      36       0      25
  828     11.25361713    -19.17508641   -159.39049780      37       0      25
  829     13.25825765    -39.89032579   -159.39049780      29       0      26
  830     15.89736670    -22.01991101   -159.39049781      31       0      26
  831     11.89880783     -7.34093332   -159.39049781      29       0      27
  832     10.35921083    -57.10072955   -159.39049781      31       0      28
  833     13.72203256    -15.97986916   -159.39049782      31       0      28
  834      9.95805291    -50.05512888   -159.39049782      32       0      23
  835     13.03737452    -19.87079991   -159.39049782      27       0      30
  836     13.28348127    -21.85397701   -159.39049781      35       0      29
  837     11.94109487    -20.69314359   -159.39049782      34       0      28
  838     14.97530640    -29.74985922   -159.39049781      34       0      35
  839     12.77869443    -25.49537224   -159.39049782      35       0      37
  840     13.58249127    -20.68518173   -159.39049781      45       0      30
  841     15.81551763    -23.67678508   -159.39049781      38       0      39
  842     13.43854055    -29.19302471   -159.39049781      39       0      23
  843     13.20580070    -30.35280112   -159.39049780      30       0      33
  844     16.13040325    -26.66748104   -159.39049781      41       0      28
  845     15.34504512    -20.55787415   -159.39049781      35       0      25
  846      8.31582505    -55.68961932   -159.39049781      30       0      27
  847     14.96453317    -23.72190105   -159.39049781      31       0      27
  848     14.47562249    -11.52242670   -159.39049781      34       0      28
  849     15.99772545     -8.81645154   -159.39049782      33       0      25
  850      4.63823100    -76.60086881   -159.39049781      30       0      27
  851     15.54353755    -36.99437942   -159.39049781      31       0      27
  852     13.61150473    -18.87117321   -159.39049781      30       0      29
  853     11.98476963    -29.04934832   -159.39049781      31       0      26
  854     16.72184162    -18.70483109   -159.39049782      27       0      31
  855     10.75415615    -42.92865764   -159.39049781      34       0      31
  856     16.61277822     -2.83170658   -159.39049780      39       0      38
  857     13.53818831    -19.03740770   -159.39049781      38       0      31
  858     17.45381833    -15.14645225   -159.39049781      39       0      37
  859     11.87933166    -22.61640235   -159.39049782      45       0      25
  860     12.36578585    -25.43401280   -159.39049781      37       0      31
  861     11.04649822    -29.15627387   -159.39049778      40       0      28
  862     12.14507002     -6.80055155   -159.39049780      32       0      30
  863     10.09573701    -45.46979746   -159.39049931      38       0      21
  864     13.96515418    -12.69874955   -159.39049781      31       0      30
  865     10.91961229    -36.17013283   -159.39049782      32       0      29
  866     11.29996426    -36.60347423   -159.39049781      32       0      26
  867     14.87385950    -18.65841780   -159.39049931      31       0      27
  868     12.39940440    -19.03008450   -159.39049781      33       0      27
  869     13.26042704    -29.64471677   -159.39049782      35       0      28
  870     11.62149024    -29.37593428   -159.39049782      37       0      27
  871     10.59216717    -34.26033226   -159.39049781      31       0      27
  872     14.00518319    -24.90510781   -159.39049781      36       0      30
  873     15.84125542     -8.31930959   -159.39049780      38       0      40
  874     13.12145203    -49.06137966   -159.39049781      41       0      32
  875     10.05518706    -37.97519898   -159.39049781      37       0      34
  876      9.81782096    -51.08807066   -159.39049782      40       0      24
  877     16.07973982    -22.61815826   -159.39049782      26       0      32
  878     14.69117168    -18.21624092   -159.39049781      39       0      30
  879     10.67680802    -36.05693597   -159.39049778      32       0      29
  880     14.07605551    -26.30566108   -159.39049780      32       0      25
  881     14.96194836    -15.43269626   -159.39049781      29       0      29
  882     13.54798818    -11.37169441   -159.39049781      32       0      29
  883     13.45161395    -16.30068900   -159.39049779      36       0      23
  884     13.86221547    -26.01872030   -159.39049779      26       0      28
  885     10.78260514    -40.29217196   -159.39049781      31       0      21
  886     14.49277467    -43.49036937   -159.39049781      27       0      35
  887     15.47502907     -9.48092041   -159.39049780      36       0      25
  888     10.41930095    -55.62583873   -159.39049780      30       0      27
  889     12.55280905    -34.79977280   -159.39049781      29       0      36
  890     17.69817013    -18.57712402   -159.39049779      36       0      35
  891     12.23581532    -36.42424807   -159.39049782      43       0      33
  892     13.87076701    -19.79085761   -159.39049781      46       0      34
  893     12.44294448    -11.65705347   -159.39049781      42       0      27
  894     10.04789910    -39.77494171   -159.39049781      37       0      31
  895     13.93368551    -15.65438202   -159.39049779      40       0      30
  896     15.21025324    -25.03467402   -159.39049779      35       0      27
  897     11.29824152    -26.95228675   -159.39049782      34       0      27
  898     14.10723319    -10.76039586   -159.39049780      33       0      27
  899     13.57591996    -16.71130770   -159.39049781      25       0      29
  900     13.01689839    -25.21125718   -159.39049780      32       0      27
  901     12.66378672    -33.90228638   -159.39049780      29       0      24
  902      8.09106862    -61.51687957   -159.39049781      28       0      21
  903     14.56417623    -23.73943261   -159.39049781      29       0      37
  904     12.59825725    -29.59729947   -159.39049778      40       0      26
  905     11.66510376    -26.77978784   -159.39049780      35       0      26
  906     14.96950263    -17.97443811   -159.39049778      26       0      32
  907     12.62519662    -21.51905624   -159.39049782      35       0      30
  908     16.30751490    -20.46611762   -159.39049780      34       0      34
  909     12.20289868    -39.24921071   -159.39049781      37       0      34
  910     13.02576284    -32.57527972   -159.39049777      40       0      34
  911     12.82341488    -28.56622699   -159.39049778      45       0      28
  912     15.08955894     -7.03950143   -159.39049781      31       0      32
  913     12.59726370    -42.06382171   -159.39049782      33       0      27
  914      6.30872026    -65.48489739   -159.39049777      30       0      32
  915      9.29430103    -18.19100999   -159.39049782      32       0      26
  916     15.43763167     -8.90732397   -159.39049782      29       0      27
  917      9.27432263    -48.21755490   -159.39049782      34       0      24
  918     11.16953317    -24.78276569   -159.39049782      26       0      25
  919     13.42304865    -30.29201138   -159.39049780      29       0      20
  920     16.79673211    -27.48544809   -159.39049777      25       0      38
  921     14.56415002    -22.82839364   -159.39049779      39       0      30
  922      9.19163943    -64.28314320   -159.39049782      38       0      24
  923     11.11889957    -25.08974054   -159.39049779      35       0      29
  924     13.71897692    -33.47240354   -159.39049777      37       0      32
  925     16.13545883    -15.93520416   -159.39049781      36       0      30
  926     15.11108596    -18.53311834   -159.39049781      42       0      35
  927 4875595.70249717 109130663.44969760   -159.39049781      37       0      39
  928     14.18302856    -31.26091706   -159.39049781      43       0      29
  929     12.84618289    -18.03774438   -159.39049780      41       0      27
  930     12.62446132    -27.23962828   -159.39049780      37       0      35
  931     12.44866112    -29.55620413   -159.39049782      41       0      27
  932      9.46552357    -25.64063478   -159.39049781      36       0      23
  933     14.50360563    -16.93588729   -159.39049781      25       0      31
  934     14.42954043    -19.56498707   -159.39049781      38       0      21
  935     15.82794905    -14.40596559   -159.39049781      30       0      26
  936     12.53264151    -28.87748331   -159.39049781      28       0      19
  937     13.16572324    -21.54328555   -159.39049781      22       0      37
  938     10.73526287    -11.98438462   -159.39049781      42       0      25
  939     12.42817543    -45.30177939   -159.39049781      33       0      27
  940      6.22644764    -69.75647970   -159.39049781      30       0      31
  941     12.70935651    -19.57188213   -159.39049778      29       0      29
  942     16.52419717    -28.92938741   -159.39049778      34       0      35
  943     13.81177856    -30.45425846   -159.39049781      41       0      32
  944     13.69478226    -30.27792384   -159.39049781      38       0      34
  945     11.24086816    -28.18271992   -159.39049781      47       0      35
  946     13.11568649    -16.78166214   -159.39049781      40       0      25
  947     15.34261527    -28.97122659   -159.39049782      28       0      34
  948     12.41810634    -36.69096410   -159.39049782      39       0      34
  949      8.31381205    -32.02160363   -159.39049782      42       0      19
  950 36105853.85852144 808159843.01274383   -159.39049782      26       0      30
  951     13.31325862    -21.97835251   -159.39049781      28       0      27
  952     11.66133852    -24.56924684   -159.39049782      29       0      22
  953     11.26194861    -33.79101527   -159.39049781      32       0      21
  954     11.98367942    -12.57789511   -159.39049781      26       0      33
  955     11.75494005    -23.06662128   -159.39049782      34       0      27
  956     19.44605457     -7.27028565   -159.39049780      32       0      33
  957     12.09204345    -19.15830032   -159.39049782      42       0      24
  958     14.49495432    -13.71380292   -159.39049780      35       0      27
  959     13.08646462    -16.11062674   -159.39049780      36       0      36
  960     12.96826334    -23.94930198   -159.39049779      40       0      31
  961     17.88521737    -10.88627613   -159.39049782      37       0      37
  962     19.41551672    -14.70896561   -159.39049775      39       0      34
  963      7.53834705    -18.34219194   -159.39049781      45       0      25
  964     13.29685033    -27.46088959   -159.39049781      28       0      36
  965     11.27232534    -31.70910753   -159.39049781      38       0      31
  966     13.12399329    -22.52201752   -159.39049781      38       0      26
  967     16.59298928     -1.53936166   -159.39049781      32       0      25
  968     15.60005180    -25.67615517   -159.39049781      29       0      26
  969     11.45576167    -20.41736644   -159.39049781      30       0      24
  970      8.80854619    -41.66144830   -159.39049779      29       0      21
  971     13.13819828    -17.12521474   -159.39049775      22       0      32
  972     11.55981184    -17.91975001   -159.39049781      35       0      22
  973     10.94679609    -53.53987654   -159.39049775      26       0      34
  974     16.35006442    -17.38289218   -159.39049781      32       0      27
  975     11.97414313    -41.91897962   -159.39049781      33       0      28
  976     17.33489447    -20.04784431   -159.39049780      34       0      37
  977     12.66433382    -14.77340361   -159.39049781      38       0      30
  978     14.06970354     -5.65002038   -159.39049780      34       0      34
  979     17.33801686    -10.68747223   -159.39049781      34       0      38
  980      9.93245282    -36.51809669   -159.39049781      43       0      23
  981     14.54665087    -24.07765187   -159.39049780      30       0      36
  982     16.59584044    -35.07791987   -159.39049781      39       0      32
  983     11.87619874    -35.19141213   -159.39049782      42       0      28
  984     12.98738337    -47.66487462   -159.39049780      31       0      24
  985      6.71437045    -55.04833197   -159.39049782      31       0      26
  986      8.92901432    -47.06848216   -159.39049782      30       0      26
  987     14.21349593    -15.22173583   -159.39049782      27       0      22
  988     15.12788590    -19.67770887   -159.39049779      28       0      28
  989     11.60624133    -34.57183218   -159.39049779      28       0      25
  990     10.87407791    -17.25209924   -159.39049782      32       0      32
  991     12.34977168    -12.61303902   -159.39049779      30       0      26
  992     15.50721299    -23.52299453   -159.39049779      27       0      28
  993     14.71337421    -23.41747929   -159.39049781      41       0      39
  994     15.42473049    -19.57925595   -159.39049781      42       0      32
  995      9.39063360    -38.85116837   -159.39049781      41       0      32
  996     16.42215156    -26.82437409   -159.39049782      41       0      36
  997     12.44857304    -16.59875970   -159.39049779      40       0      22
  998     15.32940441    -14.08217428   -159.39049781      29       0      34
  999     14.02343424    -20.68985048   -159.39049782      33       0      36
 1000     12.62194929    -21.18130923   -159.39049781      38       0      26
----------------------------------------------------------------------------------
Artificial Bee Colony Optimization Finished!

 -- Results Report --
 * 100 LMs will be saved in [ lm-solvent-LM ].
      #          Energy
      0   -159.39049779
      1   -159.12150359
      2   -158.57006715
      3   -158.54877594
      4   -158.52185598
      5   -157.97787545
      6   -157.93457007
      7   -157.92584705
      8   -157.67470692
      9   -157.23387650
     10   -157.19218376
     11   -157.04749680
     12   -157.04537878
     13   -156.93190509
     14   -156.87464670
     15   -156.73760700
     16   -156.69859176
     17   -156.61847544
     18   -156.20259893
     19   -156.10707853
     20   -155.77512372
     21   -155.62015223
     22   -155.36342883
     23   -155.34259228
     24   -155.29300336
     25   -155.27970092
     26   -155.13903632
     27   -155.09726574
     28   -155.03965128
     29   -155.03042403
     30   -155.02226293
     31   -155.01087016
     32   -154.85942347
     33   -154.82867022
     34   -154.81642792
     35   -154.79191155
     36   -154.75718439
     37   -154.74514347
     38   -154.70912984
     39   -154.67942355
     40   -154.59054575
     41   -154.53405913
     42   -154.53075099
     43   -154.49566910
     44   -154.47737145
     45   -154.45537860
     46   -154.43747874
     47   -154.41616963
     48   -154.36174717
     49   -154.31398358
     50   -154.28443711
     51   -154.26357067
     52   -154.25867005
     53   -154.23299337
     54   -154.16366981
     55   -154.13434778
     56   -154.11655756
     57   -154.06373867
     58   -154.04279339
     59   -154.01685681
     60   -153.99195269
     61   -153.96564140
     62   -153.95278360
     63   -153.94275307
     64   -153.94172214
     65   -153.93937434
     66   -153.92871433
     67   -153.92785785
     68   -153.89568174
     69   -153.86553556
     70   -153.85757726
     71   -153.85678278
     72   -153.84917357
     73   -153.84617702
     74   -153.80255184
     75   -153.79714788
     76   -153.79277099
     77   -153.78801975
     78   -153.78338766
     79   -153.74549713
     80   -153.73018180
     81   -153.71498148
     82   -153.70209201
     83   -153.65442987
     84   -153.63145259
     85   -153.62839883
     86   -153.61957658
     87   -153.60218152
     88   -153.58231866
     89   -153.53480769
     90   -153.43444548
     91   -153.42774711
     92   -153.30611306
     93   -153.29149847
     94   -153.28942003
     95   -153.27398115
     96   -153.25854276
     97   -153.24868472
     98   -153.24484294
     99   -153.23181402

 * Final Global Minimal Energy:   -159.39049649
 * The Global Minimum is saved as: [ lm-solvent-OPT.(cluster/xyz/gjf) ]

===== (^ _ ^) =====
Normal termination at Wed Dec 18 15:54:05 2019.
Total run time: 6478 seconds = 0 days 1 hours 47 minutes 58 seconds.
