    * * * * * * * * * * * * * * * * * * * * *
    *       __    ____    ______            *
    *      /  \  |  _ \  |  ___/  luster !  *
     *    / _  \ | |_| | | |               *
     *   / /_\ | |  _ <  | |     < @  @ >  * 
     *  / ___  | | |_| | | |___ _ _  o     * 
    *  /_/   |_| |____/  |_____ _ __ __  _  *
    *                                       *
    * * * * * * * * * * * * * * * * * * * * *

ABCluster 1.5.1
Specific flag:  official version
Platform:       LINUX/UNIX
Compiled by:    junzhang@gellmann.scs.illinois.edu
Compiling date: Dec 18 2017 20:33:35
C++ compiler:   g++
C++ options:    -O3 -Os -fno-exceptions --std=c++0x -fopenmp 

Contributors:
Jun Zhang(University of Cologne): Design and coding.

For any suggestions, comments, and questions on the theory and
implementation of ABCluster, please feel free to contact:

Dr. Jun Zhang, ZhangJunQcc@gmail.com

If you used this program in your work, please cite this reference:

[1] Zhang, J.; Dolg, M.; ABCluster: The Artificial Bee Colony Algorithm for
    Cluster Global Optimization. Phys. Chem. Chem. Phys. 2015, 17, 24173-24181.
[2] Zhang, J.; Dolg, M.; Global Optimization of Clusters of Rigid Molecules by the
    Artificial Bee Colony Algorithm. Phys. Chem. Chem. Phys. 2016, 18, 3003-3010.

Program starts at Fri Sep 14 15:12:15 2018.
Command line: " /ihome/jkeith/yab16/ABC/ABCluster-Linux/lib/rigidmol-optimizer k_8_waters.inp "
Process ID:   343930
Run by:       yab16@smp-n46.crc.pitt.edu
Available CPU cores:    24
Read "OMP_NUM_THREADS": Unset

Random number testing (integers): 1751290004...2105959718
Random number testing (fractals): 0.94884640...0.78633598

 -- Input/Output Parameters --
Input file name:      k_8_waters.inp
Cluster file name:    input.cluster
Result file name:     k_8_waters.(cluster/xyz/gjf)
Temporary file name:  abclusteryab16smp-n46.crc.pitt.edu343930-OPT
# of saved LMs:       100
LMs are stored in:    k_8_waters-LM

 -- ABC Control Parameters --
Population size:                  500
Maximal generation:              1000
Scout limit:                       15
Amplitude:                10.00000000

 -- Cluster Components: from [ input.cluster ] --
 -----------------------------------------------------------
   Source                                       #   Charge
 -----------------------------------------------------------
   /ihome/jkeith/yab16/ABC/ABCluster-Linux-0/rigidmolecularcluster/charmm36/tip4p.xyz     8    0.000
   /ihome/jkeith/yab16/ABC/ABCluster-Linux-0/rigidmolecularcluster/charmm36/k.xyz     1    1.000
 -----------------------------------------------------------
   Dimension: 0, an isolate cluster.
 -----------------------------------------------------------

Artificial Bee Colony Optimization Starts!
----------------------------------------------------------------------------------
 * Population: 500; Maximal cycles: 1000
 * EM = Employed Bee; Trigonometric mutation
 * OL = Onlooker Bee; ABC/best/2(0.5)+ABC/current/2(0.5);
        Tournament selection from 5 nectars.
 * SC = Scout Bee; Random nectar; Limit = 15
----------------------------------------------------------------------------------
    #       Diversity            maxE            minE    byEM    byOL    bySC
----------------------------------------------------------------------------------
    1      6.76149264   -425.67807945   -468.67192076     378      17       0
    2      5.74199364   -440.61044137   -468.67192076     250      48       0
    3      5.06599768   -446.07822022   -468.67192076     164      24       0
    4      4.50449765   -446.07822022   -468.67192076     129      15       0
    5      4.08712253   -452.47368647   -469.00999907     114      11       0
    6      3.93225701   -452.64211822   -469.00999907      75      41       0
    7      3.73885616   -453.36961153   -469.00999907      68      25       0
    8      3.55144731   -453.36961153   -469.00999908      67      31       0
    9      3.27573387   -453.36961153   -469.00999908      72      16       0
   10      3.03656579   -456.83746820   -469.00999908      72       6       0
   11      2.79186709   -457.60514004   -469.00999907      70      10       0
   12      2.49898142   -458.46299881   -469.00999908      78       3       0
   13      2.13423894   -459.21244384   -469.00999907      94       1       0
   14      1.49176478   -459.72410408   -469.00999908     109       0       0
   15      0.67957732   -463.29304464   -469.00999908      68       0       0
   16      0.16766244   -465.27177991   -469.00999908      32       0       0
   17      0.00000000   -469.00999908   -469.00999908       2       0       0
   18      1.12533059   -443.82164125   -469.00999908       0       0       1
   19     14.98804661   -189.15595725   -469.00999908       1       0      36
   20     20.29920478   -136.01925688   -469.00999908      35       0     105
   21     39.14109864   -120.55047415   -469.00999907      96       0     174
   22     39.46934888   -110.79263943   -469.00999908     178       0     120
   23     16.26383582   -164.45641033   -469.00999907     195       3      46
   24      6.60766176   -424.57277876   -469.00999908     169       8      15
   25      6.17775013   -376.77769995   -469.00999908     154       1       2
   26      3.28044802   -449.46805612   -469.00999908     143       0       1
   27      1.31104095   -457.84539016   -469.00999908     103       0       0
   28      0.33138361   -463.43551128   -469.00999908      35       0       0
   29      0.00000000   -469.00999908   -469.00999908       5       0       0
   30      0.00000000   -469.00999908   -469.00999908       0       0       0
   31      0.00000000   -469.00999908   -469.00999908       0       0       0
   32      0.00000000   -469.00999908   -469.00999908       0       0       0
   33      0.00000000   -469.00999908   -469.00999908       0       0       0
   34      0.00000000   -469.00999908   -469.00999908       0       0       0
   35      1.34502975   -438.90409859   -469.00999908       0       0       1
   36      6.76725961   -416.72116529   -469.00999908       1       0      31
   37     17.82513110   -228.10598779   -469.00999907      31       0      54
   38     20.28082508   -162.14400737   -469.00999908      56       0      58
   39     18.23297953   -224.76019473   -469.00999908      62       0      97
   40     27.63343892   -217.06065695   -469.00999908     104       0     116
   41     26.23287128    -77.02708320   -469.00999908     142       0      83
   42     18.65132240   -203.89950895   -469.00999908     135       0      44
   43      9.53500801   -320.23463912   -469.00999907     131       0      15
   44      2.44515752   -445.08387630   -469.00999908      93       0       1
   45      0.29158616   -464.47689530   -469.00999908      35       0       0
   46      0.00000000   -469.00999908   -469.00999908       3       0       0
   47      0.00000000   -469.00999908   -469.00999908       0       0       0
   48      0.00000000   -469.00999908   -469.00999908       0       0       0
   49      0.00000000   -469.00999908   -469.00999908       0       0       0
   50      0.00000000   -469.00999908   -469.00999908       0       0       0
   51      0.00000000   -469.00999908   -469.00999908       0       0       0
   52      0.91058928   -448.62821174   -469.00999908       0       0       1
   53      5.42728837   -429.23752479   -469.00999908       1       0      28
   54     18.41494306   -206.48904878   -469.00999908      28       0      48
   55     23.66265391   -167.20505704   -469.00999908      50       0      50
   56     23.45606013   -128.77194828   -469.00999908      59       0      70
   57     28.74520164   -106.28802347   -469.00999907      83       0      78
   58     23.84039586   -219.42294099   -469.00999908      99       0      86
   59     20.89007883    -69.84142820   -469.00999908     116       0      76
   60     29.46397162    -91.54855824   -469.00999908     122       0      51
   61     13.13429719   -215.82236386   -469.00999908     107       0      11
   62      1.49636084   -449.30767411   -469.00999908      78       0       1
   63      0.14949137   -465.66392269   -469.00999907      20       0       0
   64      0.00000000   -469.00999908   -469.00999907       1       0       0
   65      0.00000000   -469.00999908   -469.00999907       0       0       0
   66      0.00000000   -469.00999908   -469.00999907       0       0       0
   67      0.00000000   -469.00999908   -469.00999907       0       0       0
   68      0.00000000   -469.00999908   -469.00999907       0       0       0
   69      1.90502200   -426.36975057   -469.00999907       0       0       1
   70      5.47066610   -419.07848066   -469.00999908       1       0      23
   71     12.17275779   -295.17674395   -469.00999908      22       0      40
   72     20.16458555   -140.37560990   -469.00999908      38       0      48
   73     17.49226159   -151.45468003   -469.00999908      57       0      53
   74     31.27727711    -55.13007447   -469.00999907      59       0      60
   75     26.61902269   -157.72216861   -469.00999908      76       0      84
   76     23.94808202    -89.59372229   -469.00999908     103       0      75
   77     21.06461751   -165.11541343   -469.00999907     101       0      67
   78     14.42033873   -263.11982139   -469.00999908     111       0      41
   79      4.58574862   -433.88085934   -469.00999907     105       0       8
   80      0.96882495   -456.97172269   -469.00999908      56       0       0
   81      0.00000000   -469.00999908   -469.00999908       9       0       0
   82      0.00000000   -469.00999908   -469.00999908       0       0       0
   83      0.00000000   -469.00999908   -469.00999908       0       0       0
   84      0.00000000   -469.00999908   -469.00999908       0       0       0
   85      0.00000000   -469.00999908   -469.00999908       0       0       0
   86      0.74399795   -452.35703790   -469.00999908       0       0       1
   87     10.46296899   -256.74080437   -469.00999908       1       0      22
   88     12.03611734   -247.62079444   -469.00999908      21       0      31
   89      9.39231103   -365.80766535   -469.00999907      32       0      46
   90      8.81295607   -391.16210270   -469.00999907      51       0      53
   91     16.99740429   -172.11333593   -469.00999908      61       0      49
   92     11.23546431   -333.42873003   -469.00999908      62       0      59
   93     28.08582520   -147.93460931   -469.00999908      77       0      65
   94     33.43154156    -37.18197728   -469.00999908      85       0      76
   95     32.21313328   -131.22960691   -469.00999908      99       0      70
   96     17.59557696   -185.93165285   -469.00999908      99       0      23
   97      3.16900995   -431.79467737   -469.00999908      71       0       5
   98      0.61846195   -455.56577056   -469.00999908      20       0       0
   99      0.00000000   -469.00999908   -469.00999908       2       0       0
  100      0.00000000   -469.00999908   -469.00999908       0       0       0
  101      0.00000000   -469.00999908   -469.00999908       0       0       0
  102      0.00000000   -469.00999908   -469.00999908       0       0       0
  103      2.74206991   -407.63404517   -469.00999908       0       0       1
  104     24.84426501   -123.63597406   -469.00999908       1       0      20
  105     14.60223118   -182.96783250   -469.00999908      19       0      26
  106     20.53002640   -125.67731379   -469.00999908      27       0      44
  107     26.32868780    -81.64543100   -469.00999907      46       0      48
  108     27.12579263    -41.07513756   -469.00999908      60       0      43
  109     22.85798934   -183.50390835   -469.00999908      51       0      52
  110     20.12877568   -165.18389623   -469.00999908      67       0      67
  111     31.36340885    132.26015290   -469.00999908      78       0      66
  112     29.20350973    -99.09167753   -469.00999908      88       0      69
  113     22.19735841   -156.77707941   -469.00999907      94       0      53
  114      4.82535822   -431.31639648   -469.00999908      97       0      11
  115      1.12583358   -452.38446057   -469.00999908      52       0       0
  116      0.00000000   -469.00999908   -469.00999908       6       0       0
  117      0.00000000   -469.00999908   -469.00999908       0       0       0
  118      0.00000000   -469.00999908   -469.00999908       0       0       0
  119      0.00000000   -469.00999908   -469.00999908       0       0       0
  120      0.31068417   -462.05593240   -469.00999908       0       0       1
  121      5.17160011   -413.32676486   -469.00999907       1       0      18
  122     10.38870480   -265.28490217   -469.00999908      18       0      24
  123     17.84401886   -201.48230095   -469.00999908      26       0      37
  124      8.47247871   -384.92480727   -469.00999907      34       0      47
  125     28.48045182    -93.53682588   -469.00999908      53       0      41
  126     25.90551734   -139.13821145   -469.00999908      57       0      44
  127     33.13460193    -75.13394169   -469.00999907      47       0      63
  128     25.05545044   -106.90243400   -469.00999908      71       0      58
  129     14.94600149   -201.45958462   -469.00999908      75       0      69
  130     15.98505796   -199.82979841   -469.00999908      76       0      62
  131     21.79743929    -97.96984041   -469.00999908      85       0      34
  132      3.49266369   -423.99908642   -469.00999907      65       0       2
  133      0.89499605   -452.82498457   -469.00999907      27       0       0
  134      0.00000000   -469.00999908   -469.00999907       7       0       0
  135      0.00000000   -469.00999908   -469.00999907       0       0       0
  136      0.00000000   -469.00999908   -469.00999907       0       0       0
  137      0.57791784   -456.07442133   -469.00999907       0       0       1
  138      5.45341544   -378.14724897   -469.00999908       1       0      16
  139      5.33398439   -433.20333355   -469.00999908      16       0      26
  140      8.60097981   -348.43861529   -469.00999908      27       0      31
  141     12.06658130   -300.79167671   -469.00999908      31       0      38
  142     13.59090662   -223.15491959   -469.00999908      43       0      50
  143     23.97685762   -111.52348169   -469.00999908      52       0      38
  144     21.25791217   -136.88044958   -469.00999908      50       0      55
  145     18.23872592   -163.53517076   -469.00999908      65       0      62
  146     24.90059567    -80.19401067   -469.00999908      73       0      61
  147     18.30765886   -199.50274455   -469.00999908      74       0      60
  148     24.04624663   -182.88894930   -469.00999908      87       0      46
  149     13.80634679   -218.02779468   -469.00999908      71       0      15
  150      1.44987905   -446.70284324   -469.00999908      42       0       1
  151      0.00000000   -469.00999908   -469.00999908       8       0       0
  152      0.00000000   -469.00999908   -469.00999908       0       0       0
  153      0.00000000   -469.00999908   -469.00999908       0       0       0
  154      0.24782680   -463.46287350   -469.00999908       0       0       1
  155     10.80891867   -264.56162734   -469.00999907       1       0      15
  156      6.07642584   -398.82310956   -469.00999908      15       0      24
  157     10.25343511   -318.57339997   -469.00999907      24       0      31
  158     30.30638117    -66.46581773   -469.00999907      34       0      36
  159     17.97892002   -204.54356169   -469.00999907      37       0      41
  160     12.06367749   -289.43773031   -469.00999908      43       0      43
  161     25.99552307   -103.09230401   -469.00999908      52       0      51
  162     28.06046839   -140.20749107   -469.00999907      64       0      56
  163     19.12333624   -133.62132380   -469.00999908      79       0      52
  164     20.57700689   -108.19947904   -469.00999908      67       0      63
  165 9939285.18757111 222471292.49443516   -469.00999908      75       0      55
  166      7.41520304   -405.20942987   -469.00999908      80       0      27
  167     16.53932310   -104.49894160   -469.00999907      55       0       5
  168      0.57156145   -459.89004608   -469.00999908      16       0       0
  169      0.00000000   -469.00999907   -469.00999908       3       0       0
  170      0.00000000   -469.00999907   -469.00999908       0       0       0
  171      0.94012283   -447.96716026   -469.00999908       0       0       1
  172      4.19522644   -430.78436728   -469.00999907       1       0      14
  173     17.44689392   -173.85829599   -469.00999908      13       0      23
  174      6.42718301   -398.97747675   -469.00999907      24       0      31
  175     15.77569548   -197.65232491   -469.00999908      32       0      31
  176     18.28391656   -200.82851650   -469.00999908      34       0      39
  177     26.37283431   -131.16241332   -469.00999908      41       0      39
  178     24.31477665   -186.92144031   -469.00999908      43       0      44
  179     28.99102350    -30.51287009   -469.00999908      50       0      58
  180      7.66074963   -426.67216466   -469.00999908      64       0      51
  181     20.98094201    -45.89868977   -469.00999908      72       0      57
  182     16.30397805   -249.82504742   -469.00999908      74       0      62
  183     16.84470970   -228.52139806   -469.00999908      85       0      36
  184      4.39192956   -421.42071622   -469.00999908      61       0      12
  185      1.95604288   -435.10940816   -469.00999908      24       0       2
  186      1.08771011   -444.66370308   -469.00999908       7       0       0
  187      0.00000000   -469.00999908   -469.00999908       1       0       0
  188      1.33828953   -439.05496532   -469.00999908       0       0       1
  189     14.75237282   -153.79410895   -469.00999908       1       0      14
  190      9.12824895   -296.91177377   -469.00999908      13       0      22
  191     10.84196432   -262.78273750   -469.00999908      23       0      29
  192     14.61519679   -187.37379578   -469.00999908      32       0      29
  193     18.82767672   -104.65474717   -469.00999908      33       0      40
  194      8.84625752   -357.63237608   -469.00999908      40       0      33
  195     18.81505910   -152.01493575   -469.00999908      41       0      46
  196     32.79004555    -90.32110209   -469.00999908      47       0      43
  197     25.45228797   -139.80524173   -469.00999908      56       0      55
  198     17.53712404   -245.40774868   -469.00999908      65       0      60
  199     17.87225128   -208.68140581   -469.00999908      74       0      52
  200     14.32847745   -222.72346565   -469.00999908      79       0      53
  201      5.67224052   -435.86319986   -469.00999907      71       0      20
  202      2.45425535   -425.04197612   -469.00999907      48       0       2
  203      1.81546424   -428.37432855   -469.00999908       9       0       1
  204      0.00000000   -469.00999908   -469.00999908       1       0       0
  205      2.35737424   -416.24471695   -469.00999908       0       0       1
  206      8.62372488   -317.34055345   -469.00999907       1       0      13
  207     28.23279348   -150.76181646   -469.00999907      12       0      20
  208     21.14734876   -171.48578718   -469.00999907      21       0      29
  209      7.44613909   -374.20705464   -469.00999908      34       0      30
  210      9.42585466   -325.98408050   -469.00999908      31       0      35
  211     18.47218167   -104.33417082   -469.00999908      37       0      36
  212      7.03930714   -431.71087427   -469.00999908      41       0      35
  213     19.76739424   -174.92127079   -469.00999907      46       0      45
  214     14.40594763   -252.42180737   -469.00999907      45       0      52
  215     18.99341039   -154.00010259   -469.00999908      67       0      47
  216     21.61781671    -87.97854363   -469.00999907      74       0      59
  217     19.12932935   -197.13849348   -469.00999908      71       0      61
  218     21.76947200   -103.00338781   -469.00999908      78       0      30
  219      3.86790625   -434.11630392   -469.00999908      53       0       6
  220      1.51750111   -437.20992024   -469.00999908      26       0       1
  221      0.00000000   -469.00999907   -469.00999908       2       0       0
  222      2.20095822   -419.74578821   -469.00999908       0       0       1
  223      4.93922655   -407.89211698   -469.00999908       1       0      12
  224     10.61656167   -306.86100112   -469.00999908      12       0      17
  225      6.47045442   -429.08681927   -469.00999908      18       0      31
  226     10.76125689   -319.88062000   -469.00999908      32       0      28
  227      6.43084612   -426.73055337   -469.00999908      31       0      32
  228     22.25227647   -156.63556930   -469.00999908      36       0      36
  229     13.92631970   -234.90870150   -469.00999908      42       0      34
  230     13.33142011   -262.32363510   -469.00999908      38       0      36
  231     26.89946386    -71.94140963   -469.00999908      42       0      47
  232     14.81390817   -263.37503563   -469.00999908      54       0      50
  233     19.46786528   -175.22326962   -469.00999908      60       0      61
  234     17.01920012   -222.28261104   -469.00999908      74       0      57
  235     16.93807493   -143.53482935   -469.00999908      81       0      41
  236     13.46876492   -256.96834348   -469.00999908      61       0      16
  237      2.24895484   -421.73604041   -469.00999908      37       0       1
  238      0.00000000   -469.00999907   -469.00999908       5       0       0
  239      0.65806881   -454.28039616   -469.00999908       0       0       1
  240      9.25606277   -316.77779914   -469.00999908       1       0      10
  241     14.38646490   -173.08002792   -469.00999908      10       0      18
  242     17.07603309   -244.19718293   -469.00999908      18       0      26
  243     20.60969123    -99.41763316   -469.00999908      25       0      30
  244     11.48394190   -322.66943380   -469.00999908      33       0      29
  245     16.05322906   -175.91738213   -469.00999908      32       0      40
  246     13.64280785   -270.82788000   -469.00999908      44       0      33
  247     23.51044048    -64.87572110   -469.00999908      45       0      34
  248     24.47551171    -91.22794254   -469.00999908      41       0      40
  249     24.29801231    -87.87988698   -469.00999908      45       0      49
  250     23.54330313   -164.16541654   -469.00999908      61       0      47
  251     21.43772285   -191.71706115   -469.00999908      56       0      62
  252     24.44573684   -126.79542539   -469.00999908      74       0      53
  253     17.49608436   -254.53423833   -469.00999908      68       0      25
  254      2.93161044   -442.70882973   -469.00999908      52       0       3
  255      0.36452440   -462.81376048   -469.00999908      18       0       0
  256      4.86555274   -360.10397176   -469.00999908       2       0       1
  257      4.59034482   -401.38897825   -469.00999908       1       0      10
  258     14.44548164   -206.79634102   -469.00999908      10       0      17
  259      8.24888425   -352.60660906   -469.00999908      17       0      25
  260     14.67112550   -223.96631414   -469.00999907      27       0      30
  261     19.77408605   -143.27953809   -469.00999908      31       0      25
  262     19.25460996   -222.97825846   -469.00999908      34       0      36
  263     18.77113012   -102.40536924   -469.00999908      42       0      32
  264     17.23169458   -138.22591520   -469.00999908      34       0      38
  265     19.06424920   -171.52654354   -469.00999908      43       0      37
  266      8.64053407   -385.73778918   -469.00999908      45       0      46
  267     26.24024060   -103.16671607   -469.00999908      56       0      49
  268     23.16110599   -154.71817870   -469.00999908      54       0      54
  269     27.78405197   -144.92726318   -469.00999907      75       0      47
  270     12.10731875   -319.98727110   -469.00999907      72       0      43
  271     10.90798027   -298.22688528   -469.00999907      64       0       9
  272      0.94641804   -454.57013312   -469.00999907      36       0       1
  273      1.04250098   -445.67562233   -469.00999907       4       0       1
  274      4.65826598   -389.07223809   -469.00999908       1       0      10
  275      3.84685866   -430.04647988   -469.00999908      10       0      14
  276     15.46464947   -262.30582202   -469.00999908      14       0      25
  277     28.05606650   -136.31708336   -469.00999908      23       0      24
  278     18.49748271   -153.96329132   -469.00999908      27       0      30
  279     17.43194760   -165.62616400   -469.00999908      31       0      39
  280     19.44720050   -110.68833371   -469.00999908      42       0      26
  281     22.95055947   -122.22428231   -469.00999907      35       0      34
  282     11.25004608   -271.59590627   -469.00999908      38       0      39
  283     14.96116196   -215.80438610   -469.00999907      44       0      44
  284     19.37524010   -134.83280207   -469.00999908      55       0      38
  285     19.63757338   -257.96466144   -469.00999908      51       0      47
  286     27.20108206   -137.28795887   -469.00999908      60       0      54
  287     22.95109062   -151.44197101   -469.00999907      66       0      51
  288     10.86693328   -277.37140188   -469.00999908      76       0      23
  289      1.69256711   -449.29998565   -469.00999908      46       0       1
  290      1.14884703   -443.29527086   -469.00999908      11       0       1
  291      8.81179225   -324.78362357   -469.00999908       1       0      10
  292     11.78410779   -227.16930749   -469.00999908      10       0      14
  293     11.17231656   -297.31211486   -469.00999908      13       0      24
  294     17.64580245   -159.72062324   -469.00999908      26       0      24
  295     20.73504453   -153.03435160   -469.00999908      24       0      27
  296     21.68019931   -164.98667641   -469.00999908      31       0      32
  297     12.45902863   -222.22073609   -469.00999908      39       0      32
  298      8.32642337   -341.30026584   -469.00999907      38       0      32
  299     17.00900018   -145.74558537   -469.00999908      40       0      34
  300     27.58663307   -138.09216628   -469.00999908      42       0      42
  301     18.76194055   -131.38740515   -469.00999907      48       0      37
  302     18.40825052   -124.94314670   -469.00999908      46       0      48
  303      9.16543176   -361.81393236   -469.00999908      55       0      45
  304     21.50817431   -163.64030192   -469.00999908      52       0      57
  305     17.17792552   -171.02452386   -469.00999908      75       0      34
  306      3.38233831   -435.65768266   -469.00999907      54       0       7
  307      0.95519251   -452.06904594   -469.00999907      18       0       1
  308     10.28156396   -251.15749127   -469.00999907       3       0      10
  309     15.05991714   -145.92247283   -469.00999908      10       0      13
  310      7.69859008   -352.31124072   -469.00999907      12       0      24
  311     17.72521450   -146.89795448   -469.00999907      25       0      19
  312     28.04320085    -68.81398026   -469.00999907      22       0      27
  313     20.35705420    -81.53856279   -469.00999907      30       0      28
  314      8.25346547   -357.93731311   -469.00999908      34       0      37
  315     20.06051982   -149.07783805   -469.00999908      44       0      31
  316     19.54286413   -121.58752001   -469.00999907      39       0      31
  317     11.51491943   -318.07329172   -469.00999908      35       0      42
  318     16.87545954   -128.44380096   -469.00999908      47       0      39
  319     13.09018728   -240.70082735   -469.00999908      51       0      45
  320     16.85925866   -174.94352306   -469.00999908      57       0      38
  321     22.31710816   -192.99009047   -469.00999908      57       0      54
  322     12.57244132   -253.63699580   -469.00999908      61       0      48
  323      5.72986047   -408.41906792   -469.00999908      62       0      12
  324      1.66436018   -445.15426707   -469.00999907      35       0       2
  325     16.05034102   -195.47371996   -469.00999907       5       0      10
  326      4.40668758   -428.45569426   -469.00999908      11       0      13
  327     19.99523218   -200.61920476   -469.00999908      14       0      18
  328     18.96307615   -133.95968222   -469.00999908      19       0      23
  329     13.19747609   -265.74572025   -469.00999908      23       0      21
  330     12.18424400   -243.40137400   -469.00999908      23       0      30
  331     12.28240945   -263.59182816   -469.00999908      31       0      37
  332     19.80940900   -145.85186636   -469.00999908      36       0      32
  333     14.13099490   -187.41441258   -469.00999908      38       0      30
  334     24.77287202    -44.56289856   -469.00999908      37       0      34
  335     24.99348743   -141.17253735   -469.00999907      41       0      39
  336     18.24008453   -124.85078884   -469.00999908      39       0      41
  337      8.62356682   -368.73515689   -469.00999908      51       0      46
  338     11.94372773   -312.84713710   -469.00999908      51       0      48
  339     22.94399633   -211.43878130   -469.00999907      62       0      51
  340      9.90284968   -322.26523152   -469.00999907      58       0      23
  341      2.56364128   -439.62387212   -469.00999908      43       0       3
  342      3.89338934   -423.87598835   -469.00999908      14       0      10
  343      3.83176029   -433.96551209   -469.00999908      11       0      13
  344     15.08816986   -184.83851799   -469.00999908      13       0      19
  345     15.32078303   -142.53383444   -469.00999908      19       0      20
  346      7.61739506   -369.53079607   -469.00999908      21       0      24
  347     14.56767988   -188.03179771   -469.00999908      27       0      28
  348     13.58129044   -316.13622728   -469.00999908      30       0      33
  349     20.11337178   -105.90762482   -469.00999908      40       0      33
  350     17.24186414   -221.49995355   -469.00999908      40       0      28
  351     21.22087004   -152.89955468   -469.00999907      37       0      38
  352     16.54098213   -157.79027017   -469.00999907      41       0      32
  353     15.60512892   -188.12352968   -469.00999908      43       0      43
  354     16.93973311   -225.91490608   -469.00999907      43       0      42
  355      7.85186521   -418.61376137   -469.00999908      51       0      46
  356     16.64910879   -235.73779035   -469.00999908      52       0      50
  357     17.43326218   -186.57961547   -469.00999908      62       0      33
  358      3.18772327   -433.25059258   -469.00999908      43       0       8
  359      4.97830961   -402.43286159   -469.00999908      17       0      10
  360      3.87295488   -417.64672145   -469.00999908      10       0      13
  361      4.90743508   -416.55037509   -469.00999908      12       0      16
  362     13.26450277   -228.51555424   -469.00999908      17       0      20
  363     17.48640875   -116.94379013   -469.00999908      20       0      25
  364      7.16003497   -359.72741983   -469.00999908      27       0      21
  365     19.40039728   -149.36266442   -469.00999908      27       0      37
  366     13.43520241   -193.95163849   -469.00999908      39       0      28
  367     14.82978685   -174.34358238   -469.00999908      28       0      35
  368      9.13672983   -321.55733693   -469.00999908      42       0      32
  369     22.41621193   -151.69588387   -469.00999908      35       0      36
  370     19.03690379   -172.39061940   -469.00999908      40       0      41
  371     12.10908974   -272.32858091   -469.00999908      51       0      42
  372     13.38947933   -211.73074763   -469.00999908      53       0      43
  373     22.07190427   -196.82289408   -469.00999908      46       0      46
  374     17.88260703   -178.22450655   -469.00999908      58       0      45
  375      7.67933483   -349.43196104   -469.00999908      48       0      10
  376     12.04793712   -227.18744059   -469.00999908      29       0      10
  377     22.29506318   -129.01864796   -469.00999908      17       0      13
  378     14.60199354   -157.39053435   -469.00999908      13       0      16
  379      6.12612633   -408.78262210   -469.00999908      18       0      18
  380      6.20088462   -385.14856593   -469.00999908      19       0      21
  381      5.61220327   -433.96551209   -469.00999908      23       0      25
  382     14.56837531   -231.61044931   -469.00999908      26       0      36
  383     12.19160823   -230.92577235   -469.00999908      40       0      27
  384     21.41713459   -131.55924061   -469.00999908      35       0      36
  385      5.56916651   -432.45010911   -469.00999908      36       0      28
  386     10.78057032   -307.28951454   -469.00999908      34       0      35
  387     11.90037434   -284.49395583   -469.00999908      42       0      36
  388     16.16626179   -195.15209454   -469.00999908      41       0      48
  389      8.10178530   -405.39251375   -469.00999908      49       0      42
  390     14.25102307   -283.56637683   -469.00999908      57       0      48
  391     15.65686755   -174.16664207   -469.00999908      55       0      35
  392     15.34892011   -142.55442674   -469.00999907      48       0      22
  393      6.98671494   -346.02817017   -469.00999908      31       0      14
  394     15.33922408   -138.55849862   -469.00999908      21       0      11
  395     18.19167377   -163.88793389   -469.00999908      14       0      17
  396     12.63733128   -247.61854956   -469.00999908      17       0      17
  397     17.04703032   -202.09928039   -469.00999908      19       0      19
  398     19.87887391   -193.09874921   -469.00999908      18       0      27
  399     12.92988574   -249.79772583   -469.00999908      29       0      31
  400     10.28527337   -286.27290917   -469.00999908      31       0      33
  401     21.44686373   -112.10808299   -469.00999908      37       0      30
  402     13.73303328   -247.95133943   -469.00999908      35       0      30
  403     15.35719018   -222.34454506   -469.00999908      36       0      35
  404     21.97336185   -147.44858969   -469.00999907      41       0      35
  405     15.73643877   -229.90160177   -469.00999907      38       0      40
  406     13.60995280   -211.55602834   -469.00999908      44       0      49
  407     22.83608981    -86.02727515   -469.00999908      57       0      42
  408     14.50053160   -188.16431153   -469.00999907      59       0      40
  409     12.30846982   -272.76022066   -469.00999908      50       0      25
  410     20.24068106   -129.43799934   -469.00999908      38       0      17
  411      6.75920099   -355.90282131   -469.00999908      25       0      12
  412     16.78782926   -108.93589123   -469.00999908      15       0      17
  413     21.59483597    -94.36550898   -469.00999908      17       0      18
  414      5.96689882   -395.57345835   -469.00999907      22       0      18
  415     13.74535198   -240.73267129   -469.00999908      21       0      25
  416     14.63517216   -170.53957809   -469.00999908      24       0      32
  417     14.17581159   -205.24958152   -469.00999908      33       0      29
  418      6.57535396   -403.52353769   -469.00999908      35       0      31
  419     12.69837739   -208.57143663   -469.00999908      35       0      28
  420     26.51066316    -88.62695926   -469.00999908      30       0      39
  421     13.62706538   -259.58850752   -469.00999908      44       0      32
  422     22.61380367    -88.31478857   -469.00999908      40       0      37
  423     14.38137564   -275.96860027   -469.00999908      41       0      42
  424     16.21382488   -182.87503916   -469.00999907      54       0      45
  425     27.91516216   -124.99401146   -469.00999908      57       0      46
  426     11.75022887   -235.71019136   -469.00999907      57       0      25
  427     12.26254219   -291.10245181   -469.00999907      29       0      21
  428     11.08051952   -250.37954083   -469.00999908      26       0      15
  429     12.46651614   -207.35802193   -469.00999908      19       0      12
  430     21.09860808   -162.17234699   -469.00999908      12       0      21
  431      4.75391336   -430.03027133   -469.00999908      22       0      19
  432     22.68326082   -142.28177779   -469.00999908      21       0      23
  433      6.70116285   -396.68979861   -469.00999907      27       0      31
  434     14.05834527   -263.99440043   -469.00999908      29       0      31
  435     16.57191202   -196.94557363   -469.00999908      36       0      29
  436     18.95600587   -221.02957104   -469.00999907      35       0      28
  437      9.88807860   -318.48279624   -469.00999908      31       0      34
  438     17.73165730   -214.08943004   -469.00999908      39       0      34
  439      9.80198541   -369.16218494   -469.00999907      37       0      34
  440     24.42977584   -132.26363318   -469.00999908      36       0      42
  441     18.65467174   -219.51736639   -469.00999908      50       0      43
  442     23.97959529   -164.52230158   -469.00999908      55       0      49
  443     10.54694889   -289.64506156   -469.00999907      58       0      32
  444     20.58740323   -159.93280229   -469.00999908      48       0      22
  445     21.00852543   -169.06204508   -469.00999908      35       0      16
  446      4.32248898   -430.89415847   -469.00999908      20       0      12
  447     16.80811080   -128.60916023   -469.00999908      16       0      19
  448      5.03453854   -422.60049879   -469.00999907      20       0      17
  449     22.39468391    -85.60857218   -469.00999908      19       0      27
  450     22.98094966   -106.08216407   -469.00999908      27       0      26
  451     23.61856085   -148.03082036   -469.00999908      33       0      31
  452     16.90657146   -175.98451440   -469.00999907      34       0      31
  453      5.81296285   -430.09264708   -469.00999907      35       0      26
  454      6.99384024   -404.84167496   -469.00999907      34       0      37
  455      8.59910027   -359.00136249   -469.00999907      40       0      31
  456      7.35410451   -398.39161924   -469.00999908      34       0      31
  457     20.54987788    -84.91295373   -469.00999908      44       0      33
  458     11.46916972   -280.68621489   -469.00999908      39       0      52
  459     21.28767060   -132.18194936   -469.00999908      52       0      44
  460     11.11933318   -292.58968562   -469.00999908      57       0      36
  461     14.41046998   -178.62800901   -469.00999908      55       0      26
  462     14.51003444   -189.73553238   -469.00999908      35       0      17
  463     14.93748852   -144.59819363   -469.00999907      26       0      15
  464      4.98638989   -411.01310905   -469.00999908      18       0      18
  465     19.12942070    -54.51885751   -469.00999908      18       0      18
  466      6.80411119   -366.93159576   -469.00999907      20       0      21
  467     16.00135214   -217.02438067   -469.00999908      24       0      28
  468     18.29517877   -202.11032736   -469.00999908      29       0      34
  469      8.08046062   -351.87027902   -469.00999908      39       0      24
  470     13.85529781   -201.61846876   -469.00999908      30       0      33
  471     13.85473675   -199.11218935   -469.00999908      34       0      32
  472     15.62497826   -153.03290387   -469.00999908      40       0      29
  473     18.92567488    -82.56787995   -469.00999907      37       0      34
  474      8.08791159   -348.86669716   -469.00999908      39       0      34
  475      6.93155528   -419.68170989   -469.00999908      43       0      44
  476     11.57084392   -308.98720958   -469.00999907      48       0      42
  477     14.23538035   -209.85683997   -469.00999908      55       0      41
  478      8.38631416   -341.40318961   -469.00999908      56       0      29
  479     10.32513091   -316.82142879   -469.00999908      40       0      23
  480     11.80635930   -223.13708819   -469.00999908      32       0      16
  481     10.41710702   -265.64827781   -469.00999908      21       0      16
  482     14.05862728   -167.30170759   -469.00999908      18       0      17
  483     15.64790860   -220.31177979   -469.00999907      17       0      22
  484     17.64173375   -227.36732199   -469.00999907      23       0      25
  485      7.40393100   -399.25988518   -469.00999908      29       0      32
  486      7.36878553   -381.61675873   -469.00999908      33       0      28
  487     12.75603335   -219.50865471   -469.00999908      31       0      29
  488      8.36084770   -351.33644522   -469.00999908      31       0      33
  489     18.49632840   -191.78940334   -469.00999908      35       0      29
  490     11.47238971   -266.58260359   -469.00999908      34       0      31
  491     20.37295303   -117.79761398   -469.00999908      42       0      35
  492     23.35615380   -115.24030744   -469.00999908      44       0      41
  493     13.27546980   -227.56654407   -469.00999908      43       0      41
  494     21.71002177   -172.69858784   -469.00999908      52       0      39
  495     10.94781959   -267.64867666   -469.00999908      50       0      38
  496      7.41582376   -387.66717473   -469.00999908      46       0      22
  497     14.92063154   -222.00325134   -469.00999908      34       0      21
  498     17.70011400   -202.09861470   -469.00999908      25       0      16
  499      5.47069901   -383.92014610   -469.00999908      20       0      18
  500     13.52950302   -311.71337447   -469.00999908      18       0      17
  501     14.62888554   -219.99821234   -469.00999908      18       0      27
  502     11.70969598   -247.32272946   -469.00999908      29       0      33
  503     21.11893817   -119.62898076   -469.00999908      36       0      29
  504     11.28666267   -254.48047741   -469.00999908      38       0      26
  505      8.37972099   -361.78359172   -469.00999908      32       0      30
  506     11.24662914   -255.63676542   -469.00999908      41       0      26
  507     18.87606227   -151.78025627   -469.00999908      34       0      34
  508     17.16949418   -120.70731576   -469.00999908      37       0      37
  509     15.88899983   -152.36273583   -469.00999908      46       0      35
  510     17.24466826   -230.02798905   -469.00999907      42       0      45
  511     33.83707050   -125.27162770   -469.00999908      49       0      37
  512     12.03534530   -282.01478831   -469.00999908      51       0      34
  513     18.44237679   -143.66637548   -469.00999908      49       0      31
  514      7.83025318   -344.30480607   -469.00999908      41       0      24
  515      8.21294190   -310.62749702   -469.00999908      29       0      17
  516     11.91946556   -242.05844029   -469.00999907      20       0      17
  517     19.76568760   -100.63188990   -469.00999907      18       0      16
  518      9.09875110   -317.62620140   -469.00999908      17       0      23
  519      9.36368482   -345.22032480   -469.00999907      23       0      31
  520      7.58960145   -396.67752522   -469.00999908      34       0      30
  521      9.28644420   -320.70949612   -469.00999908      34       0      23
  522      8.77490968   -335.52466918   -469.00999908      28       0      34
  523     18.68432893   -170.58630021   -469.00999907      39       0      26
  524     19.72200757    -58.79828213   -469.00999908      29       0      32
  525     16.16806931   -179.50405515   -469.00999908      34       0      36
  526      9.52810222   -321.26668161   -469.00999908      40       0      41
  527      8.90497649   -375.54073643   -469.00999908      48       0      34
  528     15.95549095   -220.91038155   -469.00999908      50       0      36
  529     17.40755943   -213.68896228   -469.00999907      46       0      41
  530     18.64024961   -120.37154453   -469.00999907      51       0      33
  531      7.05955641   -396.98075198   -469.00999907      46       0      29
  532      7.38927055   -396.34951632   -469.00999908      36       0      17
  533     12.33569200   -213.95451808   -469.00999908      26       0      16
  534     11.83240776   -244.04301834   -469.00999908      19       0      18
  535     14.31052055   -171.31062196   -469.00999907      19       0      19
  536      9.37191192   -337.22264246   -469.00999907      20       0      31
  537     19.00614123   -154.84723073   -469.00999908      32       0      29
  538     13.05068788   -212.77413114   -469.00999908      33       0      24
  539     20.09970468    -69.43226843   -469.00999908      27       0      34
  540     19.02948534   -147.48636470   -469.00999907      36       0      28
  541     16.96809784   -196.86253006   -469.00999908      39       0      29
  542     21.61235569   -151.60662648   -469.00999907      37       0      33
  543     14.35811920   -254.53235380   -469.00999908      40       0      34
  544     16.06076710   -156.92998454   -469.00999908      38       0      38
  545     10.59654227   -279.33371721   -469.00999908      41       0      37
  546     20.78393791   -164.34335127   -469.00999908      41       0      40
  547     10.64435353   -284.47484320   -469.00999908      41       0      38
  548     13.75015646   -250.66117297   -469.00999907      49       0      26
  549     12.92864322   -203.70594151   -469.00999908      35       0      24
  550      8.74638318   -307.66596631   -469.00999908      30       0      17
  551      6.60518641   -376.62125188   -469.00999908      18       0      17
  552     12.05266981   -222.21622225   -469.00999908      16       0      20
  553      6.16777382   -430.95643681   -469.00999908      21       0      28
  554      6.25332411   -416.20171738   -469.00999908      26       0      29
  555     21.38782890   -143.31181081   -469.00999908      36       0      23
  556     10.81340737   -295.44427756   -469.00999908      29       0      32
  557     11.58097676   -251.98433579   -469.00999908      32       0      24
  558     24.88278665   -148.91015229   -469.00999908      26       0      35
  559     18.16117666   -261.93303689   -469.00999908      37       0      33
  560     16.04478475   -151.21001029   -469.00999908      36       0      36
  561     19.90636592    -84.17295307   -469.00999908      40       0      37
  562     26.74309121   -100.74368429   -469.00999908      45       0      39
  563     24.23435729   -149.46216715   -469.00999908      52       0      32
  564     28.31973556   -153.75615237   -469.00999908      41       0      40
  565      7.25840608   -381.47510541   -469.00999908      48       0      30
  566      8.36146344   -335.38062296   -469.00999908      35       0      27
  567      5.89731390   -399.79835678   -469.00999908      31       0      18
  568     15.37785247   -176.54729874   -469.00999908      24       0      16
  569     15.55957752   -188.07096192   -469.00999908      16       0      21
  570     17.30820077   -222.48591145   -469.00999908      23       0      22
  571     13.45632659   -213.86924476   -469.00999908      22       0      31
  572     10.15823939   -307.84962027   -469.00999908      32       0      25
  573     14.72143953   -223.69595224   -469.00999908      32       0      34
  574      5.22443728   -430.14434461   -469.00999908      38       0      21
  575     21.39282402   -167.22347532   -469.00999908      32       0      33
  576     12.40555390   -249.08164116   -469.00999908      35       0      35
  577     14.84100009   -206.10623015   -469.00999908      44       0      28
  578     15.26317773   -250.82347285   -469.00999908      28       0      37
  579      7.04675513   -424.50580157   -469.00999908      41       0      39
  580     23.90807067   -147.80559052   -469.00999907      45       0      38
  581      7.44282147   -404.09232050   -469.00999908      46       0      41
  582     13.89516546   -185.90047197   -469.00999908      46       0      30
  583     18.01517512   -168.10472223   -469.00999907      41       0      26
  584     15.59341866   -203.15496733   -469.00999908      37       0      22
  585      4.26801867   -436.69166453   -469.00999908      27       0      15
  586     19.94357900   -172.23576668   -469.00999907      19       0      22
  587     13.68944206   -216.04257736   -469.00999908      22       0      20
  588     17.40197017   -108.87877219   -469.00999907      22       0      30
  589      5.01876983   -427.23092199   -469.00999907      37       0      23
  590      6.36083194   -419.23202686   -469.00999908      22       0      31
  591     19.01087920    -69.32474172   -469.00999908      30       0      25
  592     13.23018466   -301.45025018   -469.00999908      36       0      31
  593     19.20012091   -161.18972364   -469.00999908      35       0      41
  594     13.01234002   -212.91048091   -469.00999907      51       0      25
  595     13.58406564   -229.53206759   -469.00999908      37       0      35
  596     19.65350970   -173.48694864   -469.00999907      39       0      36
  597     19.86032945   -128.35696877   -469.00999908      41       0      42
  598     24.45990430   -149.02478672   -469.00999908      47       0      34
  599     15.41470711   -215.17785136   -469.00999908      53       0      35
  600     16.75160015   -204.91114812   -469.00999908      48       0      29
  601     19.11206360   -171.37600464   -469.00999908      42       0      22
  602     14.32501320   -203.30091920   -469.00999908      28       0      19
  603     15.02991918   -210.86762297   -469.00999908      22       0      19
  604      4.95274933   -426.41417873   -469.00999908      19       0      17
  605      8.29969165   -341.00242082   -469.00999908      20       0      34
  606      6.27026061   -395.95972611   -469.00999908      36       0      24
  607      8.74170665   -309.73170824   -469.00999908      27       0      22
  608     15.07735653   -181.39220575   -469.00999908      23       0      28
  609      6.18652159   -426.73055337   -469.00999908      29       0      29
  610     23.80942932   -160.57672441   -469.00999908      34       0      40
  611     18.16184080   -196.25350821   -469.00999908      41       0      31
  612     15.10363453   -196.32904807   -469.00999907      37       0      32
  613     15.32701085   -252.76545562   -469.00999908      35       0      36
  614     14.46083086   -173.13780315   -469.00999908      42       0      32
  615     19.45908852   -174.88155012   -469.00999908      39       0      39
  616     11.18850069   -272.59582699   -469.00999908      49       0      38
  617     23.80340462   -156.14544044   -469.00999908      43       0      32
  618     19.07716672   -130.67549574   -469.00999908      43       0      26
  619     11.97576365   -239.60562460   -469.00999907      34       0      19
  620     12.60918527   -210.03963923   -469.00999908      23       0      20
  621      4.38982593   -432.55171274   -469.00999908      24       0      16
  622     14.24359739   -184.57693145   -469.00999908      21       0      32
  623     16.58349752   -126.65175147   -469.00999907      32       0      27
  624     13.85672618   -223.62923788   -469.00999908      36       0      20
  625     16.71034613   -121.96845878   -469.00999908      21       0      27
  626      9.82456600   -303.74522701   -469.00999907      33       0      30
  627     17.87017236   -217.48079528   -469.00999908      37       0      36
  628     15.38951644   -161.80741762   -469.00999908      43       0      34
  629     16.37956108   -221.32186492   -469.00999907      35       0      29
  630     15.69247333   -201.32290439   -469.00999908      35       0      36
  631     12.18656872   -331.25780959   -469.00999908      43       0      34
  632     22.85118664   -135.04103298   -469.00999908      38       0      37
  633     23.73722258   -132.25993157   -469.00999908      42       0      35
  634     16.16821350   -216.26622301   -469.00999908      45       0      33
  635     17.45804899   -182.87618828   -469.00999908      42       0      31
  636     13.41418420   -268.73197849   -469.00999908      40       0      21
  637     16.69033833   -133.41397314   -469.00999908      25       0      19
  638     13.31752881   -258.15643672   -469.00999908      21       0      19
  639     15.97668465   -138.66409792   -469.00999908      20       0      22
  640     25.17723829    -98.83204794   -469.00999908      24       0      34
  641      5.14900410   -427.24044695   -469.00999907      37       0      20
  642      8.38313706   -318.72843334   -469.00999908      29       0      20
  643     27.22243604    -89.23411538   -469.00999908      29       0      36
  644     20.35743549   -153.29131599   -469.00999908      39       0      36
  645     22.13491382   -139.47127857   -469.00999908      47       0      32
  646     12.08403229   -279.55443504   -469.00999908      36       0      29
  647      7.13340046   -404.21353178   -469.00999908      33       0      38
  648     11.44634308   -301.70225351   -469.00999908      46       0      33
  649      8.27041092   -353.71575451   -469.00999908      35       0      32
  650     12.09218012   -265.52971368   -469.00999908      41       0      36
  651     18.09887937   -182.93801710   -469.00999908      42       0      35
  652     21.40065440    -88.62643517   -469.00999907      43       0      34
  653     12.76640074   -226.66959948   -469.00999908      39       0      23
  654      4.67154362   -433.25059259   -469.00999908      29       0      16
  655     19.75391902   -118.52284084   -469.00999908      18       0      23
  656     14.36688974   -246.09672540   -469.00999908      25       0      19
  657     15.82692579   -191.39932458   -469.00999907      24       0      28
  658      6.24303058   -395.83374733   -469.00999908      28       0      24
  659     15.08436000   -171.04410269   -469.00999907      27       0      22
  660      6.75525934   -397.55480666   -469.00999908      28       0      31
  661     18.37392190   -122.47251222   -469.00999908      30       0      40
  662      6.31113982   -418.18995808   -469.00999908      44       0      32
  663      7.05391537   -382.16714738   -469.00999908      45       0      26
  664     18.16213948   -214.22357136   -469.00999907      35       0      43
  665      5.02691013   -432.87100602   -469.00999908      42       0      27
  666     22.48538085   -150.55829575   -469.00999908      33       0      36
  667     15.64960871   -172.83025693   -469.00999908      38       0      34
  668      8.43265319   -382.61303793   -469.00999908      37       0      38
  669     15.67832515   -241.82356806   -469.00999908      47       0      33
  670     15.35537657   -145.98057486   -469.00999908      42       0      26
  671     19.93386890   -100.30276929   -469.00999908      35       0      16
  672      6.88969916   -378.24085286   -469.00999908      20       0      20
  673      5.23133658   -432.48520014   -469.00999908      21       0      23
  674      8.74471604   -370.41887000   -469.00999908      25       0      25
  675     11.09700808   -258.30181159   -469.00999908      25       0      24
  676     17.54334948   -181.51540558   -469.00999908      27       0      25
  677      7.22027581   -368.40519701   -469.00999908      27       0      28
  678      8.21112428   -339.40328811   -469.00999908      30       0      32
  679     20.53219718   -161.34919460   -469.00999908      36       0      36
  680     16.61020085   -173.68126651   -469.00999908      39       0      33
  681     19.02328409   -106.38848603   -469.00999907      44       0      37
  682     10.13814122   -299.36808452   -469.00999908      46       0      32
  683      6.72571099   -419.08245365   -469.00999907      38       0      36
  684     18.37504192   -192.26389207   -469.00999908      42       0      26
  685     16.38001307   -141.84734518   -469.00999908      32       0      40
  686     13.92652750   -237.32780064   -469.00999907      43       0      33
  687     26.84253841    -96.56171890   -469.00999908      41       0      29
  688     10.49028404   -261.98730214   -469.00999908      36       0      21
  689      7.31857336   -352.86505437   -469.00999908      25       0      19
  690      9.95746011   -293.67081904   -469.00999908      21       0      24
  691     13.15512291   -203.25130270   -469.00999908      25       0      22
  692     11.51651765   -238.38520120   -469.00999908      24       0      24
  693     11.40491803   -250.98636837   -469.00999908      24       0      24
  694     15.87696335   -168.32348189   -469.00999908      27       0      30
  695     13.70741713   -257.58475910   -469.00999908      34       0      26
  696      5.81672665   -425.45408660   -469.00999908      31       0      34
  697     13.19734868   -259.38624814   -469.00999908      36       0      37
  698     24.44959417   -148.91407125   -469.00999908      44       0      37
  699      9.78706928   -332.45166441   -469.00999908      42       0      31
  700     14.05356655   -256.44078669   -469.00999908      40       0      38
  701     10.23741390   -313.14545624   -469.00999908      43       0      29
  702      9.42675986   -323.51098127   -469.00999907      34       0      32
  703     24.15174834   -151.79931815   -469.00999908      38       0      37
  704     13.45829161   -279.58328439   -469.00999908      38       0      30
  705     20.01440487    -97.01521759   -469.00999908      39       0      25
  706      9.33715407   -345.49749015   -469.00999908      31       0      19
  707     16.80828012   -123.24149530   -469.00999908      21       0      25
  708      5.60189270   -431.71087429   -469.00999908      26       0      20
  709      9.47606621   -284.98578508   -469.00999908      23       0      24
  710     23.31625555    -39.84901659   -469.00999908      25       0      21
  711      6.84968716   -404.90498172   -469.00999908      23       0      30
  712     16.59391847   -215.63671489   -469.00999908      35       0      30
  713     10.90704802   -306.80480648   -469.00999908      38       0      28
  714     15.05301312   -164.66088409   -469.00999908      33       0      37
  715     17.42053566   -199.60506695   -469.00999908      42       0      37
  716      7.33528157   -420.31310064   -469.00999908      40       0      33
  717     16.34981331   -178.43181916   -469.00999908      47       0      35
  718     12.00963233   -254.37306783   -469.00999908      43       0      32
  719      7.17220839   -405.28819028   -469.00999908      45       0      35
  720     21.13067994   -141.48020770   -469.00999908      40       0      33
  721     19.44238668   -149.03776930   -469.00999908      40       0      29
  722     10.74454893   -320.00484105   -469.00999907      36       0      31
  723     16.20526727   -121.16685399   -469.00999908      37       0      19
  724     17.45493619   -174.64435224   -469.00999908      21       0      23
  725      9.11308141   -345.24062789   -469.00999908      29       0      21
  726     15.12014267   -149.61836908   -469.00999908      22       0      24
  727     12.03286897   -271.19234009   -469.00999908      26       0      19
  728     11.87866627   -298.33589356   -469.00999908      22       0      25
  729     20.22981303   -168.29997065   -469.00999908      25       0      33
  730      7.79594844   -382.10142994   -469.00999908      34       0      28
  731     25.65759543   -105.08282988   -469.00999908      33       0      36
  732      6.32649240   -429.64284655   -469.00999908      46       0      31
  733      7.23323613   -397.70279849   -469.00999907      39       0      41
  734      7.65186187   -357.69234165   -469.00999908      42       0      30
  735     16.17000286   -156.10011512   -469.00999908      42       0      36
  736      9.47809966   -308.53620752   -469.00999908      43       0      35
  737      6.51798297   -427.91060043   -469.00999908      42       0      33
  738     14.82748528   -218.74490728   -469.00999908      40       0      29
  739     15.01135727   -235.63357642   -469.00999908      32       0      32
  740      9.22603986   -323.09144520   -469.00999908      37       0      21
  741     16.05384989   -260.93248510   -469.00999908      26       0      24
  742     15.27365205   -146.82902704   -469.00999908      28       0      22
  743     19.18786831   -105.88191835   -469.00999908      21       0      22
  744     13.59047010   -245.40124664   -469.00999908      24       0      21
  745     13.16809610   -207.75268991   -469.00999908      23       0      23
  746     12.55022558   -216.12339440   -469.00999908      25       0      28
  747     19.32346529   -173.25114396   -469.00999908      29       0      30
  748     13.85527845   -237.52304305   -469.00999908      38       0      34
  749     20.22117035    -52.69619495   -469.00999908      39       0      36
  750     27.82617858   -138.54396683   -469.00999907      38       0      33
  751     15.13764630   -206.65294933   -469.00999908      42       0      34
  752     18.40985361   -158.99929979   -469.00999908      45       0      35
  753     22.41550468   -168.28818584   -469.00999908      38       0      38
  754      9.29031567   -325.00761603   -469.00999908      46       0      36
  755     23.35333804    -49.93130384   -469.00999908      47       0      25
  756     14.87970499   -194.29565586   -469.00999908      33       0      35
  757      9.62388130   -289.67358226   -469.00999908      36       0      20
  758     65.34341928    989.74322546   -469.00999908      30       0      26
  759     25.30061807   -114.44640581   -469.00999908      28       0      24
  760      9.74553399   -317.61845053   -469.00999908      27       0      19
  761     21.86182160   -138.28217304   -469.00999908      25       0      23
  762     21.04375707   -135.17383373   -469.00999908      26       0      23
  763     16.32791241   -131.86315908   -469.00999908      23       0      21
  764     29.68865277    -61.48422373   -469.00999908      26       0      34
  765      6.50287834   -404.17131355   -469.00999908      35       0      32
  766     14.00786306   -210.09546312   -469.00999908      36       0      34
  767     11.74251217   -276.69972761   -469.00999908      42       0      31
  768     21.14733269   -133.50782116   -469.00999908      38       0      37
  769     23.55862100   -102.78783999   -469.00999908      45       0      36
  770     12.41644708   -304.71033978   -469.00999908      46       0      34
  771     17.32924221   -152.12044083   -469.00999908      42       0      41
  772     14.49175410   -173.04046867   -469.00999907      51       0      27
  773     24.60627252   -151.80740620   -469.00999907      34       0      29
  774     17.35100717   -116.57622860   -469.00999908      33       0      27
  775      5.92562560   -397.47700499   -469.00999908      33       0      22
  776     14.82978311   -162.72031725   -469.00999908      24       0      26
  777     15.29753793   -151.38385875   -469.00999908      29       0      21
  778     11.02195192   -249.61105293   -469.00999908      24       0      23
  779      5.90164886   -417.76509608   -469.00999907      25       0      23
  780      5.29157561   -409.40177223   -469.00999907      25       0      20
  781     17.93189100   -223.93751487   -469.00999908      24       0      32
  782     14.11490620   -197.68962697   -469.00999908      33       0      28
  783     16.70049739   -147.59665344   -469.00999908      31       0      38
  784     17.58862264   -137.13475073   -469.00999908      45       0      26
  785     12.60249306   -225.81777811   -469.00999908      35       0      37
  786     15.70740766   -234.29455518   -469.00999908      42       0      39
  787      7.58680396   -393.42810677   -469.00999908      50       0      32
  788     23.94061019   -168.96759764   -469.00999908      44       0      44
  789     12.38830795   -231.32315681   -469.00999907      50       0      29
  790     12.80121974   -279.34866061   -469.00999908      37       0      27
  791      6.41675943   -431.98327496   -469.00999908      31       0      32
  792      6.75601008   -362.32607792   -469.00999908      37       0      20
  793      9.36737695   -290.08111765   -469.00999908      25       0      25
  794     20.49678407   -123.03364309   -469.00999908      27       0      24
  795      8.03021524   -343.84295865   -469.00999908      27       0      21
  796     12.61930519   -231.70189814   -469.00999908      25       0      23
  797     11.54652498   -235.72166603   -469.00999908      23       0      19
  798     14.95861581   -213.45706754   -469.00999907      19       0      32
  799      9.84462950   -339.86933770   -469.00999907      37       0      26
  800     18.62674711   -180.07021987   -469.00999907      30       0      33
  801     21.92342771    -97.35131499   -469.00999908      39       0      33
  802     14.39648733   -197.06076479   -469.00999908      38       0      31
  803     12.48378861   -293.56186312   -469.00999907      37       0      39
  804     16.72187499   -189.29602193   -469.00999907      45       0      36
  805     25.63392681   -154.12664460   -469.00999907      42       0      41
  806     12.07209004   -245.60559119   -469.00999907      50       0      33
  807     19.25271446    -70.89412055   -469.00999908      48       0      30
  808     11.87526953   -300.43937660   -469.00999908      41       0      28
  809     17.74619127   -176.96643601   -469.00999908      37       0      24
  810      9.39359212   -291.65410262   -469.00999908      33       0      23
  811     16.33015638   -133.64515960   -469.00999908      24       0      26
  812      7.33363046   -355.06234937   -469.00999908      29       0      23
  813     26.91945274    -80.86551571   -469.00999908      28       0      21
  814      4.70439258   -431.50936015   -469.00999908      26       0      17
  815     18.42297838   -188.79696930   -469.00999908      23       0      29
  816      6.15598893   -418.09149051   -469.00999908      31       0      29
  817     17.97895186   -170.61159026   -469.00999908      30       0      30
  818     25.96769215   -100.76977272   -469.00999908      32       0      33
  819     14.69519647   -169.16400661   -469.00999908      36       0      33
  820     20.15294489   -147.78639131   -469.00999908      41       0      35
  821     21.25383012   -130.19394833   -469.00999908      38       0      36
  822      7.96216100   -400.67166194   -469.00999907      42       0      38
  823      9.74157119   -324.07447637   -469.00999908      50       0      36
  824     24.65598000    -59.29270129   -469.00999907      46       0      30
  825     12.66686455   -225.28654103   -469.00999907      38       0      30
  826     23.43657081   -147.95406624   -469.00999908      35       0      30
  827     12.88300633   -278.90265328   -469.00999908      36       0      21
  828     14.13025280   -199.78333733   -469.00999907      25       0      24
  829     25.67732704    -92.10715394   -469.00999908      25       0      23
  830     18.96163924   -135.04430208   -469.00999908      24       0      19
  831      5.16435657   -430.95299336   -469.00999908      23       0      22
  832     17.87461282   -123.63988126   -469.00999908      23       0      30
  833     12.95503139   -217.32190492   -469.00999908      32       0      28
  834      8.28647862   -363.02340996   -469.00999908      35       0      27
  835     11.94956137   -315.43311937   -469.00999907      28       0      31
  836      7.81519702   -392.62556808   -469.00999908      38       0      37
  837      6.98827023   -408.72692430   -469.00999908      43       0      31
  838     18.08377223   -122.60116221   -469.00999908      40       0      29
  839     17.71972407   -110.11886293   -469.00999908      31       0      42
  840     21.09939569   -170.50011865   -469.00999907      44       0      41
  841     21.56753872   -165.89643034   -469.00999908      50       0      30
  842      7.88040742   -393.08364647   -469.00999908      39       0      30
  843      7.50326025   -396.63265469   -469.00999908      43       0      31
  844     17.04700999   -194.83301668   -469.00999908      37       0      24
  845     19.18717342    -70.74563145   -469.00999908      34       0      25
  846      4.51351930   -437.15258160   -469.00999908      30       0      18
  847     20.02950602    -71.02069626   -469.00999908      21       0      23
  848      4.70890172   -415.33568049   -469.00999908      27       0      20
  849     23.48341581   -171.05774286   -469.00999908      21       0      28
  850     16.83770996   -181.41334650   -469.00999908      33       0      29
  851     15.89593013   -150.09159767   -469.00999908      32       0      25
  852     20.69487535   -145.96882130   -469.00999908      28       0      31
  853     14.10131660   -257.49622393   -469.00999908      38       0      34
  854     27.02399457    -97.15224594   -469.00999908      45       0      37
  855     10.32324472   -283.35837832   -469.00999908      44       0      29
  856     17.31265417   -215.40889294   -469.00999907      43       0      37
  857     18.85462713    -99.50007673   -469.00999907      38       0      40
  858      9.39854555   -308.47271836   -469.00999908      44       0      28
  859     21.00871737   -147.76370163   -469.00999907      36       0      35
  860     13.99039846   -211.65002998   -469.00999908      36       0      28
  861      7.75716751   -362.44134686   -469.00999908      33       0      27
  862     21.07816202   -164.06550465   -469.00999908      33       0      28
  863      5.36675954   -392.80481117   -469.00999907      32       0      16
  864      8.66465719   -315.96414909   -469.00999907      19       0      27
  865      4.31891654   -433.91319949   -469.00999907      27       0      17
  866     16.48191453   -258.55589649   -469.00999908      21       0      28
  867     12.62859575   -274.51893245   -469.00999908      30       0      29
  868      5.33181903   -433.79320868   -469.00999907      36       0      23
  869     12.10912826   -313.16829961   -469.00999908      26       0      25
  870     26.71087119    -69.56570498   -469.00999908      26       0      36
  871      9.68810085   -316.41324213   -469.00999908      41       0      39
  872      7.88850859   -390.72170403   -469.00999908      46       0      34
  873     25.77579156    -62.75240193   -469.00999908      43       0      34
  874     14.71556613   -239.34438476   -469.00999908      41       0      42
  875      8.20566097   -339.86145592   -469.00999908      48       0      28
  876     17.24399707   -167.19156285   -469.00999908      36       0      35
  877     18.51719948   -188.30485079   -469.00999908      37       0      28
  878     10.00062242   -297.59210887   -469.00999908      35       0      26
  879     15.50936560   -241.10376762   -469.00999907      33       0      31
  880      8.94371285   -307.65114381   -469.00999908      34       0      15
  881     20.35369489    -76.42630147   -469.00999908      18       0      28
  882      6.28965888   -354.58372686   -469.00999908      29       0      16
  883      5.20506433   -432.34770758   -469.00999908      17       0      25
  884     20.27875107   -114.87389027   -469.00999907      23       0      32
  885     13.15502280   -193.24291290   -469.00999908      33       0      26
  886      4.68491700   -424.50580157   -469.00999908      33       0      19
  887     20.14270748   -162.46343450   -469.00999908      24       0      33
  888     11.72233836   -329.74257696   -469.00999908      36       0      36
  889     20.51529792   -161.52366666   -469.00999908      42       0      42
  890      7.37893394   -409.85505071   -469.00999908      53       0      32
  891      7.17320098   -427.23092199   -469.00999908      43       0      40
  892      8.48585975   -347.28405568   -469.00999908      48       0      31
  893      8.75162357   -366.28696881   -469.00999908      42       0      37
  894     18.33386711   -201.84136623   -469.00999908      45       0      26
  895     15.06506120   -212.95190630   -469.00999908      33       0      28
  896     13.10384560   -216.30970767   -469.00999908      37       0      31
  897     25.04044759   -138.68479658   -469.00999908      33       0      17
  898     22.58956764   -127.19148213   -469.00999908      20       0      28
  899      6.34621843   -374.87508422   -469.00999908      30       0      17
  900     10.91307087   -260.42642009   -469.00999908      20       0      22
  901     23.72929405   -112.95682451   -469.00999908      27       0      29
  902      8.37695329   -364.82120617   -469.00999908      32       0      30
  903      4.48185913   -430.76790796   -469.00999908      36       0      17
  904     26.13780615    -95.95111350   -469.00999908      24       0      27
  905     15.76264540   -142.85322612   -469.00999908      26       0      32
  906     18.97346917   -113.43982017   -469.00999908      33       0      47
  907     19.77109481   -161.03954449   -469.00999908      54       0      36
  908     16.95793867   -163.04981158   -469.00999908      49       0      33
  909     22.06150974    -92.83415506   -469.00999908      40       0      36
  910     16.16438553   -239.51091643   -469.00999908      47       0      36
  911     26.20961397    -75.18447273   -469.00999908      43       0      27
  912     15.32928078   -194.16757657   -469.00999908      39       0      33
  913     16.35367184   -227.30700585   -469.00999908      32       0      30
  914      4.71931120   -432.48520011   -469.00999908      39       0      19
  915     15.12446716   -171.18251327   -469.00999908      27       0      25
  916     15.94199584   -153.43559855   -469.00999908      29       0      18
  917     19.08613941    -52.55142803   -469.00999908      22       0      18
  918      8.84349961   -335.02646823   -469.00999908      21       0      33
  919     10.16628908   -276.75031661   -469.00999908      32       0      27
  920      6.24032844   -411.50117849   -469.00999908      30       0      23
  921     29.22797415    -95.00109448   -469.00999908      25       0      25
  922      9.71963224   -300.20060083   -469.00999908      30       0      25
  923     19.41083360   -166.04398811   -469.00999908      26       0      43
  924      9.70210847   -323.46045791   -469.00999908      46       0      41
  925     13.77910704   -214.44436970   -469.00999908      53       0      32
  926     14.65441634   -205.45949382   -469.00999907      46       0      38
  927      6.78629997   -391.60292437   -469.00999908      46       0      34
  928     18.11250435   -178.96640694   -469.00999908      38       0      32
  929     17.12588702   -184.03836201   -469.00999908      36       0      28
  930     23.12256390   -190.11511359   -469.00999908      43       0      34
  931     17.80764485    -99.36467183   -469.00999908      39       0      20
  932     13.08177112   -238.53854746   -469.00999908      24       0      25
  933      5.31087387   -431.26984987   -469.00999908      29       0      21
  934     11.38888354   -245.89391779   -469.00999908      23       0      19
  935     17.39911808   -157.17443819   -469.00999908      23       0      29
  936     12.65597856   -257.07890404   -469.00999908      31       0      29
  937     14.50820251   -175.40843224   -469.00999908      32       0      22
  938     11.04527448   -266.07571328   -469.00999908      29       0      26
  939     20.05763668   -133.49769129   -469.00999907      29       0      25
  940      8.99070101   -335.26387556   -469.00999907      27       0      32
  941     17.95772736   -136.41117665   -469.00999907      34       0      37
  942     20.42096263    -83.00018214   -469.00999908      41       0      42
  943     11.24172409   -300.38056539   -469.00999908      49       0      36
  944      9.45096810   -319.90949183   -469.00999907      48       0      39
  945     12.96786870   -296.71656253   -469.00999908      45       0      27
  946     19.34369131   -128.04605338   -469.00999907      38       0      33
  947     20.44538060   -160.49037170   -469.00999908      39       0      33
  948      5.79220558   -420.69439555   -469.00999908      40       0      22
  949      6.94274521   -391.15549360   -469.00999908      29       0      25
  950      5.34087600   -420.95093870   -469.00999908      34       0      21
  951      9.16560040   -304.78296895   -469.00999908      29       0      19
  952     13.18147895   -253.73585984   -469.00999907      22       0      28
  953     18.31335781    -86.21888068   -469.00999907      31       0      28
  954     14.78130346   -189.03858100   -469.00999907      32       0      25
  955     15.24122038   -210.63897985   -469.00999908      27       0      26
  956      6.44223313   -395.68032905   -469.00999908      27       0      24
  957     10.30901917   -306.91573757   -469.00999908      28       0      31
  958     19.86763100   -188.51209134   -469.00999908      33       0      35
  959     12.84906420   -232.26688368   -469.00999908      43       0      34
  960     20.39255603   -242.29826362   -469.00999908      40       0      40
  961     11.14853435   -290.40316160   -469.00999908      45       0      39
  962     14.91343454   -177.00026420   -469.00999908      51       0      30
  963     19.30978838   -125.79549298   -469.00999908      43       0      35
  964     11.51675536   -312.32937310   -469.00999908      40       0      31
  965      6.57136044   -369.38710529   -469.00999908      33       0      21
  966     19.73266895   -201.16594226   -469.00999908      26       0      28
  967     15.46669584   -238.90370982   -469.00999908      28       0      22
  968     12.56417236   -221.43023715   -469.00999908      25       0      21
  969     15.19564628   -150.03355363   -469.00999908      27       0      25
  970     20.20099462   -145.53055814   -469.00999908      31       0      31
  971      7.50953856   -391.73038301   -469.00999908      35       0      26
  972     12.41995615   -247.96716364   -469.00999908      31       0      23
  973     14.59941251   -240.19478227   -469.00999908      27       0      24
  974      5.84531988   -426.66556807   -469.00999908      23       0      29
  975     12.52269697   -294.83096750   -469.00999907      30       0      34
  976     24.12122650   -154.94879988   -469.00999908      40       0      35
  977     13.95287059   -288.57293377   -469.00999908      39       0      32
  978     16.60491982   -229.88322724   -469.00999908      36       0      41
  979     28.25577719    -76.08140425   -469.00999908      44       0      41
  980     24.42359044   -117.90531437   -469.00999908      47       0      30
  981     19.82974709   -145.87261094   -469.00999908      40       0      35
  982     14.92120053   -205.11091963   -469.00999908      41       0      22
  983     13.99331967   -263.38480989   -469.00999907      28       0      26
  984     12.45536048   -254.79029199   -469.00999908      31       0      17
  985     24.76092882   -123.72959716   -469.00999907      20       0      26
  986     15.34938734   -191.87275881   -469.00999907      27       0      22
  987     13.43821325   -237.27370360   -469.00999908      26       0      34
  988     24.26706310   -113.06003247   -469.00999907      36       0      26
  989     19.17038983   -160.08147038   -469.00999907      28       0      26
  990      5.11982811   -433.56750158   -469.00999907      30       0      22
  991     11.12522466   -284.25927416   -469.00999908      25       0      27
  992     19.26476488   -140.01906712   -469.00999908      31       0      31
  993     20.33547121   -104.80671481   -469.00999908      34       0      37
  994     21.95640934   -148.93323699   -469.00999907      40       0      35
  995     17.12805338   -217.87181338   -469.00999907      44       0      35
  996     25.82691156   -111.62252591   -469.00999907      43       0      40
  997     15.16718998   -235.38294301   -469.00999908      47       0      36
  998     20.82109237   -179.91416641   -469.00999908      48       0      32
  999     17.09580847   -229.12257446   -469.00999907      45       0      24
 1000      8.22855149   -371.29079737   -469.00999908      33       0      26
----------------------------------------------------------------------------------
Artificial Bee Colony Optimization Finished!

 -- Results Report --
 * 100 LMs will be saved in [ k_8_waters-LM ].
      #          Energy
      0   -469.00999908
      1   -468.70051982
      2   -468.67192076
      3   -468.59457923
      4   -468.45590843
      5   -468.44328727
      6   -468.34906039
      7   -468.13457275
      8   -467.75153382
      9   -467.66595179
     10   -467.59512444
     11   -467.39522818
     12   -467.27523228
     13   -467.25763464
     14   -466.92735579
     15   -466.40099146
     16   -466.07654732
     17   -465.93879596
     18   -465.86290184
     19   -465.69505826
     20   -465.69084351
     21   -465.68392026
     22   -465.66392269
     23   -465.48551141
     24   -465.45061676
     25   -465.42867353
     26   -465.37920489
     27   -465.27177991
     28   -465.25095905
     29   -465.24418695
     30   -465.15600267
     31   -465.09516542
     32   -465.00253488
     33   -464.92484249
     34   -464.90062143
     35   -464.88120302
     36   -464.86773739
     37   -464.86347209
     38   -464.77955337
     39   -464.65052609
     40   -464.59435902
     41   -464.51686893
     42   -464.49204024
     43   -464.48483987
     44   -464.47689530
     45   -464.45911548
     46   -464.45575688
     47   -464.37683612
     48   -464.25551854
     49   -464.25360192
     50   -464.25339748
     51   -464.19322025
     52   -464.11858703
     53   -464.09851984
     54   -464.09217532
     55   -464.03312132
     56   -464.01421119
     57   -463.97297394
     58   -463.86702544
     59   -463.84514106
     60   -463.81499793
     61   -463.78019647
     62   -463.72295248
     63   -463.68919751
     64   -463.67915593
     65   -463.67148978
     66   -463.59758543
     67   -463.55948921
     68   -463.50693280
     69   -463.49932301
     70   -463.49171348
     71   -463.46287345
     72   -463.44208397
     73   -463.43919992
     74   -463.43551128
     75   -463.41374387
     76   -463.40326982
     77   -463.38484426
     78   -463.37328528
     79   -463.29304465
     80   -463.29235512
     81   -463.28414267
     82   -463.27204545
     83   -463.26533189
     84   -463.20865306
     85   -463.19851161
     86   -463.19232984
     87   -463.14984262
     88   -463.12178414
     89   -463.05155733
     90   -463.04718985
     91   -463.02626514
     92   -463.00655172
     93   -462.99226155
     94   -462.98433541
     95   -462.95417698
     96   -462.94728191
     97   -462.94282095
     98   -462.89756119
     99   -462.83891272

 * Final Global Minimal Energy:   -469.00999907
 * The Global Minimum is saved as: [ k_8_waters-OPT.(cluster/xyz/gjf) ]

===== (^ _ ^) =====
Normal termination at Fri Sep 14 16:17:38 2018.
Total run time: 3923 seconds = 0 days 1 hours 5 minutes 23 seconds.
