    * * * * * * * * * * * * * * * * * * * * *
    *       __    ____    ______            *
    *      /  \  |  _ \  |  ___/  luster !  *
     *    / _  \ | |_| | | |               *
     *   / /_\ | |  _ <  | |     < @  @ >  * 
     *  / ___  | | |_| | | |___ _ _  o     * 
    *  /_/   |_| |____/  |_____ _ __ __  _  *
    *                                       *
    * * * * * * * * * * * * * * * * * * * * *

ABCluster 1.5.1
Specific flag:  official version
Platform:       LINUX/UNIX
Compiled by:    junzhang@gellmann.scs.illinois.edu
Compiling date: Dec 18 2017 20:33:35
C++ compiler:   g++
C++ options:    -O3 -Os -fno-exceptions --std=c++0x -fopenmp 

Contributors:
Jun Zhang(University of Cologne): Design and coding.

For any suggestions, comments, and questions on the theory and
implementation of ABCluster, please feel free to contact:

Dr. Jun Zhang, ZhangJunQcc@gmail.com

If you used this program in your work, please cite this reference:

[1] Zhang, J.; Dolg, M.; ABCluster: The Artificial Bee Colony Algorithm for
    Cluster Global Optimization. Phys. Chem. Chem. Phys. 2015, 17, 24173-24181.
[2] Zhang, J.; Dolg, M.; Global Optimization of Clusters of Rigid Molecules by the
    Artificial Bee Colony Algorithm. Phys. Chem. Chem. Phys. 2016, 18, 3003-3010.

Program starts at Sat Dec 28 13:38:00 2019.
Command line: " /ihome/jkeith/amm503/codes/ABCluster/rigidmol-optimizer solvent.inp "
Process ID:   221066
Run by:       amm503@smp-n24.crc.pitt.edu
Available CPU cores:    24
Read "OMP_NUM_THREADS": Unset

Random number testing (integers): 804898814...726905584
Random number testing (fractals): 0.21140520...0.38050880

 -- Input/Output Parameters --
Input file name:      solvent.inp
Cluster file name:    solvent.cluster
Result file name:     lm-solvent.(cluster/xyz/gjf)
Temporary file name:  abclusteramm503smp-n24.crc.pitt.edu221066-OPT
# of saved LMs:       100
LMs are stored in:    lm-solvent-LM

 -- ABC Control Parameters --
Population size:                  500
Maximal generation:              1000
Scout limit:                       15
Amplitude:                12.00000000

 -- Cluster Components: from [ solvent.cluster ] --
 -----------------------------------------------------------
   Source                                       #   Charge
 -----------------------------------------------------------
   charmm36/ch3cn.xyz                           1   -0.000
   charmm36/cl.xyz                              1   -1.000
 -----------------------------------------------------------
   Dimension: 0, an isolate cluster.
 -----------------------------------------------------------

Artificial Bee Colony Optimization Starts!
----------------------------------------------------------------------------------
 * Population: 500; Maximal cycles: 1000
 * EM = Employed Bee; Trigonometric mutation
 * OL = Onlooker Bee; ABC/best/2(0.5)+ABC/current/2(0.5);
        Tournament selection from 5 nectars.
 * SC = Scout Bee; Random nectar; Limit = 15
----------------------------------------------------------------------------------
    #       Diversity            maxE            minE    byEM    byOL    bySC
----------------------------------------------------------------------------------
    1      0.35606243    -32.49702973    -40.46680154      48       0       0
    2      0.00000000    -40.46680154    -40.46680154       1       0       0
    3      0.00000000    -40.46680154    -40.46680154       0       0       0
    4      0.00000000    -40.46680154    -40.46680154       0       0       0
    5      0.00000000    -40.46680154    -40.46680154       0       0       0
    6      0.00000000    -40.46680154    -40.46680154       0       0       0
    7      0.00000000    -40.46680154    -40.46680154       0       0       0
    8      0.00000000    -40.46680154    -40.46680154       0       0       0
    9      0.00000000    -40.46680154    -40.46680154       0       0       0
   10      0.00000000    -40.46680154    -40.46680154       0       0       0
   11      0.00000000    -40.46680154    -40.46680154       0       0       0
   12      0.00000000    -40.46680154    -40.46680154       0       0       0
   13      0.00000000    -40.46680154    -40.46680154       0       0       0
   14      0.00000000    -40.46680154    -40.46680154       0       0       0
   15      0.00000000    -40.46680154    -40.46680154       0       0       0
   16      0.00000000    -40.46680154    -40.46680154       0       0       0
   17      5.28429424     -7.66451087    -40.46680154       0       0     451
   18      1.62651052    -11.62501739    -40.46680154      49       0      49
   19      0.00000000    -40.46680154    -40.46680154       3       0       0
   20      0.00000000    -40.46680154    -40.46680154       0       0       0
   21      0.00000000    -40.46680154    -40.46680154       0       0       0
   22      0.00000000    -40.46680154    -40.46680154       0       0       0
   23      0.00000000    -40.46680154    -40.46680154       0       0       0
   24      0.00000000    -40.46680154    -40.46680154       0       0       0
   25      0.00000000    -40.46680154    -40.46680154       0       0       0
   26      0.00000000    -40.46680154    -40.46680154       0       0       0
   27      0.00000000    -40.46680154    -40.46680154       0       0       0
   28      0.00000000    -40.46680154    -40.46680154       0       0       0
   29      0.00000000    -40.46680154    -40.46680154       0       0       0
   30      0.00000000    -40.46680154    -40.46680154       0       0       0
   31      0.00000000    -40.46680154    -40.46680154       0       0       0
   32      0.00000000    -40.46680154    -40.46680154       0       0       0
   33      5.18106836     -8.80387013    -40.46680154       0       0     402
   34      2.66563383    -14.77230147    -40.46680154      48       0      95
   35      0.00000000    -40.46680154    -40.46680154      14       0       3
   36      0.00000000    -40.46680154    -40.46680154       0       0       0
   37      0.00000000    -40.46680154    -40.46680154       0       0       0
   38      0.00000000    -40.46680154    -40.46680154       0       0       0
   39      0.00000000    -40.46680154    -40.46680154       0       0       0
   40      0.00000000    -40.46680154    -40.46680154       0       0       0
   41      0.00000000    -40.46680154    -40.46680154       0       0       0
   42      0.00000000    -40.46680154    -40.46680154       0       0       0
   43      0.00000000    -40.46680154    -40.46680154       0       0       0
   44      0.00000000    -40.46680154    -40.46680154       0       0       0
   45      0.00000000    -40.46680154    -40.46680154       0       0       0
   46      0.00000000    -40.46680154    -40.46680154       0       0       0
   47      0.00000000    -40.46680154    -40.46680154       0       0       0
   48      0.00000000    -40.46680154    -40.46680154       0       0       0
   49      4.24130766    -11.38182163    -40.46680154       0       0     354
   50      2.64171088    -12.20744258    -40.46680154      36       0     129
   51      0.20870758    -35.79528437    -40.46680154      10       0      17
   52      0.00000000    -40.46680154    -40.46680154       1       0       0
   53      0.00000000    -40.46680154    -40.46680154       0       0       0
   54      0.00000000    -40.46680154    -40.46680154       0       0       0
   55      0.00000000    -40.46680154    -40.46680154       0       0       0
   56      0.00000000    -40.46680154    -40.46680154       0       0       0
   57      0.00000000    -40.46680154    -40.46680154       0       0       0
   58      0.00000000    -40.46680154    -40.46680154       0       0       0
   59      0.00000000    -40.46680154    -40.46680154       0       0       0
   60      0.00000000    -40.46680154    -40.46680154       0       0       0
   61      0.00000000    -40.46680154    -40.46680154       0       0       0
   62      0.00000000    -40.46680154    -40.46680154       0       0       0
   63      0.00000000    -40.46680154    -40.46680154       0       0       0
   64      0.00000000    -40.46680154    -40.46680154       0       0       0
   65      5.00166975    -10.03829062    -40.46680154       0       0     318
   66      2.93034298    -12.39858716    -40.46680154      39       0     155
   67      1.76497555    -17.37156111    -40.46680154      10       0      26
   68      0.00000000    -40.46680154    -40.46680154       4       0       1
   69      0.00000000    -40.46680154    -40.46680154       0       0       0
   70      0.00000000    -40.46680154    -40.46680154       0       0       0
   71      0.00000000    -40.46680154    -40.46680154       0       0       0
   72      0.00000000    -40.46680154    -40.46680154       0       0       0
   73      0.00000000    -40.46680154    -40.46680154       0       0       0
   74      0.00000000    -40.46680154    -40.46680154       0       0       0
   75      0.00000000    -40.46680154    -40.46680154       0       0       0
   76      0.00000000    -40.46680154    -40.46680154       0       0       0
   77      0.00000000    -40.46680154    -40.46680154       0       0       0
   78      0.00000000    -40.46680154    -40.46680154       0       0       0
   79      0.00000000    -40.46680154    -40.46680154       0       0       0
   80      0.00000000    -40.46680154    -40.46680154       0       0       0
   81      4.25980532     -8.36146685    -40.46680154       0       0     279
   82      3.38313555    -11.87945829    -40.46680154      34       0     184
   83      1.59001997     -6.91719063    -40.46680154      19       0      32
   84      0.00000000    -40.46680154    -40.46680154       2       0       5
   85      0.00000000    -40.46680154    -40.46680154       0       0       0
   86      0.00000000    -40.46680154    -40.46680154       0       0       0
   87      0.00000000    -40.46680154    -40.46680154       0       0       0
   88      0.00000000    -40.46680154    -40.46680154       0       0       0
   89      0.00000000    -40.46680154    -40.46680154       0       0       0
   90      0.00000000    -40.46680154    -40.46680154       0       0       0
   91      0.00000000    -40.46680154    -40.46680154       0       0       0
   92      0.00000000    -40.46680154    -40.46680154       0       0       0
   93      0.00000000    -40.46680154    -40.46680154       0       0       0
   94      0.00000000    -40.46680154    -40.46680154       0       0       0
   95      0.00000000    -40.46680154    -40.46680154       0       0       0
   96      0.00000000    -40.46680154    -40.46680154       0       0       0
   97      3.92197244    -13.38412716    -40.46680154       0       0     245
   98      3.55162020    -11.82107068    -40.46680154      38       0     199
   99      2.37535235     -8.96335413    -40.46680154      17       0      49
  100      0.00000000    -40.46680154    -40.46680154       7       0       7
  101      0.00000000    -40.46680154    -40.46680154       0       0       0
  102      0.00000000    -40.46680154    -40.46680154       0       0       0
  103      0.00000000    -40.46680154    -40.46680154       0       0       0
  104      0.00000000    -40.46680154    -40.46680154       0       0       0
  105      0.00000000    -40.46680154    -40.46680154       0       0       0
  106      0.00000000    -40.46680154    -40.46680154       0       0       0
  107      0.00000000    -40.46680154    -40.46680154       0       0       0
  108      0.00000000    -40.46680154    -40.46680154       0       0       0
  109      0.00000000    -40.46680154    -40.46680154       0       0       0
  110      0.00000000    -40.46680154    -40.46680154       0       0       0
  111      0.00000000    -40.46680154    -40.46680154       0       0       0
  112      0.00000000    -40.46680154    -40.46680154       0       0       0
  113      2.52004438    -15.53085387    -40.46680154       0       0     207
  114      3.40751301     -7.79991762    -40.46680154      18       0     220
  115      1.96222944    -11.90562262    -40.46680154      17       0      59
  116      1.27749318    -12.24344230    -40.46680154       5       0      14
  117      0.00000000    -40.46680154    -40.46680154       2       0       0
  118      0.00000000    -40.46680154    -40.46680154       0       0       0
  119      0.00000000    -40.46680154    -40.46680154       0       0       0
  120      0.00000000    -40.46680154    -40.46680154       0       0       0
  121      0.00000000    -40.46680154    -40.46680154       0       0       0
  122      0.00000000    -40.46680154    -40.46680154       0       0       0
  123      0.00000000    -40.46680154    -40.46680154       0       0       0
  124      0.00000000    -40.46680154    -40.46680154       0       0       0
  125      0.00000000    -40.46680154    -40.46680154       0       0       0
  126      0.00000000    -40.46680154    -40.46680154       0       0       0
  127      0.00000000    -40.46680154    -40.46680154       0       0       0
  128      0.00000000    -40.46680154    -40.46680154       0       0       0
  129      2.49952663    -12.30752882    -40.46680154       0       0     189
  130      3.42722258    -13.65627079    -40.46680154      11       0     221
  131      2.71318998     -9.30884070    -40.46680154      21       0      71
  132      0.00000000    -40.46680154    -40.46680154      12       0      17
  133      0.20401613    -35.90029336    -40.46680154       0       0       2
  134      0.00000000    -40.46680154    -40.46680154       1       0       0
  135      0.00000000    -40.46680154    -40.46680154       0       0       0
  136      0.00000000    -40.46680154    -40.46680154       0       0       0
  137      0.00000000    -40.46680154    -40.46680154       0       0       0
  138      0.00000000    -40.46680154    -40.46680154       0       0       0
  139      0.00000000    -40.46680154    -40.46680154       0       0       0
  140      0.00000000    -40.46680154    -40.46680154       0       0       0
  141      0.00000000    -40.46680154    -40.46680154       0       0       0
  142      0.00000000    -40.46680154    -40.46680154       0       0       0
  143      0.00000000    -40.46680154    -40.46680154       0       0       0
  144      0.00000000    -40.46680154    -40.46680154       0       0       0
  145      3.91666095     -9.62199409    -40.46680154       0       0     177
  146      3.46290262    -10.07568914    -40.46680154      19       0     213
  147      2.27689229    -13.78588827    -40.46680154      25       0      79
  148      1.43769000     -9.05302364    -40.46680154       8       0      29
  149      0.00000000    -40.46680154    -40.46680154       2       0       1
  150      0.00000000    -40.46680154    -40.46680154       0       0       1
  151      0.00000000    -40.46680154    -40.46680154       0       0       0
  152      0.00000000    -40.46680154    -40.46680154       0       0       0
  153      0.00000000    -40.46680154    -40.46680154       0       0       0
  154      0.00000000    -40.46680154    -40.46680154       0       0       0
  155      0.00000000    -40.46680154    -40.46680154       0       0       0
  156      0.00000000    -40.46680154    -40.46680154       0       0       0
  157      0.00000000    -40.46680154    -40.46680154       0       0       0
  158      0.00000000    -40.46680154    -40.46680154       0       0       0
  159      0.00000000    -40.46680154    -40.46680154       0       0       0
  160      0.00000000    -40.46680154    -40.46680154       0       0       0
  161      3.13037118     -8.38789860    -40.46680154       0       0     158
  162 15954813.17747018 357117725.11825782    -40.46680154      15       0     207
  163      2.76530148     -9.32052657    -40.46680154      28       0      96
  164      0.98838172    -21.16438770    -40.46680154       9       0      35
  165      0.00000000    -40.46680154    -40.46680154       3       0       3
  166      0.00000000    -40.46680154    -40.46680154       0       0       1
  167      0.00000000    -40.46680154    -40.46680154       0       0       0
  168      0.00000000    -40.46680154    -40.46680154       0       0       0
  169      0.00000000    -40.46680154    -40.46680154       0       0       0
  170      0.00000000    -40.46680154    -40.46680154       0       0       0
  171      0.00000000    -40.46680154    -40.46680154       0       0       0
  172      0.00000000    -40.46680154    -40.46680154       0       0       0
  173      0.00000000    -40.46680154    -40.46680154       0       0       0
  174      0.00000000    -40.46680154    -40.46680154       0       0       0
  175      0.00000000    -40.46680154    -40.46680154       0       0       0
  176      0.00000000    -40.46680154    -40.46680154       0       0       0
  177      2.71150655    -14.03958709    -40.46680154       0       0     143
  178      3.48506484    -13.86428624    -40.46680154      15       0     194
  179      2.64398064    -11.84000374    -40.46680154      26       0     115
  180      0.15552035    -37.83469969    -40.46680154      11       0      41
  181      0.00000000    -40.46680154    -40.46680154       2       0       6
  182      0.00000000    -40.46680154    -40.46680154       0       0       1
  183      0.00000000    -40.46680154    -40.46680154       0       0       0
  184      0.00000000    -40.46680154    -40.46680154       0       0       0
  185      0.00000000    -40.46680154    -40.46680154       0       0       0
  186      0.00000000    -40.46680154    -40.46680154       0       0       0
  187      0.00000000    -40.46680154    -40.46680154       0       0       0
  188      0.00000000    -40.46680154    -40.46680154       0       0       0
  189      0.00000000    -40.46680154    -40.46680154       0       0       0
  190      0.00000000    -40.46680154    -40.46680154       0       0       0
  191      0.00000000    -40.46680154    -40.46680154       0       0       0
  192      0.00000000    -40.46680154    -40.46680154       0       0       0
  193      3.19555838    -12.04559332    -40.46680154       0       0     128
  194      2.95491101    -11.68526282    -40.46680154      10       0     183
  195      3.09756952    -17.30063689    -40.46680154      18       0     130
  196      1.94069429    -13.96812198    -40.46680154      18       0      50
  197      0.00000000    -40.46680154    -40.46680154       4       0       8
  198      0.00000000    -40.46680154    -40.46680154       0       0       1
  199      0.00000000    -40.46680154    -40.46680154       0       0       0
  200      0.00000000    -40.46680154    -40.46680154       0       0       0
  201      0.00000000    -40.46680154    -40.46680154       0       0       0
  202      0.00000000    -40.46680154    -40.46680154       0       0       0
  203      0.00000000    -40.46680154    -40.46680154       0       0       0
  204      0.00000000    -40.46680154    -40.46680154       0       0       0
  205      0.00000000    -40.46680154    -40.46680154       0       0       0
  206      0.00000000    -40.46680154    -40.46680154       0       0       0
  207      0.00000000    -40.46680154    -40.46680154       0       0       0
  208      0.00000000    -40.46680154    -40.46680154       0       0       0
  209      1.93019528    -11.05016421    -40.46680154       0       0     118
  210      3.36955573     -8.40434355    -40.46680154      10       0     175
  211      2.61695941    -11.80583795    -40.46680154      21       0     130
  212      2.07067734    -15.89303247    -40.46680154      15       0      64
  213      0.00000000    -40.46680154    -40.46680154       7       0      12
  214      0.00000000    -40.46680154    -40.46680154       0       0       1
  215      0.00000000    -40.46680154    -40.46680154       0       0       0
  216      0.00000000    -40.46680154    -40.46680154       0       0       0
  217      0.00000000    -40.46680154    -40.46680154       0       0       0
  218      0.00000000    -40.46680154    -40.46680154       0       0       0
  219      0.00000000    -40.46680154    -40.46680154       0       0       0
  220      0.00000000    -40.46680154    -40.46680154       0       0       0
  221      0.00000000    -40.46680154    -40.46680154       0       0       0
  222      0.00000000    -40.46680154    -40.46680154       0       0       0
  223      0.00000000    -40.46680154    -40.46680154       0       0       0
  224      0.00000000    -40.46680154    -40.46680154       0       0       0
  225      2.97952307     -9.41488869    -40.46680154       0       0     108
  226      1.87205281    -12.34559328    -40.46680154      13       0     163
  227      3.33619792    -12.74980277    -40.46680154      10       0     138
  228      1.72657659    -15.97074500    -40.46680154      14       0      71
  229      0.23112995    -35.29340273    -40.46680154       7       0      19
  230      0.00000000    -40.46680154    -40.46680154       1       0       1
  231      0.00000000    -40.46680154    -40.46680154       0       0       0
  232      0.00000000    -40.46680154    -40.46680154       0       0       0
  233      0.00000000    -40.46680154    -40.46680154       0       0       0
  234      0.00000000    -40.46680154    -40.46680154       0       0       0
  235      0.00000000    -40.46680154    -40.46680154       0       0       0
  236      0.00000000    -40.46680154    -40.46680154       0       0       0
  237      0.00000000    -40.46680154    -40.46680154       0       0       0
  238      0.00000000    -40.46680154    -40.46680154       0       0       0
  239      0.00000000    -40.46680154    -40.46680154       0       0       0
  240      0.00000000    -40.46680154    -40.46680154       0       0       0
  241      2.57404156    -13.14873534    -40.46680154       0       0      95
  242      3.36463213     -7.47248421    -40.46680154       9       0     166
  243      1.91519476    -11.90045103    -40.46680154      16       0     134
  244      2.79402808     -9.06583118    -40.46680154       7       0      78
  245      1.21197973    -18.45906443    -40.46680154       8       0      25
  246      0.62356613    -26.50947478    -40.46680154       4       0       2
  247      0.00000000    -40.46680154    -40.46680154       1       0       0
  248      0.00000000    -40.46680154    -40.46680154       0       0       0
  249      0.00000000    -40.46680154    -40.46680154       0       0       0
  250      0.00000000    -40.46680154    -40.46680154       0       0       0
  251      0.00000000    -40.46680154    -40.46680154       0       0       0
  252      0.00000000    -40.46680154    -40.46680154       0       0       0
  253      0.00000000    -40.46680154    -40.46680154       0       0       0
  254      0.00000000    -40.46680154    -40.46680154       0       0       0
  255      0.00000000    -40.46680154    -40.46680154       0       0       0
  256      0.00000000    -40.46680154    -40.46680154       0       0       0
  257      1.40642904    -20.97461785    -40.46680154       0       0      86
  258      2.99280230     -6.22320310    -40.46680154       6       0     159
  259      2.77946559    -13.92553701    -40.46680154      17       0     143
  260      1.45763266    -15.75760114    -40.46680154      16       0      77
  261      0.98670512    -21.76785035    -40.46680154       3       0      29
  262      0.00000000    -40.46680154    -40.46680154       4       0       5
  263      0.00000000    -40.46680154    -40.46680154       0       0       1
  264      0.00000000    -40.46680154    -40.46680154       0       0       0
  265      0.00000000    -40.46680154    -40.46680154       0       0       0
  266      0.00000000    -40.46680154    -40.46680154       0       0       0
  267      0.00000000    -40.46680154    -40.46680154       0       0       0
  268      0.00000000    -40.46680154    -40.46680154       0       0       0
  269      0.00000000    -40.46680154    -40.46680154       0       0       0
  270      0.00000000    -40.46680154    -40.46680154       0       0       0
  271      0.00000000    -40.46680154    -40.46680154       0       0       0
  272      0.00000000    -40.46680154    -40.46680154       0       0       0
  273      1.93115276    -10.60502075    -40.46680154       0       0      80
  274      3.04696220     -9.90659528    -40.46680154       7       0     148
  275      3.13395835    -11.11060995    -40.46680154      15       0     144
  276      2.94970018    -12.29483004    -40.46680154      19       0      90
  277      0.29671515    -34.45065714    -40.46680154      14       0      28
  278      1.47106664    -12.77901044    -40.46680154       3       0       9
  279      0.00000000    -40.46680154    -40.46680154       3       0       1
  280      0.00000000    -40.46680154    -40.46680154       0       0       0
  281      0.00000000    -40.46680154    -40.46680154       0       0       0
  282      0.00000000    -40.46680154    -40.46680154       0       0       0
  283      0.00000000    -40.46680154    -40.46680154       0       0       0
  284      0.00000000    -40.46680154    -40.46680154       0       0       0
  285      0.00000000    -40.46680154    -40.46680154       0       0       0
  286      0.00000000    -40.46680154    -40.46680154       0       0       0
  287      0.00000000    -40.46680154    -40.46680154       0       0       0
  288      0.00000000    -40.46680154    -40.46680154       0       0       0
  289      1.50467824    -17.39938678    -40.46680154       0       0      72
  290      1.66982427    -22.50573829    -40.46680154       7       0     142
  291      2.14515488    -19.24773403    -40.46680154       9       0     139
  292      1.94386495    -15.79721472    -40.46680154      12       0      95
  293      1.27565505    -13.82007365    -40.46680154      10       0      39
  294      0.85771828    -21.37914205    -40.46680154       3       0       9
  295      0.10940283    -38.01802986    -40.46680154       2       0       4
  296      0.00000000    -40.46680154    -40.46680154       1       0       0
  297      0.00000000    -40.46680154    -40.46680154       0       0       0
  298      0.00000000    -40.46680154    -40.46680154       0       0       0
  299      0.00000000    -40.46680154    -40.46680154       0       0       0
  300      0.00000000    -40.46680154    -40.46680154       0       0       0
  301      0.00000000    -40.46680154    -40.46680154       0       0       0
  302      0.00000000    -40.46680154    -40.46680154       0       0       0
  303      0.00000000    -40.46680154    -40.46680154       0       0       0
  304      0.00000000    -40.46680154    -40.46680154       0       0       0
  305      1.51829093    -16.55824027    -40.46680154       0       0      65
  306      2.31283099     -9.26667865    -40.46680154       4       0     140
  307      2.19643454    -16.00977390    -40.46680154       9       0     136
  308      1.96659684    -15.04260754    -40.46680154       9       0      97
  309      2.41869257     -9.89768123    -40.46680154       9       0      46
  310      1.37258238     -9.74418840    -40.46680154       6       0      10
  311      0.00000000    -40.46680154    -40.46680154       1       0       5
  312      0.00000000    -40.46680154    -40.46680154       0       0       1
  313      0.00000000    -40.46680154    -40.46680154       0       0       0
  314      0.00000000    -40.46680154    -40.46680154       0       0       0
  315      0.00000000    -40.46680154    -40.46680154       0       0       0
  316      0.00000000    -40.46680154    -40.46680154       0       0       0
  317      0.00000000    -40.46680154    -40.46680154       0       0       0
  318      0.00000000    -40.46680154    -40.46680154       0       0       0
  319      0.00000000    -40.46680154    -40.46680154       0       0       0
  320      0.00000000    -40.46680154    -40.46680154       0       0       0
  321      1.60095527    -11.79621199    -40.46680154       0       0      61
  322      2.31206112    -12.82272211    -40.46680154       8       0     135
  323      2.93114453    -10.29309148    -40.46680154      13       0     136
  324      1.14627258    -26.02250756    -40.46680154      13       0      97
  325      2.12307835    -10.63474909    -40.46680154       5       0      49
  326      1.35328513    -17.32660960    -40.46680154       6       0      15
  327      0.84875850    -22.38908831    -40.46680154       2       0       6
  328      0.00000000    -40.46680154    -40.46680154       2       0       1
  329      0.00000000    -40.46680154    -40.46680154       0       0       0
  330      0.00000000    -40.46680154    -40.46680154       0       0       0
  331      0.00000000    -40.46680154    -40.46680154       0       0       0
  332      0.00000000    -40.46680154    -40.46680154       0       0       0
  333      0.00000000    -40.46680154    -40.46680154       0       0       0
  334      0.00000000    -40.46680154    -40.46680154       0       0       0
  335      0.00000000    -40.46680154    -40.46680154       0       0       0
  336      0.00000000    -40.46680154    -40.46680154       0       0       0
  337      0.91161914    -24.66391188    -40.46680154       0       0      53
  338      3.12934144    -11.99765974    -40.46680154       4       0     130
  339      2.47240317    -11.45242097    -40.46680154      18       0     136
  340      2.85477624     -8.98429276    -40.46680154       7       0     105
  341      1.64754304    -15.87213067    -40.46680154      11       0      48
  342      1.81520202    -15.82317721    -40.46680154       6       0      19
  343      1.25282975    -12.42462040    -40.46680154       4       0       6
  344      0.00000000    -40.46680154    -40.46680154       1       0       3
  345      0.00000000    -40.46680154    -40.46680154       0       0       0
  346      0.00000000    -40.46680154    -40.46680154       0       0       0
  347      0.00000000    -40.46680154    -40.46680154       0       0       0
  348      0.00000000    -40.46680154    -40.46680154       0       0       0
  349      0.00000000    -40.46680154    -40.46680154       0       0       0
  350      0.00000000    -40.46680154    -40.46680154       0       0       0
  351      0.00000000    -40.46680154    -40.46680154       0       0       0
  352      0.00000000    -40.46680154    -40.46680154       0       0       0
  353      1.77135331    -12.30070687    -40.46680154       0       0      49
  354      1.69382697    -14.65861100    -40.46680154       7       0     116
  355      2.23531120    -14.67310506    -40.46680154       5       0     147
  356      2.27927605     -9.62056386    -40.46680154      11       0     101
  357      2.50212562    -13.14798981    -40.46680154      12       0      53
  358      0.11326924    -37.93148779    -40.46680154       5       0      21
  359      1.21647745    -20.02870227    -40.46680154       1       0       9
  360      0.13362617    -37.47583715    -40.46680154       2       0       4
  361      0.00000000    -40.46680154    -40.46680154       1       0       0
  362      0.00000000    -40.46680154    -40.46680154       0       0       0
  363      0.00000000    -40.46680154    -40.46680154       0       0       0
  364      0.00000000    -40.46680154    -40.46680154       0       0       0
  365      0.00000000    -40.46680154    -40.46680154       0       0       0
  366      0.00000000    -40.46680154    -40.46680154       0       0       0
  367      0.00000000    -40.46680154    -40.46680154       0       0       0
  368      0.00000000    -40.46680154    -40.46680154       0       0       0
  369      2.54776242     -7.44471600    -40.46680154       0       0      42
  370      2.14257554    -10.74907865    -40.46680154       8       0     118
  371      1.85146302    -19.77361540    -40.46680154      10       0     141
  372      2.55394419    -13.76131008    -40.46680154      10       0     100
  373      3.27274874     -6.48001659    -40.46680154      10       0      60
  374      1.56887809     -9.67724497    -40.46680154      10       0      25
  375      0.68558728    -25.12125077    -40.46680154       4       0       8
  376      1.49609991    -13.38580171    -40.46680154       1       0       5
  377      0.00000000    -40.46680154    -40.46680154       3       0       1
  378      0.00000000    -40.46680154    -40.46680154       0       0       0
  379      0.00000000    -40.46680154    -40.46680154       0       0       0
  380      0.00000000    -40.46680154    -40.46680154       0       0       0
  381      0.00000000    -40.46680154    -40.46680154       0       0       0
  382      0.00000000    -40.46680154    -40.46680154       0       0       0
  383      0.00000000    -40.46680154    -40.46680154       0       0       0
  384      0.00000000    -40.46680154    -40.46680154       0       0       0
  385      0.00000000    -40.46680154    -40.46680154       0       0      34
  386      2.19216371    -14.52037381    -40.46680154       0       0     116
  387      2.85599462     -4.63207086    -40.46680154      15       0     141
  388      2.57641311    -10.59013003    -40.46680154      15       0     100
  389      0.89652025    -29.18767483    -40.46680154      10       0      60
  390      0.93409415    -25.22602438    -40.46680154       4       0      31
  391      0.00000000    -40.46680154    -40.46680154       5       0      11
  392      1.15519275    -19.16798190    -40.46680154       0       0       3
  393      0.00000000    -40.46680154    -40.46680154       2       0       4
  394      0.00000000    -40.46680154    -40.46680154       0       0       0
  395      0.00000000    -40.46680154    -40.46680154       0       0       0
  396      0.00000000    -40.46680154    -40.46680154       0       0       0
  397      0.00000000    -40.46680154    -40.46680154       0       0       0
  398      0.00000000    -40.46680154    -40.46680154       0       0       0
  399      0.00000000    -40.46680154    -40.46680154       0       0       0
  400      0.00000000    -40.46680154    -40.46680154       0       0       0
  401      1.60644816     -8.92950233    -40.46680154       0       0      34
  402      2.75876801     -8.18289742    -40.46680154       4       0     101
  403      2.75968594    -11.08773653    -40.46680154      12       0     141
  404      2.37126743    -16.92950827    -40.46680154      16       0     105
  405      1.81234491    -11.74344127    -40.46680154      11       0      66
  406      0.00000000    -40.46680154    -40.46680154       5       0      30
  407      0.60960376    -26.82199553    -40.46680154       0       0      16
  408      0.00000000    -40.46680154    -40.46680154       1       0       1
  409      1.08740265    -16.12738747    -40.46680154       0       0       6
  410      0.00000000    -40.46680154    -40.46680154       1       0       0
  411      0.00000000    -40.46680154    -40.46680154       0       0       0
  412      0.00000000    -40.46680154    -40.46680154       0       0       0
  413      0.00000000    -40.46680154    -40.46680154       0       0       0
  414      0.00000000    -40.46680154    -40.46680154       0       0       0
  415      0.00000000    -40.46680154    -40.46680154       0       0       0
  416      0.00000000    -40.46680154    -40.46680154       0       0       0
  417      0.78392969    -23.84650951    -40.46680154       0       0      30
  418      2.59943167    -13.32122116    -40.46680154       3       0      93
  419      3.35702095     -7.07636285    -40.46680154      10       0     137
  420      2.25801801     -7.42917197    -40.46680154      15       0     110
  421      2.88811588     -9.72523476    -40.46680154       6       0      72
  422      1.48523248     -7.48145909    -40.46680154       7       0      35
  423      0.91613781    -19.96082104    -40.46680154       2       0      15
  424      0.00000000    -40.46680154    -40.46680154       1       0       2
  425      0.00000000    -40.46680154    -40.46680154       0       0       5
  426      0.00000000    -40.46680154    -40.46680154       0       0       1
  427      0.00000000    -40.46680154    -40.46680154       0       0       0
  428      0.00000000    -40.46680154    -40.46680154       0       0       0
  429      0.00000000    -40.46680154    -40.46680154       0       0       0
  430      0.00000000    -40.46680154    -40.46680154       0       0       0
  431      0.00000000    -40.46680154    -40.46680154       0       0       0
  432      0.00000000    -40.46680154    -40.46680154       0       0       0
  433      1.18719128    -14.01199035    -40.46680154       0       0      27
  434      2.33137158    -14.29706353    -40.46680154       2       0      86
  435      3.32784320     -7.07286375    -40.46680154       9       0     132
  436      2.12563262    -14.92989813    -40.46680154      11       0     119
  437      1.92049365    -12.21557571    -40.46680154       8       0      71
  438      0.52646788    -28.75739602    -40.46680154       5       0      40
  439      1.46521438    -10.67961567    -40.46680154       2       0      16
  440      0.00000000    -40.46680154    -40.46680154       4       0       3
  441      0.85109919    -21.41658528    -40.46680154       0       0       5
  442      0.00000000    -40.46680154    -40.46680154       1       0       1
  443      0.00000000    -40.46680154    -40.46680154       0       0       0
  444      0.00000000    -40.46680154    -40.46680154       0       0       0
  445      0.00000000    -40.46680154    -40.46680154       0       0       0
  446      0.00000000    -40.46680154    -40.46680154       0       0       0
  447      0.00000000    -40.46680154    -40.46680154       0       0       0
  448      0.00000000    -40.46680154    -40.46680154       0       0       0
  449      0.24598119    -34.96098640    -40.46680154       0       0      25
  450      2.49472440    -14.67863179    -40.46680154       1       0      79
  451      2.59849516    -14.70817114    -40.46680154      12       0     130
  452      2.94589567     -8.49459152    -40.46680154      10       0     122
  453      1.93448896    -18.49649096    -40.46680154      14       0      74
  454      2.62040176    -10.85529448    -40.46680154       7       0      43
  455      0.57870133    -27.51368693    -40.46680154       8       0      14
  456      0.00000000    -40.46680154    -40.46680154       1       0       7
  457      0.00000000    -40.46680154    -40.46680154       0       0       4
  458      0.00000000    -40.46680154    -40.46680154       0       0       2
  459      0.00000000    -40.46680154    -40.46680154       0       0       0
  460      0.00000000    -40.46680154    -40.46680154       0       0       0
  461      0.00000000    -40.46680154    -40.46680154       0       0       0
  462      0.00000000    -40.46680154    -40.46680154       0       0       0
  463      0.00000000    -40.46680154    -40.46680154       0       0       0
  464      0.00000000    -40.46680154    -40.46680154       0       0       0
  465      1.18356544    -19.08111327    -40.46680154       0       0      24
  466      2.03338407    -14.28350696    -40.46680154       2       0      68
  467      2.49315825    -12.81481180    -40.46680154      10       0     132
  468      2.83030729    -17.19339635    -40.46680154      14       0     118
  469      1.48859935    -17.46039118    -40.46680154      22       0      81
  470      1.59294803    -11.99598781    -40.46680154       5       0      42
  471      1.46436602    -15.26122097    -40.46680154       3       0      21
  472      0.00000000    -40.46680154    -40.46680154       2       0       8
  473      0.00000000    -40.46680154    -40.46680154       0       0       4
  474      0.00000000    -40.46680154    -40.46680154       0       0       2
  475      0.00000000    -40.46680154    -40.46680154       0       0       0
  476      0.00000000    -40.46680154    -40.46680154       0       0       0
  477      0.00000000    -40.46680154    -40.46680154       0       0       0
  478      0.00000000    -40.46680154    -40.46680154       0       0       0
  479      0.00000000    -40.46680154    -40.46680154       0       0       0
  480      0.00000000    -40.46680154    -40.46680154       0       0       0
  481      0.66656707    -25.87643593    -40.46680154       0       0      22
  482      1.73072486    -16.87242638    -40.46680154       2       0      60
  483      2.87310873    -10.83424693    -40.46680154       7       0     128
  484      2.72083520    -10.38402120    -40.46680154      15       0     110
  485      2.31554378     -9.77936608    -40.46680154      11       0      98
  486      1.38136735    -16.50148514    -40.46680154      13       0      44
  487      0.70534990    -25.46034027    -40.46680154       3       0      22
  488      1.02921105    -17.82004810    -40.46680154       2       0      10
  489      0.82157911    -22.07733546    -40.46680154       2       0       4
  490      0.00000000    -40.46680154    -40.46680154       1       0       2
  491      0.00000000    -40.46680154    -40.46680154       0       0       0
  492      0.00000000    -40.46680154    -40.46680154       0       0       0
  493      0.00000000    -40.46680154    -40.46680154       0       0       0
  494      0.00000000    -40.46680154    -40.46680154       0       0       0
  495      0.00000000    -40.46680154    -40.46680154       0       0       0
  496      0.00000000    -40.46680154    -40.46680154       0       0       0
  497      1.38816912    -17.22135381    -40.46680154       0       0      20
  498      2.21272784    -14.16896908    -40.46680154       3       0      55
  499      1.97598898    -18.90533203    -40.46680154       6       0     120
  500      2.56915584    -10.14232214    -40.46680154      10       0     114
  501      2.22963213    -13.21140014    -40.46680154      10       0      96
  502      0.90711062    -20.88167778    -40.46680154       7       0      53
  503      0.00000000    -40.46680154    -40.46680154       4       0      25
  504      1.20928359    -13.39931730    -40.46680154       0       0       9
  505      0.00000000    -40.46680154    -40.46680154       1       0       5
  506      0.00000000    -40.46680154    -40.46680154       0       0       3
  507      0.00000000    -40.46680154    -40.46680154       0       0       0
  508      0.00000000    -40.46680154    -40.46680154       0       0       0
  509      0.00000000    -40.46680154    -40.46680154       0       0       0
  510      0.00000000    -40.46680154    -40.46680154       0       0       0
  511      0.00000000    -40.46680154    -40.46680154       0       0       0
  512      0.00000000    -40.46680154    -40.46680154       0       0       0
  513      0.79069008    -22.76872698    -40.46680154       0       0      17
  514      1.49928911    -21.99087256    -40.46680154       1       0      52
  515      2.99618084     -5.29893682    -40.46680154       6       0     116
  516      2.63545101     -9.80064543    -40.46680154      16       0     114
  517      1.95502301    -12.09249180    -40.46680154      11       0      99
  518      1.38403556    -18.58902072    -40.46680154       7       0      56
  519      0.68556505    -25.39803841    -40.46680154       4       0      29
  520      1.16141068    -14.47086035    -40.46680154       3       0       8
  521      0.46167905    -30.13300522    -40.46680154       1       0       6
  522      0.00000000    -40.46680154    -40.46680154       1       0       3
  523      0.00000000    -40.46680154    -40.46680154       0       0       0
  524      0.00000000    -40.46680154    -40.46680154       0       0       0
  525      0.00000000    -40.46680154    -40.46680154       0       0       0
  526      0.00000000    -40.46680154    -40.46680154       0       0       0
  527      0.00000000    -40.46680154    -40.46680154       0       0       0
  528      0.00000000    -40.46680154    -40.46680154       0       0       0
  529      0.00000000    -40.46680154    -40.46680154       0       0      16
  530      1.52442672    -18.84186298    -40.46680154       0       0      47
  531      2.43555761    -12.26970863    -40.46680154       4       0     106
  532      2.68809439     -5.35863226    -40.46680154       9       0     119
  533      1.74208553    -17.32581470    -40.46680154      11       0     103
  534      1.86911344    -12.90530875    -40.46680154       8       0      59
  535      1.19585361    -21.20790804    -40.46680154       5       0      30
  536      0.09049765    -38.44118592    -40.46680154       5       0      10
  537      0.00000000    -40.46680154    -40.46680154       1       0       6
  538      0.94166507    -19.38944250    -40.46680154       0       0       4
  539      0.00000000    -40.46680154    -40.46680154       1       0       0
  540      0.00000000    -40.46680154    -40.46680154       0       0       0
  541      0.00000000    -40.46680154    -40.46680154       0       0       0
  542      0.00000000    -40.46680154    -40.46680154       0       0       0
  543      0.00000000    -40.46680154    -40.46680154       0       0       0
  544      0.00000000    -40.46680154    -40.46680154       0       0       0
  545      1.68638997    -10.02693139    -40.46680154       0       0      16
  546      1.82233727    -12.42912792    -40.46680154       3       0      43
  547      1.41361957    -22.16667427    -40.46680154       4       0     101
  548      2.01884257    -12.23346649    -40.46680154       5       0     117
  549      2.69441774     -9.21175370    -40.46680154       9       0     106
  550      1.65583535    -13.23045779    -40.46680154      10       0      62
  551      1.41223313    -19.82499648    -40.46680154       4       0      30
  552      0.44490003    -32.93185433    -40.46680154       6       0      14
  553      0.36874921    -32.21306060    -40.46680154       2       0       7
  554      0.00000000    -40.46680154    -40.46680154       1       0       3
  555      0.00000000    -40.46680154    -40.46680154       0       0       1
  556      0.00000000    -40.46680154    -40.46680154       0       0       0
  557      0.00000000    -40.46680154    -40.46680154       0       0       0
  558      0.00000000    -40.46680154    -40.46680154       0       0       0
  559      0.00000000    -40.46680154    -40.46680154       0       0       0
  560      0.00000000    -40.46680154    -40.46680154       0       0       0
  561      0.00000000    -40.46680154    -40.46680154       0       0      13
  562      1.35940028    -19.97896355    -40.46680154       0       0      42
  563      1.72513381    -16.78330044    -40.46680154       4       0     100
  564      1.99931719    -11.31235720    -40.46680154       7       0     113
  565      3.50437542    -10.27794910    -40.46680154      11       0     105
  566      1.74621925    -14.19640337    -40.46680154      15       0      68
  567      1.86046398     -8.54070646    -40.46680154       7       0      28
  568      0.17801732    -36.48222679    -40.46680154       4       0      18
  569      0.61704451    -26.65544861    -40.46680154       1       0       8
  570      0.40946094    -31.35017774    -40.46680154       1       0       4
  571      0.00000000    -40.46680154    -40.46680154       2       0       1
  572      0.00000000    -40.46680154    -40.46680154       0       0       0
  573      0.00000000    -40.46680154    -40.46680154       0       0       0
  574      0.00000000    -40.46680154    -40.46680154       0       0       0
  575      0.00000000    -40.46680154    -40.46680154       0       0       0
  576      0.00000000    -40.46680154    -40.46680154       0       0       0
  577      0.17940190    -36.46365691    -40.46680154       0       0      13
  578      1.15531924    -14.72513685    -40.46680154       2       0      38
  579      2.41409316     -1.87839507    -40.46680154       2       0      97
  580      2.78295606     -8.15827020    -40.46680154       9       0     109
  581      1.96296511    -10.99263591    -40.46680154      10       0     101
  582      2.21415039    -10.18109069    -40.46680154       8       0      76
  583      1.39602177    -18.80866756    -40.46680154       7       0      31
  584      0.43068073    -30.82684293    -40.46680154       4       0      21
  585      1.37763697     -9.63105115    -40.46680154       1       0       8
  586      1.02957432    -17.42176330    -40.46680154       1       0       3
  587      0.00000000    -40.46680154    -40.46680154       1       0       3
  588      0.00000000    -40.46680154    -40.46680154       0       0       0
  589      0.00000000    -40.46680154    -40.46680154       0       0       0
  590      0.00000000    -40.46680154    -40.46680154       0       0       0
  591      0.00000000    -40.46680154    -40.46680154       0       0       0
  592      0.00000000    -40.46680154    -40.46680154       0       0       0
  593      0.12050323    -37.76956875    -40.46680154       0       0      11
  594      0.79872677    -27.54017356    -40.46680154       1       0      38
  595      2.40790573    -13.58824095    -40.46680154       2       0      90
  596      3.03156370     -8.37671559    -40.46680154      12       0     108
  597      1.90255457    -10.99997649    -40.46680154      11       0     103
  598      2.59534599    -12.52522140    -40.46680154       8       0      77
  599      1.38587339     -9.93776554    -40.46680154      10       0      34
  600      1.66746562     -9.17966111    -40.46680154       3       0      24
  601      0.00000000    -40.46680154    -40.46680154       5       0       8
  602      0.00000000    -40.46680154    -40.46680154       0       0       3
  603      0.26163474    -34.61061189    -40.46680154       0       0       4
  604      0.00000000    -40.46680154    -40.46680154       1       0       0
  605      0.00000000    -40.46680154    -40.46680154       0       0       0
  606      0.00000000    -40.46680154    -40.46680154       0       0       0
  607      0.00000000    -40.46680154    -40.46680154       0       0       0
  608      0.00000000    -40.46680154    -40.46680154       0       0       0
  609      0.00000000    -40.46680154    -40.46680154       0       0      10
  610      1.80447413    -12.99682537    -40.46680154       0       0      37
  611      2.12119198    -11.71432307    -40.46680154       5       0      80
  612      1.51593704    -18.39610872    -40.46680154      10       0     109
  613      2.33262881    -10.87416771    -40.46680154       7       0     106
  614      2.33166287    -13.41969966    -40.46680154      10       0      75
  615      2.40424973    -12.15348481    -40.46680154       9       0      41
  616      0.59109959    -30.33274461    -40.46680154       5       0      22
  617      0.76945463    -23.24558746    -40.46680154       2       0      13
  618      0.00000000    -40.46680154    -40.46680154       2       0       3
  619      0.00000000    -40.46680154    -40.46680154       0       0       3
  620      0.00000000    -40.46680154    -40.46680154       0       0       1
  621      0.00000000    -40.46680154    -40.46680154       0       0       0
  622      0.00000000    -40.46680154    -40.46680154       0       0       0
  623      0.00000000    -40.46680154    -40.46680154       0       0       0
  624      0.00000000    -40.46680154    -40.46680154       0       0       0
  625      0.00000000    -40.46680154    -40.46680154       0       0      10
  626      1.71756824    -17.07894636    -40.46680154       0       0      32
  627      1.81831786    -21.16662528    -40.46680154       3       0      75
  628      1.89923342    -21.48814596    -40.46680154       8       0     112
  629      2.69875847     -9.38614379    -40.46680154      10       0     103
  630      2.14295491    -13.27607338    -40.46680154       8       0      76
  631      2.43891560    -14.29397658    -40.46680154       6       0      45
  632      0.90296885    -20.27170362    -40.46680154       8       0      25
  633      0.12468862    -37.67588703    -40.46680154       2       0      13
  634      0.00000000    -40.46680154    -40.46680154       1       0       5
  635      0.00000000    -40.46680154    -40.46680154       0       0       3
  636      0.00000000    -40.46680154    -40.46680154       0       0       1
  637      0.00000000    -40.46680154    -40.46680154       0       0       0
  638      0.00000000    -40.46680154    -40.46680154       0       0       0
  639      0.00000000    -40.46680154    -40.46680154       0       0       0
  640      0.00000000    -40.46680154    -40.46680154       0       0       0
  641      0.00000000    -40.46680154    -40.46680154       0       0      10
  642      0.83399957    -27.65178658    -40.46680154       0       0      29
  643      1.48422805    -19.66860782    -40.46680154       3       0      70
  644      2.75497230    -11.05152576    -40.46680154       6       0     110
  645      3.63518697     -6.76620221    -40.46680154      13       0     105
  646      2.36074779    -12.53470951    -40.46680154      15       0      78
  647      1.53239680    -12.23606250    -40.46680154       9       0      43
  648      1.76540167     -6.42933892    -40.46680154       4       0      31
  649      1.27938325    -11.83027154    -40.46680154       4       0      14
  650      0.05986430    -39.12685455    -40.46680154       1       0       6
  651      0.73817706    -23.94412972    -40.46680154       1       0       3
  652      0.00000000    -40.46680154    -40.46680154       1       0       1
  653      0.00000000    -40.46680154    -40.46680154       0       0       0
  654      0.00000000    -40.46680154    -40.46680154       0       0       0
  655      0.00000000    -40.46680154    -40.46680154       0       0       0
  656      0.00000000    -40.46680154    -40.46680154       0       0       0
  657      0.13764831    -37.38580929    -40.46680154       0       0      10
  658      0.60405709    -26.94614695    -40.46680154       1       0      26
  659      1.61964720    -18.55665953    -40.46680154       1       0      67
  660      2.42249143     -9.18025318    -40.46680154       5       0     103
  661      2.75101153    -10.19795620    -40.46680154       6       0     103
  662      1.77459578    -11.74360453    -40.46680154      12       0      84
  663      1.08865924    -18.83221386    -40.46680154       5       0      48
  664      1.79338265    -10.58502458    -40.46680154       2       0      31
  665      0.06216217    -39.07542111    -40.46680154       6       0      17
  666      0.00000000    -40.46680154    -40.46680154       1       0       6
  667      0.86721492    -21.05586566    -40.46680154       0       0       3
  668      0.00000000    -40.46680154    -40.46680154       1       0       2
  669      0.00000000    -40.46680154    -40.46680154       0       0       0
  670      0.00000000    -40.46680154    -40.46680154       0       0       0
  671      0.00000000    -40.46680154    -40.46680154       0       0       0
  672      0.00000000    -40.46680154    -40.46680154       0       0       0
  673      0.00000000    -40.46680154    -40.46680154       0       0       9
  674      0.58234855    -29.52309712    -40.46680154       0       0      26
  675      2.25980348    -14.36884396    -40.46680154       2       0      63
  676      2.28560733    -13.65973324    -40.46680154       7       0     102
  677      2.06171563    -14.40212839    -40.46680154       7       0      97
  678      2.87522595    -13.20076929    -40.46680154      10       0      91
  679      1.77587690    -20.92282116    -40.46680154      11       0      51
  680      1.18961591    -23.60185653    -40.46680154       7       0      27
  681      0.95882180    -19.00542230    -40.46680154       4       0      22
  682      0.00000000    -40.46680154    -40.46680154       1       0       7
  683      0.00000000    -40.46680154    -40.46680154       0       0       2
  684      0.00000000    -40.46680154    -40.46680154       0       0       3
  685      0.00000000    -40.46680154    -40.46680154       0       0       0
  686      0.00000000    -40.46680154    -40.46680154       0       0       0
  687      0.00000000    -40.46680154    -40.46680154       0       0       0
  688      0.00000000    -40.46680154    -40.46680154       0       0       0
  689      0.57013927    -29.30041142    -40.46680154       0       0       9
  690      0.64195979    -26.11019510    -40.46680154       2       0      24
  691      1.16538390    -24.88586436    -40.46680154       2       0      58
  692      2.81910793    -10.65365883    -40.46680154       6       0     101
  693      2.09737668     -9.70148440    -40.46680154      10       0      96
  694      2.52753135    -12.53323657    -40.46680154       6       0      89
  695      1.93989555    -13.76886831    -40.46680154       7       0      55
  696      0.00000000    -40.46680154    -40.46680154       5       0      30
  697      1.26519144    -16.78443344    -40.46680154       0       0      25
  698      1.12618224    -16.22086795    -40.46680154       6       0       8
  699      0.00000000    -40.46680154    -40.46680154       2       0       2
  700      0.00000000    -40.46680154    -40.46680154       0       0       3
  701      0.00000000    -40.46680154    -40.46680154       0       0       0
  702      0.00000000    -40.46680154    -40.46680154       0       0       0
  703      0.00000000    -40.46680154    -40.46680154       0       0       0
  704      0.00000000    -40.46680154    -40.46680154       0       0       0
  705      0.00000000    -40.46680154    -40.46680154       0       0       7
  706      0.30708788    -33.59323080    -40.46680154       0       0      24
  707      1.55251525    -18.13278256    -40.46680154       1       0      54
  708      3.19962666    -13.66400077    -40.46680154       5       0      97
  709      2.06697581    -12.98751210    -40.46680154      15       0     100
  710      2.62200900     -8.78312310    -40.46680154       9       0      88
  711      1.89635144    -17.43422274    -40.46680154      13       0      57
  712      2.46582420     -8.13146179    -40.46680154       8       0      35
  713      1.50199876    -14.27427013    -40.46680154       6       0      19
  714      0.18726060    -36.27533368    -40.46680154       3       0      12
  715      0.00000000    -40.46680154    -40.46680154       1       0       4
  716      0.00000000    -40.46680154    -40.46680154       0       0       3
  717      0.00000000    -40.46680154    -40.46680154       0       0       0
  718      0.00000000    -40.46680154    -40.46680154       0       0       0
  719      0.00000000    -40.46680154    -40.46680154       0       0       0
  720      0.00000000    -40.46680154    -40.46680154       0       0       0
  721      0.00000000    -40.46680154    -40.46680154       0       0       7
  722      0.74153044    -25.64097449    -40.46680154       0       0      23
  723      1.84593682     -7.38826732    -40.46680154       3       0      50
  724      1.75913365    -18.99838196    -40.46680154       4       0      87
  725      2.64368691     -9.52143609    -40.46680154       5       0     106
  726      1.53155610    -12.09396084    -40.46680154       8       0      84
  727      2.77803595     -5.91946487    -40.46680154       6       0      62
  728      1.93411139     -8.77416586    -40.46680154       9       0      37
  729      0.89278601    -20.48350625    -40.46680154       2       0      22
  730      0.74275987    -27.94017413    -40.46680154       1       0      14
  731      0.95630299    -21.14436024    -40.46680154       2       0       5
  732      0.65115153    -25.89202865    -40.46680154       2       0       3
  733      0.00000000    -40.46680154    -40.46680154       1       0       0
  734      0.00000000    -40.46680154    -40.46680154       0       0       0
  735      0.00000000    -40.46680154    -40.46680154       0       0       0
  736      0.00000000    -40.46680154    -40.46680154       0       0       0
  737      0.00000000    -40.46680154    -40.46680154       0       0       7
  738      1.41770422    -10.05711969    -40.46680154       0       0      20
  739      2.03173407    -11.05299204    -40.46680154       3       0      49
  740      1.94308600    -12.49429414    -40.46680154       9       0      86
  741      2.89417820     -8.66716271    -40.46680154       7       0     103
  742      2.64033881     -8.00912653    -40.46680154      11       0      86
  743      1.89891803    -10.71449166    -40.46680154      11       0      59
  744      0.69443284    -30.30803289    -40.46680154       7       0      44
  745      0.45828557    -30.20896175    -40.46680154       3       0      23
  746      1.39163299    -14.28214132    -40.46680154       1       0      13
  747      0.00000000    -40.46680154    -40.46680154       3       0       5
  748      0.00000000    -40.46680154    -40.46680154       0       0       4
  749      0.00000000    -40.46680154    -40.46680154       0       0       1
  750      0.00000000    -40.46680154    -40.46680154       0       0       0
  751      0.00000000    -40.46680154    -40.46680154       0       0       0
  752      0.00000000    -40.46680154    -40.46680154       0       0       0
  753      0.00000000    -40.46680154    -40.46680154       0       0       7
  754      0.88436235    -24.80481568    -40.46680154       0       0      17
  755      1.57587417    -18.29191231    -40.46680154       3       0      43
  756      2.81502427    -15.97489154    -40.46680154       8       0      88
  757      2.88459177     -6.82218020    -40.46680154      13       0      99
  758      2.62549593    -11.63101342    -40.46680154      12       0      86
  759      2.19587938    -10.94722727    -40.46680154       8       0      63
  760      1.69459622     -7.77411604    -40.46680154      11       0      48
  761      1.62344404     -9.38887490    -40.46680154       4       0      25
  762      0.00000000    -40.46680154    -40.46680154       3       0      11
  763      0.00000000    -40.46680154    -40.46680154       0       0       8
  764      0.00000000    -40.46680154    -40.46680154       0       0       4
  765      0.00000000    -40.46680154    -40.46680154       0       0       1
  766      0.00000000    -40.46680154    -40.46680154       0       0       0
  767      0.00000000    -40.46680154    -40.46680154       0       0       0
  768      0.00000000    -40.46680154    -40.46680154       0       0       0
  769      0.00000000    -40.46680154    -40.46680154       0       0       7
  770      0.22814373    -35.36024345    -40.46680154       0       0      14
  771      2.09254116    -11.18527931    -40.46680154       1       0      38
  772      2.41048522    -12.43637160    -40.46680154       5       0      83
  773      2.20939029    -12.74456403    -40.46680154       8       0     100
  774      2.03116396    -10.79049395    -40.46680154       9       0      90
  775      1.10462471    -20.11634429    -40.46680154       6       0      60
  776      1.57195194    -14.64028248    -40.46680154       2       0      55
  777      1.15200703    -14.81856778    -40.46680154       4       0      26
  778      0.09713464    -38.29262960    -40.46680154       2       0      14
  779      0.92548041    -19.75170509    -40.46680154       1       0       8
  780      0.48680900    -29.57051971    -40.46680154       1       0       4
  781      0.00000000    -40.46680154    -40.46680154       1       0       1
  782      0.00000000    -40.46680154    -40.46680154       0       0       0
  783      0.00000000    -40.46680154    -40.46680154       0       0       0
  784      0.00000000    -40.46680154    -40.46680154       0       0       0
  785      0.76919785    -23.24978910    -40.46680154       0       0       7
  786      0.25816619    -35.72548290    -40.46680154       1       0      13
  787      1.87825264     -6.12714592    -40.46680154       3       0      33
  788      1.94704810    -15.19290225    -40.46680154       3       0      82
  789      1.79607242    -12.87107027    -40.46680154       5       0      98
  790      1.72206622     -9.83579919    -40.46680154       4       0      93
  791      1.84131841    -15.17257651    -40.46680154       6       0      64
  792      1.80291682    -11.81147015    -40.46680154       8       0      53
  793      1.00143356    -26.52244355    -40.46680154       9       0      28
  794      0.00000000    -40.46680154    -40.46680154       3       0      15
  795      0.00000000    -40.46680154    -40.46680154       0       0       8
  796      0.00000000    -40.46680154    -40.46680154       0       0       4
  797      0.03027868    -39.78907157    -40.46680154       0       0       2
  798      0.00000000    -40.46680154    -40.46680154       1       0       0
  799      0.00000000    -40.46680154    -40.46680154       0       0       0
  800      0.00000000    -40.46680154    -40.46680154       0       0       0
  801      0.00000000    -40.46680154    -40.46680154       0       0       6
  802      1.58521159     -7.81724756    -40.46680154       0       0      11
  803      0.14470893    -37.22777086    -40.46680154       4       0      33
  804      1.90764808    -10.89340556    -40.46680154       1       0      80
  805      2.47508619     -9.86071528    -40.46680154       5       0      99
  806      1.36485078    -23.98828845    -40.46680154       8       0      91
  807      1.78610176    -12.12945850    -40.46680154       8       0      62
  808      1.58799512    -18.30538500    -40.46680154       6       0      52
  809      1.17699401    -21.06819347    -40.46680154       3       0      34
  810      1.59147693     -8.21886271    -40.46680154       2       0      18
  811      0.98200396    -18.93701812    -40.46680154       2       0       8
  812      1.19416432    -17.97154797    -40.46680154       2       0       4
  813      0.00000000    -40.46680154    -40.46680154       2       0       1
  814      0.22127498    -35.51398739    -40.46680154       0       0       1
  815      0.00000000    -40.46680154    -40.46680154       1       0       0
  816      0.00000000    -40.46680154    -40.46680154       0       0       0
  817      0.00000000    -40.46680154    -40.46680154       0       0       6
  818      0.00000000    -40.46680154    -40.46680154       0       0       7
  819      0.94062170    -20.24011980    -40.46680154       0       0      36
  820      1.47471024    -15.49238865    -40.46680154       2       0      76
  821      3.07164769    -10.97125355    -40.46680154       7       0      96
  822      1.31914545    -18.29439512    -40.46680154      12       0      91
  823      2.27786065     -9.25864959    -40.46680154       7       0      64
  824      1.37556534    -16.74171819    -40.46680154       6       0      55
  825      0.10499455    -38.11670066    -40.46680154       4       0      35
  826      1.14390596    -14.86266970    -40.46680154       1       0      17
  827      0.00000000    -40.46680154    -40.46680154       1       0      10
  828      0.93633459    -19.50875504    -40.46680154       0       0       3
  829      0.00000000    -40.46680154    -40.46680154       1       0       3
  830      0.00000000    -40.46680154    -40.46680154       0       0       0
  831      0.62546377    -26.46699972    -40.46680154       0       0       1
  832      0.00000000    -40.46680154    -40.46680154       1       0       0
  833      0.17352498    -36.58277908    -40.46680154       0       0       6
  834      0.00000000    -40.46680154    -40.46680154       1       0       7
  835      1.09079913    -21.77680427    -40.46680154       0       0      34
  836      1.57131954    -18.43399454    -40.46680154       2       0      71
  837      2.02368982    -13.18081877    -40.46680154       8       0      91
  838      2.81841111     -8.00494936    -40.46680154       6       0      96
  839      1.90606018    -17.53334663    -40.46680154      13       0      65
  840      1.44339971    -12.14768773    -40.46680154       6       0      57
  841      2.01603818     -9.94249713    -40.46680154       3       0      38
  842      1.00513822    -21.48251019    -40.46680154       3       0      17
  843      0.65276192    -27.09344895    -40.46680154       2       0      11
  844      0.00000000    -40.46680154    -40.46680154       2       0       2
  845      0.61166147    -26.77593751    -40.46680154       0       0       4
  846      0.00000000    -40.46680154    -40.46680154       1       0       0
  847      0.00000000    -40.46680154    -40.46680154       0       0       0
  848      0.40137502    -31.48279478    -40.46680154       0       0       1
  849      0.00000000    -40.46680154    -40.46680154       1       0       5
  850      0.30215767    -33.70358397    -40.46680154       0       0       8
  851      1.47165351    -15.77255696    -40.46680154       1       0      32
  852      1.36739025    -22.51005534    -40.46680154       4       0      65
  853      2.22252034    -12.33867365    -40.46680154       5       0      93
  854      2.16603689    -15.19691697    -40.46680154      11       0      89
  855      2.09297850    -14.06041988    -40.46680154      10       0      72
  856      2.21411050    -12.91487999    -40.46680154      10       0      60
  857      1.53961727    -16.94514609    -40.46680154       6       0      38
  858      1.18127427    -16.49321580    -40.46680154       4       0      18
  859      0.52414620    -28.73479826    -40.46680154       3       0      11
  860      0.00000000    -40.46680154    -40.46680154       1       0       4
  861      1.34235068    -10.42086692    -40.46680154       0       0       3
  862      0.00000000    -40.46680154    -40.46680154       1       0       1
  863      0.00000000    -40.46680154    -40.46680154       0       0       0
  864      0.00000000    -40.46680154    -40.46680154       0       0       0
  865      0.95495584    -19.09195422    -40.46680154       0       0       6
  866      0.00000000    -40.46680154    -40.46680154       1       0       7
  867      1.56790829     -7.58763880    -40.46680154       0       0      29
  868      2.29299114    -13.77967562    -40.46680154       3       0      64
  869      3.06817012    -12.90000845    -40.46680154       8       0      87
  870      1.96062424    -10.83095992    -40.46680154      16       0      89
  871      2.20765350     -4.35836158    -40.46680154      10       0      74
  872      1.39946868    -19.72854143    -40.46680154       5       0      63
  873      1.56659826     -5.40151667    -40.46680154       6       0      40
  874      0.57181669    -27.66778623    -40.46680154       1       0      19
  875      0.09802107    -38.27278875    -40.46680154       1       0      13
  876      0.00000000    -40.46680154    -40.46680154       1       0       5
  877      0.00000000    -40.46680154    -40.46680154       0       0       2
  878      0.00000000    -40.46680154    -40.46680154       0       0       2
  879      0.00000000    -40.46680154    -40.46680154       0       0       0
  880      0.00000000    -40.46680154    -40.46680154       0       0       0
  881      0.00000000    -40.46680154    -40.46680154       0       0       5
  882      0.00000000    -40.46680154    -40.46680154       0       0       8
  883      1.94870428     -9.43094652    -40.46680154       0       0      26
  884      2.36701250    -15.38785124    -40.46680154       4       0      59
  885      1.71527148    -19.26686134    -40.46680154      10       0      79
  886      1.98329131    -11.40347768    -40.46680154      10       0      95
  887      1.06436567    -24.17935847    -40.46680154       8       0      79
  888      1.23838203    -25.22413675    -40.46680154       4       0      62
  889      2.07519225    -12.70650964    -40.46680154       7       0      45
  890      1.40355772    -11.14189819    -40.46680154       8       0      19
  891      1.25364608    -17.92963226    -40.46680154       3       0      13
  892      1.01853401    -20.32903715    -40.46680154       2       0       6
  893      0.00000000    -40.46680154    -40.46680154       2       0       2
  894      0.00000000    -40.46680154    -40.46680154       0       0       2
  895      0.00000000    -40.46680154    -40.46680154       0       0       0
  896      0.00000000    -40.46680154    -40.46680154       0       0       0
  897      0.00000000    -40.46680154    -40.46680154       0       0       5
  898      0.00000000    -40.46680154    -40.46680154       0       0       8
  899      0.26844832    -34.45810283    -40.46680154       0       0      22
  900      2.08128009    -12.72561359    -40.46680154       1       0      53
  901      2.54914049    -11.70698923    -40.46680154       6       0      79
  902      2.47364546     -7.98884701    -40.46680154       9       0      97
  903      2.07613287    -16.26999355    -40.46680154       6       0      83
  904      2.01152866    -17.31965515    -40.46680154       9       0      59
  905      1.65827539    -13.97485288    -40.46680154       9       0      44
  906      0.98847300    -19.72994535    -40.46680154       4       0      24
  907      1.00379090    -18.32375474    -40.46680154       3       0      14
  908      0.00000000    -40.46680154    -40.46680154       2       0       6
  909      0.00000000    -40.46680154    -40.46680154       0       0       4
  910      0.00000000    -40.46680154    -40.46680154       0       0       2
  911      0.00000000    -40.46680154    -40.46680154       0       0       0
  912      0.00000000    -40.46680154    -40.46680154       0       0       0
  913      0.22172314    -35.50395617    -40.46680154       0       0       5
  914      0.98957673    -22.25721166    -40.46680154       1       0       8
  915      0.00000000    -40.46680154    -40.46680154       2       0      21
  916      1.37545036    -22.30084755    -40.46680154       0       0      48
  917      1.93056525    -10.19547200    -40.46680154       5       0      76
  918      2.32304338     -7.57564795    -40.46680154       5       0     100
  919      1.97169657    -13.88868226    -40.46680154       9       0      80
  920      2.52096430    -13.41945772    -40.46680154      10       0      59
  921      0.73689547    -23.97281571    -40.46680154      10       0      49
  922      0.29257400    -34.07884497    -40.46680154       1       0      25
  923      1.17008533    -15.03574025    -40.46680154       2       0      15
  924      0.00000000    -40.46680154    -40.46680154       3       0       8
  925      0.00000000    -40.46680154    -40.46680154       0       0       4
  926      0.00000000    -40.46680154    -40.46680154       0       0       2
  927      0.00000000    -40.46680154    -40.46680154       0       0       0
  928      0.00000000    -40.46680154    -40.46680154       0       0       0
  929      0.00000000    -40.46680154    -40.46680154       0       0       4
  930      0.82579631    -21.98294148    -40.46680154       0       0       7
  931      0.00000000    -40.46680154    -40.46680154       1       0      23
  932      1.55135816    -17.26690781    -40.46680154       0       0      43
  933      2.25839033     -6.14560311    -40.46680154       6       0      76
  934      2.44082231    -14.97831443    -40.46680154       6       0      96
  935      2.59791576    -13.29139354    -40.46680154      13       0      79
  936      1.40599783    -14.99450770    -40.46680154      13       0      59
  937      1.71912076    -14.99450770    -40.46680154       3       0      58
  938      1.77158734    -12.96186480    -40.46680154       4       0      24
  939      0.00000000    -40.46680154    -40.46680154       4       0      14
  940      1.65909944    -13.32930747    -40.46680154       0       0      11
  941      1.00294847    -18.01773156    -40.46680154       2       0       4
  942      0.00000000    -40.46680154    -40.46680154       1       0       2
  943      0.00000000    -40.46680154    -40.46680154       0       0       0
  944      0.00000000    -40.46680154    -40.46680154       0       0       0
  945      0.84143733    -21.63284755    -40.46680154       0       0       4
  946      1.17635142    -14.13644052    -40.46680154       1       0       6
  947      0.59910523    -27.05698485    -40.46680154       1       0      24
  948      0.51692512    -31.39626177    -40.46680154       1       0      37
  949      1.29937543    -19.46694122    -40.46680154       3       0      76
  950      2.73210783     -9.39348934    -40.46680154       5       0      89
  951      2.18644256    -14.10019427    -40.46680154      12       0      79
  952      1.73082520    -16.00719746    -40.46680154       9       0      68
  953      1.30090200    -21.19459159    -40.46680154       8       0      59
  954      0.91662170    -21.41255304    -40.46680154       4       0      23
  955      0.56777919    -27.75815793    -40.46680154       2       0      18
  956      0.12705299    -37.62296499    -40.46680154       1       0       9
  957      0.95798559    -20.01621521    -40.46680154       1       0       5
  958      0.00000000    -40.46680154    -40.46680154       2       0       3
  959      0.00000000    -40.46680154    -40.46680154       0       0       0
  960      0.00000000    -40.46680154    -40.46680154       0       0       0
  961      0.00000000    -40.46680154    -40.46680154       0       0       3
  962      1.11477335    -18.94067988    -40.46680154       0       0       6
  963      1.69349470    -14.69970712    -40.46680154       2       0      24
  964      0.87224633    -24.33702923    -40.46680154       3       0      35
  965      0.94282395    -19.60141312    -40.46680154       2       0      74
  966      2.28501887    -12.62198953    -40.46680154       3       0      82
  967      2.80418625    -12.86656137    -40.46680154      11       0      82
  968      1.44942378    -12.04978253    -40.46680154      11       0      69
  969      2.06729885    -10.62480422    -40.46680154       4       0      63
  970      0.16862312    -36.69249785    -40.46680154      10       0      25
  971      1.69727976    -16.78661665    -40.46680154       1       0      19
  972      0.00000000    -40.46680154    -40.46680154       3       0       9
  973      0.22496419    -35.43141147    -40.46680154       0       0       4
  974      1.16620545    -16.49514057    -40.46680154       1       0       5
  975      0.00000000    -40.46680154    -40.46680154       2       0       0
  976      0.00000000    -40.46680154    -40.46680154       0       0       0
  977      0.00000000    -40.46680154    -40.46680154       0       0       3
  978      0.00000000    -40.46680154    -40.46680154       0       0       4
  979      0.65499082    -27.76505004    -40.46680154       0       0      23
  980      0.91693179    -19.94304948    -40.46680154       2       0      36
  981      1.52497700    -15.37120079    -40.46680154       1       0      73
  982      2.68828735     -5.54869781    -40.46680154       5       0      74
  983      2.87534851     -5.54869781    -40.46680154       9       0      82
  984      2.34512132    -11.22723609    -40.46680154      12       0      76
  985      1.31699678    -17.42174510    -40.46680154      10       0      57
  986      1.81218253    -10.83719548    -40.46680154       4       0      34
  987      0.00000000    -40.46680154    -40.46680154       3       0      17
  988      0.00000000    -40.46680154    -40.46680154       0       0      12
  989      0.37658018    -32.03777947    -40.46680154       0       0       3
  990      0.00000000    -40.46680154    -40.46680154       1       0       4
  991      0.00973310    -40.24894491    -40.46680154       0       0       2
  992      0.00000000    -40.46680154    -40.46680154       1       0       0
  993      0.00000000    -40.46680154    -40.46680154       0       0       3
  994      1.15132585    -14.69658977    -40.46680154       0       0       4
  995      1.27741751    -11.87427077    -40.46680154       1       0      21
  996      1.32482650    -10.89848015    -40.46680154       1       0      37
  997      2.26509196    -13.64669575    -40.46680154       2       0      69
  998      0.77826307    -28.34247462    -40.46680154       7       0      69
  999      2.43024549    -12.90093814    -40.46680154       4       0      81
 1000      2.65484839    -12.07361818    -40.46680154       8       0      77
----------------------------------------------------------------------------------
Artificial Bee Colony Optimization Finished!

 -- Results Report --
 * 100 LMs will be saved in [ lm-solvent-LM ].
      #          Energy
      0    -40.46680154
      1    -40.45562930
      2    -40.44440332
      3    -40.43328610
      4    -40.43046225
      5    -40.36655331
      6    -40.36165929
      7    -40.35289753
      8    -40.34891943
      9    -40.34105606
     10    -40.31089107
     11    -40.30872647
     12    -40.28669436
     13    -40.28051067
     14    -40.26546524
     15    -40.24894491
     16    -40.23492023
     17    -40.20767911
     18    -40.20486255
     19    -40.19897873
     20    -40.17116194
     21    -40.16453678
     22    -40.14307778
     23    -40.13326678
     24    -40.12249316
     25    -40.08674297
     26    -40.08244227
     27    -40.04990613
     28    -40.02773939
     29    -39.99200913
     30    -39.94997211
     31    -39.94293069
     32    -39.93438847
     33    -39.91832839
     34    -39.90052523
     35    -39.89749324
     36    -39.88718347
     37    -39.87284490
     38    -39.86732761
     39    -39.86051693
     40    -39.85906458
     41    -39.85818504
     42    -39.85753394
     43    -39.84795475
     44    -39.83986233
     45    -39.80380191
     46    -39.78907157
     47    -39.77649073
     48    -39.77404193
     49    -39.77359797
     50    -39.77245244
     51    -39.75782429
     52    -39.74902425
     53    -39.74597866
     54    -39.74535479
     55    -39.71389904
     56    -39.70761766
     57    -39.68306114
     58    -39.68022642
     59    -39.65382610
     60    -39.61823748
     61    -39.61422864
     62    -39.60150232
     63    -39.60113492
     64    -39.59494674
     65    -39.57331523
     66    -39.55605269
     67    -39.54764465
     68    -39.54021336
     69    -39.52848046
     70    -39.51408466
     71    -39.50798513
     72    -39.49569436
     73    -39.49311099
     74    -39.49011019
     75    -39.47474598
     76    -39.46105745
     77    -39.44978118
     78    -39.43218789
     79    -39.42488459
     80    -39.39803344
     81    -39.39078545
     82    -39.38202518
     83    -39.36652677
     84    -39.34022384
     85    -39.32698652
     86    -39.31524768
     87    -39.31309871
     88    -39.31215884
     89    -39.28324312
     90    -39.27821157
     91    -39.27667953
     92    -39.25100628
     93    -39.24683768
     94    -39.24648207
     95    -39.22582548
     96    -39.21169306
     97    -39.19394395
     98    -39.18611696
     99    -39.17549327

 * Final Global Minimal Energy:    -40.46680154
 * The Global Minimum is saved as: [ lm-solvent-OPT.(cluster/xyz/gjf) ]

===== (^ _ ^) =====
Normal termination at Sat Dec 28 13:39:15 2019.
Total run time: 75 seconds = 0 days 0 hours 1 minutes 15 seconds.
