    * * * * * * * * * * * * * * * * * * * * *
    *       __    ____    ______            *
    *      /  \  |  _ \  |  ___/  luster !  *
     *    / _  \ | |_| | | |               *
     *   / /_\ | |  _ <  | |     < @  @ >  * 
     *  / ___  | | |_| | | |___ _ _  o     * 
    *  /_/   |_| |____/  |_____ _ __ __  _  *
    *                                       *
    * * * * * * * * * * * * * * * * * * * * *

ABCluster 1.5.1
Specific flag:  official version
Platform:       LINUX/UNIX
Compiled by:    junzhang@gellmann.scs.illinois.edu
Compiling date: Dec 18 2017 20:33:35
C++ compiler:   g++
C++ options:    -O3 -Os -fno-exceptions --std=c++0x -fopenmp 

Contributors:
Jun Zhang(University of Cologne): Design and coding.

For any suggestions, comments, and questions on the theory and
implementation of ABCluster, please feel free to contact:

Dr. Jun Zhang, ZhangJunQcc@gmail.com

If you used this program in your work, please cite this reference:

[1] Zhang, J.; Dolg, M.; ABCluster: The Artificial Bee Colony Algorithm for
    Cluster Global Optimization. Phys. Chem. Chem. Phys. 2015, 17, 24173-24181.
[2] Zhang, J.; Dolg, M.; Global Optimization of Clusters of Rigid Molecules by the
    Artificial Bee Colony Algorithm. Phys. Chem. Chem. Phys. 2016, 18, 3003-3010.

Program starts at Mon Jan 20 22:41:34 2020.
Command line: " /ihome/jkeith/amm503/codes/ABCluster/rigidmol-optimizer solvent.inp "
Process ID:   53532
Run by:       amm503@smp-n27.crc.pitt.edu
Available CPU cores:    24
Read "OMP_NUM_THREADS": Unset

Random number testing (integers): 6215793...1497193966
Random number testing (fractals): 0.03487452...0.32932914

 -- Input/Output Parameters --
Input file name:      solvent.inp
Cluster file name:    solvent.cluster
Result file name:     lm-solvent.(cluster/xyz/gjf)
Temporary file name:  abclusteramm503smp-n27.crc.pitt.edu53532-OPT
# of saved LMs:       100
LMs are stored in:    lm-solvent-LM

 -- ABC Control Parameters --
Population size:                  500
Maximal generation:              1000
Scout limit:                       15
Amplitude:                10.00000000

 -- Cluster Components: from [ solvent.cluster ] --
 -----------------------------------------------------------
   Source                                       #   Charge
 -----------------------------------------------------------
   charmm36/tip4p.xyz                           2    0.000
 -----------------------------------------------------------
   Dimension: 0, an isolate cluster.
 -----------------------------------------------------------

Artificial Bee Colony Optimization Starts!
----------------------------------------------------------------------------------
 * Population: 500; Maximal cycles: 1000
 * EM = Employed Bee; Trigonometric mutation
 * OL = Onlooker Bee; ABC/best/2(0.5)+ABC/current/2(0.5);
        Tournament selection from 5 nectars.
 * SC = Scout Bee; Random nectar; Limit = 15
----------------------------------------------------------------------------------
    #       Diversity            maxE            minE    byEM    byOL    bySC
----------------------------------------------------------------------------------
    1      0.59492895    -12.77611494    -26.09245376      50       0       0
    2      0.00000000    -26.09245376    -26.09245376       1       0       0
    3      0.00000000    -26.09245376    -26.09245376       0       0       0
    4      0.00000000    -26.09245376    -26.09245376       0       0       0
    5      0.00000000    -26.09245376    -26.09245376       0       0       0
    6      0.00000000    -26.09245376    -26.09245376       0       0       0
    7      0.00000000    -26.09245376    -26.09245376       0       0       0
    8      0.00000000    -26.09245376    -26.09245376       0       0       0
    9      0.00000000    -26.09245376    -26.09245376       0       0       0
   10      0.00000000    -26.09245376    -26.09245376       0       0       0
   11      0.00000000    -26.09245376    -26.09245376       0       0       0
   12      0.00000000    -26.09245376    -26.09245376       0       0       0
   13      0.00000000    -26.09245376    -26.09245376       0       0       0
   14      0.00000000    -26.09245376    -26.09245376       0       0       0
   15      0.00000000    -26.09245376    -26.09245376       0       0       0
   16      0.00000000    -26.09245376    -26.09245376       0       0       0
   17      5.94433053     -0.60712038    -26.09245376       0       0     450
   18      1.92975411     -3.79689559    -26.09245376      50       0      49
   19      0.45104352    -15.99671323    -26.09245376       5       0       1
   20      0.00000000    -26.09245376    -26.09245376       1       0       0
   21      0.00000000    -26.09245376    -26.09245376       0       0       0
   22      0.00000000    -26.09245376    -26.09245376       0       0       0
   23      0.00000000    -26.09245376    -26.09245376       0       0       0
   24      0.00000000    -26.09245376    -26.09245376       0       0       0
   25      0.00000000    -26.09245376    -26.09245376       0       0       0
   26      0.00000000    -26.09245376    -26.09245376       0       0       0
   27      0.00000000    -26.09245376    -26.09245376       0       0       0
   28      0.00000000    -26.09245376    -26.09245376       0       0       0
   29      0.00000000    -26.09245376    -26.09245376       0       0       0
   30      0.00000000    -26.09245376    -26.09245376       0       0       0
   31      0.00000000    -26.09245376    -26.09245376       0       0       0
   32      0.00000000    -26.09245376    -26.09245376       0       0       0
   33      5.80161528     -0.19750839    -26.09245376       0       0     400
   34      2.22401040     -0.62665885    -26.09245376      41       0      94
   35      0.00000000    -26.09245376    -26.09245376       8       0       5
   36      0.00000000    -26.09245376    -26.09245376       0       0       1
   37      0.00000000    -26.09245376    -26.09245376       0       0       0
   38      0.00000000    -26.09245376    -26.09245376       0       0       0
   39      0.00000000    -26.09245376    -26.09245376       0       0       0
   40      0.00000000    -26.09245376    -26.09245376       0       0       0
   41      0.00000000    -26.09245376    -26.09245376       0       0       0
   42      0.00000000    -26.09245376    -26.09245376       0       0       0
   43      0.00000000    -26.09245376    -26.09245376       0       0       0
   44      0.00000000    -26.09245376    -26.09245376       0       0       0
   45      0.00000000    -26.09245376    -26.09245376       0       0       0
   46      0.00000000    -26.09245376    -26.09245376       0       0       0
   47      0.00000000    -26.09245376    -26.09245376       0       0       0
   48      0.00000000    -26.09245376    -26.09245376       0       0       0
   49      4.64087133     -0.29284032    -26.09245376       0       0     358
   50      4.50960079     -0.81482225    -26.09245376      28       0     129
   51      0.00000000    -26.09245376    -26.09245376      25       0      12
   52      0.00000000    -26.09245376    -26.09245376       0       0       1
   53      0.00000000    -26.09245376    -26.09245376       0       0       0
   54      0.00000000    -26.09245376    -26.09245376       0       0       0
   55      0.00000000    -26.09245376    -26.09245376       0       0       0
   56      0.00000000    -26.09245376    -26.09245376       0       0       0
   57      0.00000000    -26.09245376    -26.09245376       0       0       0
   58      0.00000000    -26.09245376    -26.09245376       0       0       0
   59      0.00000000    -26.09245376    -26.09245376       0       0       0
   60      0.00000000    -26.09245376    -26.09245376       0       0       0
   61      0.00000000    -26.09245376    -26.09245376       0       0       0
   62      0.00000000    -26.09245376    -26.09245376       0       0       0
   63      0.00000000    -26.09245376    -26.09245376       0       0       0
   64      0.00000000    -26.09245376    -26.09245376       0       0       0
   65      5.78329548     -0.27357309    -26.09245376       0       0     330
   66      3.29144513     -1.37924645    -26.09245376      42       0     132
   67      1.31880922     -6.18444164    -26.09245376      16       0      37
   68      0.00000000    -26.09245376    -26.09245376       5       0       1
   69      0.00000000    -26.09245376    -26.09245376       0       0       0
   70      0.00000000    -26.09245376    -26.09245376       0       0       0
   71      0.00000000    -26.09245376    -26.09245376       0       0       0
   72      0.00000000    -26.09245376    -26.09245376       0       0       0
   73      0.00000000    -26.09245376    -26.09245376       0       0       0
   74      0.00000000    -26.09245376    -26.09245376       0       0       0
   75      0.00000000    -26.09245376    -26.09245376       0       0       0
   76      0.00000000    -26.09245376    -26.09245376       0       0       0
   77      0.00000000    -26.09245376    -26.09245376       0       0       0
   78      0.00000000    -26.09245376    -26.09245376       0       0       0
   79      0.00000000    -26.09245376    -26.09245376       0       0       0
   80      0.00000000    -26.09245376    -26.09245376       0       0       0
   81      4.50771589     -0.35908331    -26.09245376       0       0     288
   82      4.28564720     -0.77811575    -26.09245376      27       0     158
   83      1.76185356     -2.50341468    -26.09245376      21       0      48
   84      0.00000000    -26.09245376    -26.09245376       3       0       6
   85      0.00000000    -26.09245376    -26.09245376       0       0       0
   86      0.00000000    -26.09245376    -26.09245376       0       0       0
   87      0.00000000    -26.09245376    -26.09245376       0       0       0
   88      0.00000000    -26.09245376    -26.09245376       0       0       0
   89      0.00000000    -26.09245376    -26.09245376       0       0       0
   90      0.00000000    -26.09245376    -26.09245376       0       0       0
   91      0.00000000    -26.09245376    -26.09245376       0       0       0
   92      0.00000000    -26.09245376    -26.09245376       0       0       0
   93      0.00000000    -26.09245376    -26.09245376       0       0       0
   94      0.00000000    -26.09245376    -26.09245376       0       0       0
   95      0.00000000    -26.09245376    -26.09245376       0       0       0
   96      0.00000000    -26.09245376    -26.09245376       0       0       0
   97      4.93625049     -0.47750267    -26.09245376       0       0     261
   98      3.37572402     -1.34627427    -26.09245376      30       0     164
   99      2.60188349     -2.00328906    -26.09245376      16       0      66
  100      0.00000000    -26.09245376    -26.09245376       8       0       9
  101      0.00000000    -26.09245376    -26.09245376       0       0       0
  102      0.00000000    -26.09245376    -26.09245376       0       0       0
  103      0.00000000    -26.09245376    -26.09245376       0       0       0
  104      0.00000000    -26.09245376    -26.09245376       0       0       0
  105      0.00000000    -26.09245376    -26.09245376       0       0       0
  106      0.00000000    -26.09245376    -26.09245376       0       0       0
  107      0.00000000    -26.09245376    -26.09245376       0       0       0
  108      0.00000000    -26.09245376    -26.09245376       0       0       0
  109      0.00000000    -26.09245376    -26.09245376       0       0       0
  110      0.00000000    -26.09245376    -26.09245376       0       0       0
  111      0.00000000    -26.09245376    -26.09245376       0       0       0
  112      0.00000000    -26.09245376    -26.09245376       0       0       0
  113      4.68111978     -0.57652791    -26.09245376       0       0     231
  114      3.40929312     -0.32149380    -26.09245376      29       0     178
  115      3.26250956     -0.80962585    -26.09245376      14       0      74
  116      1.12464586     -0.91942229    -26.09245376      12       0      17
  117      0.00000000    -26.09245376    -26.09245376       1       0       0
  118      0.00000000    -26.09245376    -26.09245376       0       0       0
  119      0.00000000    -26.09245376    -26.09245376       0       0       0
  120      0.00000000    -26.09245376    -26.09245376       0       0       0
  121      0.00000000    -26.09245376    -26.09245376       0       0       0
  122      0.00000000    -26.09245376    -26.09245376       0       0       0
  123      0.00000000    -26.09245376    -26.09245376       0       0       0
  124      0.00000000    -26.09245376    -26.09245376       0       0       0
  125      0.00000000    -26.09245376    -26.09245376       0       0       0
  126      0.00000000    -26.09245376    -26.09245376       0       0       0
  127      0.00000000    -26.09245376    -26.09245376       0       0       0
  128      0.00000000    -26.09245376    -26.09245376       0       0       0
  129      3.82291823     -0.88288831    -26.09245376       0       0     202
  130      3.97943070     -0.46017229    -26.09245376      21       0     193
  131      2.54003592     -1.24653662    -26.09245376      21       0      76
  132      1.65111059     -2.50024989    -26.09245376       9       0      28
  133      0.00000000    -26.09245376    -26.09245376       4       0       1
  134      0.00000000    -26.09245376    -26.09245376       0       0       0
  135      0.00000000    -26.09245376    -26.09245376       0       0       0
  136      0.00000000    -26.09245376    -26.09245376       0       0       0
  137      0.00000000    -26.09245376    -26.09245376       0       0       0
  138      0.00000000    -26.09245376    -26.09245376       0       0       0
  139      0.00000000    -26.09245376    -26.09245376       0       0       0
  140      0.00000000    -26.09245376    -26.09245376       0       0       0
  141      0.00000000    -26.09245376    -26.09245376       0       0       0
  142      0.00000000    -26.09245376    -26.09245376       0       0       0
  143      0.00000000    -26.09245376    -26.09245376       0       0       0
  144      0.00000000    -26.09245376    -26.09245376       0       0       0
  145      2.80026545     -1.75710411    -26.09245376       0       0     181
  146      4.39967243     -0.70855178    -26.09245376      10       0     193
  147      2.13358381     -1.48701607    -26.09245376      26       0      88
  148      1.83048758     -3.46749603    -26.09245376       7       0      33
  149      1.10799514     -1.43665404    -26.09245376       6       0       5
  150      0.00000000    -26.09245376    -26.09245376       2       0       0
  151      0.00000000    -26.09245376    -26.09245376       0       0       0
  152      0.00000000    -26.09245376    -26.09245376       0       0       0
  153      0.00000000    -26.09245376    -26.09245376       0       0       0
  154      0.00000000    -26.09245376    -26.09245376       0       0       0
  155      0.00000000    -26.09245376    -26.09245376       0       0       0
  156      0.00000000    -26.09245376    -26.09245376       0       0       0
  157      0.00000000    -26.09245376    -26.09245376       0       0       0
  158      0.00000000    -26.09245376    -26.09245376       0       0       0
  159      0.00000000    -26.09245376    -26.09245376       0       0       0
  160      0.00000000    -26.09245376    -26.09245376       0       0       0
  161      4.21690357     -0.73120437    -26.09245376       0       0     171
  162      3.63874297     -0.78039077    -26.09245376      20       0     177
  163      3.56902718     -0.52812026    -26.09245376      14       0     107
  164      2.12985694     -2.01872305    -26.09245376      13       0      34
  165      0.00000000    -26.09245376    -26.09245376       5       0       9
  166      0.00000000    -26.09245376    -26.09245376       0       0       2
  167      0.00000000    -26.09245376    -26.09245376       0       0       0
  168      0.00000000    -26.09245376    -26.09245376       0       0       0
  169      0.00000000    -26.09245376    -26.09245376       0       0       0
  170      0.00000000    -26.09245376    -26.09245376       0       0       0
  171      0.00000000    -26.09245376    -26.09245376       0       0       0
  172      0.00000000    -26.09245376    -26.09245376       0       0       0
  173      0.00000000    -26.09245376    -26.09245376       0       0       0
  174      0.00000000    -26.09245376    -26.09245376       0       0       0
  175      0.00000000    -26.09245376    -26.09245376       0       0       0
  176      0.00000000    -26.09245376    -26.09245376       0       0       0
  177      4.22910228     -0.89499537    -26.09245376       0       0     151
  178      4.09495536     -0.53405914    -26.09245376      21       0     183
  179      2.64815785     -0.71386488    -26.09245376      22       0     108
  180      1.54611421     -4.63953925    -26.09245376      11       0      42
  181      1.98974867     -2.42214067    -26.09245376       4       0      14
  182      0.00000000    -26.09245376    -26.09245376       4       0       2
  183      0.00000000    -26.09245376    -26.09245376       0       0       0
  184      0.00000000    -26.09245376    -26.09245376       0       0       0
  185      0.00000000    -26.09245376    -26.09245376       0       0       0
  186      0.00000000    -26.09245376    -26.09245376       0       0       0
  187      0.00000000    -26.09245376    -26.09245376       0       0       0
  188      0.00000000    -26.09245376    -26.09245376       0       0       0
  189      0.00000000    -26.09245376    -26.09245376       0       0       0
  190      0.00000000    -26.09245376    -26.09245376       0       0       0
  191      0.00000000    -26.09245376    -26.09245376       0       0       0
  192      0.00000000    -26.09245376    -26.09245376       0       0       0
  193      3.01530223     -1.68819988    -26.09245376       0       0     130
  194      3.26512488     -0.61938442    -26.09245376      12       0     182
  195      2.86217284     -0.84727945    -26.09245376      15       0     118
  196      1.70645385     -4.72811445    -26.09245376      12       0      51
  197      1.13744350     -0.63297156    -26.09245376       4       0      13
  198      0.64675676    -11.61604939    -26.09245376       1       0       6
  199      0.00000000    -26.09245376    -26.09245376       1       0       0
  200      0.00000000    -26.09245376    -26.09245376       0       0       0
  201      0.00000000    -26.09245376    -26.09245376       0       0       0
  202      0.00000000    -26.09245376    -26.09245376       0       0       0
  203      0.00000000    -26.09245376    -26.09245376       0       0       0
  204      0.00000000    -26.09245376    -26.09245376       0       0       0
  205      0.00000000    -26.09245376    -26.09245376       0       0       0
  206      0.00000000    -26.09245376    -26.09245376       0       0       0
  207      0.00000000    -26.09245376    -26.09245376       0       0       0
  208      0.00000000    -26.09245376    -26.09245376       0       0       0
  209      3.31254687     -0.94235469    -26.09245376       0       0     118
  210      3.92456624     -0.94260143    -26.09245376      15       0     179
  211      3.39262938     -0.74220201    -26.09245376      19       0     121
  212      2.17862794     -2.98567512    -26.09245376      12       0      59
  213      1.80555580     -0.94727054    -26.09245376       5       0      16
  214      1.03853571     -2.84683207    -26.09245376       4       0       6
  215      0.00000000    -26.09245376    -26.09245376       1       0       1
  216      0.00000000    -26.09245376    -26.09245376       0       0       0
  217      0.00000000    -26.09245376    -26.09245376       0       0       0
  218      0.00000000    -26.09245376    -26.09245376       0       0       0
  219      0.00000000    -26.09245376    -26.09245376       0       0       0
  220      0.00000000    -26.09245376    -26.09245376       0       0       0
  221      0.00000000    -26.09245376    -26.09245376       0       0       0
  222      0.00000000    -26.09245376    -26.09245376       0       0       0
  223      0.00000000    -26.09245376    -26.09245376       0       0       0
  224      0.00000000    -26.09245376    -26.09245376       0       0       0
  225      2.96645432     -0.88981056    -26.09245376       0       0     103
  226      3.15221172     -0.11387215    -26.09245376      10       0     175
  227      2.97949068     -1.49972826    -26.09245376      16       0     128
  228      2.08500536     -1.80920884    -26.09245376      13       0      66
  229      1.43084345     -2.66825551    -26.09245376       5       0      17
  230      0.00000000    -26.09245376    -26.09245376       3       0       9
  231      0.00000000    -26.09245376    -26.09245376       0       0       2
  232      0.00000000    -26.09245376    -26.09245376       0       0       0
  233      0.00000000    -26.09245376    -26.09245376       0       0       0
  234      0.00000000    -26.09245376    -26.09245376       0       0       0
  235      0.00000000    -26.09245376    -26.09245376       0       0       0
  236      0.00000000    -26.09245376    -26.09245376       0       0       0
  237      0.00000000    -26.09245376    -26.09245376       0       0       0
  238      0.00000000    -26.09245376    -26.09245376       0       0       0
  239      0.00000000    -26.09245376    -26.09245376       0       0       0
  240      0.00000000    -26.09245376    -26.09245376       0       0       0
  241      3.49743717     -0.16596409    -26.09245376       0       0      93
  242      4.03181361     -1.36486475    -26.09245376      15       0     169
  243      3.27656014     -1.93607596    -26.09245376      23       0     131
  244      2.82490126     -1.36935478    -26.09245376      16       0      74
  245      0.65711107    -11.38428808    -26.09245376      11       0      19
  246      0.64278800    -11.70488235    -26.09245376       1       0      12
  247      0.00000000    -26.09245376    -26.09245376       1       0       2
  248      0.00000000    -26.09245376    -26.09245376       0       0       0
  249      0.00000000    -26.09245376    -26.09245376       0       0       0
  250      0.00000000    -26.09245376    -26.09245376       0       0       0
  251      0.00000000    -26.09245376    -26.09245376       0       0       0
  252      0.00000000    -26.09245376    -26.09245376       0       0       0
  253      0.00000000    -26.09245376    -26.09245376       0       0       0
  254      0.00000000    -26.09245376    -26.09245376       0       0       0
  255      0.00000000    -26.09245376    -26.09245376       0       0       0
  256      0.00000000    -26.09245376    -26.09245376       0       0       0
  257      2.56570825     -1.21943070    -26.09245376       0       0      78
  258      3.13055754     -0.24507966    -26.09245376       9       0     161
  259      2.32437397     -2.80934482    -26.09245376      13       0     138
  260      1.97772160     -2.84780001    -26.09245376      10       0      79
  261      1.18745040     -1.81955698    -26.09245376       8       0      29
  262      0.88682842    -10.89161131    -26.09245376       2       0      12
  263      0.38363231    -17.50558341    -26.09245376       2       0       3
  264      0.00000000    -26.09245376    -26.09245376       1       0       0
  265      0.00000000    -26.09245376    -26.09245376       0       0       0
  266      0.00000000    -26.09245376    -26.09245376       0       0       0
  267      0.00000000    -26.09245376    -26.09245376       0       0       0
  268      0.00000000    -26.09245376    -26.09245376       0       0       0
  269      0.00000000    -26.09245376    -26.09245376       0       0       0
  270      0.00000000    -26.09245376    -26.09245376       0       0       0
  271      0.00000000    -26.09245376    -26.09245376       0       0       0
  272      0.00000000    -26.09245376    -26.09245376       0       0       0
  273      2.64295733     -2.53636544    -26.09245376       0       0      69
  274      3.70134875     -0.99794144    -26.09245376       8       0     157
  275      3.29739132     -0.67671397    -26.09245376      21       0     141
  276      3.10298902     -0.58320874    -26.09245376      17       0      81
  277      1.96336037     -1.47920823    -26.09245376      11       0      35
  278      1.72622740     -0.77692399    -26.09245376       4       0      12
  279      1.09204682     -1.64908888    -26.09245376       4       0       4
  280      0.00000000    -26.09245376    -26.09245376       1       0       1
  281      0.00000000    -26.09245376    -26.09245376       0       0       0
  282      0.00000000    -26.09245376    -26.09245376       0       0       0
  283      0.00000000    -26.09245376    -26.09245376       0       0       0
  284      0.00000000    -26.09245376    -26.09245376       0       0       0
  285      0.00000000    -26.09245376    -26.09245376       0       0       0
  286      0.00000000    -26.09245376    -26.09245376       0       0       0
  287      0.00000000    -26.09245376    -26.09245376       0       0       0
  288      0.00000000    -26.09245376    -26.09245376       0       0       0
  289      2.35936448     -0.58071892    -26.09245376       0       0      61
  290      2.34136303     -0.87203485    -26.09245376       6       0     144
  291      3.36138839     -1.51194902    -26.09245376       7       0     145
  292      3.23525837     -0.57141297    -26.09245376      16       0      87
  293      1.96910096     -0.15864930    -26.09245376      12       0      42
  294      0.00000000    -26.09245376    -26.09245376       4       0      12
  295      0.00000000    -26.09245376    -26.09245376       0       0       7
  296      0.00000000    -26.09245376    -26.09245376       0       0       2
  297      0.00000000    -26.09245376    -26.09245376       0       0       0
  298      0.00000000    -26.09245376    -26.09245376       0       0       0
  299      0.00000000    -26.09245376    -26.09245376       0       0       0
  300      0.00000000    -26.09245376    -26.09245376       0       0       0
  301      0.00000000    -26.09245376    -26.09245376       0       0       0
  302      0.00000000    -26.09245376    -26.09245376       0       0       0
  303      0.00000000    -26.09245376    -26.09245376       0       0       0
  304      0.00000000    -26.09245376    -26.09245376       0       0       0
  305      2.41078848     -0.62815832    -26.09245376       0       0      55
  306      3.52964527     -0.85228289    -26.09245376       6       0     143
  307      2.60108914     -1.51384270    -26.09245376      15       0     136
  308      2.37790085     -0.99562891    -26.09245376      10       0      91
  309      1.48345434     -3.07494795    -26.09245376       7       0      50
  310      0.92168252     -5.46236561    -26.09245376       3       0      16
  311      0.00000000    -26.09245376    -26.09245376       1       0       7
  312      0.98846849     -3.96749042    -26.09245376       0       0       2
  313      0.00000000    -26.09245376    -26.09245376       1       0       0
  314      0.00000000    -26.09245376    -26.09245376       0       0       0
  315      0.00000000    -26.09245376    -26.09245376       0       0       0
  316      0.00000000    -26.09245376    -26.09245376       0       0       0
  317      0.00000000    -26.09245376    -26.09245376       0       0       0
  318      0.00000000    -26.09245376    -26.09245376       0       0       0
  319      0.00000000    -26.09245376    -26.09245376       0       0       0
  320      0.00000000    -26.09245376    -26.09245376       0       0       0
  321      1.76529055     -1.59758356    -26.09245376       0       0      49
  322      3.34516116     -0.45331342    -26.09245376       4       0     134
  323      3.34554249     -1.05277994    -26.09245376      12       0     141
  324      2.49037368     -2.97033325    -26.09245376      13       0      94
  325      1.79823784     -1.68614738    -26.09245376       8       0      54
  326      1.11295636     -1.18106916    -26.09245376       4       0      18
  327      0.00000000    -26.09245376    -26.09245376       1       0       8
  328      0.00000000    -26.09245376    -26.09245376       0       0       1
  329      0.00000000    -26.09245376    -26.09245376       0       0       1
  330      0.00000000    -26.09245376    -26.09245376       0       0       0
  331      0.00000000    -26.09245376    -26.09245376       0       0       0
  332      0.00000000    -26.09245376    -26.09245376       0       0       0
  333      0.00000000    -26.09245376    -26.09245376       0       0       0
  334      0.00000000    -26.09245376    -26.09245376       0       0       0
  335      0.00000000    -26.09245376    -26.09245376       0       0       0
  336      0.00000000    -26.09245376    -26.09245376       0       0       0
  337      1.91529557     -2.83698790    -26.09245376       0       0      45
  338      3.33415678     -0.77785135    -26.09245376       4       0     126
  339      3.25134934     -1.35463710    -26.09245376      12       0     140
  340      3.17128790     -1.10360841    -26.09245376      19       0      99
  341      2.16252883     -0.50864574    -26.09245376      12       0      58
  342      1.17821258     -2.39456545    -26.09245376       8       0      21
  343      1.06628169     -5.82839098    -26.09245376       2       0       9
  344      0.00000000    -26.09245376    -26.09245376       2       0       1
  345      0.00000000    -26.09245376    -26.09245376       0       0       1
  346      0.00000000    -26.09245376    -26.09245376       0       0       0
  347      0.00000000    -26.09245376    -26.09245376       0       0       0
  348      0.00000000    -26.09245376    -26.09245376       0       0       0
  349      0.00000000    -26.09245376    -26.09245376       0       0       0
  350      0.00000000    -26.09245376    -26.09245376       0       0       0
  351      0.00000000    -26.09245376    -26.09245376       0       0       0
  352      0.00000000    -26.09245376    -26.09245376       0       0       0
  353      1.77396728     -2.76206911    -26.09245376       0       0      41
  354      3.60621814     -1.01898512    -26.09245376       3       0     118
  355      3.82083021     -1.16955528    -26.09245376      13       0     133
  356      3.58983884     -1.26391793    -26.09245376      16       0     106
  357      1.75605413     -2.28242730    -26.09245376      18       0      62
  358      1.42123959     -4.84955842    -26.09245376       4       0      27
  359      1.22095914     -3.82419074    -26.09245376       3       0       9
  360      0.00000000    -26.09245376    -26.09245376       2       0       3
  361      0.00000000    -26.09245376    -26.09245376       0       0       1
  362      0.00000000    -26.09245376    -26.09245376       0       0       0
  363      0.00000000    -26.09245376    -26.09245376       0       0       0
  364      0.00000000    -26.09245376    -26.09245376       0       0       0
  365      0.00000000    -26.09245376    -26.09245376       0       0       0
  366      0.00000000    -26.09245376    -26.09245376       0       0       0
  367      0.00000000    -26.09245376    -26.09245376       0       0       0
  368      0.00000000    -26.09245376    -26.09245376       0       0       0
  369      1.24467337     -1.78166640    -26.09245376       0       0      38
  370      2.42872699     -0.58913479    -26.09245376       3       0     107
  371      2.17972227     -0.57912014    -26.09245376       6       0     132
  372      2.63078521     -0.95599605    -26.09245376       5       0     103
  373      2.43555544     -1.16124090    -26.09245376      11       0      76
  374      1.03911075     -7.57222691    -26.09245376       6       0      28
  375      0.99694118     -3.77784550    -26.09245376       2       0      10
  376      0.00000000    -26.09245376    -26.09245376       1       0       5
  377      0.00000000    -26.09245376    -26.09245376       0       0       1
  378      0.00000000    -26.09245376    -26.09245376       0       0       0
  379      0.00000000    -26.09245376    -26.09245376       0       0       0
  380      0.00000000    -26.09245376    -26.09245376       0       0       0
  381      0.00000000    -26.09245376    -26.09245376       0       0       0
  382      0.00000000    -26.09245376    -26.09245376       0       0       0
  383      0.00000000    -26.09245376    -26.09245376       0       0       0
  384      0.00000000    -26.09245376    -26.09245376       0       0       0
  385      1.25912097     -3.63955048    -26.09245376       0       0      35
  386      3.67804907     -0.20750301    -26.09245376       2       0     104
  387      3.41558882     -0.78213324    -26.09245376      16       0     133
  388      2.82306345     -2.96799484    -26.09245376      18       0      97
  389      2.22848490     -0.54823254    -26.09245376      13       0      81
  390      1.95379195     -0.13953394    -26.09245376       5       0      32
  391      1.05670985     -2.44003888    -26.09245376       4       0      11
  392      1.30311308     -1.24031116    -26.09245376       1       0       6
  393      0.00000000    -26.09245376    -26.09245376       2       0       1
  394      0.00000000    -26.09245376    -26.09245376       0       0       0
  395      0.00000000    -26.09245376    -26.09245376       0       0       0
  396      0.00000000    -26.09245376    -26.09245376       0       0       0
  397      0.00000000    -26.09245376    -26.09245376       0       0       0
  398      0.00000000    -26.09245376    -26.09245376       0       0       0
  399      0.00000000    -26.09245376    -26.09245376       0       0       0
  400      0.00000000    -26.09245376    -26.09245376       0       0       0
  401      1.34709258     -4.28037901    -26.09245376       0       0      33
  402      3.03517010     -1.54967439    -26.09245376       2       0      90
  403      3.42030094     -0.12496690    -26.09245376      11       0     131
  404      3.22169313     -1.03949537    -26.09245376      15       0     102
  405      2.78233455     -0.73304908    -26.09245376      12       0      89
  406      1.10496462     -1.35994889    -26.09245376      11       0      33
  407      1.08689475     -1.76440799    -26.09245376       1       0      14
  408      0.00000000    -26.09245376    -26.09245376       1       0       5
  409      0.00000000    -26.09245376    -26.09245376       0       0       3
  410      0.00000000    -26.09245376    -26.09245376       0       0       0
  411      0.00000000    -26.09245376    -26.09245376       0       0       0
  412      0.00000000    -26.09245376    -26.09245376       0       0       0
  413      0.00000000    -26.09245376    -26.09245376       0       0       0
  414      0.00000000    -26.09245376    -26.09245376       0       0       0
  415      0.00000000    -26.09245376    -26.09245376       0       0       0
  416      0.00000000    -26.09245376    -26.09245376       0       0       0
  417      1.10194631     -2.87986723    -26.09245376       0       0      31
  418      2.28042140     -1.59309972    -26.09245376       2       0      81
  419      3.25167022     -0.53873744    -26.09245376       7       0     127
  420      2.19710365     -2.59990785    -26.09245376      12       0     105
  421      2.09801278     -0.75932926    -26.09245376       7       0      90
  422      1.27718863     -4.20042857    -26.09245376       5       0      43
  423      1.66185208     -1.41235686    -26.09245376       2       0      14
  424      0.00000000    -26.09245376    -26.09245376       3       0       6
  425      0.00000000    -26.09245376    -26.09245376       0       0       3
  426      0.00000000    -26.09245376    -26.09245376       0       0       0
  427      0.00000000    -26.09245376    -26.09245376       0       0       0
  428      0.00000000    -26.09245376    -26.09245376       0       0       0
  429      0.00000000    -26.09245376    -26.09245376       0       0       0
  430      0.00000000    -26.09245376    -26.09245376       0       0       0
  431      0.00000000    -26.09245376    -26.09245376       0       0       0
  432      0.00000000    -26.09245376    -26.09245376       0       0       0
  433      1.66357449     -2.47305166    -26.09245376       0       0      29
  434      2.63937207     -1.83615824    -26.09245376       3       0      76
  435      3.31227033     -1.53738257    -26.09245376       8       0     122
  436      2.50753605     -0.99553196    -26.09245376      15       0     110
  437      3.16772074     -0.44265716    -26.09245376       8       0      92
  438      1.85053819     -2.87304401    -26.09245376      11       0      46
  439      1.22673474     -4.73892699    -26.09245376       5       0      13
  440      1.31229137     -5.14023559    -26.09245376       3       0       9
  441      0.83573420     -7.38615331    -26.09245376       2       0       3
  442      0.00000000    -26.09245376    -26.09245376       1       0       0
  443      0.00000000    -26.09245376    -26.09245376       0       0       0
  444      0.00000000    -26.09245376    -26.09245376       0       0       0
  445      0.00000000    -26.09245376    -26.09245376       0       0       0
  446      0.00000000    -26.09245376    -26.09245376       0       0       0
  447      0.00000000    -26.09245376    -26.09245376       0       0       0
  448      0.00000000    -26.09245376    -26.09245376       0       0       0
  449      2.00629813     -0.81152538    -26.09245376       0       0      26
  450      2.17993680     -1.56775320    -26.09245376       4       0      71
  451      3.43240724     -0.83148322    -26.09245376       5       0     115
  452      2.88508915     -2.16200216    -26.09245376      14       0     117
  453      2.53550330     -1.64566885    -26.09245376      11       0      88
  454      2.01606375     -0.56913748    -26.09245376       9       0      54
  455      0.62344806    -12.13776964    -26.09245376       5       0      14
  456      2.37930669     -0.70903335    -26.09245376       1       0      10
  457      0.00000000    -26.09245376    -26.09245376       5       0       4
  458      0.00000000    -26.09245376    -26.09245376       0       0       1
  459      0.00000000    -26.09245376    -26.09245376       0       0       0
  460      0.00000000    -26.09245376    -26.09245376       0       0       0
  461      0.00000000    -26.09245376    -26.09245376       0       0       0
  462      0.00000000    -26.09245376    -26.09245376       0       0       0
  463      0.00000000    -26.09245376    -26.09245376       0       0       0
  464      0.00000000    -26.09245376    -26.09245376       0       0       0
  465      1.35739449     -2.69514125    -26.09245376       0       0      22
  466      2.80937412     -0.62201903    -26.09245376       2       0      70
  467      2.68030464     -1.25633739    -26.09245376       8       0     106
  468      3.86801818     -0.77564162    -26.09245376       9       0     120
  469      3.28363750     -0.57609352    -26.09245376      18       0      90
  470      2.03438596     -1.68890811    -26.09245376      12       0      58
  471      1.72407045     -0.76354456    -26.09245376       4       0      18
  472      0.00000000    -26.09245376    -26.09245376       4       0       6
  473      1.06441010     -2.26768362    -26.09245376       0       0       9
  474      0.00000000    -26.09245376    -26.09245376       1       0       1
  475      0.00000000    -26.09245376    -26.09245376       0       0       0
  476      0.00000000    -26.09245376    -26.09245376       0       0       0
  477      0.00000000    -26.09245376    -26.09245376       0       0       0
  478      0.00000000    -26.09245376    -26.09245376       0       0       0
  479      0.00000000    -26.09245376    -26.09245376       0       0       0
  480      0.00000000    -26.09245376    -26.09245376       0       0       0
  481      1.43542297     -2.45512395    -26.09245376       0       0      20
  482      1.72705525     -1.36425466    -26.09245376       2       0      64
  483      3.00450718     -0.42187949    -26.09245376       3       0     105
  484      3.37374153     -1.18459602    -26.09245376      12       0     111
  485      3.04740791     -1.28975384    -26.09245376      15       0      96
  486      2.14660984     -0.84959096    -26.09245376      10       0      65
  487      0.69869464    -10.45351998    -26.09245376       7       0      20
  488      0.00000000    -26.09245376    -26.09245376       1       0       9
  489      1.04867377     -2.61991118    -26.09245376       0       0       8
  490      0.00000000    -26.09245376    -26.09245376       1       0       2
  491      0.00000000    -26.09245376    -26.09245376       0       0       0
  492      0.00000000    -26.09245376    -26.09245376       0       0       0
  493      0.00000000    -26.09245376    -26.09245376       0       0       0
  494      0.00000000    -26.09245376    -26.09245376       0       0       0
  495      0.00000000    -26.09245376    -26.09245376       0       0       0
  496      0.00000000    -26.09245376    -26.09245376       0       0       0
  497      2.06045909     -0.51855044    -26.09245376       0       0      18
  498      2.28195273     -0.88098075    -26.09245376       5       0      63
  499      2.79397794     -1.72710660    -26.09245376       6       0      96
  500      2.30096281     -2.64947215    -26.09245376       8       0     108
  501      2.38181466     -0.46228585    -26.09245376       8       0     101
  502      2.30905373     -0.27413010    -26.09245376       8       0      68
  503      1.65669741     -2.24135003    -26.09245376       6       0      26
  504      0.86995606     -6.62016280    -26.09245376       4       0      10
  505      0.82400741     -7.64863493    -26.09245376       1       0       7
  506      0.00000000    -26.09245376    -26.09245376       1       0       3
  507      0.00000000    -26.09245376    -26.09245376       0       0       0
  508      0.00000000    -26.09245376    -26.09245376       0       0       0
  509      0.00000000    -26.09245376    -26.09245376       0       0       0
  510      0.00000000    -26.09245376    -26.09245376       0       0       0
  511      0.00000000    -26.09245376    -26.09245376       0       0       0
  512      0.00000000    -26.09245376    -26.09245376       0       0       0
  513      0.86364897     -6.76133484    -26.09245376       0       0      13
  514      2.91183326     -0.91603522    -26.09245376       1       0      62
  515      3.49201076     -0.59095350    -26.09245376      10       0      94
  516      2.71944788     -0.48474206    -26.09245376      13       0     108
  517      2.31016741     -0.02853436    -26.09245376      10       0     101
  518      2.36742083     -1.27372424    -26.09245376       9       0      70
  519      1.26567651     -2.45266757    -26.09245376       7       0      28
  520      1.09619251     -1.55629556    -26.09245376       2       0      13
  521      0.24823741    -20.53613746    -26.09245376       1       0       7
  522      0.00000000    -26.09245376    -26.09245376       1       0       4
  523      0.00000000    -26.09245376    -26.09245376       0       0       0
  524      0.00000000    -26.09245376    -26.09245376       0       0       0
  525      0.00000000    -26.09245376    -26.09245376       0       0       0
  526      0.00000000    -26.09245376    -26.09245376       0       0       0
  527      0.00000000    -26.09245376    -26.09245376       0       0       0
  528      0.00000000    -26.09245376    -26.09245376       0       0       0
  529      0.53145887    -14.19677059    -26.09245376       0       0      12
  530      1.53666933     -1.24521124    -26.09245376       1       0      53
  531      2.69718935     -0.56088610    -26.09245376       4       0      91
  532      3.50322895     -0.44047999    -26.09245376       8       0     111
  533      3.23757098     -0.30289085    -26.09245376      13       0     102
  534      3.11273162     -0.97553461    -26.09245376      13       0      72
  535      2.03384282     -0.00162148    -26.09245376      12       0      33
  536      1.45219714     -3.21415824    -26.09245376       5       0      14
  537      0.00000000    -26.09245376    -26.09245376       3       0       7
  538      0.00000000    -26.09245376    -26.09245376       0       0       5
  539      0.00000000    -26.09245376    -26.09245376       0       0       0
  540      0.00000000    -26.09245376    -26.09245376       0       0       0
  541      0.00000000    -26.09245376    -26.09245376       0       0       0
  542      0.00000000    -26.09245376    -26.09245376       0       0       0
  543      0.00000000    -26.09245376    -26.09245376       0       0       0
  544      0.00000000    -26.09245376    -26.09245376       0       0       0
  545      1.27655761     -1.22484722    -26.09245376       0       0      11
  546      2.74715275     -1.44443969    -26.09245376       2       0      50
  547      2.37297368     -1.98083976    -26.09245376       8       0      87
  548      2.76882729     -0.90256987    -26.09245376       6       0     106
  549      2.50843109     -1.18419983    -26.09245376       9       0     102
  550      2.33031315     -2.91305158    -26.09245376       8       0      73
  551      2.10901380     -0.96825865    -26.09245376       8       0      40
  552      1.41891968     -1.10858886    -26.09245376       6       0      16
  553      1.45064757     -1.80888042    -26.09245376       2       0      10
  554      0.00000000    -26.09245376    -26.09245376       2       0       5
  555      0.00000000    -26.09245376    -26.09245376       0       0       0
  556      0.00000000    -26.09245376    -26.09245376       0       0       0
  557      0.00000000    -26.09245376    -26.09245376       0       0       0
  558      0.00000000    -26.09245376    -26.09245376       0       0       0
  559      0.00000000    -26.09245376    -26.09245376       0       0       0
  560      0.00000000    -26.09245376    -26.09245376       0       0       0
  561      1.19749161     -3.45186710    -26.09245376       0       0       9
  562      1.61444651     -1.67390940    -26.09245376       2       0      44
  563      2.88910436     -1.26803063    -26.09245376       3       0      89
  564      2.93259253     -0.41129365    -26.09245376      10       0     103
  565      2.48755650     -2.07807537    -26.09245376      11       0     103
  566      3.06542348     -0.12195790    -26.09245376       7       0      73
  567      2.43611917     -2.66740082    -26.09245376      10       0      41
  568      1.41030790     -0.36143402    -26.09245376       7       0      22
  569      0.00000000    -26.09245376    -26.09245376       3       0       9
  570      1.06523995     -2.24910910    -26.09245376       0       0       7
  571      0.00000000    -26.09245376    -26.09245376       1       0       0
  572      0.00000000    -26.09245376    -26.09245376       0       0       0
  573      0.00000000    -26.09245376    -26.09245376       0       0       0
  574      0.00000000    -26.09245376    -26.09245376       0       0       0
  575      0.00000000    -26.09245376    -26.09245376       0       0       0
  576      0.00000000    -26.09245376    -26.09245376       0       0       0
  577      0.00000000    -26.09245376    -26.09245376       0       0       7
  578      2.48663308     -1.85493652    -26.09245376       0       0      43
  579      2.30330207     -1.32535812    -26.09245376       7       0      82
  580      2.21208454     -1.11102402    -26.09245376       8       0     102
  581      4.16509265     -0.92085611    -26.09245376       6       0     107
  582      2.86462234     -0.46996968    -26.09245376      20       0      70
  583      2.75188222     -0.74621519    -26.09245376       9       0      44
  584      1.65026365     -1.82736990    -26.09245376      10       0      26
  585      0.00000000    -26.09245376    -26.09245376       4       0      12
  586      1.59788906     -0.45787786    -26.09245376       0       0       6
  587      0.00000000    -26.09245376    -26.09245376       3       0       1
  588      0.00000000    -26.09245376    -26.09245376       0       0       0
  589      0.00000000    -26.09245376    -26.09245376       0       0       0
  590      0.00000000    -26.09245376    -26.09245376       0       0       0
  591      0.00000000    -26.09245376    -26.09245376       0       0       0
  592      0.00000000    -26.09245376    -26.09245376       0       0       0
  593      0.00000000    -26.09245376    -26.09245376       0       0       7
  594      1.55409356     -1.64040370    -26.09245376       0       0      36
  595      2.81291776     -1.06504129    -26.09245376       3       0      81
  596      2.53564543     -0.90519389    -26.09245376       9       0     104
  597      2.49199496     -2.72612417    -26.09245376       9       0      93
  598      2.00393345     -1.11352147    -26.09245376      11       0      81
  599      2.16382468     -3.17470933    -26.09245376       6       0      43
  600      1.37726525     -3.61326191    -26.09245376       7       0      32
  601      1.12672525     -1.95165004    -26.09245376       2       0      16
  602      0.00000000    -26.09245376    -26.09245376       2       0       3
  603      0.79375124     -8.32586096    -26.09245376       0       0       4
  604      0.00000000    -26.09245376    -26.09245376       1       0       0
  605      0.00000000    -26.09245376    -26.09245376       0       0       0
  606      0.00000000    -26.09245376    -26.09245376       0       0       0
  607      0.00000000    -26.09245376    -26.09245376       0       0       0
  608      0.00000000    -26.09245376    -26.09245376       0       0       0
  609      0.59700819    -12.72957515    -26.09245376       0       0       7
  610      1.47926709     -0.73469019    -26.09245376       1       0      33
  611      2.22706209      0.00012860    -26.09245376       2       0      75
  612      2.99810454     -0.72797622    -26.09245376       5       0     104
  613      2.63690660     -1.47927005    -26.09245376      13       0      91
  614      2.53331731     -0.18966359    -26.09245376      10       0      86
  615      1.00574167     -9.96647902    -26.09245376       7       0      42
  616      2.43390151     -0.64629316    -26.09245376       2       0      37
  617      0.00000000    -26.09245376    -26.09245376       5       0      16
  618      0.00000000    -26.09245376    -26.09245376       0       0       5
  619      0.00000000    -26.09245376    -26.09245376       0       0       3
  620      0.00000000    -26.09245376    -26.09245376       0       0       1
  621      0.00000000    -26.09245376    -26.09245376       0       0       0
  622      0.00000000    -26.09245376    -26.09245376       0       0       0
  623      0.00000000    -26.09245376    -26.09245376       0       0       0
  624      0.00000000    -26.09245376    -26.09245376       0       0       0
  625      0.00000000    -26.09245376    -26.09245376       0       0       6
  626      1.85779089     -0.71278887    -26.09245376       0       0      32
  627      2.44694428     -1.01436291    -26.09245376       3       0      72
  628      3.67882391     -1.56027632    -26.09245376       8       0      96
  629      3.22745967     -0.47120291    -26.09245376      15       0      94
  630      2.64511352     -0.67679420    -26.09245376      13       0      89
  631      2.13278348     -0.78491097    -26.09245376       8       0      47
  632      1.98466113     -1.63821672    -26.09245376       6       0      34
  633      0.58268580    -13.05015433    -26.09245376       5       0      21
  634      0.00000000    -26.09245376    -26.09245376       1       0       5
  635      0.77482390     -8.74951310    -26.09245376       0       0       3
  636      0.00000000    -26.09245376    -26.09245376       1       0       1
  637      0.00000000    -26.09245376    -26.09245376       0       0       0
  638      0.00000000    -26.09245376    -26.09245376       0       0       0
  639      0.00000000    -26.09245376    -26.09245376       0       0       0
  640      0.00000000    -26.09245376    -26.09245376       0       0       0
  641      1.48696633     -1.81546713    -26.09245376       0       0       6
  642      1.90536462     -1.77686807    -26.09245376       3       0      29
  643      1.86975637     -0.85727719    -26.09245376       4       0      67
  644      3.09176398     -1.77748227    -26.09245376       5       0      89
  645      2.61435548     -2.33765127    -26.09245376      11       0      96
  646      2.88838508     -1.31543564    -26.09245376      10       0      94
  647      1.68053654     -4.11753475    -26.09245376       9       0      49
  648      1.34565046     -3.35443781    -26.09245376       5       0      35
  649      1.45034708     -1.97859500    -26.09245376       3       0      25
  650      1.37724949     -1.76460658    -26.09245376       3       0       6
  651      0.00000000    -26.09245376    -26.09245376       2       0       2
  652      0.92442497     -5.40098122    -26.09245376       0       0       2
  653      0.00000000    -26.09245376    -26.09245376       1       0       0
  654      0.00000000    -26.09245376    -26.09245376       0       0       0
  655      0.00000000    -26.09245376    -26.09245376       0       0       0
  656      0.00000000    -26.09245376    -26.09245376       0       0       0
  657      0.00000000    -26.09245376    -26.09245376       0       0       3
  658      2.03618061     -1.48754924    -26.09245376       0       0      28
  659      2.52079091     -0.63074717    -26.09245376       4       0      66
  660      3.00984357     -0.16820168    -26.09245376       8       0      83
  661      3.63123644     -0.75799499    -26.09245376       9       0      97
  662      3.53179480     -1.08662548    -26.09245376      16       0      95
  663      1.99878603     -3.33690612    -26.09245376      14       0      53
  664      1.20613376     -3.12478955    -26.09245376       6       0      37
  665      0.99607187     -3.79730335    -26.09245376       2       0      25
  666      0.00000000    -26.09245376    -26.09245376       1       0       7
  667      1.02146213     -3.22899123    -26.09245376       0       0       4
  668      0.00000000    -26.09245376    -26.09245376       1       0       1
  669      0.00000000    -26.09245376    -26.09245376       0       0       1
  670      0.00000000    -26.09245376    -26.09245376       0       0       0
  671      0.00000000    -26.09245376    -26.09245376       0       0       0
  672      0.00000000    -26.09245376    -26.09245376       0       0       0
  673      0.00000000    -26.09245376    -26.09245376       0       0       3
  674      1.45667355     -7.51519076    -26.09245376       0       0      24
  675      1.72584230     -1.34955497    -26.09245376       4       0      62
  676      2.02705229     -3.78448109    -26.09245376       3       0      82
  677      2.30409676     -1.59865596    -26.09245376       7       0      90
  678      2.43392185     -0.96977172    -26.09245376       7       0      97
  679      3.02611360     -1.74337878    -26.09245376       9       0      61
  680      0.97673756     -4.23006461    -26.09245376       9       0      41
  681      1.49295890     -0.40406745    -26.09245376       1       0      26
  682      0.00000000    -26.09245376    -26.09245376       2       0       8
  683      0.63538017    -11.87069247    -26.09245376       0       0       3
  684      1.10617151     -1.33293483    -26.09245376       1       0       2
  685      0.00000000    -26.09245376    -26.09245376       1       0       1
  686      0.00000000    -26.09245376    -26.09245376       0       0       0
  687      0.00000000    -26.09245376    -26.09245376       0       0       0
  688      0.00000000    -26.09245376    -26.09245376       0       0       0
  689      0.76512941     -8.96650563    -26.09245376       0       0       3
  690      2.05297305     -2.37391236    -26.09245376       1       0      20
  691      1.69223690     -1.05596350    -26.09245376       5       0      63
  692      2.26050994     -2.28389968    -26.09245376       3       0      78
  693      1.74404374     -1.89052390    -26.09245376       8       0      90
  694      2.58735184     -0.38548884    -26.09245376       5       0      95
  695      2.76417812     -0.37095425    -26.09245376       8       0      61
  696      2.63448597     -0.94940063    -26.09245376       8       0      49
  697      0.97479627     -4.27351677    -26.09245376       7       0      25
  698      1.34186994     -3.70432806    -26.09245376       1       0      10
  699      0.00000000    -26.09245376    -26.09245376       3       0       2
  700      0.00000000    -26.09245376    -26.09245376       0       0       2
  701      1.03638876     -2.89488732    -26.09245376       0       0       2
  702      0.00000000    -26.09245376    -26.09245376       1       0       0
  703      0.00000000    -26.09245376    -26.09245376       0       0       0
  704      0.00000000    -26.09245376    -26.09245376       0       0       0
  705      0.00000000    -26.09245376    -26.09245376       0       0       2
  706      1.37051351     -1.24433194    -26.09245376       0       0      16
  707      2.86410656     -1.73874562    -26.09245376       2       0      65
  708      2.05797625     -1.01225638    -26.09245376       9       0      73
  709      3.22248052     -0.65996992    -26.09245376       5       0      93
  710      2.74898889     -1.56291226    -26.09245376      10       0      92
  711      3.02914094     -1.61216802    -26.09245376       8       0      61
  712      1.31201347     -2.56053688    -26.09245376      12       0      50
  713      2.02599529     -2.23701899    -26.09245376       2       0      31
  714      0.00000000    -26.09245376    -26.09245376       6       0       8
  715      0.00000000    -26.09245376    -26.09245376       0       0       5
  716      0.00000000    -26.09245376    -26.09245376       0       0       2
  717      1.01746133     -3.31854148    -26.09245376       0       0       1
  718      0.00000000    -26.09245376    -26.09245376       1       0       1
  719      0.00000000    -26.09245376    -26.09245376       0       0       0
  720      0.00000000    -26.09245376    -26.09245376       0       0       0
  721      0.00000000    -26.09245376    -26.09245376       0       0       2
  722      0.00000000    -26.09245376    -26.09245376       0       0      14
  723      2.14006648     -1.22553024    -26.09245376       0       0      58
  724      2.53723390     -1.88412490    -26.09245376       5       0      77
  725      2.76953393     -0.83122415    -26.09245376       9       0      88
  726      3.06546256     -1.31578306    -26.09245376      10       0      94
  727      1.87118423     -2.47984145    -26.09245376      11       0      57
  728      2.08560156     -1.67602899    -26.09245376       7       0      60
  729      0.96946025     -4.39295309    -26.09245376       7       0      27
  730      0.00000000    -26.09245376    -26.09245376       1       0      14
  731      0.63163263    -11.95457379    -26.09245376       0       0       5
  732      0.00000000    -26.09245376    -26.09245376       1       0       2
  733      0.00000000    -26.09245376    -26.09245376       0       0       0
  734      0.00000000    -26.09245376    -26.09245376       0       0       2
  735      0.00000000    -26.09245376    -26.09245376       0       0       0
  736      0.00000000    -26.09245376    -26.09245376       0       0       0
  737      0.00000000    -26.09245376    -26.09245376       0       0       2
  738      1.10381292     -6.55445430    -26.09245376       0       0      14
  739      2.32299198     -1.87759506    -26.09245376       2       0      53
  740      2.86008244     -1.20431189    -26.09245376       6       0      73
  741      1.92483370     -1.76254678    -26.09245376      10       0      87
  742      2.96839502     -1.01421522    -26.09245376       6       0      93
  743      2.50167631     -0.40561484    -26.09245376       9       0      61
  744      2.20237056     -2.86600818    -26.09245376      12       0      60
  745      1.94163157     -0.80054079    -26.09245376       6       0      33
  746      2.05556176     -1.76760303    -26.09245376       4       0      15
  747      0.00000000    -26.09245376    -26.09245376       4       0       4
  748      1.03928590     -2.83004046    -26.09245376       0       0       3
  749      0.00000000    -26.09245376    -26.09245376       1       0       0
  750      0.82957870     -7.52393239    -26.09245376       0       0       2
  751      0.00000000    -26.09245376    -26.09245376       1       0       0
  752      0.00000000    -26.09245376    -26.09245376       0       0       0
  753      0.76898810     -8.88013622    -26.09245376       0       0       2
  754      1.10071138     -1.45514953    -26.09245376       1       0      12
  755      2.69557472     -1.13131185    -26.09245376       1       0      49
  756      2.00970104     -0.76462222    -26.09245376       9       0      69
  757      3.11973986     -1.31217360    -26.09245376       6       0      91
  758      2.42389136     -1.71426959    -26.09245376      13       0      89
  759      2.26146820     -2.22466868    -26.09245376       9       0      60
  760      2.52565823     -0.91174730    -26.09245376       7       0      65
  761      2.01308060     -1.77738387    -26.09245376       9       0      35
  762      1.11244856     -5.83738832    -26.09245376       7       0      15
  763      0.00000000    -26.09245376    -26.09245376       2       0       8
  764      0.00000000    -26.09245376    -26.09245376       0       0       2
  765      0.00000000    -26.09245376    -26.09245376       0       0       1
  766      0.00000000    -26.09245376    -26.09245376       0       0       1
  767      0.00000000    -26.09245376    -26.09245376       0       0       1
  768      0.00000000    -26.09245376    -26.09245376       0       0       0
  769      0.00000000    -26.09245376    -26.09245376       0       0       1
  770      1.91946836     -1.22473956    -26.09245376       0       0      12
  771      1.54969068     -4.19385500    -26.09245376       4       0      41
  772      1.98991028     -1.52166085    -26.09245376       4       0      72
  773      3.21712636     -0.79394926    -26.09245376       7       0      84
  774      2.82596943     -1.38601224    -26.09245376      16       0      93
  775      2.57733430     -0.85930329    -26.09245376       9       0      62
  776      2.07478752     -0.66900894    -26.09245376       7       0      63
  777      1.75023894     -2.65119958    -26.09245376       4       0      37
  778      0.66023517    -11.31436110    -26.09245376       6       0      20
  779      1.09690190     -1.54041737    -26.09245376       1       0      10
  780      0.78652153     -8.48768414    -26.09245376       1       0       2
  781      0.00000000    -26.09245376    -26.09245376       1       0       1
  782      0.00000000    -26.09245376    -26.09245376       0       0       1
  783      0.00000000    -26.09245376    -26.09245376       0       0       1
  784      0.00000000    -26.09245376    -26.09245376       0       0       0
  785      0.00000000    -26.09245376    -26.09245376       0       0       1
  786      0.00000000    -26.09245376    -26.09245376       0       0       8
  787      1.52101989     -1.55801043    -26.09245376       0       0      41
  788      2.02056630     -1.56830792    -26.09245376       3       0      69
  789      2.38604551     -2.87561647    -26.09245376       4       0      75
  790      3.39627863     -1.30543667    -26.09245376       8       0     100
  791      2.64922475     -1.52450424    -26.09245376      15       0      64
  792      1.33780512     -0.32223938    -26.09245376      12       0      66
  793      1.93732706     -2.80686065    -26.09245376       2       0      35
  794      1.47680371     -0.96073597    -26.09245376       4       0      25
  795      1.21555962     -2.82125312    -26.09245376       2       0      10
  796      0.00000000    -26.09245376    -26.09245376       2       0       2
  797      0.00000000    -26.09245376    -26.09245376       0       0       2
  798      0.00000000    -26.09245376    -26.09245376       0       0       1
  799      0.00000000    -26.09245376    -26.09245376       0       0       1
  800      0.00000000    -26.09245376    -26.09245376       0       0       0
  801      0.00000000    -26.09245376    -26.09245376       0       0       1
  802      0.52979847    -14.23393538    -26.09245376       0       0       8
  803      2.21748308     -1.88890296    -26.09245376       1       0      38
  804      1.64684732     -3.32790435    -26.09245376       5       0      68
  805      3.25397964     -0.75005044    -26.09245376       4       0      71
  806      2.81666012     -1.17011602    -26.09245376      10       0      93
  807      2.87597287     -2.01296596    -26.09245376       9       0      67
  808      2.27929193     -0.63905133    -26.09245376      10       0      76
  809      2.72273857     -1.19291235    -26.09245376       6       0      33
  810      0.56429571    -13.46178107    -26.09245376       9       0      27
  811      0.69691912    -10.49326158    -26.09245376       1       0      10
  812      0.00000000    -26.09245376    -26.09245376       1       0       4
  813      0.00000000    -26.09245376    -26.09245376       0       0       2
  814      0.00000000    -26.09245376    -26.09245376       0       0       1
  815      0.00000000    -26.09245376    -26.09245376       0       0       1
  816      0.00000000    -26.09245376    -26.09245376       0       0       0
  817      0.00000000    -26.09245376    -26.09245376       0       0       1
  818      0.93704391     -5.11853061    -26.09245376       0       0       7
  819      1.76620334     -1.61407812    -26.09245376       1       0      34
  820      2.92477738     -1.07208646    -26.09245376       3       0      69
  821      2.05773880     -1.31294647    -26.09245376      12       0      65
  822      3.07354678     -0.94737941    -26.09245376       6       0      94
  823      2.35192279     -1.94686654    -26.09245376      11       0      66
  824      2.39459586     -1.22737226    -26.09245376       7       0      80
  825      1.58381876     -4.45902422    -26.09245376       6       0      30
  826      2.09030896     -1.91103728    -26.09245376       4       0      35
  827      1.25875258     -2.47233467    -26.09245376       5       0      10
  828      0.00000000    -26.09245376    -26.09245376       2       0       5
  829      1.42445429     -3.46588613    -26.09245376       0       0       2
  830      0.00000000    -26.09245376    -26.09245376       2       0       1
  831      0.00000000    -26.09245376    -26.09245376       0       0       1
  832      0.00000000    -26.09245376    -26.09245376       0       0       0
  833      0.00000000    -26.09245376    -26.09245376       0       0       1
  834      0.00000000    -26.09245376    -26.09245376       0       0       6
  835      2.58768962     -1.69913169    -26.09245376       0       0      32
  836      2.21276519     -2.13072741    -26.09245376       7       0      60
  837      2.15396104     -2.28141607    -26.09245376       7       0      71
  838      1.61934242     -1.62063766    -26.09245376       7       0      89
  839      2.89052409     -1.09176512    -26.09245376       5       0      70
  840      2.44900838     -1.85316831    -26.09245376      10       0      81
  841      2.29888727     -0.47485452    -26.09245376       8       0      32
  842      1.97395878     -1.38954573    -26.09245376       5       0      34
  843      0.00000000    -26.09245376    -26.09245376       5       0      13
  844      0.00000000    -26.09245376    -26.09245376       0       0       7
  845      0.00000000    -26.09245376    -26.09245376       0       0       0
  846      0.00000000    -26.09245376    -26.09245376       0       0       3
  847      0.00000000    -26.09245376    -26.09245376       0       0       1
  848      0.00000000    -26.09245376    -26.09245376       0       0       0
  849      0.00000000    -26.09245376    -26.09245376       0       0       1
  850      0.00000000    -26.09245376    -26.09245376       0       0       6
  851      1.77551621     -2.70011302    -26.09245376       0       0      25
  852      1.93076876     -3.43688059    -26.09245376       4       0      60
  853      2.24258611     -1.33891108    -26.09245376       5       0      71
  854      2.47225439     -1.83317507    -26.09245376       8       0      91
  855      1.93848480     -2.09385467    -26.09245376       8       0      65
  856      2.92327400     -0.81118223    -26.09245376       6       0      83
  857      2.38758881     -2.44728907    -26.09245376      12       0      35
  858      1.56481572     -3.77735275    -26.09245376      10       0      34
  859      2.09341950     -1.49006931    -26.09245376       4       0      18
  860      0.00000000    -26.09245376    -26.09245376       5       0       7
  861      0.00000000    -26.09245376    -26.09245376       0       0       0
  862      0.00000000    -26.09245376    -26.09245376       0       0       3
  863      0.00000000    -26.09245376    -26.09245376       0       0       1
  864      0.00000000    -26.09245376    -26.09245376       0       0       0
  865      0.00000000    -26.09245376    -26.09245376       0       0       1
  866      1.04554961     -2.68983950    -26.09245376       0       0       6
  867      2.06524991     -1.86936389    -26.09245376       1       0      21
  868      2.45215168     -0.93742610    -26.09245376       5       0      59
  869      2.29724846     -1.44481075    -26.09245376       7       0      68
  870      2.60194013     -0.35201594    -26.09245376       7       0      91
  871      2.61248255     -2.18719577    -26.09245376       7       0      67
  872      2.95142599     -0.69072626    -26.09245376       9       0      77
  873      0.89019316    -11.25050865    -26.09245376      10       0      37
  874      1.85960484     -1.71760501    -26.09245376       2       0      40
  875      1.69016953     -2.29304630    -26.09245376       4       0      17
  876      1.50628108     -2.19009721    -26.09245376       3       0      12
  877      0.00000000    -26.09245376    -26.09245376       2       0       0
  878      0.00000000    -26.09245376    -26.09245376       0       0       3
  879      0.00000000    -26.09245376    -26.09245376       0       0       1
  880      0.00000000    -26.09245376    -26.09245376       0       0       0
  881      0.00000000    -26.09245376    -26.09245376       0       0       1
  882      0.00000000    -26.09245376    -26.09245376       0       0       5
  883      1.06633946     -2.22449868    -26.09245376       0       0      17
  884      2.57354765     -0.55519459    -26.09245376       1       0      57
  885      3.07437805     -0.85900017    -26.09245376       7       0      68
  886      2.86965539     -0.38045871    -26.09245376      12       0      91
  887      2.38389636     -0.81012829    -26.09245376      10       0      65
  888      2.89079834     -0.76780103    -26.09245376       7       0      76
  889      2.14081317     -2.06163990    -26.09245376       9       0      45
  890      1.70349702     -6.28634899    -26.09245376       6       0      38
  891      1.37611516     -4.20734323    -26.09245376       4       0      18
  892      0.86517214     -9.43464766    -26.09245376       3       0      13
  893      1.00403536     -3.61905603    -26.09245376       2       0       2
  894      0.00000000    -26.09245376    -26.09245376       1       0       3
  895      0.00000000    -26.09245376    -26.09245376       0       0       1
  896      0.00000000    -26.09245376    -26.09245376       0       0       0
  897      0.00000000    -26.09245376    -26.09245376       0       0       1
  898      0.00000000    -26.09245376    -26.09245376       0       0       5
  899      1.74055720     -3.52038255    -26.09245376       0       0      16
  900      2.21581900     -0.34667319    -26.09245376       5       0      51
  901      3.09346860     -1.40104844    -26.09245376       4       0      63
  902      1.78324228     -1.23593456    -26.09245376      11       0      93
  903      2.33580012     -3.06442621    -26.09245376       3       0      68
  904      3.07455936     -1.42248204    -26.09245376       9       0      74
  905      1.67108878     -2.05912498    -26.09245376      13       0      48
  906      2.01092366     -2.15394651    -26.09245376       5       0      40
  907      1.36985875     -2.71797521    -26.09245376       5       0      19
  908      1.24879293     -3.82178686    -26.09245376       2       0      14
  909      0.00000000    -26.09245376    -26.09245376       2       0       3
  910      0.00000000    -26.09245376    -26.09245376       0       0       4
  911      0.00000000    -26.09245376    -26.09245376       0       0       1
  912      0.00000000    -26.09245376    -26.09245376       0       0       0
  913      0.65589983    -11.41139940    -26.09245376       0       0       1
  914      1.08567653     -2.30880706    -26.09245376       1       0       5
  915      1.07466692     -2.03810446    -26.09245376       2       0      11
  916      2.68599573     -1.23928430    -26.09245376       1       0      52
  917      1.68900503     -5.34608999    -26.09245376       7       0      56
  918      3.00499793     -0.26010736    -26.09245376       4       0     101
  919      2.34615834     -0.89623495    -26.09245376      13       0      62
  920      2.18414971     -1.83407022    -26.09245376       6       0      70
  921      1.51077963     -3.87694270    -26.09245376       6       0      56
  922      1.30217836     -3.45450877    -26.09245376       4       0      40
  923      1.49321009     -2.18885984    -26.09245376       2       0      22
  924      0.94553083     -4.92856720    -26.09245376       3       0      14
  925      0.00000000    -26.09245376    -26.09245376       1       0       5
  926      0.00000000    -26.09245376    -26.09245376       0       0       4
  927      0.00000000    -26.09245376    -26.09245376       0       0       1
  928      0.00000000    -26.09245376    -26.09245376       0       0       0
  929      0.00000000    -26.09245376    -26.09245376       0       0       0
  930      0.00000000    -26.09245376    -26.09245376       0       0       4
  931      0.00000000    -26.09245376    -26.09245376       0       0      12
  932      1.49189095     -2.99501788    -26.09245376       0       0      46
  933      2.17410885     -0.07636892    -26.09245376       3       0      59
  934      2.33929938     -0.70564026    -26.09245376       6       0      92
  935      2.70643606     -1.58648615    -26.09245376       6       0      69
  936      2.79611049     -2.36090330    -26.09245376       8       0      69
  937      1.93545863     -1.03839485    -26.09245376      10       0      60
  938      1.47680092     -4.98367546    -26.09245376       4       0      41
  939      1.11829885     -1.06148768    -26.09245376       5       0      21
  940      0.92043022     -5.49039603    -26.09245376       1       0      16
  941      0.97277208     -4.31882421    -26.09245376       1       0       6
  942      0.00000000    -26.09245376    -26.09245376       1       0       4
  943      0.00000000    -26.09245376    -26.09245376       0       0       1
  944      0.00000000    -26.09245376    -26.09245376       0       0       0
  945      0.00000000    -26.09245376    -26.09245376       0       0       0
  946      1.12640545     -0.88003711    -26.09245376       0       0       4
  947      1.39154879     -1.01297843    -26.09245376       1       0      12
  948      1.80747238     -1.84968934    -26.09245376       2       0      43
  949      1.19790751     -5.18813517    -26.09245376       3       0      56
  950      1.97007755     -1.06554134    -26.09245376       2       0      92
  951      2.89357999     -0.37714372    -26.09245376       5       0      67
  952      2.16455721     -0.36259707    -26.09245376      13       0      67
  953      2.60756497     -0.39225624    -26.09245376       6       0      66
  954      1.57094852     -2.51687575    -26.09245376       7       0      40
  955      1.40011136     -3.21700290    -26.09245376       3       0      25
  956      1.69179407     -3.85114638    -26.09245376       2       0      16
  957      0.00000000    -26.09245376    -26.09245376       4       0       6
  958      0.00000000    -26.09245376    -26.09245376       0       0       5
  959      0.00000000    -26.09245376    -26.09245376       0       0       1
  960      0.00000000    -26.09245376    -26.09245376       0       0       0
  961      0.00000000    -26.09245376    -26.09245376       0       0       0
  962      0.00000000    -26.09245376    -26.09245376       0       0       3
  963      0.68263451    -10.81299505    -26.09245376       0       0      11
  964      1.03643988     -2.89374316    -26.09245376       1       0      42
  965      0.45799898    -15.84102875    -26.09245376       1       0      57
  966      2.77974105     -0.79913464    -26.09245376       1       0      89
  967      1.37210904     -2.77615745    -26.09245376      11       0      59
  968      2.24447724     -1.57071316    -26.09245376       3       0      74
  969      3.06361668     -1.81197964    -26.09245376       6       0      65
  970      1.25975748     -5.71287913    -26.09245376      12       0      44
  971      1.12546399     -0.90110986    -26.09245376       2       0      26
  972      1.11358523     -1.16699321    -26.09245376       1       0      14
  973      1.11599245     -3.67261270    -26.09245376       1       0      10
  974      0.00000000    -26.09245376    -26.09245376       2       0       5
  975      0.00000000    -26.09245376    -26.09245376       0       0       1
  976      0.00000000    -26.09245376    -26.09245376       0       0       0
  977      0.00000000    -26.09245376    -26.09245376       0       0       0
  978      0.63966773    -11.77472356    -26.09245376       0       0       3
  979      0.99148657     -3.89993644    -26.09245376       1       0      10
  980      1.97720807     -4.07483669    -26.09245376       1       0      42
  981      2.39849911     -2.25866824    -26.09245376       7       0      57
  982      2.45279415     -1.92162251    -26.09245376       9       0      79
  983      2.19709092     -1.40233831    -26.09245376       8       0      67
  984      2.54936914     -1.25912087    -26.09245376       8       0      71
  985      2.26170448     -1.06691102    -26.09245376      10       0      59
  986      1.89816196     -2.39421266    -26.09245376       5       0      54
  987      2.21596428     -0.70501757    -26.09245376       7       0      27
  988      1.17956457     -4.95650107    -26.09245376       6       0      14
  989      1.62822364     -0.01751437    -26.09245376       2       0       9
  990      0.97893460     -4.18088806    -26.09245376       2       0       7
  991      0.00000000    -26.09245376    -26.09245376       1       0       1
  992      0.00000000    -26.09245376    -26.09245376       0       0       0
  993      0.00000000    -26.09245376    -26.09245376       0       0       0
  994      0.00000000    -26.09245376    -26.09245376       0       0       2
  995      1.49450774     -1.91729529    -26.09245376       0       0      10
  996      1.36798118     -3.10136972    -26.09245376       2       0      36
  997      2.39154172     -0.64517023    -26.09245376       3       0      55
  998      2.94478519     -0.56630721    -26.09245376       5       0      80
  999      3.02407417     -0.64593929    -26.09245376      11       0      67
 1000      2.54576991     -0.23781731    -26.09245376      12       0      69
----------------------------------------------------------------------------------
Artificial Bee Colony Optimization Finished!

 -- Results Report --
 * 100 LMs will be saved in [ lm-solvent-LM ].
      #          Energy
      0    -26.09245376
      1    -25.28180706
      2    -24.93467124
      3    -24.74289479
      4    -24.70154426
      5    -24.69283715
      6    -24.13562184
      7    -24.02024961
      8    -23.96748449
      9    -23.84037174
     10    -23.74466764
     11    -23.65870051
     12    -23.55195872
     13    -23.36896178
     14    -23.36597530
     15    -23.27664105
     16    -23.19079410
     17    -23.18130647
     18    -23.04420276
     19    -22.95149722
     20    -22.79241344
     21    -22.66661579
     22    -22.54822426
     23    -22.51179682
     24    -22.39613407
     25    -22.31818492
     26    -22.00563872
     27    -21.94533757
     28    -21.89320085
     29    -21.85669497
     30    -21.85147996
     31    -21.79323844
     32    -21.76027259
     33    -21.71796353
     34    -21.71256170
     35    -21.62780045
     36    -21.61435805
     37    -21.54303426
     38    -21.43951055
     39    -21.37035520
     40    -21.32478755
     41    -21.27914607
     42    -21.22808246
     43    -21.22785476
     44    -21.21517349
     45    -21.20650386
     46    -21.17218369
     47    -21.14157119
     48    -21.07132735
     49    -21.06054263
     50    -21.05798463
     51    -20.87547923
     52    -20.84570735
     53    -20.77513538
     54    -20.77235530
     55    -20.76891850
     56    -20.66693755
     57    -20.53613746
     58    -20.53007889
     59    -20.49664603
     60    -20.48834436
     61    -20.45848396
     62    -20.44860245
     63    -20.41686277
     64    -20.33606497
     65    -20.27607669
     66    -20.27351612
     67    -20.26163444
     68    -20.24374750
     69    -20.18716926
     70    -20.10362508
     71    -20.07905729
     72    -20.07031155
     73    -20.04529793
     74    -20.03751572
     75    -20.02011710
     76    -20.00518256
     77    -19.96530036
     78    -19.92502653
     79    -19.82230354
     80    -19.81739060
     81    -19.80113928
     82    -19.79797470
     83    -19.74348271
     84    -19.72220819
     85    -19.72045524
     86    -19.68427493
     87    -19.64266326
     88    -19.62893473
     89    -19.54110291
     90    -19.49170520
     91    -19.47309383
     92    -19.46590934
     93    -19.46560434
     94    -19.45201293
     95    -19.40268356
     96    -19.35783232
     97    -19.33946953
     98    -19.30285517
     99    -19.25607125

 * Final Global Minimal Energy:    -26.09245376
 * The Global Minimum is saved as: [ lm-solvent-OPT.(cluster/xyz/gjf) ]

===== (^ _ ^) =====
Normal termination at Mon Jan 20 22:45:53 2020.
Total run time: 259 seconds = 0 days 0 hours 4 minutes 19 seconds.
