    * * * * * * * * * * * * * * * * * * * * *
    *       __    ____    ______            *
    *      /  \  |  _ \  |  ___/  luster !  *
     *    / _  \ | |_| | | |               *
     *   / /_\ | |  _ <  | |     < @  @ >  * 
     *  / ___  | | |_| | | |___ _ _  o     * 
    *  /_/   |_| |____/  |_____ _ __ __  _  *
    *                                       *
    * * * * * * * * * * * * * * * * * * * * *

ABCluster 1.5.1
Specific flag:  official version
Platform:       LINUX/UNIX
Compiled by:    junzhang@gellmann.scs.illinois.edu
Compiling date: Dec 18 2017 20:33:35
C++ compiler:   g++
C++ options:    -O3 -Os -fno-exceptions --std=c++0x -fopenmp 

Contributors:
Jun Zhang(University of Cologne): Design and coding.

For any suggestions, comments, and questions on the theory and
implementation of ABCluster, please feel free to contact:

Dr. Jun Zhang, ZhangJunQcc@gmail.com

If you used this program in your work, please cite this reference:

[1] Zhang, J.; Dolg, M.; ABCluster: The Artificial Bee Colony Algorithm for
    Cluster Global Optimization. Phys. Chem. Chem. Phys. 2015, 17, 24173-24181.
[2] Zhang, J.; Dolg, M.; Global Optimization of Clusters of Rigid Molecules by the
    Artificial Bee Colony Algorithm. Phys. Chem. Chem. Phys. 2016, 18, 3003-3010.

Program starts at Sat Dec 14 23:45:27 2019.
Command line: " /ihome/jkeith/amm503/codes/ABCluster/rigidmol-optimizer solvent.inp "
Process ID:   252160
Run by:       amm503@smp-n48.crc.pitt.edu
Available CPU cores:    24
Read "OMP_NUM_THREADS": Unset

Random number testing (integers): 1826296433...218948532
Random number testing (fractals): 0.96269146...0.07264608

 -- Input/Output Parameters --
Input file name:      solvent.inp
Cluster file name:    solvent.cluster
Result file name:     lm-na-solvent.(cluster/xyz/gjf)
Temporary file name:  abclusteramm503smp-n48.crc.pitt.edu252160-OPT
# of saved LMs:       100
LMs are stored in:    lm-na-solvent-LM

 -- ABC Control Parameters --
Population size:                  500
Maximal generation:              1000
Scout limit:                       15
Amplitude:                24.00000000

 -- Cluster Components: from [ solvent.cluster ] --
 -----------------------------------------------------------
   Source                                       #   Charge
 -----------------------------------------------------------
   charmm36/ch3cn.xyz                          10   -0.000
   charmm36/na.xyz                              1    1.000
 -----------------------------------------------------------
   Dimension: 0, an isolate cluster.
 -----------------------------------------------------------

Artificial Bee Colony Optimization Starts!
----------------------------------------------------------------------------------
 * Population: 500; Maximal cycles: 1000
 * EM = Employed Bee; Trigonometric mutation
 * OL = Onlooker Bee; ABC/best/2(0.5)+ABC/current/2(0.5);
        Tournament selection from 5 nectars.
 * SC = Scout Bee; Random nectar; Limit = 15
----------------------------------------------------------------------------------
    #       Diversity            maxE            minE    byEM    byOL    bySC
----------------------------------------------------------------------------------
    1     71.00245252    -86.55497816   -593.75836018     328      40       0
    2     31.34124224   -115.73309255   -593.75835990     235      67       0
    3      4.64862496   -531.49792849   -593.75836018     156      31       0
    4      3.32598876   -579.30676033   -593.75835973     124      21       0
    5      3.14104178   -581.37089188   -593.75836016      89      28       0
    6      2.92335135   -581.37089188   -593.75835723      82      27       0
    7      2.76882828   -582.69521133   -593.75836013      76      11       0
    8      2.63192446   -584.26321045   -593.75836009      68      18       0
    9      2.48993586   -584.26321045   -593.75836016      55       6       0
   10      2.28039911   -584.26321045   -593.75835673      72       4       0
   11      2.06236979   -584.26321045   -593.75836015      89       3       0
   12      1.74264925   -585.70326706   -593.75836018      74       0       0
   13      1.26906633   -587.37222344   -593.75836017      89       0       0
   14      0.75878147   -587.37222344   -593.75836011      63       0       0
   15      0.00218490   -593.73829353   -593.75836021      37       0       0
   16      0.00089646   -593.73829429   -593.75836017       5       0       0
   17      0.64983950   -579.21292770   -593.75836017       0       0       1
   18     51.26964830    -18.53788257   -593.75836017       2       0      20
   19    181.55061374   3113.68585799   -593.75835880      18       0      57
   20    108.56335917    -37.04237719   -593.75835933      56       0     148
   21    110.94262434    -27.48380491   -593.75835711     122       0     125
   22 28475474.25531153 637368083.73125386   -593.75836019     152       1      88
   23 132552.23112466 2966351.40354102   -593.75835976     154       4      49
   24     26.99681100   -122.42601665   -593.75836015     150       2       9
   25     23.84271730   -215.45380618   -593.75835965     142       0       3
   26      1.51952001   -583.12378614   -593.75835962     121       0       0
   27      0.40550081   -586.65727836   -593.75836016      63       0       0
   28      0.00000063   -593.75836019   -593.75836015      16       0       0
   29      0.00000063   -593.75836019   -593.75836015       0       0       0
   30      0.00000063   -593.75836019   -593.75836015       0       0       0
   31      0.00000063   -593.75836019   -593.75836015       0       0       0
   32      0.00000063   -593.75836019   -593.75836015       0       0       0
   33      0.00000063   -593.75836019   -593.75836015       0       0       0
   34      0.00000063   -593.75836019   -593.75836015       0       0       0
   35     31.40058316   -218.74568425   -593.75836015       0       0      17
   36     58.13160431      4.18737441   -593.75836016      17       0      49
   37     80.61010501    -41.51732364   -593.75836004      47       0      65
   38 110958030.84681948 2483581253.86872387   -593.75835986      70       0      83
   39     97.37613200    -38.30539055   -593.75836010      93       0      96
   40 5446995.00535103 121919928.45568000   -593.75836058     119       0      92
   41     85.10473526    -19.11056694   -593.75835988     136       2      62
   42     54.27493391   -109.28746680   -593.75836020     127       0      31
   43     30.88315405    -47.86127963   -593.75836018     117       0       5
   44      1.17217597   -580.66961295   -593.75835997      95       0       0
   45      0.10916773   -591.31489276   -593.75836012      29       0       0
   46      0.00000060   -593.75836005   -593.75835999       2       0       0
   47      0.00000060   -593.75836005   -593.75835999       0       0       0
   48      0.00000060   -593.75836005   -593.75835999       0       0       0
   49      0.00000060   -593.75836005   -593.75835999       0       0       0
   50      0.00000060   -593.75836005   -593.75835999       0       0       0
   51      0.00000060   -593.75836005   -593.75835999       0       0       0
   52     35.64954956   -124.24785017   -593.75836019       0       0      15
   53     62.56715736    -54.88754427   -593.75835989      15       0      33
   54     66.63594607    -53.57011139   -593.75835686      32       0      50
   55     87.35060544    -28.33304866   -593.75836015      49       0      67
   56 253155.80291408 5665834.60104461   -593.75835976      76       0      79
   57 4786770.69290410 107142071.09020458   -593.75835967      85       0      73
   58     80.61035367    -17.86997268   -593.75836018     102       0      80
   59     87.43429149    -20.95489719   -593.75835990     115       0      69
   60     52.63249169    -58.50001207   -593.75836018     114       0      29
   61     30.12773982   -101.18706432   -593.75836017      97       0       5
   62      1.11621212   -581.04258418   -593.75836020      46       0       0
   63      0.21832101   -588.87166458   -593.75835970      15       0       0
   64      0.00000040   -593.75835990   -593.75835970       1       0       0
   65      0.00000040   -593.75835990   -593.75835970       0       0       0
   66      0.00000040   -593.75835990   -593.75835970       0       0       0
   67      0.00000040   -593.75835990   -593.75835970       0       0       0
   68      0.00000040   -593.75835990   -593.75835970       0       0       0
   69     30.45110637   -180.14903052   -593.75835970       0       0      14
   70     48.49996448    -70.52375439   -593.75836020      14       0      29
   71     71.69531390    -34.50655437   -593.75835921      28       0      42
   72     66.46030692    -56.82809574   -593.75836003      45       0      59
   73     72.74153711     -6.68675586   -593.75836017      65       0      62
   74     78.91186251    -59.28911905   -593.75836018      72       0      65
   75     85.56762904    -40.27071341   -593.75836007      73       0      75
   76     87.19805048    -37.70706623   -593.75836019      90       0      74
   77     63.95719918    -76.33059652   -593.75836012     109       0      52
   78     58.53264239    -76.76234547   -593.75835974      91       0      25
   79     16.60962244   -232.74816885   -593.75836016      71       0       3
   80      0.86291938   -575.75871296   -593.75835899      31       0       0
   81      0.00000024   -593.75835938   -593.75836015       3       0       0
   82      0.00000024   -593.75835938   -593.75836015       0       0       0
   83      0.00000024   -593.75835938   -593.75836015       0       0       0
   84      0.00000024   -593.75835938   -593.75836015       0       0       0
   85      0.00000024   -593.75835938   -593.75836015       0       0       0
   86     52.18865654    -26.21153681   -593.75836015       0       0      13
   87     44.41392239   -105.46088148   -593.75836010      13       0      27
   88 5957858.58650419 133354607.85811056   -593.75836011      26       0      36
   89     78.05667745    -39.94331629   -593.75836011      37       0      51
   90     73.60642158    -58.21157827   -593.75836008      55       0      60
   91     77.91882545    -16.67937158   -593.75836016      69       0      59
   92     75.90262081    -22.31156792   -593.75836017      78       0      62
   93     95.13259677    -41.67027982   -593.75835974      79       0      72
   94 1613474.86868494 36113949.83538643   -593.75836017      92       0      62
   95     76.58758974    -38.34479982   -593.75836016     102       0      45
   96     36.99173767   -123.82519928   -593.75836018      77       0      13
   97      1.32420718   -565.10142916   -593.75836020      39       0       0
   98      0.00000022   -593.75836006   -593.75836018       3       0       0
   99      0.00000022   -593.75836006   -593.75836018       0       0       0
  100      0.00000022   -593.75836006   -593.75836018       0       0       0
  101      0.00000022   -593.75836006   -593.75836018       0       0       0
  102      0.00000022   -593.75836006   -593.75836018       0       0       0
  103     46.19265137   -110.66671053   -593.75836018       0       0      13
  104     44.54484399    -79.25827365   -593.75836018      13       0      25
  105     53.85714028    -26.18583851   -593.75836020      24       0      33
  106     63.47104041    -66.37612459   -593.75836020      31       0      40
  107     60.23942349    -45.24875650   -593.75836004      45       0      52
  108     81.76185587    -69.35623024   -593.75836016      56       0      61
  109     76.63128083    -88.37375298   -593.75836012      66       0      59
  110 19483132.68882167 436091827.04523522   -593.75836011      73       0      63
  111     80.60104282     -8.85642109   -593.75836019      87       0      65
  112     68.67157390    -39.84776181   -593.75836018      98       0      66
  113     32.39527708   -164.70049480   -593.75836021      85       0      22
  114      1.90428348   -576.13093602   -593.75836016      78       0       1
  115      0.53359256   -584.78320760   -593.75836014      21       0       0
  116      0.00000030   -593.75836017   -593.75836015       3       0       0
  117      0.00000030   -593.75836017   -593.75836015       0       0       0
  118      0.00000030   -593.75836017   -593.75836015       0       0       0
  119      0.00000030   -593.75836017   -593.75836015       0       0       0
  120     36.78216295    -54.22358091   -593.75836015       0       0      12
  121     34.14460627   -170.93291727   -593.75836017      12       0      23
  122     61.72624168    -49.25461081   -593.75836016      21       0      33
  123     67.71163253    -39.62640065   -593.75836014      36       0      38
  124     67.90455577    -63.55016664   -593.75836008      36       0      42
  125     66.89800864    -49.09286434   -593.75836020      51       0      52
  126     80.48386979    -68.59679932   -593.75836019      58       0      56
  127     65.20279429    -90.02272433   -593.75836015      66       0      57
  128     86.90005573    -16.65207836   -593.75836017      77       0      69
  129     71.36493510    -88.98422214   -593.75836016      85       0      65
  130 273812.51420542 6128180.94467894   -593.75836019      82       0      42
  131     22.48002591   -149.79525635   -593.75836019      82       0      11
  132      0.92270706   -580.43513085   -593.75836014      52       0       0
  133      0.00000036   -593.75836018   -593.75835954      11       0       0
  134      0.00000036   -593.75836018   -593.75835954       0       0       0
  135      0.00000036   -593.75836018   -593.75835954       0       0       0
  136      0.00000036   -593.75836018   -593.75835954       0       0       0
  137     39.91982070    -68.21963599   -593.75835954       0       0      12
  138     28.73189860    -43.59716943   -593.75836015      12       0      20
  139     48.87606346      5.28277776   -593.75836016      20       0      33
  140 5427666.81538864 121487282.90376467   -593.75836018      30       0      33
  141     66.04097013    -53.69915707   -593.75835938      41       0      39
  142     60.68329952    -53.24989429   -593.75836012      43       0      50
  143     46.18379169   -140.09114004   -593.75836020      50       0      47
  144     74.08795078     -1.54461236   -593.75836019      56       0      60
  145     65.14468996    -76.03878799   -593.75836017      69       0      57
  146     67.92793733    -14.77005255   -593.75836009      68       0      64
  147     69.60368755    -49.06737992   -593.75836013      85       0      49
  148 1300652.12150509 29112007.35634503   -593.75836020      72       0      34
  149      4.96143972   -486.95071263   -593.75835938      62       0       2
  150      0.53825730   -584.01137558   -593.75836019      18       0       0
  151      0.00000016   -593.75836018   -593.75836019       3       0       0
  152      0.00000016   -593.75836018   -593.75836019       0       0       0
  153      0.00000016   -593.75836018   -593.75836019       0       0       0
  154     38.62142911   -102.39546548   -593.75836019       0       0      12
  155     40.27314862   -129.18336767   -593.75836019      12       0      20
  156     55.77697532    -23.70723996   -593.75836018      19       0      27
  157     56.10571684   -127.30278080   -593.75836018      28       0      33
  158     58.54276864    -64.69645291   -593.75836021      33       0      40
  159     57.47635347   -128.49398690   -593.75836017      42       0      46
  160     75.44865324    -77.19964256   -593.75836013      54       0      42
  161     68.31851570    -86.15680479   -593.75836021      48       0      59
  162     65.61145740    -81.57164144   -593.75836019      67       0      47
  163     75.41876286    -16.04497193   -593.75836018      68       0      68
  164     63.50199034    -64.94589549   -593.75836020      81       0      50
  165     71.40360066    -50.38991041   -593.75836019      72       0      47
  166     36.48624236    -53.05478459   -593.75835985      72       0       8
  167      1.12241858   -580.67568315   -593.75836016      25       0       1
  168      0.00000033   -593.75836014   -593.75836016       6       0       0
  169      0.00000033   -593.75836014   -593.75836016       0       0       0
  170      0.00000033   -593.75836014   -593.75836016       0       0       0
  171     34.37782633    -21.59899163   -593.75836016       0       0      12
  172     24.44634708   -203.17539182   -593.75836017      12       0      19
  173     47.24895203    -73.95213476   -593.75836019      19       0      26
  174     54.90296110    -20.48138583   -593.75835985      26       0      33
  175     71.96895087    -25.78897945   -593.75836018      34       0      32
  176     57.53456123    -44.65429385   -593.75836013      38       0      46
  177     60.66767155    -11.87106668   -593.75836020      49       0      36
  178 48169270.99392808 1078175781.21546960   -593.75836013      50       0      57
  179     65.37878236    -33.17754159   -593.75836020      62       0      50
  180     76.98802064    -37.18006997   -593.75836018      64       0      61
  181     60.98858987    -93.35029693   -593.75836015      73       0      55
  182     70.18367411    -14.79033814   -593.75836020      72       0      52
  183     50.30627008    -13.61735997   -593.75836016      76       0      18
  184     20.63705971   -133.32696025   -593.75836020      49       0       3
  185      0.00000038   -593.75836019   -593.75836018      18       0       0
  186      0.00000038   -593.75836019   -593.75836018       0       0       0
  187      0.00000038   -593.75836019   -593.75836018       0       0       0
  188     35.67708186    -50.03644896   -593.75836018       0       0      12
  189     43.37472462   -139.84544631   -593.75836013      11       0      19
  190     38.86565806    -10.59795922   -593.75836010      22       0      20
  191     58.80028590    -40.33969177   -593.75836020      21       0      35
  192     65.13474631     -5.34959375   -593.75836020      34       0      31
  193     61.93066718    -85.83204637   -593.75836015      35       0      42
  194     41.32929825   -186.16039026   -593.75836014      53       0      33
  195     76.36017611    -31.93716907   -593.75836014      46       0      56
  196     64.88671896    -38.56331895   -593.75836018      62       0      46
  197     68.47054714    -51.81465673   -593.75836020      68       0      57
  198 6720356.02765595 150421646.10762823   -593.75836020      66       0      51
  199     60.35114484    -20.96966653   -593.75836019      62       0      52
  200     69.08731556    -35.18000246   -593.75836019      63       0      38
  201     20.85088114   -234.35338626   -593.75836015      50       0       8
  202      0.64009243   -581.74374297   -593.75836019      23       0       0
  203      0.00000042   -593.75835977   -593.75836019       5       0       0
  204      0.00000042   -593.75835977   -593.75836019       0       0       0
  205     21.14031697   -169.05669265   -593.75836019       0       0      10
  206     41.05497591    -97.90801796   -593.75836014      10       0      18
  207 19931080.16428512 446118256.30412686   -593.75836004      18       0      20
  208     43.95919472   -162.91002473   -593.75836014      20       0      33
  209     46.85951849   -124.46333615   -593.75836019      33       0      25
  210     69.90007967    -54.93988330   -593.75836002      29       0      40
  211     50.56479184   -143.15219138   -593.75836018      44       0      35
  212     54.04645464   -112.38465535   -593.75836015      44       0      50
  213     62.33728786     -1.18023138   -593.75836019      49       0      52
  214     73.72690669    -99.99227422   -593.75836018      53       0      57
  215     73.41935090   -101.48532715   -593.75836014      68       0      53
  216     68.59376139    -17.81529069   -593.75836017      72       0      49
  217     68.44457638    -27.77906148   -593.75836019      81       0      40
  218     46.05733286     -7.14413364   -593.75836014      70       0      15
  219     28.61948795    -62.83578224   -593.75836018      39       0       3
  220      0.00000034   -593.75836018   -593.75836017       6       0       0
  221      0.00000034   -593.75836018   -593.75836017       0       0       0
  222     28.93347585    -65.20380863   -593.75836017       0       0      10
  223     41.99068357    -88.59067818   -593.75835985      10       0      17
  224     27.10794141   -135.13357552   -593.75835985      17       0      20
  225     59.62624720      0.89543936   -593.75836018      22       0      28
  226     43.46821566     -4.80182046   -593.75836020      29       0      26
  227     47.13685890   -146.01780920   -593.75836017      29       0      36
  228     50.33587632   -153.12033080   -593.75836018      41       0      40
  229     62.41534007    -45.69034046   -593.75836013      43       0      49
  230     54.35067564   -123.91856682   -593.75836014      61       0      45
  231     61.38132821    -36.93861578   -593.75836014      56       0      40
  232     77.01657356    -62.37153625   -593.75836017      53       0      57
  233  95861.73376831 2145103.45732515   -593.75836019      68       0      51
  234     71.31560217    -49.59925795   -593.75836017      67       0      48
  235     36.50803442   -149.91778082   -593.75836020      67       0      29
  236      3.24577233   -540.07891076   -593.75836020      42       0       4
  237      0.40737037   -585.25499135   -593.75836020      17       0       0
  238      0.00000017   -593.75836016   -593.75836017       2       0       0
  239     34.87019646    -23.29108975   -593.75836017       0       0       8
  240     54.89659359    -34.75738728   -593.75836018       8       0      18
  241     32.76709911   -115.82287243   -593.75836020      17       0      20
  242     38.10909269   -182.97445869   -593.75836020      22       0      25
  243     37.56463659   -138.64398390   -593.75836018      28       0      27
  244     62.08760363    -68.07582205   -593.75836018      27       0      32
  245     65.15109043      6.97064632   -593.75836018      34       0      31
  246     69.33458625    -56.59612508   -593.75836019      35       0      51
  247     57.99279237    -91.53445094   -593.75836015      50       0      47
  248     50.07890073   -145.72705330   -593.75836015      63       0      42
  249     73.23716941    -43.64239457   -593.75836016      58       0      46
  250     58.85777305   -105.38340033   -593.75836019      60       0      58
  251     79.23590857    -28.74504573   -593.75836018      72       0      50
  252     54.58109297    -89.87730250   -593.75835994      61       0      35
  253     32.54767653   -136.30293619   -593.75836018      60       0       9
  254      6.06434572   -459.03597893   -593.75836005      28       0       1
  255      0.00000025   -593.75836020   -593.75836019       5       0       0
  256     18.76775300   -192.72983553   -593.75836021       0       0       7
  257     41.92981149    -98.19036765   -593.75836016       7       0      18
  258     35.40989515    -39.44098095   -593.75836021      18       0      19
  259     55.36677841    -51.70360242   -593.75836016      19       0      26
  260     45.59805278   -135.28326533   -593.75836021      28       0      25
  261     68.91212967    -42.91975576   -593.75836018      35       0      30
  262     51.63936105    -45.61159006   -593.75836018      33       0      32
  263     64.82270878    -83.70333171   -593.75836018      32       0      39
  264 3702998.07044696 82883899.86289336   -593.75836019      44       0      44
  265     73.34568022    -71.59077696   -593.75836011      53       0      51
  266     63.53370483    -13.82865862   -593.75836016      67       0      42
  267     78.35705084    -25.85380525   -593.75836018      53       0      54
  268     58.23042438    -37.85170542   -593.75836022      64       0      48
  269     66.91490373    -49.89066879   -593.75836001      61       0      44
  270     38.40545224    -49.89066879   -593.75836020      56       0      17
  271     22.51642061    -91.41980770   -593.75836021      33       0       4
  272      0.00000022   -593.75836015   -593.75836018      14       0       0
  273      2.04748917   -558.91797730   -593.75836012       0       0       7
  274     36.79119795   -194.02818448   -593.75836018       7       0      16
  275     29.89852195   -129.09728412   -593.75836017      16       0      19
  276     17.21844512   -228.90853342   -593.75836019      21       0      19
  277     39.23066528   -139.94461813   -593.75836017      19       0      30
  278     62.34546634    -23.33723225   -593.75836015      31       0      33
  279     55.66161509    -46.61753747   -593.75836015      35       0      27
  280     58.16343562    -50.52062065   -593.75836015      30       0      35
  281     63.47882885    -18.15002025   -593.75836021      38       0      41
  282     67.88277588    -32.15820464   -593.75836018      47       0      47
  283     71.95286264    -47.45619732   -593.75836018      53       0      51
  284     71.43417598    -22.59825593   -593.75836021      58       0      45
  285     60.53592410    -84.71387018   -593.75836018      51       0      53
  286     63.25395703    -27.70011843   -593.75836019      59       0      44
  287     59.06853962   -106.92264685   -593.75835989      63       0      25
  288     34.91559338    -74.22913937   -593.75836022      42       0       8
  289      0.00000019   -593.75836018   -593.75836022      16       0       0
  290     18.57545347   -243.55456305   -593.75836020       0       0       7
  291     41.25102059    -41.31595873   -593.75836014       7       0      14
  292     47.13057163    -42.45254641   -593.75836022      14       0      21
  293     43.90005919    -25.59598369   -593.75836022      21       0      18
  294     32.74590881   -140.13572287   -593.75836014      17       0      26
  295     48.31773027    -70.55857829   -593.75836008      29       0      35
  296     60.60599912    -66.06739088   -593.75836022      32       0      27
  297     52.17751698    -90.73209184   -593.75836022      31       0      30
  298 5018364.92758181 112325852.53102234   -593.75836018      38       0      45
  299     67.15820637      2.57259785   -593.75836010      44       0      43
  300     59.22935731    -38.31732640   -593.75836016      53       0      45
  301     68.47374611    -45.59766170   -593.75836017      58       0      48
  302     72.52052231    -25.64711896   -593.75836015      61       0      52
  303 41656031.48544484 932389460.59578776   -593.75836022      61       0      45
  304     58.24948464    -72.25929213   -593.75836015      67       0      32
  305     36.92076224    -62.45678010   -593.75836006      54       0      12
  306      0.30678885   -587.73450588   -593.75836011      25       0       0
  307     38.88152791   -102.95458151   -593.75836018       2       0       7
  308     31.04263643    -74.94839515   -593.75836017       7       0      14
  309     52.07497959    -75.94938582   -593.75836006      16       0      21
  310     39.15435387   -115.88849018   -593.75836019      22       0      16
  311     49.54811111    -21.30933632   -593.75836006      19       0      26
  312     43.93215604    -71.90999235   -593.75836016      29       0      33
  313     63.58454532    -44.89249398   -593.75836018      33       0      26
  314     59.26983707    -19.22050614   -593.75836016      31       0      30
  315     69.74959617    -52.93675692   -593.75836022      30       0      39
  316     65.97526771    -42.60544158   -593.75836016      43       0      41
  317     59.63111131    -13.08988014   -593.75836016      43       0      42
  318     81.38747408    -49.03937192   -593.75836021      51       0      52
  319     63.00042637    -62.74562853   -593.75836021      62       0      47
  320     52.38048104    -64.50348279   -593.75836012      64       0      45
  321     56.93031693    -68.85960875   -593.75836012      64       0      39
  322     60.22492496    -22.95698370   -593.75836022      54       0      22
  323      0.13691607   -590.69378314   -593.75836021      35       0       0
  324     29.56938282    -84.15692081   -593.75836020       2       0       5
  325     36.12370057   -110.06363014   -593.75836020       5       0      15
  326     37.52839475    -90.68542939   -593.75836018      15       0      19
  327     38.65638357   -105.19866122   -593.75836020      21       0      16
  328     52.75094826    -71.41473891   -593.75836018      16       0      26
  329     62.68347705    -13.56173596   -593.75836017      29       0      32
  330     64.57783913    -35.79383480   -593.75836020      34       0      28
  331     62.39023092    -32.42034231   -593.75836020      34       0      29
  332     55.82894640    -23.37729449   -593.75836016      36       0      35
  333     45.18054040   -108.58230053   -593.75836019      38       0      36
  334     71.63235291    -53.21837885   -593.75836021      40       0      42
  335     68.82514095    -37.53347388   -593.75836019      45       0      43
  336     60.27852210    -77.86204120   -593.75836015      45       0      57
  337     55.05542915    -52.36079889   -593.75836018      66       0      44
  338     55.22324020   -108.92351796   -593.75836018      64       0      43
  339     68.96252267     -1.74923634   -593.75836019      52       0      29
  340      1.23158524   -575.32378332   -593.75836020      38       0       1
  341     19.52827728   -169.98923463   -593.75836020       9       0       5
  342     28.88094898   -124.90965157   -593.75836020       6       0      13
  343     32.86832570    -90.52952986   -593.75836020      12       0      20
  344     37.01193544   -145.75393953   -593.75836020      20       0      15
  345     51.83155031    -65.06078975   -593.75836018      17       0      24
  346     57.82781789   -105.77654310   -593.75836020      25       0      30
  347     48.00013071    -42.63232344   -593.75836008      33       0      27
  348     45.59789902    -94.91011781   -593.75836020      31       0      33
  349     54.20826703    -58.91611883   -593.75836020      34       0      33
  350     73.80945162    -21.90540863   -593.75836021      38       0      35
  351     49.70186008   -130.73405859   -593.75836020      43       0      39
  352     58.45172002    -45.42170753   -593.75836018      47       0      44
  353     68.35525543    -86.95426957   -593.75836019      46       0      48
  354     73.53826058    -41.38952786   -593.75836014      57       0      52
  355     52.72923246    -45.28549421   -593.75836018      62       0      46
  356     54.81103093    -46.02192158   -593.75836021      52       0      32
  357     30.00638735    -21.25386919   -593.75835962      52       0       4
  358     17.92745055   -290.55558430   -593.75836019      14       0       5
  359     46.31184411    -62.68116740   -593.75836020       6       0      13
  360     40.48265849    -38.01336038   -593.75835962      12       0      19
  361     22.69543543   -336.87043193   -593.75836016      18       0      15
  362     38.29562656    -90.71918350   -593.75836016      19       0      21
  363     41.32593767   -103.59426176   -593.75836014      22       0      29
  364     55.17591235   -126.14768559   -593.75836020      28       0      29
  365 5701256.56296876 127611059.66772623   -593.75836020      31       0      31
  366     54.74042424    -26.13999584   -593.75835994      32       0      34
  367     62.80110014    -17.88039312   -593.75836017      37       0      29
  368     58.90732884    -28.18494657   -593.75836019      36       0      42
  369     51.72955150   -133.96006738   -593.75836020      45       0      41
  370     67.81896483    -73.46406175   -593.75836020      43       0      47
  371     72.95833289    -27.96678863   -593.75836010      54       0      53
  372     78.11881000    -26.59346607   -593.75836014      58       0      45
  373     64.07074635    -35.64975588   -593.75836017      60       0      36
  374     33.08218245   -133.51592891   -593.75836013      51       0      11
  375      1.07923684   -579.30676350   -593.75836019      24       0       5
  376     33.26928589    -78.40098521   -593.75836013       6       0      12
  377     37.17480949    -40.77736669   -593.75835994      11       0      19
  378     43.93741829    -92.65042795   -593.75836016      20       0      14
  379 1055867.02554845 23632963.11324473   -593.75836016      15       0      23
  380     55.41399054    -33.68482451   -593.75836022      21       0      27
  381     65.89555810    -31.43166694   -593.75836013      31       0      30
  382     58.88563589    -17.87038495   -593.75836016      32       0      29
  383     44.30175381    -70.88339741   -593.75836016      34       0      29
  384     48.21519196   -123.75187135   -593.75836017      34       0      33
  385     50.71538320    -89.93061499   -593.75836016      39       0      40
  386   3200.28982696  71036.65198999   -593.75835973      39       0      42
  387     67.59740817    -42.58314752   -593.75836015      44       0      48
  388     73.44488400    -37.94094246   -593.75835973      56       0      38
  389     65.17113824    -65.85581017   -593.75836019      58       0      52
  390     73.92767510    141.64454437   -593.75836020      62       0      40
  391     55.07286253    -46.49650347   -593.75836016      52       0      19
  392     19.76421373   -171.12075899   -593.75836017      43       0       5
  393     30.35707577   -145.62679107   -593.75836017      15       0      12
  394     25.88249859   -220.91358825   -593.75836017      14       0      18
  395     32.53716319    -74.10762344   -593.75836018      17       0      15
  396     21.32252148   -322.49909272   -593.75836017      17       0      20
  397     52.68151514    -47.81826447   -593.75836017      18       0      27
  398     49.55571690    -23.14381364   -593.75836017      27       0      29
  399     60.81814448    -55.05848407   -593.75836017      31       0      27
  400     42.16277248    -73.15206481   -593.75836019      34       0      31
  401     53.61459669   -101.11776372   -593.75836020      32       0      34
  402 4086074.79332717 91458332.65732960   -593.75836017      40       0      37
  403     61.36685250    -28.59243735   -593.75836020      42       0      38
  404     53.99401592    -84.96459470   -593.75835994      42       0      39
  405     65.61700559    -75.78369155   -593.75836017      49       0      45
  406     59.80518111    -85.86147888   -593.75836017      43       0      51
  407     58.61580765    -12.51936346   -593.75836021      59       0      36
  408     52.48138723    -21.99567052   -593.75836019      56       0      29
  409      5.73209925   -489.92694797   -593.75836020      38       0      12
  410     39.31308844    -79.70101787   -593.75835944      18       0      12
  411     46.38263141    -74.72578511   -593.75836020      13       0      17
  412     45.09240263    -36.03148595   -593.75836020      17       0      16
  413     34.42261868    -64.91997303   -593.75836020      17       0      18
  414     58.65800992    -66.24074464   -593.75836014      19       0      27
  415     53.55349746    -31.12286640   -593.75836019      27       0      27
  416     46.42087685    -60.95314118   -593.75836020      29       0      28
  417     59.41061543    -46.96492708   -593.75836014      29       0      30
  418     56.26081940    -52.78139187   -593.75836019      35       0      31
  419     73.41531669    -32.81932327   -593.75836019      35       0      40
  420     68.01458173    -43.30469053   -593.75836014      41       0      32
  421     64.79979663    -71.69831929   -593.75836020      33       0      43
  422     62.42098867    -68.42597575   -593.75836019      42       0      42
  423     61.09139725    -51.59437553   -593.75836020      58       0      43
  424     81.83718214    -19.24199480   -593.75836020      48       0      48
  425     49.47238512     -5.25306722   -593.75836020      53       0      32
  426     38.70301154    -88.40437329   -593.75836021      48       0      14
  427     40.86033742     17.11500437   -593.75836012      27       0      11
  428     49.62894852    -57.60491806   -593.75836012      16       0      18
  429     40.29262002   -138.57826372   -593.75836012      21       0      15
  430     43.41700797    -11.95268315   -593.75836012      15       0      18
  431     48.92681444    -81.75420555   -593.75836012      18       0      25
  432     54.92664913     -9.46386860   -593.75836001      24       0      29
  433     47.24018282    -93.93803448   -593.75836016      34       0      25
  434     43.71665136    -88.79097809   -593.75836020      32       0      30
  435     60.87265056    -54.89331658   -593.75836014      31       0      32
  436     59.86411039   -117.67962294   -593.75836018      36       0      39
  437     57.43486783   -106.07499581   -593.75836020      41       0      34
  438     45.99829475   -101.59038754   -593.75836001      41       0      35
  439 12284842.45505142 274971955.48391122   -593.75836018      43       0      43
  440     68.80978570    -46.58585867   -593.75836021      51       0      42
  441     63.10575309    -39.01201500   -593.75836018      43       0      47
  442     46.81712764   -111.85844383   -593.75836004      58       0      33
  443     27.89169719   -200.83672224   -593.75836015      43       0      21
  444     41.57083293    -31.87930772   -593.75836021      31       0      13
  445     61.84707531    -89.33471504   -593.75836021      17       0      19
  446     31.56532553   -178.89740473   -593.75836020      20       0      15
  447     42.04517196   -184.56441902   -593.75836018      20       0      16
  448     62.63687028    -30.28660914   -593.75836021      19       0      24
  449     57.12321719    -42.70237231   -593.75836015      24       0      26
  450     50.57181680    -95.34952797   -593.75836020      26       0      28
  451     49.60640984     -4.09002917   -593.75836021      29       0      30
  452     54.19021964    -82.41528432   -593.75836021      35       0      29
  453     63.39155278    -52.78214365   -593.75836016      32       0      38
  454     53.57580185    -33.42716651   -593.75836016      44       0      34
  455     66.70380370    -24.03314064   -593.75836020      41       0      36
  456     68.14457489    -21.58109607   -593.75836021      46       0      44
  457     56.85396189    -87.05530772   -593.75836021      53       0      39
  458     61.66461122    -33.66709123   -593.75836021      58       0      43
  459     56.97509169    -73.94806163   -593.75836018      51       0      37
  460     38.43416970    -48.60827321   -593.75836020      47       0      28
  461     29.10219310   -263.54832304   -593.75836021      35       0      13
  462 281199631.22540772 6294111579.61433220   -593.75836019      19       0      15
  463     42.87478452    -12.50452442   -593.75836021      19       0      17
  464     44.81303114   -116.23589566   -593.75836015      21       0      18
  465     39.92277985   -216.91724612   -593.75836015      20       0      24
  466     56.25812530    -16.30396847   -593.75836019      24       0      25
  467     43.26014853    -80.23059841   -593.75835994      29       0      25
  468     37.18451656   -200.79894258   -593.75836021      30       0      30
  469     51.97567263      2.29760394   -593.75836019      29       0      28
  470     61.60952306    -29.63806741   -593.75836018      30       0      36
  471     63.73878222    -46.64138007   -593.75836019      38       0      34
  472 6841670.11892332 153137024.07175252   -593.75835994      40       0      34
  473     57.66404039    -36.68210770   -593.75836017      43       0      37
  474     66.77299965    -84.71269224   -593.75836019      45       0      46
  475     73.40638104    -19.01762025   -593.75836017      46       0      45
  476     64.41668808    -10.71434148   -593.75836022      62       0      38
  477     54.42451173    -49.57076817   -593.75836018      51       0      30
  478     35.54898170    -99.74089804   -593.75836021      45       0      15
  479     20.59428107   -240.92065618   -593.75836021      24       0      15
  480     39.83491910   -117.97537106   -593.75836018      18       0      18
  481     56.08556653    -15.83374139   -593.75836019      20       0      19
  482     43.27549267    -38.04437633   -593.75836021      22       0      22
  483     51.80575524   -112.95929373   -593.75836021      27       0      23
  484     44.62356701   -193.75011507   -593.75836021      25       0      28
  485     53.56739642    -80.61126284   -593.75836019      31       0      29
  486     62.32336395    -40.61900380   -593.75836021      28       0      30
  487     46.19166886   -107.12526797   -593.75836019      34       0      31
  488     59.59721582    -48.05006397   -593.75836019      34       0      32
  489     63.30376428    -31.87796634   -593.75836020      34       0      34
  490     72.71005435    -34.23430258   -593.75836019      43       0      37
  491     53.72721060   -127.09509282   -593.75836021      46       0      41
  492     57.98029918    -69.23686602   -593.75836021      51       0      40
  493     58.00541696   -114.62820240   -593.75836017      48       0      50
  494     50.94241123    -24.07043951   -593.75836018      57       0      27
  495     40.83061303    -59.09827558   -593.75836021      45       0      23
  496     35.86548735   -161.49926253   -593.75836018      28       0      13
  497 4949467.58717383 110783709.90821029   -593.75836021      17       0      18
  498     38.48503620   -103.07749532   -593.75836021      19       0      18
  499     42.30297902   -104.73367039   -593.75836017      18       0      23
  500     36.68792572   -154.28800151   -593.75836017      21       0      24
  501     56.91988991    -48.49010136   -593.75836021      26       0      28
  502     40.03240164    -82.10646081   -593.75836014      27       0      27
  503     44.93488793   -167.08489463   -593.75836017      28       0      32
  504     47.99351931    -32.36952387   -593.75836022      33       0      27
  505     56.66959122    -32.36952387   -593.75836021      35       0      30
  506     54.67593754    -82.64105578   -593.75836019      34       0      35
  507     59.74957127    -31.96015507   -593.75836022      37       0      30
  508     73.20176218    -28.44634271   -593.75836021      33       0      47
  509     66.52630794    -31.93046848   -593.75836012      50       0      38
  510     69.06196476    -59.59140943   -593.75836021      43       0      50
  511     51.60264706    -34.21162522   -593.75836021      50       0      31
  512     51.96259006    -86.04455884   -593.75836020      46       0      27
  513     37.61287010   -159.23559721   -593.75836016      34       0      15
  514     23.74174871   -254.07402230   -593.75836014      21       0      17
  515     45.73764851    -67.13531170   -593.75836016      21       0      20
  516     48.97606475    -59.55826679   -593.75836016      21       0      21
  517     47.02796954   -124.30393556   -593.75836019      22       0      23
  518     60.98190549    -41.96460377   -593.75836018      25       0      28
  519     35.54280862   -193.78227106   -593.75836017      30       0      26
  520     47.79882298    -40.72527016   -593.75836019      27       0      32
  521     50.10316206   -121.92788308   -593.75836021      36       0      27
  522     49.17065124    -65.37892940   -593.75836018      30       0      30
  523     58.60856860    -30.19862842   -593.75836018      33       0      34
  524     69.99977832    -16.62876766   -593.75836018      38       0      27
  525     64.60903809    -38.98130053   -593.75836018      30       0      51
  526     61.11932776    -87.11862718   -593.75836019      50       0      35
  527 657581.17345566 14718108.24945848   -593.75836022      45       0      46
  528     58.82470051    -82.23128940   -593.75836022      57       0      37
  529     44.79579557   -122.18979968   -593.75836012      51       0      26
  530     41.77767044    -23.64575643   -593.75836021      41       0      18
  531     48.70012036    -36.45575010   -593.75836021      26       0      18
  532     59.59972583    -25.42932896   -593.75836021      21       0      20
  533     32.95619100   -142.91867950   -593.75836021      23       0      20
  534 160255.03527325 3586410.51295245   -593.75836021      22       0      21
  535     53.26760718    -90.41165087   -593.75836021      21       0      31
  536     44.56871527     -6.63435247   -593.75836021      32       0      22
  537     50.90518176    -17.72478650   -593.75836021      26       0      32
  538     71.13974132    -24.54646962   -593.75836021      33       0      29
  539     46.97794665    -70.31196180   -593.75836020      41       0      30
  540     56.63734128    -28.63855872   -593.75836018      36       0      35
  541     57.66801618    -72.53916444   -593.75836020      40       0      28
  542 1626289.70192311 36400781.24326043   -593.75836010      38       0      39
  543     59.21315635    -44.29045403   -593.75836021      44       0      38
  544     66.94534799    -15.90464118   -593.75836019      43       0      38
  545     71.10352280    -23.78211319   -593.75836021      43       0      46
  546  12230.83938812 273176.26555866   -593.75836017      52       0      28
  547     33.67487111    -55.96388802   -593.75836018      42       0      25
  548     46.08850895    -63.33591955   -593.75836018      32       0      16
  549     41.50503199   -164.70759678   -593.75836018      22       0      20
  550     56.82049737    -49.44239596   -593.75836018      26       0      22
  551     45.94502682   -104.82377886   -593.75836021      24       0      19
  552     57.47585084    -22.44463525   -593.75836017      22       0      29
  553     46.59314942    -37.82138297   -593.75836018      31       0      19
  554     62.66638963    -50.56501145   -593.75836021      20       0      32
  555     50.18926152    -45.36388472   -593.75836010      34       0      26
  556     54.37392942    -68.04168642   -593.75836017      34       0      35
  557     60.41454539    -37.95266002   -593.75836018      44       0      33
  558     51.10908937    -72.78223687   -593.75836017      37       0      30
  559     63.19076835     -2.67558808   -593.75836018      40       0      39
  560     72.29846827    -73.18112115   -593.75836019      45       0      38
  561     48.02100137     -8.53414700   -593.75836022      51       0      35
  562     64.50299699    -46.99473719   -593.75836022      39       0      41
  563     47.23173954   -151.60085750   -593.75836019      49       0      32
  564     43.13972016   -109.26591102   -593.75836021      42       0      32
  565     35.61726840      6.86238863   -593.75836017      34       0      13
  566     49.47899176    -28.73866470   -593.75836017      17       0      23
  567     29.70793218   -142.46415552   -593.75836017      26       0      21
  568     52.08727061    -46.23610088   -593.75836017      23       0      19
  569     54.31282858    -81.03501110   -593.75836018      21       0      29
  570     49.73684444    -27.84361996   -593.75836017      28       0      20
  571     53.78739440    -53.41107750   -593.75836017      26       0      26
  572     64.77341456    -29.69786910   -593.75836017      26       0      26
  573     44.58650780   -136.68570907   -593.75836022      30       0      37
  574     46.02082738    -95.18149251   -593.75836014      41       0      30
  575     54.25765556   -142.34658075   -593.75836019      37       0      32
  576     59.72655406    -55.65903146   -593.75836017      37       0      34
  577     82.83206367    -29.47255489   -593.75836018      35       0      43
  578     60.36320137    -66.57342512   -593.75836018      42       0      37
  579     58.80080736    -49.88378346   -593.75836021      50       0      39
  580     60.11555538    -99.67889707   -593.75836021      43       0      35
  581     60.82543856    -36.53846282   -593.75836017      45       0      33
  582     21.30780578   -229.11673125   -593.75836017      35       0      14
  583     39.71855018   -195.44147753   -593.75836017      22       0      23
  584     45.25275488   -130.95176339   -593.75836017      25       0      22
  585     45.39902858    -12.49918229   -593.75836017      24       0      20
  586     32.57090660    -88.28642608   -593.75836017      20       0      22
  587     53.36358102    -82.26250228   -593.75836017      22       0      27
  588     43.82261138    -98.09026918   -593.75836021      29       0      22
  589     61.84197413    -14.78261044   -593.75836017      24       0      27
  590     65.13569977    -31.49400074   -593.75836018      29       0      33
  591     54.31536262    -49.47156069   -593.75836013      36       0      31
  592     64.64295838    -68.28979013   -593.75836021      36       0      37
  593     57.58632024    -89.65645988   -593.75836017      40       0      33
  594     45.57849898    -82.72044379   -593.75836017      41       0      35
  595     68.01515473    -85.86088806   -593.75836017      44       0      41
  596     44.03690541    -62.82706794   -593.75836019      50       0      36
  597     55.04399781    -27.09420379   -593.75836013      47       0      40
  598  67568.42593816 1511802.63878270   -593.75836022      42       0      31
  599     31.24571786   -154.97668759   -593.75836015      39       0      20
  600     50.41160358    -13.35917182   -593.75836021      30       0      22
  601     41.42592072    -35.38734796   -593.75836015      25       0      23
  602     64.59728304     13.83165241   -593.75836015      25       0      20
  603     35.76036260   -196.20576352   -593.75836015      24       0      20
  604     53.29649589    -73.20267776   -593.75836015      21       0      27
  605     45.83094995   -154.03330755   -593.75836015      29       0      20
  606     48.46526984      8.91449692   -593.75836022      26       0      29
  607     47.22353318    -70.56406410   -593.75836018      30       0      28
  608     71.93285322    -24.97936399   -593.75836019      32       0      33
  609     56.46550143   -127.95973980   -593.75836022      32       0      33
  610     62.87595869    -60.59930705   -593.75836021      37       0      33
  611     63.30956890    -16.49369816   -593.75836020      39       0      37
  612     58.68623812    -31.53208371   -593.75836021      38       0      37
  613 19847330.87515708 444243691.59364730   -593.75836019      46       0      42
  614     57.26515054    -48.82746434   -593.75836016      44       0      39
  615     51.82314783    -96.16948957   -593.75836022      41       0      32
  616     45.35848013    -92.78503452   -593.75836017      43       0      21
  617 55590820.23256801 1244292860.44402051   -593.75836022      27       0      23
  618     52.84543896    -32.29132343   -593.75836019      27       0      24
  619     29.91533316   -221.48319774   -593.75836020      31       0      21
  620     46.24135533   -108.08272014   -593.75836019      23       0      18
  621     50.08704972     -2.33612103   -593.75836020      21       0      25
  622     45.52019354    -51.56275385   -593.75836019      29       0      22
  623     71.87200142    -26.06388035   -593.75836019      24       0      30
  624     39.89374846    -97.90570943   -593.75836019      30       0      29
  625     51.32388719    -37.16395848   -593.75836021      32       0      29
  626     48.46674892    -37.95307802   -593.75836019      32       0      32
  627     43.00324220   -105.12900517   -593.75836015      33       0      35
  628     55.79582707    -36.56053723   -593.75836021      41       0      36
  629     67.84447155    -68.22858937   -593.75836019      46       0      37
  630     63.12930950    -25.62658409   -593.75836020      44       0      44
  631     68.75154875    -27.48994811   -593.75836006      49       0      36
  632     62.74619721    -42.45795299   -593.75836017      45       0      32
  633     20.41775119   -271.21482917   -593.75836017      36       0      24
  634     47.07018268   -104.71827375   -593.75836019      35       0      19
  635     61.17562494   -111.53126875   -593.75836016      21       0      28
  636     31.71967870   -140.06456006   -593.75836017      29       0      20
  637     46.26645190    -60.22567953   -593.75836019      24       0      20
  638     48.87223891    -33.00500490   -593.75836016      22       0      24
  639     45.84577403    -84.91924846   -593.75836016      24       0      23
  640     50.94389302    -16.03203540   -593.75835845      26       0      29
  641     56.50208524    -10.14587664   -593.75835845      30       0      31
  642     41.77094409    -51.87450984   -593.75836019      36       0      27
  643     64.59416691    -43.29794331   -593.75836020      32       0      28
  644     48.99314243    -86.66133445   -593.75836018      34       0      32
  645     64.66798485    -67.01755888   -593.75836021      36       0      42
  646 36458216.47875157 816046378.45248199   -593.75835993      48       0      34
  647     72.38225110    -56.34755644   -593.75836019      42       0      44
  648     56.21125456    -52.49745907   -593.75836021      44       0      35
  649     61.98022304    -75.98607745   -593.75836022      40       0      33
  650     54.79890562    -68.94588488   -593.75836021      38       0      29
  651     43.45298459    -24.39664538   -593.75836020      39       0      20
  652     47.47248582   -130.95094105   -593.75836013      28       0      26
  653     46.33750948    -36.81080631   -593.75836015      25       0      21
  654     45.64309870   -131.88520099   -593.75836020      25       0      20
  655     35.82495957   -171.76498102   -593.75836021      23       0      22
  656     42.27407728    -85.75696607   -593.75836020      24       0      26
  657     32.56111741   -151.93470556   -593.75836021      27       0      26
  658     54.01130190    -79.62680763   -593.75836020      27       0      28
  659     52.43003262    -85.85719703   -593.75836020      33       0      30
  660     47.32698804    -24.34696732   -593.75836021      35       0      29
  661     57.96490810    -51.61082417   -593.75836021      30       0      28
  662     58.83265600    -20.76544706   -593.75836013      36       0      42
  663     59.99877219    -19.55408523   -593.75836019      46       0      38
  664 1944787.72928853 43529747.63597278   -593.75836019      44       0      39
  665     60.02105876    -44.29894776   -593.75836018      50       0      41
  666     62.84424783     15.39328182   -593.75836013      52       0      29
  667     36.73838688   -103.44321026   -593.75836021      35       0      27
  668     46.44195229    -18.07719495   -593.75836021      34       0      25
  669     56.98619646     -4.39284620   -593.75836021      26       0      25
  670     44.79389792    -35.18369137   -593.75836011      28       0      24
  671     54.76267368    -41.66222444   -593.75836019      23       0      20
  672     43.75972267    -68.66268583   -593.75836011      23       0      23
  673     50.76930427   -150.01344344   -593.75836021      22       0      23
  674     47.08146436    -62.55558827   -593.75836019      25       0      23
  675     41.32788283    -98.17050901   -593.75836011      28       0      29
  676     45.05394628    -71.55208828   -593.75836020      32       0      33
  677     40.27465145    -79.09821275   -593.75836019      33       0      26
  678     59.09017604    -60.86249784   -593.75836018      26       0      28
  679     59.57931217     -8.91213495   -593.75836017      33       0      38
  680     64.29832708    -83.90477275   -593.75836016      38       0      38
  681     64.59521350    -43.82234362   -593.75836021      48       0      38
  682     60.26779864    -91.89042662   -593.75836021      48       0      45
  683     48.12657267    -91.00302554   -593.75836021      52       0      30
  684     41.98934037   -108.70655461   -593.75836018      43       0      31
  685     49.67280423   -100.38903024   -593.75836018      38       0      23
  686     44.47086252   -106.42477922   -593.75836018      29       0      28
  687     39.63495534   -112.36901709   -593.75836014      28       0      22
  688     34.97736830   -208.03349709   -593.75836018      28       0      20
  689     50.56266394    -74.08124247   -593.75836018      23       0      24
  690     41.57637422    -32.57909356   -593.75836018      24       0      19
  691     40.54322214   -111.11884532   -593.75836018      23       0      25
  692     61.57807235   -125.29553590   -593.75836014      26       0      32
  693     58.23281149    -18.90279820   -593.75836020      34       0      32
  694     52.92044968    -36.33008378   -593.75836018      42       0      24
  695     62.14277459    -73.02197479   -593.75836020      31       0      28
  696 4535490.57745083 101517636.37889144   -593.75836019      33       0      31
  697     51.69338508     -3.18227328   -593.75836014      34       0      36
  698     49.07010376   -115.61902410   -593.75836018      41       0      41
  699     62.57526682    -82.98529643   -593.75836021      48       0      43
  700     64.73857172    -94.39633102   -593.75836018      49       0      38
  701     41.60583939   -127.39128691   -593.75836020      46       0      29
  702     50.67794214    -66.94353952   -593.75836017      39       0      26
  703     37.57492297    -52.16270828   -593.75836020      36       0      26
  704     51.27235518    -64.32835920   -593.75836021      31       0      24
  705     40.88699619    -66.57380418   -593.75836017      28       0      21
  706     28.58782631   -159.13887144   -593.75836016      26       0      21
  707     41.12796185    -89.90844987   -593.75836018      25       0      22
  708     56.46699506      1.78794215   -593.75836018      24       0      22
  709 218929956.47277635 4900324840.56995010   -593.75836016      24       0      26
  710    639.22482750  13651.54252229   -593.75836012      29       0      36
  711     54.41270190    -54.10214282   -593.75836018      36       0      26
  712     42.42125879   -111.62868479   -593.75836018      32       0      27
  713     46.61084110   -143.73957983   -593.75836019      32       0      30
  714     54.99870355    -85.32433274   -593.75836016      32       0      36
  715     54.73697140    -87.36673151   -593.75836016      39       0      40
  716     65.12236831    -66.29571915   -593.75836021      45       0      39
  717     59.92431753    -19.04173158   -593.75836007      49       0      39
  718     60.68809169    -92.92024536   -593.75836007      42       0      34
  719     46.34447590   -103.28056740   -593.75836019      43       0      27
  720    147.09378684   2532.88379950   -593.75836018      38       0      23
  721     44.91657754   -143.77399589   -593.75836018      30       0      29
  722     45.90484380    -77.32981266   -593.75836019      32       0      19
  723     63.77071190    -17.02086419   -593.75836019      25       0      24
  724     38.63874723   -102.41377804   -593.75836017      25       0      21
  725 11518235.87665111 257812937.09491950   -593.75835980      27       0      19
  726     59.86105513    -28.32305007   -593.75836016      23       0      29
  727     63.02316604    -47.17709216   -593.75836017      30       0      33
  728     51.65642331    -82.20639936   -593.75836016      38       0      27
  729     45.25918128    -56.30045496   -593.75836017      33       0      27
  730     51.41037628    -28.05905345   -593.75836016      31       0      30
  731     56.55788796    -94.57947618   -593.75836020      34       0      36
  732     64.70206037    -12.67103516   -593.75836016      37       0      37
  733     53.11187500   -155.13322556   -593.75836018      41       0      37
  734     64.43174637   -105.41571985   -593.75836018      44       0      39
  735     51.55982991    -75.16058763   -593.75836019      44       0      36
  736     55.44443910    -95.90482880   -593.75836022      43       0      29
  737     44.07265911   -110.32335037   -593.75836016      40       0      24
  738     72.29379493     -0.14563421   -593.75836018      33       0      27
  739     32.46397776   -114.09039445   -593.75836016      32       0      24
  740     35.67176187   -132.71529571   -593.75836016      29       0      21
  741     51.20455723    -68.08179813   -593.75836019      22       0      21
  742     40.48109742   -124.47883752   -593.75836016      28       0      19
  743     45.06518921   -127.81491643   -593.75836020      21       0      28
  744     60.12904825   -130.15777706   -593.75836019      28       0      32
  745     54.31975291    -85.10575779   -593.75836020      36       0      31
  746     58.33299716    -24.56199589   -593.75836020      34       0      21
  747     64.32258004    -70.26327135   -593.75836019      24       0      36
  748     45.64398461   -136.69683544   -593.75836020      41       0      35
  749     59.83820254    -92.52666290   -593.75836019      44       0      36
  750     57.59907204    -33.87072415   -593.75836019      40       0      35
  751 9753844.35803329 218320435.03977150   -593.75836020      35       0      37
  752 633651.05947049 14182474.97961244   -593.75836020      44       0      34
  753     51.01153697    -70.44717417   -593.75836019      43       0      28
  754     63.78445808    -45.53513912   -593.75836012      33       0      32
  755     52.54990534    -63.71164953   -593.75836019      38       0      25
  756     53.67879028    -79.67582313   -593.75836012      32       0      28
  757     30.88080288   -109.63709179   -593.75836015      30       0      18
  758     59.63167543    -47.77060293   -593.75836015      21       0      23
  759     39.95520264   -119.93311426   -593.75836019      23       0      19
  760     43.78114076    -55.64656855   -593.75836015      23       0      27
  761     48.82381012    -60.25802322   -593.75836020      23       0      31
  762     57.63253774    -86.41484794   -593.75836019      37       0      31
  763     44.42827937      0.01418111   -593.75836019      39       0      21
  764     46.35679628    -44.54411406   -593.75836018      25       0      30
  765     53.63692279   -150.18262040   -593.75836020      34       0      40
  766     73.02403605    -21.95147634   -593.75836015      42       0      38
  767     48.21552490   -112.85803510   -593.75836019      49       0      32
  768     57.92400021    -23.30216829   -593.75836018      42       0      35
  769     68.48337328    -35.04617679   -593.75836018      39       0      39
  770     40.64072054    -89.53075046   -593.75836018      42       0      27
  771     40.62850431    -57.25743826   -593.75836019      37       0      29
  772     58.37517416    -14.72281865   -593.75836020      31       0      30
  773     45.87628704    -98.34766399   -593.75836015      41       0      27
  774     36.91654147    -50.34254384   -593.75836020      31       0      20
  775     40.96303931   -103.17277182   -593.75836014      25       0      22
  776     42.54386795    -88.09931170   -593.75836015      24       0      20
  777     50.31163109   -141.25902630   -593.75836014      21       0      25
  778     57.03390586   -102.27286665   -593.75836018      28       0      27
  779     53.50965750    -60.23200298   -593.75836020      31       0      33
  780     47.61944020    -26.03934353   -593.75836020      34       0      22
  781     73.27319096    -24.58855590   -593.75836018      26       0      31
  782     61.60951880    -65.22713793   -593.75836018      31       0      34
  783     55.62342196    -24.33488121   -593.75836020      38       0      36
  784     58.85723163    -50.55500401   -593.75836018      42       0      38
  785     58.95993801    -14.45299642   -593.75836017      46       0      39
  786     56.27721903   -102.01251043   -593.75836017      48       0      29
  787     38.62391642   -112.41176447   -593.75836018      43       0      32
  788     51.78386330    -24.22819656   -593.75836014      37       0      29
  789     60.86982199    -24.91135475   -593.75836019      32       0      32
  790     47.89942307    -11.95026753   -593.75836018      31       0      26
  791     39.20439583    -49.34424024   -593.75836013      32       0      24
  792 5987541.63149845 134019000.99172726   -593.75836018      26       0      22
  793     40.17976394     -5.53759751   -593.75836013      23       0      17
  794     43.83719759   -106.33399077   -593.75836019      20       0      25
  795     56.43382193    -75.77182519   -593.75836020      27       0      28
  796     69.06682195    -51.71915144   -593.75836019      31       0      34
  797     51.28676861    -63.32453447   -593.75836019      35       0      21
  798     48.12583601    -63.98412921   -593.75836012      23       0      31
  799     52.39368808    -64.56862468   -593.75836018      31       0      30
  800     59.41846468    -34.32987201   -593.75836018      34       0      35
  801     64.06452583    -87.86552951   -593.75836020      37       0      37
  802     49.13044356   -121.82347364   -593.75836020      43       0      37
  803     53.28163844    -80.77844632   -593.75836020      38       0      35
  804     52.94345118    -81.29911603   -593.75836014      43       0      33
  805 10422385.20904811 233284436.18422595   -593.75836018      38       0      32
  806     59.99961992    -22.62389846   -593.75836017      40       0      29
  807     40.27037349   -127.97336912   -593.75836018      34       0      29
  808     42.56137557    -58.16886013   -593.75836017      34       0      23
  809     49.23420404    -45.18857132   -593.75836018      22       0      23
  810     36.46080934   -102.44060654   -593.75836017      25       0      16
  811     47.30911528    -69.59044522   -593.75836018      17       0      23
  812     37.92419594    -91.40159876   -593.75836018      24       0      32
  813     44.56359873    -40.20600667   -593.75836017      32       0      32
  814     53.26876183    -61.48596154   -593.75836018      39       0      21
  815     68.64509063    -16.39014787   -593.75836018      28       0      30
  816     58.19230639    -51.81884964   -593.75836017      33       0      31
  817     58.00719106    -53.22812179   -593.75836018      38       0      30
  818     56.07394397    -18.43971915   -593.75836016      34       0      40
  819     50.82929365   -108.14191683   -593.75836016      43       0      34
  820 1252616.10588044 28036815.97518694   -593.75836017      44       0      35
  821     65.23383076    -36.40669699   -593.75836016      38       0      35
  822     48.20074489    -46.48984994   -593.75836019      46       0      33
  823     55.06770988    -26.77700235   -593.75836018      37       0      30
  824     51.14375384     -6.09235802   -593.75836014      42       0      32
  825     52.81169494    -14.81484724   -593.75836017      32       0      21
  826     35.36547104   -119.70585259   -593.75836017      25       0      24
  827     47.20823842    -49.54578139   -593.75836017      26       0      16
  828     46.11024025    -39.49595424   -593.75836017      18       0      21
  829     46.91712806    -22.66172231   -593.75836016      22       0      29
  830     59.89098681    -38.47190763   -593.75836020      28       0      33
  831     49.24828246    -96.98525733   -593.75836014      36       0      20
  832     51.07248778    -70.38678290   -593.75836017      30       0      29
  833     56.63714907   -161.36672503   -593.75836016      35       0      36
  834     53.29364897    -94.43114872   -593.75836017      34       0      29
  835 33122982.28414603 741393579.43869710   -593.75836014      32       0      33
  836     51.69952839    -49.61876181   -593.75836019      41       0      37
  837     48.24587762   -129.68287633   -593.75836019      37       0      31
  838     61.09949416    -66.93497875   -593.75836020      39       0      41
  839     56.36749373    -56.26412417   -593.75836017      45       0      31
  840     44.12770709    -19.54094733   -593.75836019      37       0      34
  841     66.10258140    -34.30183157   -593.75836013      40       0      35
  842     38.70922577   -121.46592377   -593.75836016      38       0      20
  843     47.01840611    -20.77028769   -593.75836020      30       0      22
  844     40.68785682   -138.76886405   -593.75836017      24       0      19
  845     47.25264757    -12.51224509   -593.75836019      22       0      19
  846     44.55160762   -108.45334721   -593.75836017      24       0      26
  847     41.53080922   -115.73000261   -593.75836020      26       0      30
  848     56.91479383    -14.20916868   -593.75836013      27       0      24
  849     50.62176334   -179.05312689   -593.75836021      30       0      32
  850     53.13017162    -95.09021323   -593.75836013      31       0      33
  851     58.19203691    -45.19221136   -593.75836021      38       0      28
  852 23719328.10452581 530910890.83662325   -593.75836020      29       0      36
  853 23719327.91183244 530910890.83662325   -593.75836013      42       0      33
  854     42.48709364    -41.99635182   -593.75836021      45       0      32
  855     57.61238638    -29.48092516   -593.75836021      35       0      39
  856     55.06149016    -53.79094827   -593.75836017      42       0      33
  857     57.00660820   -101.26340654   -593.75836021      43       0      34
  858     55.94245923    -99.53273922   -593.75836020      40       0      30
  859     60.91701469    -63.81304890   -593.75836019      37       0      30
  860     44.72904305   -123.18637753   -593.75836020      40       0      20
  861     36.71530085   -125.37609192   -593.75836015      23       0      17
  862     42.35312455    -80.62195191   -593.75836021      20       0      22
  863     56.43934134   -103.61274895   -593.75836019      24       0      27
  864     45.86259735    -33.95748565   -593.75836020      31       0      28
  865     56.33245885    -76.45786417   -593.75836019      27       0      25
  866     39.54592162   -116.85341085   -593.75836016      30       0      28
  867     54.75332361    -65.29424395   -593.75836020      29       0      35
  868     48.00228241    -62.89576733   -593.75836015      40       0      22
  869     67.06361181    -43.67090802   -593.75836017      26       0      36
  870   2312.70635562  51166.03316117   -593.75836017      40       0      40
  871     39.27686695   -186.82783499   -593.75836018      41       0      29
  872     62.26422255    -64.89006473   -593.75836020      38       0      37
  873     71.14578971    -30.89166249   -593.75836011      41       0      35
  874 5707111.35580903 127742108.90125246   -593.75835974      44       0      31
  875     60.04057569    -79.80640925   -593.75836020      38       0      31
  876 2070720.58038287 46348511.19401371   -593.75836020      32       0      32
  877     47.62594402   -112.78909039   -593.75836019      34       0      22
  878     47.24696465   -102.40578630   -593.75836020      28       0      18
  879     46.61948267    -82.82675689   -593.75836020      22       0      21
  880     35.48946606    -61.87504023   -593.75836011      21       0      30
  881     51.64488043    -41.00389761   -593.75835974      33       0      23
  882     53.42111272    -62.07751345   -593.75836020      27       0      29
  883     57.22246370    -77.00735271   -593.75836017      32       0      25
  884     51.19592957    -22.51522155   -593.75836020      27       0      35
  885     48.50273963    -93.00016676   -593.75836011      39       0      22
  886     69.50072121    -52.10499274   -593.75836011      33       0      36
  887     59.18285054    -25.01128811   -593.75836013      36       0      36
  888     52.37754753   -113.22553150   -593.75836016      38       0      32
  889     55.70334682    -30.33560372   -593.75836001      43       0      35
  890     39.28223123   -141.87995114   -593.75836021      44       0      36
  891     66.77131070    -54.19184569   -593.75836021      41       0      35
  892     32.41540937   -189.58183269   -593.75836021      42       0      32
  893     57.60467136    -36.93444030   -593.75836019      46       0      27
  894     44.25476132    -88.74757950   -593.75836020      32       0      25
  895     37.84295547   -110.91490860   -593.75836020      27       0      21
  896     35.60318881   -105.64324005   -593.75836020      22       0      17
  897     43.50559823   -106.74037266   -593.75836013      18       0      29
  898     53.37236079    -48.97674938   -593.75836019      29       0      27
  899     55.17939205    -33.35052520   -593.75836017      29       0      27
  900     46.61300161   -132.93398268   -593.75836013      30       0      23
  901     45.94828522    -70.42688852   -593.75836013      26       0      30
  902     39.03645837   -137.53515373   -593.75836013      33       0      29
  903     56.56971735    -78.52788944   -593.75836018      32       0      34
  904     75.16537863     -8.65500525   -593.75836021      32       0      34
  905     42.67613422    -20.34896884   -593.75836018      37       0      28
  906     56.79727879    -45.95088313   -593.75836020      37       0      41
  907     54.34338323    -67.31696023   -593.75836018      40       0      34
  908     63.30437867    -68.66864301   -593.75836020      42       0      31
  909     56.17721968    -90.55962257   -593.75836018      40       0      40
  910     36.08776042   -122.10993180   -593.75836020      45       0      28
  911     40.21384110    -62.33900404   -593.75836017      39       0      26
  912     37.60045007   -142.14480006   -593.75836020      32       0      21
  913     42.27185013   -151.85358563   -593.75836013      26       0      16
  914     59.96126730     -9.06490140   -593.75836017      19       0      29
  915     51.55121296    -20.00045739   -593.75836017      29       0      27
  916     55.95052844    -23.26444090   -593.75836018      31       0      26
  917     32.60514412   -115.71728930   -593.75836020      33       0      24
  918     43.02742409    -98.39878862   -593.75836017      25       0      26
  919     54.16163024    -50.59824046   -593.75836020      30       0      35
  920     54.84632142    -47.48146316   -593.75836019      36       0      30
  921     58.40972168    -52.58491121   -593.75836020      34       0      34
  922     57.62003944    -90.23195856   -593.75836019      41       0      28
  923     63.74203393    -40.62393494   -593.75836010      37       0      39
  924     48.66172157    -36.59997049   -593.75835890      40       0      33
  925     60.62062279    -15.57555900   -593.75835890      44       0      31
  926     54.31372802    -75.19050388   -593.75836014      37       0      37
  927     61.57347012    -51.79415702   -593.75836019      44       0      32
  928     44.85680579    -84.48283299   -593.75836014      39       0      29
  929     54.99559396    -80.74340290   -593.75836020      34       0      22
  930     30.47868967   -258.27358891   -593.75836020      32       0      15
  931     54.63847186    -50.79237852   -593.75835890      17       0      28
  932     59.15760801    -42.13497959   -593.75835890      26       0      26
  933     46.57687697   -128.09015774   -593.75836019      30       0      30
  934     48.47381832   -103.43656114   -593.75835890      34       0      21
  935     46.57901675    -25.07319027   -593.75836019      26       0      28
  936     55.16248781    -73.74125492   -593.75836022      31       0      30
  937     60.35832961    -16.39906408   -593.75836014      34       0      29
  938     57.75013367    -16.39906408   -593.75836021      35       0      36
  939     57.82529132    -77.83746841   -593.75836022      37       0      28
  940     66.04172439    -30.40751585   -593.75836015      38       0      36
  941     49.98061652    -41.50781493   -593.75836022      40       0      38
  942 2710539.94978501 60669630.04738311   -593.75836022      46       0      29
  943     68.37871844    -47.87347357   -593.75836019      38       0      36
  944     59.12924057    -36.91601349   -593.75836022      43       0      33
  945     56.26304323    -86.39962782   -593.75836017      40       0      28
  946     52.20048630    -47.96119431   -593.75836001      35       0      26
  947     42.00233257    -78.41205164   -593.75836022      31       0      16
  948     52.05523082    -45.83635913   -593.75836022      17       0      30
  949     42.01272768    -45.00485217   -593.75836019      32       0      22
  950     28.31324766   -294.21657100   -593.75836021      23       0      28
  951     49.98520292    -75.98873264   -593.75836001      34       0      26
  952     46.93226353    -94.94907827   -593.75836001      31       0      24
  953     58.18114906    -12.61433616   -593.75836019      25       0      27
  954     49.68133331   -139.37007759   -593.75836020      29       0      35
  955     35.44988486   -127.54970878   -593.75836001      41       0      30
  956     54.64716805    -35.19564224   -593.75836014      40       0      32
  957     51.23618893   -118.97823639   -593.75836014      32       0      29
  958     61.00175742    -39.15686564   -593.75836020      37       0      42
  959     55.25756613    -52.08526753   -593.75836020      46       0      32
  960     46.05185305    -44.44215702   -593.75836016      39       0      30
  961     63.03209955    -40.39863495   -593.75836020      37       0      37
  962     69.48832224    -59.81491661   -593.75836012      44       0      32
  963     39.99409977    -39.65658863   -593.75836020      37       0      26
  964     36.37653104    -41.30519708   -593.75836020      34       0      16
  965     52.72742765    -34.72259430   -593.75835981      25       0      29
  966     43.35900584   -125.17558983   -593.75836022      29       0      19
  967     43.56951397   -140.35228024   -593.75836016      27       0      31
  968     50.32611335    -20.87040124   -593.75836020      31       0      26
  969     47.90433895    -31.07843580   -593.75836016      29       0      23
  970     51.71021020    -62.73553327   -593.75836019      26       0      28
  971     44.00907079   -109.76974258   -593.75836018      31       0      28
  972     49.46291102   -124.80239550   -593.75836018      28       0      35
  973     55.26840618    -98.36557536   -593.75836018      39       0      30
  974     50.90178516   -159.58443183   -593.75836020      32       0      30
  975     53.21782286    -36.58085151   -593.75836018      37       0      43
  976     63.34257134    -18.49986925   -593.75836018      42       0      33
  977     49.48279953    -66.55991914   -593.75835981      40       0      26
  978     63.78141833    -32.58104915   -593.75836018      38       0      40
  979     51.16293970    -35.37859959   -593.75836018      42       0      27
  980     61.43332653    -33.76929911   -593.75836018      36       0      32
  981     40.66662267    -64.33675175   -593.75836020      35       0      18
  982     55.18802709    -80.83088057   -593.75836019      27       0      25
  983     50.40807357    -66.86607765   -593.75836018      29       0      22
  984     69.49977918    -55.32963530   -593.75836020      22       0      32
  985     55.42443586    -34.91777436   -593.75836021      33       0      25
  986     47.90675037    -39.03632660   -593.75836020      31       0      24
  987     60.18318964      9.67366828   -593.75836020      28       0      28
  988     71.79505077    -29.03010326   -593.75836020      28       0      30
  989     53.19379477    -85.55151783   -593.75836020      34       0      29
  990     51.76033511    -74.51355615   -593.75836020      34       0      33
  991     58.03761017    -14.62377842   -593.75836020      37       0      29
  992     51.91059215   -108.49131628   -593.75836020      35       0      39
  993     60.43193750    -52.02885917   -593.75836020      43       0      33
  994     69.28239064    -18.29468342   -593.75836020      39       0      30
  995     49.68107046   -102.67373825   -593.75836021      41       0      36
  996     57.48853189    -46.90232692   -593.75836020      38       0      29
  997     60.86026791    -34.95394239   -593.75836017      39       0      33
  998     41.73289093    -72.70168935   -593.75836020      39       0      21
  999     35.73325120   -155.55555271   -593.75835974      26       0      25
 1000     35.67416288   -163.59903250   -593.75836020      27       0      21
----------------------------------------------------------------------------------
Artificial Bee Colony Optimization Finished!

 -- Results Report --
 * 100 LMs will be saved in [ lm-na-solvent-LM ].
      #          Energy
      0   -593.75836022
      1   -593.73829351
      2   -593.71882002
      3   -593.66616707
      4   -593.10054201
      5   -593.08073508
      6   -593.01916833
      7   -592.99983922
      8   -592.99088960
      9   -592.91522943
     10   -592.85118343
     11   -592.83717860
     12   -592.45944780
     13   -592.35940500
     14   -592.29524247
     15   -592.20288892
     16   -592.20270532
     17   -592.18866435
     18   -592.03453034
     19   -591.32604354
     20   -591.31489345
     21   -591.29599108
     22   -590.92514069
     23   -590.89752989
     24   -590.88863781
     25   -590.88028068
     26   -590.82082607
     27   -590.80706103
     28   -590.71991428
     29   -590.70980105
     30   -590.69387236
     31   -590.69378362
     32   -590.66849650
     33   -590.62501130
     34   -590.45748043
     35   -590.44972653
     36   -590.41961479
     37   -590.41150628
     38   -590.38388496
     39   -590.35279670
     40   -590.34759353
     41   -590.31809900
     42   -590.27167709
     43   -590.25984401
     44   -590.21147321
     45   -590.11214761
     46   -590.07991162
     47   -590.00208961
     48   -589.97842226
     49   -589.96818981
     50   -589.94402377
     51   -589.93892391
     52   -589.90380074
     53   -589.88611813
     54   -589.87705596
     55   -589.87463068
     56   -589.87174155
     57   -589.86760579
     58   -589.86465090
     59   -589.86074986
     60   -589.79080954
     61   -589.78237824
     62   -589.68525928
     63   -589.66959764
     64   -589.61531945
     65   -589.61297686
     66   -589.60853728
     67   -589.54413711
     68   -589.51395359
     69   -589.51070802
     70   -589.49610202
     71   -589.44101340
     72   -589.42557467
     73   -589.39269589
     74   -589.36336776
     75   -589.36290689
     76   -589.31426140
     77   -589.22342604
     78   -589.21619284
     79   -589.21378830
     80   -589.20998758
     81   -589.20917362
     82   -589.18480479
     83   -589.17488268
     84   -589.14572744
     85   -589.11096251
     86   -589.10868402
     87   -589.08883946
     88   -589.08724475
     89   -589.08390126
     90   -589.07451472
     91   -589.05951672
     92   -589.05083490
     93   -589.03955963
     94   -589.03707179
     95   -589.02863012
     96   -589.02839208
     97   -589.01475705
     98   -589.00204620
     99   -588.99946478

 * Final Global Minimal Energy:   -593.75836018
 * The Global Minimum is saved as: [ lm-na-solvent-OPT.(cluster/xyz/gjf) ]

===== (^ _ ^) =====
Normal termination at Sun Dec 15 07:28:33 2019.
Total run time: 27786 seconds = 0 days 7 hours 43 minutes 6 seconds.
