################################################################################

 PACKMOL - Packing optimization for the automated generation of
 starting configurations for molecular dynamics simulations.
 
                                                              Version 20.2.2 

################################################################################

  Packmol must be run with: packmol < inputfile.inp 

  Userguide at: http://m3g.iqm.unicamp.br/packmol 

  Reading input file... (Control-C aborts)
  Seed for random number generator:      1234567
  Output file: 112h2o.box-packmol.xyz
  Reading coordinate file: 1h2o.abc.mp2.def2tzvp.xyz
  Number of independent structures:            1
  The structures are: 
  Structure            1 :(           3  atoms)
  Maximum number of GENCAN loops for all molecule packing:          200
  Total number of restrictions:            1
  Distance tolerance:    2.0000000000000000     
  Number of molecules of type            1 :          112
  Total number of atoms:          336
  Total number of molecules:          112
  Number of fixed molecules:            0
  Number of free molecules:          112
  Number of variables:          672
  Total number of fixed atoms:            0
  Maximum internal distance of type            1 :    1.5229600000000001     
  All atoms must be within these coordinates: 
   x: [   -1000.0000000000000      ,    1000.0000000000000       ] 
   y: [   -999.20000000000005      ,    1000.8000000000000       ] 
   z: [   -999.58801421792646      ,    1000.4119857820735       ] 
  If the system is larger than this, increase the sidemax parameter. 

################################################################################

  Building initial approximation ... 

################################################################################

  Adjusting initial point to fit the constraints 

--------------------------------------------------------------------------------

--------------------------------------------------------------------------------

  Molecules of type:            1

  Packing:|0                                                             100%|
          |*************************************************

  Restraint-only function value:    6.0551242122865851E-006
  Maximum violation of the restraints:    4.6265456047188628E-006

--------------------------------------------------------------------------------

  Rescaling maximum and minimum coordinates... 
  Computing size of patches... 
  Add fixed molecules to permanent arrays... 
  Reseting center of mass... 

--------------------------------------------------------------------------------

  Setting initial trial coordinates ... 

--------------------------------------------------------------------------------

--------------------------------------------------------------------------------

  Molecules of type:            1
  Adjusting random positions to fit the constraints. 
  Packing:|0                                                             100%|
          |
  Restraint-only function value:    1.7430981294582334E-003
  Maximum violation of the restraints:    1.7428516490771994E-003

################################################################################

  Objective function at initial point:    2082.1327254231642     

################################################################################

  Packing molecules of type:            1

################################################################################


--------------------------------------------------------------------------------

  Starting GENCAN loop:            0
  Scaling radii by:    1.1000000000000001     

  Packing:|0                                                             100%|
          |******************************************************************|
          |**************

  Function value from last GENCAN loop: f = .13054E-02
  Best function value before: f = .20821E+04
  Improvement from best function value:    99.99 %
  Improvement from last loop:    99.99 %
  Maximum violation of target distance:     0.000000
  Maximum violation of the constraints: .73177E-03
  Current structure written to file: 112h2o.box-packmol.xyz
--------------------------------------------------------------------------------
  Packing solved for molecules of type           1
  Objective function value:    1.3054185091625149E-003
  Maximum violation of target distance:    0.0000000000000000     
  Max. constraint violation:    7.3176957984002241E-004
--------------------------------------------------------------------------------

################################################################################

  Packing all molecules together 

################################################################################


  Initial approximation is a solution. Nothing to do. 

  Solution written to file: 112h2o.box-packmol.xyz

################################################################################

                                 Success! 
              Final objective function value: .10485E+01
              Maximum violation of target distance:   0.000000
              Maximum violation of the constraints: .73177E-03

--------------------------------------------------------------------------------

              Please cite this work if Packmol was useful: 

           L. Martinez, R. Andrade, E. G. Birgin, J. M. Martinez, 
         PACKMOL: A package for building initial configurations for
                   molecular dynamics simulations. 
          Journal of Computational Chemistry, 30:2157-2164,2009.

################################################################################

   Running time:    2.16990001E-02  seconds. 

--------------------------------------------------------------------------------
