    * * * * * * * * * * * * * * * * * * * * *
    *       __    ____    ______            *
    *      /  \  |  _ \  |  ___/  luster !  *
     *    / _  \ | |_| | | |               *
     *   / /_\ | |  _ <  | |     < @  @ >  * 
     *  / ___  | | |_| | | |___ _ _  o     * 
    *  /_/   |_| |____/  |_____ _ __ __  _  *
    *                                       *
    * * * * * * * * * * * * * * * * * * * * *

ABCluster 1.5.1
Specific flag:  official version
Platform:       LINUX/UNIX
Compiled by:    junzhang@gellmann.scs.illinois.edu
Compiling date: Dec 18 2017 20:33:35
C++ compiler:   g++
C++ options:    -O3 -Os -fno-exceptions --std=c++0x -fopenmp 

Contributors:
Jun Zhang(University of Cologne): Design and coding.

For any suggestions, comments, and questions on the theory and
implementation of ABCluster, please feel free to contact:

Dr. Jun Zhang, ZhangJunQcc@gmail.com

If you used this program in your work, please cite this reference:

[1] Zhang, J.; Dolg, M.; ABCluster: The Artificial Bee Colony Algorithm for
    Cluster Global Optimization. Phys. Chem. Chem. Phys. 2015, 17, 24173-24181.
[2] Zhang, J.; Dolg, M.; Global Optimization of Clusters of Rigid Molecules by the
    Artificial Bee Colony Algorithm. Phys. Chem. Chem. Phys. 2016, 18, 3003-3010.

Program starts at Wed May  6 10:10:48 2020.
Command line: " /ihome/jkeith/amm503/codes/ABCluster151/rigidmol-optimizer solvent.inp "
Process ID:   172811
Run by:       amm503@smp-n64.crc.pitt.edu
Available CPU cores:    24
Read "OMP_NUM_THREADS": Unset

Random number testing (integers): 978232393...460452529
Random number testing (fractals): 0.55056591...0.86937291

 -- Input/Output Parameters --
Input file name:      solvent.inp
Cluster file name:    solvent.cluster
Result file name:     lm.(cluster/xyz/gjf)
Temporary file name:  abclusteramm503smp-n64.crc.pitt.edu172811-OPT
# of saved LMs:       100
LMs are stored in:    lm-LM

 -- ABC Control Parameters --
Population size:                  500
Maximal generation:              1000
Scout limit:                       15
Amplitude:                20.00000000

 -- Cluster Components: from [ solvent.cluster ] --
 -----------------------------------------------------------
   Source                                       #   Charge
 -----------------------------------------------------------
   charmm36/ch3oh.xyz                          15   -0.000
 -----------------------------------------------------------
   Dimension: 0, an isolate cluster.
 -----------------------------------------------------------

Artificial Bee Colony Optimization Starts!
----------------------------------------------------------------------------------
 * Population: 500; Maximal cycles: 1000
 * EM = Employed Bee; Trigonometric mutation
 * OL = Onlooker Bee; ABC/best/2(0.5)+ABC/current/2(0.5);
        Tournament selection from 5 nectars.
 * SC = Scout Bee; Random nectar; Limit = 15
----------------------------------------------------------------------------------
    #       Diversity            maxE            minE    byEM    byOL    bySC
----------------------------------------------------------------------------------
    1     49.73942000    -54.80758605   -533.61080480     242      46       0
    2     26.32251073   -108.35603181   -533.61080483     155      57       0
    3     16.35880620   -458.93296091   -533.61080500     117      42       0
    4     15.06078089   -458.93296091   -533.61080496     103      33       0
    5     14.37497113   -473.22078060   -533.76760654      81      17       0
    6     13.86415343   -476.06549187   -536.31997952      65      37       0
    7     13.52972704   -480.79554112   -539.66269731      60      30       0
    8     13.79923806   -480.79554112   -539.81755623      50      34       0
    9     13.80361624   -481.41583699   -539.81755623      68      38       0
   10     13.62971854   -481.41583699   -539.81755623      55      24       0
   11     13.38192827   -488.37088138   -539.81755623      48      18       0
   12     13.57689810   -488.37088138   -540.81338366      51      20       0
   13     13.24537230   -489.12306177   -540.81338366      58      42       0
   14     12.84600692   -489.12306177   -540.81338366      70      34       0
   15     12.14285715   -496.99964367   -541.67656858      78      16       0
   16     10.98668750   -497.22736835   -541.80354319     103      56       0
   17     19.78459275   -147.55586933   -541.80354323     117      64       2
   18     24.82443344   -104.55574118   -542.94952148     144      55      11
   19     38.66657272    -52.98480918   -542.94952148     136      88      23
   20     58.06807537    -22.42644493   -542.94952146     139      44      40
   21 19633367.06349076 439454578.97609204   -542.94952148     120      17      61
   22     54.03046963    -33.05912153   -542.94952148     132       9      79
   23 1911681.98842515 42788808.37745076   -542.94952146     110       8     100
   24 20862377.37751701 466949679.92716414   -542.94952148     116       6      83
   25     42.60787268    -65.05052029   -542.94952149     124      10      50
   26     61.87144563    -52.17357836   -542.94952148     111      18      34
   27     22.64755543   -301.72825329   -542.94952146     112      11      11
   28     12.88833532   -464.58997951   -542.94952147     114      17       4
   29      7.37639204   -474.92830353   -542.94952147     103       5       2
   30      1.80656521   -514.53239444   -542.94952146      75       8       0
   31      1.04215895   -540.57670428   -542.94952144      66       2       0
   32      0.89792006   -540.57670427   -542.94952147      71       0       0
   33      0.62146906   -540.57670428   -542.94952144      72       0       0
   34      0.28954714   -540.57670426   -542.94952146      41       0       0
   35      2.26734527   -492.19936431   -542.94952145       9       0       1
   36     15.44156379   -286.29997349   -542.94952149       1       0       4
   37     41.23400835    -44.11394677   -542.94952148       4       0      22
   38     31.25030821   -159.88777907   -542.94952146      20       0      34
   39     57.16732407    -19.87894367   -542.94952149      34       0      61
   40 46855294.04605642 1048764993.80795157   -542.94952148      60       0      73
   41     55.82752445    -19.19818118   -542.94952147      72       0      55
   42     52.01897818    -54.44438630   -542.94952149      79       0      66
   43     60.05083221    -54.44438630   -542.94952149      91       0      73
   44     59.72458819    -23.92375847   -542.94952147      90       0      52
   45 1158964.24450609 25940653.88112102   -542.94952148      80       0      35
   46     22.82936413   -316.77633814   -542.94952148      81       0      19
   47     15.47721114   -313.95088621   -542.94952148      51       0       5
   48      1.22815101   -523.37242657   -542.94952149      27       0       0
   49      0.00000004   -542.94952145   -542.94952149       2       0       0
   50      0.00000004   -542.94952145   -542.94952149       0       0       0
   51      0.00000004   -542.94952145   -542.94952149       0       0       0
   52      2.90942701   -477.82760122   -542.94952147       0       0       1
   53     13.42242865   -278.98784223   -542.94952149       1       0       4
   54     41.35482950    -54.33926779   -542.94952133       4       0      21
   55 1975665.12144604 44220922.49972084   -542.94952133      20       0      30
   56     46.92113444   -104.23621358   -542.94952148      29       0      54
   57     47.91931885   -125.80810753   -542.94952145      52       0      59
   58     47.83189565    -72.25768189   -542.94952148      59       0      52
   59     52.91923295    -27.89544703   -542.94952148      61       0      63
   60     50.14115156    -42.90933743   -542.94952148      75       0      66
   61     54.55540387    -62.91722473   -542.94952148      82       0      65
   62     51.11961918    -65.43637355   -542.94952140      83       0      44
   63     51.80781685    -53.59983068   -542.94952144      79       0      31
   64     31.65757641    -47.79386275   -542.94952149      69       0      10
   65      5.30568877   -466.70851227   -542.94952147      41       0       0
   66      0.00000003   -542.94952147   -542.94952147       9       0       0
   67      0.00000003   -542.94952147   -542.94952147       0       0       0
   68      0.00000003   -542.94952147   -542.94952147       0       0       0
   69      2.36985855   -489.90480205   -542.94952149       0       0       1
   70     18.67607298   -224.35252237   -542.94952147       1       0       4
   71     31.76018743   -115.50827661   -542.94952146       4       0      21
   72     20.16257650   -221.04456078   -542.94952149      18       0      27
   73     51.36776640    -66.14492027   -542.94952148      29       0      50
   74 2810420.05840566 62905308.63234721   -542.94952149      47       0      52
   75 3541482.98127228 79268745.61457200   -542.94952147      61       0      49
   76     54.23754424    -24.85820753   -542.94952147      57       0      54
   77     46.26659771   -119.06937702   -542.94952147      56       0      58
   78     41.79538952   -109.98066656   -542.94952147      63       0      67
   79  15619.16215049 349077.78731338   -542.94952138      76       0      56
   80     47.83287278    -40.31708289   -542.94952148      82       0      42
   81     40.20262897    -49.61937362   -542.94952149      72       0      17
   82      7.81074950   -455.82164465   -542.94952148      48       0       2
   83      0.00000003   -542.94952146   -542.94952147      12       0       0
   84      0.00000003   -542.94952146   -542.94952147       0       0       0
   85      0.00000003   -542.94952146   -542.94952147       0       0       0
   86      3.00920198   -475.59433071   -542.94952148       0       0       1
   87     23.78397682   -136.01340156   -542.94952147       1       0       4
   88     42.48758670    -68.68762505   -542.94952148       4       0      19
   89     30.78529133    -47.55890147   -542.94952149      18       0      27
   90     44.61043194    -39.21116911   -542.94952143      27       0      44
   91     51.15112060    -73.03901509   -542.94952148      41       0      46
   92     42.65602063    -67.23541331   -542.94952142      48       0      53
   93     37.17756136    -88.21440984   -542.94952148      54       0      57
   94     44.03247354    -88.21440984   -542.94952145      69       0      50
   95     41.51597952    -96.42673227   -542.94952145      62       0      57
   96    134.12994346   2118.16751133   -542.94952145      72       0      59
   97 4397383.93722123 98357869.23365833   -542.94952145      67       0      47
   98     26.91569585   -239.09749328   -542.94952142      70       0      30
   99     11.46549598   -449.43241775   -542.94952148      64       0       6
  100      3.72869734   -502.13514121   -542.94952147      26       0       0
  101      0.95363166   -521.60431334   -542.94952145       5       0       0
  102      0.00000002   -542.94952148   -542.94952148       1       0       0
  103      2.56686512   -485.49518931   -542.94952145       0       0       1
  104      8.94213323   -381.61434496   -542.94952148       1       0       4
  105     22.11510527   -190.65201278   -542.94952147       4       0      18
  106 20181687.44533240 451727666.42074281   -542.94952148      18       0      27
  107     37.49491502   -134.36649489   -542.94952146      27       0      41
  108     51.79487616    -40.75798025   -542.94952146      34       0      40
  109     63.25198687    -58.66963956   -542.94952146      47       0      48
  110 542692.24476423 12146592.10025775   -542.94952147      53       0      59
  111 48907395.83331355 1093489223.40734410   -542.94952148      64       0      46
  112     60.26329503    -27.90808356   -542.94952146      66       0      57
  113     57.16271261    -40.14994372   -542.94952146      65       0      48
  114     56.17329624    -52.65663095   -542.94952146      73       0      61
  115     46.81648109    -31.23589531   -542.94952145      78       0      36
  116     28.81156076    -46.33253227   -542.94952141      62       0      13
  117      5.27957215   -484.22783870   -542.94952148      46       0       1
  118      0.51131557   -531.50470720   -542.94952147      11       0       0
  119      0.00000002   -542.94952146   -542.94952146       1       0       0
  120     19.90650509    -97.38074382   -542.94952147       0       0       1
  121     28.27548002    -85.53004921   -542.94952146       1       0       4
  122     34.83940935    -40.40061477   -542.94952146       4       0      18
  123     33.96903040   -129.05522186   -542.94952145      17       0      26
  124     33.16650944    -54.20722456   -542.94952145      28       0      36
  125 12544910.38695087 280793122.67962885   -542.94952141      35       0      36
  126 8513430.85148613 190556221.80200669   -542.94952146      36       0      44
  127     52.20582324    -80.14461585   -542.94952147      49       0      54
  128  11121.49590957 248400.15238419   -542.94952147      59       0      49
  129     42.95181065   -100.30597453   -542.94952144      66       0      49
  130     59.48826962    -43.45151230   -542.94952149      65       0      50
  131     45.09542999    -45.13200764   -542.94952145      65       0      62
  132 151474.57335551 3389938.09707372   -542.94952145      70       0      44
  133     44.05121134    -26.48685671   -542.94952147      67       0      23
  134     14.38498700   -262.18673807   -542.94952147      57       0       3
  135      3.24194246   -487.20933464   -542.94952148      16       0       1
  136      0.00000002   -542.94952147   -542.94952145       3       0       0
  137      1.87664030   -500.94454274   -542.94952148       0       0       1
  138     14.13617535   -234.18151042   -542.94952145       1       0       4
  139     44.01438634    -37.13305261   -542.94952145       4       0      17
  140     29.52003689   -113.56647165   -542.94952145      16       0      24
  141     40.09527310    -69.29090938   -542.94952148      25       0      34
  142     42.28380242   -107.59643233   -542.94952148      33       0      39
  143 73615958.39538673 1647750916.34579635   -542.94952145      42       0      36
  144     39.97992878    -41.34747257   -542.94952149      47       0      49
  145     61.05511079    -60.29914158   -542.94952147      50       0      45
  146     48.77226999    -18.44702338   -542.94952147      54       0      48
  147     44.81768155    -60.17746499   -542.94952145      58       0      52
  148 362779450.69011694 8120118782.59323883   -542.94952147      61       0      59
  149 241893.65478106 5413793.54378042   -542.94952147      74       0      48
  150     51.60398431    -41.54335858   -542.94952147      66       0      33
  151     11.79774260   -408.56401483   -542.94952147      69       0      10
  152      3.15660779   -491.78276603   -542.94952148      25       0       1
  153      0.00000002   -542.94952149   -542.94952148       3       0       0
  154      0.99666713   -520.64104730   -542.94952148       0       0       1
  155     13.41736640   -256.21801183   -542.94952148       1       0       4
  156     23.56463630    -89.38592836   -542.94952149       4       0      16
  157     46.24006992    -22.58112893   -542.94952149      16       0      24
  158     31.12094335   -184.33871562   -542.94952149      22       0      23
  159     42.63500720    -46.51755696   -542.94952146      23       0      43
  160     47.31504040    -36.91921854   -542.94952149      40       0      41
  161     38.12204121   -136.71648941   -542.94952148      44       0      42
  162 21723740.97144070 486243570.97899526   -542.94952148      52       0      46
  163     53.78787529    -28.45625160   -542.94952147      50       0      43
  164 370054961.76464379 8282799049.66852379   -542.94952149      52       0      48
  165   2292.03193506  50760.90469586   -542.94952149      52       0      51
  166  28098.03395600 628391.19678773   -542.94952149      66       0      56
  167     54.70918194    -20.15793454   -542.94952149      65       0      43
  168     29.17252028   -155.07725102   -542.94952148      60       0      18
  169      5.81014415   -461.35056324   -542.94952149      31       0       1
  170      0.94880028   -521.71245452   -542.94952149       7       0       0
  171     10.93536051   -298.18253744   -542.94952149       1       0       1
  172      5.89746044   -463.87720522   -542.94952149       1       0       4
  173     19.28473440   -252.02695369   -542.94952149       4       0      16
  174     13.93399135   -397.33926955   -542.94952149      17       0      24
  175     47.59278073    -40.10319961   -542.94952146      22       0      23
  176     40.76478731   -166.13450054   -542.94952149      25       0      35
  177     37.26594072    -51.82797285   -542.94952149      32       0      38
  178 11844884.52436636 264912130.72014356   -542.94952149      37       0      44
  179     61.88233241    -30.68898671   -542.94952149      52       0      49
  180     48.08712535    -12.88351470   -542.94952149      52       0      41
  181     38.42748913   -122.86631543   -542.94952150      50       0      47
  182     44.40636514    -50.26105848   -542.94952149      63       0      47
  183     60.40853671    -47.70016693   -542.94952149      56       0      57
  184     40.97304504    -19.30511516   -542.94952149      71       0      48
  185     44.05705872    -38.19132412   -542.94952148      63       0      22
  186     22.47255317   -181.21885194   -542.94952149      48       0       4
  187      0.00000000   -542.94952149   -542.94952149      18       0       0
  188      1.62010750   -506.68653536   -542.94952149       0       0       1
  189      5.35713707   -451.75097172   -542.94952149       1       0       3
  190     41.02709719    -38.83122407   -542.94952149       3       0      16
  191 2205448.92779580 49364188.69067281   -542.94952149      15       0      24
  192     31.96877849   -110.90751880   -542.94952148      26       0      23
  193     36.28705130    -62.65570945   -542.94952149      25       0      33
  194 3881050.09606464 66045510.50000303   -542.94952148      32       0      37
  195     51.04754661    -76.91582263   -542.94952149      39       0      38
  196 91340230.31464283 2044478376.70237374   -542.94952149      42       0      45
  197     61.66980632    -39.66907952   -542.94952148      46       0      46
  198     48.32664078    -57.02680891   -542.94952149      53       0      39
  199     51.45068560    -32.75927381   -542.94952149      51       0      54
  200     58.80558019    -54.56471584   -542.94952149      50       0      52
  201     57.16213746    -58.15409936   -542.94952149      63       0      47
  202     53.60440753    -66.83104827   -542.94952149      63       0      29
  203     23.55315049   -105.75292647   -542.94952149      47       0      13
  204      5.45254825   -477.91047480   -542.94952149      27       0       0
  205     14.73125484   -213.21875350   -542.94952149       8       0       1
  206      4.96546799   -470.98568320   -542.94952149       1       0       3
  207     22.22902213   -197.70972388   -542.94952149       3       0      13
  208     24.61777511   -176.20122157   -542.94952149      12       0      26
  209     23.52660504   -147.50206549   -542.94952149      24       0      21
  210     33.05227491    -61.54869481   -542.94952149      23       0      33
  211     41.12769530    -68.81781896   -542.94952149      32       0      38
  212     41.75943726    -61.17783405   -542.94952149      41       0      35
  213     44.78980767    -93.42912299   -542.94952149      42       0      40
  214     51.65218882    -29.10617856   -542.94952149      49       0      50
  215     41.45793965    -61.47148166   -542.94952149      54       0      35
  216 3086903.76724608 69093864.23171948   -542.94952149      46       0      50
  217     56.21038867    -49.36433521   -542.94952149      60       0      56
  218     38.87743725   -127.43737880   -542.94952149      58       0      40
  219     47.47743401    -31.23782231   -542.94952149      49       0      41
  220     35.41336700    -39.17858683   -542.94952149      61       0      16
  221      5.17179040   -478.22467550   -542.94952149      40       0       2
  222      2.73450440   -481.74290694   -542.94952149       7       0       1
  223      3.93108671   -477.54714596   -542.94952149       1       0       3
  224     10.72034420   -397.84494862   -542.94952149       3       0      13
  225 10487194.51191423 234735112.69437078   -542.94952149      13       0      24
  226     31.39528623   -194.13907686   -542.94952148      24       0      23
  227  31275.66813451 699506.50496951   -542.94952149      25       0      27
  228     46.35518800    -57.02142130   -542.94952149      31       0      36
  229     32.23802525    -45.60831336   -542.94952148      35       0      35
  230     42.96909429    -44.36618466   -542.94952147      40       0      39
  231     59.83121755    -43.38394564   -542.94952148      39       0      50
  232 97278465.31077595 2177390559.89044762   -542.94952149      53       0      35
  233     56.86254159    -41.81104934   -542.94952149      46       0      50
  234     52.44037479    -62.88718682   -542.94952149      44       0      51
  235     48.42745544    -54.54247412   -542.94952149      60       0      41
  236     50.53057365     50.23775697   -542.94952147      63       0      43
  237     31.35408990    -64.01553399   -542.94952149      55       0      23
  238     13.70182101   -287.92187719   -542.94952149      38       0       6
  239      2.28550069   -497.76981467   -542.94952149      10       0       1
  240     18.59807505   -127.46477369   -542.94952147       2       0       3
  241     34.42910793   -106.91744591   -542.94952149       3       0      13
  242 629425.53086774 14087938.24246106   -542.94952149      13       0      20
  243     31.84132748   -185.99862859   -542.94952149      20       0      24
  244     45.23072787    -64.32227924   -542.94952149      25       0      28
  245     41.18300241    -66.26367609   -542.94952149      25       0      36
  246     34.32548215   -116.37969099   -542.94952149      32       0      32
  247 166659451.76144809 3730350319.31337976   -542.94952149      41       0      37
  248     51.59749782    -72.34191589   -542.94952149      42       0      49
  249     47.43679847    -65.11617587   -542.94952148      50       0      40
  250 70323537.98190893 1574056427.90907383   -542.94952149      51       0      45
  251     46.43729469    -24.47020352   -542.94952149      47       0      43
  252     50.47195660    -46.16589397   -542.94952149      57       0      45
  253     41.21538263    -93.21210529   -542.94952147      59       0      46
  254 46863630.16823655 1042431597.21418381   -542.94952149      47       0      31
  255     23.84819205   -174.40525318   -542.94952149      51       0       6
  256     14.60077539   -238.32667513   -542.94952149      27       0       2
  257     21.45283116    -68.93785233   -542.94952149       7       0       3
  258     24.30930027    -82.20653941   -542.94952149       4       0      13
  259     11.88237728   -451.56971399   -542.94952149      13       0      18
  260     29.68394110    -35.22720528   -542.94952149      19       0      25
  261     24.86098590   -107.20773581   -542.94952149      26       0      29
  262     36.99180055    -84.96854561   -542.94952149      27       0      31
  263     39.16872582    -51.44519923   -542.94952149      32       0      34
  264     48.14662149    -52.25784487   -542.94952149      37       0      33
  265   9747.99234135 217654.53410485   -542.94952149      34       0      47
  266     42.01885959   -135.20320968   -542.94952149      50       0      39
  267 1788549.75686688 40032711.26140643   -542.94952149      47       0      40
  268     60.02600036    -38.23375276   -542.94952149      55       0      48
  269     48.04444844    -63.03493674   -542.94952149      60       0      47
  270  23453.55340585 524430.58792519   -542.94952149      53       0      41
  271     46.01661963    -56.93355465   -542.94952146      60       0      32
  272     23.06236151   -186.64086833   -542.94952149      49       0      15
  273      8.60440093   -432.88890682   -542.94952149      28       0       5
  274      3.49632401   -488.35652542   -542.94952149      10       0       3
  275     14.15005548   -276.07827983   -542.94952149       4       0      12
  276     34.38872969    -57.15409319   -542.94952149      12       0      17
  277     20.15572820   -209.52642845   -542.94952149      16       0      26
  278     41.77610232    -64.48250375   -542.94952149      29       0      29
  279     34.78134339    -72.15371834   -542.94952146      30       0      30
  280     50.04486156    -52.34214645   -542.94952149      27       0      33
  281  71812.13484443 1606841.36560644   -542.94952146      36       0      31
  282     36.32835541    -98.07357324   -542.94952146      41       0      38
  283     41.32828721    -27.43342967   -542.94952149      41       0      38
  284     54.60348082    -47.64178366   -542.94952150      42       0      44
  285     48.23505207    -75.28840034   -542.94952149      53       0      46
  286 3113745.75679272 69694670.45928872   -542.94952149      52       0      49
  287     51.27621161    -48.93258155   -542.94952148      51       0      37
  288 24625612.35264787 488109683.89002806   -542.94952149      53       0      40
  289     22.06841157   -260.51479666   -542.94952149      49       0      19
  290     23.32316985    -54.96229692   -542.94952149      30       0       8
  291      4.83673709   -461.00560953   -542.94952149      13       0       3
  292     26.04025265   -205.43193770   -542.94952149       3       0      12
  293     25.96462332   -190.73443545   -542.94952149      13       0      15
  294 210762967.75861776 4717522578.57988930   -542.94952149      15       0      26
  295 792551.96577196 17739213.59156283   -542.94952148      24       0      30
  296     39.26076189    -71.21580973   -542.94952148      34       0      28
  297     42.97862830    -65.84795684   -542.94952149      31       0      27
  298     43.90864267    -45.24682447   -542.94952149      31       0      38
  299     44.17049236    -35.37523085   -542.94952149      38       0      34
  300 14016876.25944215 313740243.46290708   -542.94952149      40       0      33
  301     50.70660502    -45.01669451   -542.94952149      36       0      48
  302     53.24499262    -51.87496563   -542.94952149      49       0      44
  303     37.66727931    -30.96859007   -542.94952149      50       0      51
  304     42.07304648   -113.56026750   -542.94952149      59       0      34
  305 5437814.69189088 121714476.50356925   -542.94952149      44       0      44
  306     28.25138963   -198.79062687   -542.94952149      49       0      22
  307     34.12386213    -45.95127408   -542.94952149      34       0      10
  308     17.79818204   -157.59133527   -542.94952149      18       0       4
  309     12.80356063   -338.54793668   -542.94952149       5       0      11
  310 2683069.14084658 60054795.32150385   -542.94952149      11       0      15
  311     30.45011257    -90.73638942   -542.94952149      15       0      25
  312     36.27583536    -49.01025999   -542.94952149      22       0      28
  313     45.45399629    -28.92411325   -542.94952149      31       0      31
  314     39.06413280    -40.47326439   -542.94952149      37       0      26
  315     41.26818337    -63.78352661   -542.94952149      29       0      34
  316     36.25194227   -129.28572025   -542.94952149      37       0      34
  317 14242626.54326213 318793230.77936661   -542.94952149      37       0      35
  318     53.13787125    -34.30944908   -542.94952149      44       0      44
  319     45.36545916    -98.98929098   -542.94952149      51       0      43
  320     52.24476538    -56.22792481   -542.94952149      55       0      53
  321     45.36430931    -18.08001537   -542.94952149      51       0      35
  322 86384086.41162309 1873503347.78318644   -542.94952149      43       0      43
  323     45.76774774    -54.42653811   -542.94952149      50       0      25
  324     20.61125490   -165.97974814   -542.94952149      40       0      13
  325     16.72882951   -202.79403165   -542.94952149      21       0       5
  326     26.03399543   -154.44927400   -542.94952149       9       0      10
  327     41.97296650   -100.02223773   -542.94952149      10       0      16
  328     47.32595445    -34.49423466   -542.94952149      16       0      23
  329     55.63075474    -33.90594420   -542.94952149      23       0      26
  330 3747204.01805523 83873408.44477735   -542.94952149      27       0      29
  331    249.93670496   4914.64652843   -542.94952149      29       0      30
  332     40.18930920    -94.35029683   -542.94952149      35       0      31
  333     36.74510475    -69.12144914   -542.94952149      33       0      30
  334     38.75135941    -49.60506181   -542.94952149      35       0      35
  335 2942314.74320977 65857516.91118324   -542.94952149      37       0      44
  336 4469700.34957160 100045101.39304845   -542.94952149      47       0      46
  337     50.91020255    -19.78208894   -542.94952149      47       0      52
  338     51.06565840    -24.31724719   -542.94952149      55       0      37
  339     46.29766389    -39.38258753   -542.94952149      45       0      38
  340     45.02134019    -51.70594839   -542.94952149      43       0      28
  341     29.29204579    -88.30507583   -542.94952149      40       0      19
  342     13.22534630   -274.40265185   -542.94952149      27       0       6
  343     36.29763237    -20.87717829   -542.94952149      12       0      10
  344     29.34837694   -166.08802873   -542.94952149       9       0      16
  345     37.98227402    -77.60887655   -542.94952149      18       0      21
  346     45.42099458    -32.39542232   -542.94952149      22       0      25
  347     48.62361710    -57.17144634   -542.94952149      26       0      29
  348     36.64255881    -65.91708373   -542.94952149      30       0      28
  349     47.56448400    -38.07630365   -542.94952149      29       0      33
  350     50.57041131    -50.11507974   -542.94952149      36       0      30
  351     44.92518946    -55.82126550   -542.94952149      31       0      37
  352     33.63965710    -44.10197575   -542.94952149      42       0      37
  353 6011374.62048382 134552516.65760249   -542.94952149      40       0      50
  354     52.84705124    -81.65764764   -542.94952149      48       0      49
  355     59.13677145    -24.97145489   -542.94952149      56       0      37
  356     35.64870194    -54.94828348   -542.94952150      49       0      38
  357     48.12672733    -42.42095302   -542.94952150      55       0      30
  358     34.01543921    -33.87032727   -542.94952149      42       0      20
  359     32.84764288   -103.58734982   -542.94952150      27       0      10
  360      8.41672770   -458.86298944   -542.94952149      15       0       9
  361     26.49762688    -80.02486466   -542.94952150       8       0      15
  362     35.02246793    -65.91080265   -542.94952150      17       0      22
  363 651510.97706417 14582280.83332536   -542.94952149      21       0      24
  364     41.77181441    -69.14901739   -542.94952149      28       0      31
  365     30.24797236   -165.38745920   -542.94952150      29       0      22
  366     49.01986476    -52.73565024   -542.94952149      24       0      38
  367     44.91639597    -99.09047429   -542.94952149      37       0      28
  368     43.57564201    -53.44443118   -542.94952149      33       0      34
  369     52.11937731    -14.26353829   -542.94952149      37       0      39
  370     66.85694442    -32.76957116   -542.94952150      43       0      43
  371     56.40953269    -44.36448478   -542.94952150      49       0      49
  372     44.94243576    -28.84292269   -542.94952149      57       0      39
  373     46.52309256    -92.45468986   -542.94952150      56       0      40
  374     38.05122790    -89.40371709   -542.94952150      55       0      30
  375     37.87952745    -99.22767802   -542.94952150      39       0      24
  376     25.36806505    -88.28899822   -542.94952150      28       0      13
  377     19.75039522   -130.94958041   -542.94952149      15       0       8
  378 3061636.96406463 68528306.30134512   -542.94952150       9       0      15
  379     17.61589072   -221.03972737   -542.94952150      15       0      21
  380     32.54807905    -91.84817323   -542.94952150      23       0      25
  381     45.97467515    -68.45836659   -542.94952150      29       0      29
  382     39.88012765    -97.14709565   -542.94952149      29       0      24
  383     46.14797004    -52.21191149   -542.94952150      28       0      36
  384 79295598.98208776 1774878728.09337902   -542.94952149      36       0      27
  385    134.78790699   2178.95416720   -542.94952150      35       0      35
  386     42.83796604    -30.35341489   -542.94952150      34       0      32
  387     52.16235418    -31.52293776   -542.94952150      44       0      38
  388     42.23080816    -42.10681609   -542.94952150      46       0      49
  389     45.80308967    -43.42602284   -542.94952150      48       0      47
  390     57.33369012    -29.17618184   -542.94952150      56       0      40
  391     59.03198176    -33.09773737   -542.94952150      49       0      35
  392     45.27157876    -26.22210923   -542.94952150      48       0      25
  393     16.87934471   -243.41544941   -542.94952147      32       0      13
  394     26.38558316    -17.71804682   -542.94952150      19       0       9
  395     17.09490126   -211.69674378   -542.94952150      12       0      12
  396 119407159.23137826 2672698749.01019764   -542.94952150      10       0      21
  397     26.01809865   -102.07116499   -542.94952150      21       0      24
  398     48.01467335    -42.37844341   -542.94952141      25       0      31
  399     35.52531164    -81.46226551   -542.94952150      39       0      19
  400     46.15947534    -70.99278554   -542.94952150      25       0      36
  401     57.38229381    -37.55821895   -542.94952147      34       0      33
  402     29.42626375   -149.27148824   -542.94952147      37       0      27
  403 11257556.54889525 251978185.78438580   -542.94952150      34       0      33
  404     40.80354784    -60.28916333   -542.94952150      37       0      43
  405     44.24092369    -37.03157991   -542.94952150      46       0      47
  406     41.81472176    -59.98975592   -542.94952147      47       0      41
  407     45.09808946    -88.76982029   -542.94952141      51       0      40
  408     40.10562878   -117.61019708   -542.94952147      52       0      40
  409     46.95904796    -36.44038538   -542.94952149      50       0      29
  410     24.84062012    -74.18721097   -542.94952150      42       0      14
  411      9.80191369   -440.72021737   -542.94952148      28       0      10
  412   2653.26434093  58843.43665728   -542.94952150      16       0      11
  413     31.78283352   -134.76137467   -542.94952148      11       0      22
  414     21.94874297   -176.14970006   -542.94952149      21       0      18
  415     43.67730134    -47.66017767   -542.94952149      21       0      30
  416     34.89514732   -118.82374299   -542.94952149      28       0      24
  417     35.38305716    -52.36689325   -542.94952150      26       0      33
  418     50.85342763    -65.30941931   -542.94952148      33       0      33
  419     38.97979488    -93.57530550   -542.94952145      40       0      25
  420     56.28428541    -46.57090143   -542.94952148      31       0      36
  421 19775735.97894504 442641231.25546145   -542.94952145      38       0      41
  422 12384374.86031884 277199847.53271335   -542.94952150      48       0      41
  423     40.10155798    -86.93665644   -542.94952150      46       0      45
  424     45.02658662   -105.32194051   -542.94952145      52       0      42
  425     32.17682813   -157.60748933   -542.94952149      49       0      33
  426 60367885.26057674 1351218312.23255587   -542.94952149      48       0      32
  427     26.91931111   -151.44648899   -542.94952145      39       0      22
  428    115.86878426   2020.01401362   -542.94952150      25       0      12
  429     23.16286456   -128.11175769   -542.94952148      18       0      11
  430     30.85082813    -88.19101582   -542.94952148      15       0      19
  431     41.02161538    -93.26911794   -542.94952144      18       0      21
  432     34.53660286   -185.22286905   -542.94952148      23       0      29
  433     44.72130605    -67.51279841   -542.94952148      26       0      20
  434     46.33527923    -37.81920809   -542.94952149      27       0      33
  435     30.58277762   -128.25834403   -542.94952149      34       0      34
  436     47.44698135    -83.53813432   -542.94952148      39       0      24
  437     43.82755804    -20.25154846   -542.94952148      33       0      35
  438     40.80723089    -36.01645365   -542.94952149      35       0      39
  439     32.09913246   -118.33574319   -542.94952148      47       0      37
  440     47.53698906    -29.37019901   -542.94952149      40       0      48
  441     37.39041175   -138.58058220   -542.94952149      56       0      43
  442     49.97445786    -72.12529084   -542.94952148      49       0      36
  443     40.61913057    -66.89247021   -542.94952148      44       0      34
  444     43.17907962    -61.58804880   -542.94952148      46       0      21
  445     30.97915856    -71.35560471   -542.94952146      36       0      16
  446     23.26261729   -102.18691892   -542.94952149      23       0      11
  447     38.14406872    -51.87861349   -542.94952149      14       0      16
  448     35.77407640    -40.36004383   -542.94952149      14       0      23
  449 2679624.88315580 59977707.72920055   -542.94952146      21       0      27
  450     34.94964184    -65.14372452   -542.94952149      29       0      19
  451     39.01922754    -30.91938721   -542.94952149      24       0      31
  452     38.34400236    -79.49663983   -542.94952150      32       0      34
  453     29.41299431   -206.33436777   -542.94952149      39       0      25
  454     31.85720063   -108.28689482   -542.94952149      29       0      35
  455 120848.98165067 2704439.16795036   -542.94952146      33       0      40
  456     31.21985169   -106.93134362   -542.94952150      46       0      31
  457 13210470.28517389 295690401.64142358   -542.94952149      47       0      46
  458 7214628.70939036 161485037.89476898   -542.94952146      56       0      46
  459     36.52517749    -53.63631542   -542.94952148      54       0      34
  460     62.91712002    -61.25051651   -542.94952149      40       0      39
  461     50.84269112    -66.68472798   -542.94952147      52       0      24
  462     22.17286514   -283.55750927   -542.94952149      39       0      17
  463     38.17747948    -51.87704634   -542.94952149      29       0      13
  464     16.39565610   -268.19240379   -542.94952146      17       0      16
  465     34.03913228    -56.14613590   -542.94952149      19       0      21
  466     38.81006201    -44.94140799   -542.94952149      23       0      27
  467     42.86098736    -50.23823814   -542.94952148      28       0      17
  468     39.99471820    -74.76474726   -542.94952147      20       0      29
  469 46494425.52188812 1040687636.11480081   -542.94952147      29       0      38
  470     39.77365859    -57.45415128   -542.94952146      39       0      22
  471 12733264.99879008 285009082.07795900   -542.94952146      32       0      30
  472     45.05562118    -29.09734792   -542.94952148      36       0      37
  473 1684112.76946634 37695089.23447953   -542.94952149      43       0      39
  474 143615.58993642 3214025.40198517   -542.94952146      48       0      39
  475     56.15793438    -40.06030803   -542.94952149      43       0      47
  476     54.18756245    -55.48008325   -542.94952149      48       0      37
  477     35.34305775   -171.99219772   -542.94952149      45       0      32
  478   2410.40563765  53410.47297884   -542.94952145      45       0      33
  479     34.41942190    -33.25388583   -542.94952145      38       0      21
  480 7284519.33937415 163049395.46874920   -542.94952149      29       0      14
  481     29.48386783    -65.22775287   -542.94952149      18       0      15
  482     42.18241130    -23.30010328   -542.94952149      15       0      21
  483     41.71832429    -19.77312680   -542.94952147      20       0      26
  484     34.14488445    -54.08383393   -542.94952149      26       0      17
  485     30.80182722    -75.77642190   -542.94952149      18       0      28
  486     48.92388635    -25.32253091   -542.94952149      28       0      36
  487     23.55861396   -209.80706804   -542.94952146      36       0      23
  488     33.85349992   -131.63723547   -542.94952148      29       0      28
  489 5225440.53665992 116960890.00274788   -542.94952149      33       0      36
  490     45.80135358    -36.21656669   -542.94952149      31       0      42
  491     52.15740087    -36.21656669   -542.94952149      50       0      38
  492 99035687.27649771 2135668291.70588779   -542.94952148      51       0      40
  493 247468609.49518105 5539107680.95748806   -542.94952148      41       0      40
  494     40.83213771   -109.46160083   -542.94952148      54       0      39
  495     47.64072042    -22.42648518   -542.94952148      45       0      32
  496     24.84054226   -180.99351784   -542.94952149      46       0      24
  497     31.67205379    -61.27402034   -542.94952147      32       0      15
  498     31.43796113    -37.20493199   -542.94952147      18       0      15
  499     27.68233331   -127.14651180   -542.94952149      18       0      21
  500     41.18518869    -74.42991527   -542.94952148      22       0      24
  501     40.20915493    -28.77313640   -542.94952147      24       0      18
  502     53.68221790    -41.48314671   -542.94952149      22       0      26
  503     57.67293994    -45.39484134   -542.94952148      25       0      34
  504     34.23555215    -43.13124520   -542.94952147      35       0      25
  505 4164972.55464751 93224352.58437744   -542.94952149      28       0      31
  506     52.39934181    -51.40102566   -542.94952150      31       0      29
  507     51.17891479    -82.60547051   -542.94952148      32       0      37
  508     51.23541955    -71.82914683   -542.94952149      44       0      40
  509     46.72502983    -65.16253636   -542.94952149      46       0      41
  510     41.50100851    -92.60412408   -542.94952150      47       0      40
  511     33.53433322    -68.33688490   -542.94952149      54       0      39
  512 7533002.85272450 162686683.19022185   -542.94952149      50       0      40
  513     35.58702142    -49.16310819   -542.94952150      47       0      21
  514     30.66474087    -55.12599657   -542.94952149      30       0      18
  515     12.82034996   -387.96718355   -542.94952149      22       0      15
  516     27.35076395   -230.35105534   -542.94952149      17       0      21
  517 32494013.67548626 727315375.65763628   -542.94952149      22       0      23
  518     22.11921503   -209.43654533   -542.94952149      24       0      19
  519     33.61955117   -167.20205276   -542.94952149      22       0      25
  520     31.99633634   -136.75322826   -542.94952149      26       0      31
  521     37.02307840    -27.49472039   -542.94952149      30       0      26
  522     33.92280283    -82.34990390   -542.94952149      30       0      31
  523     33.02030881    -29.52490026   -542.94952149      30       0      29
  524 37407613.91748113 656347881.50468254   -542.94952146      32       0      30
  525     42.77260146    -79.62290973   -542.94952150      40       0      42
  526     50.39468514    -36.54311040   -542.94952149      49       0      41
  527     54.65921721    -41.96902293   -542.94952149      51       0      40
  528     53.71359202    -57.87377757   -542.94952149      48       0      43
  529 2382131.06053588 48268888.81689433   -542.94952150      47       0      38
  530     55.85621848    -26.71946419   -542.94952149      52       0      26
  531 2145599.20069929 48024568.42258703   -542.94952148      40       0      19
  532 12836442.95648605 287318514.08426267   -542.94952149      30       0      16
  533     33.49155948    -45.40376004   -542.94952147      20       0      19
  534     26.56913416   -151.01052140   -542.94952149      16       0      23
  535     27.85866364   -138.96992159   -542.94952149      25       0      20
  536 2372181.95605352 53096188.59074717   -542.94952148      25       0      23
  537     49.71778729    -21.39159425   -542.94952149      25       0      31
  538 67592563.37334925 1512928814.26418281   -542.94952148      30       0      25
  539     34.12793069   -133.27206798   -542.94952148      31       0      29
  540     37.36173161    -57.36661950   -542.94952149      30       0      26
  541     29.91879348   -156.21453296   -542.94952147      32       0      34
  542     47.58995855    -74.30723581   -542.94952149      36       0      36
  543     46.16242528    -54.68385630   -542.94952149      38       0      44
  544 7547123.97713793 168927302.96678036   -542.94952149      45       0      40
  545 733032.50801665 16406987.90978046   -542.94952149      44       0      43
  546     32.13041192    -43.52729367   -542.94952149      51       0      31
  547     47.57070860    -31.75585881   -542.94952149      48       0      34
  548     42.20588816    -71.12177219   -542.94952149      42       0      25
  549 70418458.35937907 1576181030.97482705   -542.94952149      34       0      17
  550     21.77891815   -124.17202905   -542.94952149      23       0      17
  551     34.64313934    -84.72539803   -542.94952145      22       0      21
  552     23.85471512   -223.15185819   -542.94952149      22       0      24
  553     23.19221459   -249.22072746   -542.94952147      25       0      21
  554     22.05606253   -348.48393372   -542.94952147      24       0      29
  555     34.99455281    -77.75483746   -542.94952149      30       0      26
  556     42.36401853    -42.93279117   -542.94952149      30       0      27
  557     49.65786893    -38.66135199   -542.94952147      27       0      29
  558     35.58820432    -38.10711243   -542.94952149      30       0      32
  559     33.59154477    -61.66936360   -542.94952149      37       0      34
  560     38.36287530   -107.77487537   -542.94952147      39       0      46
  561 345292720.10592937 7728711989.60894680   -542.94952147      47       0      35
  562     37.87511204    -78.56745515   -542.94952149      41       0      40
  563 119092463.45219289 2665654897.66912174   -542.94952146      47       0      32
  564 22400180.94341781 501384374.44170296   -542.94952148      47       0      39
  565     50.83574230    -42.09802313   -542.94952149      41       0      28
  566     31.21494663    -39.35635535   -542.94952147      36       0      17
  567     28.73834900    -86.05285861   -542.94952148      23       0      20
  568     29.22521753    -92.41266917   -542.94952147      24       0      18
  569     46.86182799    -80.78964583   -542.94952147      19       0      23
  570     31.09534161    -90.72944505   -542.94952147      25       0      24
  571     31.94424753    -48.09172025   -542.94952147      23       0      26
  572     39.91580360   -110.99664990   -542.94952149      23       0      29
  573     45.99594467    -62.62742137   -542.94952149      30       0      25
  574 3177061.52288816 71111868.29139820   -542.94952147      31       0      27
  575 16922210.19992722 378770549.71450227   -542.94952148      29       0      33
  576     30.70976239    -65.25794902   -542.94952148      36       0      35
  577 708392.53679672 15855470.08992735   -542.94952147      37       0      39
  578   9546.01980674 213133.18569833   -542.94952148      45       0      40
  579     40.24328895    -50.17914569   -542.94952148      42       0      35
  580     52.76598602    -45.37853187   -542.94952148      41       0      36
  581 617534.56631872 13821787.24420367   -542.94952148      40       0      41
  582     40.96267309    -77.28548069   -542.94952148      41       0      29
  583     31.47701661    -76.10031997   -542.94952148      36       0      17
  584     18.93985353   -228.05341134   -542.94952147      29       0      21
  585     25.93931284   -137.90473210   -542.94952147      25       0      18
  586 6427846.16438613 143874418.64863223   -542.94952148      22       0      25
  587     38.24324602    -78.80502404   -542.94952148      26       0      22
  588     36.81177235    -37.70143376   -542.94952148      26       0      27
  589   1356.14190805  29810.73742450   -542.94952147      28       0      26
  590 1512700.88379085 33858359.85682251   -542.94952148      23       0      27
  591     43.06769158    -20.29459290   -542.94952147      34       0      26
  592     55.38999187    -32.32028811   -542.94952148      30       0      33
  593 376592.80537274 8428772.84222261   -542.94952148      36       0      33
  594     40.23755757    -99.28640222   -542.94952148      32       0      39
  595     54.38294375    -45.25229798   -542.94952148      46       0      39
  596     52.81440956    -35.36751315   -542.94952148      49       0      39
  597     54.21908700    -34.91598230   -542.94952149      42       0      36
  598 10216917.38600413 228685485.73715067   -542.94952148      45       0      34
  599     50.33258995    -35.38312840   -542.94952148      40       0      33
  600     29.06303821   -125.89707788   -542.94952148      39       0      19
  601     37.31906289   -103.08739400   -542.94952148      24       0      21
  602     35.81344774    -51.58436254   -542.94952148      25       0      19
  603     30.62848320   -157.18921074   -542.94952148      21       0      23
  604     32.05817227    -75.81271055   -542.94952149      21       0      25
  605     29.93787297   -163.89215523   -542.94952147      28       0      27
  606     24.13952764   -239.79644789   -542.94952148      26       0      24
  607     36.98311030    -86.50148274   -542.94952147      25       0      26
  608     36.04068986   -109.95236338   -542.94952148      26       0      28
  609     27.59375473   -138.80221055   -542.94952148      33       0      32
  610 2401948.80475094 53762463.47851502   -542.94952148      30       0      30
  611     39.45200008   -108.60612300   -542.94952148      36       0      35
  612 150036440.38605124 3358276221.22384453   -542.94952148      44       0      42
  613 2953908.45242474 66117020.47046645   -542.94952147      40       0      40
  614     42.13158232    -55.79544251   -542.94952147      45       0      36
  615     46.23677327    -46.94069658   -542.94952142      43       0      37
  616     34.83787062   -108.80906092   -542.94952149      40       0      29
  617     31.62178830   -103.64108243   -542.94952149      38       0      25
  618     23.65255250   -154.49206963   -542.94952149      26       0      20
  619     79.08803716   1120.05156202   -542.94952149      27       0      21
  620     33.78312130   -122.67565308   -542.94952148      24       0      21
  621     41.70074019    -38.64954118   -542.94952148      25       0      25
  622     46.99066637    -62.62645306   -542.94952149      28       0      29
  623     29.74787950    -40.49350145   -542.94952148      29       0      22
  624     42.34924090    -27.80261694   -542.94952149      29       0      27
  625     37.15898393   -148.94882480   -542.94952149      29       0      25
  626     44.07911586    -61.85288146   -542.94952149      28       0      31
  627     48.86150695    -31.95017632   -542.94952149      32       0      31
  628     46.98610754    -31.28742372   -542.94952149      38       0      37
  629     45.90222351    -29.86616223   -542.94952148      41       0      38
  630 23372384.93190810 523145290.86709553   -542.94952149      43       0      41
  631 4918070.27772506 110080999.44292039   -542.94952148      45       0      37
  632     39.48651634    -25.08103011   -542.94952149      48       0      36
  633     46.65948836    -53.23798224   -542.94952148      43       0      32
  634     40.73277735    -88.31398996   -542.94952149      42       0      21
  635     32.77517006   -119.97461706   -542.94952149      27       0      22
  636     39.37519308    -84.27581810   -542.94952148      23       0      22
  637     27.54621333   -161.35384766   -542.94952149      25       0      21
  638     33.10184684   -100.42597602   -542.94952149      23       0      25
  639     42.04771769    -71.39061344   -542.94952149      26       0      28
  640     39.60635859    -18.77427054   -542.94952148      27       0      23
  641     54.20927943    -48.66769294   -542.94952148      29       0      30
  642     24.17614383   -108.16322142   -542.94952149      33       0      19
  643     38.13963568   -121.45911710   -542.94952148      21       0      28
  644     45.85925147    -63.26974252   -542.94952148      29       0      33
  645     58.10259960    -41.63641152   -542.94952148      34       0      39
  646     49.95216959    -55.68839110   -542.94952148      34       0      39
  647     44.70105635    -82.56899038   -542.94952149      56       0      38
  648     49.35437989    -62.88195253   -542.94952148      40       0      37
  649     42.67303234    -52.94871670   -542.94952149      41       0      36
  650     51.80449360    -27.02901214   -542.94952149      44       0      33
  651     30.48030804    -36.90893390   -542.94952148      41       0      26
  652     30.88272948    -47.15144138   -542.94952149      30       0      22
  653     39.61762772    -42.02376403   -542.94952149      29       0      21
  654     36.75739255    -49.06975392   -542.94952149      25       0      21
  655     24.23828475   -180.05238321   -543.50589024      28       0      23
  656     32.37668930   -162.69677192   -543.50589024      21     236      18
  657     22.56189412    -85.47634079   -543.50589024     105       5      16
  658     36.07066123    -73.58059334   -543.50589023     124       0      20
  659     32.53519838    -67.84140159   -543.50589023     103       0      29
  660     26.37225261   -201.06340404   -543.50589023      53       0      19
  661     46.63104510    -41.56807403   -543.50589023      28       0      26
  662 17443843.75792084 390446308.10629994   -543.50589024      28       0      32
  663 54852451.81625836 1227765956.18531179   -543.50589023      34       0      34
  664 17576367.33452278 393412594.81326026   -543.50589023      40       0      36
  665     36.33306035    -72.99466230   -543.50589023      36       0      38
  666     51.81904239    -59.04158363   -543.50589023      43       0      42
  667     24.02821298   -295.34491012   -543.50589024      44       0      37
  668 96947783.37060930 2169988875.94828320   -543.50589023      50       0      27
  669     32.82680989   -105.74805602   -543.50589023      28       0      33
  670     35.27157259    -48.76315922   -543.50589023      34       0      22
  671     37.04006764    -46.76790713   -543.50589023      33       0      22
  672     36.18716661    -89.82253515   -543.50589022      25       0      23
  673     48.10247501    -31.36994228   -543.50589024      24       0      30
  674     31.29285783    -59.38713380   -543.50589022      33       0      19
  675     42.11429854    -67.41740742   -543.50589023      26       0      23
  676     43.39827382    -55.02954845   -543.50589023      23       0      34
  677     18.61605516   -301.16274526   -543.50589022      34       0      20
  678     44.79229421    -53.03682777   -543.50589022      25       0      24
  679     46.59544600    -51.09151241   -543.50589023      22       0      32
  680     49.83526556    -67.11317357   -543.50589022      33       0      35
  681     35.09482470    -35.91348498   -543.50589024      37       0      34
  682     53.03571828    -65.75406925   -543.50589022      42       0      39
  683     39.61820640    -80.62995508   -543.50589023      41       0      36
  684     39.20557154   -117.34015389   -543.50589023      39       0      44
  685     38.01960443    -67.15850745   -543.50589024      49       0      25
  686     43.82343965    -35.23677494   -543.50589024      41       0      33
  687     28.65353050    -82.87919395   -543.50589024      31       0      25
  688     36.25061096    -69.45761539   -543.50589023      31       0      21
  689     39.93212174    -44.68274847   -543.50589024      20       0      21
  690     45.44163867    -16.09667183   -543.50589024      25       0      34
  691     35.38787559    -69.13176157   -543.50589024      33       0      20
  692     32.21128416    -44.62166781   -543.50589023      28       0      21
  693     37.37587125   -105.26720716   -543.50589024      22       0      33
  694     38.43115202    -50.02791760   -543.50589021      34       0      22
  695     42.51485335    -66.79106103   -543.50589021      26       0      25
  696 94842810.67323677 2122873119.36651444   -543.50589023      28       0      27
  697     49.15173330    -46.22874880   -543.50589024      28       0      32
  698     36.75983407    -57.30498535   -543.50589023      33       0      39
  699     48.90307923    -30.10761127   -543.50589023      42       0      40
  700     51.35701371    -65.45929546   -543.50589024      49       0      31
  701     40.71630123    -82.18786866   -543.50589022      33       0      41
  702 12644109.79925624 283013510.91896176   -543.50589023      43       0      33
  703 214262.35144300 4795313.58348269   -543.50589023      43       0      34
  704     31.70574723    -99.02671445   -543.50589023      33       0      25
  705     31.66473608    -87.82298776   -543.50589023      34       0      20
  706     24.08277088   -122.31549646   -543.50589023      26       0      22
  707     57.91980140    -24.74624444   -543.50589023      22       0      29
  708     34.05697625   -143.29460421   -543.50589023      31       0      26
  709     17.88417095   -314.76453176   -543.50589023      31       0      19
  710     48.48602476    -32.81305394   -543.50589023      25       0      31
  711     46.09593834    -52.52563564   -543.50589023      33       0      24
  712     35.82716691    -54.94620405   -543.50589023      28       0      25
  713     42.83959977    -46.94921755   -543.50589023      29       0      28
  714     27.97965579   -138.39844484   -543.50589023      34       0      25
  715     50.69200564    -45.13917709   -543.50589023      28       0      40
  716 28826406.29969327 645223164.96465003   -543.50589022      42       0      43
  717     42.75741511   -117.07006609   -543.50589022      45       0      32
  718     51.84678398    -73.41963090   -543.50589023      47       0      36
  719     50.57514091    -38.03444078   -543.50589023      42       0      34
  720     52.23056272    -45.46466972   -543.50589023      41       0      39
  721  18401.93728121 411354.42342140   -543.50589022      50       0      26
  722     18.14440920   -218.44363880   -543.50589023      35       0      19
  723 40960488.89092753 916821118.45476961   -543.50589023      25       0      22
  724     49.99788021    -28.97021431   -543.50589022      22       0      26
  725     31.03387430    -52.18314287   -543.50589023      27       0      26
  726     41.49179748   -109.61684325   -543.50589022      26       0      22
  727     16.79899257   -378.58573388   -543.50589022      25       0      27
  728     37.55355805    -70.16037029   -543.50589023      28       0      24
  729 115642382.38514496 2588230934.16043615   -543.50589022      29       0      28
  730     32.34820439   -143.24527553   -543.50589023      27       0      27
  731     32.66613615   -132.74810103   -543.50589023      34       0      25
  732     52.89855363    -55.71889937   -543.50589022      29       0      35
  733     54.91915573    -47.16614130   -543.50589022      34       0      46
  734     40.18780061    -88.22984953   -543.50589023      45       0      30
  735 74063106.06805916 1657759453.26240134   -543.50589023      42       0      37
  736     51.58974649    -51.21214034   -543.50589023      42       0      31
  737     48.84631344    -39.53579786   -543.50589023      36       0      40
  738     56.19898163    -48.13404937   -543.50589023      41       0      34
  739 21902120.30084039 490236243.22329640   -543.50589023      39       0      18
  740  11252.92903982 251335.77272642   -543.50589022      30       0      22
  741     45.64659318    -36.76502464   -543.50589022      26       0      28
  742     42.80850313    -45.11443816   -543.50589023      31       0      24
  743 25671040.03583023 572872678.40521753   -543.50589022      27       0      21
  744     43.54159102    -44.60038802   -543.50589023      24       0      27
  745 2814825.91087190 63003920.24007891   -543.50589023      29       0      24
  746     43.34479439    -43.20287436   -543.50589023      30       0      28
  747     37.95994458    -45.01354245   -543.56106515      33       1      26
  748     31.29139463   -123.04970750   -543.56106515      29     251      17
  749     28.04931100   -122.57515548   -543.56106519     115       0      18
  750     37.56043803   -139.00391909   -543.56106507     133       0      28
  751 76962901.18523006 1720851198.08455873   -543.56106524      82       0      36
  752     49.90572627    -32.91882555   -543.56106524      42       0      31
  753 978725.09089176 16766795.31819488   -543.56106510      41       0      40
  754     33.70559263    -67.57398410   -543.56106521      43       0      30
  755     43.78076500    -58.24281334   -543.56106517      42       0      38
  756     55.06357842    -36.29216350   -543.56106517      50       0      35
  757     40.09171723    -61.34119991   -543.56106524      39       0      22
  758     33.22056022    -88.36142638   -543.56106516      39       0      21
  759 749495.22483984 16775468.01536018   -543.56106521      24       0      25
  760     45.51731985    -29.52333644   -543.56106521      28       0      30
  761 121653.72522378 2722446.02442595   -543.56106510      33       0      21
  762     19.49983564   -319.14901834   -543.56106496      27       0      24
  763 414982493.10024661 9288583335.21861458   -543.56106518      27       0      23
  764     30.40961549   -168.86041066   -543.56106518      22       0      29
  765     40.11381509    -89.77092153   -543.56106523      29       0      40
  766     38.20255862    -71.35565985   -543.56106518      43       0      20
  767     26.33979867    -42.84101706   -543.56106513      28       0      31
  768     32.74431896    -72.19333266   -543.56106496      33       0      30
  769 28341569.88053804 634370919.41309488   -543.56106496      37       0      32
  770     45.66132452    -26.70700212   -543.56106496      32       0      38
  771 54812210.79224690 1226865237.88256788   -543.56106523      41       0      33
  772 89481328.74447502 2002866674.54764867   -543.56106522      41       0      41
  773     55.80002591    -53.11588274   -543.56106510      45       0      30
  774     46.65106522    -63.92322932   -543.56106514      38       0      29
  775     36.95279710    -76.57856285   -543.56106523      36       0      22
  776     44.77527536    -53.77750569   -543.56106503      27       0      25
  777     42.29659136    -41.82673105   -543.56106518      26       0      27
  778     23.57646273   -236.22179338   -543.56106514      28       0      22
  779     25.81897535   -118.38288408   -543.56106525      24       0      27
  780     29.41905891    -29.10823425   -543.56106503      26       0      22
  781     30.57909660   -174.89730617   -543.56106523      24       0      26
  782     32.65483463   -128.43769820   -543.56106503      29       0      40
  783     26.42375726    -42.41379715   -543.56106523      39       0      22
  784     34.06832469   -106.53285276   -543.56106518      27       0      28
  785     63.33814906    -47.98796996   -543.56106514      27       0      34
  786     45.98211855    -75.86382633   -543.56106514      34       0      28
  787 233230526.57605737 5220415612.82228565   -543.56106517      34       0      38
  788     38.31887187    -45.71529783   -543.56106503      43       0      35
  789 2726931.71168970 61036584.50665440   -543.56106515      41       0      39
  790 22379688.93919008 500860830.16344506   -543.56106503      35       0      31
  791     44.28592207    -83.21346233   -543.56106505      38       0      31
  792 440003.29590210 9848087.29884102   -543.56106515      37       0      25
  793     49.14725279    -58.47122131   -543.56106488      28       0      23
  794     35.77022939    -47.01175310   -543.56106503      26       0      27
  795     29.65574843   -110.74010258   -543.56106522      31       0      23
  796     32.43444237   -118.19617080   -543.56106505      29       0      26
  797     31.43126409   -123.85345771   -543.56106520      26       0      21
  798     48.77679264    -45.52860642   -543.56106488      23       0      28
  799 141491.07745558 3166469.08299921   -543.56106522      30       0      39
  800     19.87682110   -272.48930561   -543.56106510      38       0      24
  801     31.99720034   -144.13933444   -543.56106522      35       0      25
  802 47475662.87864467 1062650743.31867504   -543.56106515      29       0      31
  803     32.55606180    -26.04465206   -543.56106522      35       0      32
  804 279708031.69776583 6260725050.05777454   -543.56106505      32       0      34
  805 964887.12357198 21596609.71295494   -543.56106508      37       0      41
  806     40.10221650    -21.22199294   -543.56106507      42       0      34
  807     37.98253358    -61.89469769   -543.56106513      45       0      30
  808 126235521.63073133 2825538497.09057188   -543.56106508      39       0      34
  809     48.90292393    -42.57314250   -543.56106508      38       0      25
  810     29.01611025   -190.14915694   -543.56106511      32       0      23
  811     41.63293761    -43.14615326   -543.56106513      30       0      27
  812     32.01215764    -65.07180004   -543.56106508      33       0      25
  813     41.68953965    -19.83271893   -543.56106510      27       0      26
  814     21.36053948   -264.13145431   -543.56106504      25       0      19
  815     26.21906652   -141.98858469   -543.56106508      26       0      27
  816     37.56901717    -74.06637780   -543.56106522      29       0      36
  817     39.48157683    -81.46764734   -543.56106511      35       0      27
  818     35.70924858   -102.15071652   -543.56106522      34       0      27
  819 2515547.52365813 56305148.82975258   -543.56106510      32       0      29
  820     37.07385236    -61.80330161   -543.56106511      29       0      30
  821     37.98387706    -69.75424968   -543.56106511      35       0      34
  822 5833426.60880632 130569485.11091360   -543.56106504      35       0      40
  823     42.23329738    -38.12856030   -543.56106513      42       0      35
  824     38.21683817    -42.07506990   -543.56106517      36       0      31
  825     28.08089416   -157.99261450   -543.56106516      36       0      36
  826 24287097.69355669 543619368.21563494   -543.56106512      32       0      23
  827     30.59503418    -81.32460601   -543.56106513      29       0      22
  828     43.31149524    -39.30205849   -543.56106515      25       0      31
  829     34.86293638    -57.68376192   -543.56106510      29       0      23
  830     32.42997690   -128.81986482   -543.56106514      24       0      27
  831     42.02037679    -35.13594297   -543.56106513      32       0      22
  832     28.56668707   -122.68213544   -543.56106513      25       0      25
  833     45.67362027    -44.23837482   -543.56106515      25       0      33
  834     37.76902398   -117.61718056   -543.56106513      34       0      28
  835 354400653.43913591 7932577736.15890408   -543.56106513      31       0      29
  836     33.84645528    -44.95185047   -543.56106512      32       0      26
  837     47.94183628    -31.52204108   -543.56106512      30       0      33
  838     34.62095922   -155.87568232   -543.56106512      39       0      33
  839     42.49304220    -64.50308778   -543.56106515      35       0      41
  840     27.54245055   -140.37761632   -543.56106511      48       0      36
  841 9905098.92857130 221706027.39987555   -543.56106514      39       0      31
  842     39.42159636    -62.89950975   -543.56106514      38       0      35
  843     36.36577964   -115.39089974   -543.56106511      42       0      23
  844     19.89753233   -319.94789754   -543.56106513      25       0      22
  845     35.37249269    -21.00983407   -543.56106513      29       0      32
  846     37.96471777    -54.92654392   -543.56106514      36       0      21
  847     36.33364616   -114.60365231   -543.56106515      25       0      29
  848 12960271.66762882 290090182.32437211   -543.56106514      31       0      22
  849     32.03037242   -142.00505233   -543.56106514      26       0      25
  850     45.92214837    -36.76573877   -543.56106514      29       0      30
  851     38.72328039    -54.68780355   -543.56106514      28       0      27
  852  59386.48021531 1328713.24499231   -543.56106515      31       0      30
  853     39.65100780    -65.77834328   -543.56106514      31       0      26
  854     33.77514974    -45.87953226   -543.56106513      29       0      31
  855     45.73387109    -37.99772847   -543.56106514      28       0      35
  856 162865374.78868696 3644297528.97693300   -543.56106514      39       0      39
  857     35.00873827   -118.81364121   -543.56106515      45       0      38
  858     33.13903685    -49.07823357   -543.56106513      44       0      25
  859     41.19270716    -67.60689638   -543.56106514      32       0      43
  860     49.15973287    -39.10366322   -543.56106515      37       0      21
  861     41.39671024    -91.52186587   -543.56106514      30       0      24
  862     27.28451377    -63.64177607   -543.56106514      30       0      32
  863     42.96392454    -45.83280341   -543.56106514      33       0      20
  864     45.20584071    -25.68791834   -543.56106513      26       0      27
  865     40.13086325    -69.86876915   -543.56106515      30       0      25
  866 337213.52299768 7547336.93243423   -543.56106514      27       0      26
  867     37.29071840    -70.26385024   -543.56106514      31       0      28
  868     29.17816075    -14.33134932   -543.56106514      29       0      28
  869     44.93527001    -43.54226525   -543.56106515      29       0      31
  870     29.30141260   -126.22087163   -543.56106513      31       0      26
  871     36.11362087   -193.31343105   -543.56106514      30       0      29
  872 1536029.39237060 34380525.49944581   -543.56106514      35       0      32
  873     29.61673487   -100.86704854   -543.56106515      32       0      36
  874     43.35347616    -55.97307634   -543.56106514      36       0      40
  875     43.40385083    -96.73919073   -543.56106514      38       0      31
  876     46.69108479    -33.97760965   -543.56106514      42       0      39
  877     27.11039966   -172.06014736   -543.56106508      41       0      24
  878     36.64909980   -106.37902505   -543.56106513      33       0      24
  879     29.65681696    -59.89225154   -543.56106511      32       0      33
  880     19.06165649   -268.77383345   -543.56106513      32       0      18
  881     36.37687942    -43.50173648   -543.56106514      27       0      27
  882     55.11564225    -38.75226119   -543.56106514      30       0      25
  883     40.25901847    -58.99785767   -543.56106513      26       0      26
  884     34.41077060   -131.46673864   -543.56106513      25       0      29
  885     38.71661291   -132.74105719   -543.56106514      31       0      28
  886 8696637.21565270 194656938.21082711   -543.56106514      33       0      29
  887 40031783.78902224 769700348.67125905   -543.56106514      32       0      28
  888 1005155.66325352 22497937.73767721   -543.56106513      36       0      29
  889     48.66445701    -62.97775831   -543.56106514      33       0      32
  890     57.83974648    -24.15380214   -543.56106506      37       0      34
  891     46.66002681     49.62962413   -543.56106513      38       0      36
  892     67.92311151    -22.29359964   -543.56106513      40       0      34
  893 19508193.75996593 436652809.87730318   -543.56106513      36       0      38
  894     44.25799024    -76.45867333   -543.56106513      40       0      28
  895 10555172.12778107 236256663.13590941   -543.56106513      42       0      23
  896     39.41258028    -74.46333343   -543.56106514      27       0      33
  897     37.75954781   -110.26234699   -543.56106513      37       0      19
  898     42.99126643    -65.43013104   -543.56106513      22       0      27
  899     25.26760529   -249.71702870   -543.56106513      23       0      27
  900     25.34245727   -235.53794964   -543.56106513      29       0      21
  901     32.80033359    -76.10151009   -543.56106512      24       0      29
  902     30.77200197   -108.07615148   -543.56106514      24       0      29
  903 1210781.52897679 27100475.68536218   -543.56106514      38       0      30
  904     19.89621294   -313.22583998   -543.56106513      32       0      24
  905     43.34958542    -78.53876302   -543.56106510      27       0      32
  906     44.71415467    -51.38011140   -543.56106513      33       0      28
  907     54.36789517    282.68624847   -543.56106512      28       0      38
  908     55.84191993    -40.56232119   -543.56106510      41       0      38
  909     35.48106681    -44.48944680   -543.56106513      39       0      31
  910     49.31267784    -65.94285691   -543.56106513      40       0      34
  911     43.06193923    -39.39824680   -543.56106513      43       0      34
  912     37.27710504   -155.35001557   -543.56106513      34       0      23
  913     42.46547614    -33.05598174   -543.56106513      35       0      35
  914     37.95773063    -52.55400408   -543.56106513      38       0      20
  915     32.41203061   -118.82125947   -543.56106513      25       0      27
  916     55.15099091    -21.58334566   -543.56106513      22       0      25
  917     35.58064805    -55.47759367   -543.56106513      32       0      21
  918     29.11248985    -47.78497768   -543.56106513      18       0      30
  919     28.20801486    -20.66565703   -543.56106525      34       0      28
  920     32.86788037   -108.38947568   -543.56106513      32       0      27
  921     41.36924528    -81.46166219   -543.56106513      27       0      28
  922     46.89537707    -22.97094092   -543.56106513      31       0      31
  923     29.77275659   -149.93644953   -543.56106513      32       0      29
  924     48.41264213    -48.44485799   -543.56106513      32       0      33
  925     39.32412281    -40.82066310   -543.56106513      35       0      38
  926     30.65759450   -238.14114341   -543.56106513      40       0      29
  927     46.13940421   -118.97196634   -543.56106513      37       0      39
  928 2243653.42826651 50219327.92756796   -543.56106513      36       0      31
  929     38.78836442    -82.53839665   -543.56106511      39       0      23
  930     38.14167940   -108.50272156   -543.56106512      29       0      39
  931     30.20676229   -129.97629258   -543.56106511      43       0      22
  932     25.13004910   -197.04819399   -543.56106513      36       0      25
  933     42.01665389    -54.62682749   -543.56106513      28       0      25
  934     39.73216875    -33.95327411   -543.56106513      28       0      22
  935     52.37689171    -34.03034232   -543.56106510      23       0      28
  936     27.37670050    -86.15457375   -543.56106513      32       0      29
  937     29.05371754    -86.15457375   -543.56106513      31       0      27
  938     37.64858680    -86.60237963   -543.56106513      30       0      26
  939   9146.04418935 204179.50219762   -543.56106513      28       0      34
  940     28.54120680   -157.80745395   -543.56106513      33       0      25
  941     35.82568661   -110.06666067   -543.56106513      33       0      35
  942     30.74245695   -150.87851437   -543.56106513      35       0      37
  943 358441.03692868 8022482.78619572   -543.56106513      42       0      30
  944 62864928.34760324 1407109810.40248942   -543.56106513      39       0      36
  945     29.16687487   -216.87068459   -543.56106512      37       0      32
  946     47.65011592    -55.00415385   -543.56106513      37       0      24
  947     31.60109385   -200.25675900   -543.56106512      36       0      34
  948     62.73698150    -37.30094742   -543.56106512      43       0      30
  949     31.06515647    -71.52352848   -543.56106513      36       0      23
  950     31.86668899    -77.65890275   -543.56106512      25       0      26
  951     20.14497780   -214.78478921   -543.56106513      29       0      21
  952     40.92185401    -34.45670532   -543.56106512      22       0      25
  953 22850912.95580181 511473140.37757736   -543.56106513      28       0      33
  954 76384953.36898014 1709729528.84321833   -543.56106513      31       0      25
  955     40.21656347    -93.89346392   -543.56106513      31       0      27
  956 16897776.10743495 378223641.14390308   -543.56106513      26       0      35
  957     25.94804914   -155.10120392   -543.56106512      38       0      22
  958     45.84999713    -33.98012546   -543.56106512      29       0      36
  959     42.86313063    -65.48746084   -543.56106513      38       0      35
  960     44.14284773   -123.09868126   -543.56106512      38       0      32
  961     48.29064483    -29.60964089   -543.56106512      38       0      31
  962     46.26809792    -35.15620938   -543.56106513      34       0      32
  963  30719.03658699 687047.75041488   -543.56106512      32       0      31
  964     49.32528878   -106.24169207   -543.56106512      36       0      30
  965     46.27657463    -81.13332928   -543.56106513      40       0      32
  966     40.67356692    -19.57655302   -543.56106512      32       0      25
  967     45.12634575    -52.85355879   -543.56106513      30       0      26
  968     36.77194321    -27.40992384   -543.56106513      26       0      23
  969 50407190.44307337 1128267340.40065670   -543.56106513      23       0      23
  970     57.00951198    268.92647598   -543.56106513      26       0      32
  971     31.01713859    -87.46748577   -543.56106512      38       0      26
  972 165803644.07056499 3711194704.00628328   -543.56106513      31       0      26
  973     44.79905787    -38.39214265   -543.56106513      30       0      33
  974     42.38442900    -13.39511497   -543.56106513      34       0      24
  975     46.66166669    -44.48457774   -543.56106513      32       0      37
  976 4086558.69453265 91469210.82115795   -543.56106513      39       0      31
  977     45.21370877    -69.39645688   -543.56106512      35       0      33
  978     44.66041457    -67.50325220   -543.56106512      37       0      33
  979     37.74183920   -150.36420626   -543.56106513      32       0      28
  980     45.40057105    -50.96229099   -543.56106513      38       0      34
  981     44.21805757    -41.35293871   -543.56106513      43       0      32
  982     32.00211496   -168.18041838   -543.56106513      37       0      31
  983     44.86854828    -54.11065812   -543.56106513      29       0      26
  984     40.13261056    -57.63693077   -543.56106512      34       0      27
  985     43.07888856    -39.27064373   -543.56106512      31       0      23
  986     44.67486162    -53.14949466   -543.56106513      25       0      19
  987     25.06593879   -142.18848337   -543.56106513      24       0      28
  988     19.40852167   -334.07932692   -543.56106513      28       0      34
  989 94019804.50896823 2104451707.90067220   -543.56106513      37       0      25
  990     48.50381967    -48.09886027   -543.56106512      33       0      31
  991     43.16750833    -45.90630274   -543.56106513      30       0      23
  992     51.76651125    140.43041906   -543.56106513      30       0      38
  993     42.10266689    -45.47757303   -543.56106512      33       0      29
  994     28.95096597   -233.36818795   -543.56106512      37       0      36
  995     41.19098866    -81.99056340   -543.56106513      39       0      30
  996     39.02015059    -81.99056340   -543.56106512      39       0      28
  997     37.99749327    -48.27980522   -543.56106513      33       0      35
  998     36.78010940    -37.32073526   -543.56106513      38       0      30
  999     71.87275189    849.71952346   -543.56106512      41       0      38
 1000     30.02011078   -145.53977419   -543.56106511      43       0      23
----------------------------------------------------------------------------------
Artificial Bee Colony Optimization Finished!

 -- Results Report --
 * 100 LMs will be saved in [ lm-LM ].
      #          Energy
      0   -543.56106512
      1   -543.50589024
      2   -542.94952149
      3   -542.16045998
      4   -541.80354321
      5   -541.67656859
      6   -541.27931861
      7   -540.81338366
      8   -540.57670428
      9   -540.49809180
     10   -540.12292126
     11   -540.04993482
     12   -539.89113353
     13   -539.81755622
     14   -539.66269732
     15   -539.59711086
     16   -539.57173535
     17   -539.35973194
     18   -539.31055664
     19   -539.30283492
     20   -539.27114978
     21   -539.27047660
     22   -539.18209132
     23   -539.11729431
     24   -539.07973752
     25   -538.85373853
     26   -538.76213760
     27   -538.75484732
     28   -538.63264919
     29   -538.63252503
     30   -538.28582476
     31   -538.26124177
     32   -538.15305527
     33   -538.08507544
     34   -538.04755080
     35   -537.90683515
     36   -537.84078294
     37   -537.82746360
     38   -537.80691747
     39   -537.61741410
     40   -537.59394745
     41   -537.56205392
     42   -537.53669937
     43   -537.48500577
     44   -537.39779014
     45   -537.33407416
     46   -537.33335784
     47   -537.24878926
     48   -537.06276493
     49   -536.89735565
     50   -536.87931154
     51   -536.81655753
     52   -536.60111140
     53   -536.57340462
     54   -536.55610694
     55   -536.52939547
     56   -536.51818497
     57   -536.48471655
     58   -536.47848870
     59   -536.46164291
     60   -536.37112588
     61   -536.36234410
     62   -536.35609999
     63   -536.35267329
     64   -536.31997955
     65   -536.29072086
     66   -536.28339921
     67   -536.27245597
     68   -536.25780871
     69   -536.23049064
     70   -536.15535507
     71   -536.07306885
     72   -535.96222747
     73   -535.95829753
     74   -535.88033946
     75   -535.74011611
     76   -535.70282931
     77   -535.69260928
     78   -535.68769595
     79   -535.66149326
     80   -535.59873023
     81   -535.56010594
     82   -535.53808774
     83   -535.52421805
     84   -535.50809393
     85   -535.49561870
     86   -535.43852863
     87   -535.42282414
     88   -535.41952241
     89   -535.35798539
     90   -535.31454190
     91   -535.30200980
     92   -535.29590398
     93   -535.28909902
     94   -535.28294722
     95   -535.27275060
     96   -535.17735182
     97   -535.13693876
     98   -535.12410332
     99   -535.09741125

 * Final Global Minimal Energy:   -543.56106515
 * The Global Minimum is saved as: [ lm-OPT.(cluster/xyz/gjf) ]

===== (^ _ ^) =====
Normal termination at Wed May  6 22:40:14 2020.
Total run time: 44966 seconds = 0 days 12 hours 29 minutes 26 seconds.
